[2024-09-03T16:49:56.219+0000] {processor.py:186} INFO - Started process (PID=78) to work on /home/airflow/.local/lib/python3.12/site-packages/airflow/example_dags/example_task_group.py
[2024-09-03T16:49:56.228+0000] {processor.py:914} INFO - Processing file /home/airflow/.local/lib/python3.12/site-packages/airflow/example_dags/example_task_group.py for tasks to queue
[2024-09-03T16:49:56.239+0000] {logging_mixin.py:190} INFO - [2024-09-03T16:49:56.239+0000] {dagbag.py:587} INFO - Filling up the DagBag from /home/airflow/.local/lib/python3.12/site-packages/airflow/example_dags/example_task_group.py
[2024-09-03T16:49:56.286+0000] {processor.py:925} INFO - DAG(s) 'example_task_group' retrieved from /home/airflow/.local/lib/python3.12/site-packages/airflow/example_dags/example_task_group.py
[2024-09-03T16:49:56.587+0000] {logging_mixin.py:190} INFO - [2024-09-03T16:49:56.584+0000] {override.py:1858} INFO - Created Permission View: can delete on DAG:example_task_group
[2024-09-03T16:49:56.613+0000] {logging_mixin.py:190} INFO - [2024-09-03T16:49:56.612+0000] {override.py:1858} INFO - Created Permission View: can edit on DAG:example_task_group
[2024-09-03T16:49:56.620+0000] {logging_mixin.py:190} INFO - [2024-09-03T16:49:56.620+0000] {override.py:1858} INFO - Created Permission View: can read on DAG:example_task_group
[2024-09-03T16:49:56.621+0000] {logging_mixin.py:190} INFO - [2024-09-03T16:49:56.621+0000] {dag.py:3211} INFO - Sync 1 DAGs
[2024-09-03T16:49:56.660+0000] {logging_mixin.py:190} INFO - [2024-09-03T16:49:56.659+0000] {dag.py:3234} INFO - Creating ORM DAG for example_task_group
[2024-09-03T16:49:56.685+0000] {logging_mixin.py:190} INFO - [2024-09-03T16:49:56.685+0000] {dag.py:4138} INFO - Setting next_dagrun for example_task_group to 2024-09-02 00:00:00+00:00, run_after=2024-09-03 00:00:00+00:00
[2024-09-03T16:49:56.816+0000] {processor.py:208} INFO - Processing /home/airflow/.local/lib/python3.12/site-packages/airflow/example_dags/example_task_group.py took 0.620 seconds
[2024-09-03T16:50:27.404+0000] {processor.py:186} INFO - Started process (PID=141) to work on /home/airflow/.local/lib/python3.12/site-packages/airflow/example_dags/example_task_group.py
[2024-09-03T16:50:27.405+0000] {processor.py:914} INFO - Processing file /home/airflow/.local/lib/python3.12/site-packages/airflow/example_dags/example_task_group.py for tasks to queue
[2024-09-03T16:50:27.407+0000] {logging_mixin.py:190} INFO - [2024-09-03T16:50:27.407+0000] {dagbag.py:587} INFO - Filling up the DagBag from /home/airflow/.local/lib/python3.12/site-packages/airflow/example_dags/example_task_group.py
[2024-09-03T16:50:27.414+0000] {processor.py:925} INFO - DAG(s) 'example_task_group' retrieved from /home/airflow/.local/lib/python3.12/site-packages/airflow/example_dags/example_task_group.py
[2024-09-03T16:50:27.430+0000] {logging_mixin.py:190} INFO - [2024-09-03T16:50:27.430+0000] {dag.py:3211} INFO - Sync 1 DAGs
[2024-09-03T16:50:27.443+0000] {logging_mixin.py:190} INFO - [2024-09-03T16:50:27.443+0000] {dag.py:4138} INFO - Setting next_dagrun for example_task_group to 2024-09-02 00:00:00+00:00, run_after=2024-09-03 00:00:00+00:00
[2024-09-03T16:50:27.455+0000] {processor.py:208} INFO - Processing /home/airflow/.local/lib/python3.12/site-packages/airflow/example_dags/example_task_group.py took 0.057 seconds
[2024-09-03T16:50:58.315+0000] {processor.py:186} INFO - Started process (PID=204) to work on /home/airflow/.local/lib/python3.12/site-packages/airflow/example_dags/example_task_group.py
[2024-09-03T16:50:58.318+0000] {processor.py:914} INFO - Processing file /home/airflow/.local/lib/python3.12/site-packages/airflow/example_dags/example_task_group.py for tasks to queue
[2024-09-03T16:50:58.322+0000] {logging_mixin.py:190} INFO - [2024-09-03T16:50:58.321+0000] {dagbag.py:587} INFO - Filling up the DagBag from /home/airflow/.local/lib/python3.12/site-packages/airflow/example_dags/example_task_group.py
[2024-09-03T16:50:58.344+0000] {processor.py:925} INFO - DAG(s) 'example_task_group' retrieved from /home/airflow/.local/lib/python3.12/site-packages/airflow/example_dags/example_task_group.py
[2024-09-03T16:50:58.373+0000] {logging_mixin.py:190} INFO - [2024-09-03T16:50:58.373+0000] {dag.py:3211} INFO - Sync 1 DAGs
[2024-09-03T16:50:58.392+0000] {logging_mixin.py:190} INFO - [2024-09-03T16:50:58.392+0000] {dag.py:4138} INFO - Setting next_dagrun for example_task_group to 2024-09-02 00:00:00+00:00, run_after=2024-09-03 00:00:00+00:00
[2024-09-03T16:50:58.403+0000] {processor.py:208} INFO - Processing /home/airflow/.local/lib/python3.12/site-packages/airflow/example_dags/example_task_group.py took 0.097 seconds
[2024-09-03T16:51:28.570+0000] {processor.py:186} INFO - Started process (PID=267) to work on /home/airflow/.local/lib/python3.12/site-packages/airflow/example_dags/example_task_group.py
[2024-09-03T16:51:28.573+0000] {processor.py:914} INFO - Processing file /home/airflow/.local/lib/python3.12/site-packages/airflow/example_dags/example_task_group.py for tasks to queue
[2024-09-03T16:51:28.577+0000] {logging_mixin.py:190} INFO - [2024-09-03T16:51:28.577+0000] {dagbag.py:587} INFO - Filling up the DagBag from /home/airflow/.local/lib/python3.12/site-packages/airflow/example_dags/example_task_group.py
[2024-09-03T16:51:28.592+0000] {processor.py:925} INFO - DAG(s) 'example_task_group' retrieved from /home/airflow/.local/lib/python3.12/site-packages/airflow/example_dags/example_task_group.py
[2024-09-03T16:51:28.611+0000] {logging_mixin.py:190} INFO - [2024-09-03T16:51:28.611+0000] {dag.py:3211} INFO - Sync 1 DAGs
[2024-09-03T16:51:28.627+0000] {logging_mixin.py:190} INFO - [2024-09-03T16:51:28.627+0000] {dag.py:4138} INFO - Setting next_dagrun for example_task_group to 2024-09-02 00:00:00+00:00, run_after=2024-09-03 00:00:00+00:00
[2024-09-03T16:51:28.640+0000] {processor.py:208} INFO - Processing /home/airflow/.local/lib/python3.12/site-packages/airflow/example_dags/example_task_group.py took 0.088 seconds
[2024-09-03T16:51:59.162+0000] {processor.py:186} INFO - Started process (PID=330) to work on /home/airflow/.local/lib/python3.12/site-packages/airflow/example_dags/example_task_group.py
[2024-09-03T16:51:59.168+0000] {processor.py:914} INFO - Processing file /home/airflow/.local/lib/python3.12/site-packages/airflow/example_dags/example_task_group.py for tasks to queue
[2024-09-03T16:51:59.179+0000] {logging_mixin.py:190} INFO - [2024-09-03T16:51:59.178+0000] {dagbag.py:587} INFO - Filling up the DagBag from /home/airflow/.local/lib/python3.12/site-packages/airflow/example_dags/example_task_group.py
[2024-09-03T16:51:59.193+0000] {processor.py:925} INFO - DAG(s) 'example_task_group' retrieved from /home/airflow/.local/lib/python3.12/site-packages/airflow/example_dags/example_task_group.py
[2024-09-03T16:51:59.238+0000] {logging_mixin.py:190} INFO - [2024-09-03T16:51:59.237+0000] {dag.py:3211} INFO - Sync 1 DAGs
[2024-09-03T16:51:59.299+0000] {logging_mixin.py:190} INFO - [2024-09-03T16:51:59.298+0000] {dag.py:4138} INFO - Setting next_dagrun for example_task_group to 2024-09-02 00:00:00+00:00, run_after=2024-09-03 00:00:00+00:00
[2024-09-03T16:51:59.363+0000] {processor.py:208} INFO - Processing /home/airflow/.local/lib/python3.12/site-packages/airflow/example_dags/example_task_group.py took 0.220 seconds
[2024-09-03T16:52:30.778+0000] {processor.py:186} INFO - Started process (PID=393) to work on /home/airflow/.local/lib/python3.12/site-packages/airflow/example_dags/example_task_group.py
[2024-09-03T16:52:30.797+0000] {processor.py:914} INFO - Processing file /home/airflow/.local/lib/python3.12/site-packages/airflow/example_dags/example_task_group.py for tasks to queue
[2024-09-03T16:52:30.855+0000] {logging_mixin.py:190} INFO - [2024-09-03T16:52:30.854+0000] {dagbag.py:587} INFO - Filling up the DagBag from /home/airflow/.local/lib/python3.12/site-packages/airflow/example_dags/example_task_group.py
[2024-09-03T16:52:30.917+0000] {processor.py:925} INFO - DAG(s) 'example_task_group' retrieved from /home/airflow/.local/lib/python3.12/site-packages/airflow/example_dags/example_task_group.py
[2024-09-03T16:52:31.069+0000] {logging_mixin.py:190} INFO - [2024-09-03T16:52:31.065+0000] {dag.py:3211} INFO - Sync 1 DAGs
[2024-09-03T16:52:31.132+0000] {logging_mixin.py:190} INFO - [2024-09-03T16:52:31.131+0000] {dag.py:4138} INFO - Setting next_dagrun for example_task_group to 2024-09-02 00:00:00+00:00, run_after=2024-09-03 00:00:00+00:00
[2024-09-03T16:52:31.175+0000] {processor.py:208} INFO - Processing /home/airflow/.local/lib/python3.12/site-packages/airflow/example_dags/example_task_group.py took 0.437 seconds
[2024-09-03T16:53:02.126+0000] {processor.py:186} INFO - Started process (PID=456) to work on /home/airflow/.local/lib/python3.12/site-packages/airflow/example_dags/example_task_group.py
[2024-09-03T16:53:02.129+0000] {processor.py:914} INFO - Processing file /home/airflow/.local/lib/python3.12/site-packages/airflow/example_dags/example_task_group.py for tasks to queue
[2024-09-03T16:53:02.135+0000] {logging_mixin.py:190} INFO - [2024-09-03T16:53:02.134+0000] {dagbag.py:587} INFO - Filling up the DagBag from /home/airflow/.local/lib/python3.12/site-packages/airflow/example_dags/example_task_group.py
[2024-09-03T16:53:02.154+0000] {processor.py:925} INFO - DAG(s) 'example_task_group' retrieved from /home/airflow/.local/lib/python3.12/site-packages/airflow/example_dags/example_task_group.py
[2024-09-03T16:53:02.237+0000] {logging_mixin.py:190} INFO - [2024-09-03T16:53:02.236+0000] {dag.py:3211} INFO - Sync 1 DAGs
[2024-09-03T16:53:02.262+0000] {logging_mixin.py:190} INFO - [2024-09-03T16:53:02.262+0000] {dag.py:4138} INFO - Setting next_dagrun for example_task_group to 2024-09-02 00:00:00+00:00, run_after=2024-09-03 00:00:00+00:00
[2024-09-03T16:53:02.279+0000] {processor.py:208} INFO - Processing /home/airflow/.local/lib/python3.12/site-packages/airflow/example_dags/example_task_group.py took 0.183 seconds
[2024-09-03T16:53:33.144+0000] {processor.py:186} INFO - Started process (PID=520) to work on /home/airflow/.local/lib/python3.12/site-packages/airflow/example_dags/example_task_group.py
[2024-09-03T16:53:33.148+0000] {processor.py:914} INFO - Processing file /home/airflow/.local/lib/python3.12/site-packages/airflow/example_dags/example_task_group.py for tasks to queue
[2024-09-03T16:53:33.163+0000] {logging_mixin.py:190} INFO - [2024-09-03T16:53:33.161+0000] {dagbag.py:587} INFO - Filling up the DagBag from /home/airflow/.local/lib/python3.12/site-packages/airflow/example_dags/example_task_group.py
[2024-09-03T16:53:33.188+0000] {processor.py:925} INFO - DAG(s) 'example_task_group' retrieved from /home/airflow/.local/lib/python3.12/site-packages/airflow/example_dags/example_task_group.py
[2024-09-03T16:53:33.249+0000] {logging_mixin.py:190} INFO - [2024-09-03T16:53:33.249+0000] {dag.py:3211} INFO - Sync 1 DAGs
[2024-09-03T16:53:33.288+0000] {logging_mixin.py:190} INFO - [2024-09-03T16:53:33.288+0000] {dag.py:4138} INFO - Setting next_dagrun for example_task_group to 2024-09-02 00:00:00+00:00, run_after=2024-09-03 00:00:00+00:00
[2024-09-03T16:53:33.306+0000] {processor.py:208} INFO - Processing /home/airflow/.local/lib/python3.12/site-packages/airflow/example_dags/example_task_group.py took 0.194 seconds
[2024-09-03T16:54:03.475+0000] {processor.py:186} INFO - Started process (PID=583) to work on /home/airflow/.local/lib/python3.12/site-packages/airflow/example_dags/example_task_group.py
[2024-09-03T16:54:03.480+0000] {processor.py:914} INFO - Processing file /home/airflow/.local/lib/python3.12/site-packages/airflow/example_dags/example_task_group.py for tasks to queue
[2024-09-03T16:54:03.492+0000] {logging_mixin.py:190} INFO - [2024-09-03T16:54:03.489+0000] {dagbag.py:587} INFO - Filling up the DagBag from /home/airflow/.local/lib/python3.12/site-packages/airflow/example_dags/example_task_group.py
[2024-09-03T16:54:03.510+0000] {processor.py:925} INFO - DAG(s) 'example_task_group' retrieved from /home/airflow/.local/lib/python3.12/site-packages/airflow/example_dags/example_task_group.py
[2024-09-03T16:54:03.543+0000] {logging_mixin.py:190} INFO - [2024-09-03T16:54:03.543+0000] {dag.py:3211} INFO - Sync 1 DAGs
[2024-09-03T16:54:03.580+0000] {logging_mixin.py:190} INFO - [2024-09-03T16:54:03.580+0000] {dag.py:4138} INFO - Setting next_dagrun for example_task_group to 2024-09-02 00:00:00+00:00, run_after=2024-09-03 00:00:00+00:00
[2024-09-03T16:54:03.596+0000] {processor.py:208} INFO - Processing /home/airflow/.local/lib/python3.12/site-packages/airflow/example_dags/example_task_group.py took 0.137 seconds
[2024-09-03T16:54:34.172+0000] {processor.py:186} INFO - Started process (PID=646) to work on /home/airflow/.local/lib/python3.12/site-packages/airflow/example_dags/example_task_group.py
[2024-09-03T16:54:34.175+0000] {processor.py:914} INFO - Processing file /home/airflow/.local/lib/python3.12/site-packages/airflow/example_dags/example_task_group.py for tasks to queue
[2024-09-03T16:54:34.179+0000] {logging_mixin.py:190} INFO - [2024-09-03T16:54:34.178+0000] {dagbag.py:587} INFO - Filling up the DagBag from /home/airflow/.local/lib/python3.12/site-packages/airflow/example_dags/example_task_group.py
[2024-09-03T16:54:34.193+0000] {processor.py:925} INFO - DAG(s) 'example_task_group' retrieved from /home/airflow/.local/lib/python3.12/site-packages/airflow/example_dags/example_task_group.py
[2024-09-03T16:54:34.338+0000] {logging_mixin.py:190} INFO - [2024-09-03T16:54:34.338+0000] {dag.py:3211} INFO - Sync 1 DAGs
[2024-09-03T16:54:34.399+0000] {logging_mixin.py:190} INFO - [2024-09-03T16:54:34.399+0000] {dag.py:4138} INFO - Setting next_dagrun for example_task_group to 2024-09-02 00:00:00+00:00, run_after=2024-09-03 00:00:00+00:00
[2024-09-03T16:54:34.413+0000] {processor.py:208} INFO - Processing /home/airflow/.local/lib/python3.12/site-packages/airflow/example_dags/example_task_group.py took 0.262 seconds
[2024-09-03T16:55:04.978+0000] {processor.py:186} INFO - Started process (PID=709) to work on /home/airflow/.local/lib/python3.12/site-packages/airflow/example_dags/example_task_group.py
[2024-09-03T16:55:04.980+0000] {processor.py:914} INFO - Processing file /home/airflow/.local/lib/python3.12/site-packages/airflow/example_dags/example_task_group.py for tasks to queue
[2024-09-03T16:55:04.983+0000] {logging_mixin.py:190} INFO - [2024-09-03T16:55:04.982+0000] {dagbag.py:587} INFO - Filling up the DagBag from /home/airflow/.local/lib/python3.12/site-packages/airflow/example_dags/example_task_group.py
[2024-09-03T16:55:04.991+0000] {processor.py:925} INFO - DAG(s) 'example_task_group' retrieved from /home/airflow/.local/lib/python3.12/site-packages/airflow/example_dags/example_task_group.py
[2024-09-03T16:55:05.011+0000] {logging_mixin.py:190} INFO - [2024-09-03T16:55:05.011+0000] {dag.py:3211} INFO - Sync 1 DAGs
[2024-09-03T16:55:05.034+0000] {logging_mixin.py:190} INFO - [2024-09-03T16:55:05.034+0000] {dag.py:4138} INFO - Setting next_dagrun for example_task_group to 2024-09-02 00:00:00+00:00, run_after=2024-09-03 00:00:00+00:00
[2024-09-03T16:55:05.045+0000] {processor.py:208} INFO - Processing /home/airflow/.local/lib/python3.12/site-packages/airflow/example_dags/example_task_group.py took 0.074 seconds
[2024-09-03T16:55:35.228+0000] {processor.py:186} INFO - Started process (PID=772) to work on /home/airflow/.local/lib/python3.12/site-packages/airflow/example_dags/example_task_group.py
[2024-09-03T16:55:35.230+0000] {processor.py:914} INFO - Processing file /home/airflow/.local/lib/python3.12/site-packages/airflow/example_dags/example_task_group.py for tasks to queue
[2024-09-03T16:55:35.232+0000] {logging_mixin.py:190} INFO - [2024-09-03T16:55:35.231+0000] {dagbag.py:587} INFO - Filling up the DagBag from /home/airflow/.local/lib/python3.12/site-packages/airflow/example_dags/example_task_group.py
[2024-09-03T16:55:35.240+0000] {processor.py:925} INFO - DAG(s) 'example_task_group' retrieved from /home/airflow/.local/lib/python3.12/site-packages/airflow/example_dags/example_task_group.py
[2024-09-03T16:55:35.259+0000] {logging_mixin.py:190} INFO - [2024-09-03T16:55:35.259+0000] {dag.py:3211} INFO - Sync 1 DAGs
[2024-09-03T16:55:35.274+0000] {logging_mixin.py:190} INFO - [2024-09-03T16:55:35.274+0000] {dag.py:4138} INFO - Setting next_dagrun for example_task_group to 2024-09-02 00:00:00+00:00, run_after=2024-09-03 00:00:00+00:00
[2024-09-03T16:55:35.286+0000] {processor.py:208} INFO - Processing /home/airflow/.local/lib/python3.12/site-packages/airflow/example_dags/example_task_group.py took 0.063 seconds
[2024-09-03T16:56:06.269+0000] {processor.py:186} INFO - Started process (PID=835) to work on /home/airflow/.local/lib/python3.12/site-packages/airflow/example_dags/example_task_group.py
[2024-09-03T16:56:06.271+0000] {processor.py:914} INFO - Processing file /home/airflow/.local/lib/python3.12/site-packages/airflow/example_dags/example_task_group.py for tasks to queue
[2024-09-03T16:56:06.275+0000] {logging_mixin.py:190} INFO - [2024-09-03T16:56:06.275+0000] {dagbag.py:587} INFO - Filling up the DagBag from /home/airflow/.local/lib/python3.12/site-packages/airflow/example_dags/example_task_group.py
[2024-09-03T16:56:06.285+0000] {processor.py:925} INFO - DAG(s) 'example_task_group' retrieved from /home/airflow/.local/lib/python3.12/site-packages/airflow/example_dags/example_task_group.py
[2024-09-03T16:56:06.326+0000] {logging_mixin.py:190} INFO - [2024-09-03T16:56:06.326+0000] {dag.py:3211} INFO - Sync 1 DAGs
[2024-09-03T16:56:06.352+0000] {logging_mixin.py:190} INFO - [2024-09-03T16:56:06.352+0000] {dag.py:4138} INFO - Setting next_dagrun for example_task_group to 2024-09-02 00:00:00+00:00, run_after=2024-09-03 00:00:00+00:00
[2024-09-03T16:56:06.377+0000] {processor.py:208} INFO - Processing /home/airflow/.local/lib/python3.12/site-packages/airflow/example_dags/example_task_group.py took 0.119 seconds
[2024-09-03T16:56:37.143+0000] {processor.py:186} INFO - Started process (PID=898) to work on /home/airflow/.local/lib/python3.12/site-packages/airflow/example_dags/example_task_group.py
[2024-09-03T16:56:37.145+0000] {processor.py:914} INFO - Processing file /home/airflow/.local/lib/python3.12/site-packages/airflow/example_dags/example_task_group.py for tasks to queue
[2024-09-03T16:56:37.154+0000] {logging_mixin.py:190} INFO - [2024-09-03T16:56:37.154+0000] {dagbag.py:587} INFO - Filling up the DagBag from /home/airflow/.local/lib/python3.12/site-packages/airflow/example_dags/example_task_group.py
[2024-09-03T16:56:37.164+0000] {processor.py:925} INFO - DAG(s) 'example_task_group' retrieved from /home/airflow/.local/lib/python3.12/site-packages/airflow/example_dags/example_task_group.py
[2024-09-03T16:56:37.182+0000] {logging_mixin.py:190} INFO - [2024-09-03T16:56:37.181+0000] {dag.py:3211} INFO - Sync 1 DAGs
[2024-09-03T16:56:37.198+0000] {logging_mixin.py:190} INFO - [2024-09-03T16:56:37.197+0000] {dag.py:4138} INFO - Setting next_dagrun for example_task_group to 2024-09-02 00:00:00+00:00, run_after=2024-09-03 00:00:00+00:00
[2024-09-03T16:56:37.211+0000] {processor.py:208} INFO - Processing /home/airflow/.local/lib/python3.12/site-packages/airflow/example_dags/example_task_group.py took 0.072 seconds
[2024-09-03T16:57:07.499+0000] {processor.py:186} INFO - Started process (PID=962) to work on /home/airflow/.local/lib/python3.12/site-packages/airflow/example_dags/example_task_group.py
[2024-09-03T16:57:07.500+0000] {processor.py:914} INFO - Processing file /home/airflow/.local/lib/python3.12/site-packages/airflow/example_dags/example_task_group.py for tasks to queue
[2024-09-03T16:57:07.502+0000] {logging_mixin.py:190} INFO - [2024-09-03T16:57:07.501+0000] {dagbag.py:587} INFO - Filling up the DagBag from /home/airflow/.local/lib/python3.12/site-packages/airflow/example_dags/example_task_group.py
[2024-09-03T16:57:07.509+0000] {processor.py:925} INFO - DAG(s) 'example_task_group' retrieved from /home/airflow/.local/lib/python3.12/site-packages/airflow/example_dags/example_task_group.py
[2024-09-03T16:57:07.529+0000] {logging_mixin.py:190} INFO - [2024-09-03T16:57:07.528+0000] {dag.py:3211} INFO - Sync 1 DAGs
[2024-09-03T16:57:07.555+0000] {logging_mixin.py:190} INFO - [2024-09-03T16:57:07.555+0000] {dag.py:4138} INFO - Setting next_dagrun for example_task_group to 2024-09-02 00:00:00+00:00, run_after=2024-09-03 00:00:00+00:00
[2024-09-03T16:57:07.566+0000] {processor.py:208} INFO - Processing /home/airflow/.local/lib/python3.12/site-packages/airflow/example_dags/example_task_group.py took 0.071 seconds
[2024-09-03T16:57:38.559+0000] {processor.py:186} INFO - Started process (PID=1025) to work on /home/airflow/.local/lib/python3.12/site-packages/airflow/example_dags/example_task_group.py
[2024-09-03T16:57:38.560+0000] {processor.py:914} INFO - Processing file /home/airflow/.local/lib/python3.12/site-packages/airflow/example_dags/example_task_group.py for tasks to queue
[2024-09-03T16:57:38.562+0000] {logging_mixin.py:190} INFO - [2024-09-03T16:57:38.562+0000] {dagbag.py:587} INFO - Filling up the DagBag from /home/airflow/.local/lib/python3.12/site-packages/airflow/example_dags/example_task_group.py
[2024-09-03T16:57:38.570+0000] {processor.py:925} INFO - DAG(s) 'example_task_group' retrieved from /home/airflow/.local/lib/python3.12/site-packages/airflow/example_dags/example_task_group.py
[2024-09-03T16:57:38.595+0000] {logging_mixin.py:190} INFO - [2024-09-03T16:57:38.595+0000] {dag.py:3211} INFO - Sync 1 DAGs
[2024-09-03T16:57:38.612+0000] {logging_mixin.py:190} INFO - [2024-09-03T16:57:38.612+0000] {dag.py:4138} INFO - Setting next_dagrun for example_task_group to 2024-09-02 00:00:00+00:00, run_after=2024-09-03 00:00:00+00:00
[2024-09-03T16:57:38.625+0000] {processor.py:208} INFO - Processing /home/airflow/.local/lib/python3.12/site-packages/airflow/example_dags/example_task_group.py took 0.071 seconds
[2024-09-03T16:58:09.736+0000] {processor.py:186} INFO - Started process (PID=1088) to work on /home/airflow/.local/lib/python3.12/site-packages/airflow/example_dags/example_task_group.py
[2024-09-03T16:58:09.740+0000] {processor.py:914} INFO - Processing file /home/airflow/.local/lib/python3.12/site-packages/airflow/example_dags/example_task_group.py for tasks to queue
[2024-09-03T16:58:09.745+0000] {logging_mixin.py:190} INFO - [2024-09-03T16:58:09.744+0000] {dagbag.py:587} INFO - Filling up the DagBag from /home/airflow/.local/lib/python3.12/site-packages/airflow/example_dags/example_task_group.py
[2024-09-03T16:58:09.761+0000] {processor.py:925} INFO - DAG(s) 'example_task_group' retrieved from /home/airflow/.local/lib/python3.12/site-packages/airflow/example_dags/example_task_group.py
[2024-09-03T16:58:09.811+0000] {logging_mixin.py:190} INFO - [2024-09-03T16:58:09.811+0000] {dag.py:3211} INFO - Sync 1 DAGs
[2024-09-03T16:58:09.869+0000] {logging_mixin.py:190} INFO - [2024-09-03T16:58:09.868+0000] {dag.py:4138} INFO - Setting next_dagrun for example_task_group to 2024-09-02 00:00:00+00:00, run_after=2024-09-03 00:00:00+00:00
[2024-09-03T16:58:09.900+0000] {processor.py:208} INFO - Processing /home/airflow/.local/lib/python3.12/site-packages/airflow/example_dags/example_task_group.py took 0.175 seconds
