[2024-09-03T16:49:37.920+0000] {processor.py:186} INFO - Started process (PID=55) to work on /home/airflow/.local/lib/python3.12/site-packages/airflow/example_dags/example_sensors.py
[2024-09-03T16:49:37.942+0000] {processor.py:914} INFO - Processing file /home/airflow/.local/lib/python3.12/site-packages/airflow/example_dags/example_sensors.py for tasks to queue
[2024-09-03T16:49:37.989+0000] {logging_mixin.py:190} INFO - [2024-09-03T16:49:37.980+0000] {dagbag.py:587} INFO - Filling up the DagBag from /home/airflow/.local/lib/python3.12/site-packages/airflow/example_dags/example_sensors.py
[2024-09-03T16:49:38.268+0000] {processor.py:925} INFO - DAG(s) 'example_sensors' retrieved from /home/airflow/.local/lib/python3.12/site-packages/airflow/example_dags/example_sensors.py
[2024-09-03T16:49:39.951+0000] {logging_mixin.py:190} INFO - [2024-09-03T16:49:39.827+0000] {override.py:1858} INFO - Created Permission View: can delete on DAG:example_sensors
[2024-09-03T16:49:40.069+0000] {logging_mixin.py:190} INFO - [2024-09-03T16:49:40.068+0000] {override.py:1858} INFO - Created Permission View: can edit on DAG:example_sensors
[2024-09-03T16:49:40.084+0000] {logging_mixin.py:190} INFO - [2024-09-03T16:49:40.084+0000] {override.py:1858} INFO - Created Permission View: can read on DAG:example_sensors
[2024-09-03T16:49:40.108+0000] {logging_mixin.py:190} INFO - [2024-09-03T16:49:40.100+0000] {dag.py:3211} INFO - Sync 1 DAGs
[2024-09-03T16:49:40.350+0000] {logging_mixin.py:190} INFO - [2024-09-03T16:49:40.348+0000] {dag.py:3234} INFO - Creating ORM DAG for example_sensors
[2024-09-03T16:49:40.361+0000] {logging_mixin.py:190} INFO - [2024-09-03T16:49:40.360+0000] {dag.py:4138} INFO - Setting next_dagrun for example_sensors to None, run_after=None
[2024-09-03T16:49:40.541+0000] {processor.py:208} INFO - Processing /home/airflow/.local/lib/python3.12/site-packages/airflow/example_dags/example_sensors.py took 2.686 seconds
[2024-09-03T16:50:10.978+0000] {processor.py:186} INFO - Started process (PID=117) to work on /home/airflow/.local/lib/python3.12/site-packages/airflow/example_dags/example_sensors.py
[2024-09-03T16:50:10.981+0000] {processor.py:914} INFO - Processing file /home/airflow/.local/lib/python3.12/site-packages/airflow/example_dags/example_sensors.py for tasks to queue
[2024-09-03T16:50:10.986+0000] {logging_mixin.py:190} INFO - [2024-09-03T16:50:10.986+0000] {dagbag.py:587} INFO - Filling up the DagBag from /home/airflow/.local/lib/python3.12/site-packages/airflow/example_dags/example_sensors.py
[2024-09-03T16:50:11.005+0000] {processor.py:925} INFO - DAG(s) 'example_sensors' retrieved from /home/airflow/.local/lib/python3.12/site-packages/airflow/example_dags/example_sensors.py
[2024-09-03T16:50:11.048+0000] {logging_mixin.py:190} INFO - [2024-09-03T16:50:11.047+0000] {dag.py:3211} INFO - Sync 1 DAGs
[2024-09-03T16:50:11.066+0000] {logging_mixin.py:190} INFO - [2024-09-03T16:50:11.066+0000] {dag.py:4138} INFO - Setting next_dagrun for example_sensors to None, run_after=None
[2024-09-03T16:50:11.115+0000] {processor.py:208} INFO - Processing /home/airflow/.local/lib/python3.12/site-packages/airflow/example_dags/example_sensors.py took 0.146 seconds
[2024-09-03T16:50:41.241+0000] {processor.py:186} INFO - Started process (PID=180) to work on /home/airflow/.local/lib/python3.12/site-packages/airflow/example_dags/example_sensors.py
[2024-09-03T16:50:41.242+0000] {processor.py:914} INFO - Processing file /home/airflow/.local/lib/python3.12/site-packages/airflow/example_dags/example_sensors.py for tasks to queue
[2024-09-03T16:50:41.244+0000] {logging_mixin.py:190} INFO - [2024-09-03T16:50:41.244+0000] {dagbag.py:587} INFO - Filling up the DagBag from /home/airflow/.local/lib/python3.12/site-packages/airflow/example_dags/example_sensors.py
[2024-09-03T16:50:41.252+0000] {processor.py:925} INFO - DAG(s) 'example_sensors' retrieved from /home/airflow/.local/lib/python3.12/site-packages/airflow/example_dags/example_sensors.py
[2024-09-03T16:50:41.274+0000] {logging_mixin.py:190} INFO - [2024-09-03T16:50:41.274+0000] {dag.py:3211} INFO - Sync 1 DAGs
[2024-09-03T16:50:41.282+0000] {logging_mixin.py:190} INFO - [2024-09-03T16:50:41.282+0000] {dag.py:4138} INFO - Setting next_dagrun for example_sensors to None, run_after=None
[2024-09-03T16:50:41.293+0000] {processor.py:208} INFO - Processing /home/airflow/.local/lib/python3.12/site-packages/airflow/example_dags/example_sensors.py took 0.056 seconds
[2024-09-03T16:51:11.849+0000] {processor.py:186} INFO - Started process (PID=243) to work on /home/airflow/.local/lib/python3.12/site-packages/airflow/example_dags/example_sensors.py
[2024-09-03T16:51:11.849+0000] {processor.py:914} INFO - Processing file /home/airflow/.local/lib/python3.12/site-packages/airflow/example_dags/example_sensors.py for tasks to queue
[2024-09-03T16:51:11.851+0000] {logging_mixin.py:190} INFO - [2024-09-03T16:51:11.851+0000] {dagbag.py:587} INFO - Filling up the DagBag from /home/airflow/.local/lib/python3.12/site-packages/airflow/example_dags/example_sensors.py
[2024-09-03T16:51:11.858+0000] {processor.py:925} INFO - DAG(s) 'example_sensors' retrieved from /home/airflow/.local/lib/python3.12/site-packages/airflow/example_dags/example_sensors.py
[2024-09-03T16:51:11.874+0000] {logging_mixin.py:190} INFO - [2024-09-03T16:51:11.874+0000] {dag.py:3211} INFO - Sync 1 DAGs
[2024-09-03T16:51:11.883+0000] {logging_mixin.py:190} INFO - [2024-09-03T16:51:11.883+0000] {dag.py:4138} INFO - Setting next_dagrun for example_sensors to None, run_after=None
[2024-09-03T16:51:11.902+0000] {processor.py:208} INFO - Processing /home/airflow/.local/lib/python3.12/site-packages/airflow/example_dags/example_sensors.py took 0.058 seconds
[2024-09-03T16:51:44.240+0000] {processor.py:186} INFO - Started process (PID=306) to work on /home/airflow/.local/lib/python3.12/site-packages/airflow/example_dags/example_sensors.py
[2024-09-03T16:51:44.242+0000] {processor.py:914} INFO - Processing file /home/airflow/.local/lib/python3.12/site-packages/airflow/example_dags/example_sensors.py for tasks to queue
[2024-09-03T16:51:44.246+0000] {logging_mixin.py:190} INFO - [2024-09-03T16:51:44.246+0000] {dagbag.py:587} INFO - Filling up the DagBag from /home/airflow/.local/lib/python3.12/site-packages/airflow/example_dags/example_sensors.py
[2024-09-03T16:51:44.288+0000] {processor.py:925} INFO - DAG(s) 'example_sensors' retrieved from /home/airflow/.local/lib/python3.12/site-packages/airflow/example_dags/example_sensors.py
[2024-09-03T16:51:44.369+0000] {logging_mixin.py:190} INFO - [2024-09-03T16:51:44.368+0000] {dag.py:3211} INFO - Sync 1 DAGs
[2024-09-03T16:51:44.387+0000] {logging_mixin.py:190} INFO - [2024-09-03T16:51:44.387+0000] {dag.py:4138} INFO - Setting next_dagrun for example_sensors to None, run_after=None
[2024-09-03T16:51:44.408+0000] {processor.py:208} INFO - Processing /home/airflow/.local/lib/python3.12/site-packages/airflow/example_dags/example_sensors.py took 0.198 seconds
[2024-09-03T16:52:14.557+0000] {processor.py:186} INFO - Started process (PID=369) to work on /home/airflow/.local/lib/python3.12/site-packages/airflow/example_dags/example_sensors.py
[2024-09-03T16:52:14.561+0000] {processor.py:914} INFO - Processing file /home/airflow/.local/lib/python3.12/site-packages/airflow/example_dags/example_sensors.py for tasks to queue
[2024-09-03T16:52:14.564+0000] {logging_mixin.py:190} INFO - [2024-09-03T16:52:14.564+0000] {dagbag.py:587} INFO - Filling up the DagBag from /home/airflow/.local/lib/python3.12/site-packages/airflow/example_dags/example_sensors.py
[2024-09-03T16:52:14.577+0000] {processor.py:925} INFO - DAG(s) 'example_sensors' retrieved from /home/airflow/.local/lib/python3.12/site-packages/airflow/example_dags/example_sensors.py
[2024-09-03T16:52:14.601+0000] {logging_mixin.py:190} INFO - [2024-09-03T16:52:14.601+0000] {dag.py:3211} INFO - Sync 1 DAGs
[2024-09-03T16:52:14.612+0000] {logging_mixin.py:190} INFO - [2024-09-03T16:52:14.612+0000] {dag.py:4138} INFO - Setting next_dagrun for example_sensors to None, run_after=None
[2024-09-03T16:52:14.639+0000] {processor.py:208} INFO - Processing /home/airflow/.local/lib/python3.12/site-packages/airflow/example_dags/example_sensors.py took 0.086 seconds
[2024-09-03T16:52:45.057+0000] {processor.py:186} INFO - Started process (PID=432) to work on /home/airflow/.local/lib/python3.12/site-packages/airflow/example_dags/example_sensors.py
[2024-09-03T16:52:45.058+0000] {processor.py:914} INFO - Processing file /home/airflow/.local/lib/python3.12/site-packages/airflow/example_dags/example_sensors.py for tasks to queue
[2024-09-03T16:52:45.061+0000] {logging_mixin.py:190} INFO - [2024-09-03T16:52:45.061+0000] {dagbag.py:587} INFO - Filling up the DagBag from /home/airflow/.local/lib/python3.12/site-packages/airflow/example_dags/example_sensors.py
[2024-09-03T16:52:45.072+0000] {processor.py:925} INFO - DAG(s) 'example_sensors' retrieved from /home/airflow/.local/lib/python3.12/site-packages/airflow/example_dags/example_sensors.py
[2024-09-03T16:52:45.093+0000] {logging_mixin.py:190} INFO - [2024-09-03T16:52:45.093+0000] {dag.py:3211} INFO - Sync 1 DAGs
[2024-09-03T16:52:45.102+0000] {logging_mixin.py:190} INFO - [2024-09-03T16:52:45.102+0000] {dag.py:4138} INFO - Setting next_dagrun for example_sensors to None, run_after=None
[2024-09-03T16:52:45.117+0000] {processor.py:208} INFO - Processing /home/airflow/.local/lib/python3.12/site-packages/airflow/example_dags/example_sensors.py took 0.070 seconds
[2024-09-03T16:53:15.421+0000] {processor.py:186} INFO - Started process (PID=495) to work on /home/airflow/.local/lib/python3.12/site-packages/airflow/example_dags/example_sensors.py
[2024-09-03T16:53:15.423+0000] {processor.py:914} INFO - Processing file /home/airflow/.local/lib/python3.12/site-packages/airflow/example_dags/example_sensors.py for tasks to queue
[2024-09-03T16:53:15.424+0000] {logging_mixin.py:190} INFO - [2024-09-03T16:53:15.424+0000] {dagbag.py:587} INFO - Filling up the DagBag from /home/airflow/.local/lib/python3.12/site-packages/airflow/example_dags/example_sensors.py
[2024-09-03T16:53:15.432+0000] {processor.py:925} INFO - DAG(s) 'example_sensors' retrieved from /home/airflow/.local/lib/python3.12/site-packages/airflow/example_dags/example_sensors.py
[2024-09-03T16:53:15.452+0000] {logging_mixin.py:190} INFO - [2024-09-03T16:53:15.452+0000] {dag.py:3211} INFO - Sync 1 DAGs
[2024-09-03T16:53:15.467+0000] {logging_mixin.py:190} INFO - [2024-09-03T16:53:15.467+0000] {dag.py:4138} INFO - Setting next_dagrun for example_sensors to None, run_after=None
[2024-09-03T16:53:15.478+0000] {processor.py:208} INFO - Processing /home/airflow/.local/lib/python3.12/site-packages/airflow/example_dags/example_sensors.py took 0.061 seconds
[2024-09-03T16:53:46.536+0000] {processor.py:186} INFO - Started process (PID=559) to work on /home/airflow/.local/lib/python3.12/site-packages/airflow/example_dags/example_sensors.py
[2024-09-03T16:53:46.538+0000] {processor.py:914} INFO - Processing file /home/airflow/.local/lib/python3.12/site-packages/airflow/example_dags/example_sensors.py for tasks to queue
[2024-09-03T16:53:46.540+0000] {logging_mixin.py:190} INFO - [2024-09-03T16:53:46.540+0000] {dagbag.py:587} INFO - Filling up the DagBag from /home/airflow/.local/lib/python3.12/site-packages/airflow/example_dags/example_sensors.py
[2024-09-03T16:53:46.548+0000] {processor.py:925} INFO - DAG(s) 'example_sensors' retrieved from /home/airflow/.local/lib/python3.12/site-packages/airflow/example_dags/example_sensors.py
[2024-09-03T16:53:46.571+0000] {logging_mixin.py:190} INFO - [2024-09-03T16:53:46.571+0000] {dag.py:3211} INFO - Sync 1 DAGs
[2024-09-03T16:53:46.580+0000] {logging_mixin.py:190} INFO - [2024-09-03T16:53:46.580+0000] {dag.py:4138} INFO - Setting next_dagrun for example_sensors to None, run_after=None
[2024-09-03T16:53:46.595+0000] {processor.py:208} INFO - Processing /home/airflow/.local/lib/python3.12/site-packages/airflow/example_dags/example_sensors.py took 0.064 seconds
[2024-09-03T16:54:16.871+0000] {processor.py:186} INFO - Started process (PID=622) to work on /home/airflow/.local/lib/python3.12/site-packages/airflow/example_dags/example_sensors.py
[2024-09-03T16:54:16.873+0000] {processor.py:914} INFO - Processing file /home/airflow/.local/lib/python3.12/site-packages/airflow/example_dags/example_sensors.py for tasks to queue
[2024-09-03T16:54:16.878+0000] {logging_mixin.py:190} INFO - [2024-09-03T16:54:16.877+0000] {dagbag.py:587} INFO - Filling up the DagBag from /home/airflow/.local/lib/python3.12/site-packages/airflow/example_dags/example_sensors.py
[2024-09-03T16:54:16.906+0000] {processor.py:925} INFO - DAG(s) 'example_sensors' retrieved from /home/airflow/.local/lib/python3.12/site-packages/airflow/example_dags/example_sensors.py
[2024-09-03T16:54:16.971+0000] {logging_mixin.py:190} INFO - [2024-09-03T16:54:16.971+0000] {dag.py:3211} INFO - Sync 1 DAGs
[2024-09-03T16:54:17.004+0000] {logging_mixin.py:190} INFO - [2024-09-03T16:54:17.004+0000] {dag.py:4138} INFO - Setting next_dagrun for example_sensors to None, run_after=None
[2024-09-03T16:54:17.063+0000] {processor.py:208} INFO - Processing /home/airflow/.local/lib/python3.12/site-packages/airflow/example_dags/example_sensors.py took 0.200 seconds
[2024-09-03T16:54:47.865+0000] {processor.py:186} INFO - Started process (PID=685) to work on /home/airflow/.local/lib/python3.12/site-packages/airflow/example_dags/example_sensors.py
[2024-09-03T16:54:47.867+0000] {processor.py:914} INFO - Processing file /home/airflow/.local/lib/python3.12/site-packages/airflow/example_dags/example_sensors.py for tasks to queue
[2024-09-03T16:54:47.868+0000] {logging_mixin.py:190} INFO - [2024-09-03T16:54:47.868+0000] {dagbag.py:587} INFO - Filling up the DagBag from /home/airflow/.local/lib/python3.12/site-packages/airflow/example_dags/example_sensors.py
[2024-09-03T16:54:47.875+0000] {processor.py:925} INFO - DAG(s) 'example_sensors' retrieved from /home/airflow/.local/lib/python3.12/site-packages/airflow/example_dags/example_sensors.py
[2024-09-03T16:54:47.892+0000] {logging_mixin.py:190} INFO - [2024-09-03T16:54:47.892+0000] {dag.py:3211} INFO - Sync 1 DAGs
[2024-09-03T16:54:47.901+0000] {logging_mixin.py:190} INFO - [2024-09-03T16:54:47.900+0000] {dag.py:4138} INFO - Setting next_dagrun for example_sensors to None, run_after=None
[2024-09-03T16:54:47.909+0000] {processor.py:208} INFO - Processing /home/airflow/.local/lib/python3.12/site-packages/airflow/example_dags/example_sensors.py took 0.048 seconds
[2024-09-03T16:55:18.337+0000] {processor.py:186} INFO - Started process (PID=748) to work on /home/airflow/.local/lib/python3.12/site-packages/airflow/example_dags/example_sensors.py
[2024-09-03T16:55:18.338+0000] {processor.py:914} INFO - Processing file /home/airflow/.local/lib/python3.12/site-packages/airflow/example_dags/example_sensors.py for tasks to queue
[2024-09-03T16:55:18.340+0000] {logging_mixin.py:190} INFO - [2024-09-03T16:55:18.340+0000] {dagbag.py:587} INFO - Filling up the DagBag from /home/airflow/.local/lib/python3.12/site-packages/airflow/example_dags/example_sensors.py
[2024-09-03T16:55:18.347+0000] {processor.py:925} INFO - DAG(s) 'example_sensors' retrieved from /home/airflow/.local/lib/python3.12/site-packages/airflow/example_dags/example_sensors.py
[2024-09-03T16:55:18.364+0000] {logging_mixin.py:190} INFO - [2024-09-03T16:55:18.364+0000] {dag.py:3211} INFO - Sync 1 DAGs
[2024-09-03T16:55:18.371+0000] {logging_mixin.py:190} INFO - [2024-09-03T16:55:18.371+0000] {dag.py:4138} INFO - Setting next_dagrun for example_sensors to None, run_after=None
[2024-09-03T16:55:18.381+0000] {processor.py:208} INFO - Processing /home/airflow/.local/lib/python3.12/site-packages/airflow/example_dags/example_sensors.py took 0.047 seconds
[2024-09-03T16:55:49.376+0000] {processor.py:186} INFO - Started process (PID=811) to work on /home/airflow/.local/lib/python3.12/site-packages/airflow/example_dags/example_sensors.py
[2024-09-03T16:55:49.377+0000] {processor.py:914} INFO - Processing file /home/airflow/.local/lib/python3.12/site-packages/airflow/example_dags/example_sensors.py for tasks to queue
[2024-09-03T16:55:49.379+0000] {logging_mixin.py:190} INFO - [2024-09-03T16:55:49.378+0000] {dagbag.py:587} INFO - Filling up the DagBag from /home/airflow/.local/lib/python3.12/site-packages/airflow/example_dags/example_sensors.py
[2024-09-03T16:55:49.385+0000] {processor.py:925} INFO - DAG(s) 'example_sensors' retrieved from /home/airflow/.local/lib/python3.12/site-packages/airflow/example_dags/example_sensors.py
[2024-09-03T16:55:49.403+0000] {logging_mixin.py:190} INFO - [2024-09-03T16:55:49.403+0000] {dag.py:3211} INFO - Sync 1 DAGs
[2024-09-03T16:55:49.411+0000] {logging_mixin.py:190} INFO - [2024-09-03T16:55:49.411+0000] {dag.py:4138} INFO - Setting next_dagrun for example_sensors to None, run_after=None
[2024-09-03T16:55:49.420+0000] {processor.py:208} INFO - Processing /home/airflow/.local/lib/python3.12/site-packages/airflow/example_dags/example_sensors.py took 0.049 seconds
[2024-09-03T16:56:20.154+0000] {processor.py:186} INFO - Started process (PID=874) to work on /home/airflow/.local/lib/python3.12/site-packages/airflow/example_dags/example_sensors.py
[2024-09-03T16:56:20.156+0000] {processor.py:914} INFO - Processing file /home/airflow/.local/lib/python3.12/site-packages/airflow/example_dags/example_sensors.py for tasks to queue
[2024-09-03T16:56:20.159+0000] {logging_mixin.py:190} INFO - [2024-09-03T16:56:20.158+0000] {dagbag.py:587} INFO - Filling up the DagBag from /home/airflow/.local/lib/python3.12/site-packages/airflow/example_dags/example_sensors.py
[2024-09-03T16:56:20.174+0000] {processor.py:925} INFO - DAG(s) 'example_sensors' retrieved from /home/airflow/.local/lib/python3.12/site-packages/airflow/example_dags/example_sensors.py
[2024-09-03T16:56:20.197+0000] {logging_mixin.py:190} INFO - [2024-09-03T16:56:20.197+0000] {dag.py:3211} INFO - Sync 1 DAGs
[2024-09-03T16:56:20.206+0000] {logging_mixin.py:190} INFO - [2024-09-03T16:56:20.206+0000] {dag.py:4138} INFO - Setting next_dagrun for example_sensors to None, run_after=None
[2024-09-03T16:56:20.216+0000] {processor.py:208} INFO - Processing /home/airflow/.local/lib/python3.12/site-packages/airflow/example_dags/example_sensors.py took 0.066 seconds
[2024-09-03T16:56:51.117+0000] {processor.py:186} INFO - Started process (PID=937) to work on /home/airflow/.local/lib/python3.12/site-packages/airflow/example_dags/example_sensors.py
[2024-09-03T16:56:51.118+0000] {processor.py:914} INFO - Processing file /home/airflow/.local/lib/python3.12/site-packages/airflow/example_dags/example_sensors.py for tasks to queue
[2024-09-03T16:56:51.120+0000] {logging_mixin.py:190} INFO - [2024-09-03T16:56:51.120+0000] {dagbag.py:587} INFO - Filling up the DagBag from /home/airflow/.local/lib/python3.12/site-packages/airflow/example_dags/example_sensors.py
[2024-09-03T16:56:51.131+0000] {processor.py:925} INFO - DAG(s) 'example_sensors' retrieved from /home/airflow/.local/lib/python3.12/site-packages/airflow/example_dags/example_sensors.py
[2024-09-03T16:56:51.154+0000] {logging_mixin.py:190} INFO - [2024-09-03T16:56:51.154+0000] {dag.py:3211} INFO - Sync 1 DAGs
[2024-09-03T16:56:51.163+0000] {logging_mixin.py:190} INFO - [2024-09-03T16:56:51.163+0000] {dag.py:4138} INFO - Setting next_dagrun for example_sensors to None, run_after=None
[2024-09-03T16:56:51.173+0000] {processor.py:208} INFO - Processing /home/airflow/.local/lib/python3.12/site-packages/airflow/example_dags/example_sensors.py took 0.062 seconds
[2024-09-03T16:57:22.130+0000] {processor.py:186} INFO - Started process (PID=1001) to work on /home/airflow/.local/lib/python3.12/site-packages/airflow/example_dags/example_sensors.py
[2024-09-03T16:57:22.130+0000] {processor.py:914} INFO - Processing file /home/airflow/.local/lib/python3.12/site-packages/airflow/example_dags/example_sensors.py for tasks to queue
[2024-09-03T16:57:22.132+0000] {logging_mixin.py:190} INFO - [2024-09-03T16:57:22.132+0000] {dagbag.py:587} INFO - Filling up the DagBag from /home/airflow/.local/lib/python3.12/site-packages/airflow/example_dags/example_sensors.py
[2024-09-03T16:57:22.139+0000] {processor.py:925} INFO - DAG(s) 'example_sensors' retrieved from /home/airflow/.local/lib/python3.12/site-packages/airflow/example_dags/example_sensors.py
[2024-09-03T16:57:22.156+0000] {logging_mixin.py:190} INFO - [2024-09-03T16:57:22.156+0000] {dag.py:3211} INFO - Sync 1 DAGs
[2024-09-03T16:57:22.167+0000] {logging_mixin.py:190} INFO - [2024-09-03T16:57:22.167+0000] {dag.py:4138} INFO - Setting next_dagrun for example_sensors to None, run_after=None
[2024-09-03T16:57:22.177+0000] {processor.py:208} INFO - Processing /home/airflow/.local/lib/python3.12/site-packages/airflow/example_dags/example_sensors.py took 0.051 seconds
[2024-09-03T16:57:53.425+0000] {processor.py:186} INFO - Started process (PID=1064) to work on /home/airflow/.local/lib/python3.12/site-packages/airflow/example_dags/example_sensors.py
[2024-09-03T16:57:53.427+0000] {processor.py:914} INFO - Processing file /home/airflow/.local/lib/python3.12/site-packages/airflow/example_dags/example_sensors.py for tasks to queue
[2024-09-03T16:57:53.429+0000] {logging_mixin.py:190} INFO - [2024-09-03T16:57:53.428+0000] {dagbag.py:587} INFO - Filling up the DagBag from /home/airflow/.local/lib/python3.12/site-packages/airflow/example_dags/example_sensors.py
[2024-09-03T16:57:53.436+0000] {processor.py:925} INFO - DAG(s) 'example_sensors' retrieved from /home/airflow/.local/lib/python3.12/site-packages/airflow/example_dags/example_sensors.py
[2024-09-03T16:57:53.457+0000] {logging_mixin.py:190} INFO - [2024-09-03T16:57:53.457+0000] {dag.py:3211} INFO - Sync 1 DAGs
[2024-09-03T16:57:53.465+0000] {logging_mixin.py:190} INFO - [2024-09-03T16:57:53.465+0000] {dag.py:4138} INFO - Setting next_dagrun for example_sensors to None, run_after=None
[2024-09-03T16:57:53.478+0000] {processor.py:208} INFO - Processing /home/airflow/.local/lib/python3.12/site-packages/airflow/example_dags/example_sensors.py took 0.057 seconds
[2024-09-03T16:58:24.517+0000] {processor.py:186} INFO - Started process (PID=1127) to work on /home/airflow/.local/lib/python3.12/site-packages/airflow/example_dags/example_sensors.py
[2024-09-03T16:58:24.518+0000] {processor.py:914} INFO - Processing file /home/airflow/.local/lib/python3.12/site-packages/airflow/example_dags/example_sensors.py for tasks to queue
[2024-09-03T16:58:24.520+0000] {logging_mixin.py:190} INFO - [2024-09-03T16:58:24.520+0000] {dagbag.py:587} INFO - Filling up the DagBag from /home/airflow/.local/lib/python3.12/site-packages/airflow/example_dags/example_sensors.py
[2024-09-03T16:58:24.527+0000] {processor.py:925} INFO - DAG(s) 'example_sensors' retrieved from /home/airflow/.local/lib/python3.12/site-packages/airflow/example_dags/example_sensors.py
[2024-09-03T16:58:24.548+0000] {logging_mixin.py:190} INFO - [2024-09-03T16:58:24.548+0000] {dag.py:3211} INFO - Sync 1 DAGs
[2024-09-03T16:58:24.556+0000] {logging_mixin.py:190} INFO - [2024-09-03T16:58:24.556+0000] {dag.py:4138} INFO - Setting next_dagrun for example_sensors to None, run_after=None
[2024-09-03T16:58:24.566+0000] {processor.py:208} INFO - Processing /home/airflow/.local/lib/python3.12/site-packages/airflow/example_dags/example_sensors.py took 0.053 seconds
