[2024-09-03T16:49:23.328+0000] {processor.py:186} INFO - Started process (PID=44) to work on /home/airflow/.local/lib/python3.12/site-packages/airflow/example_dags/example_dag_decorator.py
[2024-09-03T16:49:23.335+0000] {processor.py:914} INFO - Processing file /home/airflow/.local/lib/python3.12/site-packages/airflow/example_dags/example_dag_decorator.py for tasks to queue
[2024-09-03T16:49:23.358+0000] {logging_mixin.py:190} INFO - [2024-09-03T16:49:23.354+0000] {dagbag.py:587} INFO - Filling up the DagBag from /home/airflow/.local/lib/python3.12/site-packages/airflow/example_dags/example_dag_decorator.py
[2024-09-03T16:49:23.615+0000] {processor.py:925} INFO - DAG(s) 'example_dag_decorator' retrieved from /home/airflow/.local/lib/python3.12/site-packages/airflow/example_dags/example_dag_decorator.py
[2024-09-03T16:49:24.459+0000] {logging_mixin.py:190} INFO - [2024-09-03T16:49:24.432+0000] {override.py:1858} INFO - Created Permission View: can delete on DAG:example_dag_decorator
[2024-09-03T16:49:24.494+0000] {logging_mixin.py:190} INFO - [2024-09-03T16:49:24.494+0000] {override.py:1858} INFO - Created Permission View: can edit on DAG:example_dag_decorator
[2024-09-03T16:49:24.502+0000] {logging_mixin.py:190} INFO - [2024-09-03T16:49:24.502+0000] {override.py:1858} INFO - Created Permission View: can read on DAG:example_dag_decorator
[2024-09-03T16:49:24.506+0000] {logging_mixin.py:190} INFO - [2024-09-03T16:49:24.506+0000] {dag.py:3211} INFO - Sync 1 DAGs
[2024-09-03T16:49:24.561+0000] {logging_mixin.py:190} INFO - [2024-09-03T16:49:24.560+0000] {dag.py:3234} INFO - Creating ORM DAG for example_dag_decorator
[2024-09-03T16:49:24.562+0000] {logging_mixin.py:190} INFO - [2024-09-03T16:49:24.562+0000] {dag.py:4138} INFO - Setting next_dagrun for example_dag_decorator to None, run_after=None
[2024-09-03T16:49:24.746+0000] {processor.py:208} INFO - Processing /home/airflow/.local/lib/python3.12/site-packages/airflow/example_dags/example_dag_decorator.py took 1.595 seconds
[2024-09-03T16:50:05.591+0000] {processor.py:186} INFO - Started process (PID=107) to work on /home/airflow/.local/lib/python3.12/site-packages/airflow/example_dags/example_dag_decorator.py
[2024-09-03T16:50:05.595+0000] {processor.py:914} INFO - Processing file /home/airflow/.local/lib/python3.12/site-packages/airflow/example_dags/example_dag_decorator.py for tasks to queue
[2024-09-03T16:50:05.601+0000] {logging_mixin.py:190} INFO - [2024-09-03T16:50:05.600+0000] {dagbag.py:587} INFO - Filling up the DagBag from /home/airflow/.local/lib/python3.12/site-packages/airflow/example_dags/example_dag_decorator.py
[2024-09-03T16:50:05.665+0000] {processor.py:925} INFO - DAG(s) 'example_dag_decorator' retrieved from /home/airflow/.local/lib/python3.12/site-packages/airflow/example_dags/example_dag_decorator.py
[2024-09-03T16:50:06.849+0000] {logging_mixin.py:190} INFO - [2024-09-03T16:50:06.841+0000] {dag.py:3211} INFO - Sync 1 DAGs
[2024-09-03T16:50:06.951+0000] {logging_mixin.py:190} INFO - [2024-09-03T16:50:06.950+0000] {dag.py:4138} INFO - Setting next_dagrun for example_dag_decorator to None, run_after=None
[2024-09-03T16:50:07.045+0000] {processor.py:208} INFO - Processing /home/airflow/.local/lib/python3.12/site-packages/airflow/example_dags/example_dag_decorator.py took 1.459 seconds
[2024-09-03T16:50:37.536+0000] {processor.py:186} INFO - Started process (PID=170) to work on /home/airflow/.local/lib/python3.12/site-packages/airflow/example_dags/example_dag_decorator.py
[2024-09-03T16:50:37.539+0000] {processor.py:914} INFO - Processing file /home/airflow/.local/lib/python3.12/site-packages/airflow/example_dags/example_dag_decorator.py for tasks to queue
[2024-09-03T16:50:37.544+0000] {logging_mixin.py:190} INFO - [2024-09-03T16:50:37.543+0000] {dagbag.py:587} INFO - Filling up the DagBag from /home/airflow/.local/lib/python3.12/site-packages/airflow/example_dags/example_dag_decorator.py
[2024-09-03T16:50:37.566+0000] {processor.py:925} INFO - DAG(s) 'example_dag_decorator' retrieved from /home/airflow/.local/lib/python3.12/site-packages/airflow/example_dags/example_dag_decorator.py
[2024-09-03T16:50:37.758+0000] {logging_mixin.py:190} INFO - [2024-09-03T16:50:37.758+0000] {dag.py:3211} INFO - Sync 1 DAGs
[2024-09-03T16:50:37.764+0000] {logging_mixin.py:190} INFO - [2024-09-03T16:50:37.764+0000] {dag.py:4138} INFO - Setting next_dagrun for example_dag_decorator to None, run_after=None
[2024-09-03T16:50:37.774+0000] {processor.py:208} INFO - Processing /home/airflow/.local/lib/python3.12/site-packages/airflow/example_dags/example_dag_decorator.py took 0.275 seconds
[2024-09-03T16:51:08.246+0000] {processor.py:186} INFO - Started process (PID=233) to work on /home/airflow/.local/lib/python3.12/site-packages/airflow/example_dags/example_dag_decorator.py
[2024-09-03T16:51:08.248+0000] {processor.py:914} INFO - Processing file /home/airflow/.local/lib/python3.12/site-packages/airflow/example_dags/example_dag_decorator.py for tasks to queue
[2024-09-03T16:51:08.252+0000] {logging_mixin.py:190} INFO - [2024-09-03T16:51:08.251+0000] {dagbag.py:587} INFO - Filling up the DagBag from /home/airflow/.local/lib/python3.12/site-packages/airflow/example_dags/example_dag_decorator.py
[2024-09-03T16:51:08.266+0000] {processor.py:925} INFO - DAG(s) 'example_dag_decorator' retrieved from /home/airflow/.local/lib/python3.12/site-packages/airflow/example_dags/example_dag_decorator.py
[2024-09-03T16:51:08.391+0000] {logging_mixin.py:190} INFO - [2024-09-03T16:51:08.391+0000] {dag.py:3211} INFO - Sync 1 DAGs
[2024-09-03T16:51:08.407+0000] {logging_mixin.py:190} INFO - [2024-09-03T16:51:08.406+0000] {dag.py:4138} INFO - Setting next_dagrun for example_dag_decorator to None, run_after=None
[2024-09-03T16:51:08.420+0000] {processor.py:208} INFO - Processing /home/airflow/.local/lib/python3.12/site-packages/airflow/example_dags/example_dag_decorator.py took 0.184 seconds
[2024-09-03T16:51:38.850+0000] {processor.py:186} INFO - Started process (PID=296) to work on /home/airflow/.local/lib/python3.12/site-packages/airflow/example_dags/example_dag_decorator.py
[2024-09-03T16:51:38.852+0000] {processor.py:914} INFO - Processing file /home/airflow/.local/lib/python3.12/site-packages/airflow/example_dags/example_dag_decorator.py for tasks to queue
[2024-09-03T16:51:38.856+0000] {logging_mixin.py:190} INFO - [2024-09-03T16:51:38.856+0000] {dagbag.py:587} INFO - Filling up the DagBag from /home/airflow/.local/lib/python3.12/site-packages/airflow/example_dags/example_dag_decorator.py
[2024-09-03T16:51:38.975+0000] {processor.py:925} INFO - DAG(s) 'example_dag_decorator' retrieved from /home/airflow/.local/lib/python3.12/site-packages/airflow/example_dags/example_dag_decorator.py
[2024-09-03T16:51:39.738+0000] {logging_mixin.py:190} INFO - [2024-09-03T16:51:39.736+0000] {dag.py:3211} INFO - Sync 1 DAGs
[2024-09-03T16:51:39.762+0000] {logging_mixin.py:190} INFO - [2024-09-03T16:51:39.761+0000] {dag.py:4138} INFO - Setting next_dagrun for example_dag_decorator to None, run_after=None
[2024-09-03T16:51:39.795+0000] {processor.py:208} INFO - Processing /home/airflow/.local/lib/python3.12/site-packages/airflow/example_dags/example_dag_decorator.py took 0.968 seconds
[2024-09-03T16:52:10.382+0000] {processor.py:186} INFO - Started process (PID=359) to work on /home/airflow/.local/lib/python3.12/site-packages/airflow/example_dags/example_dag_decorator.py
[2024-09-03T16:52:10.389+0000] {processor.py:914} INFO - Processing file /home/airflow/.local/lib/python3.12/site-packages/airflow/example_dags/example_dag_decorator.py for tasks to queue
[2024-09-03T16:52:10.396+0000] {logging_mixin.py:190} INFO - [2024-09-03T16:52:10.395+0000] {dagbag.py:587} INFO - Filling up the DagBag from /home/airflow/.local/lib/python3.12/site-packages/airflow/example_dags/example_dag_decorator.py
[2024-09-03T16:52:10.432+0000] {processor.py:925} INFO - DAG(s) 'example_dag_decorator' retrieved from /home/airflow/.local/lib/python3.12/site-packages/airflow/example_dags/example_dag_decorator.py
[2024-09-03T16:52:10.657+0000] {logging_mixin.py:190} INFO - [2024-09-03T16:52:10.656+0000] {dag.py:3211} INFO - Sync 1 DAGs
[2024-09-03T16:52:10.666+0000] {logging_mixin.py:190} INFO - [2024-09-03T16:52:10.666+0000] {dag.py:4138} INFO - Setting next_dagrun for example_dag_decorator to None, run_after=None
[2024-09-03T16:52:10.680+0000] {processor.py:208} INFO - Processing /home/airflow/.local/lib/python3.12/site-packages/airflow/example_dags/example_dag_decorator.py took 0.320 seconds
[2024-09-03T16:52:40.846+0000] {processor.py:186} INFO - Started process (PID=422) to work on /home/airflow/.local/lib/python3.12/site-packages/airflow/example_dags/example_dag_decorator.py
[2024-09-03T16:52:40.856+0000] {processor.py:914} INFO - Processing file /home/airflow/.local/lib/python3.12/site-packages/airflow/example_dags/example_dag_decorator.py for tasks to queue
[2024-09-03T16:52:40.863+0000] {logging_mixin.py:190} INFO - [2024-09-03T16:52:40.862+0000] {dagbag.py:587} INFO - Filling up the DagBag from /home/airflow/.local/lib/python3.12/site-packages/airflow/example_dags/example_dag_decorator.py
[2024-09-03T16:52:40.904+0000] {processor.py:925} INFO - DAG(s) 'example_dag_decorator' retrieved from /home/airflow/.local/lib/python3.12/site-packages/airflow/example_dags/example_dag_decorator.py
[2024-09-03T16:52:41.204+0000] {logging_mixin.py:190} INFO - [2024-09-03T16:52:41.204+0000] {dag.py:3211} INFO - Sync 1 DAGs
[2024-09-03T16:52:41.217+0000] {logging_mixin.py:190} INFO - [2024-09-03T16:52:41.217+0000] {dag.py:4138} INFO - Setting next_dagrun for example_dag_decorator to None, run_after=None
[2024-09-03T16:52:41.245+0000] {processor.py:208} INFO - Processing /home/airflow/.local/lib/python3.12/site-packages/airflow/example_dags/example_dag_decorator.py took 0.429 seconds
[2024-09-03T16:53:11.575+0000] {processor.py:186} INFO - Started process (PID=485) to work on /home/airflow/.local/lib/python3.12/site-packages/airflow/example_dags/example_dag_decorator.py
[2024-09-03T16:53:11.579+0000] {processor.py:914} INFO - Processing file /home/airflow/.local/lib/python3.12/site-packages/airflow/example_dags/example_dag_decorator.py for tasks to queue
[2024-09-03T16:53:11.584+0000] {logging_mixin.py:190} INFO - [2024-09-03T16:53:11.583+0000] {dagbag.py:587} INFO - Filling up the DagBag from /home/airflow/.local/lib/python3.12/site-packages/airflow/example_dags/example_dag_decorator.py
[2024-09-03T16:53:11.627+0000] {processor.py:925} INFO - DAG(s) 'example_dag_decorator' retrieved from /home/airflow/.local/lib/python3.12/site-packages/airflow/example_dags/example_dag_decorator.py
[2024-09-03T16:53:11.809+0000] {logging_mixin.py:190} INFO - [2024-09-03T16:53:11.809+0000] {dag.py:3211} INFO - Sync 1 DAGs
[2024-09-03T16:53:11.819+0000] {logging_mixin.py:190} INFO - [2024-09-03T16:53:11.818+0000] {dag.py:4138} INFO - Setting next_dagrun for example_dag_decorator to None, run_after=None
[2024-09-03T16:53:11.835+0000] {processor.py:208} INFO - Processing /home/airflow/.local/lib/python3.12/site-packages/airflow/example_dags/example_dag_decorator.py took 0.273 seconds
[2024-09-03T16:53:42.164+0000] {processor.py:186} INFO - Started process (PID=549) to work on /home/airflow/.local/lib/python3.12/site-packages/airflow/example_dags/example_dag_decorator.py
[2024-09-03T16:53:42.186+0000] {processor.py:914} INFO - Processing file /home/airflow/.local/lib/python3.12/site-packages/airflow/example_dags/example_dag_decorator.py for tasks to queue
[2024-09-03T16:53:42.196+0000] {logging_mixin.py:190} INFO - [2024-09-03T16:53:42.196+0000] {dagbag.py:587} INFO - Filling up the DagBag from /home/airflow/.local/lib/python3.12/site-packages/airflow/example_dags/example_dag_decorator.py
[2024-09-03T16:53:42.247+0000] {processor.py:925} INFO - DAG(s) 'example_dag_decorator' retrieved from /home/airflow/.local/lib/python3.12/site-packages/airflow/example_dags/example_dag_decorator.py
[2024-09-03T16:53:42.639+0000] {logging_mixin.py:190} INFO - [2024-09-03T16:53:42.638+0000] {dag.py:3211} INFO - Sync 1 DAGs
[2024-09-03T16:53:42.654+0000] {logging_mixin.py:190} INFO - [2024-09-03T16:53:42.654+0000] {dag.py:4138} INFO - Setting next_dagrun for example_dag_decorator to None, run_after=None
[2024-09-03T16:53:42.704+0000] {processor.py:208} INFO - Processing /home/airflow/.local/lib/python3.12/site-packages/airflow/example_dags/example_dag_decorator.py took 0.584 seconds
[2024-09-03T16:54:12.848+0000] {processor.py:186} INFO - Started process (PID=612) to work on /home/airflow/.local/lib/python3.12/site-packages/airflow/example_dags/example_dag_decorator.py
[2024-09-03T16:54:12.851+0000] {processor.py:914} INFO - Processing file /home/airflow/.local/lib/python3.12/site-packages/airflow/example_dags/example_dag_decorator.py for tasks to queue
[2024-09-03T16:54:12.854+0000] {logging_mixin.py:190} INFO - [2024-09-03T16:54:12.854+0000] {dagbag.py:587} INFO - Filling up the DagBag from /home/airflow/.local/lib/python3.12/site-packages/airflow/example_dags/example_dag_decorator.py
[2024-09-03T16:54:12.867+0000] {processor.py:925} INFO - DAG(s) 'example_dag_decorator' retrieved from /home/airflow/.local/lib/python3.12/site-packages/airflow/example_dags/example_dag_decorator.py
[2024-09-03T16:54:13.004+0000] {logging_mixin.py:190} INFO - [2024-09-03T16:54:13.004+0000] {dag.py:3211} INFO - Sync 1 DAGs
[2024-09-03T16:54:13.012+0000] {logging_mixin.py:190} INFO - [2024-09-03T16:54:13.012+0000] {dag.py:4138} INFO - Setting next_dagrun for example_dag_decorator to None, run_after=None
[2024-09-03T16:54:13.024+0000] {processor.py:208} INFO - Processing /home/airflow/.local/lib/python3.12/site-packages/airflow/example_dags/example_dag_decorator.py took 0.194 seconds
[2024-09-03T16:54:43.183+0000] {processor.py:186} INFO - Started process (PID=675) to work on /home/airflow/.local/lib/python3.12/site-packages/airflow/example_dags/example_dag_decorator.py
[2024-09-03T16:54:43.185+0000] {processor.py:914} INFO - Processing file /home/airflow/.local/lib/python3.12/site-packages/airflow/example_dags/example_dag_decorator.py for tasks to queue
[2024-09-03T16:54:43.187+0000] {logging_mixin.py:190} INFO - [2024-09-03T16:54:43.187+0000] {dagbag.py:587} INFO - Filling up the DagBag from /home/airflow/.local/lib/python3.12/site-packages/airflow/example_dags/example_dag_decorator.py
[2024-09-03T16:54:43.200+0000] {processor.py:925} INFO - DAG(s) 'example_dag_decorator' retrieved from /home/airflow/.local/lib/python3.12/site-packages/airflow/example_dags/example_dag_decorator.py
[2024-09-03T16:54:43.306+0000] {logging_mixin.py:190} INFO - [2024-09-03T16:54:43.306+0000] {dag.py:3211} INFO - Sync 1 DAGs
[2024-09-03T16:54:43.320+0000] {logging_mixin.py:190} INFO - [2024-09-03T16:54:43.320+0000] {dag.py:4138} INFO - Setting next_dagrun for example_dag_decorator to None, run_after=None
[2024-09-03T16:54:43.339+0000] {processor.py:208} INFO - Processing /home/airflow/.local/lib/python3.12/site-packages/airflow/example_dags/example_dag_decorator.py took 0.161 seconds
[2024-09-03T16:55:13.486+0000] {processor.py:186} INFO - Started process (PID=738) to work on /home/airflow/.local/lib/python3.12/site-packages/airflow/example_dags/example_dag_decorator.py
[2024-09-03T16:55:13.492+0000] {processor.py:914} INFO - Processing file /home/airflow/.local/lib/python3.12/site-packages/airflow/example_dags/example_dag_decorator.py for tasks to queue
[2024-09-03T16:55:13.497+0000] {logging_mixin.py:190} INFO - [2024-09-03T16:55:13.496+0000] {dagbag.py:587} INFO - Filling up the DagBag from /home/airflow/.local/lib/python3.12/site-packages/airflow/example_dags/example_dag_decorator.py
[2024-09-03T16:55:13.532+0000] {processor.py:925} INFO - DAG(s) 'example_dag_decorator' retrieved from /home/airflow/.local/lib/python3.12/site-packages/airflow/example_dags/example_dag_decorator.py
[2024-09-03T16:55:13.674+0000] {logging_mixin.py:190} INFO - [2024-09-03T16:55:13.673+0000] {dag.py:3211} INFO - Sync 1 DAGs
[2024-09-03T16:55:13.682+0000] {logging_mixin.py:190} INFO - [2024-09-03T16:55:13.682+0000] {dag.py:4138} INFO - Setting next_dagrun for example_dag_decorator to None, run_after=None
[2024-09-03T16:55:13.696+0000] {processor.py:208} INFO - Processing /home/airflow/.local/lib/python3.12/site-packages/airflow/example_dags/example_dag_decorator.py took 0.225 seconds
[2024-09-03T16:55:44.581+0000] {processor.py:186} INFO - Started process (PID=801) to work on /home/airflow/.local/lib/python3.12/site-packages/airflow/example_dags/example_dag_decorator.py
[2024-09-03T16:55:44.586+0000] {processor.py:914} INFO - Processing file /home/airflow/.local/lib/python3.12/site-packages/airflow/example_dags/example_dag_decorator.py for tasks to queue
[2024-09-03T16:55:44.592+0000] {logging_mixin.py:190} INFO - [2024-09-03T16:55:44.591+0000] {dagbag.py:587} INFO - Filling up the DagBag from /home/airflow/.local/lib/python3.12/site-packages/airflow/example_dags/example_dag_decorator.py
[2024-09-03T16:55:44.616+0000] {processor.py:925} INFO - DAG(s) 'example_dag_decorator' retrieved from /home/airflow/.local/lib/python3.12/site-packages/airflow/example_dags/example_dag_decorator.py
[2024-09-03T16:55:44.791+0000] {logging_mixin.py:190} INFO - [2024-09-03T16:55:44.791+0000] {dag.py:3211} INFO - Sync 1 DAGs
[2024-09-03T16:55:44.812+0000] {logging_mixin.py:190} INFO - [2024-09-03T16:55:44.812+0000] {dag.py:4138} INFO - Setting next_dagrun for example_dag_decorator to None, run_after=None
[2024-09-03T16:55:44.826+0000] {processor.py:208} INFO - Processing /home/airflow/.local/lib/python3.12/site-packages/airflow/example_dags/example_dag_decorator.py took 0.264 seconds
[2024-09-03T16:56:15.285+0000] {processor.py:186} INFO - Started process (PID=864) to work on /home/airflow/.local/lib/python3.12/site-packages/airflow/example_dags/example_dag_decorator.py
[2024-09-03T16:56:15.288+0000] {processor.py:914} INFO - Processing file /home/airflow/.local/lib/python3.12/site-packages/airflow/example_dags/example_dag_decorator.py for tasks to queue
[2024-09-03T16:56:15.294+0000] {logging_mixin.py:190} INFO - [2024-09-03T16:56:15.294+0000] {dagbag.py:587} INFO - Filling up the DagBag from /home/airflow/.local/lib/python3.12/site-packages/airflow/example_dags/example_dag_decorator.py
[2024-09-03T16:56:15.332+0000] {processor.py:925} INFO - DAG(s) 'example_dag_decorator' retrieved from /home/airflow/.local/lib/python3.12/site-packages/airflow/example_dags/example_dag_decorator.py
[2024-09-03T16:56:15.458+0000] {logging_mixin.py:190} INFO - [2024-09-03T16:56:15.457+0000] {dag.py:3211} INFO - Sync 1 DAGs
[2024-09-03T16:56:15.465+0000] {logging_mixin.py:190} INFO - [2024-09-03T16:56:15.465+0000] {dag.py:4138} INFO - Setting next_dagrun for example_dag_decorator to None, run_after=None
[2024-09-03T16:56:15.486+0000] {processor.py:208} INFO - Processing /home/airflow/.local/lib/python3.12/site-packages/airflow/example_dags/example_dag_decorator.py took 0.229 seconds
[2024-09-03T16:56:46.395+0000] {processor.py:186} INFO - Started process (PID=927) to work on /home/airflow/.local/lib/python3.12/site-packages/airflow/example_dags/example_dag_decorator.py
[2024-09-03T16:56:46.400+0000] {processor.py:914} INFO - Processing file /home/airflow/.local/lib/python3.12/site-packages/airflow/example_dags/example_dag_decorator.py for tasks to queue
[2024-09-03T16:56:46.406+0000] {logging_mixin.py:190} INFO - [2024-09-03T16:56:46.405+0000] {dagbag.py:587} INFO - Filling up the DagBag from /home/airflow/.local/lib/python3.12/site-packages/airflow/example_dags/example_dag_decorator.py
[2024-09-03T16:56:46.429+0000] {processor.py:925} INFO - DAG(s) 'example_dag_decorator' retrieved from /home/airflow/.local/lib/python3.12/site-packages/airflow/example_dags/example_dag_decorator.py
[2024-09-03T16:56:46.551+0000] {logging_mixin.py:190} INFO - [2024-09-03T16:56:46.551+0000] {dag.py:3211} INFO - Sync 1 DAGs
[2024-09-03T16:56:46.559+0000] {logging_mixin.py:190} INFO - [2024-09-03T16:56:46.559+0000] {dag.py:4138} INFO - Setting next_dagrun for example_dag_decorator to None, run_after=None
[2024-09-03T16:56:46.572+0000] {processor.py:208} INFO - Processing /home/airflow/.local/lib/python3.12/site-packages/airflow/example_dags/example_dag_decorator.py took 0.214 seconds
[2024-09-03T16:57:17.351+0000] {processor.py:186} INFO - Started process (PID=991) to work on /home/airflow/.local/lib/python3.12/site-packages/airflow/example_dags/example_dag_decorator.py
[2024-09-03T16:57:17.355+0000] {processor.py:914} INFO - Processing file /home/airflow/.local/lib/python3.12/site-packages/airflow/example_dags/example_dag_decorator.py for tasks to queue
[2024-09-03T16:57:17.365+0000] {logging_mixin.py:190} INFO - [2024-09-03T16:57:17.365+0000] {dagbag.py:587} INFO - Filling up the DagBag from /home/airflow/.local/lib/python3.12/site-packages/airflow/example_dags/example_dag_decorator.py
[2024-09-03T16:57:17.388+0000] {processor.py:925} INFO - DAG(s) 'example_dag_decorator' retrieved from /home/airflow/.local/lib/python3.12/site-packages/airflow/example_dags/example_dag_decorator.py
[2024-09-03T16:57:17.544+0000] {logging_mixin.py:190} INFO - [2024-09-03T16:57:17.544+0000] {dag.py:3211} INFO - Sync 1 DAGs
[2024-09-03T16:57:17.554+0000] {logging_mixin.py:190} INFO - [2024-09-03T16:57:17.554+0000] {dag.py:4138} INFO - Setting next_dagrun for example_dag_decorator to None, run_after=None
[2024-09-03T16:57:17.565+0000] {processor.py:208} INFO - Processing /home/airflow/.local/lib/python3.12/site-packages/airflow/example_dags/example_dag_decorator.py took 0.232 seconds
[2024-09-03T16:57:48.619+0000] {processor.py:186} INFO - Started process (PID=1054) to work on /home/airflow/.local/lib/python3.12/site-packages/airflow/example_dags/example_dag_decorator.py
[2024-09-03T16:57:48.622+0000] {processor.py:914} INFO - Processing file /home/airflow/.local/lib/python3.12/site-packages/airflow/example_dags/example_dag_decorator.py for tasks to queue
[2024-09-03T16:57:48.640+0000] {logging_mixin.py:190} INFO - [2024-09-03T16:57:48.636+0000] {dagbag.py:587} INFO - Filling up the DagBag from /home/airflow/.local/lib/python3.12/site-packages/airflow/example_dags/example_dag_decorator.py
[2024-09-03T16:57:48.668+0000] {processor.py:925} INFO - DAG(s) 'example_dag_decorator' retrieved from /home/airflow/.local/lib/python3.12/site-packages/airflow/example_dags/example_dag_decorator.py
[2024-09-03T16:57:48.793+0000] {logging_mixin.py:190} INFO - [2024-09-03T16:57:48.793+0000] {dag.py:3211} INFO - Sync 1 DAGs
[2024-09-03T16:57:48.802+0000] {logging_mixin.py:190} INFO - [2024-09-03T16:57:48.802+0000] {dag.py:4138} INFO - Setting next_dagrun for example_dag_decorator to None, run_after=None
[2024-09-03T16:57:48.811+0000] {processor.py:208} INFO - Processing /home/airflow/.local/lib/python3.12/site-packages/airflow/example_dags/example_dag_decorator.py took 0.208 seconds
[2024-09-03T16:58:19.715+0000] {processor.py:186} INFO - Started process (PID=1117) to work on /home/airflow/.local/lib/python3.12/site-packages/airflow/example_dags/example_dag_decorator.py
[2024-09-03T16:58:19.718+0000] {processor.py:914} INFO - Processing file /home/airflow/.local/lib/python3.12/site-packages/airflow/example_dags/example_dag_decorator.py for tasks to queue
[2024-09-03T16:58:19.724+0000] {logging_mixin.py:190} INFO - [2024-09-03T16:58:19.723+0000] {dagbag.py:587} INFO - Filling up the DagBag from /home/airflow/.local/lib/python3.12/site-packages/airflow/example_dags/example_dag_decorator.py
[2024-09-03T16:58:19.757+0000] {processor.py:925} INFO - DAG(s) 'example_dag_decorator' retrieved from /home/airflow/.local/lib/python3.12/site-packages/airflow/example_dags/example_dag_decorator.py
[2024-09-03T16:58:19.927+0000] {logging_mixin.py:190} INFO - [2024-09-03T16:58:19.927+0000] {dag.py:3211} INFO - Sync 1 DAGs
[2024-09-03T16:58:19.936+0000] {logging_mixin.py:190} INFO - [2024-09-03T16:58:19.936+0000] {dag.py:4138} INFO - Setting next_dagrun for example_dag_decorator to None, run_after=None
[2024-09-03T16:58:19.955+0000] {processor.py:208} INFO - Processing /home/airflow/.local/lib/python3.12/site-packages/airflow/example_dags/example_dag_decorator.py took 0.256 seconds
