[2024-09-03T16:49:40.973+0000] {processor.py:186} INFO - Started process (PID=56) to work on /home/airflow/.local/lib/python3.12/site-packages/airflow/example_dags/example_task_group_decorator.py
[2024-09-03T16:49:40.978+0000] {processor.py:914} INFO - Processing file /home/airflow/.local/lib/python3.12/site-packages/airflow/example_dags/example_task_group_decorator.py for tasks to queue
[2024-09-03T16:49:41.038+0000] {logging_mixin.py:190} INFO - [2024-09-03T16:49:41.000+0000] {dagbag.py:587} INFO - Filling up the DagBag from /home/airflow/.local/lib/python3.12/site-packages/airflow/example_dags/example_task_group_decorator.py
[2024-09-03T16:49:41.270+0000] {processor.py:925} INFO - DAG(s) 'example_task_group_decorator' retrieved from /home/airflow/.local/lib/python3.12/site-packages/airflow/example_dags/example_task_group_decorator.py
[2024-09-03T16:49:42.433+0000] {logging_mixin.py:190} INFO - [2024-09-03T16:49:42.412+0000] {override.py:1858} INFO - Created Permission View: can delete on DAG:example_task_group_decorator
[2024-09-03T16:49:42.489+0000] {logging_mixin.py:190} INFO - [2024-09-03T16:49:42.489+0000] {override.py:1858} INFO - Created Permission View: can edit on DAG:example_task_group_decorator
[2024-09-03T16:49:42.498+0000] {logging_mixin.py:190} INFO - [2024-09-03T16:49:42.498+0000] {override.py:1858} INFO - Created Permission View: can read on DAG:example_task_group_decorator
[2024-09-03T16:49:42.503+0000] {logging_mixin.py:190} INFO - [2024-09-03T16:49:42.503+0000] {dag.py:3211} INFO - Sync 1 DAGs
[2024-09-03T16:49:42.588+0000] {logging_mixin.py:190} INFO - [2024-09-03T16:49:42.579+0000] {dag.py:3234} INFO - Creating ORM DAG for example_task_group_decorator
[2024-09-03T16:49:42.677+0000] {logging_mixin.py:190} INFO - [2024-09-03T16:49:42.677+0000] {dag.py:4138} INFO - Setting next_dagrun for example_task_group_decorator to 2024-09-02 00:00:00+00:00, run_after=2024-09-03 00:00:00+00:00
[2024-09-03T16:49:42.796+0000] {processor.py:208} INFO - Processing /home/airflow/.local/lib/python3.12/site-packages/airflow/example_dags/example_task_group_decorator.py took 1.882 seconds
[2024-09-03T16:50:13.506+0000] {processor.py:186} INFO - Started process (PID=119) to work on /home/airflow/.local/lib/python3.12/site-packages/airflow/example_dags/example_task_group_decorator.py
[2024-09-03T16:50:13.758+0000] {processor.py:914} INFO - Processing file /home/airflow/.local/lib/python3.12/site-packages/airflow/example_dags/example_task_group_decorator.py for tasks to queue
[2024-09-03T16:50:13.833+0000] {logging_mixin.py:190} INFO - [2024-09-03T16:50:13.817+0000] {dagbag.py:587} INFO - Filling up the DagBag from /home/airflow/.local/lib/python3.12/site-packages/airflow/example_dags/example_task_group_decorator.py
[2024-09-03T16:50:14.103+0000] {processor.py:925} INFO - DAG(s) 'example_task_group_decorator' retrieved from /home/airflow/.local/lib/python3.12/site-packages/airflow/example_dags/example_task_group_decorator.py
[2024-09-03T16:50:14.427+0000] {logging_mixin.py:190} INFO - [2024-09-03T16:50:14.425+0000] {dag.py:3211} INFO - Sync 1 DAGs
[2024-09-03T16:50:14.794+0000] {logging_mixin.py:190} INFO - [2024-09-03T16:50:14.793+0000] {dag.py:4138} INFO - Setting next_dagrun for example_task_group_decorator to 2024-09-02 00:00:00+00:00, run_after=2024-09-03 00:00:00+00:00
[2024-09-03T16:50:15.020+0000] {processor.py:208} INFO - Processing /home/airflow/.local/lib/python3.12/site-packages/airflow/example_dags/example_task_group_decorator.py took 1.601 seconds
[2024-09-03T16:50:45.400+0000] {processor.py:186} INFO - Started process (PID=181) to work on /home/airflow/.local/lib/python3.12/site-packages/airflow/example_dags/example_task_group_decorator.py
[2024-09-03T16:50:45.402+0000] {processor.py:914} INFO - Processing file /home/airflow/.local/lib/python3.12/site-packages/airflow/example_dags/example_task_group_decorator.py for tasks to queue
[2024-09-03T16:50:45.409+0000] {logging_mixin.py:190} INFO - [2024-09-03T16:50:45.407+0000] {dagbag.py:587} INFO - Filling up the DagBag from /home/airflow/.local/lib/python3.12/site-packages/airflow/example_dags/example_task_group_decorator.py
[2024-09-03T16:50:45.481+0000] {processor.py:925} INFO - DAG(s) 'example_task_group_decorator' retrieved from /home/airflow/.local/lib/python3.12/site-packages/airflow/example_dags/example_task_group_decorator.py
[2024-09-03T16:50:45.600+0000] {logging_mixin.py:190} INFO - [2024-09-03T16:50:45.600+0000] {dag.py:3211} INFO - Sync 1 DAGs
[2024-09-03T16:50:45.766+0000] {logging_mixin.py:190} INFO - [2024-09-03T16:50:45.766+0000] {dag.py:4138} INFO - Setting next_dagrun for example_task_group_decorator to 2024-09-02 00:00:00+00:00, run_after=2024-09-03 00:00:00+00:00
[2024-09-03T16:50:45.853+0000] {processor.py:208} INFO - Processing /home/airflow/.local/lib/python3.12/site-packages/airflow/example_dags/example_task_group_decorator.py took 0.475 seconds
[2024-09-03T16:51:16.073+0000] {processor.py:186} INFO - Started process (PID=244) to work on /home/airflow/.local/lib/python3.12/site-packages/airflow/example_dags/example_task_group_decorator.py
[2024-09-03T16:51:16.075+0000] {processor.py:914} INFO - Processing file /home/airflow/.local/lib/python3.12/site-packages/airflow/example_dags/example_task_group_decorator.py for tasks to queue
[2024-09-03T16:51:16.080+0000] {logging_mixin.py:190} INFO - [2024-09-03T16:51:16.079+0000] {dagbag.py:587} INFO - Filling up the DagBag from /home/airflow/.local/lib/python3.12/site-packages/airflow/example_dags/example_task_group_decorator.py
[2024-09-03T16:51:16.106+0000] {processor.py:925} INFO - DAG(s) 'example_task_group_decorator' retrieved from /home/airflow/.local/lib/python3.12/site-packages/airflow/example_dags/example_task_group_decorator.py
[2024-09-03T16:51:16.129+0000] {logging_mixin.py:190} INFO - [2024-09-03T16:51:16.129+0000] {dag.py:3211} INFO - Sync 1 DAGs
[2024-09-03T16:51:16.153+0000] {logging_mixin.py:190} INFO - [2024-09-03T16:51:16.153+0000] {dag.py:4138} INFO - Setting next_dagrun for example_task_group_decorator to 2024-09-02 00:00:00+00:00, run_after=2024-09-03 00:00:00+00:00
[2024-09-03T16:51:16.163+0000] {processor.py:208} INFO - Processing /home/airflow/.local/lib/python3.12/site-packages/airflow/example_dags/example_task_group_decorator.py took 0.102 seconds
[2024-09-03T16:51:46.347+0000] {processor.py:186} INFO - Started process (PID=307) to work on /home/airflow/.local/lib/python3.12/site-packages/airflow/example_dags/example_task_group_decorator.py
[2024-09-03T16:51:46.352+0000] {processor.py:914} INFO - Processing file /home/airflow/.local/lib/python3.12/site-packages/airflow/example_dags/example_task_group_decorator.py for tasks to queue
[2024-09-03T16:51:46.359+0000] {logging_mixin.py:190} INFO - [2024-09-03T16:51:46.358+0000] {dagbag.py:587} INFO - Filling up the DagBag from /home/airflow/.local/lib/python3.12/site-packages/airflow/example_dags/example_task_group_decorator.py
[2024-09-03T16:51:46.395+0000] {processor.py:925} INFO - DAG(s) 'example_task_group_decorator' retrieved from /home/airflow/.local/lib/python3.12/site-packages/airflow/example_dags/example_task_group_decorator.py
[2024-09-03T16:51:46.444+0000] {logging_mixin.py:190} INFO - [2024-09-03T16:51:46.444+0000] {dag.py:3211} INFO - Sync 1 DAGs
[2024-09-03T16:51:46.479+0000] {logging_mixin.py:190} INFO - [2024-09-03T16:51:46.479+0000] {dag.py:4138} INFO - Setting next_dagrun for example_task_group_decorator to 2024-09-02 00:00:00+00:00, run_after=2024-09-03 00:00:00+00:00
[2024-09-03T16:51:46.502+0000] {processor.py:208} INFO - Processing /home/airflow/.local/lib/python3.12/site-packages/airflow/example_dags/example_task_group_decorator.py took 0.183 seconds
[2024-09-03T16:52:16.801+0000] {processor.py:186} INFO - Started process (PID=370) to work on /home/airflow/.local/lib/python3.12/site-packages/airflow/example_dags/example_task_group_decorator.py
[2024-09-03T16:52:16.804+0000] {processor.py:914} INFO - Processing file /home/airflow/.local/lib/python3.12/site-packages/airflow/example_dags/example_task_group_decorator.py for tasks to queue
[2024-09-03T16:52:16.810+0000] {logging_mixin.py:190} INFO - [2024-09-03T16:52:16.809+0000] {dagbag.py:587} INFO - Filling up the DagBag from /home/airflow/.local/lib/python3.12/site-packages/airflow/example_dags/example_task_group_decorator.py
[2024-09-03T16:52:16.838+0000] {processor.py:925} INFO - DAG(s) 'example_task_group_decorator' retrieved from /home/airflow/.local/lib/python3.12/site-packages/airflow/example_dags/example_task_group_decorator.py
[2024-09-03T16:52:16.892+0000] {logging_mixin.py:190} INFO - [2024-09-03T16:52:16.892+0000] {dag.py:3211} INFO - Sync 1 DAGs
[2024-09-03T16:52:16.933+0000] {logging_mixin.py:190} INFO - [2024-09-03T16:52:16.933+0000] {dag.py:4138} INFO - Setting next_dagrun for example_task_group_decorator to 2024-09-02 00:00:00+00:00, run_after=2024-09-03 00:00:00+00:00
[2024-09-03T16:52:16.948+0000] {processor.py:208} INFO - Processing /home/airflow/.local/lib/python3.12/site-packages/airflow/example_dags/example_task_group_decorator.py took 0.172 seconds
[2024-09-03T16:52:47.260+0000] {processor.py:186} INFO - Started process (PID=433) to work on /home/airflow/.local/lib/python3.12/site-packages/airflow/example_dags/example_task_group_decorator.py
[2024-09-03T16:52:47.262+0000] {processor.py:914} INFO - Processing file /home/airflow/.local/lib/python3.12/site-packages/airflow/example_dags/example_task_group_decorator.py for tasks to queue
[2024-09-03T16:52:47.268+0000] {logging_mixin.py:190} INFO - [2024-09-03T16:52:47.267+0000] {dagbag.py:587} INFO - Filling up the DagBag from /home/airflow/.local/lib/python3.12/site-packages/airflow/example_dags/example_task_group_decorator.py
[2024-09-03T16:52:47.294+0000] {processor.py:925} INFO - DAG(s) 'example_task_group_decorator' retrieved from /home/airflow/.local/lib/python3.12/site-packages/airflow/example_dags/example_task_group_decorator.py
[2024-09-03T16:52:47.355+0000] {logging_mixin.py:190} INFO - [2024-09-03T16:52:47.354+0000] {dag.py:3211} INFO - Sync 1 DAGs
[2024-09-03T16:52:47.392+0000] {logging_mixin.py:190} INFO - [2024-09-03T16:52:47.392+0000] {dag.py:4138} INFO - Setting next_dagrun for example_task_group_decorator to 2024-09-02 00:00:00+00:00, run_after=2024-09-03 00:00:00+00:00
[2024-09-03T16:52:47.410+0000] {processor.py:208} INFO - Processing /home/airflow/.local/lib/python3.12/site-packages/airflow/example_dags/example_task_group_decorator.py took 0.171 seconds
[2024-09-03T16:53:17.743+0000] {processor.py:186} INFO - Started process (PID=496) to work on /home/airflow/.local/lib/python3.12/site-packages/airflow/example_dags/example_task_group_decorator.py
[2024-09-03T16:53:17.747+0000] {processor.py:914} INFO - Processing file /home/airflow/.local/lib/python3.12/site-packages/airflow/example_dags/example_task_group_decorator.py for tasks to queue
[2024-09-03T16:53:17.755+0000] {logging_mixin.py:190} INFO - [2024-09-03T16:53:17.754+0000] {dagbag.py:587} INFO - Filling up the DagBag from /home/airflow/.local/lib/python3.12/site-packages/airflow/example_dags/example_task_group_decorator.py
[2024-09-03T16:53:17.788+0000] {processor.py:925} INFO - DAG(s) 'example_task_group_decorator' retrieved from /home/airflow/.local/lib/python3.12/site-packages/airflow/example_dags/example_task_group_decorator.py
[2024-09-03T16:53:17.840+0000] {logging_mixin.py:190} INFO - [2024-09-03T16:53:17.840+0000] {dag.py:3211} INFO - Sync 1 DAGs
[2024-09-03T16:53:17.883+0000] {logging_mixin.py:190} INFO - [2024-09-03T16:53:17.883+0000] {dag.py:4138} INFO - Setting next_dagrun for example_task_group_decorator to 2024-09-02 00:00:00+00:00, run_after=2024-09-03 00:00:00+00:00
[2024-09-03T16:53:17.897+0000] {processor.py:208} INFO - Processing /home/airflow/.local/lib/python3.12/site-packages/airflow/example_dags/example_task_group_decorator.py took 0.196 seconds
[2024-09-03T16:53:48.681+0000] {processor.py:186} INFO - Started process (PID=560) to work on /home/airflow/.local/lib/python3.12/site-packages/airflow/example_dags/example_task_group_decorator.py
[2024-09-03T16:53:48.689+0000] {processor.py:914} INFO - Processing file /home/airflow/.local/lib/python3.12/site-packages/airflow/example_dags/example_task_group_decorator.py for tasks to queue
[2024-09-03T16:53:48.702+0000] {logging_mixin.py:190} INFO - [2024-09-03T16:53:48.702+0000] {dagbag.py:587} INFO - Filling up the DagBag from /home/airflow/.local/lib/python3.12/site-packages/airflow/example_dags/example_task_group_decorator.py
[2024-09-03T16:53:48.736+0000] {processor.py:925} INFO - DAG(s) 'example_task_group_decorator' retrieved from /home/airflow/.local/lib/python3.12/site-packages/airflow/example_dags/example_task_group_decorator.py
[2024-09-03T16:53:48.789+0000] {logging_mixin.py:190} INFO - [2024-09-03T16:53:48.789+0000] {dag.py:3211} INFO - Sync 1 DAGs
[2024-09-03T16:53:48.813+0000] {logging_mixin.py:190} INFO - [2024-09-03T16:53:48.813+0000] {dag.py:4138} INFO - Setting next_dagrun for example_task_group_decorator to 2024-09-02 00:00:00+00:00, run_after=2024-09-03 00:00:00+00:00
[2024-09-03T16:53:48.831+0000] {processor.py:208} INFO - Processing /home/airflow/.local/lib/python3.12/site-packages/airflow/example_dags/example_task_group_decorator.py took 0.171 seconds
[2024-09-03T16:54:19.067+0000] {processor.py:186} INFO - Started process (PID=623) to work on /home/airflow/.local/lib/python3.12/site-packages/airflow/example_dags/example_task_group_decorator.py
[2024-09-03T16:54:19.069+0000] {processor.py:914} INFO - Processing file /home/airflow/.local/lib/python3.12/site-packages/airflow/example_dags/example_task_group_decorator.py for tasks to queue
[2024-09-03T16:54:19.077+0000] {logging_mixin.py:190} INFO - [2024-09-03T16:54:19.076+0000] {dagbag.py:587} INFO - Filling up the DagBag from /home/airflow/.local/lib/python3.12/site-packages/airflow/example_dags/example_task_group_decorator.py
[2024-09-03T16:54:19.138+0000] {processor.py:925} INFO - DAG(s) 'example_task_group_decorator' retrieved from /home/airflow/.local/lib/python3.12/site-packages/airflow/example_dags/example_task_group_decorator.py
[2024-09-03T16:54:19.232+0000] {logging_mixin.py:190} INFO - [2024-09-03T16:54:19.232+0000] {dag.py:3211} INFO - Sync 1 DAGs
[2024-09-03T16:54:19.266+0000] {logging_mixin.py:190} INFO - [2024-09-03T16:54:19.266+0000] {dag.py:4138} INFO - Setting next_dagrun for example_task_group_decorator to 2024-09-02 00:00:00+00:00, run_after=2024-09-03 00:00:00+00:00
[2024-09-03T16:54:19.287+0000] {processor.py:208} INFO - Processing /home/airflow/.local/lib/python3.12/site-packages/airflow/example_dags/example_task_group_decorator.py took 0.256 seconds
[2024-09-03T16:54:50.201+0000] {processor.py:186} INFO - Started process (PID=686) to work on /home/airflow/.local/lib/python3.12/site-packages/airflow/example_dags/example_task_group_decorator.py
[2024-09-03T16:54:50.204+0000] {processor.py:914} INFO - Processing file /home/airflow/.local/lib/python3.12/site-packages/airflow/example_dags/example_task_group_decorator.py for tasks to queue
[2024-09-03T16:54:50.214+0000] {logging_mixin.py:190} INFO - [2024-09-03T16:54:50.213+0000] {dagbag.py:587} INFO - Filling up the DagBag from /home/airflow/.local/lib/python3.12/site-packages/airflow/example_dags/example_task_group_decorator.py
[2024-09-03T16:54:50.310+0000] {processor.py:925} INFO - DAG(s) 'example_task_group_decorator' retrieved from /home/airflow/.local/lib/python3.12/site-packages/airflow/example_dags/example_task_group_decorator.py
[2024-09-03T16:54:50.408+0000] {logging_mixin.py:190} INFO - [2024-09-03T16:54:50.408+0000] {dag.py:3211} INFO - Sync 1 DAGs
[2024-09-03T16:54:50.441+0000] {logging_mixin.py:190} INFO - [2024-09-03T16:54:50.440+0000] {dag.py:4138} INFO - Setting next_dagrun for example_task_group_decorator to 2024-09-02 00:00:00+00:00, run_after=2024-09-03 00:00:00+00:00
[2024-09-03T16:54:50.474+0000] {processor.py:208} INFO - Processing /home/airflow/.local/lib/python3.12/site-packages/airflow/example_dags/example_task_group_decorator.py took 0.313 seconds
[2024-09-03T16:55:21.522+0000] {processor.py:186} INFO - Started process (PID=749) to work on /home/airflow/.local/lib/python3.12/site-packages/airflow/example_dags/example_task_group_decorator.py
[2024-09-03T16:55:21.530+0000] {processor.py:914} INFO - Processing file /home/airflow/.local/lib/python3.12/site-packages/airflow/example_dags/example_task_group_decorator.py for tasks to queue
[2024-09-03T16:55:21.542+0000] {logging_mixin.py:190} INFO - [2024-09-03T16:55:21.540+0000] {dagbag.py:587} INFO - Filling up the DagBag from /home/airflow/.local/lib/python3.12/site-packages/airflow/example_dags/example_task_group_decorator.py
[2024-09-03T16:55:21.597+0000] {processor.py:925} INFO - DAG(s) 'example_task_group_decorator' retrieved from /home/airflow/.local/lib/python3.12/site-packages/airflow/example_dags/example_task_group_decorator.py
[2024-09-03T16:55:21.667+0000] {logging_mixin.py:190} INFO - [2024-09-03T16:55:21.666+0000] {dag.py:3211} INFO - Sync 1 DAGs
[2024-09-03T16:55:21.713+0000] {logging_mixin.py:190} INFO - [2024-09-03T16:55:21.713+0000] {dag.py:4138} INFO - Setting next_dagrun for example_task_group_decorator to 2024-09-02 00:00:00+00:00, run_after=2024-09-03 00:00:00+00:00
[2024-09-03T16:55:21.726+0000] {processor.py:208} INFO - Processing /home/airflow/.local/lib/python3.12/site-packages/airflow/example_dags/example_task_group_decorator.py took 0.239 seconds
[2024-09-03T16:55:52.539+0000] {processor.py:186} INFO - Started process (PID=813) to work on /home/airflow/.local/lib/python3.12/site-packages/airflow/example_dags/example_task_group_decorator.py
[2024-09-03T16:55:52.541+0000] {processor.py:914} INFO - Processing file /home/airflow/.local/lib/python3.12/site-packages/airflow/example_dags/example_task_group_decorator.py for tasks to queue
[2024-09-03T16:55:52.547+0000] {logging_mixin.py:190} INFO - [2024-09-03T16:55:52.547+0000] {dagbag.py:587} INFO - Filling up the DagBag from /home/airflow/.local/lib/python3.12/site-packages/airflow/example_dags/example_task_group_decorator.py
[2024-09-03T16:55:52.581+0000] {processor.py:925} INFO - DAG(s) 'example_task_group_decorator' retrieved from /home/airflow/.local/lib/python3.12/site-packages/airflow/example_dags/example_task_group_decorator.py
[2024-09-03T16:55:52.622+0000] {logging_mixin.py:190} INFO - [2024-09-03T16:55:52.622+0000] {dag.py:3211} INFO - Sync 1 DAGs
[2024-09-03T16:55:52.647+0000] {logging_mixin.py:190} INFO - [2024-09-03T16:55:52.647+0000] {dag.py:4138} INFO - Setting next_dagrun for example_task_group_decorator to 2024-09-02 00:00:00+00:00, run_after=2024-09-03 00:00:00+00:00
[2024-09-03T16:55:52.661+0000] {processor.py:208} INFO - Processing /home/airflow/.local/lib/python3.12/site-packages/airflow/example_dags/example_task_group_decorator.py took 0.141 seconds
[2024-09-03T16:56:23.357+0000] {processor.py:186} INFO - Started process (PID=876) to work on /home/airflow/.local/lib/python3.12/site-packages/airflow/example_dags/example_task_group_decorator.py
[2024-09-03T16:56:23.359+0000] {processor.py:914} INFO - Processing file /home/airflow/.local/lib/python3.12/site-packages/airflow/example_dags/example_task_group_decorator.py for tasks to queue
[2024-09-03T16:56:23.364+0000] {logging_mixin.py:190} INFO - [2024-09-03T16:56:23.363+0000] {dagbag.py:587} INFO - Filling up the DagBag from /home/airflow/.local/lib/python3.12/site-packages/airflow/example_dags/example_task_group_decorator.py
[2024-09-03T16:56:23.397+0000] {processor.py:925} INFO - DAG(s) 'example_task_group_decorator' retrieved from /home/airflow/.local/lib/python3.12/site-packages/airflow/example_dags/example_task_group_decorator.py
[2024-09-03T16:56:23.438+0000] {logging_mixin.py:190} INFO - [2024-09-03T16:56:23.437+0000] {dag.py:3211} INFO - Sync 1 DAGs
[2024-09-03T16:56:23.459+0000] {logging_mixin.py:190} INFO - [2024-09-03T16:56:23.459+0000] {dag.py:4138} INFO - Setting next_dagrun for example_task_group_decorator to 2024-09-02 00:00:00+00:00, run_after=2024-09-03 00:00:00+00:00
[2024-09-03T16:56:23.485+0000] {processor.py:208} INFO - Processing /home/airflow/.local/lib/python3.12/site-packages/airflow/example_dags/example_task_group_decorator.py took 0.147 seconds
[2024-09-03T16:56:54.288+0000] {processor.py:186} INFO - Started process (PID=939) to work on /home/airflow/.local/lib/python3.12/site-packages/airflow/example_dags/example_task_group_decorator.py
[2024-09-03T16:56:54.290+0000] {processor.py:914} INFO - Processing file /home/airflow/.local/lib/python3.12/site-packages/airflow/example_dags/example_task_group_decorator.py for tasks to queue
[2024-09-03T16:56:54.294+0000] {logging_mixin.py:190} INFO - [2024-09-03T16:56:54.293+0000] {dagbag.py:587} INFO - Filling up the DagBag from /home/airflow/.local/lib/python3.12/site-packages/airflow/example_dags/example_task_group_decorator.py
[2024-09-03T16:56:54.326+0000] {processor.py:925} INFO - DAG(s) 'example_task_group_decorator' retrieved from /home/airflow/.local/lib/python3.12/site-packages/airflow/example_dags/example_task_group_decorator.py
[2024-09-03T16:56:54.357+0000] {logging_mixin.py:190} INFO - [2024-09-03T16:56:54.357+0000] {dag.py:3211} INFO - Sync 1 DAGs
[2024-09-03T16:56:54.382+0000] {logging_mixin.py:190} INFO - [2024-09-03T16:56:54.381+0000] {dag.py:4138} INFO - Setting next_dagrun for example_task_group_decorator to 2024-09-02 00:00:00+00:00, run_after=2024-09-03 00:00:00+00:00
[2024-09-03T16:56:54.401+0000] {processor.py:208} INFO - Processing /home/airflow/.local/lib/python3.12/site-packages/airflow/example_dags/example_task_group_decorator.py took 0.130 seconds
[2024-09-03T16:57:25.303+0000] {processor.py:186} INFO - Started process (PID=1003) to work on /home/airflow/.local/lib/python3.12/site-packages/airflow/example_dags/example_task_group_decorator.py
[2024-09-03T16:57:25.305+0000] {processor.py:914} INFO - Processing file /home/airflow/.local/lib/python3.12/site-packages/airflow/example_dags/example_task_group_decorator.py for tasks to queue
[2024-09-03T16:57:25.308+0000] {logging_mixin.py:190} INFO - [2024-09-03T16:57:25.307+0000] {dagbag.py:587} INFO - Filling up the DagBag from /home/airflow/.local/lib/python3.12/site-packages/airflow/example_dags/example_task_group_decorator.py
[2024-09-03T16:57:25.326+0000] {processor.py:925} INFO - DAG(s) 'example_task_group_decorator' retrieved from /home/airflow/.local/lib/python3.12/site-packages/airflow/example_dags/example_task_group_decorator.py
[2024-09-03T16:57:25.353+0000] {logging_mixin.py:190} INFO - [2024-09-03T16:57:25.353+0000] {dag.py:3211} INFO - Sync 1 DAGs
[2024-09-03T16:57:25.369+0000] {logging_mixin.py:190} INFO - [2024-09-03T16:57:25.369+0000] {dag.py:4138} INFO - Setting next_dagrun for example_task_group_decorator to 2024-09-02 00:00:00+00:00, run_after=2024-09-03 00:00:00+00:00
[2024-09-03T16:57:25.385+0000] {processor.py:208} INFO - Processing /home/airflow/.local/lib/python3.12/site-packages/airflow/example_dags/example_task_group_decorator.py took 0.091 seconds
[2024-09-03T16:57:55.695+0000] {processor.py:186} INFO - Started process (PID=1066) to work on /home/airflow/.local/lib/python3.12/site-packages/airflow/example_dags/example_task_group_decorator.py
[2024-09-03T16:57:55.697+0000] {processor.py:914} INFO - Processing file /home/airflow/.local/lib/python3.12/site-packages/airflow/example_dags/example_task_group_decorator.py for tasks to queue
[2024-09-03T16:57:55.701+0000] {logging_mixin.py:190} INFO - [2024-09-03T16:57:55.701+0000] {dagbag.py:587} INFO - Filling up the DagBag from /home/airflow/.local/lib/python3.12/site-packages/airflow/example_dags/example_task_group_decorator.py
[2024-09-03T16:57:55.738+0000] {processor.py:925} INFO - DAG(s) 'example_task_group_decorator' retrieved from /home/airflow/.local/lib/python3.12/site-packages/airflow/example_dags/example_task_group_decorator.py
[2024-09-03T16:57:55.785+0000] {logging_mixin.py:190} INFO - [2024-09-03T16:57:55.785+0000] {dag.py:3211} INFO - Sync 1 DAGs
[2024-09-03T16:57:55.818+0000] {logging_mixin.py:190} INFO - [2024-09-03T16:57:55.818+0000] {dag.py:4138} INFO - Setting next_dagrun for example_task_group_decorator to 2024-09-02 00:00:00+00:00, run_after=2024-09-03 00:00:00+00:00
[2024-09-03T16:57:55.858+0000] {processor.py:208} INFO - Processing /home/airflow/.local/lib/python3.12/site-packages/airflow/example_dags/example_task_group_decorator.py took 0.171 seconds
[2024-09-03T16:58:26.641+0000] {processor.py:186} INFO - Started process (PID=1129) to work on /home/airflow/.local/lib/python3.12/site-packages/airflow/example_dags/example_task_group_decorator.py
[2024-09-03T16:58:26.643+0000] {processor.py:914} INFO - Processing file /home/airflow/.local/lib/python3.12/site-packages/airflow/example_dags/example_task_group_decorator.py for tasks to queue
[2024-09-03T16:58:26.646+0000] {logging_mixin.py:190} INFO - [2024-09-03T16:58:26.646+0000] {dagbag.py:587} INFO - Filling up the DagBag from /home/airflow/.local/lib/python3.12/site-packages/airflow/example_dags/example_task_group_decorator.py
[2024-09-03T16:58:26.693+0000] {processor.py:925} INFO - DAG(s) 'example_task_group_decorator' retrieved from /home/airflow/.local/lib/python3.12/site-packages/airflow/example_dags/example_task_group_decorator.py
[2024-09-03T16:58:26.736+0000] {logging_mixin.py:190} INFO - [2024-09-03T16:58:26.735+0000] {dag.py:3211} INFO - Sync 1 DAGs
[2024-09-03T16:58:26.771+0000] {logging_mixin.py:190} INFO - [2024-09-03T16:58:26.770+0000] {dag.py:4138} INFO - Setting next_dagrun for example_task_group_decorator to 2024-09-02 00:00:00+00:00, run_after=2024-09-03 00:00:00+00:00
[2024-09-03T16:58:26.812+0000] {processor.py:208} INFO - Processing /home/airflow/.local/lib/python3.12/site-packages/airflow/example_dags/example_task_group_decorator.py took 0.185 seconds
