[2024-09-03T16:49:45.480+0000] {processor.py:186} INFO - Started process (PID=60) to work on /home/airflow/.local/lib/python3.12/site-packages/airflow/example_dags/example_branch_python_dop_operator_3.py
[2024-09-03T16:49:45.484+0000] {processor.py:914} INFO - Processing file /home/airflow/.local/lib/python3.12/site-packages/airflow/example_dags/example_branch_python_dop_operator_3.py for tasks to queue
[2024-09-03T16:49:45.494+0000] {logging_mixin.py:190} INFO - [2024-09-03T16:49:45.492+0000] {dagbag.py:587} INFO - Filling up the DagBag from /home/airflow/.local/lib/python3.12/site-packages/airflow/example_dags/example_branch_python_dop_operator_3.py
[2024-09-03T16:49:45.572+0000] {processor.py:925} INFO - DAG(s) 'example_branch_dop_operator_v3' retrieved from /home/airflow/.local/lib/python3.12/site-packages/airflow/example_dags/example_branch_python_dop_operator_3.py
[2024-09-03T16:49:46.415+0000] {logging_mixin.py:190} INFO - [2024-09-03T16:49:46.411+0000] {override.py:1858} INFO - Created Permission View: can delete on DAG:example_branch_dop_operator_v3
[2024-09-03T16:49:46.445+0000] {logging_mixin.py:190} INFO - [2024-09-03T16:49:46.444+0000] {override.py:1858} INFO - Created Permission View: can edit on DAG:example_branch_dop_operator_v3
[2024-09-03T16:49:46.473+0000] {logging_mixin.py:190} INFO - [2024-09-03T16:49:46.470+0000] {override.py:1858} INFO - Created Permission View: can read on DAG:example_branch_dop_operator_v3
[2024-09-03T16:49:46.484+0000] {logging_mixin.py:190} INFO - [2024-09-03T16:49:46.482+0000] {dag.py:3211} INFO - Sync 1 DAGs
[2024-09-03T16:49:46.548+0000] {logging_mixin.py:190} INFO - [2024-09-03T16:49:46.547+0000] {dag.py:3234} INFO - Creating ORM DAG for example_branch_dop_operator_v3
[2024-09-03T16:49:46.586+0000] {logging_mixin.py:190} INFO - [2024-09-03T16:49:46.586+0000] {dag.py:4138} INFO - Setting next_dagrun for example_branch_dop_operator_v3 to 2024-09-03 16:48:00+00:00, run_after=2024-09-03 16:49:00+00:00
[2024-09-03T16:49:46.640+0000] {processor.py:208} INFO - Processing /home/airflow/.local/lib/python3.12/site-packages/airflow/example_dags/example_branch_python_dop_operator_3.py took 1.198 seconds
[2024-09-03T16:50:16.976+0000] {processor.py:186} INFO - Started process (PID=123) to work on /home/airflow/.local/lib/python3.12/site-packages/airflow/example_dags/example_branch_python_dop_operator_3.py
[2024-09-03T16:50:16.979+0000] {processor.py:914} INFO - Processing file /home/airflow/.local/lib/python3.12/site-packages/airflow/example_dags/example_branch_python_dop_operator_3.py for tasks to queue
[2024-09-03T16:50:16.982+0000] {logging_mixin.py:190} INFO - [2024-09-03T16:50:16.982+0000] {dagbag.py:587} INFO - Filling up the DagBag from /home/airflow/.local/lib/python3.12/site-packages/airflow/example_dags/example_branch_python_dop_operator_3.py
[2024-09-03T16:50:17.012+0000] {processor.py:925} INFO - DAG(s) 'example_branch_dop_operator_v3' retrieved from /home/airflow/.local/lib/python3.12/site-packages/airflow/example_dags/example_branch_python_dop_operator_3.py
[2024-09-03T16:50:17.098+0000] {logging_mixin.py:190} INFO - [2024-09-03T16:50:17.098+0000] {dag.py:3211} INFO - Sync 1 DAGs
[2024-09-03T16:50:17.180+0000] {logging_mixin.py:190} INFO - [2024-09-03T16:50:17.179+0000] {dag.py:4138} INFO - Setting next_dagrun for example_branch_dop_operator_v3 to 2024-09-03 16:49:00+00:00, run_after=2024-09-03 16:50:00+00:00
[2024-09-03T16:50:17.231+0000] {processor.py:208} INFO - Processing /home/airflow/.local/lib/python3.12/site-packages/airflow/example_dags/example_branch_python_dop_operator_3.py took 0.263 seconds
[2024-09-03T16:50:48.162+0000] {processor.py:186} INFO - Started process (PID=186) to work on /home/airflow/.local/lib/python3.12/site-packages/airflow/example_dags/example_branch_python_dop_operator_3.py
[2024-09-03T16:50:48.166+0000] {processor.py:914} INFO - Processing file /home/airflow/.local/lib/python3.12/site-packages/airflow/example_dags/example_branch_python_dop_operator_3.py for tasks to queue
[2024-09-03T16:50:48.177+0000] {logging_mixin.py:190} INFO - [2024-09-03T16:50:48.175+0000] {dagbag.py:587} INFO - Filling up the DagBag from /home/airflow/.local/lib/python3.12/site-packages/airflow/example_dags/example_branch_python_dop_operator_3.py
[2024-09-03T16:50:48.201+0000] {processor.py:925} INFO - DAG(s) 'example_branch_dop_operator_v3' retrieved from /home/airflow/.local/lib/python3.12/site-packages/airflow/example_dags/example_branch_python_dop_operator_3.py
[2024-09-03T16:50:48.231+0000] {logging_mixin.py:190} INFO - [2024-09-03T16:50:48.231+0000] {dag.py:3211} INFO - Sync 1 DAGs
[2024-09-03T16:50:48.255+0000] {logging_mixin.py:190} INFO - [2024-09-03T16:50:48.254+0000] {dag.py:4138} INFO - Setting next_dagrun for example_branch_dop_operator_v3 to 2024-09-03 16:49:00+00:00, run_after=2024-09-03 16:50:00+00:00
[2024-09-03T16:50:48.266+0000] {processor.py:208} INFO - Processing /home/airflow/.local/lib/python3.12/site-packages/airflow/example_dags/example_branch_python_dop_operator_3.py took 0.118 seconds
[2024-09-03T16:51:18.389+0000] {processor.py:186} INFO - Started process (PID=249) to work on /home/airflow/.local/lib/python3.12/site-packages/airflow/example_dags/example_branch_python_dop_operator_3.py
[2024-09-03T16:51:18.390+0000] {processor.py:914} INFO - Processing file /home/airflow/.local/lib/python3.12/site-packages/airflow/example_dags/example_branch_python_dop_operator_3.py for tasks to queue
[2024-09-03T16:51:18.400+0000] {logging_mixin.py:190} INFO - [2024-09-03T16:51:18.399+0000] {dagbag.py:587} INFO - Filling up the DagBag from /home/airflow/.local/lib/python3.12/site-packages/airflow/example_dags/example_branch_python_dop_operator_3.py
[2024-09-03T16:51:18.420+0000] {processor.py:925} INFO - DAG(s) 'example_branch_dop_operator_v3' retrieved from /home/airflow/.local/lib/python3.12/site-packages/airflow/example_dags/example_branch_python_dop_operator_3.py
[2024-09-03T16:51:18.475+0000] {logging_mixin.py:190} INFO - [2024-09-03T16:51:18.475+0000] {dag.py:3211} INFO - Sync 1 DAGs
[2024-09-03T16:51:18.559+0000] {logging_mixin.py:190} INFO - [2024-09-03T16:51:18.559+0000] {dag.py:4138} INFO - Setting next_dagrun for example_branch_dop_operator_v3 to 2024-09-03 16:50:00+00:00, run_after=2024-09-03 16:51:00+00:00
[2024-09-03T16:51:18.595+0000] {processor.py:208} INFO - Processing /home/airflow/.local/lib/python3.12/site-packages/airflow/example_dags/example_branch_python_dop_operator_3.py took 0.214 seconds
[2024-09-03T16:51:48.820+0000] {processor.py:186} INFO - Started process (PID=312) to work on /home/airflow/.local/lib/python3.12/site-packages/airflow/example_dags/example_branch_python_dop_operator_3.py
[2024-09-03T16:51:48.822+0000] {processor.py:914} INFO - Processing file /home/airflow/.local/lib/python3.12/site-packages/airflow/example_dags/example_branch_python_dop_operator_3.py for tasks to queue
[2024-09-03T16:51:48.829+0000] {logging_mixin.py:190} INFO - [2024-09-03T16:51:48.829+0000] {dagbag.py:587} INFO - Filling up the DagBag from /home/airflow/.local/lib/python3.12/site-packages/airflow/example_dags/example_branch_python_dop_operator_3.py
[2024-09-03T16:51:48.848+0000] {processor.py:925} INFO - DAG(s) 'example_branch_dop_operator_v3' retrieved from /home/airflow/.local/lib/python3.12/site-packages/airflow/example_dags/example_branch_python_dop_operator_3.py
[2024-09-03T16:51:48.892+0000] {logging_mixin.py:190} INFO - [2024-09-03T16:51:48.892+0000] {dag.py:3211} INFO - Sync 1 DAGs
[2024-09-03T16:51:48.914+0000] {logging_mixin.py:190} INFO - [2024-09-03T16:51:48.914+0000] {dag.py:4138} INFO - Setting next_dagrun for example_branch_dop_operator_v3 to 2024-09-03 16:50:00+00:00, run_after=2024-09-03 16:51:00+00:00
[2024-09-03T16:51:48.923+0000] {processor.py:208} INFO - Processing /home/airflow/.local/lib/python3.12/site-packages/airflow/example_dags/example_branch_python_dop_operator_3.py took 0.111 seconds
[2024-09-03T16:52:19.226+0000] {processor.py:186} INFO - Started process (PID=375) to work on /home/airflow/.local/lib/python3.12/site-packages/airflow/example_dags/example_branch_python_dop_operator_3.py
[2024-09-03T16:52:19.230+0000] {processor.py:914} INFO - Processing file /home/airflow/.local/lib/python3.12/site-packages/airflow/example_dags/example_branch_python_dop_operator_3.py for tasks to queue
[2024-09-03T16:52:19.237+0000] {logging_mixin.py:190} INFO - [2024-09-03T16:52:19.235+0000] {dagbag.py:587} INFO - Filling up the DagBag from /home/airflow/.local/lib/python3.12/site-packages/airflow/example_dags/example_branch_python_dop_operator_3.py
[2024-09-03T16:52:19.264+0000] {processor.py:925} INFO - DAG(s) 'example_branch_dop_operator_v3' retrieved from /home/airflow/.local/lib/python3.12/site-packages/airflow/example_dags/example_branch_python_dop_operator_3.py
[2024-09-03T16:52:19.318+0000] {logging_mixin.py:190} INFO - [2024-09-03T16:52:19.318+0000] {dag.py:3211} INFO - Sync 1 DAGs
[2024-09-03T16:52:19.346+0000] {logging_mixin.py:190} INFO - [2024-09-03T16:52:19.346+0000] {dag.py:4138} INFO - Setting next_dagrun for example_branch_dop_operator_v3 to 2024-09-03 16:51:00+00:00, run_after=2024-09-03 16:52:00+00:00
[2024-09-03T16:52:19.378+0000] {processor.py:208} INFO - Processing /home/airflow/.local/lib/python3.12/site-packages/airflow/example_dags/example_branch_python_dop_operator_3.py took 0.165 seconds
[2024-09-03T16:52:49.782+0000] {processor.py:186} INFO - Started process (PID=438) to work on /home/airflow/.local/lib/python3.12/site-packages/airflow/example_dags/example_branch_python_dop_operator_3.py
[2024-09-03T16:52:49.787+0000] {processor.py:914} INFO - Processing file /home/airflow/.local/lib/python3.12/site-packages/airflow/example_dags/example_branch_python_dop_operator_3.py for tasks to queue
[2024-09-03T16:52:49.792+0000] {logging_mixin.py:190} INFO - [2024-09-03T16:52:49.791+0000] {dagbag.py:587} INFO - Filling up the DagBag from /home/airflow/.local/lib/python3.12/site-packages/airflow/example_dags/example_branch_python_dop_operator_3.py
[2024-09-03T16:52:49.827+0000] {processor.py:925} INFO - DAG(s) 'example_branch_dop_operator_v3' retrieved from /home/airflow/.local/lib/python3.12/site-packages/airflow/example_dags/example_branch_python_dop_operator_3.py
[2024-09-03T16:52:49.897+0000] {logging_mixin.py:190} INFO - [2024-09-03T16:52:49.897+0000] {dag.py:3211} INFO - Sync 1 DAGs
[2024-09-03T16:52:49.938+0000] {logging_mixin.py:190} INFO - [2024-09-03T16:52:49.938+0000] {dag.py:4138} INFO - Setting next_dagrun for example_branch_dop_operator_v3 to 2024-09-03 16:51:00+00:00, run_after=2024-09-03 16:52:00+00:00
[2024-09-03T16:52:49.962+0000] {processor.py:208} INFO - Processing /home/airflow/.local/lib/python3.12/site-packages/airflow/example_dags/example_branch_python_dop_operator_3.py took 0.261 seconds
[2024-09-03T16:53:20.419+0000] {processor.py:186} INFO - Started process (PID=501) to work on /home/airflow/.local/lib/python3.12/site-packages/airflow/example_dags/example_branch_python_dop_operator_3.py
[2024-09-03T16:53:20.422+0000] {processor.py:914} INFO - Processing file /home/airflow/.local/lib/python3.12/site-packages/airflow/example_dags/example_branch_python_dop_operator_3.py for tasks to queue
[2024-09-03T16:53:20.426+0000] {logging_mixin.py:190} INFO - [2024-09-03T16:53:20.425+0000] {dagbag.py:587} INFO - Filling up the DagBag from /home/airflow/.local/lib/python3.12/site-packages/airflow/example_dags/example_branch_python_dop_operator_3.py
[2024-09-03T16:53:20.476+0000] {processor.py:925} INFO - DAG(s) 'example_branch_dop_operator_v3' retrieved from /home/airflow/.local/lib/python3.12/site-packages/airflow/example_dags/example_branch_python_dop_operator_3.py
[2024-09-03T16:53:20.541+0000] {logging_mixin.py:190} INFO - [2024-09-03T16:53:20.541+0000] {dag.py:3211} INFO - Sync 1 DAGs
[2024-09-03T16:53:20.572+0000] {logging_mixin.py:190} INFO - [2024-09-03T16:53:20.571+0000] {dag.py:4138} INFO - Setting next_dagrun for example_branch_dop_operator_v3 to 2024-09-03 16:52:00+00:00, run_after=2024-09-03 16:53:00+00:00
[2024-09-03T16:53:20.592+0000] {processor.py:208} INFO - Processing /home/airflow/.local/lib/python3.12/site-packages/airflow/example_dags/example_branch_python_dop_operator_3.py took 0.202 seconds
[2024-09-03T16:53:51.180+0000] {processor.py:186} INFO - Started process (PID=565) to work on /home/airflow/.local/lib/python3.12/site-packages/airflow/example_dags/example_branch_python_dop_operator_3.py
[2024-09-03T16:53:51.182+0000] {processor.py:914} INFO - Processing file /home/airflow/.local/lib/python3.12/site-packages/airflow/example_dags/example_branch_python_dop_operator_3.py for tasks to queue
[2024-09-03T16:53:51.186+0000] {logging_mixin.py:190} INFO - [2024-09-03T16:53:51.186+0000] {dagbag.py:587} INFO - Filling up the DagBag from /home/airflow/.local/lib/python3.12/site-packages/airflow/example_dags/example_branch_python_dop_operator_3.py
[2024-09-03T16:53:51.203+0000] {processor.py:925} INFO - DAG(s) 'example_branch_dop_operator_v3' retrieved from /home/airflow/.local/lib/python3.12/site-packages/airflow/example_dags/example_branch_python_dop_operator_3.py
[2024-09-03T16:53:51.239+0000] {logging_mixin.py:190} INFO - [2024-09-03T16:53:51.238+0000] {dag.py:3211} INFO - Sync 1 DAGs
[2024-09-03T16:53:51.262+0000] {logging_mixin.py:190} INFO - [2024-09-03T16:53:51.262+0000] {dag.py:4138} INFO - Setting next_dagrun for example_branch_dop_operator_v3 to 2024-09-03 16:52:00+00:00, run_after=2024-09-03 16:53:00+00:00
[2024-09-03T16:53:51.276+0000] {processor.py:208} INFO - Processing /home/airflow/.local/lib/python3.12/site-packages/airflow/example_dags/example_branch_python_dop_operator_3.py took 0.107 seconds
[2024-09-03T16:54:21.867+0000] {processor.py:186} INFO - Started process (PID=628) to work on /home/airflow/.local/lib/python3.12/site-packages/airflow/example_dags/example_branch_python_dop_operator_3.py
[2024-09-03T16:54:21.869+0000] {processor.py:914} INFO - Processing file /home/airflow/.local/lib/python3.12/site-packages/airflow/example_dags/example_branch_python_dop_operator_3.py for tasks to queue
[2024-09-03T16:54:21.876+0000] {logging_mixin.py:190} INFO - [2024-09-03T16:54:21.875+0000] {dagbag.py:587} INFO - Filling up the DagBag from /home/airflow/.local/lib/python3.12/site-packages/airflow/example_dags/example_branch_python_dop_operator_3.py
[2024-09-03T16:54:21.924+0000] {processor.py:925} INFO - DAG(s) 'example_branch_dop_operator_v3' retrieved from /home/airflow/.local/lib/python3.12/site-packages/airflow/example_dags/example_branch_python_dop_operator_3.py
[2024-09-03T16:54:21.976+0000] {logging_mixin.py:190} INFO - [2024-09-03T16:54:21.976+0000] {dag.py:3211} INFO - Sync 1 DAGs
[2024-09-03T16:54:22.011+0000] {logging_mixin.py:190} INFO - [2024-09-03T16:54:22.011+0000] {dag.py:4138} INFO - Setting next_dagrun for example_branch_dop_operator_v3 to 2024-09-03 16:53:00+00:00, run_after=2024-09-03 16:54:00+00:00
[2024-09-03T16:54:22.029+0000] {processor.py:208} INFO - Processing /home/airflow/.local/lib/python3.12/site-packages/airflow/example_dags/example_branch_python_dop_operator_3.py took 0.190 seconds
[2024-09-03T16:54:52.887+0000] {processor.py:186} INFO - Started process (PID=691) to work on /home/airflow/.local/lib/python3.12/site-packages/airflow/example_dags/example_branch_python_dop_operator_3.py
[2024-09-03T16:54:52.889+0000] {processor.py:914} INFO - Processing file /home/airflow/.local/lib/python3.12/site-packages/airflow/example_dags/example_branch_python_dop_operator_3.py for tasks to queue
[2024-09-03T16:54:52.891+0000] {logging_mixin.py:190} INFO - [2024-09-03T16:54:52.890+0000] {dagbag.py:587} INFO - Filling up the DagBag from /home/airflow/.local/lib/python3.12/site-packages/airflow/example_dags/example_branch_python_dop_operator_3.py
[2024-09-03T16:54:52.940+0000] {processor.py:925} INFO - DAG(s) 'example_branch_dop_operator_v3' retrieved from /home/airflow/.local/lib/python3.12/site-packages/airflow/example_dags/example_branch_python_dop_operator_3.py
[2024-09-03T16:54:52.992+0000] {logging_mixin.py:190} INFO - [2024-09-03T16:54:52.992+0000] {dag.py:3211} INFO - Sync 1 DAGs
[2024-09-03T16:54:53.024+0000] {logging_mixin.py:190} INFO - [2024-09-03T16:54:53.024+0000] {dag.py:4138} INFO - Setting next_dagrun for example_branch_dop_operator_v3 to 2024-09-03 16:53:00+00:00, run_after=2024-09-03 16:54:00+00:00
[2024-09-03T16:54:53.036+0000] {processor.py:208} INFO - Processing /home/airflow/.local/lib/python3.12/site-packages/airflow/example_dags/example_branch_python_dop_operator_3.py took 0.154 seconds
[2024-09-03T16:55:23.199+0000] {processor.py:186} INFO - Started process (PID=754) to work on /home/airflow/.local/lib/python3.12/site-packages/airflow/example_dags/example_branch_python_dop_operator_3.py
[2024-09-03T16:55:23.201+0000] {processor.py:914} INFO - Processing file /home/airflow/.local/lib/python3.12/site-packages/airflow/example_dags/example_branch_python_dop_operator_3.py for tasks to queue
[2024-09-03T16:55:23.205+0000] {logging_mixin.py:190} INFO - [2024-09-03T16:55:23.205+0000] {dagbag.py:587} INFO - Filling up the DagBag from /home/airflow/.local/lib/python3.12/site-packages/airflow/example_dags/example_branch_python_dop_operator_3.py
[2024-09-03T16:55:23.224+0000] {processor.py:925} INFO - DAG(s) 'example_branch_dop_operator_v3' retrieved from /home/airflow/.local/lib/python3.12/site-packages/airflow/example_dags/example_branch_python_dop_operator_3.py
[2024-09-03T16:55:23.306+0000] {logging_mixin.py:190} INFO - [2024-09-03T16:55:23.306+0000] {dag.py:3211} INFO - Sync 1 DAGs
[2024-09-03T16:55:23.386+0000] {logging_mixin.py:190} INFO - [2024-09-03T16:55:23.385+0000] {dag.py:4138} INFO - Setting next_dagrun for example_branch_dop_operator_v3 to 2024-09-03 16:54:00+00:00, run_after=2024-09-03 16:55:00+00:00
[2024-09-03T16:55:23.414+0000] {processor.py:208} INFO - Processing /home/airflow/.local/lib/python3.12/site-packages/airflow/example_dags/example_branch_python_dop_operator_3.py took 0.223 seconds
[2024-09-03T16:55:53.866+0000] {processor.py:186} INFO - Started process (PID=817) to work on /home/airflow/.local/lib/python3.12/site-packages/airflow/example_dags/example_branch_python_dop_operator_3.py
[2024-09-03T16:55:53.868+0000] {processor.py:914} INFO - Processing file /home/airflow/.local/lib/python3.12/site-packages/airflow/example_dags/example_branch_python_dop_operator_3.py for tasks to queue
[2024-09-03T16:55:53.871+0000] {logging_mixin.py:190} INFO - [2024-09-03T16:55:53.870+0000] {dagbag.py:587} INFO - Filling up the DagBag from /home/airflow/.local/lib/python3.12/site-packages/airflow/example_dags/example_branch_python_dop_operator_3.py
[2024-09-03T16:55:53.884+0000] {processor.py:925} INFO - DAG(s) 'example_branch_dop_operator_v3' retrieved from /home/airflow/.local/lib/python3.12/site-packages/airflow/example_dags/example_branch_python_dop_operator_3.py
[2024-09-03T16:55:53.907+0000] {logging_mixin.py:190} INFO - [2024-09-03T16:55:53.907+0000] {dag.py:3211} INFO - Sync 1 DAGs
[2024-09-03T16:55:53.930+0000] {logging_mixin.py:190} INFO - [2024-09-03T16:55:53.930+0000] {dag.py:4138} INFO - Setting next_dagrun for example_branch_dop_operator_v3 to 2024-09-03 16:54:00+00:00, run_after=2024-09-03 16:55:00+00:00
[2024-09-03T16:55:53.941+0000] {processor.py:208} INFO - Processing /home/airflow/.local/lib/python3.12/site-packages/airflow/example_dags/example_branch_python_dop_operator_3.py took 0.081 seconds
[2024-09-03T16:56:24.732+0000] {processor.py:186} INFO - Started process (PID=880) to work on /home/airflow/.local/lib/python3.12/site-packages/airflow/example_dags/example_branch_python_dop_operator_3.py
[2024-09-03T16:56:24.733+0000] {processor.py:914} INFO - Processing file /home/airflow/.local/lib/python3.12/site-packages/airflow/example_dags/example_branch_python_dop_operator_3.py for tasks to queue
[2024-09-03T16:56:24.735+0000] {logging_mixin.py:190} INFO - [2024-09-03T16:56:24.735+0000] {dagbag.py:587} INFO - Filling up the DagBag from /home/airflow/.local/lib/python3.12/site-packages/airflow/example_dags/example_branch_python_dop_operator_3.py
[2024-09-03T16:56:24.746+0000] {processor.py:925} INFO - DAG(s) 'example_branch_dop_operator_v3' retrieved from /home/airflow/.local/lib/python3.12/site-packages/airflow/example_dags/example_branch_python_dop_operator_3.py
[2024-09-03T16:56:24.769+0000] {logging_mixin.py:190} INFO - [2024-09-03T16:56:24.769+0000] {dag.py:3211} INFO - Sync 1 DAGs
[2024-09-03T16:56:24.785+0000] {logging_mixin.py:190} INFO - [2024-09-03T16:56:24.785+0000] {dag.py:4138} INFO - Setting next_dagrun for example_branch_dop_operator_v3 to 2024-09-03 16:55:00+00:00, run_after=2024-09-03 16:56:00+00:00
[2024-09-03T16:56:24.796+0000] {processor.py:208} INFO - Processing /home/airflow/.local/lib/python3.12/site-packages/airflow/example_dags/example_branch_python_dop_operator_3.py took 0.073 seconds
[2024-09-03T16:56:55.612+0000] {processor.py:186} INFO - Started process (PID=943) to work on /home/airflow/.local/lib/python3.12/site-packages/airflow/example_dags/example_branch_python_dop_operator_3.py
[2024-09-03T16:56:55.614+0000] {processor.py:914} INFO - Processing file /home/airflow/.local/lib/python3.12/site-packages/airflow/example_dags/example_branch_python_dop_operator_3.py for tasks to queue
[2024-09-03T16:56:55.617+0000] {logging_mixin.py:190} INFO - [2024-09-03T16:56:55.616+0000] {dagbag.py:587} INFO - Filling up the DagBag from /home/airflow/.local/lib/python3.12/site-packages/airflow/example_dags/example_branch_python_dop_operator_3.py
[2024-09-03T16:56:55.627+0000] {processor.py:925} INFO - DAG(s) 'example_branch_dop_operator_v3' retrieved from /home/airflow/.local/lib/python3.12/site-packages/airflow/example_dags/example_branch_python_dop_operator_3.py
[2024-09-03T16:56:55.657+0000] {logging_mixin.py:190} INFO - [2024-09-03T16:56:55.657+0000] {dag.py:3211} INFO - Sync 1 DAGs
[2024-09-03T16:56:55.687+0000] {logging_mixin.py:190} INFO - [2024-09-03T16:56:55.687+0000] {dag.py:4138} INFO - Setting next_dagrun for example_branch_dop_operator_v3 to 2024-09-03 16:55:00+00:00, run_after=2024-09-03 16:56:00+00:00
[2024-09-03T16:56:55.701+0000] {processor.py:208} INFO - Processing /home/airflow/.local/lib/python3.12/site-packages/airflow/example_dags/example_branch_python_dop_operator_3.py took 0.097 seconds
[2024-09-03T16:57:26.578+0000] {processor.py:186} INFO - Started process (PID=1007) to work on /home/airflow/.local/lib/python3.12/site-packages/airflow/example_dags/example_branch_python_dop_operator_3.py
[2024-09-03T16:57:26.580+0000] {processor.py:914} INFO - Processing file /home/airflow/.local/lib/python3.12/site-packages/airflow/example_dags/example_branch_python_dop_operator_3.py for tasks to queue
[2024-09-03T16:57:26.584+0000] {logging_mixin.py:190} INFO - [2024-09-03T16:57:26.583+0000] {dagbag.py:587} INFO - Filling up the DagBag from /home/airflow/.local/lib/python3.12/site-packages/airflow/example_dags/example_branch_python_dop_operator_3.py
[2024-09-03T16:57:26.595+0000] {processor.py:925} INFO - DAG(s) 'example_branch_dop_operator_v3' retrieved from /home/airflow/.local/lib/python3.12/site-packages/airflow/example_dags/example_branch_python_dop_operator_3.py
[2024-09-03T16:57:26.615+0000] {logging_mixin.py:190} INFO - [2024-09-03T16:57:26.615+0000] {dag.py:3211} INFO - Sync 1 DAGs
[2024-09-03T16:57:26.629+0000] {logging_mixin.py:190} INFO - [2024-09-03T16:57:26.629+0000] {dag.py:4138} INFO - Setting next_dagrun for example_branch_dop_operator_v3 to 2024-09-03 16:56:00+00:00, run_after=2024-09-03 16:57:00+00:00
[2024-09-03T16:57:26.638+0000] {processor.py:208} INFO - Processing /home/airflow/.local/lib/python3.12/site-packages/airflow/example_dags/example_branch_python_dop_operator_3.py took 0.067 seconds
[2024-09-03T16:57:57.149+0000] {processor.py:186} INFO - Started process (PID=1070) to work on /home/airflow/.local/lib/python3.12/site-packages/airflow/example_dags/example_branch_python_dop_operator_3.py
[2024-09-03T16:57:57.151+0000] {processor.py:914} INFO - Processing file /home/airflow/.local/lib/python3.12/site-packages/airflow/example_dags/example_branch_python_dop_operator_3.py for tasks to queue
[2024-09-03T16:57:57.154+0000] {logging_mixin.py:190} INFO - [2024-09-03T16:57:57.154+0000] {dagbag.py:587} INFO - Filling up the DagBag from /home/airflow/.local/lib/python3.12/site-packages/airflow/example_dags/example_branch_python_dop_operator_3.py
[2024-09-03T16:57:57.173+0000] {processor.py:925} INFO - DAG(s) 'example_branch_dop_operator_v3' retrieved from /home/airflow/.local/lib/python3.12/site-packages/airflow/example_dags/example_branch_python_dop_operator_3.py
[2024-09-03T16:57:57.222+0000] {logging_mixin.py:190} INFO - [2024-09-03T16:57:57.222+0000] {dag.py:3211} INFO - Sync 1 DAGs
[2024-09-03T16:57:57.265+0000] {logging_mixin.py:190} INFO - [2024-09-03T16:57:57.264+0000] {dag.py:4138} INFO - Setting next_dagrun for example_branch_dop_operator_v3 to 2024-09-03 16:56:00+00:00, run_after=2024-09-03 16:57:00+00:00
[2024-09-03T16:57:57.279+0000] {processor.py:208} INFO - Processing /home/airflow/.local/lib/python3.12/site-packages/airflow/example_dags/example_branch_python_dop_operator_3.py took 0.143 seconds
[2024-09-03T16:58:28.061+0000] {processor.py:186} INFO - Started process (PID=1133) to work on /home/airflow/.local/lib/python3.12/site-packages/airflow/example_dags/example_branch_python_dop_operator_3.py
[2024-09-03T16:58:28.063+0000] {processor.py:914} INFO - Processing file /home/airflow/.local/lib/python3.12/site-packages/airflow/example_dags/example_branch_python_dop_operator_3.py for tasks to queue
[2024-09-03T16:58:28.066+0000] {logging_mixin.py:190} INFO - [2024-09-03T16:58:28.065+0000] {dagbag.py:587} INFO - Filling up the DagBag from /home/airflow/.local/lib/python3.12/site-packages/airflow/example_dags/example_branch_python_dop_operator_3.py
[2024-09-03T16:58:28.076+0000] {processor.py:925} INFO - DAG(s) 'example_branch_dop_operator_v3' retrieved from /home/airflow/.local/lib/python3.12/site-packages/airflow/example_dags/example_branch_python_dop_operator_3.py
[2024-09-03T16:58:28.095+0000] {logging_mixin.py:190} INFO - [2024-09-03T16:58:28.095+0000] {dag.py:3211} INFO - Sync 1 DAGs
[2024-09-03T16:58:28.110+0000] {logging_mixin.py:190} INFO - [2024-09-03T16:58:28.109+0000] {dag.py:4138} INFO - Setting next_dagrun for example_branch_dop_operator_v3 to 2024-09-03 16:57:00+00:00, run_after=2024-09-03 16:58:00+00:00
[2024-09-03T16:58:28.120+0000] {processor.py:208} INFO - Processing /home/airflow/.local/lib/python3.12/site-packages/airflow/example_dags/example_branch_python_dop_operator_3.py took 0.070 seconds
