[2024-09-03T16:49:48.810+0000] {processor.py:186} INFO - Started process (PID=65) to work on /home/airflow/.local/lib/python3.12/site-packages/airflow/example_dags/example_short_circuit_operator.py
[2024-09-03T16:49:48.813+0000] {processor.py:914} INFO - Processing file /home/airflow/.local/lib/python3.12/site-packages/airflow/example_dags/example_short_circuit_operator.py for tasks to queue
[2024-09-03T16:49:48.825+0000] {logging_mixin.py:190} INFO - [2024-09-03T16:49:48.823+0000] {dagbag.py:587} INFO - Filling up the DagBag from /home/airflow/.local/lib/python3.12/site-packages/airflow/example_dags/example_short_circuit_operator.py
[2024-09-03T16:49:48.875+0000] {processor.py:925} INFO - DAG(s) 'example_short_circuit_operator' retrieved from /home/airflow/.local/lib/python3.12/site-packages/airflow/example_dags/example_short_circuit_operator.py
[2024-09-03T16:49:49.292+0000] {logging_mixin.py:190} INFO - [2024-09-03T16:49:49.284+0000] {override.py:1858} INFO - Created Permission View: can delete on DAG:example_short_circuit_operator
[2024-09-03T16:49:49.362+0000] {logging_mixin.py:190} INFO - [2024-09-03T16:49:49.361+0000] {override.py:1858} INFO - Created Permission View: can edit on DAG:example_short_circuit_operator
[2024-09-03T16:49:49.369+0000] {logging_mixin.py:190} INFO - [2024-09-03T16:49:49.368+0000] {override.py:1858} INFO - Created Permission View: can read on DAG:example_short_circuit_operator
[2024-09-03T16:49:49.370+0000] {logging_mixin.py:190} INFO - [2024-09-03T16:49:49.370+0000] {dag.py:3211} INFO - Sync 1 DAGs
[2024-09-03T16:49:49.498+0000] {logging_mixin.py:190} INFO - [2024-09-03T16:49:49.497+0000] {dag.py:3234} INFO - Creating ORM DAG for example_short_circuit_operator
[2024-09-03T16:49:49.570+0000] {logging_mixin.py:190} INFO - [2024-09-03T16:49:49.570+0000] {dag.py:4138} INFO - Setting next_dagrun for example_short_circuit_operator to 2024-09-02 00:00:00+00:00, run_after=2024-09-03 00:00:00+00:00
[2024-09-03T16:49:49.633+0000] {processor.py:208} INFO - Processing /home/airflow/.local/lib/python3.12/site-packages/airflow/example_dags/example_short_circuit_operator.py took 0.842 seconds
[2024-09-03T16:50:19.884+0000] {processor.py:186} INFO - Started process (PID=128) to work on /home/airflow/.local/lib/python3.12/site-packages/airflow/example_dags/example_short_circuit_operator.py
[2024-09-03T16:50:19.886+0000] {processor.py:914} INFO - Processing file /home/airflow/.local/lib/python3.12/site-packages/airflow/example_dags/example_short_circuit_operator.py for tasks to queue
[2024-09-03T16:50:19.889+0000] {logging_mixin.py:190} INFO - [2024-09-03T16:50:19.889+0000] {dagbag.py:587} INFO - Filling up the DagBag from /home/airflow/.local/lib/python3.12/site-packages/airflow/example_dags/example_short_circuit_operator.py
[2024-09-03T16:50:19.899+0000] {processor.py:925} INFO - DAG(s) 'example_short_circuit_operator' retrieved from /home/airflow/.local/lib/python3.12/site-packages/airflow/example_dags/example_short_circuit_operator.py
[2024-09-03T16:50:19.930+0000] {logging_mixin.py:190} INFO - [2024-09-03T16:50:19.930+0000] {dag.py:3211} INFO - Sync 1 DAGs
[2024-09-03T16:50:19.952+0000] {logging_mixin.py:190} INFO - [2024-09-03T16:50:19.952+0000] {dag.py:4138} INFO - Setting next_dagrun for example_short_circuit_operator to 2024-09-02 00:00:00+00:00, run_after=2024-09-03 00:00:00+00:00
[2024-09-03T16:50:19.964+0000] {processor.py:208} INFO - Processing /home/airflow/.local/lib/python3.12/site-packages/airflow/example_dags/example_short_circuit_operator.py took 0.086 seconds
[2024-09-03T16:50:50.598+0000] {processor.py:186} INFO - Started process (PID=191) to work on /home/airflow/.local/lib/python3.12/site-packages/airflow/example_dags/example_short_circuit_operator.py
[2024-09-03T16:50:50.599+0000] {processor.py:914} INFO - Processing file /home/airflow/.local/lib/python3.12/site-packages/airflow/example_dags/example_short_circuit_operator.py for tasks to queue
[2024-09-03T16:50:50.601+0000] {logging_mixin.py:190} INFO - [2024-09-03T16:50:50.601+0000] {dagbag.py:587} INFO - Filling up the DagBag from /home/airflow/.local/lib/python3.12/site-packages/airflow/example_dags/example_short_circuit_operator.py
[2024-09-03T16:50:50.608+0000] {processor.py:925} INFO - DAG(s) 'example_short_circuit_operator' retrieved from /home/airflow/.local/lib/python3.12/site-packages/airflow/example_dags/example_short_circuit_operator.py
[2024-09-03T16:50:50.628+0000] {logging_mixin.py:190} INFO - [2024-09-03T16:50:50.627+0000] {dag.py:3211} INFO - Sync 1 DAGs
[2024-09-03T16:50:50.641+0000] {logging_mixin.py:190} INFO - [2024-09-03T16:50:50.641+0000] {dag.py:4138} INFO - Setting next_dagrun for example_short_circuit_operator to 2024-09-02 00:00:00+00:00, run_after=2024-09-03 00:00:00+00:00
[2024-09-03T16:50:50.649+0000] {processor.py:208} INFO - Processing /home/airflow/.local/lib/python3.12/site-packages/airflow/example_dags/example_short_circuit_operator.py took 0.056 seconds
[2024-09-03T16:51:20.904+0000] {processor.py:186} INFO - Started process (PID=254) to work on /home/airflow/.local/lib/python3.12/site-packages/airflow/example_dags/example_short_circuit_operator.py
[2024-09-03T16:51:20.905+0000] {processor.py:914} INFO - Processing file /home/airflow/.local/lib/python3.12/site-packages/airflow/example_dags/example_short_circuit_operator.py for tasks to queue
[2024-09-03T16:51:20.906+0000] {logging_mixin.py:190} INFO - [2024-09-03T16:51:20.906+0000] {dagbag.py:587} INFO - Filling up the DagBag from /home/airflow/.local/lib/python3.12/site-packages/airflow/example_dags/example_short_circuit_operator.py
[2024-09-03T16:51:20.912+0000] {processor.py:925} INFO - DAG(s) 'example_short_circuit_operator' retrieved from /home/airflow/.local/lib/python3.12/site-packages/airflow/example_dags/example_short_circuit_operator.py
[2024-09-03T16:51:20.927+0000] {logging_mixin.py:190} INFO - [2024-09-03T16:51:20.927+0000] {dag.py:3211} INFO - Sync 1 DAGs
[2024-09-03T16:51:20.939+0000] {logging_mixin.py:190} INFO - [2024-09-03T16:51:20.939+0000] {dag.py:4138} INFO - Setting next_dagrun for example_short_circuit_operator to 2024-09-02 00:00:00+00:00, run_after=2024-09-03 00:00:00+00:00
[2024-09-03T16:51:20.947+0000] {processor.py:208} INFO - Processing /home/airflow/.local/lib/python3.12/site-packages/airflow/example_dags/example_short_circuit_operator.py took 0.047 seconds
[2024-09-03T16:51:52.023+0000] {processor.py:186} INFO - Started process (PID=317) to work on /home/airflow/.local/lib/python3.12/site-packages/airflow/example_dags/example_short_circuit_operator.py
[2024-09-03T16:51:52.026+0000] {processor.py:914} INFO - Processing file /home/airflow/.local/lib/python3.12/site-packages/airflow/example_dags/example_short_circuit_operator.py for tasks to queue
[2024-09-03T16:51:52.030+0000] {logging_mixin.py:190} INFO - [2024-09-03T16:51:52.029+0000] {dagbag.py:587} INFO - Filling up the DagBag from /home/airflow/.local/lib/python3.12/site-packages/airflow/example_dags/example_short_circuit_operator.py
[2024-09-03T16:51:52.119+0000] {processor.py:925} INFO - DAG(s) 'example_short_circuit_operator' retrieved from /home/airflow/.local/lib/python3.12/site-packages/airflow/example_dags/example_short_circuit_operator.py
[2024-09-03T16:51:52.607+0000] {logging_mixin.py:190} INFO - [2024-09-03T16:51:52.607+0000] {dag.py:3211} INFO - Sync 1 DAGs
[2024-09-03T16:51:53.104+0000] {logging_mixin.py:190} INFO - [2024-09-03T16:51:53.102+0000] {dag.py:4138} INFO - Setting next_dagrun for example_short_circuit_operator to 2024-09-02 00:00:00+00:00, run_after=2024-09-03 00:00:00+00:00
[2024-09-03T16:51:53.381+0000] {processor.py:208} INFO - Processing /home/airflow/.local/lib/python3.12/site-packages/airflow/example_dags/example_short_circuit_operator.py took 1.380 seconds
[2024-09-03T16:52:23.699+0000] {processor.py:186} INFO - Started process (PID=380) to work on /home/airflow/.local/lib/python3.12/site-packages/airflow/example_dags/example_short_circuit_operator.py
[2024-09-03T16:52:23.702+0000] {processor.py:914} INFO - Processing file /home/airflow/.local/lib/python3.12/site-packages/airflow/example_dags/example_short_circuit_operator.py for tasks to queue
[2024-09-03T16:52:23.710+0000] {logging_mixin.py:190} INFO - [2024-09-03T16:52:23.709+0000] {dagbag.py:587} INFO - Filling up the DagBag from /home/airflow/.local/lib/python3.12/site-packages/airflow/example_dags/example_short_circuit_operator.py
[2024-09-03T16:52:23.736+0000] {processor.py:925} INFO - DAG(s) 'example_short_circuit_operator' retrieved from /home/airflow/.local/lib/python3.12/site-packages/airflow/example_dags/example_short_circuit_operator.py
[2024-09-03T16:52:23.786+0000] {logging_mixin.py:190} INFO - [2024-09-03T16:52:23.785+0000] {dag.py:3211} INFO - Sync 1 DAGs
[2024-09-03T16:52:23.832+0000] {logging_mixin.py:190} INFO - [2024-09-03T16:52:23.832+0000] {dag.py:4138} INFO - Setting next_dagrun for example_short_circuit_operator to 2024-09-02 00:00:00+00:00, run_after=2024-09-03 00:00:00+00:00
[2024-09-03T16:52:23.875+0000] {processor.py:208} INFO - Processing /home/airflow/.local/lib/python3.12/site-packages/airflow/example_dags/example_short_circuit_operator.py took 0.200 seconds
[2024-09-03T16:52:54.323+0000] {processor.py:186} INFO - Started process (PID=443) to work on /home/airflow/.local/lib/python3.12/site-packages/airflow/example_dags/example_short_circuit_operator.py
[2024-09-03T16:52:54.325+0000] {processor.py:914} INFO - Processing file /home/airflow/.local/lib/python3.12/site-packages/airflow/example_dags/example_short_circuit_operator.py for tasks to queue
[2024-09-03T16:52:54.328+0000] {logging_mixin.py:190} INFO - [2024-09-03T16:52:54.328+0000] {dagbag.py:587} INFO - Filling up the DagBag from /home/airflow/.local/lib/python3.12/site-packages/airflow/example_dags/example_short_circuit_operator.py
[2024-09-03T16:52:54.350+0000] {processor.py:925} INFO - DAG(s) 'example_short_circuit_operator' retrieved from /home/airflow/.local/lib/python3.12/site-packages/airflow/example_dags/example_short_circuit_operator.py
[2024-09-03T16:52:54.387+0000] {logging_mixin.py:190} INFO - [2024-09-03T16:52:54.386+0000] {dag.py:3211} INFO - Sync 1 DAGs
[2024-09-03T16:52:54.405+0000] {logging_mixin.py:190} INFO - [2024-09-03T16:52:54.405+0000] {dag.py:4138} INFO - Setting next_dagrun for example_short_circuit_operator to 2024-09-02 00:00:00+00:00, run_after=2024-09-03 00:00:00+00:00
[2024-09-03T16:52:54.427+0000] {processor.py:208} INFO - Processing /home/airflow/.local/lib/python3.12/site-packages/airflow/example_dags/example_short_circuit_operator.py took 0.113 seconds
[2024-09-03T16:53:25.168+0000] {processor.py:186} INFO - Started process (PID=506) to work on /home/airflow/.local/lib/python3.12/site-packages/airflow/example_dags/example_short_circuit_operator.py
[2024-09-03T16:53:25.170+0000] {processor.py:914} INFO - Processing file /home/airflow/.local/lib/python3.12/site-packages/airflow/example_dags/example_short_circuit_operator.py for tasks to queue
[2024-09-03T16:53:25.175+0000] {logging_mixin.py:190} INFO - [2024-09-03T16:53:25.175+0000] {dagbag.py:587} INFO - Filling up the DagBag from /home/airflow/.local/lib/python3.12/site-packages/airflow/example_dags/example_short_circuit_operator.py
[2024-09-03T16:53:25.198+0000] {processor.py:925} INFO - DAG(s) 'example_short_circuit_operator' retrieved from /home/airflow/.local/lib/python3.12/site-packages/airflow/example_dags/example_short_circuit_operator.py
[2024-09-03T16:53:25.265+0000] {logging_mixin.py:190} INFO - [2024-09-03T16:53:25.265+0000] {dag.py:3211} INFO - Sync 1 DAGs
[2024-09-03T16:53:25.293+0000] {logging_mixin.py:190} INFO - [2024-09-03T16:53:25.293+0000] {dag.py:4138} INFO - Setting next_dagrun for example_short_circuit_operator to 2024-09-02 00:00:00+00:00, run_after=2024-09-03 00:00:00+00:00
[2024-09-03T16:53:25.318+0000] {processor.py:208} INFO - Processing /home/airflow/.local/lib/python3.12/site-packages/airflow/example_dags/example_short_circuit_operator.py took 0.176 seconds
[2024-09-03T16:53:55.563+0000] {processor.py:186} INFO - Started process (PID=570) to work on /home/airflow/.local/lib/python3.12/site-packages/airflow/example_dags/example_short_circuit_operator.py
[2024-09-03T16:53:55.564+0000] {processor.py:914} INFO - Processing file /home/airflow/.local/lib/python3.12/site-packages/airflow/example_dags/example_short_circuit_operator.py for tasks to queue
[2024-09-03T16:53:55.567+0000] {logging_mixin.py:190} INFO - [2024-09-03T16:53:55.566+0000] {dagbag.py:587} INFO - Filling up the DagBag from /home/airflow/.local/lib/python3.12/site-packages/airflow/example_dags/example_short_circuit_operator.py
[2024-09-03T16:53:55.575+0000] {processor.py:925} INFO - DAG(s) 'example_short_circuit_operator' retrieved from /home/airflow/.local/lib/python3.12/site-packages/airflow/example_dags/example_short_circuit_operator.py
[2024-09-03T16:53:55.592+0000] {logging_mixin.py:190} INFO - [2024-09-03T16:53:55.592+0000] {dag.py:3211} INFO - Sync 1 DAGs
[2024-09-03T16:53:55.604+0000] {logging_mixin.py:190} INFO - [2024-09-03T16:53:55.604+0000] {dag.py:4138} INFO - Setting next_dagrun for example_short_circuit_operator to 2024-09-02 00:00:00+00:00, run_after=2024-09-03 00:00:00+00:00
[2024-09-03T16:53:55.614+0000] {processor.py:208} INFO - Processing /home/airflow/.local/lib/python3.12/site-packages/airflow/example_dags/example_short_circuit_operator.py took 0.057 seconds
[2024-09-03T16:54:26.370+0000] {processor.py:186} INFO - Started process (PID=633) to work on /home/airflow/.local/lib/python3.12/site-packages/airflow/example_dags/example_short_circuit_operator.py
[2024-09-03T16:54:26.374+0000] {processor.py:914} INFO - Processing file /home/airflow/.local/lib/python3.12/site-packages/airflow/example_dags/example_short_circuit_operator.py for tasks to queue
[2024-09-03T16:54:26.382+0000] {logging_mixin.py:190} INFO - [2024-09-03T16:54:26.380+0000] {dagbag.py:587} INFO - Filling up the DagBag from /home/airflow/.local/lib/python3.12/site-packages/airflow/example_dags/example_short_circuit_operator.py
[2024-09-03T16:54:26.412+0000] {processor.py:925} INFO - DAG(s) 'example_short_circuit_operator' retrieved from /home/airflow/.local/lib/python3.12/site-packages/airflow/example_dags/example_short_circuit_operator.py
[2024-09-03T16:54:26.453+0000] {logging_mixin.py:190} INFO - [2024-09-03T16:54:26.452+0000] {dag.py:3211} INFO - Sync 1 DAGs
[2024-09-03T16:54:26.476+0000] {logging_mixin.py:190} INFO - [2024-09-03T16:54:26.476+0000] {dag.py:4138} INFO - Setting next_dagrun for example_short_circuit_operator to 2024-09-02 00:00:00+00:00, run_after=2024-09-03 00:00:00+00:00
[2024-09-03T16:54:26.512+0000] {processor.py:208} INFO - Processing /home/airflow/.local/lib/python3.12/site-packages/airflow/example_dags/example_short_circuit_operator.py took 0.156 seconds
[2024-09-03T16:54:57.304+0000] {processor.py:186} INFO - Started process (PID=702) to work on /home/airflow/.local/lib/python3.12/site-packages/airflow/example_dags/example_short_circuit_operator.py
[2024-09-03T16:54:57.307+0000] {processor.py:914} INFO - Processing file /home/airflow/.local/lib/python3.12/site-packages/airflow/example_dags/example_short_circuit_operator.py for tasks to queue
[2024-09-03T16:54:57.312+0000] {logging_mixin.py:190} INFO - [2024-09-03T16:54:57.312+0000] {dagbag.py:587} INFO - Filling up the DagBag from /home/airflow/.local/lib/python3.12/site-packages/airflow/example_dags/example_short_circuit_operator.py
[2024-09-03T16:54:57.326+0000] {processor.py:925} INFO - DAG(s) 'example_short_circuit_operator' retrieved from /home/airflow/.local/lib/python3.12/site-packages/airflow/example_dags/example_short_circuit_operator.py
[2024-09-03T16:54:57.351+0000] {logging_mixin.py:190} INFO - [2024-09-03T16:54:57.351+0000] {dag.py:3211} INFO - Sync 1 DAGs
[2024-09-03T16:54:57.373+0000] {logging_mixin.py:190} INFO - [2024-09-03T16:54:57.373+0000] {dag.py:4138} INFO - Setting next_dagrun for example_short_circuit_operator to 2024-09-02 00:00:00+00:00, run_after=2024-09-03 00:00:00+00:00
[2024-09-03T16:54:57.395+0000] {processor.py:208} INFO - Processing /home/airflow/.local/lib/python3.12/site-packages/airflow/example_dags/example_short_circuit_operator.py took 0.100 seconds
[2024-09-03T16:55:27.493+0000] {processor.py:186} INFO - Started process (PID=765) to work on /home/airflow/.local/lib/python3.12/site-packages/airflow/example_dags/example_short_circuit_operator.py
[2024-09-03T16:55:27.495+0000] {processor.py:914} INFO - Processing file /home/airflow/.local/lib/python3.12/site-packages/airflow/example_dags/example_short_circuit_operator.py for tasks to queue
[2024-09-03T16:55:27.498+0000] {logging_mixin.py:190} INFO - [2024-09-03T16:55:27.498+0000] {dagbag.py:587} INFO - Filling up the DagBag from /home/airflow/.local/lib/python3.12/site-packages/airflow/example_dags/example_short_circuit_operator.py
[2024-09-03T16:55:27.507+0000] {processor.py:925} INFO - DAG(s) 'example_short_circuit_operator' retrieved from /home/airflow/.local/lib/python3.12/site-packages/airflow/example_dags/example_short_circuit_operator.py
[2024-09-03T16:55:27.529+0000] {logging_mixin.py:190} INFO - [2024-09-03T16:55:27.528+0000] {dag.py:3211} INFO - Sync 1 DAGs
[2024-09-03T16:55:27.545+0000] {logging_mixin.py:190} INFO - [2024-09-03T16:55:27.544+0000] {dag.py:4138} INFO - Setting next_dagrun for example_short_circuit_operator to 2024-09-02 00:00:00+00:00, run_after=2024-09-03 00:00:00+00:00
[2024-09-03T16:55:27.557+0000] {processor.py:208} INFO - Processing /home/airflow/.local/lib/python3.12/site-packages/airflow/example_dags/example_short_circuit_operator.py took 0.071 seconds
[2024-09-03T16:55:58.146+0000] {processor.py:186} INFO - Started process (PID=828) to work on /home/airflow/.local/lib/python3.12/site-packages/airflow/example_dags/example_short_circuit_operator.py
[2024-09-03T16:55:58.149+0000] {processor.py:914} INFO - Processing file /home/airflow/.local/lib/python3.12/site-packages/airflow/example_dags/example_short_circuit_operator.py for tasks to queue
[2024-09-03T16:55:58.155+0000] {logging_mixin.py:190} INFO - [2024-09-03T16:55:58.154+0000] {dagbag.py:587} INFO - Filling up the DagBag from /home/airflow/.local/lib/python3.12/site-packages/airflow/example_dags/example_short_circuit_operator.py
[2024-09-03T16:55:58.328+0000] {processor.py:925} INFO - DAG(s) 'example_short_circuit_operator' retrieved from /home/airflow/.local/lib/python3.12/site-packages/airflow/example_dags/example_short_circuit_operator.py
[2024-09-03T16:55:58.504+0000] {logging_mixin.py:190} INFO - [2024-09-03T16:55:58.503+0000] {dag.py:3211} INFO - Sync 1 DAGs
[2024-09-03T16:55:58.571+0000] {logging_mixin.py:190} INFO - [2024-09-03T16:55:58.570+0000] {dag.py:4138} INFO - Setting next_dagrun for example_short_circuit_operator to 2024-09-02 00:00:00+00:00, run_after=2024-09-03 00:00:00+00:00
[2024-09-03T16:55:58.618+0000] {processor.py:208} INFO - Processing /home/airflow/.local/lib/python3.12/site-packages/airflow/example_dags/example_short_circuit_operator.py took 0.489 seconds
[2024-09-03T16:56:29.272+0000] {processor.py:186} INFO - Started process (PID=891) to work on /home/airflow/.local/lib/python3.12/site-packages/airflow/example_dags/example_short_circuit_operator.py
[2024-09-03T16:56:29.274+0000] {processor.py:914} INFO - Processing file /home/airflow/.local/lib/python3.12/site-packages/airflow/example_dags/example_short_circuit_operator.py for tasks to queue
[2024-09-03T16:56:29.279+0000] {logging_mixin.py:190} INFO - [2024-09-03T16:56:29.278+0000] {dagbag.py:587} INFO - Filling up the DagBag from /home/airflow/.local/lib/python3.12/site-packages/airflow/example_dags/example_short_circuit_operator.py
[2024-09-03T16:56:29.294+0000] {processor.py:925} INFO - DAG(s) 'example_short_circuit_operator' retrieved from /home/airflow/.local/lib/python3.12/site-packages/airflow/example_dags/example_short_circuit_operator.py
[2024-09-03T16:56:29.337+0000] {logging_mixin.py:190} INFO - [2024-09-03T16:56:29.336+0000] {dag.py:3211} INFO - Sync 1 DAGs
[2024-09-03T16:56:29.360+0000] {logging_mixin.py:190} INFO - [2024-09-03T16:56:29.360+0000] {dag.py:4138} INFO - Setting next_dagrun for example_short_circuit_operator to 2024-09-02 00:00:00+00:00, run_after=2024-09-03 00:00:00+00:00
[2024-09-03T16:56:29.374+0000] {processor.py:208} INFO - Processing /home/airflow/.local/lib/python3.12/site-packages/airflow/example_dags/example_short_circuit_operator.py took 0.128 seconds
[2024-09-03T16:56:59.472+0000] {processor.py:186} INFO - Started process (PID=955) to work on /home/airflow/.local/lib/python3.12/site-packages/airflow/example_dags/example_short_circuit_operator.py
[2024-09-03T16:56:59.473+0000] {processor.py:914} INFO - Processing file /home/airflow/.local/lib/python3.12/site-packages/airflow/example_dags/example_short_circuit_operator.py for tasks to queue
[2024-09-03T16:56:59.475+0000] {logging_mixin.py:190} INFO - [2024-09-03T16:56:59.475+0000] {dagbag.py:587} INFO - Filling up the DagBag from /home/airflow/.local/lib/python3.12/site-packages/airflow/example_dags/example_short_circuit_operator.py
[2024-09-03T16:56:59.483+0000] {processor.py:925} INFO - DAG(s) 'example_short_circuit_operator' retrieved from /home/airflow/.local/lib/python3.12/site-packages/airflow/example_dags/example_short_circuit_operator.py
[2024-09-03T16:56:59.505+0000] {logging_mixin.py:190} INFO - [2024-09-03T16:56:59.505+0000] {dag.py:3211} INFO - Sync 1 DAGs
[2024-09-03T16:56:59.520+0000] {logging_mixin.py:190} INFO - [2024-09-03T16:56:59.520+0000] {dag.py:4138} INFO - Setting next_dagrun for example_short_circuit_operator to 2024-09-02 00:00:00+00:00, run_after=2024-09-03 00:00:00+00:00
[2024-09-03T16:56:59.543+0000] {processor.py:208} INFO - Processing /home/airflow/.local/lib/python3.12/site-packages/airflow/example_dags/example_short_circuit_operator.py took 0.077 seconds
[2024-09-03T16:57:29.902+0000] {processor.py:186} INFO - Started process (PID=1018) to work on /home/airflow/.local/lib/python3.12/site-packages/airflow/example_dags/example_short_circuit_operator.py
[2024-09-03T16:57:29.903+0000] {processor.py:914} INFO - Processing file /home/airflow/.local/lib/python3.12/site-packages/airflow/example_dags/example_short_circuit_operator.py for tasks to queue
[2024-09-03T16:57:29.904+0000] {logging_mixin.py:190} INFO - [2024-09-03T16:57:29.904+0000] {dagbag.py:587} INFO - Filling up the DagBag from /home/airflow/.local/lib/python3.12/site-packages/airflow/example_dags/example_short_circuit_operator.py
[2024-09-03T16:57:29.909+0000] {processor.py:925} INFO - DAG(s) 'example_short_circuit_operator' retrieved from /home/airflow/.local/lib/python3.12/site-packages/airflow/example_dags/example_short_circuit_operator.py
[2024-09-03T16:57:29.924+0000] {logging_mixin.py:190} INFO - [2024-09-03T16:57:29.924+0000] {dag.py:3211} INFO - Sync 1 DAGs
[2024-09-03T16:57:29.936+0000] {logging_mixin.py:190} INFO - [2024-09-03T16:57:29.935+0000] {dag.py:4138} INFO - Setting next_dagrun for example_short_circuit_operator to 2024-09-02 00:00:00+00:00, run_after=2024-09-03 00:00:00+00:00
[2024-09-03T16:57:29.945+0000] {processor.py:208} INFO - Processing /home/airflow/.local/lib/python3.12/site-packages/airflow/example_dags/example_short_circuit_operator.py took 0.047 seconds
[2024-09-03T16:58:00.595+0000] {processor.py:186} INFO - Started process (PID=1081) to work on /home/airflow/.local/lib/python3.12/site-packages/airflow/example_dags/example_short_circuit_operator.py
[2024-09-03T16:58:00.596+0000] {processor.py:914} INFO - Processing file /home/airflow/.local/lib/python3.12/site-packages/airflow/example_dags/example_short_circuit_operator.py for tasks to queue
[2024-09-03T16:58:00.598+0000] {logging_mixin.py:190} INFO - [2024-09-03T16:58:00.598+0000] {dagbag.py:587} INFO - Filling up the DagBag from /home/airflow/.local/lib/python3.12/site-packages/airflow/example_dags/example_short_circuit_operator.py
[2024-09-03T16:58:00.604+0000] {processor.py:925} INFO - DAG(s) 'example_short_circuit_operator' retrieved from /home/airflow/.local/lib/python3.12/site-packages/airflow/example_dags/example_short_circuit_operator.py
[2024-09-03T16:58:00.621+0000] {logging_mixin.py:190} INFO - [2024-09-03T16:58:00.621+0000] {dag.py:3211} INFO - Sync 1 DAGs
[2024-09-03T16:58:00.634+0000] {logging_mixin.py:190} INFO - [2024-09-03T16:58:00.634+0000] {dag.py:4138} INFO - Setting next_dagrun for example_short_circuit_operator to 2024-09-02 00:00:00+00:00, run_after=2024-09-03 00:00:00+00:00
[2024-09-03T16:58:00.644+0000] {processor.py:208} INFO - Processing /home/airflow/.local/lib/python3.12/site-packages/airflow/example_dags/example_short_circuit_operator.py took 0.052 seconds
[2024-09-03T16:58:31.521+0000] {processor.py:186} INFO - Started process (PID=1144) to work on /home/airflow/.local/lib/python3.12/site-packages/airflow/example_dags/example_short_circuit_operator.py
[2024-09-03T16:58:31.522+0000] {processor.py:914} INFO - Processing file /home/airflow/.local/lib/python3.12/site-packages/airflow/example_dags/example_short_circuit_operator.py for tasks to queue
[2024-09-03T16:58:31.524+0000] {logging_mixin.py:190} INFO - [2024-09-03T16:58:31.523+0000] {dagbag.py:587} INFO - Filling up the DagBag from /home/airflow/.local/lib/python3.12/site-packages/airflow/example_dags/example_short_circuit_operator.py
[2024-09-03T16:58:31.531+0000] {processor.py:925} INFO - DAG(s) 'example_short_circuit_operator' retrieved from /home/airflow/.local/lib/python3.12/site-packages/airflow/example_dags/example_short_circuit_operator.py
[2024-09-03T16:58:31.547+0000] {logging_mixin.py:190} INFO - [2024-09-03T16:58:31.547+0000] {dag.py:3211} INFO - Sync 1 DAGs
[2024-09-03T16:58:31.569+0000] {logging_mixin.py:190} INFO - [2024-09-03T16:58:31.568+0000] {dag.py:4138} INFO - Setting next_dagrun for example_short_circuit_operator to 2024-09-02 00:00:00+00:00, run_after=2024-09-03 00:00:00+00:00
[2024-09-03T16:58:31.581+0000] {processor.py:208} INFO - Processing /home/airflow/.local/lib/python3.12/site-packages/airflow/example_dags/example_short_circuit_operator.py took 0.064 seconds
