[2024-09-03T16:49:25.025+0000] {processor.py:186} INFO - Started process (PID=46) to work on /home/airflow/.local/lib/python3.12/site-packages/airflow/example_dags/example_nested_branch_dag.py
[2024-09-03T16:49:25.035+0000] {processor.py:914} INFO - Processing file /home/airflow/.local/lib/python3.12/site-packages/airflow/example_dags/example_nested_branch_dag.py for tasks to queue
[2024-09-03T16:49:25.076+0000] {logging_mixin.py:190} INFO - [2024-09-03T16:49:25.053+0000] {dagbag.py:587} INFO - Filling up the DagBag from /home/airflow/.local/lib/python3.12/site-packages/airflow/example_dags/example_nested_branch_dag.py
[2024-09-03T16:49:25.322+0000] {processor.py:925} INFO - DAG(s) 'example_nested_branch_dag' retrieved from /home/airflow/.local/lib/python3.12/site-packages/airflow/example_dags/example_nested_branch_dag.py
[2024-09-03T16:49:26.333+0000] {logging_mixin.py:190} INFO - [2024-09-03T16:49:26.314+0000] {override.py:1858} INFO - Created Permission View: can delete on DAG:example_nested_branch_dag
[2024-09-03T16:49:26.461+0000] {logging_mixin.py:190} INFO - [2024-09-03T16:49:26.460+0000] {override.py:1858} INFO - Created Permission View: can edit on DAG:example_nested_branch_dag
[2024-09-03T16:49:26.487+0000] {logging_mixin.py:190} INFO - [2024-09-03T16:49:26.487+0000] {override.py:1858} INFO - Created Permission View: can read on DAG:example_nested_branch_dag
[2024-09-03T16:49:26.492+0000] {logging_mixin.py:190} INFO - [2024-09-03T16:49:26.491+0000] {dag.py:3211} INFO - Sync 1 DAGs
[2024-09-03T16:49:26.652+0000] {logging_mixin.py:190} INFO - [2024-09-03T16:49:26.650+0000] {dag.py:3234} INFO - Creating ORM DAG for example_nested_branch_dag
[2024-09-03T16:49:26.761+0000] {logging_mixin.py:190} INFO - [2024-09-03T16:49:26.756+0000] {dag.py:4138} INFO - Setting next_dagrun for example_nested_branch_dag to 2024-09-02 00:00:00+00:00, run_after=2024-09-03 00:00:00+00:00
[2024-09-03T16:49:26.869+0000] {processor.py:208} INFO - Processing /home/airflow/.local/lib/python3.12/site-packages/airflow/example_dags/example_nested_branch_dag.py took 2.000 seconds
[2024-09-03T16:50:07.331+0000] {processor.py:186} INFO - Started process (PID=109) to work on /home/airflow/.local/lib/python3.12/site-packages/airflow/example_dags/example_nested_branch_dag.py
[2024-09-03T16:50:07.364+0000] {processor.py:914} INFO - Processing file /home/airflow/.local/lib/python3.12/site-packages/airflow/example_dags/example_nested_branch_dag.py for tasks to queue
[2024-09-03T16:50:07.412+0000] {logging_mixin.py:190} INFO - [2024-09-03T16:50:07.408+0000] {dagbag.py:587} INFO - Filling up the DagBag from /home/airflow/.local/lib/python3.12/site-packages/airflow/example_dags/example_nested_branch_dag.py
[2024-09-03T16:50:07.527+0000] {processor.py:925} INFO - DAG(s) 'example_nested_branch_dag' retrieved from /home/airflow/.local/lib/python3.12/site-packages/airflow/example_dags/example_nested_branch_dag.py
[2024-09-03T16:50:07.911+0000] {logging_mixin.py:190} INFO - [2024-09-03T16:50:07.909+0000] {dag.py:3211} INFO - Sync 1 DAGs
[2024-09-03T16:50:08.294+0000] {logging_mixin.py:190} INFO - [2024-09-03T16:50:08.292+0000] {dag.py:4138} INFO - Setting next_dagrun for example_nested_branch_dag to 2024-09-02 00:00:00+00:00, run_after=2024-09-03 00:00:00+00:00
[2024-09-03T16:50:08.417+0000] {processor.py:208} INFO - Processing /home/airflow/.local/lib/python3.12/site-packages/airflow/example_dags/example_nested_branch_dag.py took 1.125 seconds
[2024-09-03T16:50:38.742+0000] {processor.py:186} INFO - Started process (PID=172) to work on /home/airflow/.local/lib/python3.12/site-packages/airflow/example_dags/example_nested_branch_dag.py
[2024-09-03T16:50:38.745+0000] {processor.py:914} INFO - Processing file /home/airflow/.local/lib/python3.12/site-packages/airflow/example_dags/example_nested_branch_dag.py for tasks to queue
[2024-09-03T16:50:38.747+0000] {logging_mixin.py:190} INFO - [2024-09-03T16:50:38.747+0000] {dagbag.py:587} INFO - Filling up the DagBag from /home/airflow/.local/lib/python3.12/site-packages/airflow/example_dags/example_nested_branch_dag.py
[2024-09-03T16:50:38.761+0000] {processor.py:925} INFO - DAG(s) 'example_nested_branch_dag' retrieved from /home/airflow/.local/lib/python3.12/site-packages/airflow/example_dags/example_nested_branch_dag.py
[2024-09-03T16:50:38.779+0000] {logging_mixin.py:190} INFO - [2024-09-03T16:50:38.779+0000] {dag.py:3211} INFO - Sync 1 DAGs
[2024-09-03T16:50:38.793+0000] {logging_mixin.py:190} INFO - [2024-09-03T16:50:38.792+0000] {dag.py:4138} INFO - Setting next_dagrun for example_nested_branch_dag to 2024-09-02 00:00:00+00:00, run_after=2024-09-03 00:00:00+00:00
[2024-09-03T16:50:38.803+0000] {processor.py:208} INFO - Processing /home/airflow/.local/lib/python3.12/site-packages/airflow/example_dags/example_nested_branch_dag.py took 0.067 seconds
[2024-09-03T16:51:09.442+0000] {processor.py:186} INFO - Started process (PID=235) to work on /home/airflow/.local/lib/python3.12/site-packages/airflow/example_dags/example_nested_branch_dag.py
[2024-09-03T16:51:09.447+0000] {processor.py:914} INFO - Processing file /home/airflow/.local/lib/python3.12/site-packages/airflow/example_dags/example_nested_branch_dag.py for tasks to queue
[2024-09-03T16:51:09.455+0000] {logging_mixin.py:190} INFO - [2024-09-03T16:51:09.454+0000] {dagbag.py:587} INFO - Filling up the DagBag from /home/airflow/.local/lib/python3.12/site-packages/airflow/example_dags/example_nested_branch_dag.py
[2024-09-03T16:51:09.471+0000] {processor.py:925} INFO - DAG(s) 'example_nested_branch_dag' retrieved from /home/airflow/.local/lib/python3.12/site-packages/airflow/example_dags/example_nested_branch_dag.py
[2024-09-03T16:51:09.508+0000] {logging_mixin.py:190} INFO - [2024-09-03T16:51:09.507+0000] {dag.py:3211} INFO - Sync 1 DAGs
[2024-09-03T16:51:09.525+0000] {logging_mixin.py:190} INFO - [2024-09-03T16:51:09.525+0000] {dag.py:4138} INFO - Setting next_dagrun for example_nested_branch_dag to 2024-09-02 00:00:00+00:00, run_after=2024-09-03 00:00:00+00:00
[2024-09-03T16:51:09.544+0000] {processor.py:208} INFO - Processing /home/airflow/.local/lib/python3.12/site-packages/airflow/example_dags/example_nested_branch_dag.py took 0.134 seconds
[2024-09-03T16:51:39.764+0000] {processor.py:186} INFO - Started process (PID=298) to work on /home/airflow/.local/lib/python3.12/site-packages/airflow/example_dags/example_nested_branch_dag.py
[2024-09-03T16:51:39.771+0000] {processor.py:914} INFO - Processing file /home/airflow/.local/lib/python3.12/site-packages/airflow/example_dags/example_nested_branch_dag.py for tasks to queue
[2024-09-03T16:51:39.778+0000] {logging_mixin.py:190} INFO - [2024-09-03T16:51:39.778+0000] {dagbag.py:587} INFO - Filling up the DagBag from /home/airflow/.local/lib/python3.12/site-packages/airflow/example_dags/example_nested_branch_dag.py
[2024-09-03T16:51:39.797+0000] {processor.py:925} INFO - DAG(s) 'example_nested_branch_dag' retrieved from /home/airflow/.local/lib/python3.12/site-packages/airflow/example_dags/example_nested_branch_dag.py
[2024-09-03T16:51:39.856+0000] {logging_mixin.py:190} INFO - [2024-09-03T16:51:39.856+0000] {dag.py:3211} INFO - Sync 1 DAGs
[2024-09-03T16:51:39.884+0000] {logging_mixin.py:190} INFO - [2024-09-03T16:51:39.884+0000] {dag.py:4138} INFO - Setting next_dagrun for example_nested_branch_dag to 2024-09-02 00:00:00+00:00, run_after=2024-09-03 00:00:00+00:00
[2024-09-03T16:51:39.900+0000] {processor.py:208} INFO - Processing /home/airflow/.local/lib/python3.12/site-packages/airflow/example_dags/example_nested_branch_dag.py took 0.147 seconds
[2024-09-03T16:52:10.589+0000] {processor.py:186} INFO - Started process (PID=361) to work on /home/airflow/.local/lib/python3.12/site-packages/airflow/example_dags/example_nested_branch_dag.py
[2024-09-03T16:52:10.590+0000] {processor.py:914} INFO - Processing file /home/airflow/.local/lib/python3.12/site-packages/airflow/example_dags/example_nested_branch_dag.py for tasks to queue
[2024-09-03T16:52:10.591+0000] {logging_mixin.py:190} INFO - [2024-09-03T16:52:10.591+0000] {dagbag.py:587} INFO - Filling up the DagBag from /home/airflow/.local/lib/python3.12/site-packages/airflow/example_dags/example_nested_branch_dag.py
[2024-09-03T16:52:10.601+0000] {processor.py:925} INFO - DAG(s) 'example_nested_branch_dag' retrieved from /home/airflow/.local/lib/python3.12/site-packages/airflow/example_dags/example_nested_branch_dag.py
[2024-09-03T16:52:10.618+0000] {logging_mixin.py:190} INFO - [2024-09-03T16:52:10.618+0000] {dag.py:3211} INFO - Sync 1 DAGs
[2024-09-03T16:52:10.657+0000] {logging_mixin.py:190} INFO - [2024-09-03T16:52:10.657+0000] {dag.py:4138} INFO - Setting next_dagrun for example_nested_branch_dag to 2024-09-02 00:00:00+00:00, run_after=2024-09-03 00:00:00+00:00
[2024-09-03T16:52:10.670+0000] {processor.py:208} INFO - Processing /home/airflow/.local/lib/python3.12/site-packages/airflow/example_dags/example_nested_branch_dag.py took 0.101 seconds
[2024-09-03T16:52:41.104+0000] {processor.py:186} INFO - Started process (PID=424) to work on /home/airflow/.local/lib/python3.12/site-packages/airflow/example_dags/example_nested_branch_dag.py
[2024-09-03T16:52:41.107+0000] {processor.py:914} INFO - Processing file /home/airflow/.local/lib/python3.12/site-packages/airflow/example_dags/example_nested_branch_dag.py for tasks to queue
[2024-09-03T16:52:41.114+0000] {logging_mixin.py:190} INFO - [2024-09-03T16:52:41.113+0000] {dagbag.py:587} INFO - Filling up the DagBag from /home/airflow/.local/lib/python3.12/site-packages/airflow/example_dags/example_nested_branch_dag.py
[2024-09-03T16:52:41.132+0000] {processor.py:925} INFO - DAG(s) 'example_nested_branch_dag' retrieved from /home/airflow/.local/lib/python3.12/site-packages/airflow/example_dags/example_nested_branch_dag.py
[2024-09-03T16:52:41.165+0000] {logging_mixin.py:190} INFO - [2024-09-03T16:52:41.164+0000] {dag.py:3211} INFO - Sync 1 DAGs
[2024-09-03T16:52:41.193+0000] {logging_mixin.py:190} INFO - [2024-09-03T16:52:41.193+0000] {dag.py:4138} INFO - Setting next_dagrun for example_nested_branch_dag to 2024-09-02 00:00:00+00:00, run_after=2024-09-03 00:00:00+00:00
[2024-09-03T16:52:41.211+0000] {processor.py:208} INFO - Processing /home/airflow/.local/lib/python3.12/site-packages/airflow/example_dags/example_nested_branch_dag.py took 0.117 seconds
[2024-09-03T16:53:11.791+0000] {processor.py:186} INFO - Started process (PID=487) to work on /home/airflow/.local/lib/python3.12/site-packages/airflow/example_dags/example_nested_branch_dag.py
[2024-09-03T16:53:11.792+0000] {processor.py:914} INFO - Processing file /home/airflow/.local/lib/python3.12/site-packages/airflow/example_dags/example_nested_branch_dag.py for tasks to queue
[2024-09-03T16:53:11.794+0000] {logging_mixin.py:190} INFO - [2024-09-03T16:53:11.794+0000] {dagbag.py:587} INFO - Filling up the DagBag from /home/airflow/.local/lib/python3.12/site-packages/airflow/example_dags/example_nested_branch_dag.py
[2024-09-03T16:53:11.809+0000] {processor.py:925} INFO - DAG(s) 'example_nested_branch_dag' retrieved from /home/airflow/.local/lib/python3.12/site-packages/airflow/example_dags/example_nested_branch_dag.py
[2024-09-03T16:53:11.831+0000] {logging_mixin.py:190} INFO - [2024-09-03T16:53:11.830+0000] {dag.py:3211} INFO - Sync 1 DAGs
[2024-09-03T16:53:11.859+0000] {logging_mixin.py:190} INFO - [2024-09-03T16:53:11.859+0000] {dag.py:4138} INFO - Setting next_dagrun for example_nested_branch_dag to 2024-09-02 00:00:00+00:00, run_after=2024-09-03 00:00:00+00:00
[2024-09-03T16:53:11.872+0000] {processor.py:208} INFO - Processing /home/airflow/.local/lib/python3.12/site-packages/airflow/example_dags/example_nested_branch_dag.py took 0.087 seconds
[2024-09-03T16:53:42.638+0000] {processor.py:186} INFO - Started process (PID=551) to work on /home/airflow/.local/lib/python3.12/site-packages/airflow/example_dags/example_nested_branch_dag.py
[2024-09-03T16:53:42.642+0000] {processor.py:914} INFO - Processing file /home/airflow/.local/lib/python3.12/site-packages/airflow/example_dags/example_nested_branch_dag.py for tasks to queue
[2024-09-03T16:53:42.647+0000] {logging_mixin.py:190} INFO - [2024-09-03T16:53:42.647+0000] {dagbag.py:587} INFO - Filling up the DagBag from /home/airflow/.local/lib/python3.12/site-packages/airflow/example_dags/example_nested_branch_dag.py
[2024-09-03T16:53:42.664+0000] {processor.py:925} INFO - DAG(s) 'example_nested_branch_dag' retrieved from /home/airflow/.local/lib/python3.12/site-packages/airflow/example_dags/example_nested_branch_dag.py
[2024-09-03T16:53:42.754+0000] {logging_mixin.py:190} INFO - [2024-09-03T16:53:42.753+0000] {dag.py:3211} INFO - Sync 1 DAGs
[2024-09-03T16:53:42.788+0000] {logging_mixin.py:190} INFO - [2024-09-03T16:53:42.788+0000] {dag.py:4138} INFO - Setting next_dagrun for example_nested_branch_dag to 2024-09-02 00:00:00+00:00, run_after=2024-09-03 00:00:00+00:00
[2024-09-03T16:53:42.863+0000] {processor.py:208} INFO - Processing /home/airflow/.local/lib/python3.12/site-packages/airflow/example_dags/example_nested_branch_dag.py took 0.235 seconds
[2024-09-03T16:54:12.992+0000] {processor.py:186} INFO - Started process (PID=614) to work on /home/airflow/.local/lib/python3.12/site-packages/airflow/example_dags/example_nested_branch_dag.py
[2024-09-03T16:54:12.994+0000] {processor.py:914} INFO - Processing file /home/airflow/.local/lib/python3.12/site-packages/airflow/example_dags/example_nested_branch_dag.py for tasks to queue
[2024-09-03T16:54:12.997+0000] {logging_mixin.py:190} INFO - [2024-09-03T16:54:12.996+0000] {dagbag.py:587} INFO - Filling up the DagBag from /home/airflow/.local/lib/python3.12/site-packages/airflow/example_dags/example_nested_branch_dag.py
[2024-09-03T16:54:13.008+0000] {processor.py:925} INFO - DAG(s) 'example_nested_branch_dag' retrieved from /home/airflow/.local/lib/python3.12/site-packages/airflow/example_dags/example_nested_branch_dag.py
[2024-09-03T16:54:13.026+0000] {logging_mixin.py:190} INFO - [2024-09-03T16:54:13.026+0000] {dag.py:3211} INFO - Sync 1 DAGs
[2024-09-03T16:54:13.048+0000] {logging_mixin.py:190} INFO - [2024-09-03T16:54:13.048+0000] {dag.py:4138} INFO - Setting next_dagrun for example_nested_branch_dag to 2024-09-02 00:00:00+00:00, run_after=2024-09-03 00:00:00+00:00
[2024-09-03T16:54:13.064+0000] {processor.py:208} INFO - Processing /home/airflow/.local/lib/python3.12/site-packages/airflow/example_dags/example_nested_branch_dag.py took 0.083 seconds
[2024-09-03T16:54:43.291+0000] {processor.py:186} INFO - Started process (PID=677) to work on /home/airflow/.local/lib/python3.12/site-packages/airflow/example_dags/example_nested_branch_dag.py
[2024-09-03T16:54:43.293+0000] {processor.py:914} INFO - Processing file /home/airflow/.local/lib/python3.12/site-packages/airflow/example_dags/example_nested_branch_dag.py for tasks to queue
[2024-09-03T16:54:43.295+0000] {logging_mixin.py:190} INFO - [2024-09-03T16:54:43.294+0000] {dagbag.py:587} INFO - Filling up the DagBag from /home/airflow/.local/lib/python3.12/site-packages/airflow/example_dags/example_nested_branch_dag.py
[2024-09-03T16:54:43.304+0000] {processor.py:925} INFO - DAG(s) 'example_nested_branch_dag' retrieved from /home/airflow/.local/lib/python3.12/site-packages/airflow/example_dags/example_nested_branch_dag.py
[2024-09-03T16:54:43.336+0000] {logging_mixin.py:190} INFO - [2024-09-03T16:54:43.335+0000] {dag.py:3211} INFO - Sync 1 DAGs
[2024-09-03T16:54:43.357+0000] {logging_mixin.py:190} INFO - [2024-09-03T16:54:43.357+0000] {dag.py:4138} INFO - Setting next_dagrun for example_nested_branch_dag to 2024-09-02 00:00:00+00:00, run_after=2024-09-03 00:00:00+00:00
[2024-09-03T16:54:43.372+0000] {processor.py:208} INFO - Processing /home/airflow/.local/lib/python3.12/site-packages/airflow/example_dags/example_nested_branch_dag.py took 0.086 seconds
[2024-09-03T16:55:13.649+0000] {processor.py:186} INFO - Started process (PID=740) to work on /home/airflow/.local/lib/python3.12/site-packages/airflow/example_dags/example_nested_branch_dag.py
[2024-09-03T16:55:13.651+0000] {processor.py:914} INFO - Processing file /home/airflow/.local/lib/python3.12/site-packages/airflow/example_dags/example_nested_branch_dag.py for tasks to queue
[2024-09-03T16:55:13.654+0000] {logging_mixin.py:190} INFO - [2024-09-03T16:55:13.653+0000] {dagbag.py:587} INFO - Filling up the DagBag from /home/airflow/.local/lib/python3.12/site-packages/airflow/example_dags/example_nested_branch_dag.py
[2024-09-03T16:55:13.669+0000] {processor.py:925} INFO - DAG(s) 'example_nested_branch_dag' retrieved from /home/airflow/.local/lib/python3.12/site-packages/airflow/example_dags/example_nested_branch_dag.py
[2024-09-03T16:55:13.689+0000] {logging_mixin.py:190} INFO - [2024-09-03T16:55:13.689+0000] {dag.py:3211} INFO - Sync 1 DAGs
[2024-09-03T16:55:13.711+0000] {logging_mixin.py:190} INFO - [2024-09-03T16:55:13.710+0000] {dag.py:4138} INFO - Setting next_dagrun for example_nested_branch_dag to 2024-09-02 00:00:00+00:00, run_after=2024-09-03 00:00:00+00:00
[2024-09-03T16:55:13.726+0000] {processor.py:208} INFO - Processing /home/airflow/.local/lib/python3.12/site-packages/airflow/example_dags/example_nested_branch_dag.py took 0.084 seconds
[2024-09-03T16:55:44.765+0000] {processor.py:186} INFO - Started process (PID=803) to work on /home/airflow/.local/lib/python3.12/site-packages/airflow/example_dags/example_nested_branch_dag.py
[2024-09-03T16:55:44.766+0000] {processor.py:914} INFO - Processing file /home/airflow/.local/lib/python3.12/site-packages/airflow/example_dags/example_nested_branch_dag.py for tasks to queue
[2024-09-03T16:55:44.769+0000] {logging_mixin.py:190} INFO - [2024-09-03T16:55:44.769+0000] {dagbag.py:587} INFO - Filling up the DagBag from /home/airflow/.local/lib/python3.12/site-packages/airflow/example_dags/example_nested_branch_dag.py
[2024-09-03T16:55:44.779+0000] {processor.py:925} INFO - DAG(s) 'example_nested_branch_dag' retrieved from /home/airflow/.local/lib/python3.12/site-packages/airflow/example_dags/example_nested_branch_dag.py
[2024-09-03T16:55:44.812+0000] {logging_mixin.py:190} INFO - [2024-09-03T16:55:44.812+0000] {dag.py:3211} INFO - Sync 1 DAGs
[2024-09-03T16:55:44.830+0000] {logging_mixin.py:190} INFO - [2024-09-03T16:55:44.830+0000] {dag.py:4138} INFO - Setting next_dagrun for example_nested_branch_dag to 2024-09-02 00:00:00+00:00, run_after=2024-09-03 00:00:00+00:00
[2024-09-03T16:55:44.843+0000] {processor.py:208} INFO - Processing /home/airflow/.local/lib/python3.12/site-packages/airflow/example_dags/example_nested_branch_dag.py took 0.083 seconds
[2024-09-03T16:56:15.448+0000] {processor.py:186} INFO - Started process (PID=866) to work on /home/airflow/.local/lib/python3.12/site-packages/airflow/example_dags/example_nested_branch_dag.py
[2024-09-03T16:56:15.449+0000] {processor.py:914} INFO - Processing file /home/airflow/.local/lib/python3.12/site-packages/airflow/example_dags/example_nested_branch_dag.py for tasks to queue
[2024-09-03T16:56:15.451+0000] {logging_mixin.py:190} INFO - [2024-09-03T16:56:15.450+0000] {dagbag.py:587} INFO - Filling up the DagBag from /home/airflow/.local/lib/python3.12/site-packages/airflow/example_dags/example_nested_branch_dag.py
[2024-09-03T16:56:15.458+0000] {processor.py:925} INFO - DAG(s) 'example_nested_branch_dag' retrieved from /home/airflow/.local/lib/python3.12/site-packages/airflow/example_dags/example_nested_branch_dag.py
[2024-09-03T16:56:15.490+0000] {logging_mixin.py:190} INFO - [2024-09-03T16:56:15.490+0000] {dag.py:3211} INFO - Sync 1 DAGs
[2024-09-03T16:56:15.513+0000] {logging_mixin.py:190} INFO - [2024-09-03T16:56:15.513+0000] {dag.py:4138} INFO - Setting next_dagrun for example_nested_branch_dag to 2024-09-02 00:00:00+00:00, run_after=2024-09-03 00:00:00+00:00
[2024-09-03T16:56:15.526+0000] {processor.py:208} INFO - Processing /home/airflow/.local/lib/python3.12/site-packages/airflow/example_dags/example_nested_branch_dag.py took 0.084 seconds
[2024-09-03T16:56:46.541+0000] {processor.py:186} INFO - Started process (PID=929) to work on /home/airflow/.local/lib/python3.12/site-packages/airflow/example_dags/example_nested_branch_dag.py
[2024-09-03T16:56:46.542+0000] {processor.py:914} INFO - Processing file /home/airflow/.local/lib/python3.12/site-packages/airflow/example_dags/example_nested_branch_dag.py for tasks to queue
[2024-09-03T16:56:46.543+0000] {logging_mixin.py:190} INFO - [2024-09-03T16:56:46.543+0000] {dagbag.py:587} INFO - Filling up the DagBag from /home/airflow/.local/lib/python3.12/site-packages/airflow/example_dags/example_nested_branch_dag.py
[2024-09-03T16:56:46.551+0000] {processor.py:925} INFO - DAG(s) 'example_nested_branch_dag' retrieved from /home/airflow/.local/lib/python3.12/site-packages/airflow/example_dags/example_nested_branch_dag.py
[2024-09-03T16:56:46.569+0000] {logging_mixin.py:190} INFO - [2024-09-03T16:56:46.569+0000] {dag.py:3211} INFO - Sync 1 DAGs
[2024-09-03T16:56:46.592+0000] {logging_mixin.py:190} INFO - [2024-09-03T16:56:46.592+0000] {dag.py:4138} INFO - Setting next_dagrun for example_nested_branch_dag to 2024-09-02 00:00:00+00:00, run_after=2024-09-03 00:00:00+00:00
[2024-09-03T16:56:46.605+0000] {processor.py:208} INFO - Processing /home/airflow/.local/lib/python3.12/site-packages/airflow/example_dags/example_nested_branch_dag.py took 0.068 seconds
[2024-09-03T16:57:17.523+0000] {processor.py:186} INFO - Started process (PID=993) to work on /home/airflow/.local/lib/python3.12/site-packages/airflow/example_dags/example_nested_branch_dag.py
[2024-09-03T16:57:17.524+0000] {processor.py:914} INFO - Processing file /home/airflow/.local/lib/python3.12/site-packages/airflow/example_dags/example_nested_branch_dag.py for tasks to queue
[2024-09-03T16:57:17.527+0000] {logging_mixin.py:190} INFO - [2024-09-03T16:57:17.526+0000] {dagbag.py:587} INFO - Filling up the DagBag from /home/airflow/.local/lib/python3.12/site-packages/airflow/example_dags/example_nested_branch_dag.py
[2024-09-03T16:57:17.534+0000] {processor.py:925} INFO - DAG(s) 'example_nested_branch_dag' retrieved from /home/airflow/.local/lib/python3.12/site-packages/airflow/example_dags/example_nested_branch_dag.py
[2024-09-03T16:57:17.559+0000] {logging_mixin.py:190} INFO - [2024-09-03T16:57:17.558+0000] {dag.py:3211} INFO - Sync 1 DAGs
[2024-09-03T16:57:17.575+0000] {logging_mixin.py:190} INFO - [2024-09-03T16:57:17.574+0000] {dag.py:4138} INFO - Setting next_dagrun for example_nested_branch_dag to 2024-09-02 00:00:00+00:00, run_after=2024-09-03 00:00:00+00:00
[2024-09-03T16:57:17.585+0000] {processor.py:208} INFO - Processing /home/airflow/.local/lib/python3.12/site-packages/airflow/example_dags/example_nested_branch_dag.py took 0.067 seconds
[2024-09-03T16:57:48.785+0000] {processor.py:186} INFO - Started process (PID=1056) to work on /home/airflow/.local/lib/python3.12/site-packages/airflow/example_dags/example_nested_branch_dag.py
[2024-09-03T16:57:48.786+0000] {processor.py:914} INFO - Processing file /home/airflow/.local/lib/python3.12/site-packages/airflow/example_dags/example_nested_branch_dag.py for tasks to queue
[2024-09-03T16:57:48.788+0000] {logging_mixin.py:190} INFO - [2024-09-03T16:57:48.788+0000] {dagbag.py:587} INFO - Filling up the DagBag from /home/airflow/.local/lib/python3.12/site-packages/airflow/example_dags/example_nested_branch_dag.py
[2024-09-03T16:57:48.797+0000] {processor.py:925} INFO - DAG(s) 'example_nested_branch_dag' retrieved from /home/airflow/.local/lib/python3.12/site-packages/airflow/example_dags/example_nested_branch_dag.py
[2024-09-03T16:57:48.812+0000] {logging_mixin.py:190} INFO - [2024-09-03T16:57:48.812+0000] {dag.py:3211} INFO - Sync 1 DAGs
[2024-09-03T16:57:48.842+0000] {logging_mixin.py:190} INFO - [2024-09-03T16:57:48.842+0000] {dag.py:4138} INFO - Setting next_dagrun for example_nested_branch_dag to 2024-09-02 00:00:00+00:00, run_after=2024-09-03 00:00:00+00:00
[2024-09-03T16:57:48.853+0000] {processor.py:208} INFO - Processing /home/airflow/.local/lib/python3.12/site-packages/airflow/example_dags/example_nested_branch_dag.py took 0.073 seconds
[2024-09-03T16:58:19.919+0000] {processor.py:186} INFO - Started process (PID=1119) to work on /home/airflow/.local/lib/python3.12/site-packages/airflow/example_dags/example_nested_branch_dag.py
[2024-09-03T16:58:19.920+0000] {processor.py:914} INFO - Processing file /home/airflow/.local/lib/python3.12/site-packages/airflow/example_dags/example_nested_branch_dag.py for tasks to queue
[2024-09-03T16:58:19.922+0000] {logging_mixin.py:190} INFO - [2024-09-03T16:58:19.921+0000] {dagbag.py:587} INFO - Filling up the DagBag from /home/airflow/.local/lib/python3.12/site-packages/airflow/example_dags/example_nested_branch_dag.py
[2024-09-03T16:58:19.929+0000] {processor.py:925} INFO - DAG(s) 'example_nested_branch_dag' retrieved from /home/airflow/.local/lib/python3.12/site-packages/airflow/example_dags/example_nested_branch_dag.py
[2024-09-03T16:58:19.961+0000] {logging_mixin.py:190} INFO - [2024-09-03T16:58:19.961+0000] {dag.py:3211} INFO - Sync 1 DAGs
[2024-09-03T16:58:19.976+0000] {logging_mixin.py:190} INFO - [2024-09-03T16:58:19.976+0000] {dag.py:4138} INFO - Setting next_dagrun for example_nested_branch_dag to 2024-09-02 00:00:00+00:00, run_after=2024-09-03 00:00:00+00:00
[2024-09-03T16:58:19.987+0000] {processor.py:208} INFO - Processing /home/airflow/.local/lib/python3.12/site-packages/airflow/example_dags/example_nested_branch_dag.py took 0.072 seconds
