[2024-09-03T16:49:53.195+0000] {processor.py:186} INFO - Started process (PID=70) to work on /home/airflow/.local/lib/python3.12/site-packages/airflow/example_dags/example_external_task_marker_dag.py
[2024-09-03T16:49:53.252+0000] {processor.py:914} INFO - Processing file /home/airflow/.local/lib/python3.12/site-packages/airflow/example_dags/example_external_task_marker_dag.py for tasks to queue
[2024-09-03T16:49:53.318+0000] {logging_mixin.py:190} INFO - [2024-09-03T16:49:53.308+0000] {dagbag.py:587} INFO - Filling up the DagBag from /home/airflow/.local/lib/python3.12/site-packages/airflow/example_dags/example_external_task_marker_dag.py
[2024-09-03T16:49:53.500+0000] {processor.py:925} INFO - DAG(s) 'example_external_task_marker_child', 'example_external_task_marker_parent' retrieved from /home/airflow/.local/lib/python3.12/site-packages/airflow/example_dags/example_external_task_marker_dag.py
[2024-09-03T16:49:55.733+0000] {logging_mixin.py:190} INFO - [2024-09-03T16:49:55.724+0000] {override.py:1858} INFO - Created Permission View: can delete on DAG:example_external_task_marker_child
[2024-09-03T16:49:55.768+0000] {logging_mixin.py:190} INFO - [2024-09-03T16:49:55.767+0000] {override.py:1858} INFO - Created Permission View: can edit on DAG:example_external_task_marker_child
[2024-09-03T16:49:55.775+0000] {logging_mixin.py:190} INFO - [2024-09-03T16:49:55.774+0000] {override.py:1858} INFO - Created Permission View: can read on DAG:example_external_task_marker_child
[2024-09-03T16:49:55.789+0000] {logging_mixin.py:190} INFO - [2024-09-03T16:49:55.789+0000] {override.py:1858} INFO - Created Permission View: can delete on DAG:example_external_task_marker_parent
[2024-09-03T16:49:55.793+0000] {logging_mixin.py:190} INFO - [2024-09-03T16:49:55.793+0000] {override.py:1858} INFO - Created Permission View: can edit on DAG:example_external_task_marker_parent
[2024-09-03T16:49:55.797+0000] {logging_mixin.py:190} INFO - [2024-09-03T16:49:55.796+0000] {override.py:1858} INFO - Created Permission View: can read on DAG:example_external_task_marker_parent
[2024-09-03T16:49:55.801+0000] {logging_mixin.py:190} INFO - [2024-09-03T16:49:55.800+0000] {dag.py:3211} INFO - Sync 2 DAGs
[2024-09-03T16:49:55.969+0000] {logging_mixin.py:190} INFO - [2024-09-03T16:49:55.968+0000] {dag.py:3234} INFO - Creating ORM DAG for example_external_task_marker_child
[2024-09-03T16:49:55.969+0000] {logging_mixin.py:190} INFO - [2024-09-03T16:49:55.969+0000] {dag.py:3234} INFO - Creating ORM DAG for example_external_task_marker_parent
[2024-09-03T16:49:55.971+0000] {logging_mixin.py:190} INFO - [2024-09-03T16:49:55.971+0000] {dag.py:4138} INFO - Setting next_dagrun for example_external_task_marker_child to None, run_after=None
[2024-09-03T16:49:55.976+0000] {logging_mixin.py:190} INFO - [2024-09-03T16:49:55.976+0000] {dag.py:4138} INFO - Setting next_dagrun for example_external_task_marker_parent to None, run_after=None
[2024-09-03T16:49:56.057+0000] {processor.py:208} INFO - Processing /home/airflow/.local/lib/python3.12/site-packages/airflow/example_dags/example_external_task_marker_dag.py took 3.011 seconds
[2024-09-03T16:50:26.377+0000] {processor.py:186} INFO - Started process (PID=139) to work on /home/airflow/.local/lib/python3.12/site-packages/airflow/example_dags/example_external_task_marker_dag.py
[2024-09-03T16:50:26.379+0000] {processor.py:914} INFO - Processing file /home/airflow/.local/lib/python3.12/site-packages/airflow/example_dags/example_external_task_marker_dag.py for tasks to queue
[2024-09-03T16:50:26.383+0000] {logging_mixin.py:190} INFO - [2024-09-03T16:50:26.382+0000] {dagbag.py:587} INFO - Filling up the DagBag from /home/airflow/.local/lib/python3.12/site-packages/airflow/example_dags/example_external_task_marker_dag.py
[2024-09-03T16:50:26.397+0000] {processor.py:925} INFO - DAG(s) 'example_external_task_marker_parent', 'example_external_task_marker_child' retrieved from /home/airflow/.local/lib/python3.12/site-packages/airflow/example_dags/example_external_task_marker_dag.py
[2024-09-03T16:50:26.456+0000] {logging_mixin.py:190} INFO - [2024-09-03T16:50:26.456+0000] {dag.py:3211} INFO - Sync 2 DAGs
[2024-09-03T16:50:26.470+0000] {logging_mixin.py:190} INFO - [2024-09-03T16:50:26.470+0000] {dag.py:4138} INFO - Setting next_dagrun for example_external_task_marker_child to None, run_after=None
[2024-09-03T16:50:26.473+0000] {logging_mixin.py:190} INFO - [2024-09-03T16:50:26.473+0000] {dag.py:4138} INFO - Setting next_dagrun for example_external_task_marker_parent to None, run_after=None
[2024-09-03T16:50:26.485+0000] {processor.py:208} INFO - Processing /home/airflow/.local/lib/python3.12/site-packages/airflow/example_dags/example_external_task_marker_dag.py took 0.132 seconds
[2024-09-03T16:50:57.233+0000] {processor.py:186} INFO - Started process (PID=202) to work on /home/airflow/.local/lib/python3.12/site-packages/airflow/example_dags/example_external_task_marker_dag.py
[2024-09-03T16:50:57.245+0000] {processor.py:914} INFO - Processing file /home/airflow/.local/lib/python3.12/site-packages/airflow/example_dags/example_external_task_marker_dag.py for tasks to queue
[2024-09-03T16:50:57.251+0000] {logging_mixin.py:190} INFO - [2024-09-03T16:50:57.251+0000] {dagbag.py:587} INFO - Filling up the DagBag from /home/airflow/.local/lib/python3.12/site-packages/airflow/example_dags/example_external_task_marker_dag.py
[2024-09-03T16:50:57.266+0000] {processor.py:925} INFO - DAG(s) 'example_external_task_marker_child', 'example_external_task_marker_parent' retrieved from /home/airflow/.local/lib/python3.12/site-packages/airflow/example_dags/example_external_task_marker_dag.py
[2024-09-03T16:50:57.307+0000] {logging_mixin.py:190} INFO - [2024-09-03T16:50:57.307+0000] {dag.py:3211} INFO - Sync 2 DAGs
[2024-09-03T16:50:57.318+0000] {logging_mixin.py:190} INFO - [2024-09-03T16:50:57.317+0000] {dag.py:4138} INFO - Setting next_dagrun for example_external_task_marker_child to None, run_after=None
[2024-09-03T16:50:57.320+0000] {logging_mixin.py:190} INFO - [2024-09-03T16:50:57.320+0000] {dag.py:4138} INFO - Setting next_dagrun for example_external_task_marker_parent to None, run_after=None
[2024-09-03T16:50:57.330+0000] {processor.py:208} INFO - Processing /home/airflow/.local/lib/python3.12/site-packages/airflow/example_dags/example_external_task_marker_dag.py took 0.134 seconds
[2024-09-03T16:51:27.508+0000] {processor.py:186} INFO - Started process (PID=265) to work on /home/airflow/.local/lib/python3.12/site-packages/airflow/example_dags/example_external_task_marker_dag.py
[2024-09-03T16:51:27.511+0000] {processor.py:914} INFO - Processing file /home/airflow/.local/lib/python3.12/site-packages/airflow/example_dags/example_external_task_marker_dag.py for tasks to queue
[2024-09-03T16:51:27.518+0000] {logging_mixin.py:190} INFO - [2024-09-03T16:51:27.517+0000] {dagbag.py:587} INFO - Filling up the DagBag from /home/airflow/.local/lib/python3.12/site-packages/airflow/example_dags/example_external_task_marker_dag.py
[2024-09-03T16:51:27.534+0000] {processor.py:925} INFO - DAG(s) 'example_external_task_marker_parent', 'example_external_task_marker_child' retrieved from /home/airflow/.local/lib/python3.12/site-packages/airflow/example_dags/example_external_task_marker_dag.py
[2024-09-03T16:51:27.593+0000] {logging_mixin.py:190} INFO - [2024-09-03T16:51:27.593+0000] {dag.py:3211} INFO - Sync 2 DAGs
[2024-09-03T16:51:27.605+0000] {logging_mixin.py:190} INFO - [2024-09-03T16:51:27.605+0000] {dag.py:4138} INFO - Setting next_dagrun for example_external_task_marker_child to None, run_after=None
[2024-09-03T16:51:27.612+0000] {logging_mixin.py:190} INFO - [2024-09-03T16:51:27.612+0000] {dag.py:4138} INFO - Setting next_dagrun for example_external_task_marker_parent to None, run_after=None
[2024-09-03T16:51:27.629+0000] {processor.py:208} INFO - Processing /home/airflow/.local/lib/python3.12/site-packages/airflow/example_dags/example_external_task_marker_dag.py took 0.138 seconds
[2024-09-03T16:51:58.639+0000] {processor.py:186} INFO - Started process (PID=328) to work on /home/airflow/.local/lib/python3.12/site-packages/airflow/example_dags/example_external_task_marker_dag.py
[2024-09-03T16:51:58.649+0000] {processor.py:914} INFO - Processing file /home/airflow/.local/lib/python3.12/site-packages/airflow/example_dags/example_external_task_marker_dag.py for tasks to queue
[2024-09-03T16:51:58.662+0000] {logging_mixin.py:190} INFO - [2024-09-03T16:51:58.660+0000] {dagbag.py:587} INFO - Filling up the DagBag from /home/airflow/.local/lib/python3.12/site-packages/airflow/example_dags/example_external_task_marker_dag.py
[2024-09-03T16:51:58.708+0000] {processor.py:925} INFO - DAG(s) 'example_external_task_marker_child', 'example_external_task_marker_parent' retrieved from /home/airflow/.local/lib/python3.12/site-packages/airflow/example_dags/example_external_task_marker_dag.py
[2024-09-03T16:51:58.925+0000] {logging_mixin.py:190} INFO - [2024-09-03T16:51:58.924+0000] {dag.py:3211} INFO - Sync 2 DAGs
[2024-09-03T16:51:58.998+0000] {logging_mixin.py:190} INFO - [2024-09-03T16:51:58.998+0000] {dag.py:4138} INFO - Setting next_dagrun for example_external_task_marker_child to None, run_after=None
[2024-09-03T16:51:59.009+0000] {logging_mixin.py:190} INFO - [2024-09-03T16:51:59.009+0000] {dag.py:4138} INFO - Setting next_dagrun for example_external_task_marker_parent to None, run_after=None
[2024-09-03T16:51:59.049+0000] {processor.py:208} INFO - Processing /home/airflow/.local/lib/python3.12/site-packages/airflow/example_dags/example_external_task_marker_dag.py took 0.452 seconds
[2024-09-03T16:52:29.946+0000] {processor.py:186} INFO - Started process (PID=391) to work on /home/airflow/.local/lib/python3.12/site-packages/airflow/example_dags/example_external_task_marker_dag.py
[2024-09-03T16:52:29.956+0000] {processor.py:914} INFO - Processing file /home/airflow/.local/lib/python3.12/site-packages/airflow/example_dags/example_external_task_marker_dag.py for tasks to queue
[2024-09-03T16:52:29.969+0000] {logging_mixin.py:190} INFO - [2024-09-03T16:52:29.968+0000] {dagbag.py:587} INFO - Filling up the DagBag from /home/airflow/.local/lib/python3.12/site-packages/airflow/example_dags/example_external_task_marker_dag.py
[2024-09-03T16:52:30.164+0000] {processor.py:925} INFO - DAG(s) 'example_external_task_marker_parent', 'example_external_task_marker_child' retrieved from /home/airflow/.local/lib/python3.12/site-packages/airflow/example_dags/example_external_task_marker_dag.py
[2024-09-03T16:52:30.383+0000] {logging_mixin.py:190} INFO - [2024-09-03T16:52:30.382+0000] {dag.py:3211} INFO - Sync 2 DAGs
[2024-09-03T16:52:30.475+0000] {logging_mixin.py:190} INFO - [2024-09-03T16:52:30.475+0000] {dag.py:4138} INFO - Setting next_dagrun for example_external_task_marker_child to None, run_after=None
[2024-09-03T16:52:30.489+0000] {logging_mixin.py:190} INFO - [2024-09-03T16:52:30.488+0000] {dag.py:4138} INFO - Setting next_dagrun for example_external_task_marker_parent to None, run_after=None
[2024-09-03T16:52:30.516+0000] {processor.py:208} INFO - Processing /home/airflow/.local/lib/python3.12/site-packages/airflow/example_dags/example_external_task_marker_dag.py took 0.593 seconds
[2024-09-03T16:53:00.981+0000] {processor.py:186} INFO - Started process (PID=454) to work on /home/airflow/.local/lib/python3.12/site-packages/airflow/example_dags/example_external_task_marker_dag.py
[2024-09-03T16:53:00.985+0000] {processor.py:914} INFO - Processing file /home/airflow/.local/lib/python3.12/site-packages/airflow/example_dags/example_external_task_marker_dag.py for tasks to queue
[2024-09-03T16:53:01.002+0000] {logging_mixin.py:190} INFO - [2024-09-03T16:53:01.000+0000] {dagbag.py:587} INFO - Filling up the DagBag from /home/airflow/.local/lib/python3.12/site-packages/airflow/example_dags/example_external_task_marker_dag.py
[2024-09-03T16:53:01.026+0000] {processor.py:925} INFO - DAG(s) 'example_external_task_marker_parent', 'example_external_task_marker_child' retrieved from /home/airflow/.local/lib/python3.12/site-packages/airflow/example_dags/example_external_task_marker_dag.py
[2024-09-03T16:53:01.068+0000] {logging_mixin.py:190} INFO - [2024-09-03T16:53:01.068+0000] {dag.py:3211} INFO - Sync 2 DAGs
[2024-09-03T16:53:01.096+0000] {logging_mixin.py:190} INFO - [2024-09-03T16:53:01.096+0000] {dag.py:4138} INFO - Setting next_dagrun for example_external_task_marker_child to None, run_after=None
[2024-09-03T16:53:01.103+0000] {logging_mixin.py:190} INFO - [2024-09-03T16:53:01.103+0000] {dag.py:4138} INFO - Setting next_dagrun for example_external_task_marker_parent to None, run_after=None
[2024-09-03T16:53:01.138+0000] {processor.py:208} INFO - Processing /home/airflow/.local/lib/python3.12/site-packages/airflow/example_dags/example_external_task_marker_dag.py took 0.174 seconds
[2024-09-03T16:53:31.818+0000] {processor.py:186} INFO - Started process (PID=518) to work on /home/airflow/.local/lib/python3.12/site-packages/airflow/example_dags/example_external_task_marker_dag.py
[2024-09-03T16:53:31.829+0000] {processor.py:914} INFO - Processing file /home/airflow/.local/lib/python3.12/site-packages/airflow/example_dags/example_external_task_marker_dag.py for tasks to queue
[2024-09-03T16:53:31.837+0000] {logging_mixin.py:190} INFO - [2024-09-03T16:53:31.837+0000] {dagbag.py:587} INFO - Filling up the DagBag from /home/airflow/.local/lib/python3.12/site-packages/airflow/example_dags/example_external_task_marker_dag.py
[2024-09-03T16:53:31.856+0000] {processor.py:925} INFO - DAG(s) 'example_external_task_marker_parent', 'example_external_task_marker_child' retrieved from /home/airflow/.local/lib/python3.12/site-packages/airflow/example_dags/example_external_task_marker_dag.py
[2024-09-03T16:53:31.934+0000] {logging_mixin.py:190} INFO - [2024-09-03T16:53:31.933+0000] {dag.py:3211} INFO - Sync 2 DAGs
[2024-09-03T16:53:31.965+0000] {logging_mixin.py:190} INFO - [2024-09-03T16:53:31.965+0000] {dag.py:4138} INFO - Setting next_dagrun for example_external_task_marker_child to None, run_after=None
[2024-09-03T16:53:31.969+0000] {logging_mixin.py:190} INFO - [2024-09-03T16:53:31.969+0000] {dag.py:4138} INFO - Setting next_dagrun for example_external_task_marker_parent to None, run_after=None
[2024-09-03T16:53:31.984+0000] {processor.py:208} INFO - Processing /home/airflow/.local/lib/python3.12/site-packages/airflow/example_dags/example_external_task_marker_dag.py took 0.199 seconds
[2024-09-03T16:54:02.378+0000] {processor.py:186} INFO - Started process (PID=581) to work on /home/airflow/.local/lib/python3.12/site-packages/airflow/example_dags/example_external_task_marker_dag.py
[2024-09-03T16:54:02.382+0000] {processor.py:914} INFO - Processing file /home/airflow/.local/lib/python3.12/site-packages/airflow/example_dags/example_external_task_marker_dag.py for tasks to queue
[2024-09-03T16:54:02.389+0000] {logging_mixin.py:190} INFO - [2024-09-03T16:54:02.389+0000] {dagbag.py:587} INFO - Filling up the DagBag from /home/airflow/.local/lib/python3.12/site-packages/airflow/example_dags/example_external_task_marker_dag.py
[2024-09-03T16:54:02.425+0000] {processor.py:925} INFO - DAG(s) 'example_external_task_marker_parent', 'example_external_task_marker_child' retrieved from /home/airflow/.local/lib/python3.12/site-packages/airflow/example_dags/example_external_task_marker_dag.py
[2024-09-03T16:54:02.533+0000] {logging_mixin.py:190} INFO - [2024-09-03T16:54:02.533+0000] {dag.py:3211} INFO - Sync 2 DAGs
[2024-09-03T16:54:02.549+0000] {logging_mixin.py:190} INFO - [2024-09-03T16:54:02.549+0000] {dag.py:4138} INFO - Setting next_dagrun for example_external_task_marker_child to None, run_after=None
[2024-09-03T16:54:02.552+0000] {logging_mixin.py:190} INFO - [2024-09-03T16:54:02.552+0000] {dag.py:4138} INFO - Setting next_dagrun for example_external_task_marker_parent to None, run_after=None
[2024-09-03T16:54:02.571+0000] {processor.py:208} INFO - Processing /home/airflow/.local/lib/python3.12/site-packages/airflow/example_dags/example_external_task_marker_dag.py took 0.209 seconds
[2024-09-03T16:54:33.086+0000] {processor.py:186} INFO - Started process (PID=644) to work on /home/airflow/.local/lib/python3.12/site-packages/airflow/example_dags/example_external_task_marker_dag.py
[2024-09-03T16:54:33.089+0000] {processor.py:914} INFO - Processing file /home/airflow/.local/lib/python3.12/site-packages/airflow/example_dags/example_external_task_marker_dag.py for tasks to queue
[2024-09-03T16:54:33.095+0000] {logging_mixin.py:190} INFO - [2024-09-03T16:54:33.095+0000] {dagbag.py:587} INFO - Filling up the DagBag from /home/airflow/.local/lib/python3.12/site-packages/airflow/example_dags/example_external_task_marker_dag.py
[2024-09-03T16:54:33.110+0000] {processor.py:925} INFO - DAG(s) 'example_external_task_marker_child', 'example_external_task_marker_parent' retrieved from /home/airflow/.local/lib/python3.12/site-packages/airflow/example_dags/example_external_task_marker_dag.py
[2024-09-03T16:54:33.154+0000] {logging_mixin.py:190} INFO - [2024-09-03T16:54:33.153+0000] {dag.py:3211} INFO - Sync 2 DAGs
[2024-09-03T16:54:33.181+0000] {logging_mixin.py:190} INFO - [2024-09-03T16:54:33.181+0000] {dag.py:4138} INFO - Setting next_dagrun for example_external_task_marker_child to None, run_after=None
[2024-09-03T16:54:33.188+0000] {logging_mixin.py:190} INFO - [2024-09-03T16:54:33.187+0000] {dag.py:4138} INFO - Setting next_dagrun for example_external_task_marker_parent to None, run_after=None
[2024-09-03T16:54:33.198+0000] {processor.py:208} INFO - Processing /home/airflow/.local/lib/python3.12/site-packages/airflow/example_dags/example_external_task_marker_dag.py took 0.148 seconds
[2024-09-03T16:55:03.936+0000] {processor.py:186} INFO - Started process (PID=707) to work on /home/airflow/.local/lib/python3.12/site-packages/airflow/example_dags/example_external_task_marker_dag.py
[2024-09-03T16:55:03.940+0000] {processor.py:914} INFO - Processing file /home/airflow/.local/lib/python3.12/site-packages/airflow/example_dags/example_external_task_marker_dag.py for tasks to queue
[2024-09-03T16:55:03.953+0000] {logging_mixin.py:190} INFO - [2024-09-03T16:55:03.952+0000] {dagbag.py:587} INFO - Filling up the DagBag from /home/airflow/.local/lib/python3.12/site-packages/airflow/example_dags/example_external_task_marker_dag.py
[2024-09-03T16:55:03.973+0000] {processor.py:925} INFO - DAG(s) 'example_external_task_marker_parent', 'example_external_task_marker_child' retrieved from /home/airflow/.local/lib/python3.12/site-packages/airflow/example_dags/example_external_task_marker_dag.py
[2024-09-03T16:55:04.013+0000] {logging_mixin.py:190} INFO - [2024-09-03T16:55:04.013+0000] {dag.py:3211} INFO - Sync 2 DAGs
[2024-09-03T16:55:04.027+0000] {logging_mixin.py:190} INFO - [2024-09-03T16:55:04.027+0000] {dag.py:4138} INFO - Setting next_dagrun for example_external_task_marker_child to None, run_after=None
[2024-09-03T16:55:04.030+0000] {logging_mixin.py:190} INFO - [2024-09-03T16:55:04.030+0000] {dag.py:4138} INFO - Setting next_dagrun for example_external_task_marker_parent to None, run_after=None
[2024-09-03T16:55:04.040+0000] {processor.py:208} INFO - Processing /home/airflow/.local/lib/python3.12/site-packages/airflow/example_dags/example_external_task_marker_dag.py took 0.120 seconds
[2024-09-03T16:55:35.078+0000] {processor.py:186} INFO - Started process (PID=770) to work on /home/airflow/.local/lib/python3.12/site-packages/airflow/example_dags/example_external_task_marker_dag.py
[2024-09-03T16:55:35.083+0000] {processor.py:914} INFO - Processing file /home/airflow/.local/lib/python3.12/site-packages/airflow/example_dags/example_external_task_marker_dag.py for tasks to queue
[2024-09-03T16:55:35.089+0000] {logging_mixin.py:190} INFO - [2024-09-03T16:55:35.088+0000] {dagbag.py:587} INFO - Filling up the DagBag from /home/airflow/.local/lib/python3.12/site-packages/airflow/example_dags/example_external_task_marker_dag.py
[2024-09-03T16:55:35.113+0000] {processor.py:925} INFO - DAG(s) 'example_external_task_marker_child', 'example_external_task_marker_parent' retrieved from /home/airflow/.local/lib/python3.12/site-packages/airflow/example_dags/example_external_task_marker_dag.py
[2024-09-03T16:55:35.166+0000] {logging_mixin.py:190} INFO - [2024-09-03T16:55:35.166+0000] {dag.py:3211} INFO - Sync 2 DAGs
[2024-09-03T16:55:35.178+0000] {logging_mixin.py:190} INFO - [2024-09-03T16:55:35.178+0000] {dag.py:4138} INFO - Setting next_dagrun for example_external_task_marker_child to None, run_after=None
[2024-09-03T16:55:35.182+0000] {logging_mixin.py:190} INFO - [2024-09-03T16:55:35.181+0000] {dag.py:4138} INFO - Setting next_dagrun for example_external_task_marker_parent to None, run_after=None
[2024-09-03T16:55:35.195+0000] {processor.py:208} INFO - Processing /home/airflow/.local/lib/python3.12/site-packages/airflow/example_dags/example_external_task_marker_dag.py took 0.129 seconds
[2024-09-03T16:56:06.090+0000] {processor.py:186} INFO - Started process (PID=833) to work on /home/airflow/.local/lib/python3.12/site-packages/airflow/example_dags/example_external_task_marker_dag.py
[2024-09-03T16:56:06.094+0000] {processor.py:914} INFO - Processing file /home/airflow/.local/lib/python3.12/site-packages/airflow/example_dags/example_external_task_marker_dag.py for tasks to queue
[2024-09-03T16:56:06.105+0000] {logging_mixin.py:190} INFO - [2024-09-03T16:56:06.102+0000] {dagbag.py:587} INFO - Filling up the DagBag from /home/airflow/.local/lib/python3.12/site-packages/airflow/example_dags/example_external_task_marker_dag.py
[2024-09-03T16:56:06.136+0000] {processor.py:925} INFO - DAG(s) 'example_external_task_marker_child', 'example_external_task_marker_parent' retrieved from /home/airflow/.local/lib/python3.12/site-packages/airflow/example_dags/example_external_task_marker_dag.py
[2024-09-03T16:56:06.178+0000] {logging_mixin.py:190} INFO - [2024-09-03T16:56:06.178+0000] {dag.py:3211} INFO - Sync 2 DAGs
[2024-09-03T16:56:06.204+0000] {logging_mixin.py:190} INFO - [2024-09-03T16:56:06.204+0000] {dag.py:4138} INFO - Setting next_dagrun for example_external_task_marker_child to None, run_after=None
[2024-09-03T16:56:06.208+0000] {logging_mixin.py:190} INFO - [2024-09-03T16:56:06.207+0000] {dag.py:4138} INFO - Setting next_dagrun for example_external_task_marker_parent to None, run_after=None
[2024-09-03T16:56:06.222+0000] {processor.py:208} INFO - Processing /home/airflow/.local/lib/python3.12/site-packages/airflow/example_dags/example_external_task_marker_dag.py took 0.174 seconds
[2024-09-03T16:56:36.967+0000] {processor.py:186} INFO - Started process (PID=896) to work on /home/airflow/.local/lib/python3.12/site-packages/airflow/example_dags/example_external_task_marker_dag.py
[2024-09-03T16:56:36.974+0000] {processor.py:914} INFO - Processing file /home/airflow/.local/lib/python3.12/site-packages/airflow/example_dags/example_external_task_marker_dag.py for tasks to queue
[2024-09-03T16:56:36.983+0000] {logging_mixin.py:190} INFO - [2024-09-03T16:56:36.982+0000] {dagbag.py:587} INFO - Filling up the DagBag from /home/airflow/.local/lib/python3.12/site-packages/airflow/example_dags/example_external_task_marker_dag.py
[2024-09-03T16:56:37.001+0000] {processor.py:925} INFO - DAG(s) 'example_external_task_marker_child', 'example_external_task_marker_parent' retrieved from /home/airflow/.local/lib/python3.12/site-packages/airflow/example_dags/example_external_task_marker_dag.py
[2024-09-03T16:56:37.059+0000] {logging_mixin.py:190} INFO - [2024-09-03T16:56:37.058+0000] {dag.py:3211} INFO - Sync 2 DAGs
[2024-09-03T16:56:37.095+0000] {logging_mixin.py:190} INFO - [2024-09-03T16:56:37.095+0000] {dag.py:4138} INFO - Setting next_dagrun for example_external_task_marker_child to None, run_after=None
[2024-09-03T16:56:37.105+0000] {logging_mixin.py:190} INFO - [2024-09-03T16:56:37.105+0000] {dag.py:4138} INFO - Setting next_dagrun for example_external_task_marker_parent to None, run_after=None
[2024-09-03T16:56:37.118+0000] {processor.py:208} INFO - Processing /home/airflow/.local/lib/python3.12/site-packages/airflow/example_dags/example_external_task_marker_dag.py took 0.182 seconds
[2024-09-03T16:57:07.371+0000] {processor.py:186} INFO - Started process (PID=960) to work on /home/airflow/.local/lib/python3.12/site-packages/airflow/example_dags/example_external_task_marker_dag.py
[2024-09-03T16:57:07.373+0000] {processor.py:914} INFO - Processing file /home/airflow/.local/lib/python3.12/site-packages/airflow/example_dags/example_external_task_marker_dag.py for tasks to queue
[2024-09-03T16:57:07.378+0000] {logging_mixin.py:190} INFO - [2024-09-03T16:57:07.378+0000] {dagbag.py:587} INFO - Filling up the DagBag from /home/airflow/.local/lib/python3.12/site-packages/airflow/example_dags/example_external_task_marker_dag.py
[2024-09-03T16:57:07.408+0000] {processor.py:925} INFO - DAG(s) 'example_external_task_marker_parent', 'example_external_task_marker_child' retrieved from /home/airflow/.local/lib/python3.12/site-packages/airflow/example_dags/example_external_task_marker_dag.py
[2024-09-03T16:57:07.439+0000] {logging_mixin.py:190} INFO - [2024-09-03T16:57:07.439+0000] {dag.py:3211} INFO - Sync 2 DAGs
[2024-09-03T16:57:07.452+0000] {logging_mixin.py:190} INFO - [2024-09-03T16:57:07.452+0000] {dag.py:4138} INFO - Setting next_dagrun for example_external_task_marker_child to None, run_after=None
[2024-09-03T16:57:07.455+0000] {logging_mixin.py:190} INFO - [2024-09-03T16:57:07.455+0000] {dag.py:4138} INFO - Setting next_dagrun for example_external_task_marker_parent to None, run_after=None
[2024-09-03T16:57:07.473+0000] {processor.py:208} INFO - Processing /home/airflow/.local/lib/python3.12/site-packages/airflow/example_dags/example_external_task_marker_dag.py took 0.116 seconds
[2024-09-03T16:57:38.426+0000] {processor.py:186} INFO - Started process (PID=1023) to work on /home/airflow/.local/lib/python3.12/site-packages/airflow/example_dags/example_external_task_marker_dag.py
[2024-09-03T16:57:38.429+0000] {processor.py:914} INFO - Processing file /home/airflow/.local/lib/python3.12/site-packages/airflow/example_dags/example_external_task_marker_dag.py for tasks to queue
[2024-09-03T16:57:38.442+0000] {logging_mixin.py:190} INFO - [2024-09-03T16:57:38.442+0000] {dagbag.py:587} INFO - Filling up the DagBag from /home/airflow/.local/lib/python3.12/site-packages/airflow/example_dags/example_external_task_marker_dag.py
[2024-09-03T16:57:38.459+0000] {processor.py:925} INFO - DAG(s) 'example_external_task_marker_parent', 'example_external_task_marker_child' retrieved from /home/airflow/.local/lib/python3.12/site-packages/airflow/example_dags/example_external_task_marker_dag.py
[2024-09-03T16:57:38.493+0000] {logging_mixin.py:190} INFO - [2024-09-03T16:57:38.493+0000] {dag.py:3211} INFO - Sync 2 DAGs
[2024-09-03T16:57:38.512+0000] {logging_mixin.py:190} INFO - [2024-09-03T16:57:38.511+0000] {dag.py:4138} INFO - Setting next_dagrun for example_external_task_marker_child to None, run_after=None
[2024-09-03T16:57:38.517+0000] {logging_mixin.py:190} INFO - [2024-09-03T16:57:38.516+0000] {dag.py:4138} INFO - Setting next_dagrun for example_external_task_marker_parent to None, run_after=None
[2024-09-03T16:57:38.530+0000] {processor.py:208} INFO - Processing /home/airflow/.local/lib/python3.12/site-packages/airflow/example_dags/example_external_task_marker_dag.py took 0.113 seconds
[2024-09-03T16:58:09.387+0000] {processor.py:186} INFO - Started process (PID=1086) to work on /home/airflow/.local/lib/python3.12/site-packages/airflow/example_dags/example_external_task_marker_dag.py
[2024-09-03T16:58:09.394+0000] {processor.py:914} INFO - Processing file /home/airflow/.local/lib/python3.12/site-packages/airflow/example_dags/example_external_task_marker_dag.py for tasks to queue
[2024-09-03T16:58:09.402+0000] {logging_mixin.py:190} INFO - [2024-09-03T16:58:09.401+0000] {dagbag.py:587} INFO - Filling up the DagBag from /home/airflow/.local/lib/python3.12/site-packages/airflow/example_dags/example_external_task_marker_dag.py
[2024-09-03T16:58:09.434+0000] {processor.py:925} INFO - DAG(s) 'example_external_task_marker_child', 'example_external_task_marker_parent' retrieved from /home/airflow/.local/lib/python3.12/site-packages/airflow/example_dags/example_external_task_marker_dag.py
[2024-09-03T16:58:09.531+0000] {logging_mixin.py:190} INFO - [2024-09-03T16:58:09.530+0000] {dag.py:3211} INFO - Sync 2 DAGs
[2024-09-03T16:58:09.580+0000] {logging_mixin.py:190} INFO - [2024-09-03T16:58:09.579+0000] {dag.py:4138} INFO - Setting next_dagrun for example_external_task_marker_child to None, run_after=None
[2024-09-03T16:58:09.589+0000] {logging_mixin.py:190} INFO - [2024-09-03T16:58:09.588+0000] {dag.py:4138} INFO - Setting next_dagrun for example_external_task_marker_parent to None, run_after=None
[2024-09-03T16:58:09.633+0000] {processor.py:208} INFO - Processing /home/airflow/.local/lib/python3.12/site-packages/airflow/example_dags/example_external_task_marker_dag.py took 0.292 seconds
