[2024-09-03T16:49:59.765+0000] {processor.py:186} INFO - Started process (PID=85) to work on /home/airflow/.local/lib/python3.12/site-packages/airflow/example_dags/example_latest_only_with_trigger.py
[2024-09-03T16:49:59.768+0000] {processor.py:914} INFO - Processing file /home/airflow/.local/lib/python3.12/site-packages/airflow/example_dags/example_latest_only_with_trigger.py for tasks to queue
[2024-09-03T16:49:59.772+0000] {logging_mixin.py:190} INFO - [2024-09-03T16:49:59.772+0000] {dagbag.py:587} INFO - Filling up the DagBag from /home/airflow/.local/lib/python3.12/site-packages/airflow/example_dags/example_latest_only_with_trigger.py
[2024-09-03T16:49:59.786+0000] {processor.py:925} INFO - DAG(s) 'latest_only_with_trigger' retrieved from /home/airflow/.local/lib/python3.12/site-packages/airflow/example_dags/example_latest_only_with_trigger.py
[2024-09-03T16:49:59.978+0000] {logging_mixin.py:190} INFO - [2024-09-03T16:49:59.976+0000] {override.py:1858} INFO - Created Permission View: can delete on DAG:latest_only_with_trigger
[2024-09-03T16:49:59.999+0000] {logging_mixin.py:190} INFO - [2024-09-03T16:49:59.998+0000] {override.py:1858} INFO - Created Permission View: can edit on DAG:latest_only_with_trigger
[2024-09-03T16:50:00.016+0000] {logging_mixin.py:190} INFO - [2024-09-03T16:50:00.015+0000] {override.py:1858} INFO - Created Permission View: can read on DAG:latest_only_with_trigger
[2024-09-03T16:50:00.020+0000] {logging_mixin.py:190} INFO - [2024-09-03T16:50:00.019+0000] {dag.py:3211} INFO - Sync 1 DAGs
[2024-09-03T16:50:00.075+0000] {logging_mixin.py:190} INFO - [2024-09-03T16:50:00.075+0000] {dag.py:3234} INFO - Creating ORM DAG for latest_only_with_trigger
[2024-09-03T16:50:00.098+0000] {logging_mixin.py:190} INFO - [2024-09-03T16:50:00.098+0000] {dag.py:4138} INFO - Setting next_dagrun for latest_only_with_trigger to 2024-09-03 12:00:00+00:00, run_after=2024-09-03 16:00:00+00:00
[2024-09-03T16:50:00.118+0000] {processor.py:208} INFO - Processing /home/airflow/.local/lib/python3.12/site-packages/airflow/example_dags/example_latest_only_with_trigger.py took 0.372 seconds
[2024-09-03T16:50:30.959+0000] {processor.py:186} INFO - Started process (PID=148) to work on /home/airflow/.local/lib/python3.12/site-packages/airflow/example_dags/example_latest_only_with_trigger.py
[2024-09-03T16:50:30.961+0000] {processor.py:914} INFO - Processing file /home/airflow/.local/lib/python3.12/site-packages/airflow/example_dags/example_latest_only_with_trigger.py for tasks to queue
[2024-09-03T16:50:30.963+0000] {logging_mixin.py:190} INFO - [2024-09-03T16:50:30.963+0000] {dagbag.py:587} INFO - Filling up the DagBag from /home/airflow/.local/lib/python3.12/site-packages/airflow/example_dags/example_latest_only_with_trigger.py
[2024-09-03T16:50:30.970+0000] {processor.py:925} INFO - DAG(s) 'latest_only_with_trigger' retrieved from /home/airflow/.local/lib/python3.12/site-packages/airflow/example_dags/example_latest_only_with_trigger.py
[2024-09-03T16:50:30.990+0000] {logging_mixin.py:190} INFO - [2024-09-03T16:50:30.990+0000] {dag.py:3211} INFO - Sync 1 DAGs
[2024-09-03T16:50:31.007+0000] {logging_mixin.py:190} INFO - [2024-09-03T16:50:31.007+0000] {dag.py:4138} INFO - Setting next_dagrun for latest_only_with_trigger to 2024-09-03 12:00:00+00:00, run_after=2024-09-03 16:00:00+00:00
[2024-09-03T16:50:31.017+0000] {processor.py:208} INFO - Processing /home/airflow/.local/lib/python3.12/site-packages/airflow/example_dags/example_latest_only_with_trigger.py took 0.067 seconds
[2024-09-03T16:51:01.862+0000] {processor.py:186} INFO - Started process (PID=211) to work on /home/airflow/.local/lib/python3.12/site-packages/airflow/example_dags/example_latest_only_with_trigger.py
[2024-09-03T16:51:01.863+0000] {processor.py:914} INFO - Processing file /home/airflow/.local/lib/python3.12/site-packages/airflow/example_dags/example_latest_only_with_trigger.py for tasks to queue
[2024-09-03T16:51:01.866+0000] {logging_mixin.py:190} INFO - [2024-09-03T16:51:01.865+0000] {dagbag.py:587} INFO - Filling up the DagBag from /home/airflow/.local/lib/python3.12/site-packages/airflow/example_dags/example_latest_only_with_trigger.py
[2024-09-03T16:51:01.873+0000] {processor.py:925} INFO - DAG(s) 'latest_only_with_trigger' retrieved from /home/airflow/.local/lib/python3.12/site-packages/airflow/example_dags/example_latest_only_with_trigger.py
[2024-09-03T16:51:01.897+0000] {logging_mixin.py:190} INFO - [2024-09-03T16:51:01.896+0000] {dag.py:3211} INFO - Sync 1 DAGs
[2024-09-03T16:51:01.916+0000] {logging_mixin.py:190} INFO - [2024-09-03T16:51:01.916+0000] {dag.py:4138} INFO - Setting next_dagrun for latest_only_with_trigger to 2024-09-03 12:00:00+00:00, run_after=2024-09-03 16:00:00+00:00
[2024-09-03T16:51:01.927+0000] {processor.py:208} INFO - Processing /home/airflow/.local/lib/python3.12/site-packages/airflow/example_dags/example_latest_only_with_trigger.py took 0.078 seconds
[2024-09-03T16:51:32.521+0000] {processor.py:186} INFO - Started process (PID=274) to work on /home/airflow/.local/lib/python3.12/site-packages/airflow/example_dags/example_latest_only_with_trigger.py
[2024-09-03T16:51:32.525+0000] {processor.py:914} INFO - Processing file /home/airflow/.local/lib/python3.12/site-packages/airflow/example_dags/example_latest_only_with_trigger.py for tasks to queue
[2024-09-03T16:51:32.529+0000] {logging_mixin.py:190} INFO - [2024-09-03T16:51:32.528+0000] {dagbag.py:587} INFO - Filling up the DagBag from /home/airflow/.local/lib/python3.12/site-packages/airflow/example_dags/example_latest_only_with_trigger.py
[2024-09-03T16:51:32.563+0000] {processor.py:925} INFO - DAG(s) 'latest_only_with_trigger' retrieved from /home/airflow/.local/lib/python3.12/site-packages/airflow/example_dags/example_latest_only_with_trigger.py
[2024-09-03T16:51:32.642+0000] {logging_mixin.py:190} INFO - [2024-09-03T16:51:32.642+0000] {dag.py:3211} INFO - Sync 1 DAGs
[2024-09-03T16:51:32.700+0000] {logging_mixin.py:190} INFO - [2024-09-03T16:51:32.700+0000] {dag.py:4138} INFO - Setting next_dagrun for latest_only_with_trigger to 2024-09-03 12:00:00+00:00, run_after=2024-09-03 16:00:00+00:00
[2024-09-03T16:51:32.715+0000] {processor.py:208} INFO - Processing /home/airflow/.local/lib/python3.12/site-packages/airflow/example_dags/example_latest_only_with_trigger.py took 0.205 seconds
[2024-09-03T16:52:03.283+0000] {processor.py:186} INFO - Started process (PID=337) to work on /home/airflow/.local/lib/python3.12/site-packages/airflow/example_dags/example_latest_only_with_trigger.py
[2024-09-03T16:52:03.284+0000] {processor.py:914} INFO - Processing file /home/airflow/.local/lib/python3.12/site-packages/airflow/example_dags/example_latest_only_with_trigger.py for tasks to queue
[2024-09-03T16:52:03.289+0000] {logging_mixin.py:190} INFO - [2024-09-03T16:52:03.288+0000] {dagbag.py:587} INFO - Filling up the DagBag from /home/airflow/.local/lib/python3.12/site-packages/airflow/example_dags/example_latest_only_with_trigger.py
[2024-09-03T16:52:03.302+0000] {processor.py:925} INFO - DAG(s) 'latest_only_with_trigger' retrieved from /home/airflow/.local/lib/python3.12/site-packages/airflow/example_dags/example_latest_only_with_trigger.py
[2024-09-03T16:52:03.351+0000] {logging_mixin.py:190} INFO - [2024-09-03T16:52:03.350+0000] {dag.py:3211} INFO - Sync 1 DAGs
[2024-09-03T16:52:03.385+0000] {logging_mixin.py:190} INFO - [2024-09-03T16:52:03.385+0000] {dag.py:4138} INFO - Setting next_dagrun for latest_only_with_trigger to 2024-09-03 12:00:00+00:00, run_after=2024-09-03 16:00:00+00:00
[2024-09-03T16:52:03.401+0000] {processor.py:208} INFO - Processing /home/airflow/.local/lib/python3.12/site-packages/airflow/example_dags/example_latest_only_with_trigger.py took 0.132 seconds
[2024-09-03T16:52:33.868+0000] {processor.py:186} INFO - Started process (PID=400) to work on /home/airflow/.local/lib/python3.12/site-packages/airflow/example_dags/example_latest_only_with_trigger.py
[2024-09-03T16:52:33.869+0000] {processor.py:914} INFO - Processing file /home/airflow/.local/lib/python3.12/site-packages/airflow/example_dags/example_latest_only_with_trigger.py for tasks to queue
[2024-09-03T16:52:33.871+0000] {logging_mixin.py:190} INFO - [2024-09-03T16:52:33.871+0000] {dagbag.py:587} INFO - Filling up the DagBag from /home/airflow/.local/lib/python3.12/site-packages/airflow/example_dags/example_latest_only_with_trigger.py
[2024-09-03T16:52:33.902+0000] {processor.py:925} INFO - DAG(s) 'latest_only_with_trigger' retrieved from /home/airflow/.local/lib/python3.12/site-packages/airflow/example_dags/example_latest_only_with_trigger.py
[2024-09-03T16:52:33.946+0000] {logging_mixin.py:190} INFO - [2024-09-03T16:52:33.945+0000] {dag.py:3211} INFO - Sync 1 DAGs
[2024-09-03T16:52:33.984+0000] {logging_mixin.py:190} INFO - [2024-09-03T16:52:33.984+0000] {dag.py:4138} INFO - Setting next_dagrun for latest_only_with_trigger to 2024-09-03 12:00:00+00:00, run_after=2024-09-03 16:00:00+00:00
[2024-09-03T16:52:34.006+0000] {processor.py:208} INFO - Processing /home/airflow/.local/lib/python3.12/site-packages/airflow/example_dags/example_latest_only_with_trigger.py took 0.143 seconds
[2024-09-03T16:53:04.822+0000] {processor.py:186} INFO - Started process (PID=463) to work on /home/airflow/.local/lib/python3.12/site-packages/airflow/example_dags/example_latest_only_with_trigger.py
[2024-09-03T16:53:04.825+0000] {processor.py:914} INFO - Processing file /home/airflow/.local/lib/python3.12/site-packages/airflow/example_dags/example_latest_only_with_trigger.py for tasks to queue
[2024-09-03T16:53:04.828+0000] {logging_mixin.py:190} INFO - [2024-09-03T16:53:04.827+0000] {dagbag.py:587} INFO - Filling up the DagBag from /home/airflow/.local/lib/python3.12/site-packages/airflow/example_dags/example_latest_only_with_trigger.py
[2024-09-03T16:53:04.834+0000] {processor.py:925} INFO - DAG(s) 'latest_only_with_trigger' retrieved from /home/airflow/.local/lib/python3.12/site-packages/airflow/example_dags/example_latest_only_with_trigger.py
[2024-09-03T16:53:04.860+0000] {logging_mixin.py:190} INFO - [2024-09-03T16:53:04.860+0000] {dag.py:3211} INFO - Sync 1 DAGs
[2024-09-03T16:53:04.875+0000] {logging_mixin.py:190} INFO - [2024-09-03T16:53:04.875+0000] {dag.py:4138} INFO - Setting next_dagrun for latest_only_with_trigger to 2024-09-03 12:00:00+00:00, run_after=2024-09-03 16:00:00+00:00
[2024-09-03T16:53:04.885+0000] {processor.py:208} INFO - Processing /home/airflow/.local/lib/python3.12/site-packages/airflow/example_dags/example_latest_only_with_trigger.py took 0.070 seconds
[2024-09-03T16:53:36.013+0000] {processor.py:186} INFO - Started process (PID=527) to work on /home/airflow/.local/lib/python3.12/site-packages/airflow/example_dags/example_latest_only_with_trigger.py
[2024-09-03T16:53:36.015+0000] {processor.py:914} INFO - Processing file /home/airflow/.local/lib/python3.12/site-packages/airflow/example_dags/example_latest_only_with_trigger.py for tasks to queue
[2024-09-03T16:53:36.017+0000] {logging_mixin.py:190} INFO - [2024-09-03T16:53:36.016+0000] {dagbag.py:587} INFO - Filling up the DagBag from /home/airflow/.local/lib/python3.12/site-packages/airflow/example_dags/example_latest_only_with_trigger.py
[2024-09-03T16:53:36.024+0000] {processor.py:925} INFO - DAG(s) 'latest_only_with_trigger' retrieved from /home/airflow/.local/lib/python3.12/site-packages/airflow/example_dags/example_latest_only_with_trigger.py
[2024-09-03T16:53:36.042+0000] {logging_mixin.py:190} INFO - [2024-09-03T16:53:36.042+0000] {dag.py:3211} INFO - Sync 1 DAGs
[2024-09-03T16:53:36.057+0000] {logging_mixin.py:190} INFO - [2024-09-03T16:53:36.056+0000] {dag.py:4138} INFO - Setting next_dagrun for latest_only_with_trigger to 2024-09-03 12:00:00+00:00, run_after=2024-09-03 16:00:00+00:00
[2024-09-03T16:53:36.073+0000] {processor.py:208} INFO - Processing /home/airflow/.local/lib/python3.12/site-packages/airflow/example_dags/example_latest_only_with_trigger.py took 0.067 seconds
[2024-09-03T16:54:07.282+0000] {processor.py:186} INFO - Started process (PID=591) to work on /home/airflow/.local/lib/python3.12/site-packages/airflow/example_dags/example_latest_only_with_trigger.py
[2024-09-03T16:54:07.283+0000] {processor.py:914} INFO - Processing file /home/airflow/.local/lib/python3.12/site-packages/airflow/example_dags/example_latest_only_with_trigger.py for tasks to queue
[2024-09-03T16:54:07.285+0000] {logging_mixin.py:190} INFO - [2024-09-03T16:54:07.285+0000] {dagbag.py:587} INFO - Filling up the DagBag from /home/airflow/.local/lib/python3.12/site-packages/airflow/example_dags/example_latest_only_with_trigger.py
[2024-09-03T16:54:07.292+0000] {processor.py:925} INFO - DAG(s) 'latest_only_with_trigger' retrieved from /home/airflow/.local/lib/python3.12/site-packages/airflow/example_dags/example_latest_only_with_trigger.py
[2024-09-03T16:54:07.327+0000] {logging_mixin.py:190} INFO - [2024-09-03T16:54:07.326+0000] {dag.py:3211} INFO - Sync 1 DAGs
[2024-09-03T16:54:07.343+0000] {logging_mixin.py:190} INFO - [2024-09-03T16:54:07.343+0000] {dag.py:4138} INFO - Setting next_dagrun for latest_only_with_trigger to 2024-09-03 12:00:00+00:00, run_after=2024-09-03 16:00:00+00:00
[2024-09-03T16:54:07.364+0000] {processor.py:208} INFO - Processing /home/airflow/.local/lib/python3.12/site-packages/airflow/example_dags/example_latest_only_with_trigger.py took 0.086 seconds
[2024-09-03T16:54:38.003+0000] {processor.py:186} INFO - Started process (PID=654) to work on /home/airflow/.local/lib/python3.12/site-packages/airflow/example_dags/example_latest_only_with_trigger.py
[2024-09-03T16:54:38.004+0000] {processor.py:914} INFO - Processing file /home/airflow/.local/lib/python3.12/site-packages/airflow/example_dags/example_latest_only_with_trigger.py for tasks to queue
[2024-09-03T16:54:38.005+0000] {logging_mixin.py:190} INFO - [2024-09-03T16:54:38.005+0000] {dagbag.py:587} INFO - Filling up the DagBag from /home/airflow/.local/lib/python3.12/site-packages/airflow/example_dags/example_latest_only_with_trigger.py
[2024-09-03T16:54:38.010+0000] {processor.py:925} INFO - DAG(s) 'latest_only_with_trigger' retrieved from /home/airflow/.local/lib/python3.12/site-packages/airflow/example_dags/example_latest_only_with_trigger.py
[2024-09-03T16:54:38.025+0000] {logging_mixin.py:190} INFO - [2024-09-03T16:54:38.025+0000] {dag.py:3211} INFO - Sync 1 DAGs
[2024-09-03T16:54:38.038+0000] {logging_mixin.py:190} INFO - [2024-09-03T16:54:38.038+0000] {dag.py:4138} INFO - Setting next_dagrun for latest_only_with_trigger to 2024-09-03 12:00:00+00:00, run_after=2024-09-03 16:00:00+00:00
[2024-09-03T16:54:38.048+0000] {processor.py:208} INFO - Processing /home/airflow/.local/lib/python3.12/site-packages/airflow/example_dags/example_latest_only_with_trigger.py took 0.049 seconds
[2024-09-03T16:55:08.609+0000] {processor.py:186} INFO - Started process (PID=717) to work on /home/airflow/.local/lib/python3.12/site-packages/airflow/example_dags/example_latest_only_with_trigger.py
[2024-09-03T16:55:08.610+0000] {processor.py:914} INFO - Processing file /home/airflow/.local/lib/python3.12/site-packages/airflow/example_dags/example_latest_only_with_trigger.py for tasks to queue
[2024-09-03T16:55:08.612+0000] {logging_mixin.py:190} INFO - [2024-09-03T16:55:08.611+0000] {dagbag.py:587} INFO - Filling up the DagBag from /home/airflow/.local/lib/python3.12/site-packages/airflow/example_dags/example_latest_only_with_trigger.py
[2024-09-03T16:55:08.618+0000] {processor.py:925} INFO - DAG(s) 'latest_only_with_trigger' retrieved from /home/airflow/.local/lib/python3.12/site-packages/airflow/example_dags/example_latest_only_with_trigger.py
[2024-09-03T16:55:08.634+0000] {logging_mixin.py:190} INFO - [2024-09-03T16:55:08.634+0000] {dag.py:3211} INFO - Sync 1 DAGs
[2024-09-03T16:55:08.647+0000] {logging_mixin.py:190} INFO - [2024-09-03T16:55:08.647+0000] {dag.py:4138} INFO - Setting next_dagrun for latest_only_with_trigger to 2024-09-03 12:00:00+00:00, run_after=2024-09-03 16:00:00+00:00
[2024-09-03T16:55:08.656+0000] {processor.py:208} INFO - Processing /home/airflow/.local/lib/python3.12/site-packages/airflow/example_dags/example_latest_only_with_trigger.py took 0.051 seconds
[2024-09-03T16:55:38.988+0000] {processor.py:186} INFO - Started process (PID=780) to work on /home/airflow/.local/lib/python3.12/site-packages/airflow/example_dags/example_latest_only_with_trigger.py
[2024-09-03T16:55:38.989+0000] {processor.py:914} INFO - Processing file /home/airflow/.local/lib/python3.12/site-packages/airflow/example_dags/example_latest_only_with_trigger.py for tasks to queue
[2024-09-03T16:55:38.991+0000] {logging_mixin.py:190} INFO - [2024-09-03T16:55:38.990+0000] {dagbag.py:587} INFO - Filling up the DagBag from /home/airflow/.local/lib/python3.12/site-packages/airflow/example_dags/example_latest_only_with_trigger.py
[2024-09-03T16:55:38.996+0000] {processor.py:925} INFO - DAG(s) 'latest_only_with_trigger' retrieved from /home/airflow/.local/lib/python3.12/site-packages/airflow/example_dags/example_latest_only_with_trigger.py
[2024-09-03T16:55:39.010+0000] {logging_mixin.py:190} INFO - [2024-09-03T16:55:39.010+0000] {dag.py:3211} INFO - Sync 1 DAGs
[2024-09-03T16:55:39.024+0000] {logging_mixin.py:190} INFO - [2024-09-03T16:55:39.024+0000] {dag.py:4138} INFO - Setting next_dagrun for latest_only_with_trigger to 2024-09-03 12:00:00+00:00, run_after=2024-09-03 16:00:00+00:00
[2024-09-03T16:55:39.033+0000] {processor.py:208} INFO - Processing /home/airflow/.local/lib/python3.12/site-packages/airflow/example_dags/example_latest_only_with_trigger.py took 0.049 seconds
[2024-09-03T16:56:10.244+0000] {processor.py:186} INFO - Started process (PID=843) to work on /home/airflow/.local/lib/python3.12/site-packages/airflow/example_dags/example_latest_only_with_trigger.py
[2024-09-03T16:56:10.246+0000] {processor.py:914} INFO - Processing file /home/airflow/.local/lib/python3.12/site-packages/airflow/example_dags/example_latest_only_with_trigger.py for tasks to queue
[2024-09-03T16:56:10.250+0000] {logging_mixin.py:190} INFO - [2024-09-03T16:56:10.249+0000] {dagbag.py:587} INFO - Filling up the DagBag from /home/airflow/.local/lib/python3.12/site-packages/airflow/example_dags/example_latest_only_with_trigger.py
[2024-09-03T16:56:10.263+0000] {processor.py:925} INFO - DAG(s) 'latest_only_with_trigger' retrieved from /home/airflow/.local/lib/python3.12/site-packages/airflow/example_dags/example_latest_only_with_trigger.py
[2024-09-03T16:56:10.296+0000] {logging_mixin.py:190} INFO - [2024-09-03T16:56:10.296+0000] {dag.py:3211} INFO - Sync 1 DAGs
[2024-09-03T16:56:10.322+0000] {logging_mixin.py:190} INFO - [2024-09-03T16:56:10.322+0000] {dag.py:4138} INFO - Setting next_dagrun for latest_only_with_trigger to 2024-09-03 12:00:00+00:00, run_after=2024-09-03 16:00:00+00:00
[2024-09-03T16:56:10.337+0000] {processor.py:208} INFO - Processing /home/airflow/.local/lib/python3.12/site-packages/airflow/example_dags/example_latest_only_with_trigger.py took 0.102 seconds
[2024-09-03T16:56:41.096+0000] {processor.py:186} INFO - Started process (PID=906) to work on /home/airflow/.local/lib/python3.12/site-packages/airflow/example_dags/example_latest_only_with_trigger.py
[2024-09-03T16:56:41.097+0000] {processor.py:914} INFO - Processing file /home/airflow/.local/lib/python3.12/site-packages/airflow/example_dags/example_latest_only_with_trigger.py for tasks to queue
[2024-09-03T16:56:41.100+0000] {logging_mixin.py:190} INFO - [2024-09-03T16:56:41.099+0000] {dagbag.py:587} INFO - Filling up the DagBag from /home/airflow/.local/lib/python3.12/site-packages/airflow/example_dags/example_latest_only_with_trigger.py
[2024-09-03T16:56:41.107+0000] {processor.py:925} INFO - DAG(s) 'latest_only_with_trigger' retrieved from /home/airflow/.local/lib/python3.12/site-packages/airflow/example_dags/example_latest_only_with_trigger.py
[2024-09-03T16:56:41.136+0000] {logging_mixin.py:190} INFO - [2024-09-03T16:56:41.135+0000] {dag.py:3211} INFO - Sync 1 DAGs
[2024-09-03T16:56:41.157+0000] {logging_mixin.py:190} INFO - [2024-09-03T16:56:41.157+0000] {dag.py:4138} INFO - Setting next_dagrun for latest_only_with_trigger to 2024-09-03 12:00:00+00:00, run_after=2024-09-03 16:00:00+00:00
[2024-09-03T16:56:41.168+0000] {processor.py:208} INFO - Processing /home/airflow/.local/lib/python3.12/site-packages/airflow/example_dags/example_latest_only_with_trigger.py took 0.078 seconds
[2024-09-03T16:57:11.687+0000] {processor.py:186} INFO - Started process (PID=971) to work on /home/airflow/.local/lib/python3.12/site-packages/airflow/example_dags/example_latest_only_with_trigger.py
[2024-09-03T16:57:11.689+0000] {processor.py:914} INFO - Processing file /home/airflow/.local/lib/python3.12/site-packages/airflow/example_dags/example_latest_only_with_trigger.py for tasks to queue
[2024-09-03T16:57:11.693+0000] {logging_mixin.py:190} INFO - [2024-09-03T16:57:11.692+0000] {dagbag.py:587} INFO - Filling up the DagBag from /home/airflow/.local/lib/python3.12/site-packages/airflow/example_dags/example_latest_only_with_trigger.py
[2024-09-03T16:57:11.707+0000] {processor.py:925} INFO - DAG(s) 'latest_only_with_trigger' retrieved from /home/airflow/.local/lib/python3.12/site-packages/airflow/example_dags/example_latest_only_with_trigger.py
[2024-09-03T16:57:11.734+0000] {logging_mixin.py:190} INFO - [2024-09-03T16:57:11.734+0000] {dag.py:3211} INFO - Sync 1 DAGs
[2024-09-03T16:57:11.750+0000] {logging_mixin.py:190} INFO - [2024-09-03T16:57:11.750+0000] {dag.py:4138} INFO - Setting next_dagrun for latest_only_with_trigger to 2024-09-03 12:00:00+00:00, run_after=2024-09-03 16:00:00+00:00
[2024-09-03T16:57:11.774+0000] {processor.py:208} INFO - Processing /home/airflow/.local/lib/python3.12/site-packages/airflow/example_dags/example_latest_only_with_trigger.py took 0.098 seconds
[2024-09-03T16:57:42.218+0000] {processor.py:186} INFO - Started process (PID=1034) to work on /home/airflow/.local/lib/python3.12/site-packages/airflow/example_dags/example_latest_only_with_trigger.py
[2024-09-03T16:57:42.220+0000] {processor.py:914} INFO - Processing file /home/airflow/.local/lib/python3.12/site-packages/airflow/example_dags/example_latest_only_with_trigger.py for tasks to queue
[2024-09-03T16:57:42.221+0000] {logging_mixin.py:190} INFO - [2024-09-03T16:57:42.221+0000] {dagbag.py:587} INFO - Filling up the DagBag from /home/airflow/.local/lib/python3.12/site-packages/airflow/example_dags/example_latest_only_with_trigger.py
[2024-09-03T16:57:42.229+0000] {processor.py:925} INFO - DAG(s) 'latest_only_with_trigger' retrieved from /home/airflow/.local/lib/python3.12/site-packages/airflow/example_dags/example_latest_only_with_trigger.py
[2024-09-03T16:57:42.244+0000] {logging_mixin.py:190} INFO - [2024-09-03T16:57:42.244+0000] {dag.py:3211} INFO - Sync 1 DAGs
[2024-09-03T16:57:42.258+0000] {logging_mixin.py:190} INFO - [2024-09-03T16:57:42.258+0000] {dag.py:4138} INFO - Setting next_dagrun for latest_only_with_trigger to 2024-09-03 12:00:00+00:00, run_after=2024-09-03 16:00:00+00:00
[2024-09-03T16:57:42.268+0000] {processor.py:208} INFO - Processing /home/airflow/.local/lib/python3.12/site-packages/airflow/example_dags/example_latest_only_with_trigger.py took 0.054 seconds
[2024-09-03T16:58:12.939+0000] {processor.py:186} INFO - Started process (PID=1097) to work on /home/airflow/.local/lib/python3.12/site-packages/airflow/example_dags/example_latest_only_with_trigger.py
[2024-09-03T16:58:12.943+0000] {processor.py:914} INFO - Processing file /home/airflow/.local/lib/python3.12/site-packages/airflow/example_dags/example_latest_only_with_trigger.py for tasks to queue
[2024-09-03T16:58:12.949+0000] {logging_mixin.py:190} INFO - [2024-09-03T16:58:12.948+0000] {dagbag.py:587} INFO - Filling up the DagBag from /home/airflow/.local/lib/python3.12/site-packages/airflow/example_dags/example_latest_only_with_trigger.py
[2024-09-03T16:58:12.963+0000] {processor.py:925} INFO - DAG(s) 'latest_only_with_trigger' retrieved from /home/airflow/.local/lib/python3.12/site-packages/airflow/example_dags/example_latest_only_with_trigger.py
[2024-09-03T16:58:12.989+0000] {logging_mixin.py:190} INFO - [2024-09-03T16:58:12.989+0000] {dag.py:3211} INFO - Sync 1 DAGs
[2024-09-03T16:58:13.009+0000] {logging_mixin.py:190} INFO - [2024-09-03T16:58:13.008+0000] {dag.py:4138} INFO - Setting next_dagrun for latest_only_with_trigger to 2024-09-03 12:00:00+00:00, run_after=2024-09-03 16:00:00+00:00
[2024-09-03T16:58:13.028+0000] {processor.py:208} INFO - Processing /home/airflow/.local/lib/python3.12/site-packages/airflow/example_dags/example_latest_only_with_trigger.py took 0.097 seconds
