[2024-09-03T16:49:25.664+0000] {processor.py:186} INFO - Started process (PID=47) to work on /home/airflow/.local/lib/python3.12/site-packages/airflow/example_dags/example_python_decorator.py
[2024-09-03T16:49:25.668+0000] {processor.py:914} INFO - Processing file /home/airflow/.local/lib/python3.12/site-packages/airflow/example_dags/example_python_decorator.py for tasks to queue
[2024-09-03T16:49:25.688+0000] {logging_mixin.py:190} INFO - [2024-09-03T16:49:25.688+0000] {dagbag.py:587} INFO - Filling up the DagBag from /home/airflow/.local/lib/python3.12/site-packages/airflow/example_dags/example_python_decorator.py
[2024-09-03T16:49:25.913+0000] {processor.py:925} INFO - DAG(s) 'example_python_decorator' retrieved from /home/airflow/.local/lib/python3.12/site-packages/airflow/example_dags/example_python_decorator.py
[2024-09-03T16:49:27.210+0000] {logging_mixin.py:190} INFO - [2024-09-03T16:49:27.174+0000] {override.py:1858} INFO - Created Permission View: can delete on DAG:example_python_decorator
[2024-09-03T16:49:27.252+0000] {logging_mixin.py:190} INFO - [2024-09-03T16:49:27.251+0000] {override.py:1858} INFO - Created Permission View: can edit on DAG:example_python_decorator
[2024-09-03T16:49:27.259+0000] {logging_mixin.py:190} INFO - [2024-09-03T16:49:27.258+0000] {override.py:1858} INFO - Created Permission View: can read on DAG:example_python_decorator
[2024-09-03T16:49:27.262+0000] {logging_mixin.py:190} INFO - [2024-09-03T16:49:27.261+0000] {dag.py:3211} INFO - Sync 1 DAGs
[2024-09-03T16:49:27.405+0000] {logging_mixin.py:190} INFO - [2024-09-03T16:49:27.405+0000] {dag.py:3234} INFO - Creating ORM DAG for example_python_decorator
[2024-09-03T16:49:27.411+0000] {logging_mixin.py:190} INFO - [2024-09-03T16:49:27.411+0000] {dag.py:4138} INFO - Setting next_dagrun for example_python_decorator to None, run_after=None
[2024-09-03T16:49:27.650+0000] {processor.py:208} INFO - Processing /home/airflow/.local/lib/python3.12/site-packages/airflow/example_dags/example_python_decorator.py took 2.011 seconds
[2024-09-03T16:50:07.327+0000] {processor.py:186} INFO - Started process (PID=110) to work on /home/airflow/.local/lib/python3.12/site-packages/airflow/example_dags/example_python_decorator.py
[2024-09-03T16:50:07.364+0000] {processor.py:914} INFO - Processing file /home/airflow/.local/lib/python3.12/site-packages/airflow/example_dags/example_python_decorator.py for tasks to queue
[2024-09-03T16:50:07.410+0000] {logging_mixin.py:190} INFO - [2024-09-03T16:50:07.409+0000] {dagbag.py:587} INFO - Filling up the DagBag from /home/airflow/.local/lib/python3.12/site-packages/airflow/example_dags/example_python_decorator.py
[2024-09-03T16:50:07.601+0000] {processor.py:925} INFO - DAG(s) 'example_python_decorator' retrieved from /home/airflow/.local/lib/python3.12/site-packages/airflow/example_dags/example_python_decorator.py
[2024-09-03T16:50:07.911+0000] {logging_mixin.py:190} INFO - [2024-09-03T16:50:07.909+0000] {dag.py:3211} INFO - Sync 1 DAGs
[2024-09-03T16:50:08.212+0000] {logging_mixin.py:190} INFO - [2024-09-03T16:50:08.211+0000] {dag.py:4138} INFO - Setting next_dagrun for example_python_decorator to None, run_after=None
[2024-09-03T16:50:08.420+0000] {processor.py:208} INFO - Processing /home/airflow/.local/lib/python3.12/site-packages/airflow/example_dags/example_python_decorator.py took 1.125 seconds
[2024-09-03T16:50:38.751+0000] {processor.py:186} INFO - Started process (PID=173) to work on /home/airflow/.local/lib/python3.12/site-packages/airflow/example_dags/example_python_decorator.py
[2024-09-03T16:50:38.752+0000] {processor.py:914} INFO - Processing file /home/airflow/.local/lib/python3.12/site-packages/airflow/example_dags/example_python_decorator.py for tasks to queue
[2024-09-03T16:50:38.754+0000] {logging_mixin.py:190} INFO - [2024-09-03T16:50:38.754+0000] {dagbag.py:587} INFO - Filling up the DagBag from /home/airflow/.local/lib/python3.12/site-packages/airflow/example_dags/example_python_decorator.py
[2024-09-03T16:50:38.768+0000] {processor.py:925} INFO - DAG(s) 'example_python_decorator' retrieved from /home/airflow/.local/lib/python3.12/site-packages/airflow/example_dags/example_python_decorator.py
[2024-09-03T16:50:38.785+0000] {logging_mixin.py:190} INFO - [2024-09-03T16:50:38.785+0000] {dag.py:3211} INFO - Sync 1 DAGs
[2024-09-03T16:50:38.793+0000] {logging_mixin.py:190} INFO - [2024-09-03T16:50:38.793+0000] {dag.py:4138} INFO - Setting next_dagrun for example_python_decorator to None, run_after=None
[2024-09-03T16:50:38.803+0000] {processor.py:208} INFO - Processing /home/airflow/.local/lib/python3.12/site-packages/airflow/example_dags/example_python_decorator.py took 0.057 seconds
[2024-09-03T16:51:09.453+0000] {processor.py:186} INFO - Started process (PID=236) to work on /home/airflow/.local/lib/python3.12/site-packages/airflow/example_dags/example_python_decorator.py
[2024-09-03T16:51:09.455+0000] {processor.py:914} INFO - Processing file /home/airflow/.local/lib/python3.12/site-packages/airflow/example_dags/example_python_decorator.py for tasks to queue
[2024-09-03T16:51:09.461+0000] {logging_mixin.py:190} INFO - [2024-09-03T16:51:09.460+0000] {dagbag.py:587} INFO - Filling up the DagBag from /home/airflow/.local/lib/python3.12/site-packages/airflow/example_dags/example_python_decorator.py
[2024-09-03T16:51:09.476+0000] {processor.py:925} INFO - DAG(s) 'example_python_decorator' retrieved from /home/airflow/.local/lib/python3.12/site-packages/airflow/example_dags/example_python_decorator.py
[2024-09-03T16:51:09.508+0000] {logging_mixin.py:190} INFO - [2024-09-03T16:51:09.507+0000] {dag.py:3211} INFO - Sync 1 DAGs
[2024-09-03T16:51:09.519+0000] {logging_mixin.py:190} INFO - [2024-09-03T16:51:09.518+0000] {dag.py:4138} INFO - Setting next_dagrun for example_python_decorator to None, run_after=None
[2024-09-03T16:51:09.530+0000] {processor.py:208} INFO - Processing /home/airflow/.local/lib/python3.12/site-packages/airflow/example_dags/example_python_decorator.py took 0.099 seconds
[2024-09-03T16:51:39.873+0000] {processor.py:186} INFO - Started process (PID=299) to work on /home/airflow/.local/lib/python3.12/site-packages/airflow/example_dags/example_python_decorator.py
[2024-09-03T16:51:39.875+0000] {processor.py:914} INFO - Processing file /home/airflow/.local/lib/python3.12/site-packages/airflow/example_dags/example_python_decorator.py for tasks to queue
[2024-09-03T16:51:39.878+0000] {logging_mixin.py:190} INFO - [2024-09-03T16:51:39.877+0000] {dagbag.py:587} INFO - Filling up the DagBag from /home/airflow/.local/lib/python3.12/site-packages/airflow/example_dags/example_python_decorator.py
[2024-09-03T16:51:39.894+0000] {processor.py:925} INFO - DAG(s) 'example_python_decorator' retrieved from /home/airflow/.local/lib/python3.12/site-packages/airflow/example_dags/example_python_decorator.py
[2024-09-03T16:51:39.942+0000] {logging_mixin.py:190} INFO - [2024-09-03T16:51:39.942+0000] {dag.py:3211} INFO - Sync 1 DAGs
[2024-09-03T16:51:39.985+0000] {logging_mixin.py:190} INFO - [2024-09-03T16:51:39.984+0000] {dag.py:4138} INFO - Setting next_dagrun for example_python_decorator to None, run_after=None
[2024-09-03T16:51:40.006+0000] {processor.py:208} INFO - Processing /home/airflow/.local/lib/python3.12/site-packages/airflow/example_dags/example_python_decorator.py took 0.145 seconds
[2024-09-03T16:52:10.698+0000] {processor.py:186} INFO - Started process (PID=362) to work on /home/airflow/.local/lib/python3.12/site-packages/airflow/example_dags/example_python_decorator.py
[2024-09-03T16:52:10.701+0000] {processor.py:914} INFO - Processing file /home/airflow/.local/lib/python3.12/site-packages/airflow/example_dags/example_python_decorator.py for tasks to queue
[2024-09-03T16:52:10.705+0000] {logging_mixin.py:190} INFO - [2024-09-03T16:52:10.705+0000] {dagbag.py:587} INFO - Filling up the DagBag from /home/airflow/.local/lib/python3.12/site-packages/airflow/example_dags/example_python_decorator.py
[2024-09-03T16:52:10.719+0000] {processor.py:925} INFO - DAG(s) 'example_python_decorator' retrieved from /home/airflow/.local/lib/python3.12/site-packages/airflow/example_dags/example_python_decorator.py
[2024-09-03T16:52:10.739+0000] {logging_mixin.py:190} INFO - [2024-09-03T16:52:10.739+0000] {dag.py:3211} INFO - Sync 1 DAGs
[2024-09-03T16:52:10.759+0000] {logging_mixin.py:190} INFO - [2024-09-03T16:52:10.759+0000] {dag.py:4138} INFO - Setting next_dagrun for example_python_decorator to None, run_after=None
[2024-09-03T16:52:10.773+0000] {processor.py:208} INFO - Processing /home/airflow/.local/lib/python3.12/site-packages/airflow/example_dags/example_python_decorator.py took 0.082 seconds
[2024-09-03T16:52:41.250+0000] {processor.py:186} INFO - Started process (PID=425) to work on /home/airflow/.local/lib/python3.12/site-packages/airflow/example_dags/example_python_decorator.py
[2024-09-03T16:52:41.253+0000] {processor.py:914} INFO - Processing file /home/airflow/.local/lib/python3.12/site-packages/airflow/example_dags/example_python_decorator.py for tasks to queue
[2024-09-03T16:52:41.255+0000] {logging_mixin.py:190} INFO - [2024-09-03T16:52:41.255+0000] {dagbag.py:587} INFO - Filling up the DagBag from /home/airflow/.local/lib/python3.12/site-packages/airflow/example_dags/example_python_decorator.py
[2024-09-03T16:52:41.270+0000] {processor.py:925} INFO - DAG(s) 'example_python_decorator' retrieved from /home/airflow/.local/lib/python3.12/site-packages/airflow/example_dags/example_python_decorator.py
[2024-09-03T16:52:41.289+0000] {logging_mixin.py:190} INFO - [2024-09-03T16:52:41.289+0000] {dag.py:3211} INFO - Sync 1 DAGs
[2024-09-03T16:52:41.298+0000] {logging_mixin.py:190} INFO - [2024-09-03T16:52:41.298+0000] {dag.py:4138} INFO - Setting next_dagrun for example_python_decorator to None, run_after=None
[2024-09-03T16:52:41.315+0000] {processor.py:208} INFO - Processing /home/airflow/.local/lib/python3.12/site-packages/airflow/example_dags/example_python_decorator.py took 0.070 seconds
[2024-09-03T16:53:11.870+0000] {processor.py:186} INFO - Started process (PID=488) to work on /home/airflow/.local/lib/python3.12/site-packages/airflow/example_dags/example_python_decorator.py
[2024-09-03T16:53:11.872+0000] {processor.py:914} INFO - Processing file /home/airflow/.local/lib/python3.12/site-packages/airflow/example_dags/example_python_decorator.py for tasks to queue
[2024-09-03T16:53:11.873+0000] {logging_mixin.py:190} INFO - [2024-09-03T16:53:11.873+0000] {dagbag.py:587} INFO - Filling up the DagBag from /home/airflow/.local/lib/python3.12/site-packages/airflow/example_dags/example_python_decorator.py
[2024-09-03T16:53:11.883+0000] {processor.py:925} INFO - DAG(s) 'example_python_decorator' retrieved from /home/airflow/.local/lib/python3.12/site-packages/airflow/example_dags/example_python_decorator.py
[2024-09-03T16:53:11.903+0000] {logging_mixin.py:190} INFO - [2024-09-03T16:53:11.903+0000] {dag.py:3211} INFO - Sync 1 DAGs
[2024-09-03T16:53:11.914+0000] {logging_mixin.py:190} INFO - [2024-09-03T16:53:11.914+0000] {dag.py:4138} INFO - Setting next_dagrun for example_python_decorator to None, run_after=None
[2024-09-03T16:53:11.928+0000] {processor.py:208} INFO - Processing /home/airflow/.local/lib/python3.12/site-packages/airflow/example_dags/example_python_decorator.py took 0.061 seconds
[2024-09-03T16:53:42.773+0000] {processor.py:186} INFO - Started process (PID=552) to work on /home/airflow/.local/lib/python3.12/site-packages/airflow/example_dags/example_python_decorator.py
[2024-09-03T16:53:42.775+0000] {processor.py:914} INFO - Processing file /home/airflow/.local/lib/python3.12/site-packages/airflow/example_dags/example_python_decorator.py for tasks to queue
[2024-09-03T16:53:42.781+0000] {logging_mixin.py:190} INFO - [2024-09-03T16:53:42.780+0000] {dagbag.py:587} INFO - Filling up the DagBag from /home/airflow/.local/lib/python3.12/site-packages/airflow/example_dags/example_python_decorator.py
[2024-09-03T16:53:42.866+0000] {processor.py:925} INFO - DAG(s) 'example_python_decorator' retrieved from /home/airflow/.local/lib/python3.12/site-packages/airflow/example_dags/example_python_decorator.py
[2024-09-03T16:53:42.945+0000] {logging_mixin.py:190} INFO - [2024-09-03T16:53:42.944+0000] {dag.py:3211} INFO - Sync 1 DAGs
[2024-09-03T16:53:42.972+0000] {logging_mixin.py:190} INFO - [2024-09-03T16:53:42.972+0000] {dag.py:4138} INFO - Setting next_dagrun for example_python_decorator to None, run_after=None
[2024-09-03T16:53:42.999+0000] {processor.py:208} INFO - Processing /home/airflow/.local/lib/python3.12/site-packages/airflow/example_dags/example_python_decorator.py took 0.235 seconds
[2024-09-03T16:54:13.065+0000] {processor.py:186} INFO - Started process (PID=615) to work on /home/airflow/.local/lib/python3.12/site-packages/airflow/example_dags/example_python_decorator.py
[2024-09-03T16:54:13.066+0000] {processor.py:914} INFO - Processing file /home/airflow/.local/lib/python3.12/site-packages/airflow/example_dags/example_python_decorator.py for tasks to queue
[2024-09-03T16:54:13.068+0000] {logging_mixin.py:190} INFO - [2024-09-03T16:54:13.068+0000] {dagbag.py:587} INFO - Filling up the DagBag from /home/airflow/.local/lib/python3.12/site-packages/airflow/example_dags/example_python_decorator.py
[2024-09-03T16:54:13.079+0000] {processor.py:925} INFO - DAG(s) 'example_python_decorator' retrieved from /home/airflow/.local/lib/python3.12/site-packages/airflow/example_dags/example_python_decorator.py
[2024-09-03T16:54:13.093+0000] {logging_mixin.py:190} INFO - [2024-09-03T16:54:13.093+0000] {dag.py:3211} INFO - Sync 1 DAGs
[2024-09-03T16:54:13.101+0000] {logging_mixin.py:190} INFO - [2024-09-03T16:54:13.101+0000] {dag.py:4138} INFO - Setting next_dagrun for example_python_decorator to None, run_after=None
[2024-09-03T16:54:13.109+0000] {processor.py:208} INFO - Processing /home/airflow/.local/lib/python3.12/site-packages/airflow/example_dags/example_python_decorator.py took 0.050 seconds
[2024-09-03T16:54:43.371+0000] {processor.py:186} INFO - Started process (PID=678) to work on /home/airflow/.local/lib/python3.12/site-packages/airflow/example_dags/example_python_decorator.py
[2024-09-03T16:54:43.372+0000] {processor.py:914} INFO - Processing file /home/airflow/.local/lib/python3.12/site-packages/airflow/example_dags/example_python_decorator.py for tasks to queue
[2024-09-03T16:54:43.374+0000] {logging_mixin.py:190} INFO - [2024-09-03T16:54:43.374+0000] {dagbag.py:587} INFO - Filling up the DagBag from /home/airflow/.local/lib/python3.12/site-packages/airflow/example_dags/example_python_decorator.py
[2024-09-03T16:54:43.383+0000] {processor.py:925} INFO - DAG(s) 'example_python_decorator' retrieved from /home/airflow/.local/lib/python3.12/site-packages/airflow/example_dags/example_python_decorator.py
[2024-09-03T16:54:43.400+0000] {logging_mixin.py:190} INFO - [2024-09-03T16:54:43.400+0000] {dag.py:3211} INFO - Sync 1 DAGs
[2024-09-03T16:54:43.409+0000] {logging_mixin.py:190} INFO - [2024-09-03T16:54:43.409+0000] {dag.py:4138} INFO - Setting next_dagrun for example_python_decorator to None, run_after=None
[2024-09-03T16:54:43.419+0000] {processor.py:208} INFO - Processing /home/airflow/.local/lib/python3.12/site-packages/airflow/example_dags/example_python_decorator.py took 0.052 seconds
[2024-09-03T16:55:13.727+0000] {processor.py:186} INFO - Started process (PID=741) to work on /home/airflow/.local/lib/python3.12/site-packages/airflow/example_dags/example_python_decorator.py
[2024-09-03T16:55:13.728+0000] {processor.py:914} INFO - Processing file /home/airflow/.local/lib/python3.12/site-packages/airflow/example_dags/example_python_decorator.py for tasks to queue
[2024-09-03T16:55:13.730+0000] {logging_mixin.py:190} INFO - [2024-09-03T16:55:13.730+0000] {dagbag.py:587} INFO - Filling up the DagBag from /home/airflow/.local/lib/python3.12/site-packages/airflow/example_dags/example_python_decorator.py
[2024-09-03T16:55:13.754+0000] {processor.py:925} INFO - DAG(s) 'example_python_decorator' retrieved from /home/airflow/.local/lib/python3.12/site-packages/airflow/example_dags/example_python_decorator.py
[2024-09-03T16:55:13.780+0000] {logging_mixin.py:190} INFO - [2024-09-03T16:55:13.779+0000] {dag.py:3211} INFO - Sync 1 DAGs
[2024-09-03T16:55:13.802+0000] {logging_mixin.py:190} INFO - [2024-09-03T16:55:13.802+0000] {dag.py:4138} INFO - Setting next_dagrun for example_python_decorator to None, run_after=None
[2024-09-03T16:55:13.824+0000] {processor.py:208} INFO - Processing /home/airflow/.local/lib/python3.12/site-packages/airflow/example_dags/example_python_decorator.py took 0.103 seconds
[2024-09-03T16:55:44.857+0000] {processor.py:186} INFO - Started process (PID=804) to work on /home/airflow/.local/lib/python3.12/site-packages/airflow/example_dags/example_python_decorator.py
[2024-09-03T16:55:44.858+0000] {processor.py:914} INFO - Processing file /home/airflow/.local/lib/python3.12/site-packages/airflow/example_dags/example_python_decorator.py for tasks to queue
[2024-09-03T16:55:44.860+0000] {logging_mixin.py:190} INFO - [2024-09-03T16:55:44.860+0000] {dagbag.py:587} INFO - Filling up the DagBag from /home/airflow/.local/lib/python3.12/site-packages/airflow/example_dags/example_python_decorator.py
[2024-09-03T16:55:44.869+0000] {processor.py:925} INFO - DAG(s) 'example_python_decorator' retrieved from /home/airflow/.local/lib/python3.12/site-packages/airflow/example_dags/example_python_decorator.py
[2024-09-03T16:55:44.887+0000] {logging_mixin.py:190} INFO - [2024-09-03T16:55:44.887+0000] {dag.py:3211} INFO - Sync 1 DAGs
[2024-09-03T16:55:44.896+0000] {logging_mixin.py:190} INFO - [2024-09-03T16:55:44.896+0000] {dag.py:4138} INFO - Setting next_dagrun for example_python_decorator to None, run_after=None
[2024-09-03T16:55:44.907+0000] {processor.py:208} INFO - Processing /home/airflow/.local/lib/python3.12/site-packages/airflow/example_dags/example_python_decorator.py took 0.056 seconds
[2024-09-03T16:56:15.520+0000] {processor.py:186} INFO - Started process (PID=867) to work on /home/airflow/.local/lib/python3.12/site-packages/airflow/example_dags/example_python_decorator.py
[2024-09-03T16:56:15.521+0000] {processor.py:914} INFO - Processing file /home/airflow/.local/lib/python3.12/site-packages/airflow/example_dags/example_python_decorator.py for tasks to queue
[2024-09-03T16:56:15.523+0000] {logging_mixin.py:190} INFO - [2024-09-03T16:56:15.523+0000] {dagbag.py:587} INFO - Filling up the DagBag from /home/airflow/.local/lib/python3.12/site-packages/airflow/example_dags/example_python_decorator.py
[2024-09-03T16:56:15.533+0000] {processor.py:925} INFO - DAG(s) 'example_python_decorator' retrieved from /home/airflow/.local/lib/python3.12/site-packages/airflow/example_dags/example_python_decorator.py
[2024-09-03T16:56:15.550+0000] {logging_mixin.py:190} INFO - [2024-09-03T16:56:15.550+0000] {dag.py:3211} INFO - Sync 1 DAGs
[2024-09-03T16:56:15.564+0000] {logging_mixin.py:190} INFO - [2024-09-03T16:56:15.564+0000] {dag.py:4138} INFO - Setting next_dagrun for example_python_decorator to None, run_after=None
[2024-09-03T16:56:15.579+0000] {processor.py:208} INFO - Processing /home/airflow/.local/lib/python3.12/site-packages/airflow/example_dags/example_python_decorator.py took 0.064 seconds
[2024-09-03T16:56:46.602+0000] {processor.py:186} INFO - Started process (PID=930) to work on /home/airflow/.local/lib/python3.12/site-packages/airflow/example_dags/example_python_decorator.py
[2024-09-03T16:56:46.603+0000] {processor.py:914} INFO - Processing file /home/airflow/.local/lib/python3.12/site-packages/airflow/example_dags/example_python_decorator.py for tasks to queue
[2024-09-03T16:56:46.605+0000] {logging_mixin.py:190} INFO - [2024-09-03T16:56:46.604+0000] {dagbag.py:587} INFO - Filling up the DagBag from /home/airflow/.local/lib/python3.12/site-packages/airflow/example_dags/example_python_decorator.py
[2024-09-03T16:56:46.614+0000] {processor.py:925} INFO - DAG(s) 'example_python_decorator' retrieved from /home/airflow/.local/lib/python3.12/site-packages/airflow/example_dags/example_python_decorator.py
[2024-09-03T16:56:46.630+0000] {logging_mixin.py:190} INFO - [2024-09-03T16:56:46.629+0000] {dag.py:3211} INFO - Sync 1 DAGs
[2024-09-03T16:56:46.637+0000] {logging_mixin.py:190} INFO - [2024-09-03T16:56:46.636+0000] {dag.py:4138} INFO - Setting next_dagrun for example_python_decorator to None, run_after=None
[2024-09-03T16:56:46.645+0000] {processor.py:208} INFO - Processing /home/airflow/.local/lib/python3.12/site-packages/airflow/example_dags/example_python_decorator.py took 0.050 seconds
[2024-09-03T16:57:17.588+0000] {processor.py:186} INFO - Started process (PID=994) to work on /home/airflow/.local/lib/python3.12/site-packages/airflow/example_dags/example_python_decorator.py
[2024-09-03T16:57:17.590+0000] {processor.py:914} INFO - Processing file /home/airflow/.local/lib/python3.12/site-packages/airflow/example_dags/example_python_decorator.py for tasks to queue
[2024-09-03T16:57:17.592+0000] {logging_mixin.py:190} INFO - [2024-09-03T16:57:17.591+0000] {dagbag.py:587} INFO - Filling up the DagBag from /home/airflow/.local/lib/python3.12/site-packages/airflow/example_dags/example_python_decorator.py
[2024-09-03T16:57:17.601+0000] {processor.py:925} INFO - DAG(s) 'example_python_decorator' retrieved from /home/airflow/.local/lib/python3.12/site-packages/airflow/example_dags/example_python_decorator.py
[2024-09-03T16:57:17.620+0000] {logging_mixin.py:190} INFO - [2024-09-03T16:57:17.620+0000] {dag.py:3211} INFO - Sync 1 DAGs
[2024-09-03T16:57:17.629+0000] {logging_mixin.py:190} INFO - [2024-09-03T16:57:17.628+0000] {dag.py:4138} INFO - Setting next_dagrun for example_python_decorator to None, run_after=None
[2024-09-03T16:57:17.643+0000] {processor.py:208} INFO - Processing /home/airflow/.local/lib/python3.12/site-packages/airflow/example_dags/example_python_decorator.py took 0.059 seconds
[2024-09-03T16:57:48.849+0000] {processor.py:186} INFO - Started process (PID=1057) to work on /home/airflow/.local/lib/python3.12/site-packages/airflow/example_dags/example_python_decorator.py
[2024-09-03T16:57:48.850+0000] {processor.py:914} INFO - Processing file /home/airflow/.local/lib/python3.12/site-packages/airflow/example_dags/example_python_decorator.py for tasks to queue
[2024-09-03T16:57:48.851+0000] {logging_mixin.py:190} INFO - [2024-09-03T16:57:48.851+0000] {dagbag.py:587} INFO - Filling up the DagBag from /home/airflow/.local/lib/python3.12/site-packages/airflow/example_dags/example_python_decorator.py
[2024-09-03T16:57:48.862+0000] {processor.py:925} INFO - DAG(s) 'example_python_decorator' retrieved from /home/airflow/.local/lib/python3.12/site-packages/airflow/example_dags/example_python_decorator.py
[2024-09-03T16:57:48.881+0000] {logging_mixin.py:190} INFO - [2024-09-03T16:57:48.881+0000] {dag.py:3211} INFO - Sync 1 DAGs
[2024-09-03T16:57:48.895+0000] {logging_mixin.py:190} INFO - [2024-09-03T16:57:48.895+0000] {dag.py:4138} INFO - Setting next_dagrun for example_python_decorator to None, run_after=None
[2024-09-03T16:57:48.907+0000] {processor.py:208} INFO - Processing /home/airflow/.local/lib/python3.12/site-packages/airflow/example_dags/example_python_decorator.py took 0.063 seconds
[2024-09-03T16:58:19.980+0000] {processor.py:186} INFO - Started process (PID=1120) to work on /home/airflow/.local/lib/python3.12/site-packages/airflow/example_dags/example_python_decorator.py
[2024-09-03T16:58:19.981+0000] {processor.py:914} INFO - Processing file /home/airflow/.local/lib/python3.12/site-packages/airflow/example_dags/example_python_decorator.py for tasks to queue
[2024-09-03T16:58:19.983+0000] {logging_mixin.py:190} INFO - [2024-09-03T16:58:19.983+0000] {dagbag.py:587} INFO - Filling up the DagBag from /home/airflow/.local/lib/python3.12/site-packages/airflow/example_dags/example_python_decorator.py
[2024-09-03T16:58:19.994+0000] {processor.py:925} INFO - DAG(s) 'example_python_decorator' retrieved from /home/airflow/.local/lib/python3.12/site-packages/airflow/example_dags/example_python_decorator.py
[2024-09-03T16:58:20.012+0000] {logging_mixin.py:190} INFO - [2024-09-03T16:58:20.011+0000] {dag.py:3211} INFO - Sync 1 DAGs
[2024-09-03T16:58:20.020+0000] {logging_mixin.py:190} INFO - [2024-09-03T16:58:20.020+0000] {dag.py:4138} INFO - Setting next_dagrun for example_python_decorator to None, run_after=None
[2024-09-03T16:58:20.030+0000] {processor.py:208} INFO - Processing /home/airflow/.local/lib/python3.12/site-packages/airflow/example_dags/example_python_decorator.py took 0.054 seconds
