[2024-09-03T16:49:44.845+0000] {processor.py:186} INFO - Started process (PID=59) to work on /home/airflow/.local/lib/python3.12/site-packages/airflow/example_dags/example_kubernetes_executor.py
[2024-09-03T16:49:44.858+0000] {processor.py:914} INFO - Processing file /home/airflow/.local/lib/python3.12/site-packages/airflow/example_dags/example_kubernetes_executor.py for tasks to queue
[2024-09-03T16:49:44.864+0000] {logging_mixin.py:190} INFO - [2024-09-03T16:49:44.864+0000] {dagbag.py:587} INFO - Filling up the DagBag from /home/airflow/.local/lib/python3.12/site-packages/airflow/example_dags/example_kubernetes_executor.py
[2024-09-03T16:49:45.037+0000] {processor.py:925} INFO - DAG(s) 'example_kubernetes_executor' retrieved from /home/airflow/.local/lib/python3.12/site-packages/airflow/example_dags/example_kubernetes_executor.py
[2024-09-03T16:49:45.702+0000] {logging_mixin.py:190} INFO - [2024-09-03T16:49:45.673+0000] {override.py:1858} INFO - Created Permission View: can delete on DAG:example_kubernetes_executor
[2024-09-03T16:49:45.760+0000] {logging_mixin.py:190} INFO - [2024-09-03T16:49:45.759+0000] {override.py:1858} INFO - Created Permission View: can edit on DAG:example_kubernetes_executor
[2024-09-03T16:49:45.794+0000] {logging_mixin.py:190} INFO - [2024-09-03T16:49:45.793+0000] {override.py:1858} INFO - Created Permission View: can read on DAG:example_kubernetes_executor
[2024-09-03T16:49:45.803+0000] {logging_mixin.py:190} INFO - [2024-09-03T16:49:45.801+0000] {dag.py:3211} INFO - Sync 1 DAGs
[2024-09-03T16:49:45.905+0000] {logging_mixin.py:190} INFO - [2024-09-03T16:49:45.904+0000] {dag.py:3234} INFO - Creating ORM DAG for example_kubernetes_executor
[2024-09-03T16:49:45.937+0000] {logging_mixin.py:190} INFO - [2024-09-03T16:49:45.934+0000] {dag.py:4138} INFO - Setting next_dagrun for example_kubernetes_executor to None, run_after=None
[2024-09-03T16:49:46.073+0000] {processor.py:208} INFO - Processing /home/airflow/.local/lib/python3.12/site-packages/airflow/example_dags/example_kubernetes_executor.py took 1.261 seconds
[2024-09-03T16:50:16.968+0000] {processor.py:186} INFO - Started process (PID=122) to work on /home/airflow/.local/lib/python3.12/site-packages/airflow/example_dags/example_kubernetes_executor.py
[2024-09-03T16:50:16.970+0000] {processor.py:914} INFO - Processing file /home/airflow/.local/lib/python3.12/site-packages/airflow/example_dags/example_kubernetes_executor.py for tasks to queue
[2024-09-03T16:50:16.973+0000] {logging_mixin.py:190} INFO - [2024-09-03T16:50:16.973+0000] {dagbag.py:587} INFO - Filling up the DagBag from /home/airflow/.local/lib/python3.12/site-packages/airflow/example_dags/example_kubernetes_executor.py
[2024-09-03T16:50:17.023+0000] {processor.py:925} INFO - DAG(s) 'example_kubernetes_executor' retrieved from /home/airflow/.local/lib/python3.12/site-packages/airflow/example_dags/example_kubernetes_executor.py
[2024-09-03T16:50:17.185+0000] {logging_mixin.py:190} INFO - [2024-09-03T16:50:17.184+0000] {dag.py:3211} INFO - Sync 1 DAGs
[2024-09-03T16:50:17.230+0000] {logging_mixin.py:190} INFO - [2024-09-03T16:50:17.229+0000] {dag.py:4138} INFO - Setting next_dagrun for example_kubernetes_executor to None, run_after=None
[2024-09-03T16:50:17.277+0000] {processor.py:208} INFO - Processing /home/airflow/.local/lib/python3.12/site-packages/airflow/example_dags/example_kubernetes_executor.py took 0.316 seconds
[2024-09-03T16:50:48.162+0000] {processor.py:186} INFO - Started process (PID=185) to work on /home/airflow/.local/lib/python3.12/site-packages/airflow/example_dags/example_kubernetes_executor.py
[2024-09-03T16:50:48.166+0000] {processor.py:914} INFO - Processing file /home/airflow/.local/lib/python3.12/site-packages/airflow/example_dags/example_kubernetes_executor.py for tasks to queue
[2024-09-03T16:50:48.177+0000] {logging_mixin.py:190} INFO - [2024-09-03T16:50:48.175+0000] {dagbag.py:587} INFO - Filling up the DagBag from /home/airflow/.local/lib/python3.12/site-packages/airflow/example_dags/example_kubernetes_executor.py
[2024-09-03T16:50:48.203+0000] {processor.py:925} INFO - DAG(s) 'example_kubernetes_executor' retrieved from /home/airflow/.local/lib/python3.12/site-packages/airflow/example_dags/example_kubernetes_executor.py
[2024-09-03T16:50:48.244+0000] {logging_mixin.py:190} INFO - [2024-09-03T16:50:48.244+0000] {dag.py:3211} INFO - Sync 1 DAGs
[2024-09-03T16:50:48.254+0000] {logging_mixin.py:190} INFO - [2024-09-03T16:50:48.254+0000] {dag.py:4138} INFO - Setting next_dagrun for example_kubernetes_executor to None, run_after=None
[2024-09-03T16:50:48.266+0000] {processor.py:208} INFO - Processing /home/airflow/.local/lib/python3.12/site-packages/airflow/example_dags/example_kubernetes_executor.py took 0.124 seconds
[2024-09-03T16:51:18.378+0000] {processor.py:186} INFO - Started process (PID=248) to work on /home/airflow/.local/lib/python3.12/site-packages/airflow/example_dags/example_kubernetes_executor.py
[2024-09-03T16:51:18.380+0000] {processor.py:914} INFO - Processing file /home/airflow/.local/lib/python3.12/site-packages/airflow/example_dags/example_kubernetes_executor.py for tasks to queue
[2024-09-03T16:51:18.385+0000] {logging_mixin.py:190} INFO - [2024-09-03T16:51:18.384+0000] {dagbag.py:587} INFO - Filling up the DagBag from /home/airflow/.local/lib/python3.12/site-packages/airflow/example_dags/example_kubernetes_executor.py
[2024-09-03T16:51:18.422+0000] {processor.py:925} INFO - DAG(s) 'example_kubernetes_executor' retrieved from /home/airflow/.local/lib/python3.12/site-packages/airflow/example_dags/example_kubernetes_executor.py
[2024-09-03T16:51:18.513+0000] {logging_mixin.py:190} INFO - [2024-09-03T16:51:18.512+0000] {dag.py:3211} INFO - Sync 1 DAGs
[2024-09-03T16:51:18.567+0000] {logging_mixin.py:190} INFO - [2024-09-03T16:51:18.566+0000] {dag.py:4138} INFO - Setting next_dagrun for example_kubernetes_executor to None, run_after=None
[2024-09-03T16:51:18.595+0000] {processor.py:208} INFO - Processing /home/airflow/.local/lib/python3.12/site-packages/airflow/example_dags/example_kubernetes_executor.py took 0.225 seconds
[2024-09-03T16:51:48.818+0000] {processor.py:186} INFO - Started process (PID=311) to work on /home/airflow/.local/lib/python3.12/site-packages/airflow/example_dags/example_kubernetes_executor.py
[2024-09-03T16:51:48.821+0000] {processor.py:914} INFO - Processing file /home/airflow/.local/lib/python3.12/site-packages/airflow/example_dags/example_kubernetes_executor.py for tasks to queue
[2024-09-03T16:51:48.829+0000] {logging_mixin.py:190} INFO - [2024-09-03T16:51:48.829+0000] {dagbag.py:587} INFO - Filling up the DagBag from /home/airflow/.local/lib/python3.12/site-packages/airflow/example_dags/example_kubernetes_executor.py
[2024-09-03T16:51:48.856+0000] {processor.py:925} INFO - DAG(s) 'example_kubernetes_executor' retrieved from /home/airflow/.local/lib/python3.12/site-packages/airflow/example_dags/example_kubernetes_executor.py
[2024-09-03T16:51:48.903+0000] {logging_mixin.py:190} INFO - [2024-09-03T16:51:48.902+0000] {dag.py:3211} INFO - Sync 1 DAGs
[2024-09-03T16:51:48.912+0000] {logging_mixin.py:190} INFO - [2024-09-03T16:51:48.912+0000] {dag.py:4138} INFO - Setting next_dagrun for example_kubernetes_executor to None, run_after=None
[2024-09-03T16:51:48.923+0000] {processor.py:208} INFO - Processing /home/airflow/.local/lib/python3.12/site-packages/airflow/example_dags/example_kubernetes_executor.py took 0.119 seconds
[2024-09-03T16:52:19.226+0000] {processor.py:186} INFO - Started process (PID=374) to work on /home/airflow/.local/lib/python3.12/site-packages/airflow/example_dags/example_kubernetes_executor.py
[2024-09-03T16:52:19.230+0000] {processor.py:914} INFO - Processing file /home/airflow/.local/lib/python3.12/site-packages/airflow/example_dags/example_kubernetes_executor.py for tasks to queue
[2024-09-03T16:52:19.237+0000] {logging_mixin.py:190} INFO - [2024-09-03T16:52:19.235+0000] {dagbag.py:587} INFO - Filling up the DagBag from /home/airflow/.local/lib/python3.12/site-packages/airflow/example_dags/example_kubernetes_executor.py
[2024-09-03T16:52:19.270+0000] {processor.py:925} INFO - DAG(s) 'example_kubernetes_executor' retrieved from /home/airflow/.local/lib/python3.12/site-packages/airflow/example_dags/example_kubernetes_executor.py
[2024-09-03T16:52:19.335+0000] {logging_mixin.py:190} INFO - [2024-09-03T16:52:19.335+0000] {dag.py:3211} INFO - Sync 1 DAGs
[2024-09-03T16:52:19.353+0000] {logging_mixin.py:190} INFO - [2024-09-03T16:52:19.352+0000] {dag.py:4138} INFO - Setting next_dagrun for example_kubernetes_executor to None, run_after=None
[2024-09-03T16:52:19.378+0000] {processor.py:208} INFO - Processing /home/airflow/.local/lib/python3.12/site-packages/airflow/example_dags/example_kubernetes_executor.py took 0.169 seconds
[2024-09-03T16:52:49.658+0000] {processor.py:186} INFO - Started process (PID=437) to work on /home/airflow/.local/lib/python3.12/site-packages/airflow/example_dags/example_kubernetes_executor.py
[2024-09-03T16:52:49.678+0000] {processor.py:914} INFO - Processing file /home/airflow/.local/lib/python3.12/site-packages/airflow/example_dags/example_kubernetes_executor.py for tasks to queue
[2024-09-03T16:52:49.701+0000] {logging_mixin.py:190} INFO - [2024-09-03T16:52:49.699+0000] {dagbag.py:587} INFO - Filling up the DagBag from /home/airflow/.local/lib/python3.12/site-packages/airflow/example_dags/example_kubernetes_executor.py
[2024-09-03T16:52:49.827+0000] {processor.py:925} INFO - DAG(s) 'example_kubernetes_executor' retrieved from /home/airflow/.local/lib/python3.12/site-packages/airflow/example_dags/example_kubernetes_executor.py
[2024-09-03T16:52:49.924+0000] {logging_mixin.py:190} INFO - [2024-09-03T16:52:49.924+0000] {dag.py:3211} INFO - Sync 1 DAGs
[2024-09-03T16:52:49.940+0000] {logging_mixin.py:190} INFO - [2024-09-03T16:52:49.940+0000] {dag.py:4138} INFO - Setting next_dagrun for example_kubernetes_executor to None, run_after=None
[2024-09-03T16:52:49.962+0000] {processor.py:208} INFO - Processing /home/airflow/.local/lib/python3.12/site-packages/airflow/example_dags/example_kubernetes_executor.py took 0.380 seconds
[2024-09-03T16:53:20.410+0000] {processor.py:186} INFO - Started process (PID=500) to work on /home/airflow/.local/lib/python3.12/site-packages/airflow/example_dags/example_kubernetes_executor.py
[2024-09-03T16:53:20.418+0000] {processor.py:914} INFO - Processing file /home/airflow/.local/lib/python3.12/site-packages/airflow/example_dags/example_kubernetes_executor.py for tasks to queue
[2024-09-03T16:53:20.425+0000] {logging_mixin.py:190} INFO - [2024-09-03T16:53:20.424+0000] {dagbag.py:587} INFO - Filling up the DagBag from /home/airflow/.local/lib/python3.12/site-packages/airflow/example_dags/example_kubernetes_executor.py
[2024-09-03T16:53:20.479+0000] {processor.py:925} INFO - DAG(s) 'example_kubernetes_executor' retrieved from /home/airflow/.local/lib/python3.12/site-packages/airflow/example_dags/example_kubernetes_executor.py
[2024-09-03T16:53:20.559+0000] {logging_mixin.py:190} INFO - [2024-09-03T16:53:20.559+0000] {dag.py:3211} INFO - Sync 1 DAGs
[2024-09-03T16:53:20.573+0000] {logging_mixin.py:190} INFO - [2024-09-03T16:53:20.573+0000] {dag.py:4138} INFO - Setting next_dagrun for example_kubernetes_executor to None, run_after=None
[2024-09-03T16:53:20.592+0000] {processor.py:208} INFO - Processing /home/airflow/.local/lib/python3.12/site-packages/airflow/example_dags/example_kubernetes_executor.py took 0.230 seconds
[2024-09-03T16:53:51.177+0000] {processor.py:186} INFO - Started process (PID=564) to work on /home/airflow/.local/lib/python3.12/site-packages/airflow/example_dags/example_kubernetes_executor.py
[2024-09-03T16:53:51.180+0000] {processor.py:914} INFO - Processing file /home/airflow/.local/lib/python3.12/site-packages/airflow/example_dags/example_kubernetes_executor.py for tasks to queue
[2024-09-03T16:53:51.185+0000] {logging_mixin.py:190} INFO - [2024-09-03T16:53:51.184+0000] {dagbag.py:587} INFO - Filling up the DagBag from /home/airflow/.local/lib/python3.12/site-packages/airflow/example_dags/example_kubernetes_executor.py
[2024-09-03T16:53:51.206+0000] {processor.py:925} INFO - DAG(s) 'example_kubernetes_executor' retrieved from /home/airflow/.local/lib/python3.12/site-packages/airflow/example_dags/example_kubernetes_executor.py
[2024-09-03T16:53:51.252+0000] {logging_mixin.py:190} INFO - [2024-09-03T16:53:51.251+0000] {dag.py:3211} INFO - Sync 1 DAGs
[2024-09-03T16:53:51.263+0000] {logging_mixin.py:190} INFO - [2024-09-03T16:53:51.263+0000] {dag.py:4138} INFO - Setting next_dagrun for example_kubernetes_executor to None, run_after=None
[2024-09-03T16:53:51.276+0000] {processor.py:208} INFO - Processing /home/airflow/.local/lib/python3.12/site-packages/airflow/example_dags/example_kubernetes_executor.py took 0.126 seconds
[2024-09-03T16:54:21.864+0000] {processor.py:186} INFO - Started process (PID=627) to work on /home/airflow/.local/lib/python3.12/site-packages/airflow/example_dags/example_kubernetes_executor.py
[2024-09-03T16:54:21.869+0000] {processor.py:914} INFO - Processing file /home/airflow/.local/lib/python3.12/site-packages/airflow/example_dags/example_kubernetes_executor.py for tasks to queue
[2024-09-03T16:54:21.876+0000] {logging_mixin.py:190} INFO - [2024-09-03T16:54:21.875+0000] {dagbag.py:587} INFO - Filling up the DagBag from /home/airflow/.local/lib/python3.12/site-packages/airflow/example_dags/example_kubernetes_executor.py
[2024-09-03T16:54:21.927+0000] {processor.py:925} INFO - DAG(s) 'example_kubernetes_executor' retrieved from /home/airflow/.local/lib/python3.12/site-packages/airflow/example_dags/example_kubernetes_executor.py
[2024-09-03T16:54:21.991+0000] {logging_mixin.py:190} INFO - [2024-09-03T16:54:21.991+0000] {dag.py:3211} INFO - Sync 1 DAGs
[2024-09-03T16:54:22.009+0000] {logging_mixin.py:190} INFO - [2024-09-03T16:54:22.009+0000] {dag.py:4138} INFO - Setting next_dagrun for example_kubernetes_executor to None, run_after=None
[2024-09-03T16:54:22.029+0000] {processor.py:208} INFO - Processing /home/airflow/.local/lib/python3.12/site-packages/airflow/example_dags/example_kubernetes_executor.py took 0.205 seconds
[2024-09-03T16:54:52.884+0000] {processor.py:186} INFO - Started process (PID=690) to work on /home/airflow/.local/lib/python3.12/site-packages/airflow/example_dags/example_kubernetes_executor.py
[2024-09-03T16:54:52.886+0000] {processor.py:914} INFO - Processing file /home/airflow/.local/lib/python3.12/site-packages/airflow/example_dags/example_kubernetes_executor.py for tasks to queue
[2024-09-03T16:54:52.890+0000] {logging_mixin.py:190} INFO - [2024-09-03T16:54:52.890+0000] {dagbag.py:587} INFO - Filling up the DagBag from /home/airflow/.local/lib/python3.12/site-packages/airflow/example_dags/example_kubernetes_executor.py
[2024-09-03T16:54:52.948+0000] {processor.py:925} INFO - DAG(s) 'example_kubernetes_executor' retrieved from /home/airflow/.local/lib/python3.12/site-packages/airflow/example_dags/example_kubernetes_executor.py
[2024-09-03T16:54:53.011+0000] {logging_mixin.py:190} INFO - [2024-09-03T16:54:53.011+0000] {dag.py:3211} INFO - Sync 1 DAGs
[2024-09-03T16:54:53.023+0000] {logging_mixin.py:190} INFO - [2024-09-03T16:54:53.023+0000] {dag.py:4138} INFO - Setting next_dagrun for example_kubernetes_executor to None, run_after=None
[2024-09-03T16:54:53.036+0000] {processor.py:208} INFO - Processing /home/airflow/.local/lib/python3.12/site-packages/airflow/example_dags/example_kubernetes_executor.py took 0.161 seconds
[2024-09-03T16:55:23.197+0000] {processor.py:186} INFO - Started process (PID=753) to work on /home/airflow/.local/lib/python3.12/site-packages/airflow/example_dags/example_kubernetes_executor.py
[2024-09-03T16:55:23.200+0000] {processor.py:914} INFO - Processing file /home/airflow/.local/lib/python3.12/site-packages/airflow/example_dags/example_kubernetes_executor.py for tasks to queue
[2024-09-03T16:55:23.205+0000] {logging_mixin.py:190} INFO - [2024-09-03T16:55:23.205+0000] {dagbag.py:587} INFO - Filling up the DagBag from /home/airflow/.local/lib/python3.12/site-packages/airflow/example_dags/example_kubernetes_executor.py
[2024-09-03T16:55:23.225+0000] {processor.py:925} INFO - DAG(s) 'example_kubernetes_executor' retrieved from /home/airflow/.local/lib/python3.12/site-packages/airflow/example_dags/example_kubernetes_executor.py
[2024-09-03T16:55:23.356+0000] {logging_mixin.py:190} INFO - [2024-09-03T16:55:23.355+0000] {dag.py:3211} INFO - Sync 1 DAGs
[2024-09-03T16:55:23.377+0000] {logging_mixin.py:190} INFO - [2024-09-03T16:55:23.377+0000] {dag.py:4138} INFO - Setting next_dagrun for example_kubernetes_executor to None, run_after=None
[2024-09-03T16:55:23.410+0000] {processor.py:208} INFO - Processing /home/airflow/.local/lib/python3.12/site-packages/airflow/example_dags/example_kubernetes_executor.py took 0.225 seconds
[2024-09-03T16:55:53.860+0000] {processor.py:186} INFO - Started process (PID=816) to work on /home/airflow/.local/lib/python3.12/site-packages/airflow/example_dags/example_kubernetes_executor.py
[2024-09-03T16:55:53.862+0000] {processor.py:914} INFO - Processing file /home/airflow/.local/lib/python3.12/site-packages/airflow/example_dags/example_kubernetes_executor.py for tasks to queue
[2024-09-03T16:55:53.865+0000] {logging_mixin.py:190} INFO - [2024-09-03T16:55:53.864+0000] {dagbag.py:587} INFO - Filling up the DagBag from /home/airflow/.local/lib/python3.12/site-packages/airflow/example_dags/example_kubernetes_executor.py
[2024-09-03T16:55:53.884+0000] {processor.py:925} INFO - DAG(s) 'example_kubernetes_executor' retrieved from /home/airflow/.local/lib/python3.12/site-packages/airflow/example_dags/example_kubernetes_executor.py
[2024-09-03T16:55:53.922+0000] {logging_mixin.py:190} INFO - [2024-09-03T16:55:53.922+0000] {dag.py:3211} INFO - Sync 1 DAGs
[2024-09-03T16:55:53.932+0000] {logging_mixin.py:190} INFO - [2024-09-03T16:55:53.932+0000] {dag.py:4138} INFO - Setting next_dagrun for example_kubernetes_executor to None, run_after=None
[2024-09-03T16:55:53.943+0000] {processor.py:208} INFO - Processing /home/airflow/.local/lib/python3.12/site-packages/airflow/example_dags/example_kubernetes_executor.py took 0.100 seconds
[2024-09-03T16:56:24.727+0000] {processor.py:186} INFO - Started process (PID=879) to work on /home/airflow/.local/lib/python3.12/site-packages/airflow/example_dags/example_kubernetes_executor.py
[2024-09-03T16:56:24.729+0000] {processor.py:914} INFO - Processing file /home/airflow/.local/lib/python3.12/site-packages/airflow/example_dags/example_kubernetes_executor.py for tasks to queue
[2024-09-03T16:56:24.732+0000] {logging_mixin.py:190} INFO - [2024-09-03T16:56:24.731+0000] {dagbag.py:587} INFO - Filling up the DagBag from /home/airflow/.local/lib/python3.12/site-packages/airflow/example_dags/example_kubernetes_executor.py
[2024-09-03T16:56:24.746+0000] {processor.py:925} INFO - DAG(s) 'example_kubernetes_executor' retrieved from /home/airflow/.local/lib/python3.12/site-packages/airflow/example_dags/example_kubernetes_executor.py
[2024-09-03T16:56:24.779+0000] {logging_mixin.py:190} INFO - [2024-09-03T16:56:24.779+0000] {dag.py:3211} INFO - Sync 1 DAGs
[2024-09-03T16:56:24.788+0000] {logging_mixin.py:190} INFO - [2024-09-03T16:56:24.788+0000] {dag.py:4138} INFO - Setting next_dagrun for example_kubernetes_executor to None, run_after=None
[2024-09-03T16:56:24.799+0000] {processor.py:208} INFO - Processing /home/airflow/.local/lib/python3.12/site-packages/airflow/example_dags/example_kubernetes_executor.py took 0.098 seconds
[2024-09-03T16:56:55.604+0000] {processor.py:186} INFO - Started process (PID=942) to work on /home/airflow/.local/lib/python3.12/site-packages/airflow/example_dags/example_kubernetes_executor.py
[2024-09-03T16:56:55.606+0000] {processor.py:914} INFO - Processing file /home/airflow/.local/lib/python3.12/site-packages/airflow/example_dags/example_kubernetes_executor.py for tasks to queue
[2024-09-03T16:56:55.610+0000] {logging_mixin.py:190} INFO - [2024-09-03T16:56:55.609+0000] {dagbag.py:587} INFO - Filling up the DagBag from /home/airflow/.local/lib/python3.12/site-packages/airflow/example_dags/example_kubernetes_executor.py
[2024-09-03T16:56:55.627+0000] {processor.py:925} INFO - DAG(s) 'example_kubernetes_executor' retrieved from /home/airflow/.local/lib/python3.12/site-packages/airflow/example_dags/example_kubernetes_executor.py
[2024-09-03T16:56:55.682+0000] {logging_mixin.py:190} INFO - [2024-09-03T16:56:55.681+0000] {dag.py:3211} INFO - Sync 1 DAGs
[2024-09-03T16:56:55.692+0000] {logging_mixin.py:190} INFO - [2024-09-03T16:56:55.692+0000] {dag.py:4138} INFO - Setting next_dagrun for example_kubernetes_executor to None, run_after=None
[2024-09-03T16:56:55.707+0000] {processor.py:208} INFO - Processing /home/airflow/.local/lib/python3.12/site-packages/airflow/example_dags/example_kubernetes_executor.py took 0.116 seconds
[2024-09-03T16:57:26.571+0000] {processor.py:186} INFO - Started process (PID=1006) to work on /home/airflow/.local/lib/python3.12/site-packages/airflow/example_dags/example_kubernetes_executor.py
[2024-09-03T16:57:26.573+0000] {processor.py:914} INFO - Processing file /home/airflow/.local/lib/python3.12/site-packages/airflow/example_dags/example_kubernetes_executor.py for tasks to queue
[2024-09-03T16:57:26.576+0000] {logging_mixin.py:190} INFO - [2024-09-03T16:57:26.576+0000] {dagbag.py:587} INFO - Filling up the DagBag from /home/airflow/.local/lib/python3.12/site-packages/airflow/example_dags/example_kubernetes_executor.py
[2024-09-03T16:57:26.593+0000] {processor.py:925} INFO - DAG(s) 'example_kubernetes_executor' retrieved from /home/airflow/.local/lib/python3.12/site-packages/airflow/example_dags/example_kubernetes_executor.py
[2024-09-03T16:57:26.624+0000] {logging_mixin.py:190} INFO - [2024-09-03T16:57:26.624+0000] {dag.py:3211} INFO - Sync 1 DAGs
[2024-09-03T16:57:26.632+0000] {logging_mixin.py:190} INFO - [2024-09-03T16:57:26.632+0000] {dag.py:4138} INFO - Setting next_dagrun for example_kubernetes_executor to None, run_after=None
[2024-09-03T16:57:26.640+0000] {processor.py:208} INFO - Processing /home/airflow/.local/lib/python3.12/site-packages/airflow/example_dags/example_kubernetes_executor.py took 0.078 seconds
[2024-09-03T16:57:57.141+0000] {processor.py:186} INFO - Started process (PID=1069) to work on /home/airflow/.local/lib/python3.12/site-packages/airflow/example_dags/example_kubernetes_executor.py
[2024-09-03T16:57:57.145+0000] {processor.py:914} INFO - Processing file /home/airflow/.local/lib/python3.12/site-packages/airflow/example_dags/example_kubernetes_executor.py for tasks to queue
[2024-09-03T16:57:57.152+0000] {logging_mixin.py:190} INFO - [2024-09-03T16:57:57.152+0000] {dagbag.py:587} INFO - Filling up the DagBag from /home/airflow/.local/lib/python3.12/site-packages/airflow/example_dags/example_kubernetes_executor.py
[2024-09-03T16:57:57.180+0000] {processor.py:925} INFO - DAG(s) 'example_kubernetes_executor' retrieved from /home/airflow/.local/lib/python3.12/site-packages/airflow/example_dags/example_kubernetes_executor.py
[2024-09-03T16:57:57.249+0000] {logging_mixin.py:190} INFO - [2024-09-03T16:57:57.248+0000] {dag.py:3211} INFO - Sync 1 DAGs
[2024-09-03T16:57:57.264+0000] {logging_mixin.py:190} INFO - [2024-09-03T16:57:57.264+0000] {dag.py:4138} INFO - Setting next_dagrun for example_kubernetes_executor to None, run_after=None
[2024-09-03T16:57:57.279+0000] {processor.py:208} INFO - Processing /home/airflow/.local/lib/python3.12/site-packages/airflow/example_dags/example_kubernetes_executor.py took 0.171 seconds
[2024-09-03T16:58:28.054+0000] {processor.py:186} INFO - Started process (PID=1132) to work on /home/airflow/.local/lib/python3.12/site-packages/airflow/example_dags/example_kubernetes_executor.py
[2024-09-03T16:58:28.057+0000] {processor.py:914} INFO - Processing file /home/airflow/.local/lib/python3.12/site-packages/airflow/example_dags/example_kubernetes_executor.py for tasks to queue
[2024-09-03T16:58:28.061+0000] {logging_mixin.py:190} INFO - [2024-09-03T16:58:28.060+0000] {dagbag.py:587} INFO - Filling up the DagBag from /home/airflow/.local/lib/python3.12/site-packages/airflow/example_dags/example_kubernetes_executor.py
[2024-09-03T16:58:28.076+0000] {processor.py:925} INFO - DAG(s) 'example_kubernetes_executor' retrieved from /home/airflow/.local/lib/python3.12/site-packages/airflow/example_dags/example_kubernetes_executor.py
[2024-09-03T16:58:28.104+0000] {logging_mixin.py:190} INFO - [2024-09-03T16:58:28.104+0000] {dag.py:3211} INFO - Sync 1 DAGs
[2024-09-03T16:58:28.112+0000] {logging_mixin.py:190} INFO - [2024-09-03T16:58:28.111+0000] {dag.py:4138} INFO - Setting next_dagrun for example_kubernetes_executor to None, run_after=None
[2024-09-03T16:58:28.121+0000] {processor.py:208} INFO - Processing /home/airflow/.local/lib/python3.12/site-packages/airflow/example_dags/example_kubernetes_executor.py took 0.080 seconds
