[2024-09-03T16:49:14.781+0000] {processor.py:186} INFO - Started process (PID=33) to work on /home/airflow/.local/lib/python3.12/site-packages/airflow/example_dags/example_complex.py
[2024-09-03T16:49:14.797+0000] {processor.py:914} INFO - Processing file /home/airflow/.local/lib/python3.12/site-packages/airflow/example_dags/example_complex.py for tasks to queue
[2024-09-03T16:49:14.839+0000] {logging_mixin.py:190} INFO - [2024-09-03T16:49:14.837+0000] {dagbag.py:587} INFO - Filling up the DagBag from /home/airflow/.local/lib/python3.12/site-packages/airflow/example_dags/example_complex.py
[2024-09-03T16:49:15.102+0000] {processor.py:925} INFO - DAG(s) 'example_complex' retrieved from /home/airflow/.local/lib/python3.12/site-packages/airflow/example_dags/example_complex.py
[2024-09-03T16:49:17.478+0000] {logging_mixin.py:190} INFO - [2024-09-03T16:49:17.467+0000] {override.py:1858} INFO - Created Permission View: can delete on DAG:example_complex
[2024-09-03T16:49:17.535+0000] {logging_mixin.py:190} INFO - [2024-09-03T16:49:17.533+0000] {override.py:1858} INFO - Created Permission View: can edit on DAG:example_complex
[2024-09-03T16:49:17.549+0000] {logging_mixin.py:190} INFO - [2024-09-03T16:49:17.549+0000] {override.py:1858} INFO - Created Permission View: can read on DAG:example_complex
[2024-09-03T16:49:17.552+0000] {logging_mixin.py:190} INFO - [2024-09-03T16:49:17.552+0000] {dag.py:3211} INFO - Sync 1 DAGs
[2024-09-03T16:49:17.595+0000] {logging_mixin.py:190} INFO - [2024-09-03T16:49:17.595+0000] {dag.py:3234} INFO - Creating ORM DAG for example_complex
[2024-09-03T16:49:17.598+0000] {logging_mixin.py:190} INFO - [2024-09-03T16:49:17.597+0000] {dag.py:4138} INFO - Setting next_dagrun for example_complex to None, run_after=None
[2024-09-03T16:49:17.653+0000] {processor.py:208} INFO - Processing /home/airflow/.local/lib/python3.12/site-packages/airflow/example_dags/example_complex.py took 2.954 seconds
[2024-09-03T16:50:03.801+0000] {processor.py:186} INFO - Started process (PID=102) to work on /home/airflow/.local/lib/python3.12/site-packages/airflow/example_dags/example_complex.py
[2024-09-03T16:50:03.807+0000] {processor.py:914} INFO - Processing file /home/airflow/.local/lib/python3.12/site-packages/airflow/example_dags/example_complex.py for tasks to queue
[2024-09-03T16:50:03.809+0000] {logging_mixin.py:190} INFO - [2024-09-03T16:50:03.809+0000] {dagbag.py:587} INFO - Filling up the DagBag from /home/airflow/.local/lib/python3.12/site-packages/airflow/example_dags/example_complex.py
[2024-09-03T16:50:03.852+0000] {processor.py:925} INFO - DAG(s) 'example_complex' retrieved from /home/airflow/.local/lib/python3.12/site-packages/airflow/example_dags/example_complex.py
[2024-09-03T16:50:03.929+0000] {logging_mixin.py:190} INFO - [2024-09-03T16:50:03.928+0000] {dag.py:3211} INFO - Sync 1 DAGs
[2024-09-03T16:50:03.947+0000] {logging_mixin.py:190} INFO - [2024-09-03T16:50:03.946+0000] {dag.py:4138} INFO - Setting next_dagrun for example_complex to None, run_after=None
[2024-09-03T16:50:04.027+0000] {processor.py:208} INFO - Processing /home/airflow/.local/lib/python3.12/site-packages/airflow/example_dags/example_complex.py took 0.231 seconds
[2024-09-03T16:50:35.085+0000] {processor.py:186} INFO - Started process (PID=165) to work on /home/airflow/.local/lib/python3.12/site-packages/airflow/example_dags/example_complex.py
[2024-09-03T16:50:35.086+0000] {processor.py:914} INFO - Processing file /home/airflow/.local/lib/python3.12/site-packages/airflow/example_dags/example_complex.py for tasks to queue
[2024-09-03T16:50:35.088+0000] {logging_mixin.py:190} INFO - [2024-09-03T16:50:35.088+0000] {dagbag.py:587} INFO - Filling up the DagBag from /home/airflow/.local/lib/python3.12/site-packages/airflow/example_dags/example_complex.py
[2024-09-03T16:50:35.100+0000] {processor.py:925} INFO - DAG(s) 'example_complex' retrieved from /home/airflow/.local/lib/python3.12/site-packages/airflow/example_dags/example_complex.py
[2024-09-03T16:50:35.150+0000] {logging_mixin.py:190} INFO - [2024-09-03T16:50:35.150+0000] {dag.py:3211} INFO - Sync 1 DAGs
[2024-09-03T16:50:35.173+0000] {logging_mixin.py:190} INFO - [2024-09-03T16:50:35.172+0000] {dag.py:4138} INFO - Setting next_dagrun for example_complex to None, run_after=None
[2024-09-03T16:50:35.185+0000] {processor.py:208} INFO - Processing /home/airflow/.local/lib/python3.12/site-packages/airflow/example_dags/example_complex.py took 0.106 seconds
[2024-09-03T16:51:05.826+0000] {processor.py:186} INFO - Started process (PID=228) to work on /home/airflow/.local/lib/python3.12/site-packages/airflow/example_dags/example_complex.py
[2024-09-03T16:51:05.827+0000] {processor.py:914} INFO - Processing file /home/airflow/.local/lib/python3.12/site-packages/airflow/example_dags/example_complex.py for tasks to queue
[2024-09-03T16:51:05.829+0000] {logging_mixin.py:190} INFO - [2024-09-03T16:51:05.828+0000] {dagbag.py:587} INFO - Filling up the DagBag from /home/airflow/.local/lib/python3.12/site-packages/airflow/example_dags/example_complex.py
[2024-09-03T16:51:05.839+0000] {processor.py:925} INFO - DAG(s) 'example_complex' retrieved from /home/airflow/.local/lib/python3.12/site-packages/airflow/example_dags/example_complex.py
[2024-09-03T16:51:05.868+0000] {logging_mixin.py:190} INFO - [2024-09-03T16:51:05.868+0000] {dag.py:3211} INFO - Sync 1 DAGs
[2024-09-03T16:51:05.880+0000] {logging_mixin.py:190} INFO - [2024-09-03T16:51:05.880+0000] {dag.py:4138} INFO - Setting next_dagrun for example_complex to None, run_after=None
[2024-09-03T16:51:05.892+0000] {processor.py:208} INFO - Processing /home/airflow/.local/lib/python3.12/site-packages/airflow/example_dags/example_complex.py took 0.074 seconds
[2024-09-03T16:51:36.059+0000] {processor.py:186} INFO - Started process (PID=290) to work on /home/airflow/.local/lib/python3.12/site-packages/airflow/example_dags/example_complex.py
[2024-09-03T16:51:36.061+0000] {processor.py:914} INFO - Processing file /home/airflow/.local/lib/python3.12/site-packages/airflow/example_dags/example_complex.py for tasks to queue
[2024-09-03T16:51:36.065+0000] {logging_mixin.py:190} INFO - [2024-09-03T16:51:36.064+0000] {dagbag.py:587} INFO - Filling up the DagBag from /home/airflow/.local/lib/python3.12/site-packages/airflow/example_dags/example_complex.py
[2024-09-03T16:51:36.099+0000] {processor.py:925} INFO - DAG(s) 'example_complex' retrieved from /home/airflow/.local/lib/python3.12/site-packages/airflow/example_dags/example_complex.py
[2024-09-03T16:51:36.201+0000] {logging_mixin.py:190} INFO - [2024-09-03T16:51:36.199+0000] {dag.py:3211} INFO - Sync 1 DAGs
[2024-09-03T16:51:36.233+0000] {logging_mixin.py:190} INFO - [2024-09-03T16:51:36.233+0000] {dag.py:4138} INFO - Setting next_dagrun for example_complex to None, run_after=None
[2024-09-03T16:51:36.273+0000] {processor.py:208} INFO - Processing /home/airflow/.local/lib/python3.12/site-packages/airflow/example_dags/example_complex.py took 0.224 seconds
[2024-09-03T16:52:06.519+0000] {processor.py:186} INFO - Started process (PID=353) to work on /home/airflow/.local/lib/python3.12/site-packages/airflow/example_dags/example_complex.py
[2024-09-03T16:52:06.521+0000] {processor.py:914} INFO - Processing file /home/airflow/.local/lib/python3.12/site-packages/airflow/example_dags/example_complex.py for tasks to queue
[2024-09-03T16:52:06.525+0000] {logging_mixin.py:190} INFO - [2024-09-03T16:52:06.524+0000] {dagbag.py:587} INFO - Filling up the DagBag from /home/airflow/.local/lib/python3.12/site-packages/airflow/example_dags/example_complex.py
[2024-09-03T16:52:06.542+0000] {processor.py:925} INFO - DAG(s) 'example_complex' retrieved from /home/airflow/.local/lib/python3.12/site-packages/airflow/example_dags/example_complex.py
[2024-09-03T16:52:06.590+0000] {logging_mixin.py:190} INFO - [2024-09-03T16:52:06.590+0000] {dag.py:3211} INFO - Sync 1 DAGs
[2024-09-03T16:52:06.606+0000] {logging_mixin.py:190} INFO - [2024-09-03T16:52:06.606+0000] {dag.py:4138} INFO - Setting next_dagrun for example_complex to None, run_after=None
[2024-09-03T16:52:06.622+0000] {processor.py:208} INFO - Processing /home/airflow/.local/lib/python3.12/site-packages/airflow/example_dags/example_complex.py took 0.113 seconds
[2024-09-03T16:52:37.377+0000] {processor.py:186} INFO - Started process (PID=417) to work on /home/airflow/.local/lib/python3.12/site-packages/airflow/example_dags/example_complex.py
[2024-09-03T16:52:37.379+0000] {processor.py:914} INFO - Processing file /home/airflow/.local/lib/python3.12/site-packages/airflow/example_dags/example_complex.py for tasks to queue
[2024-09-03T16:52:37.383+0000] {logging_mixin.py:190} INFO - [2024-09-03T16:52:37.383+0000] {dagbag.py:587} INFO - Filling up the DagBag from /home/airflow/.local/lib/python3.12/site-packages/airflow/example_dags/example_complex.py
[2024-09-03T16:52:37.401+0000] {processor.py:925} INFO - DAG(s) 'example_complex' retrieved from /home/airflow/.local/lib/python3.12/site-packages/airflow/example_dags/example_complex.py
[2024-09-03T16:52:37.490+0000] {logging_mixin.py:190} INFO - [2024-09-03T16:52:37.489+0000] {dag.py:3211} INFO - Sync 1 DAGs
[2024-09-03T16:52:37.521+0000] {logging_mixin.py:190} INFO - [2024-09-03T16:52:37.520+0000] {dag.py:4138} INFO - Setting next_dagrun for example_complex to None, run_after=None
[2024-09-03T16:52:37.559+0000] {processor.py:208} INFO - Processing /home/airflow/.local/lib/python3.12/site-packages/airflow/example_dags/example_complex.py took 0.201 seconds
[2024-09-03T16:53:07.892+0000] {processor.py:186} INFO - Started process (PID=479) to work on /home/airflow/.local/lib/python3.12/site-packages/airflow/example_dags/example_complex.py
[2024-09-03T16:53:07.893+0000] {processor.py:914} INFO - Processing file /home/airflow/.local/lib/python3.12/site-packages/airflow/example_dags/example_complex.py for tasks to queue
[2024-09-03T16:53:07.895+0000] {logging_mixin.py:190} INFO - [2024-09-03T16:53:07.895+0000] {dagbag.py:587} INFO - Filling up the DagBag from /home/airflow/.local/lib/python3.12/site-packages/airflow/example_dags/example_complex.py
[2024-09-03T16:53:07.905+0000] {processor.py:925} INFO - DAG(s) 'example_complex' retrieved from /home/airflow/.local/lib/python3.12/site-packages/airflow/example_dags/example_complex.py
[2024-09-03T16:53:07.956+0000] {logging_mixin.py:190} INFO - [2024-09-03T16:53:07.955+0000] {dag.py:3211} INFO - Sync 1 DAGs
[2024-09-03T16:53:07.973+0000] {logging_mixin.py:190} INFO - [2024-09-03T16:53:07.973+0000] {dag.py:4138} INFO - Setting next_dagrun for example_complex to None, run_after=None
[2024-09-03T16:53:08.008+0000] {processor.py:208} INFO - Processing /home/airflow/.local/lib/python3.12/site-packages/airflow/example_dags/example_complex.py took 0.120 seconds
[2024-09-03T16:53:38.040+0000] {processor.py:186} INFO - Started process (PID=543) to work on /home/airflow/.local/lib/python3.12/site-packages/airflow/example_dags/example_complex.py
[2024-09-03T16:53:38.041+0000] {processor.py:914} INFO - Processing file /home/airflow/.local/lib/python3.12/site-packages/airflow/example_dags/example_complex.py for tasks to queue
[2024-09-03T16:53:38.042+0000] {logging_mixin.py:190} INFO - [2024-09-03T16:53:38.042+0000] {dagbag.py:587} INFO - Filling up the DagBag from /home/airflow/.local/lib/python3.12/site-packages/airflow/example_dags/example_complex.py
[2024-09-03T16:53:38.051+0000] {processor.py:925} INFO - DAG(s) 'example_complex' retrieved from /home/airflow/.local/lib/python3.12/site-packages/airflow/example_dags/example_complex.py
[2024-09-03T16:53:38.071+0000] {logging_mixin.py:190} INFO - [2024-09-03T16:53:38.071+0000] {dag.py:3211} INFO - Sync 1 DAGs
[2024-09-03T16:53:38.081+0000] {logging_mixin.py:190} INFO - [2024-09-03T16:53:38.081+0000] {dag.py:4138} INFO - Setting next_dagrun for example_complex to None, run_after=None
[2024-09-03T16:53:38.092+0000] {processor.py:208} INFO - Processing /home/airflow/.local/lib/python3.12/site-packages/airflow/example_dags/example_complex.py took 0.056 seconds
[2024-09-03T16:54:08.517+0000] {processor.py:186} INFO - Started process (PID=594) to work on /home/airflow/.local/lib/python3.12/site-packages/airflow/example_dags/example_complex.py
[2024-09-03T16:54:08.527+0000] {processor.py:914} INFO - Processing file /home/airflow/.local/lib/python3.12/site-packages/airflow/example_dags/example_complex.py for tasks to queue
[2024-09-03T16:54:08.542+0000] {logging_mixin.py:190} INFO - [2024-09-03T16:54:08.541+0000] {dagbag.py:587} INFO - Filling up the DagBag from /home/airflow/.local/lib/python3.12/site-packages/airflow/example_dags/example_complex.py
[2024-09-03T16:54:08.575+0000] {processor.py:925} INFO - DAG(s) 'example_complex' retrieved from /home/airflow/.local/lib/python3.12/site-packages/airflow/example_dags/example_complex.py
[2024-09-03T16:54:08.620+0000] {logging_mixin.py:190} INFO - [2024-09-03T16:54:08.620+0000] {dag.py:3211} INFO - Sync 1 DAGs
[2024-09-03T16:54:08.653+0000] {logging_mixin.py:190} INFO - [2024-09-03T16:54:08.652+0000] {dag.py:4138} INFO - Setting next_dagrun for example_complex to None, run_after=None
[2024-09-03T16:54:08.674+0000] {processor.py:208} INFO - Processing /home/airflow/.local/lib/python3.12/site-packages/airflow/example_dags/example_complex.py took 0.178 seconds
[2024-09-03T16:54:39.158+0000] {processor.py:186} INFO - Started process (PID=657) to work on /home/airflow/.local/lib/python3.12/site-packages/airflow/example_dags/example_complex.py
[2024-09-03T16:54:39.160+0000] {processor.py:914} INFO - Processing file /home/airflow/.local/lib/python3.12/site-packages/airflow/example_dags/example_complex.py for tasks to queue
[2024-09-03T16:54:39.162+0000] {logging_mixin.py:190} INFO - [2024-09-03T16:54:39.162+0000] {dagbag.py:587} INFO - Filling up the DagBag from /home/airflow/.local/lib/python3.12/site-packages/airflow/example_dags/example_complex.py
[2024-09-03T16:54:39.171+0000] {processor.py:925} INFO - DAG(s) 'example_complex' retrieved from /home/airflow/.local/lib/python3.12/site-packages/airflow/example_dags/example_complex.py
[2024-09-03T16:54:39.194+0000] {logging_mixin.py:190} INFO - [2024-09-03T16:54:39.194+0000] {dag.py:3211} INFO - Sync 1 DAGs
[2024-09-03T16:54:39.206+0000] {logging_mixin.py:190} INFO - [2024-09-03T16:54:39.205+0000] {dag.py:4138} INFO - Setting next_dagrun for example_complex to None, run_after=None
[2024-09-03T16:54:39.221+0000] {processor.py:208} INFO - Processing /home/airflow/.local/lib/python3.12/site-packages/airflow/example_dags/example_complex.py took 0.071 seconds
[2024-09-03T16:55:09.769+0000] {processor.py:186} INFO - Started process (PID=720) to work on /home/airflow/.local/lib/python3.12/site-packages/airflow/example_dags/example_complex.py
[2024-09-03T16:55:09.771+0000] {processor.py:914} INFO - Processing file /home/airflow/.local/lib/python3.12/site-packages/airflow/example_dags/example_complex.py for tasks to queue
[2024-09-03T16:55:09.774+0000] {logging_mixin.py:190} INFO - [2024-09-03T16:55:09.774+0000] {dagbag.py:587} INFO - Filling up the DagBag from /home/airflow/.local/lib/python3.12/site-packages/airflow/example_dags/example_complex.py
[2024-09-03T16:55:09.786+0000] {processor.py:925} INFO - DAG(s) 'example_complex' retrieved from /home/airflow/.local/lib/python3.12/site-packages/airflow/example_dags/example_complex.py
[2024-09-03T16:55:09.823+0000] {logging_mixin.py:190} INFO - [2024-09-03T16:55:09.822+0000] {dag.py:3211} INFO - Sync 1 DAGs
[2024-09-03T16:55:09.838+0000] {logging_mixin.py:190} INFO - [2024-09-03T16:55:09.838+0000] {dag.py:4138} INFO - Setting next_dagrun for example_complex to None, run_after=None
[2024-09-03T16:55:09.850+0000] {processor.py:208} INFO - Processing /home/airflow/.local/lib/python3.12/site-packages/airflow/example_dags/example_complex.py took 0.091 seconds
[2024-09-03T16:55:40.259+0000] {processor.py:186} INFO - Started process (PID=783) to work on /home/airflow/.local/lib/python3.12/site-packages/airflow/example_dags/example_complex.py
[2024-09-03T16:55:40.263+0000] {processor.py:914} INFO - Processing file /home/airflow/.local/lib/python3.12/site-packages/airflow/example_dags/example_complex.py for tasks to queue
[2024-09-03T16:55:40.268+0000] {logging_mixin.py:190} INFO - [2024-09-03T16:55:40.267+0000] {dagbag.py:587} INFO - Filling up the DagBag from /home/airflow/.local/lib/python3.12/site-packages/airflow/example_dags/example_complex.py
[2024-09-03T16:55:40.295+0000] {processor.py:925} INFO - DAG(s) 'example_complex' retrieved from /home/airflow/.local/lib/python3.12/site-packages/airflow/example_dags/example_complex.py
[2024-09-03T16:55:40.340+0000] {logging_mixin.py:190} INFO - [2024-09-03T16:55:40.340+0000] {dag.py:3211} INFO - Sync 1 DAGs
[2024-09-03T16:55:40.355+0000] {logging_mixin.py:190} INFO - [2024-09-03T16:55:40.355+0000] {dag.py:4138} INFO - Setting next_dagrun for example_complex to None, run_after=None
[2024-09-03T16:55:40.379+0000] {processor.py:208} INFO - Processing /home/airflow/.local/lib/python3.12/site-packages/airflow/example_dags/example_complex.py took 0.131 seconds
[2024-09-03T16:56:10.559+0000] {processor.py:186} INFO - Started process (PID=846) to work on /home/airflow/.local/lib/python3.12/site-packages/airflow/example_dags/example_complex.py
[2024-09-03T16:56:10.560+0000] {processor.py:914} INFO - Processing file /home/airflow/.local/lib/python3.12/site-packages/airflow/example_dags/example_complex.py for tasks to queue
[2024-09-03T16:56:10.562+0000] {logging_mixin.py:190} INFO - [2024-09-03T16:56:10.562+0000] {dagbag.py:587} INFO - Filling up the DagBag from /home/airflow/.local/lib/python3.12/site-packages/airflow/example_dags/example_complex.py
[2024-09-03T16:56:10.571+0000] {processor.py:925} INFO - DAG(s) 'example_complex' retrieved from /home/airflow/.local/lib/python3.12/site-packages/airflow/example_dags/example_complex.py
[2024-09-03T16:56:10.605+0000] {logging_mixin.py:190} INFO - [2024-09-03T16:56:10.604+0000] {dag.py:3211} INFO - Sync 1 DAGs
[2024-09-03T16:56:10.617+0000] {logging_mixin.py:190} INFO - [2024-09-03T16:56:10.617+0000] {dag.py:4138} INFO - Setting next_dagrun for example_complex to None, run_after=None
[2024-09-03T16:56:10.636+0000] {processor.py:208} INFO - Processing /home/airflow/.local/lib/python3.12/site-packages/airflow/example_dags/example_complex.py took 0.082 seconds
[2024-09-03T16:56:41.289+0000] {processor.py:186} INFO - Started process (PID=908) to work on /home/airflow/.local/lib/python3.12/site-packages/airflow/example_dags/example_complex.py
[2024-09-03T16:56:41.290+0000] {processor.py:914} INFO - Processing file /home/airflow/.local/lib/python3.12/site-packages/airflow/example_dags/example_complex.py for tasks to queue
[2024-09-03T16:56:41.292+0000] {logging_mixin.py:190} INFO - [2024-09-03T16:56:41.292+0000] {dagbag.py:587} INFO - Filling up the DagBag from /home/airflow/.local/lib/python3.12/site-packages/airflow/example_dags/example_complex.py
[2024-09-03T16:56:41.301+0000] {processor.py:925} INFO - DAG(s) 'example_complex' retrieved from /home/airflow/.local/lib/python3.12/site-packages/airflow/example_dags/example_complex.py
[2024-09-03T16:56:41.323+0000] {logging_mixin.py:190} INFO - [2024-09-03T16:56:41.323+0000] {dag.py:3211} INFO - Sync 1 DAGs
[2024-09-03T16:56:41.332+0000] {logging_mixin.py:190} INFO - [2024-09-03T16:56:41.332+0000] {dag.py:4138} INFO - Setting next_dagrun for example_complex to None, run_after=None
[2024-09-03T16:56:41.343+0000] {processor.py:208} INFO - Processing /home/airflow/.local/lib/python3.12/site-packages/airflow/example_dags/example_complex.py took 0.058 seconds
[2024-09-03T16:57:11.432+0000] {processor.py:186} INFO - Started process (PID=968) to work on /home/airflow/.local/lib/python3.12/site-packages/airflow/example_dags/example_complex.py
[2024-09-03T16:57:11.434+0000] {processor.py:914} INFO - Processing file /home/airflow/.local/lib/python3.12/site-packages/airflow/example_dags/example_complex.py for tasks to queue
[2024-09-03T16:57:11.435+0000] {logging_mixin.py:190} INFO - [2024-09-03T16:57:11.435+0000] {dagbag.py:587} INFO - Filling up the DagBag from /home/airflow/.local/lib/python3.12/site-packages/airflow/example_dags/example_complex.py
[2024-09-03T16:57:11.443+0000] {processor.py:925} INFO - DAG(s) 'example_complex' retrieved from /home/airflow/.local/lib/python3.12/site-packages/airflow/example_dags/example_complex.py
[2024-09-03T16:57:11.476+0000] {logging_mixin.py:190} INFO - [2024-09-03T16:57:11.476+0000] {dag.py:3211} INFO - Sync 1 DAGs
[2024-09-03T16:57:11.486+0000] {logging_mixin.py:190} INFO - [2024-09-03T16:57:11.486+0000] {dag.py:4138} INFO - Setting next_dagrun for example_complex to None, run_after=None
[2024-09-03T16:57:11.497+0000] {processor.py:208} INFO - Processing /home/airflow/.local/lib/python3.12/site-packages/airflow/example_dags/example_complex.py took 0.068 seconds
[2024-09-03T16:57:41.858+0000] {processor.py:186} INFO - Started process (PID=1029) to work on /home/airflow/.local/lib/python3.12/site-packages/airflow/example_dags/example_complex.py
[2024-09-03T16:57:41.860+0000] {processor.py:914} INFO - Processing file /home/airflow/.local/lib/python3.12/site-packages/airflow/example_dags/example_complex.py for tasks to queue
[2024-09-03T16:57:41.864+0000] {logging_mixin.py:190} INFO - [2024-09-03T16:57:41.863+0000] {dagbag.py:587} INFO - Filling up the DagBag from /home/airflow/.local/lib/python3.12/site-packages/airflow/example_dags/example_complex.py
[2024-09-03T16:57:41.888+0000] {processor.py:925} INFO - DAG(s) 'example_complex' retrieved from /home/airflow/.local/lib/python3.12/site-packages/airflow/example_dags/example_complex.py
[2024-09-03T16:57:41.941+0000] {logging_mixin.py:190} INFO - [2024-09-03T16:57:41.941+0000] {dag.py:3211} INFO - Sync 1 DAGs
[2024-09-03T16:57:41.956+0000] {logging_mixin.py:190} INFO - [2024-09-03T16:57:41.956+0000] {dag.py:4138} INFO - Setting next_dagrun for example_complex to None, run_after=None
[2024-09-03T16:57:41.970+0000] {processor.py:208} INFO - Processing /home/airflow/.local/lib/python3.12/site-packages/airflow/example_dags/example_complex.py took 0.129 seconds
[2024-09-03T16:58:12.256+0000] {processor.py:186} INFO - Started process (PID=1092) to work on /home/airflow/.local/lib/python3.12/site-packages/airflow/example_dags/example_complex.py
[2024-09-03T16:58:12.260+0000] {processor.py:914} INFO - Processing file /home/airflow/.local/lib/python3.12/site-packages/airflow/example_dags/example_complex.py for tasks to queue
[2024-09-03T16:58:12.267+0000] {logging_mixin.py:190} INFO - [2024-09-03T16:58:12.266+0000] {dagbag.py:587} INFO - Filling up the DagBag from /home/airflow/.local/lib/python3.12/site-packages/airflow/example_dags/example_complex.py
[2024-09-03T16:58:12.286+0000] {processor.py:925} INFO - DAG(s) 'example_complex' retrieved from /home/airflow/.local/lib/python3.12/site-packages/airflow/example_dags/example_complex.py
[2024-09-03T16:58:12.391+0000] {logging_mixin.py:190} INFO - [2024-09-03T16:58:12.390+0000] {dag.py:3211} INFO - Sync 1 DAGs
[2024-09-03T16:58:12.411+0000] {logging_mixin.py:190} INFO - [2024-09-03T16:58:12.410+0000] {dag.py:4138} INFO - Setting next_dagrun for example_complex to None, run_after=None
[2024-09-03T16:58:12.448+0000] {processor.py:208} INFO - Processing /home/airflow/.local/lib/python3.12/site-packages/airflow/example_dags/example_complex.py took 0.216 seconds
