[2024-09-03T16:50:00.967+0000] {processor.py:186} INFO - Started process (PID=88) to work on /home/airflow/.local/lib/python3.12/site-packages/airflow/example_dags/example_datasets.py
[2024-09-03T16:50:00.969+0000] {processor.py:914} INFO - Processing file /home/airflow/.local/lib/python3.12/site-packages/airflow/example_dags/example_datasets.py for tasks to queue
[2024-09-03T16:50:00.973+0000] {logging_mixin.py:190} INFO - [2024-09-03T16:50:00.972+0000] {dagbag.py:587} INFO - Filling up the DagBag from /home/airflow/.local/lib/python3.12/site-packages/airflow/example_dags/example_datasets.py
[2024-09-03T16:50:01.219+0000] {processor.py:925} INFO - DAG(s) 'dataset_produces_2', 'dataset_consumes_unknown_never_scheduled', 'consume_1_and_2_with_dataset_expressions', 'dataset_consumes_1', 'dataset_produces_1', 'conditional_dataset_and_time_based_timetable', 'consume_1_or_2_with_dataset_expressions', 'dataset_consumes_1_never_scheduled', 'dataset_consumes_1_and_2', 'consume_1_or_both_2_and_3_with_dataset_expressions' retrieved from /home/airflow/.local/lib/python3.12/site-packages/airflow/example_dags/example_datasets.py
[2024-09-03T16:50:01.434+0000] {logging_mixin.py:190} INFO - [2024-09-03T16:50:01.433+0000] {override.py:1858} INFO - Created Permission View: can delete on DAG:dataset_produces_2
[2024-09-03T16:50:01.446+0000] {logging_mixin.py:190} INFO - [2024-09-03T16:50:01.445+0000] {override.py:1858} INFO - Created Permission View: can edit on DAG:dataset_produces_2
[2024-09-03T16:50:01.458+0000] {logging_mixin.py:190} INFO - [2024-09-03T16:50:01.457+0000] {override.py:1858} INFO - Created Permission View: can read on DAG:dataset_produces_2
[2024-09-03T16:50:01.501+0000] {logging_mixin.py:190} INFO - [2024-09-03T16:50:01.501+0000] {override.py:1858} INFO - Created Permission View: can delete on DAG:dataset_consumes_unknown_never_scheduled
[2024-09-03T16:50:01.505+0000] {logging_mixin.py:190} INFO - [2024-09-03T16:50:01.504+0000] {override.py:1858} INFO - Created Permission View: can edit on DAG:dataset_consumes_unknown_never_scheduled
[2024-09-03T16:50:01.508+0000] {logging_mixin.py:190} INFO - [2024-09-03T16:50:01.508+0000] {override.py:1858} INFO - Created Permission View: can read on DAG:dataset_consumes_unknown_never_scheduled
[2024-09-03T16:50:01.516+0000] {logging_mixin.py:190} INFO - [2024-09-03T16:50:01.514+0000] {override.py:1858} INFO - Created Permission View: can delete on DAG:consume_1_and_2_with_dataset_expressions
[2024-09-03T16:50:01.520+0000] {logging_mixin.py:190} INFO - [2024-09-03T16:50:01.520+0000] {override.py:1858} INFO - Created Permission View: can edit on DAG:consume_1_and_2_with_dataset_expressions
[2024-09-03T16:50:01.524+0000] {logging_mixin.py:190} INFO - [2024-09-03T16:50:01.523+0000] {override.py:1858} INFO - Created Permission View: can read on DAG:consume_1_and_2_with_dataset_expressions
[2024-09-03T16:50:01.530+0000] {logging_mixin.py:190} INFO - [2024-09-03T16:50:01.529+0000] {override.py:1858} INFO - Created Permission View: can delete on DAG:dataset_consumes_1
[2024-09-03T16:50:01.533+0000] {logging_mixin.py:190} INFO - [2024-09-03T16:50:01.533+0000] {override.py:1858} INFO - Created Permission View: can edit on DAG:dataset_consumes_1
[2024-09-03T16:50:01.537+0000] {logging_mixin.py:190} INFO - [2024-09-03T16:50:01.537+0000] {override.py:1858} INFO - Created Permission View: can read on DAG:dataset_consumes_1
[2024-09-03T16:50:01.545+0000] {logging_mixin.py:190} INFO - [2024-09-03T16:50:01.545+0000] {override.py:1858} INFO - Created Permission View: can delete on DAG:dataset_produces_1
[2024-09-03T16:50:01.548+0000] {logging_mixin.py:190} INFO - [2024-09-03T16:50:01.547+0000] {override.py:1858} INFO - Created Permission View: can edit on DAG:dataset_produces_1
[2024-09-03T16:50:01.550+0000] {logging_mixin.py:190} INFO - [2024-09-03T16:50:01.550+0000] {override.py:1858} INFO - Created Permission View: can read on DAG:dataset_produces_1
[2024-09-03T16:50:01.556+0000] {logging_mixin.py:190} INFO - [2024-09-03T16:50:01.555+0000] {override.py:1858} INFO - Created Permission View: can delete on DAG:conditional_dataset_and_time_based_timetable
[2024-09-03T16:50:01.570+0000] {logging_mixin.py:190} INFO - [2024-09-03T16:50:01.570+0000] {override.py:1858} INFO - Created Permission View: can edit on DAG:conditional_dataset_and_time_based_timetable
[2024-09-03T16:50:01.573+0000] {logging_mixin.py:190} INFO - [2024-09-03T16:50:01.573+0000] {override.py:1858} INFO - Created Permission View: can read on DAG:conditional_dataset_and_time_based_timetable
[2024-09-03T16:50:01.584+0000] {logging_mixin.py:190} INFO - [2024-09-03T16:50:01.584+0000] {override.py:1858} INFO - Created Permission View: can delete on DAG:consume_1_or_2_with_dataset_expressions
[2024-09-03T16:50:01.588+0000] {logging_mixin.py:190} INFO - [2024-09-03T16:50:01.587+0000] {override.py:1858} INFO - Created Permission View: can edit on DAG:consume_1_or_2_with_dataset_expressions
[2024-09-03T16:50:01.590+0000] {logging_mixin.py:190} INFO - [2024-09-03T16:50:01.590+0000] {override.py:1858} INFO - Created Permission View: can read on DAG:consume_1_or_2_with_dataset_expressions
[2024-09-03T16:50:01.598+0000] {logging_mixin.py:190} INFO - [2024-09-03T16:50:01.598+0000] {override.py:1858} INFO - Created Permission View: can delete on DAG:dataset_consumes_1_never_scheduled
[2024-09-03T16:50:01.606+0000] {logging_mixin.py:190} INFO - [2024-09-03T16:50:01.605+0000] {override.py:1858} INFO - Created Permission View: can edit on DAG:dataset_consumes_1_never_scheduled
[2024-09-03T16:50:01.620+0000] {logging_mixin.py:190} INFO - [2024-09-03T16:50:01.620+0000] {override.py:1858} INFO - Created Permission View: can read on DAG:dataset_consumes_1_never_scheduled
[2024-09-03T16:50:01.635+0000] {logging_mixin.py:190} INFO - [2024-09-03T16:50:01.634+0000] {override.py:1858} INFO - Created Permission View: can delete on DAG:dataset_consumes_1_and_2
[2024-09-03T16:50:01.643+0000] {logging_mixin.py:190} INFO - [2024-09-03T16:50:01.643+0000] {override.py:1858} INFO - Created Permission View: can edit on DAG:dataset_consumes_1_and_2
[2024-09-03T16:50:01.648+0000] {logging_mixin.py:190} INFO - [2024-09-03T16:50:01.648+0000] {override.py:1858} INFO - Created Permission View: can read on DAG:dataset_consumes_1_and_2
[2024-09-03T16:50:01.655+0000] {logging_mixin.py:190} INFO - [2024-09-03T16:50:01.655+0000] {override.py:1858} INFO - Created Permission View: can delete on DAG:consume_1_or_both_2_and_3_with_dataset_expressions
[2024-09-03T16:50:01.660+0000] {logging_mixin.py:190} INFO - [2024-09-03T16:50:01.660+0000] {override.py:1858} INFO - Created Permission View: can edit on DAG:consume_1_or_both_2_and_3_with_dataset_expressions
[2024-09-03T16:50:01.675+0000] {logging_mixin.py:190} INFO - [2024-09-03T16:50:01.674+0000] {override.py:1858} INFO - Created Permission View: can read on DAG:consume_1_or_both_2_and_3_with_dataset_expressions
[2024-09-03T16:50:01.676+0000] {logging_mixin.py:190} INFO - [2024-09-03T16:50:01.675+0000] {dag.py:3211} INFO - Sync 10 DAGs
[2024-09-03T16:50:01.688+0000] {logging_mixin.py:190} INFO - [2024-09-03T16:50:01.687+0000] {dag.py:3234} INFO - Creating ORM DAG for dataset_consumes_1_and_2
[2024-09-03T16:50:01.688+0000] {logging_mixin.py:190} INFO - [2024-09-03T16:50:01.688+0000] {dag.py:3234} INFO - Creating ORM DAG for dataset_produces_1
[2024-09-03T16:50:01.689+0000] {logging_mixin.py:190} INFO - [2024-09-03T16:50:01.689+0000] {dag.py:3234} INFO - Creating ORM DAG for dataset_produces_2
[2024-09-03T16:50:01.689+0000] {logging_mixin.py:190} INFO - [2024-09-03T16:50:01.689+0000] {dag.py:3234} INFO - Creating ORM DAG for dataset_consumes_1
[2024-09-03T16:50:01.690+0000] {logging_mixin.py:190} INFO - [2024-09-03T16:50:01.690+0000] {dag.py:3234} INFO - Creating ORM DAG for dataset_consumes_unknown_never_scheduled
[2024-09-03T16:50:01.690+0000] {logging_mixin.py:190} INFO - [2024-09-03T16:50:01.690+0000] {dag.py:3234} INFO - Creating ORM DAG for dataset_consumes_1_never_scheduled
[2024-09-03T16:50:01.690+0000] {logging_mixin.py:190} INFO - [2024-09-03T16:50:01.690+0000] {dag.py:3234} INFO - Creating ORM DAG for consume_1_or_both_2_and_3_with_dataset_expressions
[2024-09-03T16:50:01.691+0000] {logging_mixin.py:190} INFO - [2024-09-03T16:50:01.691+0000] {dag.py:3234} INFO - Creating ORM DAG for consume_1_and_2_with_dataset_expressions
[2024-09-03T16:50:01.693+0000] {logging_mixin.py:190} INFO - [2024-09-03T16:50:01.692+0000] {dag.py:3234} INFO - Creating ORM DAG for consume_1_or_2_with_dataset_expressions
[2024-09-03T16:50:01.693+0000] {logging_mixin.py:190} INFO - [2024-09-03T16:50:01.693+0000] {dag.py:3234} INFO - Creating ORM DAG for conditional_dataset_and_time_based_timetable
[2024-09-03T16:50:01.707+0000] {logging_mixin.py:190} INFO - [2024-09-03T16:50:01.706+0000] {dag.py:4138} INFO - Setting next_dagrun for conditional_dataset_and_time_based_timetable to 2024-08-28 01:00:00+00:00, run_after=2024-08-28 01:00:00+00:00
[2024-09-03T16:50:01.708+0000] {logging_mixin.py:190} INFO - [2024-09-03T16:50:01.707+0000] {dag.py:4138} INFO - Setting next_dagrun for consume_1_and_2_with_dataset_expressions to None, run_after=None
[2024-09-03T16:50:01.708+0000] {logging_mixin.py:190} INFO - [2024-09-03T16:50:01.708+0000] {dag.py:4138} INFO - Setting next_dagrun for consume_1_or_2_with_dataset_expressions to None, run_after=None
[2024-09-03T16:50:01.709+0000] {logging_mixin.py:190} INFO - [2024-09-03T16:50:01.709+0000] {dag.py:4138} INFO - Setting next_dagrun for consume_1_or_both_2_and_3_with_dataset_expressions to None, run_after=None
[2024-09-03T16:50:01.709+0000] {logging_mixin.py:190} INFO - [2024-09-03T16:50:01.709+0000] {dag.py:4138} INFO - Setting next_dagrun for dataset_consumes_1 to None, run_after=None
[2024-09-03T16:50:01.709+0000] {logging_mixin.py:190} INFO - [2024-09-03T16:50:01.709+0000] {dag.py:4138} INFO - Setting next_dagrun for dataset_consumes_1_and_2 to None, run_after=None
[2024-09-03T16:50:01.710+0000] {logging_mixin.py:190} INFO - [2024-09-03T16:50:01.710+0000] {dag.py:4138} INFO - Setting next_dagrun for dataset_consumes_1_never_scheduled to None, run_after=None
[2024-09-03T16:50:01.710+0000] {logging_mixin.py:190} INFO - [2024-09-03T16:50:01.710+0000] {dag.py:4138} INFO - Setting next_dagrun for dataset_consumes_unknown_never_scheduled to None, run_after=None
[2024-09-03T16:50:01.711+0000] {logging_mixin.py:190} INFO - [2024-09-03T16:50:01.711+0000] {dag.py:4138} INFO - Setting next_dagrun for dataset_produces_1 to 2024-09-02 00:00:00+00:00, run_after=2024-09-03 00:00:00+00:00
[2024-09-03T16:50:01.712+0000] {logging_mixin.py:190} INFO - [2024-09-03T16:50:01.712+0000] {dag.py:4138} INFO - Setting next_dagrun for dataset_produces_2 to None, run_after=None
[2024-09-03T16:50:01.763+0000] {processor.py:208} INFO - Processing /home/airflow/.local/lib/python3.12/site-packages/airflow/example_dags/example_datasets.py took 0.803 seconds
[2024-09-03T16:50:32.138+0000] {processor.py:186} INFO - Started process (PID=151) to work on /home/airflow/.local/lib/python3.12/site-packages/airflow/example_dags/example_datasets.py
[2024-09-03T16:50:32.140+0000] {processor.py:914} INFO - Processing file /home/airflow/.local/lib/python3.12/site-packages/airflow/example_dags/example_datasets.py for tasks to queue
[2024-09-03T16:50:32.142+0000] {logging_mixin.py:190} INFO - [2024-09-03T16:50:32.142+0000] {dagbag.py:587} INFO - Filling up the DagBag from /home/airflow/.local/lib/python3.12/site-packages/airflow/example_dags/example_datasets.py
[2024-09-03T16:50:32.321+0000] {processor.py:925} INFO - DAG(s) 'consume_1_or_2_with_dataset_expressions', 'dataset_consumes_1_and_2', 'dataset_produces_1', 'dataset_consumes_unknown_never_scheduled', 'dataset_consumes_1_never_scheduled', 'dataset_consumes_1', 'consume_1_or_both_2_and_3_with_dataset_expressions', 'conditional_dataset_and_time_based_timetable', 'consume_1_and_2_with_dataset_expressions', 'dataset_produces_2' retrieved from /home/airflow/.local/lib/python3.12/site-packages/airflow/example_dags/example_datasets.py
[2024-09-03T16:50:32.359+0000] {logging_mixin.py:190} INFO - [2024-09-03T16:50:32.359+0000] {dag.py:3211} INFO - Sync 10 DAGs
[2024-09-03T16:50:32.376+0000] {logging_mixin.py:190} INFO - [2024-09-03T16:50:32.376+0000] {dag.py:4138} INFO - Setting next_dagrun for conditional_dataset_and_time_based_timetable to 2024-08-28 01:00:00+00:00, run_after=2024-08-28 01:00:00+00:00
[2024-09-03T16:50:32.378+0000] {logging_mixin.py:190} INFO - [2024-09-03T16:50:32.378+0000] {dag.py:4138} INFO - Setting next_dagrun for consume_1_and_2_with_dataset_expressions to None, run_after=None
[2024-09-03T16:50:32.380+0000] {logging_mixin.py:190} INFO - [2024-09-03T16:50:32.380+0000] {dag.py:4138} INFO - Setting next_dagrun for consume_1_or_2_with_dataset_expressions to None, run_after=None
[2024-09-03T16:50:32.380+0000] {logging_mixin.py:190} INFO - [2024-09-03T16:50:32.380+0000] {dag.py:4138} INFO - Setting next_dagrun for consume_1_or_both_2_and_3_with_dataset_expressions to None, run_after=None
[2024-09-03T16:50:32.381+0000] {logging_mixin.py:190} INFO - [2024-09-03T16:50:32.381+0000] {dag.py:4138} INFO - Setting next_dagrun for dataset_consumes_1 to None, run_after=None
[2024-09-03T16:50:32.382+0000] {logging_mixin.py:190} INFO - [2024-09-03T16:50:32.382+0000] {dag.py:4138} INFO - Setting next_dagrun for dataset_consumes_1_and_2 to None, run_after=None
[2024-09-03T16:50:32.382+0000] {logging_mixin.py:190} INFO - [2024-09-03T16:50:32.382+0000] {dag.py:4138} INFO - Setting next_dagrun for dataset_consumes_1_never_scheduled to None, run_after=None
[2024-09-03T16:50:32.383+0000] {logging_mixin.py:190} INFO - [2024-09-03T16:50:32.383+0000] {dag.py:4138} INFO - Setting next_dagrun for dataset_consumes_unknown_never_scheduled to None, run_after=None
[2024-09-03T16:50:32.384+0000] {logging_mixin.py:190} INFO - [2024-09-03T16:50:32.384+0000] {dag.py:4138} INFO - Setting next_dagrun for dataset_produces_1 to 2024-09-02 00:00:00+00:00, run_after=2024-09-03 00:00:00+00:00
[2024-09-03T16:50:32.385+0000] {logging_mixin.py:190} INFO - [2024-09-03T16:50:32.385+0000] {dag.py:4138} INFO - Setting next_dagrun for dataset_produces_2 to None, run_after=None
[2024-09-03T16:50:32.401+0000] {processor.py:208} INFO - Processing /home/airflow/.local/lib/python3.12/site-packages/airflow/example_dags/example_datasets.py took 0.269 seconds
[2024-09-03T16:51:03.015+0000] {processor.py:186} INFO - Started process (PID=214) to work on /home/airflow/.local/lib/python3.12/site-packages/airflow/example_dags/example_datasets.py
[2024-09-03T16:51:03.018+0000] {processor.py:914} INFO - Processing file /home/airflow/.local/lib/python3.12/site-packages/airflow/example_dags/example_datasets.py for tasks to queue
[2024-09-03T16:51:03.021+0000] {logging_mixin.py:190} INFO - [2024-09-03T16:51:03.021+0000] {dagbag.py:587} INFO - Filling up the DagBag from /home/airflow/.local/lib/python3.12/site-packages/airflow/example_dags/example_datasets.py
[2024-09-03T16:51:03.188+0000] {processor.py:925} INFO - DAG(s) 'dataset_produces_1', 'dataset_consumes_1', 'consume_1_or_2_with_dataset_expressions', 'dataset_produces_2', 'consume_1_or_both_2_and_3_with_dataset_expressions', 'dataset_consumes_1_never_scheduled', 'consume_1_and_2_with_dataset_expressions', 'dataset_consumes_1_and_2', 'dataset_consumes_unknown_never_scheduled', 'conditional_dataset_and_time_based_timetable' retrieved from /home/airflow/.local/lib/python3.12/site-packages/airflow/example_dags/example_datasets.py
[2024-09-03T16:51:03.218+0000] {logging_mixin.py:190} INFO - [2024-09-03T16:51:03.218+0000] {dag.py:3211} INFO - Sync 10 DAGs
[2024-09-03T16:51:03.233+0000] {logging_mixin.py:190} INFO - [2024-09-03T16:51:03.233+0000] {dag.py:4138} INFO - Setting next_dagrun for conditional_dataset_and_time_based_timetable to 2024-08-28 01:00:00+00:00, run_after=2024-08-28 01:00:00+00:00
[2024-09-03T16:51:03.236+0000] {logging_mixin.py:190} INFO - [2024-09-03T16:51:03.236+0000] {dag.py:4138} INFO - Setting next_dagrun for consume_1_and_2_with_dataset_expressions to None, run_after=None
[2024-09-03T16:51:03.237+0000] {logging_mixin.py:190} INFO - [2024-09-03T16:51:03.237+0000] {dag.py:4138} INFO - Setting next_dagrun for consume_1_or_2_with_dataset_expressions to None, run_after=None
[2024-09-03T16:51:03.238+0000] {logging_mixin.py:190} INFO - [2024-09-03T16:51:03.238+0000] {dag.py:4138} INFO - Setting next_dagrun for consume_1_or_both_2_and_3_with_dataset_expressions to None, run_after=None
[2024-09-03T16:51:03.239+0000] {logging_mixin.py:190} INFO - [2024-09-03T16:51:03.239+0000] {dag.py:4138} INFO - Setting next_dagrun for dataset_consumes_1 to None, run_after=None
[2024-09-03T16:51:03.240+0000] {logging_mixin.py:190} INFO - [2024-09-03T16:51:03.240+0000] {dag.py:4138} INFO - Setting next_dagrun for dataset_consumes_1_and_2 to None, run_after=None
[2024-09-03T16:51:03.241+0000] {logging_mixin.py:190} INFO - [2024-09-03T16:51:03.241+0000] {dag.py:4138} INFO - Setting next_dagrun for dataset_consumes_1_never_scheduled to None, run_after=None
[2024-09-03T16:51:03.242+0000] {logging_mixin.py:190} INFO - [2024-09-03T16:51:03.241+0000] {dag.py:4138} INFO - Setting next_dagrun for dataset_consumes_unknown_never_scheduled to None, run_after=None
[2024-09-03T16:51:03.243+0000] {logging_mixin.py:190} INFO - [2024-09-03T16:51:03.243+0000] {dag.py:4138} INFO - Setting next_dagrun for dataset_produces_1 to 2024-09-02 00:00:00+00:00, run_after=2024-09-03 00:00:00+00:00
[2024-09-03T16:51:03.244+0000] {logging_mixin.py:190} INFO - [2024-09-03T16:51:03.244+0000] {dag.py:4138} INFO - Setting next_dagrun for dataset_produces_2 to None, run_after=None
[2024-09-03T16:51:03.263+0000] {processor.py:208} INFO - Processing /home/airflow/.local/lib/python3.12/site-packages/airflow/example_dags/example_datasets.py took 0.258 seconds
[2024-09-03T16:51:33.902+0000] {processor.py:186} INFO - Started process (PID=277) to work on /home/airflow/.local/lib/python3.12/site-packages/airflow/example_dags/example_datasets.py
[2024-09-03T16:51:33.904+0000] {processor.py:914} INFO - Processing file /home/airflow/.local/lib/python3.12/site-packages/airflow/example_dags/example_datasets.py for tasks to queue
[2024-09-03T16:51:33.908+0000] {logging_mixin.py:190} INFO - [2024-09-03T16:51:33.907+0000] {dagbag.py:587} INFO - Filling up the DagBag from /home/airflow/.local/lib/python3.12/site-packages/airflow/example_dags/example_datasets.py
[2024-09-03T16:51:34.324+0000] {processor.py:925} INFO - DAG(s) 'dataset_consumes_1_and_2', 'consume_1_or_2_with_dataset_expressions', 'conditional_dataset_and_time_based_timetable', 'dataset_consumes_unknown_never_scheduled', 'consume_1_and_2_with_dataset_expressions', 'dataset_produces_2', 'dataset_produces_1', 'dataset_consumes_1', 'dataset_consumes_1_never_scheduled', 'consume_1_or_both_2_and_3_with_dataset_expressions' retrieved from /home/airflow/.local/lib/python3.12/site-packages/airflow/example_dags/example_datasets.py
[2024-09-03T16:51:34.391+0000] {logging_mixin.py:190} INFO - [2024-09-03T16:51:34.391+0000] {dag.py:3211} INFO - Sync 10 DAGs
[2024-09-03T16:51:34.427+0000] {logging_mixin.py:190} INFO - [2024-09-03T16:51:34.427+0000] {dag.py:4138} INFO - Setting next_dagrun for conditional_dataset_and_time_based_timetable to 2024-08-28 01:00:00+00:00, run_after=2024-08-28 01:00:00+00:00
[2024-09-03T16:51:34.430+0000] {logging_mixin.py:190} INFO - [2024-09-03T16:51:34.430+0000] {dag.py:4138} INFO - Setting next_dagrun for consume_1_and_2_with_dataset_expressions to None, run_after=None
[2024-09-03T16:51:34.432+0000] {logging_mixin.py:190} INFO - [2024-09-03T16:51:34.432+0000] {dag.py:4138} INFO - Setting next_dagrun for consume_1_or_2_with_dataset_expressions to None, run_after=None
[2024-09-03T16:51:34.433+0000] {logging_mixin.py:190} INFO - [2024-09-03T16:51:34.433+0000] {dag.py:4138} INFO - Setting next_dagrun for consume_1_or_both_2_and_3_with_dataset_expressions to None, run_after=None
[2024-09-03T16:51:34.434+0000] {logging_mixin.py:190} INFO - [2024-09-03T16:51:34.434+0000] {dag.py:4138} INFO - Setting next_dagrun for dataset_consumes_1 to None, run_after=None
[2024-09-03T16:51:34.435+0000] {logging_mixin.py:190} INFO - [2024-09-03T16:51:34.435+0000] {dag.py:4138} INFO - Setting next_dagrun for dataset_consumes_1_and_2 to None, run_after=None
[2024-09-03T16:51:34.436+0000] {logging_mixin.py:190} INFO - [2024-09-03T16:51:34.436+0000] {dag.py:4138} INFO - Setting next_dagrun for dataset_consumes_1_never_scheduled to None, run_after=None
[2024-09-03T16:51:34.437+0000] {logging_mixin.py:190} INFO - [2024-09-03T16:51:34.437+0000] {dag.py:4138} INFO - Setting next_dagrun for dataset_consumes_unknown_never_scheduled to None, run_after=None
[2024-09-03T16:51:34.439+0000] {logging_mixin.py:190} INFO - [2024-09-03T16:51:34.439+0000] {dag.py:4138} INFO - Setting next_dagrun for dataset_produces_1 to 2024-09-02 00:00:00+00:00, run_after=2024-09-03 00:00:00+00:00
[2024-09-03T16:51:34.440+0000] {logging_mixin.py:190} INFO - [2024-09-03T16:51:34.440+0000] {dag.py:4138} INFO - Setting next_dagrun for dataset_produces_2 to None, run_after=None
[2024-09-03T16:51:34.479+0000] {processor.py:208} INFO - Processing /home/airflow/.local/lib/python3.12/site-packages/airflow/example_dags/example_datasets.py took 0.586 seconds
[2024-09-03T16:52:04.766+0000] {processor.py:186} INFO - Started process (PID=341) to work on /home/airflow/.local/lib/python3.12/site-packages/airflow/example_dags/example_datasets.py
[2024-09-03T16:52:04.767+0000] {processor.py:914} INFO - Processing file /home/airflow/.local/lib/python3.12/site-packages/airflow/example_dags/example_datasets.py for tasks to queue
[2024-09-03T16:52:04.769+0000] {logging_mixin.py:190} INFO - [2024-09-03T16:52:04.769+0000] {dagbag.py:587} INFO - Filling up the DagBag from /home/airflow/.local/lib/python3.12/site-packages/airflow/example_dags/example_datasets.py
[2024-09-03T16:52:04.944+0000] {processor.py:925} INFO - DAG(s) 'consume_1_or_2_with_dataset_expressions', 'conditional_dataset_and_time_based_timetable', 'dataset_consumes_1_never_scheduled', 'dataset_produces_2', 'dataset_consumes_1', 'consume_1_or_both_2_and_3_with_dataset_expressions', 'dataset_produces_1', 'consume_1_and_2_with_dataset_expressions', 'dataset_consumes_1_and_2', 'dataset_consumes_unknown_never_scheduled' retrieved from /home/airflow/.local/lib/python3.12/site-packages/airflow/example_dags/example_datasets.py
[2024-09-03T16:52:04.969+0000] {logging_mixin.py:190} INFO - [2024-09-03T16:52:04.969+0000] {dag.py:3211} INFO - Sync 10 DAGs
[2024-09-03T16:52:04.983+0000] {logging_mixin.py:190} INFO - [2024-09-03T16:52:04.983+0000] {dag.py:4138} INFO - Setting next_dagrun for conditional_dataset_and_time_based_timetable to 2024-08-28 01:00:00+00:00, run_after=2024-08-28 01:00:00+00:00
[2024-09-03T16:52:04.985+0000] {logging_mixin.py:190} INFO - [2024-09-03T16:52:04.984+0000] {dag.py:4138} INFO - Setting next_dagrun for consume_1_and_2_with_dataset_expressions to None, run_after=None
[2024-09-03T16:52:04.985+0000] {logging_mixin.py:190} INFO - [2024-09-03T16:52:04.985+0000] {dag.py:4138} INFO - Setting next_dagrun for consume_1_or_2_with_dataset_expressions to None, run_after=None
[2024-09-03T16:52:04.986+0000] {logging_mixin.py:190} INFO - [2024-09-03T16:52:04.986+0000] {dag.py:4138} INFO - Setting next_dagrun for consume_1_or_both_2_and_3_with_dataset_expressions to None, run_after=None
[2024-09-03T16:52:04.986+0000] {logging_mixin.py:190} INFO - [2024-09-03T16:52:04.986+0000] {dag.py:4138} INFO - Setting next_dagrun for dataset_consumes_1 to None, run_after=None
[2024-09-03T16:52:04.987+0000] {logging_mixin.py:190} INFO - [2024-09-03T16:52:04.987+0000] {dag.py:4138} INFO - Setting next_dagrun for dataset_consumes_1_and_2 to None, run_after=None
[2024-09-03T16:52:04.988+0000] {logging_mixin.py:190} INFO - [2024-09-03T16:52:04.987+0000] {dag.py:4138} INFO - Setting next_dagrun for dataset_consumes_1_never_scheduled to None, run_after=None
[2024-09-03T16:52:04.988+0000] {logging_mixin.py:190} INFO - [2024-09-03T16:52:04.988+0000] {dag.py:4138} INFO - Setting next_dagrun for dataset_consumes_unknown_never_scheduled to None, run_after=None
[2024-09-03T16:52:04.989+0000] {logging_mixin.py:190} INFO - [2024-09-03T16:52:04.989+0000] {dag.py:4138} INFO - Setting next_dagrun for dataset_produces_1 to 2024-09-02 00:00:00+00:00, run_after=2024-09-03 00:00:00+00:00
[2024-09-03T16:52:04.990+0000] {logging_mixin.py:190} INFO - [2024-09-03T16:52:04.990+0000] {dag.py:4138} INFO - Setting next_dagrun for dataset_produces_2 to None, run_after=None
[2024-09-03T16:52:05.009+0000] {processor.py:208} INFO - Processing /home/airflow/.local/lib/python3.12/site-packages/airflow/example_dags/example_datasets.py took 0.248 seconds
[2024-09-03T16:52:35.136+0000] {processor.py:186} INFO - Started process (PID=403) to work on /home/airflow/.local/lib/python3.12/site-packages/airflow/example_dags/example_datasets.py
[2024-09-03T16:52:35.138+0000] {processor.py:914} INFO - Processing file /home/airflow/.local/lib/python3.12/site-packages/airflow/example_dags/example_datasets.py for tasks to queue
[2024-09-03T16:52:35.145+0000] {logging_mixin.py:190} INFO - [2024-09-03T16:52:35.144+0000] {dagbag.py:587} INFO - Filling up the DagBag from /home/airflow/.local/lib/python3.12/site-packages/airflow/example_dags/example_datasets.py
[2024-09-03T16:52:35.424+0000] {processor.py:925} INFO - DAG(s) 'dataset_consumes_1_and_2', 'dataset_consumes_1_never_scheduled', 'dataset_consumes_1', 'consume_1_or_2_with_dataset_expressions', 'consume_1_or_both_2_and_3_with_dataset_expressions', 'consume_1_and_2_with_dataset_expressions', 'dataset_produces_2', 'conditional_dataset_and_time_based_timetable', 'dataset_consumes_unknown_never_scheduled', 'dataset_produces_1' retrieved from /home/airflow/.local/lib/python3.12/site-packages/airflow/example_dags/example_datasets.py
[2024-09-03T16:52:35.475+0000] {logging_mixin.py:190} INFO - [2024-09-03T16:52:35.475+0000] {dag.py:3211} INFO - Sync 10 DAGs
[2024-09-03T16:52:35.501+0000] {logging_mixin.py:190} INFO - [2024-09-03T16:52:35.500+0000] {dag.py:4138} INFO - Setting next_dagrun for conditional_dataset_and_time_based_timetable to 2024-08-28 01:00:00+00:00, run_after=2024-08-28 01:00:00+00:00
[2024-09-03T16:52:35.504+0000] {logging_mixin.py:190} INFO - [2024-09-03T16:52:35.504+0000] {dag.py:4138} INFO - Setting next_dagrun for consume_1_and_2_with_dataset_expressions to None, run_after=None
[2024-09-03T16:52:35.506+0000] {logging_mixin.py:190} INFO - [2024-09-03T16:52:35.506+0000] {dag.py:4138} INFO - Setting next_dagrun for consume_1_or_2_with_dataset_expressions to None, run_after=None
[2024-09-03T16:52:35.507+0000] {logging_mixin.py:190} INFO - [2024-09-03T16:52:35.507+0000] {dag.py:4138} INFO - Setting next_dagrun for consume_1_or_both_2_and_3_with_dataset_expressions to None, run_after=None
[2024-09-03T16:52:35.508+0000] {logging_mixin.py:190} INFO - [2024-09-03T16:52:35.508+0000] {dag.py:4138} INFO - Setting next_dagrun for dataset_consumes_1 to None, run_after=None
[2024-09-03T16:52:35.509+0000] {logging_mixin.py:190} INFO - [2024-09-03T16:52:35.509+0000] {dag.py:4138} INFO - Setting next_dagrun for dataset_consumes_1_and_2 to None, run_after=None
[2024-09-03T16:52:35.510+0000] {logging_mixin.py:190} INFO - [2024-09-03T16:52:35.510+0000] {dag.py:4138} INFO - Setting next_dagrun for dataset_consumes_1_never_scheduled to None, run_after=None
[2024-09-03T16:52:35.511+0000] {logging_mixin.py:190} INFO - [2024-09-03T16:52:35.511+0000] {dag.py:4138} INFO - Setting next_dagrun for dataset_consumes_unknown_never_scheduled to None, run_after=None
[2024-09-03T16:52:35.512+0000] {logging_mixin.py:190} INFO - [2024-09-03T16:52:35.512+0000] {dag.py:4138} INFO - Setting next_dagrun for dataset_produces_1 to 2024-09-02 00:00:00+00:00, run_after=2024-09-03 00:00:00+00:00
[2024-09-03T16:52:35.513+0000] {logging_mixin.py:190} INFO - [2024-09-03T16:52:35.513+0000] {dag.py:4138} INFO - Setting next_dagrun for dataset_produces_2 to None, run_after=None
[2024-09-03T16:52:35.538+0000] {processor.py:208} INFO - Processing /home/airflow/.local/lib/python3.12/site-packages/airflow/example_dags/example_datasets.py took 0.409 seconds
[2024-09-03T16:53:06.128+0000] {processor.py:186} INFO - Started process (PID=467) to work on /home/airflow/.local/lib/python3.12/site-packages/airflow/example_dags/example_datasets.py
[2024-09-03T16:53:06.131+0000] {processor.py:914} INFO - Processing file /home/airflow/.local/lib/python3.12/site-packages/airflow/example_dags/example_datasets.py for tasks to queue
[2024-09-03T16:53:06.135+0000] {logging_mixin.py:190} INFO - [2024-09-03T16:53:06.134+0000] {dagbag.py:587} INFO - Filling up the DagBag from /home/airflow/.local/lib/python3.12/site-packages/airflow/example_dags/example_datasets.py
[2024-09-03T16:53:06.338+0000] {processor.py:925} INFO - DAG(s) 'dataset_produces_1', 'dataset_consumes_1_never_scheduled', 'consume_1_or_both_2_and_3_with_dataset_expressions', 'conditional_dataset_and_time_based_timetable', 'dataset_consumes_unknown_never_scheduled', 'consume_1_or_2_with_dataset_expressions', 'dataset_produces_2', 'dataset_consumes_1_and_2', 'dataset_consumes_1', 'consume_1_and_2_with_dataset_expressions' retrieved from /home/airflow/.local/lib/python3.12/site-packages/airflow/example_dags/example_datasets.py
[2024-09-03T16:53:06.503+0000] {logging_mixin.py:190} INFO - [2024-09-03T16:53:06.502+0000] {dag.py:3211} INFO - Sync 10 DAGs
[2024-09-03T16:53:06.533+0000] {logging_mixin.py:190} INFO - [2024-09-03T16:53:06.532+0000] {dag.py:4138} INFO - Setting next_dagrun for conditional_dataset_and_time_based_timetable to 2024-08-28 01:00:00+00:00, run_after=2024-08-28 01:00:00+00:00
[2024-09-03T16:53:06.536+0000] {logging_mixin.py:190} INFO - [2024-09-03T16:53:06.536+0000] {dag.py:4138} INFO - Setting next_dagrun for consume_1_and_2_with_dataset_expressions to None, run_after=None
[2024-09-03T16:53:06.538+0000] {logging_mixin.py:190} INFO - [2024-09-03T16:53:06.537+0000] {dag.py:4138} INFO - Setting next_dagrun for consume_1_or_2_with_dataset_expressions to None, run_after=None
[2024-09-03T16:53:06.539+0000] {logging_mixin.py:190} INFO - [2024-09-03T16:53:06.539+0000] {dag.py:4138} INFO - Setting next_dagrun for consume_1_or_both_2_and_3_with_dataset_expressions to None, run_after=None
[2024-09-03T16:53:06.542+0000] {logging_mixin.py:190} INFO - [2024-09-03T16:53:06.542+0000] {dag.py:4138} INFO - Setting next_dagrun for dataset_consumes_1 to None, run_after=None
[2024-09-03T16:53:06.547+0000] {logging_mixin.py:190} INFO - [2024-09-03T16:53:06.547+0000] {dag.py:4138} INFO - Setting next_dagrun for dataset_consumes_1_and_2 to None, run_after=None
[2024-09-03T16:53:06.551+0000] {logging_mixin.py:190} INFO - [2024-09-03T16:53:06.551+0000] {dag.py:4138} INFO - Setting next_dagrun for dataset_consumes_1_never_scheduled to None, run_after=None
[2024-09-03T16:53:06.555+0000] {logging_mixin.py:190} INFO - [2024-09-03T16:53:06.555+0000] {dag.py:4138} INFO - Setting next_dagrun for dataset_consumes_unknown_never_scheduled to None, run_after=None
[2024-09-03T16:53:06.559+0000] {logging_mixin.py:190} INFO - [2024-09-03T16:53:06.559+0000] {dag.py:4138} INFO - Setting next_dagrun for dataset_produces_1 to 2024-09-02 00:00:00+00:00, run_after=2024-09-03 00:00:00+00:00
[2024-09-03T16:53:06.562+0000] {logging_mixin.py:190} INFO - [2024-09-03T16:53:06.562+0000] {dag.py:4138} INFO - Setting next_dagrun for dataset_produces_2 to None, run_after=None
[2024-09-03T16:53:06.676+0000] {processor.py:208} INFO - Processing /home/airflow/.local/lib/python3.12/site-packages/airflow/example_dags/example_datasets.py took 0.559 seconds
[2024-09-03T16:53:37.321+0000] {processor.py:186} INFO - Started process (PID=531) to work on /home/airflow/.local/lib/python3.12/site-packages/airflow/example_dags/example_datasets.py
[2024-09-03T16:53:37.324+0000] {processor.py:914} INFO - Processing file /home/airflow/.local/lib/python3.12/site-packages/airflow/example_dags/example_datasets.py for tasks to queue
[2024-09-03T16:53:37.328+0000] {logging_mixin.py:190} INFO - [2024-09-03T16:53:37.328+0000] {dagbag.py:587} INFO - Filling up the DagBag from /home/airflow/.local/lib/python3.12/site-packages/airflow/example_dags/example_datasets.py
[2024-09-03T16:53:37.579+0000] {processor.py:925} INFO - DAG(s) 'dataset_produces_2', 'dataset_consumes_1_and_2', 'dataset_consumes_1_never_scheduled', 'conditional_dataset_and_time_based_timetable', 'dataset_produces_1', 'consume_1_or_both_2_and_3_with_dataset_expressions', 'consume_1_and_2_with_dataset_expressions', 'dataset_consumes_unknown_never_scheduled', 'dataset_consumes_1', 'consume_1_or_2_with_dataset_expressions' retrieved from /home/airflow/.local/lib/python3.12/site-packages/airflow/example_dags/example_datasets.py
[2024-09-03T16:53:37.627+0000] {logging_mixin.py:190} INFO - [2024-09-03T16:53:37.627+0000] {dag.py:3211} INFO - Sync 10 DAGs
[2024-09-03T16:53:37.648+0000] {logging_mixin.py:190} INFO - [2024-09-03T16:53:37.648+0000] {dag.py:4138} INFO - Setting next_dagrun for conditional_dataset_and_time_based_timetable to 2024-08-28 01:00:00+00:00, run_after=2024-08-28 01:00:00+00:00
[2024-09-03T16:53:37.650+0000] {logging_mixin.py:190} INFO - [2024-09-03T16:53:37.650+0000] {dag.py:4138} INFO - Setting next_dagrun for consume_1_and_2_with_dataset_expressions to None, run_after=None
[2024-09-03T16:53:37.651+0000] {logging_mixin.py:190} INFO - [2024-09-03T16:53:37.651+0000] {dag.py:4138} INFO - Setting next_dagrun for consume_1_or_2_with_dataset_expressions to None, run_after=None
[2024-09-03T16:53:37.652+0000] {logging_mixin.py:190} INFO - [2024-09-03T16:53:37.652+0000] {dag.py:4138} INFO - Setting next_dagrun for consume_1_or_both_2_and_3_with_dataset_expressions to None, run_after=None
[2024-09-03T16:53:37.657+0000] {logging_mixin.py:190} INFO - [2024-09-03T16:53:37.657+0000] {dag.py:4138} INFO - Setting next_dagrun for dataset_consumes_1 to None, run_after=None
[2024-09-03T16:53:37.661+0000] {logging_mixin.py:190} INFO - [2024-09-03T16:53:37.661+0000] {dag.py:4138} INFO - Setting next_dagrun for dataset_consumes_1_and_2 to None, run_after=None
[2024-09-03T16:53:37.668+0000] {logging_mixin.py:190} INFO - [2024-09-03T16:53:37.668+0000] {dag.py:4138} INFO - Setting next_dagrun for dataset_consumes_1_never_scheduled to None, run_after=None
[2024-09-03T16:53:37.669+0000] {logging_mixin.py:190} INFO - [2024-09-03T16:53:37.669+0000] {dag.py:4138} INFO - Setting next_dagrun for dataset_consumes_unknown_never_scheduled to None, run_after=None
[2024-09-03T16:53:37.671+0000] {logging_mixin.py:190} INFO - [2024-09-03T16:53:37.670+0000] {dag.py:4138} INFO - Setting next_dagrun for dataset_produces_1 to 2024-09-02 00:00:00+00:00, run_after=2024-09-03 00:00:00+00:00
[2024-09-03T16:53:37.673+0000] {logging_mixin.py:190} INFO - [2024-09-03T16:53:37.673+0000] {dag.py:4138} INFO - Setting next_dagrun for dataset_produces_2 to None, run_after=None
[2024-09-03T16:53:37.695+0000] {processor.py:208} INFO - Processing /home/airflow/.local/lib/python3.12/site-packages/airflow/example_dags/example_datasets.py took 0.398 seconds
[2024-09-03T16:54:08.540+0000] {processor.py:186} INFO - Started process (PID=595) to work on /home/airflow/.local/lib/python3.12/site-packages/airflow/example_dags/example_datasets.py
[2024-09-03T16:54:08.543+0000] {processor.py:914} INFO - Processing file /home/airflow/.local/lib/python3.12/site-packages/airflow/example_dags/example_datasets.py for tasks to queue
[2024-09-03T16:54:08.547+0000] {logging_mixin.py:190} INFO - [2024-09-03T16:54:08.547+0000] {dagbag.py:587} INFO - Filling up the DagBag from /home/airflow/.local/lib/python3.12/site-packages/airflow/example_dags/example_datasets.py
[2024-09-03T16:54:08.766+0000] {processor.py:925} INFO - DAG(s) 'consume_1_or_both_2_and_3_with_dataset_expressions', 'dataset_produces_1', 'dataset_produces_2', 'dataset_consumes_1_never_scheduled', 'dataset_consumes_1', 'dataset_consumes_unknown_never_scheduled', 'consume_1_or_2_with_dataset_expressions', 'conditional_dataset_and_time_based_timetable', 'dataset_consumes_1_and_2', 'consume_1_and_2_with_dataset_expressions' retrieved from /home/airflow/.local/lib/python3.12/site-packages/airflow/example_dags/example_datasets.py
[2024-09-03T16:54:08.799+0000] {logging_mixin.py:190} INFO - [2024-09-03T16:54:08.798+0000] {dag.py:3211} INFO - Sync 10 DAGs
[2024-09-03T16:54:08.818+0000] {logging_mixin.py:190} INFO - [2024-09-03T16:54:08.818+0000] {dag.py:4138} INFO - Setting next_dagrun for conditional_dataset_and_time_based_timetable to 2024-08-28 01:00:00+00:00, run_after=2024-08-28 01:00:00+00:00
[2024-09-03T16:54:08.821+0000] {logging_mixin.py:190} INFO - [2024-09-03T16:54:08.821+0000] {dag.py:4138} INFO - Setting next_dagrun for consume_1_and_2_with_dataset_expressions to None, run_after=None
[2024-09-03T16:54:08.822+0000] {logging_mixin.py:190} INFO - [2024-09-03T16:54:08.822+0000] {dag.py:4138} INFO - Setting next_dagrun for consume_1_or_2_with_dataset_expressions to None, run_after=None
[2024-09-03T16:54:08.823+0000] {logging_mixin.py:190} INFO - [2024-09-03T16:54:08.823+0000] {dag.py:4138} INFO - Setting next_dagrun for consume_1_or_both_2_and_3_with_dataset_expressions to None, run_after=None
[2024-09-03T16:54:08.824+0000] {logging_mixin.py:190} INFO - [2024-09-03T16:54:08.823+0000] {dag.py:4138} INFO - Setting next_dagrun for dataset_consumes_1 to None, run_after=None
[2024-09-03T16:54:08.824+0000] {logging_mixin.py:190} INFO - [2024-09-03T16:54:08.824+0000] {dag.py:4138} INFO - Setting next_dagrun for dataset_consumes_1_and_2 to None, run_after=None
[2024-09-03T16:54:08.825+0000] {logging_mixin.py:190} INFO - [2024-09-03T16:54:08.825+0000] {dag.py:4138} INFO - Setting next_dagrun for dataset_consumes_1_never_scheduled to None, run_after=None
[2024-09-03T16:54:08.825+0000] {logging_mixin.py:190} INFO - [2024-09-03T16:54:08.825+0000] {dag.py:4138} INFO - Setting next_dagrun for dataset_consumes_unknown_never_scheduled to None, run_after=None
[2024-09-03T16:54:08.826+0000] {logging_mixin.py:190} INFO - [2024-09-03T16:54:08.826+0000] {dag.py:4138} INFO - Setting next_dagrun for dataset_produces_1 to 2024-09-02 00:00:00+00:00, run_after=2024-09-03 00:00:00+00:00
[2024-09-03T16:54:08.827+0000] {logging_mixin.py:190} INFO - [2024-09-03T16:54:08.827+0000] {dag.py:4138} INFO - Setting next_dagrun for dataset_produces_2 to None, run_after=None
[2024-09-03T16:54:08.846+0000] {processor.py:208} INFO - Processing /home/airflow/.local/lib/python3.12/site-packages/airflow/example_dags/example_datasets.py took 0.333 seconds
[2024-09-03T16:54:39.162+0000] {processor.py:186} INFO - Started process (PID=658) to work on /home/airflow/.local/lib/python3.12/site-packages/airflow/example_dags/example_datasets.py
[2024-09-03T16:54:39.164+0000] {processor.py:914} INFO - Processing file /home/airflow/.local/lib/python3.12/site-packages/airflow/example_dags/example_datasets.py for tasks to queue
[2024-09-03T16:54:39.166+0000] {logging_mixin.py:190} INFO - [2024-09-03T16:54:39.166+0000] {dagbag.py:587} INFO - Filling up the DagBag from /home/airflow/.local/lib/python3.12/site-packages/airflow/example_dags/example_datasets.py
[2024-09-03T16:54:39.279+0000] {processor.py:925} INFO - DAG(s) 'dataset_consumes_1_never_scheduled', 'consume_1_and_2_with_dataset_expressions', 'dataset_consumes_1', 'consume_1_or_2_with_dataset_expressions', 'dataset_consumes_1_and_2', 'dataset_produces_2', 'consume_1_or_both_2_and_3_with_dataset_expressions', 'dataset_consumes_unknown_never_scheduled', 'conditional_dataset_and_time_based_timetable', 'dataset_produces_1' retrieved from /home/airflow/.local/lib/python3.12/site-packages/airflow/example_dags/example_datasets.py
[2024-09-03T16:54:39.311+0000] {logging_mixin.py:190} INFO - [2024-09-03T16:54:39.311+0000] {dag.py:3211} INFO - Sync 10 DAGs
[2024-09-03T16:54:39.335+0000] {logging_mixin.py:190} INFO - [2024-09-03T16:54:39.335+0000] {dag.py:4138} INFO - Setting next_dagrun for conditional_dataset_and_time_based_timetable to 2024-08-28 01:00:00+00:00, run_after=2024-08-28 01:00:00+00:00
[2024-09-03T16:54:39.338+0000] {logging_mixin.py:190} INFO - [2024-09-03T16:54:39.338+0000] {dag.py:4138} INFO - Setting next_dagrun for consume_1_and_2_with_dataset_expressions to None, run_after=None
[2024-09-03T16:54:39.339+0000] {logging_mixin.py:190} INFO - [2024-09-03T16:54:39.339+0000] {dag.py:4138} INFO - Setting next_dagrun for consume_1_or_2_with_dataset_expressions to None, run_after=None
[2024-09-03T16:54:39.340+0000] {logging_mixin.py:190} INFO - [2024-09-03T16:54:39.340+0000] {dag.py:4138} INFO - Setting next_dagrun for consume_1_or_both_2_and_3_with_dataset_expressions to None, run_after=None
[2024-09-03T16:54:39.341+0000] {logging_mixin.py:190} INFO - [2024-09-03T16:54:39.341+0000] {dag.py:4138} INFO - Setting next_dagrun for dataset_consumes_1 to None, run_after=None
[2024-09-03T16:54:39.342+0000] {logging_mixin.py:190} INFO - [2024-09-03T16:54:39.342+0000] {dag.py:4138} INFO - Setting next_dagrun for dataset_consumes_1_and_2 to None, run_after=None
[2024-09-03T16:54:39.343+0000] {logging_mixin.py:190} INFO - [2024-09-03T16:54:39.343+0000] {dag.py:4138} INFO - Setting next_dagrun for dataset_consumes_1_never_scheduled to None, run_after=None
[2024-09-03T16:54:39.344+0000] {logging_mixin.py:190} INFO - [2024-09-03T16:54:39.344+0000] {dag.py:4138} INFO - Setting next_dagrun for dataset_consumes_unknown_never_scheduled to None, run_after=None
[2024-09-03T16:54:39.346+0000] {logging_mixin.py:190} INFO - [2024-09-03T16:54:39.346+0000] {dag.py:4138} INFO - Setting next_dagrun for dataset_produces_1 to 2024-09-02 00:00:00+00:00, run_after=2024-09-03 00:00:00+00:00
[2024-09-03T16:54:39.347+0000] {logging_mixin.py:190} INFO - [2024-09-03T16:54:39.347+0000] {dag.py:4138} INFO - Setting next_dagrun for dataset_produces_2 to None, run_after=None
[2024-09-03T16:54:39.371+0000] {processor.py:208} INFO - Processing /home/airflow/.local/lib/python3.12/site-packages/airflow/example_dags/example_datasets.py took 0.214 seconds
[2024-09-03T16:55:09.774+0000] {processor.py:186} INFO - Started process (PID=721) to work on /home/airflow/.local/lib/python3.12/site-packages/airflow/example_dags/example_datasets.py
[2024-09-03T16:55:09.776+0000] {processor.py:914} INFO - Processing file /home/airflow/.local/lib/python3.12/site-packages/airflow/example_dags/example_datasets.py for tasks to queue
[2024-09-03T16:55:09.780+0000] {logging_mixin.py:190} INFO - [2024-09-03T16:55:09.779+0000] {dagbag.py:587} INFO - Filling up the DagBag from /home/airflow/.local/lib/python3.12/site-packages/airflow/example_dags/example_datasets.py
[2024-09-03T16:55:10.146+0000] {processor.py:925} INFO - DAG(s) 'conditional_dataset_and_time_based_timetable', 'dataset_produces_2', 'consume_1_or_both_2_and_3_with_dataset_expressions', 'dataset_consumes_unknown_never_scheduled', 'dataset_consumes_1', 'dataset_consumes_1_never_scheduled', 'consume_1_and_2_with_dataset_expressions', 'dataset_consumes_1_and_2', 'consume_1_or_2_with_dataset_expressions', 'dataset_produces_1' retrieved from /home/airflow/.local/lib/python3.12/site-packages/airflow/example_dags/example_datasets.py
[2024-09-03T16:55:10.248+0000] {logging_mixin.py:190} INFO - [2024-09-03T16:55:10.248+0000] {dag.py:3211} INFO - Sync 10 DAGs
[2024-09-03T16:55:10.289+0000] {logging_mixin.py:190} INFO - [2024-09-03T16:55:10.288+0000] {dag.py:4138} INFO - Setting next_dagrun for conditional_dataset_and_time_based_timetable to 2024-08-28 01:00:00+00:00, run_after=2024-08-28 01:00:00+00:00
[2024-09-03T16:55:10.292+0000] {logging_mixin.py:190} INFO - [2024-09-03T16:55:10.292+0000] {dag.py:4138} INFO - Setting next_dagrun for consume_1_and_2_with_dataset_expressions to None, run_after=None
[2024-09-03T16:55:10.294+0000] {logging_mixin.py:190} INFO - [2024-09-03T16:55:10.294+0000] {dag.py:4138} INFO - Setting next_dagrun for consume_1_or_2_with_dataset_expressions to None, run_after=None
[2024-09-03T16:55:10.295+0000] {logging_mixin.py:190} INFO - [2024-09-03T16:55:10.295+0000] {dag.py:4138} INFO - Setting next_dagrun for consume_1_or_both_2_and_3_with_dataset_expressions to None, run_after=None
[2024-09-03T16:55:10.296+0000] {logging_mixin.py:190} INFO - [2024-09-03T16:55:10.296+0000] {dag.py:4138} INFO - Setting next_dagrun for dataset_consumes_1 to None, run_after=None
[2024-09-03T16:55:10.297+0000] {logging_mixin.py:190} INFO - [2024-09-03T16:55:10.296+0000] {dag.py:4138} INFO - Setting next_dagrun for dataset_consumes_1_and_2 to None, run_after=None
[2024-09-03T16:55:10.297+0000] {logging_mixin.py:190} INFO - [2024-09-03T16:55:10.297+0000] {dag.py:4138} INFO - Setting next_dagrun for dataset_consumes_1_never_scheduled to None, run_after=None
[2024-09-03T16:55:10.298+0000] {logging_mixin.py:190} INFO - [2024-09-03T16:55:10.298+0000] {dag.py:4138} INFO - Setting next_dagrun for dataset_consumes_unknown_never_scheduled to None, run_after=None
[2024-09-03T16:55:10.300+0000] {logging_mixin.py:190} INFO - [2024-09-03T16:55:10.300+0000] {dag.py:4138} INFO - Setting next_dagrun for dataset_produces_1 to 2024-09-02 00:00:00+00:00, run_after=2024-09-03 00:00:00+00:00
[2024-09-03T16:55:10.301+0000] {logging_mixin.py:190} INFO - [2024-09-03T16:55:10.301+0000] {dag.py:4138} INFO - Setting next_dagrun for dataset_produces_2 to None, run_after=None
[2024-09-03T16:55:10.324+0000] {processor.py:208} INFO - Processing /home/airflow/.local/lib/python3.12/site-packages/airflow/example_dags/example_datasets.py took 0.556 seconds
[2024-09-03T16:55:40.407+0000] {processor.py:186} INFO - Started process (PID=784) to work on /home/airflow/.local/lib/python3.12/site-packages/airflow/example_dags/example_datasets.py
[2024-09-03T16:55:40.410+0000] {processor.py:914} INFO - Processing file /home/airflow/.local/lib/python3.12/site-packages/airflow/example_dags/example_datasets.py for tasks to queue
[2024-09-03T16:55:40.413+0000] {logging_mixin.py:190} INFO - [2024-09-03T16:55:40.413+0000] {dagbag.py:587} INFO - Filling up the DagBag from /home/airflow/.local/lib/python3.12/site-packages/airflow/example_dags/example_datasets.py
[2024-09-03T16:55:40.587+0000] {processor.py:925} INFO - DAG(s) 'dataset_consumes_1_never_scheduled', 'dataset_consumes_unknown_never_scheduled', 'consume_1_or_both_2_and_3_with_dataset_expressions', 'conditional_dataset_and_time_based_timetable', 'dataset_produces_2', 'consume_1_or_2_with_dataset_expressions', 'dataset_consumes_1', 'dataset_produces_1', 'dataset_consumes_1_and_2', 'consume_1_and_2_with_dataset_expressions' retrieved from /home/airflow/.local/lib/python3.12/site-packages/airflow/example_dags/example_datasets.py
[2024-09-03T16:55:40.615+0000] {logging_mixin.py:190} INFO - [2024-09-03T16:55:40.615+0000] {dag.py:3211} INFO - Sync 10 DAGs
[2024-09-03T16:55:40.631+0000] {logging_mixin.py:190} INFO - [2024-09-03T16:55:40.631+0000] {dag.py:4138} INFO - Setting next_dagrun for conditional_dataset_and_time_based_timetable to 2024-08-28 01:00:00+00:00, run_after=2024-08-28 01:00:00+00:00
[2024-09-03T16:55:40.633+0000] {logging_mixin.py:190} INFO - [2024-09-03T16:55:40.633+0000] {dag.py:4138} INFO - Setting next_dagrun for consume_1_and_2_with_dataset_expressions to None, run_after=None
[2024-09-03T16:55:40.635+0000] {logging_mixin.py:190} INFO - [2024-09-03T16:55:40.635+0000] {dag.py:4138} INFO - Setting next_dagrun for consume_1_or_2_with_dataset_expressions to None, run_after=None
[2024-09-03T16:55:40.636+0000] {logging_mixin.py:190} INFO - [2024-09-03T16:55:40.636+0000] {dag.py:4138} INFO - Setting next_dagrun for consume_1_or_both_2_and_3_with_dataset_expressions to None, run_after=None
[2024-09-03T16:55:40.637+0000] {logging_mixin.py:190} INFO - [2024-09-03T16:55:40.636+0000] {dag.py:4138} INFO - Setting next_dagrun for dataset_consumes_1 to None, run_after=None
[2024-09-03T16:55:40.637+0000] {logging_mixin.py:190} INFO - [2024-09-03T16:55:40.637+0000] {dag.py:4138} INFO - Setting next_dagrun for dataset_consumes_1_and_2 to None, run_after=None
[2024-09-03T16:55:40.638+0000] {logging_mixin.py:190} INFO - [2024-09-03T16:55:40.638+0000] {dag.py:4138} INFO - Setting next_dagrun for dataset_consumes_1_never_scheduled to None, run_after=None
[2024-09-03T16:55:40.639+0000] {logging_mixin.py:190} INFO - [2024-09-03T16:55:40.639+0000] {dag.py:4138} INFO - Setting next_dagrun for dataset_consumes_unknown_never_scheduled to None, run_after=None
[2024-09-03T16:55:40.640+0000] {logging_mixin.py:190} INFO - [2024-09-03T16:55:40.640+0000] {dag.py:4138} INFO - Setting next_dagrun for dataset_produces_1 to 2024-09-02 00:00:00+00:00, run_after=2024-09-03 00:00:00+00:00
[2024-09-03T16:55:40.641+0000] {logging_mixin.py:190} INFO - [2024-09-03T16:55:40.641+0000] {dag.py:4138} INFO - Setting next_dagrun for dataset_produces_2 to None, run_after=None
[2024-09-03T16:55:40.664+0000] {processor.py:208} INFO - Processing /home/airflow/.local/lib/python3.12/site-packages/airflow/example_dags/example_datasets.py took 0.264 seconds
[2024-09-03T16:56:10.865+0000] {processor.py:186} INFO - Started process (PID=849) to work on /home/airflow/.local/lib/python3.12/site-packages/airflow/example_dags/example_datasets.py
[2024-09-03T16:56:10.867+0000] {processor.py:914} INFO - Processing file /home/airflow/.local/lib/python3.12/site-packages/airflow/example_dags/example_datasets.py for tasks to queue
[2024-09-03T16:56:10.871+0000] {logging_mixin.py:190} INFO - [2024-09-03T16:56:10.871+0000] {dagbag.py:587} INFO - Filling up the DagBag from /home/airflow/.local/lib/python3.12/site-packages/airflow/example_dags/example_datasets.py
[2024-09-03T16:56:11.089+0000] {processor.py:925} INFO - DAG(s) 'dataset_produces_2', 'consume_1_and_2_with_dataset_expressions', 'dataset_consumes_1_never_scheduled', 'consume_1_or_2_with_dataset_expressions', 'dataset_consumes_unknown_never_scheduled', 'dataset_consumes_1', 'dataset_produces_1', 'dataset_consumes_1_and_2', 'consume_1_or_both_2_and_3_with_dataset_expressions', 'conditional_dataset_and_time_based_timetable' retrieved from /home/airflow/.local/lib/python3.12/site-packages/airflow/example_dags/example_datasets.py
[2024-09-03T16:56:11.128+0000] {logging_mixin.py:190} INFO - [2024-09-03T16:56:11.127+0000] {dag.py:3211} INFO - Sync 10 DAGs
[2024-09-03T16:56:11.148+0000] {logging_mixin.py:190} INFO - [2024-09-03T16:56:11.148+0000] {dag.py:4138} INFO - Setting next_dagrun for conditional_dataset_and_time_based_timetable to 2024-08-28 01:00:00+00:00, run_after=2024-08-28 01:00:00+00:00
[2024-09-03T16:56:11.150+0000] {logging_mixin.py:190} INFO - [2024-09-03T16:56:11.150+0000] {dag.py:4138} INFO - Setting next_dagrun for consume_1_and_2_with_dataset_expressions to None, run_after=None
[2024-09-03T16:56:11.151+0000] {logging_mixin.py:190} INFO - [2024-09-03T16:56:11.151+0000] {dag.py:4138} INFO - Setting next_dagrun for consume_1_or_2_with_dataset_expressions to None, run_after=None
[2024-09-03T16:56:11.152+0000] {logging_mixin.py:190} INFO - [2024-09-03T16:56:11.152+0000] {dag.py:4138} INFO - Setting next_dagrun for consume_1_or_both_2_and_3_with_dataset_expressions to None, run_after=None
[2024-09-03T16:56:11.154+0000] {logging_mixin.py:190} INFO - [2024-09-03T16:56:11.153+0000] {dag.py:4138} INFO - Setting next_dagrun for dataset_consumes_1 to None, run_after=None
[2024-09-03T16:56:11.155+0000] {logging_mixin.py:190} INFO - [2024-09-03T16:56:11.155+0000] {dag.py:4138} INFO - Setting next_dagrun for dataset_consumes_1_and_2 to None, run_after=None
[2024-09-03T16:56:11.157+0000] {logging_mixin.py:190} INFO - [2024-09-03T16:56:11.156+0000] {dag.py:4138} INFO - Setting next_dagrun for dataset_consumes_1_never_scheduled to None, run_after=None
[2024-09-03T16:56:11.160+0000] {logging_mixin.py:190} INFO - [2024-09-03T16:56:11.160+0000] {dag.py:4138} INFO - Setting next_dagrun for dataset_consumes_unknown_never_scheduled to None, run_after=None
[2024-09-03T16:56:11.162+0000] {logging_mixin.py:190} INFO - [2024-09-03T16:56:11.162+0000] {dag.py:4138} INFO - Setting next_dagrun for dataset_produces_1 to 2024-09-02 00:00:00+00:00, run_after=2024-09-03 00:00:00+00:00
[2024-09-03T16:56:11.164+0000] {logging_mixin.py:190} INFO - [2024-09-03T16:56:11.163+0000] {dag.py:4138} INFO - Setting next_dagrun for dataset_produces_2 to None, run_after=None
[2024-09-03T16:56:11.195+0000] {processor.py:208} INFO - Processing /home/airflow/.local/lib/python3.12/site-packages/airflow/example_dags/example_datasets.py took 0.339 seconds
[2024-09-03T16:56:41.369+0000] {processor.py:186} INFO - Started process (PID=910) to work on /home/airflow/.local/lib/python3.12/site-packages/airflow/example_dags/example_datasets.py
[2024-09-03T16:56:41.370+0000] {processor.py:914} INFO - Processing file /home/airflow/.local/lib/python3.12/site-packages/airflow/example_dags/example_datasets.py for tasks to queue
[2024-09-03T16:56:41.372+0000] {logging_mixin.py:190} INFO - [2024-09-03T16:56:41.372+0000] {dagbag.py:587} INFO - Filling up the DagBag from /home/airflow/.local/lib/python3.12/site-packages/airflow/example_dags/example_datasets.py
[2024-09-03T16:56:41.463+0000] {processor.py:925} INFO - DAG(s) 'dataset_consumes_1_and_2', 'dataset_consumes_1', 'consume_1_or_2_with_dataset_expressions', 'dataset_consumes_unknown_never_scheduled', 'dataset_produces_1', 'consume_1_or_both_2_and_3_with_dataset_expressions', 'dataset_produces_2', 'consume_1_and_2_with_dataset_expressions', 'conditional_dataset_and_time_based_timetable', 'dataset_consumes_1_never_scheduled' retrieved from /home/airflow/.local/lib/python3.12/site-packages/airflow/example_dags/example_datasets.py
[2024-09-03T16:56:41.487+0000] {logging_mixin.py:190} INFO - [2024-09-03T16:56:41.487+0000] {dag.py:3211} INFO - Sync 10 DAGs
[2024-09-03T16:56:41.501+0000] {logging_mixin.py:190} INFO - [2024-09-03T16:56:41.501+0000] {dag.py:4138} INFO - Setting next_dagrun for conditional_dataset_and_time_based_timetable to 2024-08-28 01:00:00+00:00, run_after=2024-08-28 01:00:00+00:00
[2024-09-03T16:56:41.503+0000] {logging_mixin.py:190} INFO - [2024-09-03T16:56:41.502+0000] {dag.py:4138} INFO - Setting next_dagrun for consume_1_and_2_with_dataset_expressions to None, run_after=None
[2024-09-03T16:56:41.503+0000] {logging_mixin.py:190} INFO - [2024-09-03T16:56:41.503+0000] {dag.py:4138} INFO - Setting next_dagrun for consume_1_or_2_with_dataset_expressions to None, run_after=None
[2024-09-03T16:56:41.504+0000] {logging_mixin.py:190} INFO - [2024-09-03T16:56:41.504+0000] {dag.py:4138} INFO - Setting next_dagrun for consume_1_or_both_2_and_3_with_dataset_expressions to None, run_after=None
[2024-09-03T16:56:41.505+0000] {logging_mixin.py:190} INFO - [2024-09-03T16:56:41.505+0000] {dag.py:4138} INFO - Setting next_dagrun for dataset_consumes_1 to None, run_after=None
[2024-09-03T16:56:41.506+0000] {logging_mixin.py:190} INFO - [2024-09-03T16:56:41.506+0000] {dag.py:4138} INFO - Setting next_dagrun for dataset_consumes_1_and_2 to None, run_after=None
[2024-09-03T16:56:41.506+0000] {logging_mixin.py:190} INFO - [2024-09-03T16:56:41.506+0000] {dag.py:4138} INFO - Setting next_dagrun for dataset_consumes_1_never_scheduled to None, run_after=None
[2024-09-03T16:56:41.507+0000] {logging_mixin.py:190} INFO - [2024-09-03T16:56:41.507+0000] {dag.py:4138} INFO - Setting next_dagrun for dataset_consumes_unknown_never_scheduled to None, run_after=None
[2024-09-03T16:56:41.508+0000] {logging_mixin.py:190} INFO - [2024-09-03T16:56:41.508+0000] {dag.py:4138} INFO - Setting next_dagrun for dataset_produces_1 to 2024-09-02 00:00:00+00:00, run_after=2024-09-03 00:00:00+00:00
[2024-09-03T16:56:41.508+0000] {logging_mixin.py:190} INFO - [2024-09-03T16:56:41.508+0000] {dag.py:4138} INFO - Setting next_dagrun for dataset_produces_2 to None, run_after=None
[2024-09-03T16:56:41.529+0000] {processor.py:208} INFO - Processing /home/airflow/.local/lib/python3.12/site-packages/airflow/example_dags/example_datasets.py took 0.165 seconds
[2024-09-03T16:57:11.836+0000] {processor.py:186} INFO - Started process (PID=974) to work on /home/airflow/.local/lib/python3.12/site-packages/airflow/example_dags/example_datasets.py
[2024-09-03T16:57:11.838+0000] {processor.py:914} INFO - Processing file /home/airflow/.local/lib/python3.12/site-packages/airflow/example_dags/example_datasets.py for tasks to queue
[2024-09-03T16:57:11.841+0000] {logging_mixin.py:190} INFO - [2024-09-03T16:57:11.841+0000] {dagbag.py:587} INFO - Filling up the DagBag from /home/airflow/.local/lib/python3.12/site-packages/airflow/example_dags/example_datasets.py
[2024-09-03T16:57:11.971+0000] {processor.py:925} INFO - DAG(s) 'consume_1_and_2_with_dataset_expressions', 'consume_1_or_both_2_and_3_with_dataset_expressions', 'conditional_dataset_and_time_based_timetable', 'dataset_consumes_1_and_2', 'consume_1_or_2_with_dataset_expressions', 'dataset_produces_2', 'dataset_produces_1', 'dataset_consumes_1_never_scheduled', 'dataset_consumes_1', 'dataset_consumes_unknown_never_scheduled' retrieved from /home/airflow/.local/lib/python3.12/site-packages/airflow/example_dags/example_datasets.py
[2024-09-03T16:57:12.047+0000] {logging_mixin.py:190} INFO - [2024-09-03T16:57:12.046+0000] {dag.py:3211} INFO - Sync 10 DAGs
[2024-09-03T16:57:12.089+0000] {logging_mixin.py:190} INFO - [2024-09-03T16:57:12.088+0000] {dag.py:4138} INFO - Setting next_dagrun for conditional_dataset_and_time_based_timetable to 2024-08-28 01:00:00+00:00, run_after=2024-08-28 01:00:00+00:00
[2024-09-03T16:57:12.095+0000] {logging_mixin.py:190} INFO - [2024-09-03T16:57:12.094+0000] {dag.py:4138} INFO - Setting next_dagrun for consume_1_and_2_with_dataset_expressions to None, run_after=None
[2024-09-03T16:57:12.097+0000] {logging_mixin.py:190} INFO - [2024-09-03T16:57:12.097+0000] {dag.py:4138} INFO - Setting next_dagrun for consume_1_or_2_with_dataset_expressions to None, run_after=None
[2024-09-03T16:57:12.098+0000] {logging_mixin.py:190} INFO - [2024-09-03T16:57:12.098+0000] {dag.py:4138} INFO - Setting next_dagrun for consume_1_or_both_2_and_3_with_dataset_expressions to None, run_after=None
[2024-09-03T16:57:12.100+0000] {logging_mixin.py:190} INFO - [2024-09-03T16:57:12.100+0000] {dag.py:4138} INFO - Setting next_dagrun for dataset_consumes_1 to None, run_after=None
[2024-09-03T16:57:12.102+0000] {logging_mixin.py:190} INFO - [2024-09-03T16:57:12.102+0000] {dag.py:4138} INFO - Setting next_dagrun for dataset_consumes_1_and_2 to None, run_after=None
[2024-09-03T16:57:12.105+0000] {logging_mixin.py:190} INFO - [2024-09-03T16:57:12.105+0000] {dag.py:4138} INFO - Setting next_dagrun for dataset_consumes_1_never_scheduled to None, run_after=None
[2024-09-03T16:57:12.107+0000] {logging_mixin.py:190} INFO - [2024-09-03T16:57:12.106+0000] {dag.py:4138} INFO - Setting next_dagrun for dataset_consumes_unknown_never_scheduled to None, run_after=None
[2024-09-03T16:57:12.109+0000] {logging_mixin.py:190} INFO - [2024-09-03T16:57:12.109+0000] {dag.py:4138} INFO - Setting next_dagrun for dataset_produces_1 to 2024-09-02 00:00:00+00:00, run_after=2024-09-03 00:00:00+00:00
[2024-09-03T16:57:12.110+0000] {logging_mixin.py:190} INFO - [2024-09-03T16:57:12.110+0000] {dag.py:4138} INFO - Setting next_dagrun for dataset_produces_2 to None, run_after=None
[2024-09-03T16:57:12.139+0000] {processor.py:208} INFO - Processing /home/airflow/.local/lib/python3.12/site-packages/airflow/example_dags/example_datasets.py took 0.311 seconds
[2024-09-03T16:57:42.345+0000] {processor.py:186} INFO - Started process (PID=1037) to work on /home/airflow/.local/lib/python3.12/site-packages/airflow/example_dags/example_datasets.py
[2024-09-03T16:57:42.346+0000] {processor.py:914} INFO - Processing file /home/airflow/.local/lib/python3.12/site-packages/airflow/example_dags/example_datasets.py for tasks to queue
[2024-09-03T16:57:42.347+0000] {logging_mixin.py:190} INFO - [2024-09-03T16:57:42.347+0000] {dagbag.py:587} INFO - Filling up the DagBag from /home/airflow/.local/lib/python3.12/site-packages/airflow/example_dags/example_datasets.py
[2024-09-03T16:57:42.474+0000] {processor.py:925} INFO - DAG(s) 'consume_1_and_2_with_dataset_expressions', 'dataset_produces_1', 'dataset_consumes_1', 'dataset_produces_2', 'consume_1_or_2_with_dataset_expressions', 'dataset_consumes_1_and_2', 'conditional_dataset_and_time_based_timetable', 'dataset_consumes_1_never_scheduled', 'dataset_consumes_unknown_never_scheduled', 'consume_1_or_both_2_and_3_with_dataset_expressions' retrieved from /home/airflow/.local/lib/python3.12/site-packages/airflow/example_dags/example_datasets.py
[2024-09-03T16:57:42.510+0000] {logging_mixin.py:190} INFO - [2024-09-03T16:57:42.510+0000] {dag.py:3211} INFO - Sync 10 DAGs
[2024-09-03T16:57:42.526+0000] {logging_mixin.py:190} INFO - [2024-09-03T16:57:42.526+0000] {dag.py:4138} INFO - Setting next_dagrun for conditional_dataset_and_time_based_timetable to 2024-08-28 01:00:00+00:00, run_after=2024-08-28 01:00:00+00:00
[2024-09-03T16:57:42.528+0000] {logging_mixin.py:190} INFO - [2024-09-03T16:57:42.528+0000] {dag.py:4138} INFO - Setting next_dagrun for consume_1_and_2_with_dataset_expressions to None, run_after=None
[2024-09-03T16:57:42.529+0000] {logging_mixin.py:190} INFO - [2024-09-03T16:57:42.529+0000] {dag.py:4138} INFO - Setting next_dagrun for consume_1_or_2_with_dataset_expressions to None, run_after=None
[2024-09-03T16:57:42.529+0000] {logging_mixin.py:190} INFO - [2024-09-03T16:57:42.529+0000] {dag.py:4138} INFO - Setting next_dagrun for consume_1_or_both_2_and_3_with_dataset_expressions to None, run_after=None
[2024-09-03T16:57:42.530+0000] {logging_mixin.py:190} INFO - [2024-09-03T16:57:42.530+0000] {dag.py:4138} INFO - Setting next_dagrun for dataset_consumes_1 to None, run_after=None
[2024-09-03T16:57:42.531+0000] {logging_mixin.py:190} INFO - [2024-09-03T16:57:42.531+0000] {dag.py:4138} INFO - Setting next_dagrun for dataset_consumes_1_and_2 to None, run_after=None
[2024-09-03T16:57:42.531+0000] {logging_mixin.py:190} INFO - [2024-09-03T16:57:42.531+0000] {dag.py:4138} INFO - Setting next_dagrun for dataset_consumes_1_never_scheduled to None, run_after=None
[2024-09-03T16:57:42.532+0000] {logging_mixin.py:190} INFO - [2024-09-03T16:57:42.532+0000] {dag.py:4138} INFO - Setting next_dagrun for dataset_consumes_unknown_never_scheduled to None, run_after=None
[2024-09-03T16:57:42.533+0000] {logging_mixin.py:190} INFO - [2024-09-03T16:57:42.533+0000] {dag.py:4138} INFO - Setting next_dagrun for dataset_produces_1 to 2024-09-02 00:00:00+00:00, run_after=2024-09-03 00:00:00+00:00
[2024-09-03T16:57:42.534+0000] {logging_mixin.py:190} INFO - [2024-09-03T16:57:42.534+0000] {dag.py:4138} INFO - Setting next_dagrun for dataset_produces_2 to None, run_after=None
[2024-09-03T16:57:42.551+0000] {processor.py:208} INFO - Processing /home/airflow/.local/lib/python3.12/site-packages/airflow/example_dags/example_datasets.py took 0.211 seconds
[2024-09-03T16:58:13.188+0000] {processor.py:186} INFO - Started process (PID=1100) to work on /home/airflow/.local/lib/python3.12/site-packages/airflow/example_dags/example_datasets.py
[2024-09-03T16:58:13.189+0000] {processor.py:914} INFO - Processing file /home/airflow/.local/lib/python3.12/site-packages/airflow/example_dags/example_datasets.py for tasks to queue
[2024-09-03T16:58:13.191+0000] {logging_mixin.py:190} INFO - [2024-09-03T16:58:13.191+0000] {dagbag.py:587} INFO - Filling up the DagBag from /home/airflow/.local/lib/python3.12/site-packages/airflow/example_dags/example_datasets.py
[2024-09-03T16:58:13.381+0000] {processor.py:925} INFO - DAG(s) 'dataset_consumes_unknown_never_scheduled', 'dataset_consumes_1_and_2', 'dataset_consumes_1', 'consume_1_and_2_with_dataset_expressions', 'consume_1_or_2_with_dataset_expressions', 'consume_1_or_both_2_and_3_with_dataset_expressions', 'dataset_produces_1', 'dataset_consumes_1_never_scheduled', 'dataset_produces_2', 'conditional_dataset_and_time_based_timetable' retrieved from /home/airflow/.local/lib/python3.12/site-packages/airflow/example_dags/example_datasets.py
[2024-09-03T16:58:13.442+0000] {logging_mixin.py:190} INFO - [2024-09-03T16:58:13.441+0000] {dag.py:3211} INFO - Sync 10 DAGs
[2024-09-03T16:58:13.462+0000] {logging_mixin.py:190} INFO - [2024-09-03T16:58:13.461+0000] {dag.py:4138} INFO - Setting next_dagrun for conditional_dataset_and_time_based_timetable to 2024-08-28 01:00:00+00:00, run_after=2024-08-28 01:00:00+00:00
[2024-09-03T16:58:13.464+0000] {logging_mixin.py:190} INFO - [2024-09-03T16:58:13.464+0000] {dag.py:4138} INFO - Setting next_dagrun for consume_1_and_2_with_dataset_expressions to None, run_after=None
[2024-09-03T16:58:13.465+0000] {logging_mixin.py:190} INFO - [2024-09-03T16:58:13.465+0000] {dag.py:4138} INFO - Setting next_dagrun for consume_1_or_2_with_dataset_expressions to None, run_after=None
[2024-09-03T16:58:13.466+0000] {logging_mixin.py:190} INFO - [2024-09-03T16:58:13.465+0000] {dag.py:4138} INFO - Setting next_dagrun for consume_1_or_both_2_and_3_with_dataset_expressions to None, run_after=None
[2024-09-03T16:58:13.466+0000] {logging_mixin.py:190} INFO - [2024-09-03T16:58:13.466+0000] {dag.py:4138} INFO - Setting next_dagrun for dataset_consumes_1 to None, run_after=None
[2024-09-03T16:58:13.467+0000] {logging_mixin.py:190} INFO - [2024-09-03T16:58:13.467+0000] {dag.py:4138} INFO - Setting next_dagrun for dataset_consumes_1_and_2 to None, run_after=None
[2024-09-03T16:58:13.468+0000] {logging_mixin.py:190} INFO - [2024-09-03T16:58:13.467+0000] {dag.py:4138} INFO - Setting next_dagrun for dataset_consumes_1_never_scheduled to None, run_after=None
[2024-09-03T16:58:13.468+0000] {logging_mixin.py:190} INFO - [2024-09-03T16:58:13.468+0000] {dag.py:4138} INFO - Setting next_dagrun for dataset_consumes_unknown_never_scheduled to None, run_after=None
[2024-09-03T16:58:13.469+0000] {logging_mixin.py:190} INFO - [2024-09-03T16:58:13.469+0000] {dag.py:4138} INFO - Setting next_dagrun for dataset_produces_1 to 2024-09-02 00:00:00+00:00, run_after=2024-09-03 00:00:00+00:00
[2024-09-03T16:58:13.470+0000] {logging_mixin.py:190} INFO - [2024-09-03T16:58:13.470+0000] {dag.py:4138} INFO - Setting next_dagrun for dataset_produces_2 to None, run_after=None
[2024-09-03T16:58:13.486+0000] {processor.py:208} INFO - Processing /home/airflow/.local/lib/python3.12/site-packages/airflow/example_dags/example_datasets.py took 0.305 seconds
