[2024-09-03T16:50:00.246+0000] {processor.py:186} INFO - Started process (PID=86) to work on /home/airflow/.local/lib/python3.12/site-packages/airflow/example_dags/example_branch_datetime_operator.py
[2024-09-03T16:50:00.248+0000] {processor.py:914} INFO - Processing file /home/airflow/.local/lib/python3.12/site-packages/airflow/example_dags/example_branch_datetime_operator.py for tasks to queue
[2024-09-03T16:50:00.252+0000] {logging_mixin.py:190} INFO - [2024-09-03T16:50:00.251+0000] {dagbag.py:587} INFO - Filling up the DagBag from /home/airflow/.local/lib/python3.12/site-packages/airflow/example_dags/example_branch_datetime_operator.py
[2024-09-03T16:50:00.283+0000] {processor.py:925} INFO - DAG(s) 'example_branch_datetime_operator', 'example_branch_datetime_operator_2', 'example_branch_datetime_operator_3' retrieved from /home/airflow/.local/lib/python3.12/site-packages/airflow/example_dags/example_branch_datetime_operator.py
[2024-09-03T16:50:00.612+0000] {logging_mixin.py:190} INFO - [2024-09-03T16:50:00.608+0000] {override.py:1858} INFO - Created Permission View: can delete on DAG:example_branch_datetime_operator
[2024-09-03T16:50:00.688+0000] {logging_mixin.py:190} INFO - [2024-09-03T16:50:00.688+0000] {override.py:1858} INFO - Created Permission View: can edit on DAG:example_branch_datetime_operator
[2024-09-03T16:50:00.695+0000] {logging_mixin.py:190} INFO - [2024-09-03T16:50:00.694+0000] {override.py:1858} INFO - Created Permission View: can read on DAG:example_branch_datetime_operator
[2024-09-03T16:50:00.717+0000] {logging_mixin.py:190} INFO - [2024-09-03T16:50:00.715+0000] {override.py:1858} INFO - Created Permission View: can delete on DAG:example_branch_datetime_operator_2
[2024-09-03T16:50:00.725+0000] {logging_mixin.py:190} INFO - [2024-09-03T16:50:00.725+0000] {override.py:1858} INFO - Created Permission View: can edit on DAG:example_branch_datetime_operator_2
[2024-09-03T16:50:00.734+0000] {logging_mixin.py:190} INFO - [2024-09-03T16:50:00.734+0000] {override.py:1858} INFO - Created Permission View: can read on DAG:example_branch_datetime_operator_2
[2024-09-03T16:50:00.745+0000] {logging_mixin.py:190} INFO - [2024-09-03T16:50:00.745+0000] {override.py:1858} INFO - Created Permission View: can delete on DAG:example_branch_datetime_operator_3
[2024-09-03T16:50:00.759+0000] {logging_mixin.py:190} INFO - [2024-09-03T16:50:00.758+0000] {override.py:1858} INFO - Created Permission View: can edit on DAG:example_branch_datetime_operator_3
[2024-09-03T16:50:00.768+0000] {logging_mixin.py:190} INFO - [2024-09-03T16:50:00.767+0000] {override.py:1858} INFO - Created Permission View: can read on DAG:example_branch_datetime_operator_3
[2024-09-03T16:50:00.769+0000] {logging_mixin.py:190} INFO - [2024-09-03T16:50:00.769+0000] {dag.py:3211} INFO - Sync 3 DAGs
[2024-09-03T16:50:00.811+0000] {logging_mixin.py:190} INFO - [2024-09-03T16:50:00.807+0000] {dag.py:3234} INFO - Creating ORM DAG for example_branch_datetime_operator_2
[2024-09-03T16:50:00.818+0000] {logging_mixin.py:190} INFO - [2024-09-03T16:50:00.817+0000] {dag.py:3234} INFO - Creating ORM DAG for example_branch_datetime_operator
[2024-09-03T16:50:00.828+0000] {logging_mixin.py:190} INFO - [2024-09-03T16:50:00.828+0000] {dag.py:3234} INFO - Creating ORM DAG for example_branch_datetime_operator_3
[2024-09-03T16:50:00.858+0000] {logging_mixin.py:190} INFO - [2024-09-03T16:50:00.858+0000] {dag.py:4138} INFO - Setting next_dagrun for example_branch_datetime_operator to 2024-09-02 00:00:00+00:00, run_after=2024-09-03 00:00:00+00:00
[2024-09-03T16:50:00.861+0000] {logging_mixin.py:190} INFO - [2024-09-03T16:50:00.860+0000] {dag.py:4138} INFO - Setting next_dagrun for example_branch_datetime_operator_2 to 2024-09-02 00:00:00+00:00, run_after=2024-09-03 00:00:00+00:00
[2024-09-03T16:50:00.864+0000] {logging_mixin.py:190} INFO - [2024-09-03T16:50:00.863+0000] {dag.py:4138} INFO - Setting next_dagrun for example_branch_datetime_operator_3 to 2024-09-02 00:00:00+00:00, run_after=2024-09-03 00:00:00+00:00
[2024-09-03T16:50:00.889+0000] {processor.py:208} INFO - Processing /home/airflow/.local/lib/python3.12/site-packages/airflow/example_dags/example_branch_datetime_operator.py took 0.654 seconds
[2024-09-03T16:50:31.036+0000] {processor.py:186} INFO - Started process (PID=149) to work on /home/airflow/.local/lib/python3.12/site-packages/airflow/example_dags/example_branch_datetime_operator.py
[2024-09-03T16:50:31.037+0000] {processor.py:914} INFO - Processing file /home/airflow/.local/lib/python3.12/site-packages/airflow/example_dags/example_branch_datetime_operator.py for tasks to queue
[2024-09-03T16:50:31.039+0000] {logging_mixin.py:190} INFO - [2024-09-03T16:50:31.038+0000] {dagbag.py:587} INFO - Filling up the DagBag from /home/airflow/.local/lib/python3.12/site-packages/airflow/example_dags/example_branch_datetime_operator.py
[2024-09-03T16:50:31.045+0000] {processor.py:925} INFO - DAG(s) 'example_branch_datetime_operator', 'example_branch_datetime_operator_2', 'example_branch_datetime_operator_3' retrieved from /home/airflow/.local/lib/python3.12/site-packages/airflow/example_dags/example_branch_datetime_operator.py
[2024-09-03T16:50:31.062+0000] {logging_mixin.py:190} INFO - [2024-09-03T16:50:31.062+0000] {dag.py:3211} INFO - Sync 3 DAGs
[2024-09-03T16:50:31.074+0000] {logging_mixin.py:190} INFO - [2024-09-03T16:50:31.074+0000] {dag.py:4138} INFO - Setting next_dagrun for example_branch_datetime_operator to 2024-09-02 00:00:00+00:00, run_after=2024-09-03 00:00:00+00:00
[2024-09-03T16:50:31.076+0000] {logging_mixin.py:190} INFO - [2024-09-03T16:50:31.076+0000] {dag.py:4138} INFO - Setting next_dagrun for example_branch_datetime_operator_2 to 2024-09-02 00:00:00+00:00, run_after=2024-09-03 00:00:00+00:00
[2024-09-03T16:50:31.077+0000] {logging_mixin.py:190} INFO - [2024-09-03T16:50:31.077+0000] {dag.py:4138} INFO - Setting next_dagrun for example_branch_datetime_operator_3 to 2024-09-02 00:00:00+00:00, run_after=2024-09-03 00:00:00+00:00
[2024-09-03T16:50:31.084+0000] {processor.py:208} INFO - Processing /home/airflow/.local/lib/python3.12/site-packages/airflow/example_dags/example_branch_datetime_operator.py took 0.052 seconds
[2024-09-03T16:51:01.950+0000] {processor.py:186} INFO - Started process (PID=212) to work on /home/airflow/.local/lib/python3.12/site-packages/airflow/example_dags/example_branch_datetime_operator.py
[2024-09-03T16:51:01.952+0000] {processor.py:914} INFO - Processing file /home/airflow/.local/lib/python3.12/site-packages/airflow/example_dags/example_branch_datetime_operator.py for tasks to queue
[2024-09-03T16:51:01.953+0000] {logging_mixin.py:190} INFO - [2024-09-03T16:51:01.953+0000] {dagbag.py:587} INFO - Filling up the DagBag from /home/airflow/.local/lib/python3.12/site-packages/airflow/example_dags/example_branch_datetime_operator.py
[2024-09-03T16:51:01.960+0000] {processor.py:925} INFO - DAG(s) 'example_branch_datetime_operator_3', 'example_branch_datetime_operator_2', 'example_branch_datetime_operator' retrieved from /home/airflow/.local/lib/python3.12/site-packages/airflow/example_dags/example_branch_datetime_operator.py
[2024-09-03T16:51:01.978+0000] {logging_mixin.py:190} INFO - [2024-09-03T16:51:01.978+0000] {dag.py:3211} INFO - Sync 3 DAGs
[2024-09-03T16:51:01.995+0000] {logging_mixin.py:190} INFO - [2024-09-03T16:51:01.994+0000] {dag.py:4138} INFO - Setting next_dagrun for example_branch_datetime_operator to 2024-09-02 00:00:00+00:00, run_after=2024-09-03 00:00:00+00:00
[2024-09-03T16:51:01.998+0000] {logging_mixin.py:190} INFO - [2024-09-03T16:51:01.998+0000] {dag.py:4138} INFO - Setting next_dagrun for example_branch_datetime_operator_2 to 2024-09-02 00:00:00+00:00, run_after=2024-09-03 00:00:00+00:00
[2024-09-03T16:51:01.999+0000] {logging_mixin.py:190} INFO - [2024-09-03T16:51:01.999+0000] {dag.py:4138} INFO - Setting next_dagrun for example_branch_datetime_operator_3 to 2024-09-02 00:00:00+00:00, run_after=2024-09-03 00:00:00+00:00
[2024-09-03T16:51:02.008+0000] {processor.py:208} INFO - Processing /home/airflow/.local/lib/python3.12/site-packages/airflow/example_dags/example_branch_datetime_operator.py took 0.063 seconds
[2024-09-03T16:51:32.765+0000] {processor.py:186} INFO - Started process (PID=275) to work on /home/airflow/.local/lib/python3.12/site-packages/airflow/example_dags/example_branch_datetime_operator.py
[2024-09-03T16:51:32.766+0000] {processor.py:914} INFO - Processing file /home/airflow/.local/lib/python3.12/site-packages/airflow/example_dags/example_branch_datetime_operator.py for tasks to queue
[2024-09-03T16:51:32.767+0000] {logging_mixin.py:190} INFO - [2024-09-03T16:51:32.767+0000] {dagbag.py:587} INFO - Filling up the DagBag from /home/airflow/.local/lib/python3.12/site-packages/airflow/example_dags/example_branch_datetime_operator.py
[2024-09-03T16:51:32.781+0000] {processor.py:925} INFO - DAG(s) 'example_branch_datetime_operator', 'example_branch_datetime_operator_3', 'example_branch_datetime_operator_2' retrieved from /home/airflow/.local/lib/python3.12/site-packages/airflow/example_dags/example_branch_datetime_operator.py
[2024-09-03T16:51:32.827+0000] {logging_mixin.py:190} INFO - [2024-09-03T16:51:32.827+0000] {dag.py:3211} INFO - Sync 3 DAGs
[2024-09-03T16:51:32.862+0000] {logging_mixin.py:190} INFO - [2024-09-03T16:51:32.861+0000] {dag.py:4138} INFO - Setting next_dagrun for example_branch_datetime_operator to 2024-09-02 00:00:00+00:00, run_after=2024-09-03 00:00:00+00:00
[2024-09-03T16:51:32.867+0000] {logging_mixin.py:190} INFO - [2024-09-03T16:51:32.866+0000] {dag.py:4138} INFO - Setting next_dagrun for example_branch_datetime_operator_2 to 2024-09-02 00:00:00+00:00, run_after=2024-09-03 00:00:00+00:00
[2024-09-03T16:51:32.868+0000] {logging_mixin.py:190} INFO - [2024-09-03T16:51:32.868+0000] {dag.py:4138} INFO - Setting next_dagrun for example_branch_datetime_operator_3 to 2024-09-02 00:00:00+00:00, run_after=2024-09-03 00:00:00+00:00
[2024-09-03T16:51:32.897+0000] {processor.py:208} INFO - Processing /home/airflow/.local/lib/python3.12/site-packages/airflow/example_dags/example_branch_datetime_operator.py took 0.136 seconds
[2024-09-03T16:52:03.428+0000] {processor.py:186} INFO - Started process (PID=338) to work on /home/airflow/.local/lib/python3.12/site-packages/airflow/example_dags/example_branch_datetime_operator.py
[2024-09-03T16:52:03.428+0000] {processor.py:914} INFO - Processing file /home/airflow/.local/lib/python3.12/site-packages/airflow/example_dags/example_branch_datetime_operator.py for tasks to queue
[2024-09-03T16:52:03.430+0000] {logging_mixin.py:190} INFO - [2024-09-03T16:52:03.430+0000] {dagbag.py:587} INFO - Filling up the DagBag from /home/airflow/.local/lib/python3.12/site-packages/airflow/example_dags/example_branch_datetime_operator.py
[2024-09-03T16:52:03.438+0000] {processor.py:925} INFO - DAG(s) 'example_branch_datetime_operator_3', 'example_branch_datetime_operator', 'example_branch_datetime_operator_2' retrieved from /home/airflow/.local/lib/python3.12/site-packages/airflow/example_dags/example_branch_datetime_operator.py
[2024-09-03T16:52:03.457+0000] {logging_mixin.py:190} INFO - [2024-09-03T16:52:03.457+0000] {dag.py:3211} INFO - Sync 3 DAGs
[2024-09-03T16:52:03.478+0000] {logging_mixin.py:190} INFO - [2024-09-03T16:52:03.478+0000] {dag.py:4138} INFO - Setting next_dagrun for example_branch_datetime_operator to 2024-09-02 00:00:00+00:00, run_after=2024-09-03 00:00:00+00:00
[2024-09-03T16:52:03.482+0000] {logging_mixin.py:190} INFO - [2024-09-03T16:52:03.482+0000] {dag.py:4138} INFO - Setting next_dagrun for example_branch_datetime_operator_2 to 2024-09-02 00:00:00+00:00, run_after=2024-09-03 00:00:00+00:00
[2024-09-03T16:52:03.484+0000] {logging_mixin.py:190} INFO - [2024-09-03T16:52:03.484+0000] {dag.py:4138} INFO - Setting next_dagrun for example_branch_datetime_operator_3 to 2024-09-02 00:00:00+00:00, run_after=2024-09-03 00:00:00+00:00
[2024-09-03T16:52:03.495+0000] {processor.py:208} INFO - Processing /home/airflow/.local/lib/python3.12/site-packages/airflow/example_dags/example_branch_datetime_operator.py took 0.072 seconds
[2024-09-03T16:52:34.050+0000] {processor.py:186} INFO - Started process (PID=401) to work on /home/airflow/.local/lib/python3.12/site-packages/airflow/example_dags/example_branch_datetime_operator.py
[2024-09-03T16:52:34.052+0000] {processor.py:914} INFO - Processing file /home/airflow/.local/lib/python3.12/site-packages/airflow/example_dags/example_branch_datetime_operator.py for tasks to queue
[2024-09-03T16:52:34.058+0000] {logging_mixin.py:190} INFO - [2024-09-03T16:52:34.057+0000] {dagbag.py:587} INFO - Filling up the DagBag from /home/airflow/.local/lib/python3.12/site-packages/airflow/example_dags/example_branch_datetime_operator.py
[2024-09-03T16:52:34.097+0000] {processor.py:925} INFO - DAG(s) 'example_branch_datetime_operator_2', 'example_branch_datetime_operator_3', 'example_branch_datetime_operator' retrieved from /home/airflow/.local/lib/python3.12/site-packages/airflow/example_dags/example_branch_datetime_operator.py
[2024-09-03T16:52:34.221+0000] {logging_mixin.py:190} INFO - [2024-09-03T16:52:34.220+0000] {dag.py:3211} INFO - Sync 3 DAGs
[2024-09-03T16:52:34.295+0000] {logging_mixin.py:190} INFO - [2024-09-03T16:52:34.294+0000] {dag.py:4138} INFO - Setting next_dagrun for example_branch_datetime_operator to 2024-09-02 00:00:00+00:00, run_after=2024-09-03 00:00:00+00:00
[2024-09-03T16:52:34.301+0000] {logging_mixin.py:190} INFO - [2024-09-03T16:52:34.301+0000] {dag.py:4138} INFO - Setting next_dagrun for example_branch_datetime_operator_2 to 2024-09-02 00:00:00+00:00, run_after=2024-09-03 00:00:00+00:00
[2024-09-03T16:52:34.314+0000] {logging_mixin.py:190} INFO - [2024-09-03T16:52:34.313+0000] {dag.py:4138} INFO - Setting next_dagrun for example_branch_datetime_operator_3 to 2024-09-02 00:00:00+00:00, run_after=2024-09-03 00:00:00+00:00
[2024-09-03T16:52:34.337+0000] {processor.py:208} INFO - Processing /home/airflow/.local/lib/python3.12/site-packages/airflow/example_dags/example_branch_datetime_operator.py took 0.298 seconds
[2024-09-03T16:53:04.916+0000] {processor.py:186} INFO - Started process (PID=464) to work on /home/airflow/.local/lib/python3.12/site-packages/airflow/example_dags/example_branch_datetime_operator.py
[2024-09-03T16:53:04.918+0000] {processor.py:914} INFO - Processing file /home/airflow/.local/lib/python3.12/site-packages/airflow/example_dags/example_branch_datetime_operator.py for tasks to queue
[2024-09-03T16:53:04.920+0000] {logging_mixin.py:190} INFO - [2024-09-03T16:53:04.920+0000] {dagbag.py:587} INFO - Filling up the DagBag from /home/airflow/.local/lib/python3.12/site-packages/airflow/example_dags/example_branch_datetime_operator.py
[2024-09-03T16:53:04.929+0000] {processor.py:925} INFO - DAG(s) 'example_branch_datetime_operator_3', 'example_branch_datetime_operator_2', 'example_branch_datetime_operator' retrieved from /home/airflow/.local/lib/python3.12/site-packages/airflow/example_dags/example_branch_datetime_operator.py
[2024-09-03T16:53:04.949+0000] {logging_mixin.py:190} INFO - [2024-09-03T16:53:04.949+0000] {dag.py:3211} INFO - Sync 3 DAGs
[2024-09-03T16:53:04.964+0000] {logging_mixin.py:190} INFO - [2024-09-03T16:53:04.964+0000] {dag.py:4138} INFO - Setting next_dagrun for example_branch_datetime_operator to 2024-09-02 00:00:00+00:00, run_after=2024-09-03 00:00:00+00:00
[2024-09-03T16:53:04.967+0000] {logging_mixin.py:190} INFO - [2024-09-03T16:53:04.967+0000] {dag.py:4138} INFO - Setting next_dagrun for example_branch_datetime_operator_2 to 2024-09-02 00:00:00+00:00, run_after=2024-09-03 00:00:00+00:00
[2024-09-03T16:53:04.968+0000] {logging_mixin.py:190} INFO - [2024-09-03T16:53:04.968+0000] {dag.py:4138} INFO - Setting next_dagrun for example_branch_datetime_operator_3 to 2024-09-02 00:00:00+00:00, run_after=2024-09-03 00:00:00+00:00
[2024-09-03T16:53:04.977+0000] {processor.py:208} INFO - Processing /home/airflow/.local/lib/python3.12/site-packages/airflow/example_dags/example_branch_datetime_operator.py took 0.066 seconds
[2024-09-03T16:53:36.100+0000] {processor.py:186} INFO - Started process (PID=528) to work on /home/airflow/.local/lib/python3.12/site-packages/airflow/example_dags/example_branch_datetime_operator.py
[2024-09-03T16:53:36.101+0000] {processor.py:914} INFO - Processing file /home/airflow/.local/lib/python3.12/site-packages/airflow/example_dags/example_branch_datetime_operator.py for tasks to queue
[2024-09-03T16:53:36.103+0000] {logging_mixin.py:190} INFO - [2024-09-03T16:53:36.103+0000] {dagbag.py:587} INFO - Filling up the DagBag from /home/airflow/.local/lib/python3.12/site-packages/airflow/example_dags/example_branch_datetime_operator.py
[2024-09-03T16:53:36.114+0000] {processor.py:925} INFO - DAG(s) 'example_branch_datetime_operator_2', 'example_branch_datetime_operator', 'example_branch_datetime_operator_3' retrieved from /home/airflow/.local/lib/python3.12/site-packages/airflow/example_dags/example_branch_datetime_operator.py
[2024-09-03T16:53:36.143+0000] {logging_mixin.py:190} INFO - [2024-09-03T16:53:36.143+0000] {dag.py:3211} INFO - Sync 3 DAGs
[2024-09-03T16:53:36.163+0000] {logging_mixin.py:190} INFO - [2024-09-03T16:53:36.163+0000] {dag.py:4138} INFO - Setting next_dagrun for example_branch_datetime_operator to 2024-09-02 00:00:00+00:00, run_after=2024-09-03 00:00:00+00:00
[2024-09-03T16:53:36.166+0000] {logging_mixin.py:190} INFO - [2024-09-03T16:53:36.166+0000] {dag.py:4138} INFO - Setting next_dagrun for example_branch_datetime_operator_2 to 2024-09-02 00:00:00+00:00, run_after=2024-09-03 00:00:00+00:00
[2024-09-03T16:53:36.168+0000] {logging_mixin.py:190} INFO - [2024-09-03T16:53:36.168+0000] {dag.py:4138} INFO - Setting next_dagrun for example_branch_datetime_operator_3 to 2024-09-02 00:00:00+00:00, run_after=2024-09-03 00:00:00+00:00
[2024-09-03T16:53:36.177+0000] {processor.py:208} INFO - Processing /home/airflow/.local/lib/python3.12/site-packages/airflow/example_dags/example_branch_datetime_operator.py took 0.081 seconds
[2024-09-03T16:54:07.330+0000] {processor.py:186} INFO - Started process (PID=592) to work on /home/airflow/.local/lib/python3.12/site-packages/airflow/example_dags/example_branch_datetime_operator.py
[2024-09-03T16:54:07.331+0000] {processor.py:914} INFO - Processing file /home/airflow/.local/lib/python3.12/site-packages/airflow/example_dags/example_branch_datetime_operator.py for tasks to queue
[2024-09-03T16:54:07.333+0000] {logging_mixin.py:190} INFO - [2024-09-03T16:54:07.332+0000] {dagbag.py:587} INFO - Filling up the DagBag from /home/airflow/.local/lib/python3.12/site-packages/airflow/example_dags/example_branch_datetime_operator.py
[2024-09-03T16:54:07.342+0000] {processor.py:925} INFO - DAG(s) 'example_branch_datetime_operator_3', 'example_branch_datetime_operator', 'example_branch_datetime_operator_2' retrieved from /home/airflow/.local/lib/python3.12/site-packages/airflow/example_dags/example_branch_datetime_operator.py
[2024-09-03T16:54:07.380+0000] {logging_mixin.py:190} INFO - [2024-09-03T16:54:07.380+0000] {dag.py:3211} INFO - Sync 3 DAGs
[2024-09-03T16:54:07.401+0000] {logging_mixin.py:190} INFO - [2024-09-03T16:54:07.401+0000] {dag.py:4138} INFO - Setting next_dagrun for example_branch_datetime_operator to 2024-09-02 00:00:00+00:00, run_after=2024-09-03 00:00:00+00:00
[2024-09-03T16:54:07.404+0000] {logging_mixin.py:190} INFO - [2024-09-03T16:54:07.404+0000] {dag.py:4138} INFO - Setting next_dagrun for example_branch_datetime_operator_2 to 2024-09-02 00:00:00+00:00, run_after=2024-09-03 00:00:00+00:00
[2024-09-03T16:54:07.406+0000] {logging_mixin.py:190} INFO - [2024-09-03T16:54:07.406+0000] {dag.py:4138} INFO - Setting next_dagrun for example_branch_datetime_operator_3 to 2024-09-02 00:00:00+00:00, run_after=2024-09-03 00:00:00+00:00
[2024-09-03T16:54:07.418+0000] {processor.py:208} INFO - Processing /home/airflow/.local/lib/python3.12/site-packages/airflow/example_dags/example_branch_datetime_operator.py took 0.092 seconds
[2024-09-03T16:54:38.024+0000] {processor.py:186} INFO - Started process (PID=655) to work on /home/airflow/.local/lib/python3.12/site-packages/airflow/example_dags/example_branch_datetime_operator.py
[2024-09-03T16:54:38.025+0000] {processor.py:914} INFO - Processing file /home/airflow/.local/lib/python3.12/site-packages/airflow/example_dags/example_branch_datetime_operator.py for tasks to queue
[2024-09-03T16:54:38.027+0000] {logging_mixin.py:190} INFO - [2024-09-03T16:54:38.027+0000] {dagbag.py:587} INFO - Filling up the DagBag from /home/airflow/.local/lib/python3.12/site-packages/airflow/example_dags/example_branch_datetime_operator.py
[2024-09-03T16:54:38.034+0000] {processor.py:925} INFO - DAG(s) 'example_branch_datetime_operator_3', 'example_branch_datetime_operator_2', 'example_branch_datetime_operator' retrieved from /home/airflow/.local/lib/python3.12/site-packages/airflow/example_dags/example_branch_datetime_operator.py
[2024-09-03T16:54:38.052+0000] {logging_mixin.py:190} INFO - [2024-09-03T16:54:38.052+0000] {dag.py:3211} INFO - Sync 3 DAGs
[2024-09-03T16:54:38.066+0000] {logging_mixin.py:190} INFO - [2024-09-03T16:54:38.066+0000] {dag.py:4138} INFO - Setting next_dagrun for example_branch_datetime_operator to 2024-09-02 00:00:00+00:00, run_after=2024-09-03 00:00:00+00:00
[2024-09-03T16:54:38.069+0000] {logging_mixin.py:190} INFO - [2024-09-03T16:54:38.069+0000] {dag.py:4138} INFO - Setting next_dagrun for example_branch_datetime_operator_2 to 2024-09-02 00:00:00+00:00, run_after=2024-09-03 00:00:00+00:00
[2024-09-03T16:54:38.070+0000] {logging_mixin.py:190} INFO - [2024-09-03T16:54:38.070+0000] {dag.py:4138} INFO - Setting next_dagrun for example_branch_datetime_operator_3 to 2024-09-02 00:00:00+00:00, run_after=2024-09-03 00:00:00+00:00
[2024-09-03T16:54:38.082+0000] {processor.py:208} INFO - Processing /home/airflow/.local/lib/python3.12/site-packages/airflow/example_dags/example_branch_datetime_operator.py took 0.062 seconds
[2024-09-03T16:55:08.631+0000] {processor.py:186} INFO - Started process (PID=718) to work on /home/airflow/.local/lib/python3.12/site-packages/airflow/example_dags/example_branch_datetime_operator.py
[2024-09-03T16:55:08.632+0000] {processor.py:914} INFO - Processing file /home/airflow/.local/lib/python3.12/site-packages/airflow/example_dags/example_branch_datetime_operator.py for tasks to queue
[2024-09-03T16:55:08.633+0000] {logging_mixin.py:190} INFO - [2024-09-03T16:55:08.633+0000] {dagbag.py:587} INFO - Filling up the DagBag from /home/airflow/.local/lib/python3.12/site-packages/airflow/example_dags/example_branch_datetime_operator.py
[2024-09-03T16:55:08.640+0000] {processor.py:925} INFO - DAG(s) 'example_branch_datetime_operator', 'example_branch_datetime_operator_3', 'example_branch_datetime_operator_2' retrieved from /home/airflow/.local/lib/python3.12/site-packages/airflow/example_dags/example_branch_datetime_operator.py
[2024-09-03T16:55:08.658+0000] {logging_mixin.py:190} INFO - [2024-09-03T16:55:08.658+0000] {dag.py:3211} INFO - Sync 3 DAGs
[2024-09-03T16:55:08.672+0000] {logging_mixin.py:190} INFO - [2024-09-03T16:55:08.671+0000] {dag.py:4138} INFO - Setting next_dagrun for example_branch_datetime_operator to 2024-09-02 00:00:00+00:00, run_after=2024-09-03 00:00:00+00:00
[2024-09-03T16:55:08.675+0000] {logging_mixin.py:190} INFO - [2024-09-03T16:55:08.674+0000] {dag.py:4138} INFO - Setting next_dagrun for example_branch_datetime_operator_2 to 2024-09-02 00:00:00+00:00, run_after=2024-09-03 00:00:00+00:00
[2024-09-03T16:55:08.676+0000] {logging_mixin.py:190} INFO - [2024-09-03T16:55:08.676+0000] {dag.py:4138} INFO - Setting next_dagrun for example_branch_datetime_operator_3 to 2024-09-02 00:00:00+00:00, run_after=2024-09-03 00:00:00+00:00
[2024-09-03T16:55:08.684+0000] {processor.py:208} INFO - Processing /home/airflow/.local/lib/python3.12/site-packages/airflow/example_dags/example_branch_datetime_operator.py took 0.057 seconds
[2024-09-03T16:55:39.052+0000] {processor.py:186} INFO - Started process (PID=781) to work on /home/airflow/.local/lib/python3.12/site-packages/airflow/example_dags/example_branch_datetime_operator.py
[2024-09-03T16:55:39.053+0000] {processor.py:914} INFO - Processing file /home/airflow/.local/lib/python3.12/site-packages/airflow/example_dags/example_branch_datetime_operator.py for tasks to queue
[2024-09-03T16:55:39.054+0000] {logging_mixin.py:190} INFO - [2024-09-03T16:55:39.054+0000] {dagbag.py:587} INFO - Filling up the DagBag from /home/airflow/.local/lib/python3.12/site-packages/airflow/example_dags/example_branch_datetime_operator.py
[2024-09-03T16:55:39.063+0000] {processor.py:925} INFO - DAG(s) 'example_branch_datetime_operator_3', 'example_branch_datetime_operator_2', 'example_branch_datetime_operator' retrieved from /home/airflow/.local/lib/python3.12/site-packages/airflow/example_dags/example_branch_datetime_operator.py
[2024-09-03T16:55:39.084+0000] {logging_mixin.py:190} INFO - [2024-09-03T16:55:39.083+0000] {dag.py:3211} INFO - Sync 3 DAGs
[2024-09-03T16:55:39.096+0000] {logging_mixin.py:190} INFO - [2024-09-03T16:55:39.096+0000] {dag.py:4138} INFO - Setting next_dagrun for example_branch_datetime_operator to 2024-09-02 00:00:00+00:00, run_after=2024-09-03 00:00:00+00:00
[2024-09-03T16:55:39.099+0000] {logging_mixin.py:190} INFO - [2024-09-03T16:55:39.098+0000] {dag.py:4138} INFO - Setting next_dagrun for example_branch_datetime_operator_2 to 2024-09-02 00:00:00+00:00, run_after=2024-09-03 00:00:00+00:00
[2024-09-03T16:55:39.100+0000] {logging_mixin.py:190} INFO - [2024-09-03T16:55:39.099+0000] {dag.py:4138} INFO - Setting next_dagrun for example_branch_datetime_operator_3 to 2024-09-02 00:00:00+00:00, run_after=2024-09-03 00:00:00+00:00
[2024-09-03T16:55:39.107+0000] {processor.py:208} INFO - Processing /home/airflow/.local/lib/python3.12/site-packages/airflow/example_dags/example_branch_datetime_operator.py took 0.058 seconds
[2024-09-03T16:56:10.359+0000] {processor.py:186} INFO - Started process (PID=844) to work on /home/airflow/.local/lib/python3.12/site-packages/airflow/example_dags/example_branch_datetime_operator.py
[2024-09-03T16:56:10.360+0000] {processor.py:914} INFO - Processing file /home/airflow/.local/lib/python3.12/site-packages/airflow/example_dags/example_branch_datetime_operator.py for tasks to queue
[2024-09-03T16:56:10.362+0000] {logging_mixin.py:190} INFO - [2024-09-03T16:56:10.362+0000] {dagbag.py:587} INFO - Filling up the DagBag from /home/airflow/.local/lib/python3.12/site-packages/airflow/example_dags/example_branch_datetime_operator.py
[2024-09-03T16:56:10.370+0000] {processor.py:925} INFO - DAG(s) 'example_branch_datetime_operator', 'example_branch_datetime_operator_2', 'example_branch_datetime_operator_3' retrieved from /home/airflow/.local/lib/python3.12/site-packages/airflow/example_dags/example_branch_datetime_operator.py
[2024-09-03T16:56:10.404+0000] {logging_mixin.py:190} INFO - [2024-09-03T16:56:10.404+0000] {dag.py:3211} INFO - Sync 3 DAGs
[2024-09-03T16:56:10.427+0000] {logging_mixin.py:190} INFO - [2024-09-03T16:56:10.427+0000] {dag.py:4138} INFO - Setting next_dagrun for example_branch_datetime_operator to 2024-09-02 00:00:00+00:00, run_after=2024-09-03 00:00:00+00:00
[2024-09-03T16:56:10.430+0000] {logging_mixin.py:190} INFO - [2024-09-03T16:56:10.430+0000] {dag.py:4138} INFO - Setting next_dagrun for example_branch_datetime_operator_2 to 2024-09-02 00:00:00+00:00, run_after=2024-09-03 00:00:00+00:00
[2024-09-03T16:56:10.431+0000] {logging_mixin.py:190} INFO - [2024-09-03T16:56:10.431+0000] {dag.py:4138} INFO - Setting next_dagrun for example_branch_datetime_operator_3 to 2024-09-02 00:00:00+00:00, run_after=2024-09-03 00:00:00+00:00
[2024-09-03T16:56:10.441+0000] {processor.py:208} INFO - Processing /home/airflow/.local/lib/python3.12/site-packages/airflow/example_dags/example_branch_datetime_operator.py took 0.087 seconds
[2024-09-03T16:56:41.191+0000] {processor.py:186} INFO - Started process (PID=907) to work on /home/airflow/.local/lib/python3.12/site-packages/airflow/example_dags/example_branch_datetime_operator.py
[2024-09-03T16:56:41.192+0000] {processor.py:914} INFO - Processing file /home/airflow/.local/lib/python3.12/site-packages/airflow/example_dags/example_branch_datetime_operator.py for tasks to queue
[2024-09-03T16:56:41.194+0000] {logging_mixin.py:190} INFO - [2024-09-03T16:56:41.194+0000] {dagbag.py:587} INFO - Filling up the DagBag from /home/airflow/.local/lib/python3.12/site-packages/airflow/example_dags/example_branch_datetime_operator.py
[2024-09-03T16:56:41.202+0000] {processor.py:925} INFO - DAG(s) 'example_branch_datetime_operator', 'example_branch_datetime_operator_3', 'example_branch_datetime_operator_2' retrieved from /home/airflow/.local/lib/python3.12/site-packages/airflow/example_dags/example_branch_datetime_operator.py
[2024-09-03T16:56:41.233+0000] {logging_mixin.py:190} INFO - [2024-09-03T16:56:41.233+0000] {dag.py:3211} INFO - Sync 3 DAGs
[2024-09-03T16:56:41.249+0000] {logging_mixin.py:190} INFO - [2024-09-03T16:56:41.249+0000] {dag.py:4138} INFO - Setting next_dagrun for example_branch_datetime_operator to 2024-09-02 00:00:00+00:00, run_after=2024-09-03 00:00:00+00:00
[2024-09-03T16:56:41.252+0000] {logging_mixin.py:190} INFO - [2024-09-03T16:56:41.252+0000] {dag.py:4138} INFO - Setting next_dagrun for example_branch_datetime_operator_2 to 2024-09-02 00:00:00+00:00, run_after=2024-09-03 00:00:00+00:00
[2024-09-03T16:56:41.253+0000] {logging_mixin.py:190} INFO - [2024-09-03T16:56:41.253+0000] {dag.py:4138} INFO - Setting next_dagrun for example_branch_datetime_operator_3 to 2024-09-02 00:00:00+00:00, run_after=2024-09-03 00:00:00+00:00
[2024-09-03T16:56:41.264+0000] {processor.py:208} INFO - Processing /home/airflow/.local/lib/python3.12/site-packages/airflow/example_dags/example_branch_datetime_operator.py took 0.077 seconds
[2024-09-03T16:57:11.698+0000] {processor.py:186} INFO - Started process (PID=972) to work on /home/airflow/.local/lib/python3.12/site-packages/airflow/example_dags/example_branch_datetime_operator.py
[2024-09-03T16:57:11.700+0000] {processor.py:914} INFO - Processing file /home/airflow/.local/lib/python3.12/site-packages/airflow/example_dags/example_branch_datetime_operator.py for tasks to queue
[2024-09-03T16:57:11.706+0000] {logging_mixin.py:190} INFO - [2024-09-03T16:57:11.706+0000] {dagbag.py:587} INFO - Filling up the DagBag from /home/airflow/.local/lib/python3.12/site-packages/airflow/example_dags/example_branch_datetime_operator.py
[2024-09-03T16:57:11.719+0000] {processor.py:925} INFO - DAG(s) 'example_branch_datetime_operator_3', 'example_branch_datetime_operator_2', 'example_branch_datetime_operator' retrieved from /home/airflow/.local/lib/python3.12/site-packages/airflow/example_dags/example_branch_datetime_operator.py
[2024-09-03T16:57:11.743+0000] {logging_mixin.py:190} INFO - [2024-09-03T16:57:11.743+0000] {dag.py:3211} INFO - Sync 3 DAGs
[2024-09-03T16:57:11.767+0000] {logging_mixin.py:190} INFO - [2024-09-03T16:57:11.767+0000] {dag.py:4138} INFO - Setting next_dagrun for example_branch_datetime_operator to 2024-09-02 00:00:00+00:00, run_after=2024-09-03 00:00:00+00:00
[2024-09-03T16:57:11.771+0000] {logging_mixin.py:190} INFO - [2024-09-03T16:57:11.771+0000] {dag.py:4138} INFO - Setting next_dagrun for example_branch_datetime_operator_2 to 2024-09-02 00:00:00+00:00, run_after=2024-09-03 00:00:00+00:00
[2024-09-03T16:57:11.777+0000] {logging_mixin.py:190} INFO - [2024-09-03T16:57:11.777+0000] {dag.py:4138} INFO - Setting next_dagrun for example_branch_datetime_operator_3 to 2024-09-02 00:00:00+00:00, run_after=2024-09-03 00:00:00+00:00
[2024-09-03T16:57:11.796+0000] {processor.py:208} INFO - Processing /home/airflow/.local/lib/python3.12/site-packages/airflow/example_dags/example_branch_datetime_operator.py took 0.106 seconds
[2024-09-03T16:57:42.260+0000] {processor.py:186} INFO - Started process (PID=1035) to work on /home/airflow/.local/lib/python3.12/site-packages/airflow/example_dags/example_branch_datetime_operator.py
[2024-09-03T16:57:42.261+0000] {processor.py:914} INFO - Processing file /home/airflow/.local/lib/python3.12/site-packages/airflow/example_dags/example_branch_datetime_operator.py for tasks to queue
[2024-09-03T16:57:42.262+0000] {logging_mixin.py:190} INFO - [2024-09-03T16:57:42.262+0000] {dagbag.py:587} INFO - Filling up the DagBag from /home/airflow/.local/lib/python3.12/site-packages/airflow/example_dags/example_branch_datetime_operator.py
[2024-09-03T16:57:42.269+0000] {processor.py:925} INFO - DAG(s) 'example_branch_datetime_operator_3', 'example_branch_datetime_operator', 'example_branch_datetime_operator_2' retrieved from /home/airflow/.local/lib/python3.12/site-packages/airflow/example_dags/example_branch_datetime_operator.py
[2024-09-03T16:57:42.288+0000] {logging_mixin.py:190} INFO - [2024-09-03T16:57:42.288+0000] {dag.py:3211} INFO - Sync 3 DAGs
[2024-09-03T16:57:42.302+0000] {logging_mixin.py:190} INFO - [2024-09-03T16:57:42.302+0000] {dag.py:4138} INFO - Setting next_dagrun for example_branch_datetime_operator to 2024-09-02 00:00:00+00:00, run_after=2024-09-03 00:00:00+00:00
[2024-09-03T16:57:42.305+0000] {logging_mixin.py:190} INFO - [2024-09-03T16:57:42.305+0000] {dag.py:4138} INFO - Setting next_dagrun for example_branch_datetime_operator_2 to 2024-09-02 00:00:00+00:00, run_after=2024-09-03 00:00:00+00:00
[2024-09-03T16:57:42.306+0000] {logging_mixin.py:190} INFO - [2024-09-03T16:57:42.306+0000] {dag.py:4138} INFO - Setting next_dagrun for example_branch_datetime_operator_3 to 2024-09-02 00:00:00+00:00, run_after=2024-09-03 00:00:00+00:00
[2024-09-03T16:57:42.316+0000] {processor.py:208} INFO - Processing /home/airflow/.local/lib/python3.12/site-packages/airflow/example_dags/example_branch_datetime_operator.py took 0.060 seconds
[2024-09-03T16:58:13.052+0000] {processor.py:186} INFO - Started process (PID=1098) to work on /home/airflow/.local/lib/python3.12/site-packages/airflow/example_dags/example_branch_datetime_operator.py
[2024-09-03T16:58:13.053+0000] {processor.py:914} INFO - Processing file /home/airflow/.local/lib/python3.12/site-packages/airflow/example_dags/example_branch_datetime_operator.py for tasks to queue
[2024-09-03T16:58:13.055+0000] {logging_mixin.py:190} INFO - [2024-09-03T16:58:13.055+0000] {dagbag.py:587} INFO - Filling up the DagBag from /home/airflow/.local/lib/python3.12/site-packages/airflow/example_dags/example_branch_datetime_operator.py
[2024-09-03T16:58:13.064+0000] {processor.py:925} INFO - DAG(s) 'example_branch_datetime_operator_3', 'example_branch_datetime_operator_2', 'example_branch_datetime_operator' retrieved from /home/airflow/.local/lib/python3.12/site-packages/airflow/example_dags/example_branch_datetime_operator.py
[2024-09-03T16:58:13.084+0000] {logging_mixin.py:190} INFO - [2024-09-03T16:58:13.084+0000] {dag.py:3211} INFO - Sync 3 DAGs
[2024-09-03T16:58:13.101+0000] {logging_mixin.py:190} INFO - [2024-09-03T16:58:13.101+0000] {dag.py:4138} INFO - Setting next_dagrun for example_branch_datetime_operator to 2024-09-02 00:00:00+00:00, run_after=2024-09-03 00:00:00+00:00
[2024-09-03T16:58:13.106+0000] {logging_mixin.py:190} INFO - [2024-09-03T16:58:13.106+0000] {dag.py:4138} INFO - Setting next_dagrun for example_branch_datetime_operator_2 to 2024-09-02 00:00:00+00:00, run_after=2024-09-03 00:00:00+00:00
[2024-09-03T16:58:13.109+0000] {logging_mixin.py:190} INFO - [2024-09-03T16:58:13.108+0000] {dag.py:4138} INFO - Setting next_dagrun for example_branch_datetime_operator_3 to 2024-09-02 00:00:00+00:00, run_after=2024-09-03 00:00:00+00:00
[2024-09-03T16:58:13.139+0000] {processor.py:208} INFO - Processing /home/airflow/.local/lib/python3.12/site-packages/airflow/example_dags/example_branch_datetime_operator.py took 0.091 seconds
