[2024-09-03T16:49:49.844+0000] {processor.py:186} INFO - Started process (PID=67) to work on /home/airflow/.local/lib/python3.12/site-packages/airflow/example_dags/example_sensor_decorator.py
[2024-09-03T16:49:49.857+0000] {processor.py:914} INFO - Processing file /home/airflow/.local/lib/python3.12/site-packages/airflow/example_dags/example_sensor_decorator.py for tasks to queue
[2024-09-03T16:49:49.879+0000] {logging_mixin.py:190} INFO - [2024-09-03T16:49:49.878+0000] {dagbag.py:587} INFO - Filling up the DagBag from /home/airflow/.local/lib/python3.12/site-packages/airflow/example_dags/example_sensor_decorator.py
[2024-09-03T16:49:49.962+0000] {processor.py:925} INFO - DAG(s) 'example_sensor_decorator' retrieved from /home/airflow/.local/lib/python3.12/site-packages/airflow/example_dags/example_sensor_decorator.py
[2024-09-03T16:49:50.294+0000] {logging_mixin.py:190} INFO - [2024-09-03T16:49:50.293+0000] {override.py:1858} INFO - Created Permission View: can delete on DAG:example_sensor_decorator
[2024-09-03T16:49:50.314+0000] {logging_mixin.py:190} INFO - [2024-09-03T16:49:50.314+0000] {override.py:1858} INFO - Created Permission View: can edit on DAG:example_sensor_decorator
[2024-09-03T16:49:50.320+0000] {logging_mixin.py:190} INFO - [2024-09-03T16:49:50.319+0000] {override.py:1858} INFO - Created Permission View: can read on DAG:example_sensor_decorator
[2024-09-03T16:49:50.322+0000] {logging_mixin.py:190} INFO - [2024-09-03T16:49:50.322+0000] {dag.py:3211} INFO - Sync 1 DAGs
[2024-09-03T16:49:50.356+0000] {logging_mixin.py:190} INFO - [2024-09-03T16:49:50.355+0000] {dag.py:3234} INFO - Creating ORM DAG for example_sensor_decorator
[2024-09-03T16:49:50.357+0000] {logging_mixin.py:190} INFO - [2024-09-03T16:49:50.357+0000] {dag.py:4138} INFO - Setting next_dagrun for example_sensor_decorator to None, run_after=None
[2024-09-03T16:49:50.404+0000] {processor.py:208} INFO - Processing /home/airflow/.local/lib/python3.12/site-packages/airflow/example_dags/example_sensor_decorator.py took 0.626 seconds
[2024-09-03T16:50:20.919+0000] {processor.py:186} INFO - Started process (PID=130) to work on /home/airflow/.local/lib/python3.12/site-packages/airflow/example_dags/example_sensor_decorator.py
[2024-09-03T16:50:20.920+0000] {processor.py:914} INFO - Processing file /home/airflow/.local/lib/python3.12/site-packages/airflow/example_dags/example_sensor_decorator.py for tasks to queue
[2024-09-03T16:50:20.926+0000] {logging_mixin.py:190} INFO - [2024-09-03T16:50:20.926+0000] {dagbag.py:587} INFO - Filling up the DagBag from /home/airflow/.local/lib/python3.12/site-packages/airflow/example_dags/example_sensor_decorator.py
[2024-09-03T16:50:20.954+0000] {processor.py:925} INFO - DAG(s) 'example_sensor_decorator' retrieved from /home/airflow/.local/lib/python3.12/site-packages/airflow/example_dags/example_sensor_decorator.py
[2024-09-03T16:50:21.001+0000] {logging_mixin.py:190} INFO - [2024-09-03T16:50:21.001+0000] {dag.py:3211} INFO - Sync 1 DAGs
[2024-09-03T16:50:21.016+0000] {logging_mixin.py:190} INFO - [2024-09-03T16:50:21.016+0000] {dag.py:4138} INFO - Setting next_dagrun for example_sensor_decorator to None, run_after=None
[2024-09-03T16:50:21.039+0000] {processor.py:208} INFO - Processing /home/airflow/.local/lib/python3.12/site-packages/airflow/example_dags/example_sensor_decorator.py took 0.126 seconds
[2024-09-03T16:50:51.644+0000] {processor.py:186} INFO - Started process (PID=193) to work on /home/airflow/.local/lib/python3.12/site-packages/airflow/example_dags/example_sensor_decorator.py
[2024-09-03T16:50:51.645+0000] {processor.py:914} INFO - Processing file /home/airflow/.local/lib/python3.12/site-packages/airflow/example_dags/example_sensor_decorator.py for tasks to queue
[2024-09-03T16:50:51.648+0000] {logging_mixin.py:190} INFO - [2024-09-03T16:50:51.647+0000] {dagbag.py:587} INFO - Filling up the DagBag from /home/airflow/.local/lib/python3.12/site-packages/airflow/example_dags/example_sensor_decorator.py
[2024-09-03T16:50:51.659+0000] {processor.py:925} INFO - DAG(s) 'example_sensor_decorator' retrieved from /home/airflow/.local/lib/python3.12/site-packages/airflow/example_dags/example_sensor_decorator.py
[2024-09-03T16:50:51.682+0000] {logging_mixin.py:190} INFO - [2024-09-03T16:50:51.682+0000] {dag.py:3211} INFO - Sync 1 DAGs
[2024-09-03T16:50:51.696+0000] {logging_mixin.py:190} INFO - [2024-09-03T16:50:51.695+0000] {dag.py:4138} INFO - Setting next_dagrun for example_sensor_decorator to None, run_after=None
[2024-09-03T16:50:51.708+0000] {processor.py:208} INFO - Processing /home/airflow/.local/lib/python3.12/site-packages/airflow/example_dags/example_sensor_decorator.py took 0.071 seconds
[2024-09-03T16:51:21.967+0000] {processor.py:186} INFO - Started process (PID=256) to work on /home/airflow/.local/lib/python3.12/site-packages/airflow/example_dags/example_sensor_decorator.py
[2024-09-03T16:51:21.968+0000] {processor.py:914} INFO - Processing file /home/airflow/.local/lib/python3.12/site-packages/airflow/example_dags/example_sensor_decorator.py for tasks to queue
[2024-09-03T16:51:21.972+0000] {logging_mixin.py:190} INFO - [2024-09-03T16:51:21.971+0000] {dagbag.py:587} INFO - Filling up the DagBag from /home/airflow/.local/lib/python3.12/site-packages/airflow/example_dags/example_sensor_decorator.py
[2024-09-03T16:51:21.981+0000] {processor.py:925} INFO - DAG(s) 'example_sensor_decorator' retrieved from /home/airflow/.local/lib/python3.12/site-packages/airflow/example_dags/example_sensor_decorator.py
[2024-09-03T16:51:22.004+0000] {logging_mixin.py:190} INFO - [2024-09-03T16:51:22.004+0000] {dag.py:3211} INFO - Sync 1 DAGs
[2024-09-03T16:51:22.018+0000] {logging_mixin.py:190} INFO - [2024-09-03T16:51:22.017+0000] {dag.py:4138} INFO - Setting next_dagrun for example_sensor_decorator to None, run_after=None
[2024-09-03T16:51:22.031+0000] {processor.py:208} INFO - Processing /home/airflow/.local/lib/python3.12/site-packages/airflow/example_dags/example_sensor_decorator.py took 0.074 seconds
[2024-09-03T16:51:53.564+0000] {processor.py:186} INFO - Started process (PID=319) to work on /home/airflow/.local/lib/python3.12/site-packages/airflow/example_dags/example_sensor_decorator.py
[2024-09-03T16:51:53.567+0000] {processor.py:914} INFO - Processing file /home/airflow/.local/lib/python3.12/site-packages/airflow/example_dags/example_sensor_decorator.py for tasks to queue
[2024-09-03T16:51:53.578+0000] {logging_mixin.py:190} INFO - [2024-09-03T16:51:53.573+0000] {dagbag.py:587} INFO - Filling up the DagBag from /home/airflow/.local/lib/python3.12/site-packages/airflow/example_dags/example_sensor_decorator.py
[2024-09-03T16:51:53.619+0000] {processor.py:925} INFO - DAG(s) 'example_sensor_decorator' retrieved from /home/airflow/.local/lib/python3.12/site-packages/airflow/example_dags/example_sensor_decorator.py
[2024-09-03T16:51:54.103+0000] {logging_mixin.py:190} INFO - [2024-09-03T16:51:54.069+0000] {dag.py:3211} INFO - Sync 1 DAGs
[2024-09-03T16:51:54.603+0000] {logging_mixin.py:190} INFO - [2024-09-03T16:51:54.602+0000] {dag.py:4138} INFO - Setting next_dagrun for example_sensor_decorator to None, run_after=None
[2024-09-03T16:51:54.893+0000] {processor.py:208} INFO - Processing /home/airflow/.local/lib/python3.12/site-packages/airflow/example_dags/example_sensor_decorator.py took 1.378 seconds
[2024-09-03T16:52:25.972+0000] {processor.py:186} INFO - Started process (PID=383) to work on /home/airflow/.local/lib/python3.12/site-packages/airflow/example_dags/example_sensor_decorator.py
[2024-09-03T16:52:25.996+0000] {processor.py:914} INFO - Processing file /home/airflow/.local/lib/python3.12/site-packages/airflow/example_dags/example_sensor_decorator.py for tasks to queue
[2024-09-03T16:52:26.008+0000] {logging_mixin.py:190} INFO - [2024-09-03T16:52:26.007+0000] {dagbag.py:587} INFO - Filling up the DagBag from /home/airflow/.local/lib/python3.12/site-packages/airflow/example_dags/example_sensor_decorator.py
[2024-09-03T16:52:26.075+0000] {processor.py:925} INFO - DAG(s) 'example_sensor_decorator' retrieved from /home/airflow/.local/lib/python3.12/site-packages/airflow/example_dags/example_sensor_decorator.py
[2024-09-03T16:52:26.171+0000] {logging_mixin.py:190} INFO - [2024-09-03T16:52:26.169+0000] {dag.py:3211} INFO - Sync 1 DAGs
[2024-09-03T16:52:26.211+0000] {logging_mixin.py:190} INFO - [2024-09-03T16:52:26.211+0000] {dag.py:4138} INFO - Setting next_dagrun for example_sensor_decorator to None, run_after=None
[2024-09-03T16:52:26.258+0000] {processor.py:208} INFO - Processing /home/airflow/.local/lib/python3.12/site-packages/airflow/example_dags/example_sensor_decorator.py took 0.300 seconds
[2024-09-03T16:52:56.400+0000] {processor.py:186} INFO - Started process (PID=451) to work on /home/airflow/.local/lib/python3.12/site-packages/airflow/example_dags/example_sensor_decorator.py
[2024-09-03T16:52:56.402+0000] {processor.py:914} INFO - Processing file /home/airflow/.local/lib/python3.12/site-packages/airflow/example_dags/example_sensor_decorator.py for tasks to queue
[2024-09-03T16:52:56.407+0000] {logging_mixin.py:190} INFO - [2024-09-03T16:52:56.407+0000] {dagbag.py:587} INFO - Filling up the DagBag from /home/airflow/.local/lib/python3.12/site-packages/airflow/example_dags/example_sensor_decorator.py
[2024-09-03T16:52:56.422+0000] {processor.py:925} INFO - DAG(s) 'example_sensor_decorator' retrieved from /home/airflow/.local/lib/python3.12/site-packages/airflow/example_dags/example_sensor_decorator.py
[2024-09-03T16:52:56.487+0000] {logging_mixin.py:190} INFO - [2024-09-03T16:52:56.487+0000] {dag.py:3211} INFO - Sync 1 DAGs
[2024-09-03T16:52:56.532+0000] {logging_mixin.py:190} INFO - [2024-09-03T16:52:56.531+0000] {dag.py:4138} INFO - Setting next_dagrun for example_sensor_decorator to None, run_after=None
[2024-09-03T16:52:56.563+0000] {processor.py:208} INFO - Processing /home/airflow/.local/lib/python3.12/site-packages/airflow/example_dags/example_sensor_decorator.py took 0.174 seconds
[2024-09-03T16:53:27.263+0000] {processor.py:186} INFO - Started process (PID=515) to work on /home/airflow/.local/lib/python3.12/site-packages/airflow/example_dags/example_sensor_decorator.py
[2024-09-03T16:53:27.265+0000] {processor.py:914} INFO - Processing file /home/airflow/.local/lib/python3.12/site-packages/airflow/example_dags/example_sensor_decorator.py for tasks to queue
[2024-09-03T16:53:27.269+0000] {logging_mixin.py:190} INFO - [2024-09-03T16:53:27.269+0000] {dagbag.py:587} INFO - Filling up the DagBag from /home/airflow/.local/lib/python3.12/site-packages/airflow/example_dags/example_sensor_decorator.py
[2024-09-03T16:53:27.301+0000] {processor.py:925} INFO - DAG(s) 'example_sensor_decorator' retrieved from /home/airflow/.local/lib/python3.12/site-packages/airflow/example_dags/example_sensor_decorator.py
[2024-09-03T16:53:27.343+0000] {logging_mixin.py:190} INFO - [2024-09-03T16:53:27.343+0000] {dag.py:3211} INFO - Sync 1 DAGs
[2024-09-03T16:53:27.372+0000] {logging_mixin.py:190} INFO - [2024-09-03T16:53:27.372+0000] {dag.py:4138} INFO - Setting next_dagrun for example_sensor_decorator to None, run_after=None
[2024-09-03T16:53:27.386+0000] {processor.py:208} INFO - Processing /home/airflow/.local/lib/python3.12/site-packages/airflow/example_dags/example_sensor_decorator.py took 0.133 seconds
[2024-09-03T16:53:57.797+0000] {processor.py:186} INFO - Started process (PID=578) to work on /home/airflow/.local/lib/python3.12/site-packages/airflow/example_dags/example_sensor_decorator.py
[2024-09-03T16:53:57.798+0000] {processor.py:914} INFO - Processing file /home/airflow/.local/lib/python3.12/site-packages/airflow/example_dags/example_sensor_decorator.py for tasks to queue
[2024-09-03T16:53:57.802+0000] {logging_mixin.py:190} INFO - [2024-09-03T16:53:57.802+0000] {dagbag.py:587} INFO - Filling up the DagBag from /home/airflow/.local/lib/python3.12/site-packages/airflow/example_dags/example_sensor_decorator.py
[2024-09-03T16:53:57.846+0000] {processor.py:925} INFO - DAG(s) 'example_sensor_decorator' retrieved from /home/airflow/.local/lib/python3.12/site-packages/airflow/example_dags/example_sensor_decorator.py
[2024-09-03T16:53:57.875+0000] {logging_mixin.py:190} INFO - [2024-09-03T16:53:57.875+0000] {dag.py:3211} INFO - Sync 1 DAGs
[2024-09-03T16:53:57.890+0000] {logging_mixin.py:190} INFO - [2024-09-03T16:53:57.889+0000] {dag.py:4138} INFO - Setting next_dagrun for example_sensor_decorator to None, run_after=None
[2024-09-03T16:53:57.911+0000] {processor.py:208} INFO - Processing /home/airflow/.local/lib/python3.12/site-packages/airflow/example_dags/example_sensor_decorator.py took 0.124 seconds
[2024-09-03T16:54:28.522+0000] {processor.py:186} INFO - Started process (PID=641) to work on /home/airflow/.local/lib/python3.12/site-packages/airflow/example_dags/example_sensor_decorator.py
[2024-09-03T16:54:28.524+0000] {processor.py:914} INFO - Processing file /home/airflow/.local/lib/python3.12/site-packages/airflow/example_dags/example_sensor_decorator.py for tasks to queue
[2024-09-03T16:54:28.529+0000] {logging_mixin.py:190} INFO - [2024-09-03T16:54:28.528+0000] {dagbag.py:587} INFO - Filling up the DagBag from /home/airflow/.local/lib/python3.12/site-packages/airflow/example_dags/example_sensor_decorator.py
[2024-09-03T16:54:28.560+0000] {processor.py:925} INFO - DAG(s) 'example_sensor_decorator' retrieved from /home/airflow/.local/lib/python3.12/site-packages/airflow/example_dags/example_sensor_decorator.py
[2024-09-03T16:54:28.594+0000] {logging_mixin.py:190} INFO - [2024-09-03T16:54:28.594+0000] {dag.py:3211} INFO - Sync 1 DAGs
[2024-09-03T16:54:28.620+0000] {logging_mixin.py:190} INFO - [2024-09-03T16:54:28.620+0000] {dag.py:4138} INFO - Setting next_dagrun for example_sensor_decorator to None, run_after=None
[2024-09-03T16:54:28.636+0000] {processor.py:208} INFO - Processing /home/airflow/.local/lib/python3.12/site-packages/airflow/example_dags/example_sensor_decorator.py took 0.135 seconds
[2024-09-03T16:54:59.498+0000] {processor.py:186} INFO - Started process (PID=704) to work on /home/airflow/.local/lib/python3.12/site-packages/airflow/example_dags/example_sensor_decorator.py
[2024-09-03T16:54:59.500+0000] {processor.py:914} INFO - Processing file /home/airflow/.local/lib/python3.12/site-packages/airflow/example_dags/example_sensor_decorator.py for tasks to queue
[2024-09-03T16:54:59.506+0000] {logging_mixin.py:190} INFO - [2024-09-03T16:54:59.506+0000] {dagbag.py:587} INFO - Filling up the DagBag from /home/airflow/.local/lib/python3.12/site-packages/airflow/example_dags/example_sensor_decorator.py
[2024-09-03T16:54:59.531+0000] {processor.py:925} INFO - DAG(s) 'example_sensor_decorator' retrieved from /home/airflow/.local/lib/python3.12/site-packages/airflow/example_dags/example_sensor_decorator.py
[2024-09-03T16:54:59.560+0000] {logging_mixin.py:190} INFO - [2024-09-03T16:54:59.560+0000] {dag.py:3211} INFO - Sync 1 DAGs
[2024-09-03T16:54:59.573+0000] {logging_mixin.py:190} INFO - [2024-09-03T16:54:59.572+0000] {dag.py:4138} INFO - Setting next_dagrun for example_sensor_decorator to None, run_after=None
[2024-09-03T16:54:59.587+0000] {processor.py:208} INFO - Processing /home/airflow/.local/lib/python3.12/site-packages/airflow/example_dags/example_sensor_decorator.py took 0.105 seconds
[2024-09-03T16:55:30.700+0000] {processor.py:186} INFO - Started process (PID=767) to work on /home/airflow/.local/lib/python3.12/site-packages/airflow/example_dags/example_sensor_decorator.py
[2024-09-03T16:55:30.703+0000] {processor.py:914} INFO - Processing file /home/airflow/.local/lib/python3.12/site-packages/airflow/example_dags/example_sensor_decorator.py for tasks to queue
[2024-09-03T16:55:30.708+0000] {logging_mixin.py:190} INFO - [2024-09-03T16:55:30.708+0000] {dagbag.py:587} INFO - Filling up the DagBag from /home/airflow/.local/lib/python3.12/site-packages/airflow/example_dags/example_sensor_decorator.py
[2024-09-03T16:55:30.726+0000] {processor.py:925} INFO - DAG(s) 'example_sensor_decorator' retrieved from /home/airflow/.local/lib/python3.12/site-packages/airflow/example_dags/example_sensor_decorator.py
[2024-09-03T16:55:30.775+0000] {logging_mixin.py:190} INFO - [2024-09-03T16:55:30.774+0000] {dag.py:3211} INFO - Sync 1 DAGs
[2024-09-03T16:55:30.789+0000] {logging_mixin.py:190} INFO - [2024-09-03T16:55:30.788+0000] {dag.py:4138} INFO - Setting next_dagrun for example_sensor_decorator to None, run_after=None
[2024-09-03T16:55:30.806+0000] {processor.py:208} INFO - Processing /home/airflow/.local/lib/python3.12/site-packages/airflow/example_dags/example_sensor_decorator.py took 0.138 seconds
[2024-09-03T16:56:01.539+0000] {processor.py:186} INFO - Started process (PID=830) to work on /home/airflow/.local/lib/python3.12/site-packages/airflow/example_dags/example_sensor_decorator.py
[2024-09-03T16:56:01.541+0000] {processor.py:914} INFO - Processing file /home/airflow/.local/lib/python3.12/site-packages/airflow/example_dags/example_sensor_decorator.py for tasks to queue
[2024-09-03T16:56:01.545+0000] {logging_mixin.py:190} INFO - [2024-09-03T16:56:01.544+0000] {dagbag.py:587} INFO - Filling up the DagBag from /home/airflow/.local/lib/python3.12/site-packages/airflow/example_dags/example_sensor_decorator.py
[2024-09-03T16:56:01.573+0000] {processor.py:925} INFO - DAG(s) 'example_sensor_decorator' retrieved from /home/airflow/.local/lib/python3.12/site-packages/airflow/example_dags/example_sensor_decorator.py
[2024-09-03T16:56:01.623+0000] {logging_mixin.py:190} INFO - [2024-09-03T16:56:01.623+0000] {dag.py:3211} INFO - Sync 1 DAGs
[2024-09-03T16:56:01.636+0000] {logging_mixin.py:190} INFO - [2024-09-03T16:56:01.636+0000] {dag.py:4138} INFO - Setting next_dagrun for example_sensor_decorator to None, run_after=None
[2024-09-03T16:56:01.649+0000] {processor.py:208} INFO - Processing /home/airflow/.local/lib/python3.12/site-packages/airflow/example_dags/example_sensor_decorator.py took 0.133 seconds
[2024-09-03T16:56:32.412+0000] {processor.py:186} INFO - Started process (PID=893) to work on /home/airflow/.local/lib/python3.12/site-packages/airflow/example_dags/example_sensor_decorator.py
[2024-09-03T16:56:32.414+0000] {processor.py:914} INFO - Processing file /home/airflow/.local/lib/python3.12/site-packages/airflow/example_dags/example_sensor_decorator.py for tasks to queue
[2024-09-03T16:56:32.420+0000] {logging_mixin.py:190} INFO - [2024-09-03T16:56:32.419+0000] {dagbag.py:587} INFO - Filling up the DagBag from /home/airflow/.local/lib/python3.12/site-packages/airflow/example_dags/example_sensor_decorator.py
[2024-09-03T16:56:32.454+0000] {processor.py:925} INFO - DAG(s) 'example_sensor_decorator' retrieved from /home/airflow/.local/lib/python3.12/site-packages/airflow/example_dags/example_sensor_decorator.py
[2024-09-03T16:56:32.508+0000] {logging_mixin.py:190} INFO - [2024-09-03T16:56:32.508+0000] {dag.py:3211} INFO - Sync 1 DAGs
[2024-09-03T16:56:32.523+0000] {logging_mixin.py:190} INFO - [2024-09-03T16:56:32.523+0000] {dag.py:4138} INFO - Setting next_dagrun for example_sensor_decorator to None, run_after=None
[2024-09-03T16:56:32.540+0000] {processor.py:208} INFO - Processing /home/airflow/.local/lib/python3.12/site-packages/airflow/example_dags/example_sensor_decorator.py took 0.133 seconds
[2024-09-03T16:57:02.696+0000] {processor.py:186} INFO - Started process (PID=957) to work on /home/airflow/.local/lib/python3.12/site-packages/airflow/example_dags/example_sensor_decorator.py
[2024-09-03T16:57:02.700+0000] {processor.py:914} INFO - Processing file /home/airflow/.local/lib/python3.12/site-packages/airflow/example_dags/example_sensor_decorator.py for tasks to queue
[2024-09-03T16:57:02.705+0000] {logging_mixin.py:190} INFO - [2024-09-03T16:57:02.705+0000] {dagbag.py:587} INFO - Filling up the DagBag from /home/airflow/.local/lib/python3.12/site-packages/airflow/example_dags/example_sensor_decorator.py
[2024-09-03T16:57:02.719+0000] {processor.py:925} INFO - DAG(s) 'example_sensor_decorator' retrieved from /home/airflow/.local/lib/python3.12/site-packages/airflow/example_dags/example_sensor_decorator.py
[2024-09-03T16:57:02.773+0000] {logging_mixin.py:190} INFO - [2024-09-03T16:57:02.772+0000] {dag.py:3211} INFO - Sync 1 DAGs
[2024-09-03T16:57:02.803+0000] {logging_mixin.py:190} INFO - [2024-09-03T16:57:02.803+0000] {dag.py:4138} INFO - Setting next_dagrun for example_sensor_decorator to None, run_after=None
[2024-09-03T16:57:02.835+0000] {processor.py:208} INFO - Processing /home/airflow/.local/lib/python3.12/site-packages/airflow/example_dags/example_sensor_decorator.py took 0.156 seconds
[2024-09-03T16:57:33.069+0000] {processor.py:186} INFO - Started process (PID=1020) to work on /home/airflow/.local/lib/python3.12/site-packages/airflow/example_dags/example_sensor_decorator.py
[2024-09-03T16:57:33.074+0000] {processor.py:914} INFO - Processing file /home/airflow/.local/lib/python3.12/site-packages/airflow/example_dags/example_sensor_decorator.py for tasks to queue
[2024-09-03T16:57:33.086+0000] {logging_mixin.py:190} INFO - [2024-09-03T16:57:33.085+0000] {dagbag.py:587} INFO - Filling up the DagBag from /home/airflow/.local/lib/python3.12/site-packages/airflow/example_dags/example_sensor_decorator.py
[2024-09-03T16:57:33.104+0000] {processor.py:925} INFO - DAG(s) 'example_sensor_decorator' retrieved from /home/airflow/.local/lib/python3.12/site-packages/airflow/example_dags/example_sensor_decorator.py
[2024-09-03T16:57:33.151+0000] {logging_mixin.py:190} INFO - [2024-09-03T16:57:33.150+0000] {dag.py:3211} INFO - Sync 1 DAGs
[2024-09-03T16:57:33.164+0000] {logging_mixin.py:190} INFO - [2024-09-03T16:57:33.164+0000] {dag.py:4138} INFO - Setting next_dagrun for example_sensor_decorator to None, run_after=None
[2024-09-03T16:57:33.176+0000] {processor.py:208} INFO - Processing /home/airflow/.local/lib/python3.12/site-packages/airflow/example_dags/example_sensor_decorator.py took 0.123 seconds
[2024-09-03T16:58:03.846+0000] {processor.py:186} INFO - Started process (PID=1083) to work on /home/airflow/.local/lib/python3.12/site-packages/airflow/example_dags/example_sensor_decorator.py
[2024-09-03T16:58:03.848+0000] {processor.py:914} INFO - Processing file /home/airflow/.local/lib/python3.12/site-packages/airflow/example_dags/example_sensor_decorator.py for tasks to queue
[2024-09-03T16:58:03.852+0000] {logging_mixin.py:190} INFO - [2024-09-03T16:58:03.851+0000] {dagbag.py:587} INFO - Filling up the DagBag from /home/airflow/.local/lib/python3.12/site-packages/airflow/example_dags/example_sensor_decorator.py
[2024-09-03T16:58:03.878+0000] {processor.py:925} INFO - DAG(s) 'example_sensor_decorator' retrieved from /home/airflow/.local/lib/python3.12/site-packages/airflow/example_dags/example_sensor_decorator.py
[2024-09-03T16:58:03.925+0000] {logging_mixin.py:190} INFO - [2024-09-03T16:58:03.925+0000] {dag.py:3211} INFO - Sync 1 DAGs
[2024-09-03T16:58:03.938+0000] {logging_mixin.py:190} INFO - [2024-09-03T16:58:03.938+0000] {dag.py:4138} INFO - Setting next_dagrun for example_sensor_decorator to None, run_after=None
[2024-09-03T16:58:03.951+0000] {processor.py:208} INFO - Processing /home/airflow/.local/lib/python3.12/site-packages/airflow/example_dags/example_sensor_decorator.py took 0.116 seconds
