[2024-09-03T16:49:58.838+0000] {processor.py:186} INFO - Started process (PID=82) to work on /home/airflow/.local/lib/python3.12/site-packages/airflow/example_dags/example_dataset_alias.py
[2024-09-03T16:49:58.846+0000] {processor.py:914} INFO - Processing file /home/airflow/.local/lib/python3.12/site-packages/airflow/example_dags/example_dataset_alias.py for tasks to queue
[2024-09-03T16:49:58.866+0000] {logging_mixin.py:190} INFO - [2024-09-03T16:49:58.864+0000] {dagbag.py:587} INFO - Filling up the DagBag from /home/airflow/.local/lib/python3.12/site-packages/airflow/example_dags/example_dataset_alias.py
[2024-09-03T16:49:59.298+0000] {processor.py:925} INFO - DAG(s) 'dataset_alias_example_alias_consumer', 'dataset_s3_bucket_consumer', 'dataset_alias_example_alias_producer', 'dataset_s3_bucket_producer' retrieved from /home/airflow/.local/lib/python3.12/site-packages/airflow/example_dags/example_dataset_alias.py
[2024-09-03T16:49:59.451+0000] {logging_mixin.py:190} INFO - [2024-09-03T16:49:59.450+0000] {override.py:1858} INFO - Created Permission View: can delete on DAG:dataset_alias_example_alias_consumer
[2024-09-03T16:49:59.463+0000] {logging_mixin.py:190} INFO - [2024-09-03T16:49:59.463+0000] {override.py:1858} INFO - Created Permission View: can edit on DAG:dataset_alias_example_alias_consumer
[2024-09-03T16:49:59.477+0000] {logging_mixin.py:190} INFO - [2024-09-03T16:49:59.476+0000] {override.py:1858} INFO - Created Permission View: can read on DAG:dataset_alias_example_alias_consumer
[2024-09-03T16:49:59.489+0000] {logging_mixin.py:190} INFO - [2024-09-03T16:49:59.488+0000] {override.py:1858} INFO - Created Permission View: can delete on DAG:dataset_s3_bucket_consumer
[2024-09-03T16:49:59.497+0000] {logging_mixin.py:190} INFO - [2024-09-03T16:49:59.497+0000] {override.py:1858} INFO - Created Permission View: can edit on DAG:dataset_s3_bucket_consumer
[2024-09-03T16:49:59.502+0000] {logging_mixin.py:190} INFO - [2024-09-03T16:49:59.502+0000] {override.py:1858} INFO - Created Permission View: can read on DAG:dataset_s3_bucket_consumer
[2024-09-03T16:49:59.512+0000] {logging_mixin.py:190} INFO - [2024-09-03T16:49:59.512+0000] {override.py:1858} INFO - Created Permission View: can delete on DAG:dataset_alias_example_alias_producer
[2024-09-03T16:49:59.516+0000] {logging_mixin.py:190} INFO - [2024-09-03T16:49:59.515+0000] {override.py:1858} INFO - Created Permission View: can edit on DAG:dataset_alias_example_alias_producer
[2024-09-03T16:49:59.520+0000] {logging_mixin.py:190} INFO - [2024-09-03T16:49:59.519+0000] {override.py:1858} INFO - Created Permission View: can read on DAG:dataset_alias_example_alias_producer
[2024-09-03T16:49:59.532+0000] {logging_mixin.py:190} INFO - [2024-09-03T16:49:59.531+0000] {override.py:1858} INFO - Created Permission View: can delete on DAG:dataset_s3_bucket_producer
[2024-09-03T16:49:59.542+0000] {logging_mixin.py:190} INFO - [2024-09-03T16:49:59.541+0000] {override.py:1858} INFO - Created Permission View: can edit on DAG:dataset_s3_bucket_producer
[2024-09-03T16:49:59.549+0000] {logging_mixin.py:190} INFO - [2024-09-03T16:49:59.549+0000] {override.py:1858} INFO - Created Permission View: can read on DAG:dataset_s3_bucket_producer
[2024-09-03T16:49:59.551+0000] {logging_mixin.py:190} INFO - [2024-09-03T16:49:59.550+0000] {dag.py:3211} INFO - Sync 4 DAGs
[2024-09-03T16:49:59.578+0000] {logging_mixin.py:190} INFO - [2024-09-03T16:49:59.578+0000] {dag.py:3234} INFO - Creating ORM DAG for dataset_s3_bucket_producer
[2024-09-03T16:49:59.579+0000] {logging_mixin.py:190} INFO - [2024-09-03T16:49:59.579+0000] {dag.py:3234} INFO - Creating ORM DAG for dataset_s3_bucket_consumer
[2024-09-03T16:49:59.579+0000] {logging_mixin.py:190} INFO - [2024-09-03T16:49:59.579+0000] {dag.py:3234} INFO - Creating ORM DAG for dataset_alias_example_alias_producer
[2024-09-03T16:49:59.580+0000] {logging_mixin.py:190} INFO - [2024-09-03T16:49:59.580+0000] {dag.py:3234} INFO - Creating ORM DAG for dataset_alias_example_alias_consumer
[2024-09-03T16:49:59.612+0000] {logging_mixin.py:190} INFO - [2024-09-03T16:49:59.611+0000] {dag.py:4138} INFO - Setting next_dagrun for dataset_alias_example_alias_consumer to None, run_after=None
[2024-09-03T16:49:59.614+0000] {logging_mixin.py:190} INFO - [2024-09-03T16:49:59.613+0000] {dag.py:4138} INFO - Setting next_dagrun for dataset_alias_example_alias_producer to None, run_after=None
[2024-09-03T16:49:59.614+0000] {logging_mixin.py:190} INFO - [2024-09-03T16:49:59.614+0000] {dag.py:4138} INFO - Setting next_dagrun for dataset_s3_bucket_consumer to None, run_after=None
[2024-09-03T16:49:59.615+0000] {logging_mixin.py:190} INFO - [2024-09-03T16:49:59.615+0000] {dag.py:4138} INFO - Setting next_dagrun for dataset_s3_bucket_producer to None, run_after=None
[2024-09-03T16:49:59.669+0000] {processor.py:208} INFO - Processing /home/airflow/.local/lib/python3.12/site-packages/airflow/example_dags/example_dataset_alias.py took 0.853 seconds
[2024-09-03T16:50:29.843+0000] {processor.py:186} INFO - Started process (PID=145) to work on /home/airflow/.local/lib/python3.12/site-packages/airflow/example_dags/example_dataset_alias.py
[2024-09-03T16:50:29.844+0000] {processor.py:914} INFO - Processing file /home/airflow/.local/lib/python3.12/site-packages/airflow/example_dags/example_dataset_alias.py for tasks to queue
[2024-09-03T16:50:29.846+0000] {logging_mixin.py:190} INFO - [2024-09-03T16:50:29.845+0000] {dagbag.py:587} INFO - Filling up the DagBag from /home/airflow/.local/lib/python3.12/site-packages/airflow/example_dags/example_dataset_alias.py
[2024-09-03T16:50:29.943+0000] {processor.py:925} INFO - DAG(s) 'dataset_s3_bucket_consumer', 'dataset_alias_example_alias_producer', 'dataset_alias_example_alias_consumer', 'dataset_s3_bucket_producer' retrieved from /home/airflow/.local/lib/python3.12/site-packages/airflow/example_dags/example_dataset_alias.py
[2024-09-03T16:50:29.953+0000] {logging_mixin.py:190} INFO - [2024-09-03T16:50:29.953+0000] {dag.py:3211} INFO - Sync 4 DAGs
[2024-09-03T16:50:29.965+0000] {logging_mixin.py:190} INFO - [2024-09-03T16:50:29.965+0000] {dag.py:4138} INFO - Setting next_dagrun for dataset_alias_example_alias_consumer to None, run_after=None
[2024-09-03T16:50:29.966+0000] {logging_mixin.py:190} INFO - [2024-09-03T16:50:29.966+0000] {dag.py:4138} INFO - Setting next_dagrun for dataset_alias_example_alias_producer to None, run_after=None
[2024-09-03T16:50:29.968+0000] {logging_mixin.py:190} INFO - [2024-09-03T16:50:29.968+0000] {dag.py:4138} INFO - Setting next_dagrun for dataset_s3_bucket_consumer to None, run_after=None
[2024-09-03T16:50:29.968+0000] {logging_mixin.py:190} INFO - [2024-09-03T16:50:29.968+0000] {dag.py:4138} INFO - Setting next_dagrun for dataset_s3_bucket_producer to None, run_after=None
[2024-09-03T16:50:29.982+0000] {processor.py:208} INFO - Processing /home/airflow/.local/lib/python3.12/site-packages/airflow/example_dags/example_dataset_alias.py took 0.144 seconds
[2024-09-03T16:51:00.603+0000] {processor.py:186} INFO - Started process (PID=208) to work on /home/airflow/.local/lib/python3.12/site-packages/airflow/example_dags/example_dataset_alias.py
[2024-09-03T16:51:00.605+0000] {processor.py:914} INFO - Processing file /home/airflow/.local/lib/python3.12/site-packages/airflow/example_dags/example_dataset_alias.py for tasks to queue
[2024-09-03T16:51:00.606+0000] {logging_mixin.py:190} INFO - [2024-09-03T16:51:00.606+0000] {dagbag.py:587} INFO - Filling up the DagBag from /home/airflow/.local/lib/python3.12/site-packages/airflow/example_dags/example_dataset_alias.py
[2024-09-03T16:51:00.730+0000] {processor.py:925} INFO - DAG(s) 'dataset_s3_bucket_producer', 'dataset_s3_bucket_consumer', 'dataset_alias_example_alias_consumer', 'dataset_alias_example_alias_producer' retrieved from /home/airflow/.local/lib/python3.12/site-packages/airflow/example_dags/example_dataset_alias.py
[2024-09-03T16:51:00.741+0000] {logging_mixin.py:190} INFO - [2024-09-03T16:51:00.741+0000] {dag.py:3211} INFO - Sync 4 DAGs
[2024-09-03T16:51:00.757+0000] {logging_mixin.py:190} INFO - [2024-09-03T16:51:00.756+0000] {dag.py:4138} INFO - Setting next_dagrun for dataset_alias_example_alias_consumer to None, run_after=None
[2024-09-03T16:51:00.759+0000] {logging_mixin.py:190} INFO - [2024-09-03T16:51:00.759+0000] {dag.py:4138} INFO - Setting next_dagrun for dataset_alias_example_alias_producer to None, run_after=None
[2024-09-03T16:51:00.760+0000] {logging_mixin.py:190} INFO - [2024-09-03T16:51:00.760+0000] {dag.py:4138} INFO - Setting next_dagrun for dataset_s3_bucket_consumer to None, run_after=None
[2024-09-03T16:51:00.760+0000] {logging_mixin.py:190} INFO - [2024-09-03T16:51:00.760+0000] {dag.py:4138} INFO - Setting next_dagrun for dataset_s3_bucket_producer to None, run_after=None
[2024-09-03T16:51:00.772+0000] {processor.py:208} INFO - Processing /home/airflow/.local/lib/python3.12/site-packages/airflow/example_dags/example_dataset_alias.py took 0.173 seconds
[2024-09-03T16:51:31.053+0000] {processor.py:186} INFO - Started process (PID=271) to work on /home/airflow/.local/lib/python3.12/site-packages/airflow/example_dags/example_dataset_alias.py
[2024-09-03T16:51:31.055+0000] {processor.py:914} INFO - Processing file /home/airflow/.local/lib/python3.12/site-packages/airflow/example_dags/example_dataset_alias.py for tasks to queue
[2024-09-03T16:51:31.058+0000] {logging_mixin.py:190} INFO - [2024-09-03T16:51:31.058+0000] {dagbag.py:587} INFO - Filling up the DagBag from /home/airflow/.local/lib/python3.12/site-packages/airflow/example_dags/example_dataset_alias.py
[2024-09-03T16:51:31.248+0000] {processor.py:925} INFO - DAG(s) 'dataset_alias_example_alias_consumer', 'dataset_s3_bucket_consumer', 'dataset_s3_bucket_producer', 'dataset_alias_example_alias_producer' retrieved from /home/airflow/.local/lib/python3.12/site-packages/airflow/example_dags/example_dataset_alias.py
[2024-09-03T16:51:31.267+0000] {logging_mixin.py:190} INFO - [2024-09-03T16:51:31.267+0000] {dag.py:3211} INFO - Sync 4 DAGs
[2024-09-03T16:51:31.300+0000] {logging_mixin.py:190} INFO - [2024-09-03T16:51:31.299+0000] {dag.py:4138} INFO - Setting next_dagrun for dataset_alias_example_alias_consumer to None, run_after=None
[2024-09-03T16:51:31.303+0000] {logging_mixin.py:190} INFO - [2024-09-03T16:51:31.303+0000] {dag.py:4138} INFO - Setting next_dagrun for dataset_alias_example_alias_producer to None, run_after=None
[2024-09-03T16:51:31.304+0000] {logging_mixin.py:190} INFO - [2024-09-03T16:51:31.304+0000] {dag.py:4138} INFO - Setting next_dagrun for dataset_s3_bucket_consumer to None, run_after=None
[2024-09-03T16:51:31.305+0000] {logging_mixin.py:190} INFO - [2024-09-03T16:51:31.305+0000] {dag.py:4138} INFO - Setting next_dagrun for dataset_s3_bucket_producer to None, run_after=None
[2024-09-03T16:51:31.324+0000] {processor.py:208} INFO - Processing /home/airflow/.local/lib/python3.12/site-packages/airflow/example_dags/example_dataset_alias.py took 0.286 seconds
[2024-09-03T16:52:01.714+0000] {processor.py:186} INFO - Started process (PID=334) to work on /home/airflow/.local/lib/python3.12/site-packages/airflow/example_dags/example_dataset_alias.py
[2024-09-03T16:52:01.717+0000] {processor.py:914} INFO - Processing file /home/airflow/.local/lib/python3.12/site-packages/airflow/example_dags/example_dataset_alias.py for tasks to queue
[2024-09-03T16:52:01.720+0000] {logging_mixin.py:190} INFO - [2024-09-03T16:52:01.719+0000] {dagbag.py:587} INFO - Filling up the DagBag from /home/airflow/.local/lib/python3.12/site-packages/airflow/example_dags/example_dataset_alias.py
[2024-09-03T16:52:01.961+0000] {processor.py:925} INFO - DAG(s) 'dataset_alias_example_alias_consumer', 'dataset_s3_bucket_producer', 'dataset_s3_bucket_consumer', 'dataset_alias_example_alias_producer' retrieved from /home/airflow/.local/lib/python3.12/site-packages/airflow/example_dags/example_dataset_alias.py
[2024-09-03T16:52:02.018+0000] {logging_mixin.py:190} INFO - [2024-09-03T16:52:02.017+0000] {dag.py:3211} INFO - Sync 4 DAGs
[2024-09-03T16:52:02.072+0000] {logging_mixin.py:190} INFO - [2024-09-03T16:52:02.071+0000] {dag.py:4138} INFO - Setting next_dagrun for dataset_alias_example_alias_consumer to None, run_after=None
[2024-09-03T16:52:02.076+0000] {logging_mixin.py:190} INFO - [2024-09-03T16:52:02.076+0000] {dag.py:4138} INFO - Setting next_dagrun for dataset_alias_example_alias_producer to None, run_after=None
[2024-09-03T16:52:02.078+0000] {logging_mixin.py:190} INFO - [2024-09-03T16:52:02.078+0000] {dag.py:4138} INFO - Setting next_dagrun for dataset_s3_bucket_consumer to None, run_after=None
[2024-09-03T16:52:02.080+0000] {logging_mixin.py:190} INFO - [2024-09-03T16:52:02.080+0000] {dag.py:4138} INFO - Setting next_dagrun for dataset_s3_bucket_producer to None, run_after=None
[2024-09-03T16:52:02.121+0000] {processor.py:208} INFO - Processing /home/airflow/.local/lib/python3.12/site-packages/airflow/example_dags/example_dataset_alias.py took 0.415 seconds
[2024-09-03T16:52:32.429+0000] {processor.py:186} INFO - Started process (PID=397) to work on /home/airflow/.local/lib/python3.12/site-packages/airflow/example_dags/example_dataset_alias.py
[2024-09-03T16:52:32.432+0000] {processor.py:914} INFO - Processing file /home/airflow/.local/lib/python3.12/site-packages/airflow/example_dags/example_dataset_alias.py for tasks to queue
[2024-09-03T16:52:32.435+0000] {logging_mixin.py:190} INFO - [2024-09-03T16:52:32.435+0000] {dagbag.py:587} INFO - Filling up the DagBag from /home/airflow/.local/lib/python3.12/site-packages/airflow/example_dags/example_dataset_alias.py
[2024-09-03T16:52:33.052+0000] {processor.py:925} INFO - DAG(s) 'dataset_alias_example_alias_consumer', 'dataset_s3_bucket_producer', 'dataset_s3_bucket_consumer', 'dataset_alias_example_alias_producer' retrieved from /home/airflow/.local/lib/python3.12/site-packages/airflow/example_dags/example_dataset_alias.py
[2024-09-03T16:52:33.139+0000] {logging_mixin.py:190} INFO - [2024-09-03T16:52:33.138+0000] {dag.py:3211} INFO - Sync 4 DAGs
[2024-09-03T16:52:33.201+0000] {logging_mixin.py:190} INFO - [2024-09-03T16:52:33.200+0000] {dag.py:4138} INFO - Setting next_dagrun for dataset_alias_example_alias_consumer to None, run_after=None
[2024-09-03T16:52:33.210+0000] {logging_mixin.py:190} INFO - [2024-09-03T16:52:33.209+0000] {dag.py:4138} INFO - Setting next_dagrun for dataset_alias_example_alias_producer to None, run_after=None
[2024-09-03T16:52:33.216+0000] {logging_mixin.py:190} INFO - [2024-09-03T16:52:33.216+0000] {dag.py:4138} INFO - Setting next_dagrun for dataset_s3_bucket_consumer to None, run_after=None
[2024-09-03T16:52:33.222+0000] {logging_mixin.py:190} INFO - [2024-09-03T16:52:33.221+0000] {dag.py:4138} INFO - Setting next_dagrun for dataset_s3_bucket_producer to None, run_after=None
[2024-09-03T16:52:33.326+0000] {processor.py:208} INFO - Processing /home/airflow/.local/lib/python3.12/site-packages/airflow/example_dags/example_dataset_alias.py took 0.905 seconds
[2024-09-03T16:53:04.385+0000] {processor.py:186} INFO - Started process (PID=460) to work on /home/airflow/.local/lib/python3.12/site-packages/airflow/example_dags/example_dataset_alias.py
[2024-09-03T16:53:04.388+0000] {processor.py:914} INFO - Processing file /home/airflow/.local/lib/python3.12/site-packages/airflow/example_dags/example_dataset_alias.py for tasks to queue
[2024-09-03T16:53:04.391+0000] {logging_mixin.py:190} INFO - [2024-09-03T16:53:04.391+0000] {dagbag.py:587} INFO - Filling up the DagBag from /home/airflow/.local/lib/python3.12/site-packages/airflow/example_dags/example_dataset_alias.py
[2024-09-03T16:53:04.612+0000] {processor.py:925} INFO - DAG(s) 'dataset_s3_bucket_consumer', 'dataset_s3_bucket_producer', 'dataset_alias_example_alias_consumer', 'dataset_alias_example_alias_producer' retrieved from /home/airflow/.local/lib/python3.12/site-packages/airflow/example_dags/example_dataset_alias.py
[2024-09-03T16:53:04.631+0000] {logging_mixin.py:190} INFO - [2024-09-03T16:53:04.631+0000] {dag.py:3211} INFO - Sync 4 DAGs
[2024-09-03T16:53:04.646+0000] {logging_mixin.py:190} INFO - [2024-09-03T16:53:04.646+0000] {dag.py:4138} INFO - Setting next_dagrun for dataset_alias_example_alias_consumer to None, run_after=None
[2024-09-03T16:53:04.648+0000] {logging_mixin.py:190} INFO - [2024-09-03T16:53:04.648+0000] {dag.py:4138} INFO - Setting next_dagrun for dataset_alias_example_alias_producer to None, run_after=None
[2024-09-03T16:53:04.649+0000] {logging_mixin.py:190} INFO - [2024-09-03T16:53:04.649+0000] {dag.py:4138} INFO - Setting next_dagrun for dataset_s3_bucket_consumer to None, run_after=None
[2024-09-03T16:53:04.650+0000] {logging_mixin.py:190} INFO - [2024-09-03T16:53:04.650+0000] {dag.py:4138} INFO - Setting next_dagrun for dataset_s3_bucket_producer to None, run_after=None
[2024-09-03T16:53:04.668+0000] {processor.py:208} INFO - Processing /home/airflow/.local/lib/python3.12/site-packages/airflow/example_dags/example_dataset_alias.py took 0.295 seconds
[2024-09-03T16:53:35.505+0000] {processor.py:186} INFO - Started process (PID=524) to work on /home/airflow/.local/lib/python3.12/site-packages/airflow/example_dags/example_dataset_alias.py
[2024-09-03T16:53:35.507+0000] {processor.py:914} INFO - Processing file /home/airflow/.local/lib/python3.12/site-packages/airflow/example_dags/example_dataset_alias.py for tasks to queue
[2024-09-03T16:53:35.513+0000] {logging_mixin.py:190} INFO - [2024-09-03T16:53:35.513+0000] {dagbag.py:587} INFO - Filling up the DagBag from /home/airflow/.local/lib/python3.12/site-packages/airflow/example_dags/example_dataset_alias.py
[2024-09-03T16:53:35.804+0000] {processor.py:925} INFO - DAG(s) 'dataset_alias_example_alias_consumer', 'dataset_s3_bucket_consumer', 'dataset_alias_example_alias_producer', 'dataset_s3_bucket_producer' retrieved from /home/airflow/.local/lib/python3.12/site-packages/airflow/example_dags/example_dataset_alias.py
[2024-09-03T16:53:35.823+0000] {logging_mixin.py:190} INFO - [2024-09-03T16:53:35.823+0000] {dag.py:3211} INFO - Sync 4 DAGs
[2024-09-03T16:53:35.847+0000] {logging_mixin.py:190} INFO - [2024-09-03T16:53:35.846+0000] {dag.py:4138} INFO - Setting next_dagrun for dataset_alias_example_alias_consumer to None, run_after=None
[2024-09-03T16:53:35.848+0000] {logging_mixin.py:190} INFO - [2024-09-03T16:53:35.848+0000] {dag.py:4138} INFO - Setting next_dagrun for dataset_alias_example_alias_producer to None, run_after=None
[2024-09-03T16:53:35.849+0000] {logging_mixin.py:190} INFO - [2024-09-03T16:53:35.849+0000] {dag.py:4138} INFO - Setting next_dagrun for dataset_s3_bucket_consumer to None, run_after=None
[2024-09-03T16:53:35.850+0000] {logging_mixin.py:190} INFO - [2024-09-03T16:53:35.850+0000] {dag.py:4138} INFO - Setting next_dagrun for dataset_s3_bucket_producer to None, run_after=None
[2024-09-03T16:53:35.865+0000] {processor.py:208} INFO - Processing /home/airflow/.local/lib/python3.12/site-packages/airflow/example_dags/example_dataset_alias.py took 0.392 seconds
[2024-09-03T16:54:06.927+0000] {processor.py:186} INFO - Started process (PID=588) to work on /home/airflow/.local/lib/python3.12/site-packages/airflow/example_dags/example_dataset_alias.py
[2024-09-03T16:54:06.928+0000] {processor.py:914} INFO - Processing file /home/airflow/.local/lib/python3.12/site-packages/airflow/example_dags/example_dataset_alias.py for tasks to queue
[2024-09-03T16:54:06.934+0000] {logging_mixin.py:190} INFO - [2024-09-03T16:54:06.933+0000] {dagbag.py:587} INFO - Filling up the DagBag from /home/airflow/.local/lib/python3.12/site-packages/airflow/example_dags/example_dataset_alias.py
[2024-09-03T16:54:07.114+0000] {processor.py:925} INFO - DAG(s) 'dataset_s3_bucket_consumer', 'dataset_alias_example_alias_producer', 'dataset_alias_example_alias_consumer', 'dataset_s3_bucket_producer' retrieved from /home/airflow/.local/lib/python3.12/site-packages/airflow/example_dags/example_dataset_alias.py
[2024-09-03T16:54:07.141+0000] {logging_mixin.py:190} INFO - [2024-09-03T16:54:07.141+0000] {dag.py:3211} INFO - Sync 4 DAGs
[2024-09-03T16:54:07.160+0000] {logging_mixin.py:190} INFO - [2024-09-03T16:54:07.159+0000] {dag.py:4138} INFO - Setting next_dagrun for dataset_alias_example_alias_consumer to None, run_after=None
[2024-09-03T16:54:07.161+0000] {logging_mixin.py:190} INFO - [2024-09-03T16:54:07.161+0000] {dag.py:4138} INFO - Setting next_dagrun for dataset_alias_example_alias_producer to None, run_after=None
[2024-09-03T16:54:07.162+0000] {logging_mixin.py:190} INFO - [2024-09-03T16:54:07.162+0000] {dag.py:4138} INFO - Setting next_dagrun for dataset_s3_bucket_consumer to None, run_after=None
[2024-09-03T16:54:07.164+0000] {logging_mixin.py:190} INFO - [2024-09-03T16:54:07.163+0000] {dag.py:4138} INFO - Setting next_dagrun for dataset_s3_bucket_producer to None, run_after=None
[2024-09-03T16:54:07.178+0000] {processor.py:208} INFO - Processing /home/airflow/.local/lib/python3.12/site-packages/airflow/example_dags/example_dataset_alias.py took 0.256 seconds
[2024-09-03T16:54:37.693+0000] {processor.py:186} INFO - Started process (PID=651) to work on /home/airflow/.local/lib/python3.12/site-packages/airflow/example_dags/example_dataset_alias.py
[2024-09-03T16:54:37.694+0000] {processor.py:914} INFO - Processing file /home/airflow/.local/lib/python3.12/site-packages/airflow/example_dags/example_dataset_alias.py for tasks to queue
[2024-09-03T16:54:37.697+0000] {logging_mixin.py:190} INFO - [2024-09-03T16:54:37.696+0000] {dagbag.py:587} INFO - Filling up the DagBag from /home/airflow/.local/lib/python3.12/site-packages/airflow/example_dags/example_dataset_alias.py
[2024-09-03T16:54:37.847+0000] {processor.py:925} INFO - DAG(s) 'dataset_alias_example_alias_consumer', 'dataset_s3_bucket_producer', 'dataset_alias_example_alias_producer', 'dataset_s3_bucket_consumer' retrieved from /home/airflow/.local/lib/python3.12/site-packages/airflow/example_dags/example_dataset_alias.py
[2024-09-03T16:54:37.874+0000] {logging_mixin.py:190} INFO - [2024-09-03T16:54:37.873+0000] {dag.py:3211} INFO - Sync 4 DAGs
[2024-09-03T16:54:37.895+0000] {logging_mixin.py:190} INFO - [2024-09-03T16:54:37.895+0000] {dag.py:4138} INFO - Setting next_dagrun for dataset_alias_example_alias_consumer to None, run_after=None
[2024-09-03T16:54:37.897+0000] {logging_mixin.py:190} INFO - [2024-09-03T16:54:37.897+0000] {dag.py:4138} INFO - Setting next_dagrun for dataset_alias_example_alias_producer to None, run_after=None
[2024-09-03T16:54:37.898+0000] {logging_mixin.py:190} INFO - [2024-09-03T16:54:37.898+0000] {dag.py:4138} INFO - Setting next_dagrun for dataset_s3_bucket_consumer to None, run_after=None
[2024-09-03T16:54:37.899+0000] {logging_mixin.py:190} INFO - [2024-09-03T16:54:37.899+0000] {dag.py:4138} INFO - Setting next_dagrun for dataset_s3_bucket_producer to None, run_after=None
[2024-09-03T16:54:37.915+0000] {processor.py:208} INFO - Processing /home/airflow/.local/lib/python3.12/site-packages/airflow/example_dags/example_dataset_alias.py took 0.233 seconds
[2024-09-03T16:55:08.319+0000] {processor.py:186} INFO - Started process (PID=714) to work on /home/airflow/.local/lib/python3.12/site-packages/airflow/example_dags/example_dataset_alias.py
[2024-09-03T16:55:08.320+0000] {processor.py:914} INFO - Processing file /home/airflow/.local/lib/python3.12/site-packages/airflow/example_dags/example_dataset_alias.py for tasks to queue
[2024-09-03T16:55:08.322+0000] {logging_mixin.py:190} INFO - [2024-09-03T16:55:08.322+0000] {dagbag.py:587} INFO - Filling up the DagBag from /home/airflow/.local/lib/python3.12/site-packages/airflow/example_dags/example_dataset_alias.py
[2024-09-03T16:55:08.464+0000] {processor.py:925} INFO - DAG(s) 'dataset_s3_bucket_producer', 'dataset_alias_example_alias_consumer', 'dataset_s3_bucket_consumer', 'dataset_alias_example_alias_producer' retrieved from /home/airflow/.local/lib/python3.12/site-packages/airflow/example_dags/example_dataset_alias.py
[2024-09-03T16:55:08.485+0000] {logging_mixin.py:190} INFO - [2024-09-03T16:55:08.484+0000] {dag.py:3211} INFO - Sync 4 DAGs
[2024-09-03T16:55:08.503+0000] {logging_mixin.py:190} INFO - [2024-09-03T16:55:08.503+0000] {dag.py:4138} INFO - Setting next_dagrun for dataset_alias_example_alias_consumer to None, run_after=None
[2024-09-03T16:55:08.505+0000] {logging_mixin.py:190} INFO - [2024-09-03T16:55:08.504+0000] {dag.py:4138} INFO - Setting next_dagrun for dataset_alias_example_alias_producer to None, run_after=None
[2024-09-03T16:55:08.505+0000] {logging_mixin.py:190} INFO - [2024-09-03T16:55:08.505+0000] {dag.py:4138} INFO - Setting next_dagrun for dataset_s3_bucket_consumer to None, run_after=None
[2024-09-03T16:55:08.506+0000] {logging_mixin.py:190} INFO - [2024-09-03T16:55:08.506+0000] {dag.py:4138} INFO - Setting next_dagrun for dataset_s3_bucket_producer to None, run_after=None
[2024-09-03T16:55:08.520+0000] {processor.py:208} INFO - Processing /home/airflow/.local/lib/python3.12/site-packages/airflow/example_dags/example_dataset_alias.py took 0.207 seconds
[2024-09-03T16:55:38.607+0000] {processor.py:186} INFO - Started process (PID=777) to work on /home/airflow/.local/lib/python3.12/site-packages/airflow/example_dags/example_dataset_alias.py
[2024-09-03T16:55:38.609+0000] {processor.py:914} INFO - Processing file /home/airflow/.local/lib/python3.12/site-packages/airflow/example_dags/example_dataset_alias.py for tasks to queue
[2024-09-03T16:55:38.638+0000] {logging_mixin.py:190} INFO - [2024-09-03T16:55:38.632+0000] {dagbag.py:587} INFO - Filling up the DagBag from /home/airflow/.local/lib/python3.12/site-packages/airflow/example_dags/example_dataset_alias.py
[2024-09-03T16:55:38.840+0000] {processor.py:925} INFO - DAG(s) 'dataset_s3_bucket_producer', 'dataset_s3_bucket_consumer', 'dataset_alias_example_alias_producer', 'dataset_alias_example_alias_consumer' retrieved from /home/airflow/.local/lib/python3.12/site-packages/airflow/example_dags/example_dataset_alias.py
[2024-09-03T16:55:38.856+0000] {logging_mixin.py:190} INFO - [2024-09-03T16:55:38.856+0000] {dag.py:3211} INFO - Sync 4 DAGs
[2024-09-03T16:55:38.871+0000] {logging_mixin.py:190} INFO - [2024-09-03T16:55:38.871+0000] {dag.py:4138} INFO - Setting next_dagrun for dataset_alias_example_alias_consumer to None, run_after=None
[2024-09-03T16:55:38.872+0000] {logging_mixin.py:190} INFO - [2024-09-03T16:55:38.872+0000] {dag.py:4138} INFO - Setting next_dagrun for dataset_alias_example_alias_producer to None, run_after=None
[2024-09-03T16:55:38.873+0000] {logging_mixin.py:190} INFO - [2024-09-03T16:55:38.873+0000] {dag.py:4138} INFO - Setting next_dagrun for dataset_s3_bucket_consumer to None, run_after=None
[2024-09-03T16:55:38.874+0000] {logging_mixin.py:190} INFO - [2024-09-03T16:55:38.874+0000] {dag.py:4138} INFO - Setting next_dagrun for dataset_s3_bucket_producer to None, run_after=None
[2024-09-03T16:55:38.885+0000] {processor.py:208} INFO - Processing /home/airflow/.local/lib/python3.12/site-packages/airflow/example_dags/example_dataset_alias.py took 0.290 seconds
[2024-09-03T16:56:09.754+0000] {processor.py:186} INFO - Started process (PID=840) to work on /home/airflow/.local/lib/python3.12/site-packages/airflow/example_dags/example_dataset_alias.py
[2024-09-03T16:56:09.757+0000] {processor.py:914} INFO - Processing file /home/airflow/.local/lib/python3.12/site-packages/airflow/example_dags/example_dataset_alias.py for tasks to queue
[2024-09-03T16:56:09.764+0000] {logging_mixin.py:190} INFO - [2024-09-03T16:56:09.760+0000] {dagbag.py:587} INFO - Filling up the DagBag from /home/airflow/.local/lib/python3.12/site-packages/airflow/example_dags/example_dataset_alias.py
[2024-09-03T16:56:10.005+0000] {processor.py:925} INFO - DAG(s) 'dataset_s3_bucket_consumer', 'dataset_alias_example_alias_producer', 'dataset_s3_bucket_producer', 'dataset_alias_example_alias_consumer' retrieved from /home/airflow/.local/lib/python3.12/site-packages/airflow/example_dags/example_dataset_alias.py
[2024-09-03T16:56:10.025+0000] {logging_mixin.py:190} INFO - [2024-09-03T16:56:10.024+0000] {dag.py:3211} INFO - Sync 4 DAGs
[2024-09-03T16:56:10.040+0000] {logging_mixin.py:190} INFO - [2024-09-03T16:56:10.040+0000] {dag.py:4138} INFO - Setting next_dagrun for dataset_alias_example_alias_consumer to None, run_after=None
[2024-09-03T16:56:10.041+0000] {logging_mixin.py:190} INFO - [2024-09-03T16:56:10.041+0000] {dag.py:4138} INFO - Setting next_dagrun for dataset_alias_example_alias_producer to None, run_after=None
[2024-09-03T16:56:10.042+0000] {logging_mixin.py:190} INFO - [2024-09-03T16:56:10.042+0000] {dag.py:4138} INFO - Setting next_dagrun for dataset_s3_bucket_consumer to None, run_after=None
[2024-09-03T16:56:10.043+0000] {logging_mixin.py:190} INFO - [2024-09-03T16:56:10.043+0000] {dag.py:4138} INFO - Setting next_dagrun for dataset_s3_bucket_producer to None, run_after=None
[2024-09-03T16:56:10.059+0000] {processor.py:208} INFO - Processing /home/airflow/.local/lib/python3.12/site-packages/airflow/example_dags/example_dataset_alias.py took 0.312 seconds
[2024-09-03T16:56:40.665+0000] {processor.py:186} INFO - Started process (PID=903) to work on /home/airflow/.local/lib/python3.12/site-packages/airflow/example_dags/example_dataset_alias.py
[2024-09-03T16:56:40.668+0000] {processor.py:914} INFO - Processing file /home/airflow/.local/lib/python3.12/site-packages/airflow/example_dags/example_dataset_alias.py for tasks to queue
[2024-09-03T16:56:40.672+0000] {logging_mixin.py:190} INFO - [2024-09-03T16:56:40.672+0000] {dagbag.py:587} INFO - Filling up the DagBag from /home/airflow/.local/lib/python3.12/site-packages/airflow/example_dags/example_dataset_alias.py
[2024-09-03T16:56:40.885+0000] {processor.py:925} INFO - DAG(s) 'dataset_s3_bucket_consumer', 'dataset_alias_example_alias_producer', 'dataset_alias_example_alias_consumer', 'dataset_s3_bucket_producer' retrieved from /home/airflow/.local/lib/python3.12/site-packages/airflow/example_dags/example_dataset_alias.py
[2024-09-03T16:56:40.904+0000] {logging_mixin.py:190} INFO - [2024-09-03T16:56:40.904+0000] {dag.py:3211} INFO - Sync 4 DAGs
[2024-09-03T16:56:40.920+0000] {logging_mixin.py:190} INFO - [2024-09-03T16:56:40.920+0000] {dag.py:4138} INFO - Setting next_dagrun for dataset_alias_example_alias_consumer to None, run_after=None
[2024-09-03T16:56:40.923+0000] {logging_mixin.py:190} INFO - [2024-09-03T16:56:40.922+0000] {dag.py:4138} INFO - Setting next_dagrun for dataset_alias_example_alias_producer to None, run_after=None
[2024-09-03T16:56:40.924+0000] {logging_mixin.py:190} INFO - [2024-09-03T16:56:40.924+0000] {dag.py:4138} INFO - Setting next_dagrun for dataset_s3_bucket_consumer to None, run_after=None
[2024-09-03T16:56:40.925+0000] {logging_mixin.py:190} INFO - [2024-09-03T16:56:40.925+0000] {dag.py:4138} INFO - Setting next_dagrun for dataset_s3_bucket_producer to None, run_after=None
[2024-09-03T16:56:40.940+0000] {processor.py:208} INFO - Processing /home/airflow/.local/lib/python3.12/site-packages/airflow/example_dags/example_dataset_alias.py took 0.287 seconds
[2024-09-03T16:57:11.136+0000] {processor.py:186} INFO - Started process (PID=967) to work on /home/airflow/.local/lib/python3.12/site-packages/airflow/example_dags/example_dataset_alias.py
[2024-09-03T16:57:11.141+0000] {processor.py:914} INFO - Processing file /home/airflow/.local/lib/python3.12/site-packages/airflow/example_dags/example_dataset_alias.py for tasks to queue
[2024-09-03T16:57:11.150+0000] {logging_mixin.py:190} INFO - [2024-09-03T16:57:11.149+0000] {dagbag.py:587} INFO - Filling up the DagBag from /home/airflow/.local/lib/python3.12/site-packages/airflow/example_dags/example_dataset_alias.py
[2024-09-03T16:57:11.357+0000] {processor.py:925} INFO - DAG(s) 'dataset_alias_example_alias_consumer', 'dataset_alias_example_alias_producer', 'dataset_s3_bucket_consumer', 'dataset_s3_bucket_producer' retrieved from /home/airflow/.local/lib/python3.12/site-packages/airflow/example_dags/example_dataset_alias.py
[2024-09-03T16:57:11.370+0000] {logging_mixin.py:190} INFO - [2024-09-03T16:57:11.370+0000] {dag.py:3211} INFO - Sync 4 DAGs
[2024-09-03T16:57:11.394+0000] {logging_mixin.py:190} INFO - [2024-09-03T16:57:11.394+0000] {dag.py:4138} INFO - Setting next_dagrun for dataset_alias_example_alias_consumer to None, run_after=None
[2024-09-03T16:57:11.395+0000] {logging_mixin.py:190} INFO - [2024-09-03T16:57:11.395+0000] {dag.py:4138} INFO - Setting next_dagrun for dataset_alias_example_alias_producer to None, run_after=None
[2024-09-03T16:57:11.396+0000] {logging_mixin.py:190} INFO - [2024-09-03T16:57:11.396+0000] {dag.py:4138} INFO - Setting next_dagrun for dataset_s3_bucket_consumer to None, run_after=None
[2024-09-03T16:57:11.397+0000] {logging_mixin.py:190} INFO - [2024-09-03T16:57:11.397+0000] {dag.py:4138} INFO - Setting next_dagrun for dataset_s3_bucket_producer to None, run_after=None
[2024-09-03T16:57:11.409+0000] {processor.py:208} INFO - Processing /home/airflow/.local/lib/python3.12/site-packages/airflow/example_dags/example_dataset_alias.py took 0.284 seconds
[2024-09-03T16:57:41.995+0000] {processor.py:186} INFO - Started process (PID=1031) to work on /home/airflow/.local/lib/python3.12/site-packages/airflow/example_dags/example_dataset_alias.py
[2024-09-03T16:57:41.996+0000] {processor.py:914} INFO - Processing file /home/airflow/.local/lib/python3.12/site-packages/airflow/example_dags/example_dataset_alias.py for tasks to queue
[2024-09-03T16:57:41.998+0000] {logging_mixin.py:190} INFO - [2024-09-03T16:57:41.997+0000] {dagbag.py:587} INFO - Filling up the DagBag from /home/airflow/.local/lib/python3.12/site-packages/airflow/example_dags/example_dataset_alias.py
[2024-09-03T16:57:42.113+0000] {processor.py:925} INFO - DAG(s) 'dataset_s3_bucket_producer', 'dataset_alias_example_alias_producer', 'dataset_s3_bucket_consumer', 'dataset_alias_example_alias_consumer' retrieved from /home/airflow/.local/lib/python3.12/site-packages/airflow/example_dags/example_dataset_alias.py
[2024-09-03T16:57:42.135+0000] {logging_mixin.py:190} INFO - [2024-09-03T16:57:42.134+0000] {dag.py:3211} INFO - Sync 4 DAGs
[2024-09-03T16:57:42.150+0000] {logging_mixin.py:190} INFO - [2024-09-03T16:57:42.149+0000] {dag.py:4138} INFO - Setting next_dagrun for dataset_alias_example_alias_consumer to None, run_after=None
[2024-09-03T16:57:42.151+0000] {logging_mixin.py:190} INFO - [2024-09-03T16:57:42.151+0000] {dag.py:4138} INFO - Setting next_dagrun for dataset_alias_example_alias_producer to None, run_after=None
[2024-09-03T16:57:42.152+0000] {logging_mixin.py:190} INFO - [2024-09-03T16:57:42.152+0000] {dag.py:4138} INFO - Setting next_dagrun for dataset_s3_bucket_consumer to None, run_after=None
[2024-09-03T16:57:42.153+0000] {logging_mixin.py:190} INFO - [2024-09-03T16:57:42.152+0000] {dag.py:4138} INFO - Setting next_dagrun for dataset_s3_bucket_producer to None, run_after=None
[2024-09-03T16:57:42.164+0000] {processor.py:208} INFO - Processing /home/airflow/.local/lib/python3.12/site-packages/airflow/example_dags/example_dataset_alias.py took 0.173 seconds
[2024-09-03T16:58:12.502+0000] {processor.py:186} INFO - Started process (PID=1094) to work on /home/airflow/.local/lib/python3.12/site-packages/airflow/example_dags/example_dataset_alias.py
[2024-09-03T16:58:12.505+0000] {processor.py:914} INFO - Processing file /home/airflow/.local/lib/python3.12/site-packages/airflow/example_dags/example_dataset_alias.py for tasks to queue
[2024-09-03T16:58:12.507+0000] {logging_mixin.py:190} INFO - [2024-09-03T16:58:12.507+0000] {dagbag.py:587} INFO - Filling up the DagBag from /home/airflow/.local/lib/python3.12/site-packages/airflow/example_dags/example_dataset_alias.py
[2024-09-03T16:58:12.784+0000] {processor.py:925} INFO - DAG(s) 'dataset_alias_example_alias_consumer', 'dataset_alias_example_alias_producer', 'dataset_s3_bucket_producer', 'dataset_s3_bucket_consumer' retrieved from /home/airflow/.local/lib/python3.12/site-packages/airflow/example_dags/example_dataset_alias.py
[2024-09-03T16:58:12.802+0000] {logging_mixin.py:190} INFO - [2024-09-03T16:58:12.802+0000] {dag.py:3211} INFO - Sync 4 DAGs
[2024-09-03T16:58:12.837+0000] {logging_mixin.py:190} INFO - [2024-09-03T16:58:12.836+0000] {dag.py:4138} INFO - Setting next_dagrun for dataset_alias_example_alias_consumer to None, run_after=None
[2024-09-03T16:58:12.840+0000] {logging_mixin.py:190} INFO - [2024-09-03T16:58:12.840+0000] {dag.py:4138} INFO - Setting next_dagrun for dataset_alias_example_alias_producer to None, run_after=None
[2024-09-03T16:58:12.841+0000] {logging_mixin.py:190} INFO - [2024-09-03T16:58:12.841+0000] {dag.py:4138} INFO - Setting next_dagrun for dataset_s3_bucket_consumer to None, run_after=None
[2024-09-03T16:58:12.843+0000] {logging_mixin.py:190} INFO - [2024-09-03T16:58:12.842+0000] {dag.py:4138} INFO - Setting next_dagrun for dataset_s3_bucket_producer to None, run_after=None
[2024-09-03T16:58:12.860+0000] {processor.py:208} INFO - Processing /home/airflow/.local/lib/python3.12/site-packages/airflow/example_dags/example_dataset_alias.py took 0.363 seconds
