[2024-09-03T16:50:01.650+0000] {processor.py:186} INFO - Started process (PID=90) to work on /home/airflow/.local/lib/python3.12/site-packages/airflow/example_dags/example_workday_timetable.py
[2024-09-03T16:50:01.652+0000] {processor.py:914} INFO - Processing file /home/airflow/.local/lib/python3.12/site-packages/airflow/example_dags/example_workday_timetable.py for tasks to queue
[2024-09-03T16:50:01.654+0000] {logging_mixin.py:190} INFO - [2024-09-03T16:50:01.654+0000] {dagbag.py:587} INFO - Filling up the DagBag from /home/airflow/.local/lib/python3.12/site-packages/airflow/example_dags/example_workday_timetable.py
[2024-09-03T16:50:01.673+0000] {processor.py:925} INFO - DAG(s) 'example_workday_timetable' retrieved from /home/airflow/.local/lib/python3.12/site-packages/airflow/example_dags/example_workday_timetable.py
[2024-09-03T16:50:01.797+0000] {logging_mixin.py:190} INFO - [2024-09-03T16:50:01.796+0000] {override.py:1858} INFO - Created Permission View: can delete on DAG:example_workday_timetable
[2024-09-03T16:50:01.808+0000] {logging_mixin.py:190} INFO - [2024-09-03T16:50:01.807+0000] {override.py:1858} INFO - Created Permission View: can edit on DAG:example_workday_timetable
[2024-09-03T16:50:01.821+0000] {logging_mixin.py:190} INFO - [2024-09-03T16:50:01.821+0000] {override.py:1858} INFO - Created Permission View: can read on DAG:example_workday_timetable
[2024-09-03T16:50:01.822+0000] {logging_mixin.py:190} INFO - [2024-09-03T16:50:01.822+0000] {dag.py:3211} INFO - Sync 1 DAGs
[2024-09-03T16:50:01.834+0000] {logging_mixin.py:190} INFO - [2024-09-03T16:50:01.834+0000] {dag.py:3234} INFO - Creating ORM DAG for example_workday_timetable
[2024-09-03T16:50:03.306+0000] {logging_mixin.py:190} INFO - [2024-09-03T16:50:03.298+0000] {dag.py:4138} INFO - Setting next_dagrun for example_workday_timetable to 2021-01-04 00:00:00+00:00, run_after=2021-01-05 00:00:00+00:00
[2024-09-03T16:50:03.441+0000] {processor.py:208} INFO - Processing /home/airflow/.local/lib/python3.12/site-packages/airflow/example_dags/example_workday_timetable.py took 1.796 seconds
[2024-09-03T16:50:33.768+0000] {processor.py:186} INFO - Started process (PID=159) to work on /home/airflow/.local/lib/python3.12/site-packages/airflow/example_dags/example_workday_timetable.py
[2024-09-03T16:50:33.769+0000] {processor.py:914} INFO - Processing file /home/airflow/.local/lib/python3.12/site-packages/airflow/example_dags/example_workday_timetable.py for tasks to queue
[2024-09-03T16:50:33.771+0000] {logging_mixin.py:190} INFO - [2024-09-03T16:50:33.771+0000] {dagbag.py:587} INFO - Filling up the DagBag from /home/airflow/.local/lib/python3.12/site-packages/airflow/example_dags/example_workday_timetable.py
[2024-09-03T16:50:33.776+0000] {processor.py:925} INFO - DAG(s) 'example_workday_timetable' retrieved from /home/airflow/.local/lib/python3.12/site-packages/airflow/example_dags/example_workday_timetable.py
[2024-09-03T16:50:33.793+0000] {logging_mixin.py:190} INFO - [2024-09-03T16:50:33.793+0000] {dag.py:3211} INFO - Sync 1 DAGs
[2024-09-03T16:50:33.932+0000] {logging_mixin.py:190} INFO - [2024-09-03T16:50:33.932+0000] {dag.py:4138} INFO - Setting next_dagrun for example_workday_timetable to 2021-01-04 00:00:00+00:00, run_after=2021-01-05 00:00:00+00:00
[2024-09-03T16:50:33.954+0000] {processor.py:208} INFO - Processing /home/airflow/.local/lib/python3.12/site-packages/airflow/example_dags/example_workday_timetable.py took 0.190 seconds
[2024-09-03T16:51:04.419+0000] {processor.py:186} INFO - Started process (PID=219) to work on /home/airflow/.local/lib/python3.12/site-packages/airflow/example_dags/example_workday_timetable.py
[2024-09-03T16:51:04.422+0000] {processor.py:914} INFO - Processing file /home/airflow/.local/lib/python3.12/site-packages/airflow/example_dags/example_workday_timetable.py for tasks to queue
[2024-09-03T16:51:04.426+0000] {logging_mixin.py:190} INFO - [2024-09-03T16:51:04.426+0000] {dagbag.py:587} INFO - Filling up the DagBag from /home/airflow/.local/lib/python3.12/site-packages/airflow/example_dags/example_workday_timetable.py
[2024-09-03T16:51:04.435+0000] {processor.py:925} INFO - DAG(s) 'example_workday_timetable' retrieved from /home/airflow/.local/lib/python3.12/site-packages/airflow/example_dags/example_workday_timetable.py
[2024-09-03T16:51:04.467+0000] {logging_mixin.py:190} INFO - [2024-09-03T16:51:04.466+0000] {dag.py:3211} INFO - Sync 1 DAGs
[2024-09-03T16:51:04.549+0000] {logging_mixin.py:190} INFO - [2024-09-03T16:51:04.548+0000] {dag.py:4138} INFO - Setting next_dagrun for example_workday_timetable to 2021-01-04 00:00:00+00:00, run_after=2021-01-05 00:00:00+00:00
[2024-09-03T16:51:04.562+0000] {processor.py:208} INFO - Processing /home/airflow/.local/lib/python3.12/site-packages/airflow/example_dags/example_workday_timetable.py took 0.164 seconds
[2024-09-03T16:51:34.643+0000] {processor.py:186} INFO - Started process (PID=282) to work on /home/airflow/.local/lib/python3.12/site-packages/airflow/example_dags/example_workday_timetable.py
[2024-09-03T16:51:34.644+0000] {processor.py:914} INFO - Processing file /home/airflow/.local/lib/python3.12/site-packages/airflow/example_dags/example_workday_timetable.py for tasks to queue
[2024-09-03T16:51:34.646+0000] {logging_mixin.py:190} INFO - [2024-09-03T16:51:34.646+0000] {dagbag.py:587} INFO - Filling up the DagBag from /home/airflow/.local/lib/python3.12/site-packages/airflow/example_dags/example_workday_timetable.py
[2024-09-03T16:51:34.654+0000] {processor.py:925} INFO - DAG(s) 'example_workday_timetable' retrieved from /home/airflow/.local/lib/python3.12/site-packages/airflow/example_dags/example_workday_timetable.py
[2024-09-03T16:51:34.677+0000] {logging_mixin.py:190} INFO - [2024-09-03T16:51:34.677+0000] {dag.py:3211} INFO - Sync 1 DAGs
[2024-09-03T16:51:34.747+0000] {logging_mixin.py:190} INFO - [2024-09-03T16:51:34.747+0000] {dag.py:4138} INFO - Setting next_dagrun for example_workday_timetable to 2021-01-04 00:00:00+00:00, run_after=2021-01-05 00:00:00+00:00
[2024-09-03T16:51:34.761+0000] {processor.py:208} INFO - Processing /home/airflow/.local/lib/python3.12/site-packages/airflow/example_dags/example_workday_timetable.py took 0.124 seconds
[2024-09-03T16:52:05.045+0000] {processor.py:186} INFO - Started process (PID=343) to work on /home/airflow/.local/lib/python3.12/site-packages/airflow/example_dags/example_workday_timetable.py
[2024-09-03T16:52:05.055+0000] {processor.py:914} INFO - Processing file /home/airflow/.local/lib/python3.12/site-packages/airflow/example_dags/example_workday_timetable.py for tasks to queue
[2024-09-03T16:52:05.057+0000] {logging_mixin.py:190} INFO - [2024-09-03T16:52:05.057+0000] {dagbag.py:587} INFO - Filling up the DagBag from /home/airflow/.local/lib/python3.12/site-packages/airflow/example_dags/example_workday_timetable.py
[2024-09-03T16:52:05.063+0000] {processor.py:925} INFO - DAG(s) 'example_workday_timetable' retrieved from /home/airflow/.local/lib/python3.12/site-packages/airflow/example_dags/example_workday_timetable.py
[2024-09-03T16:52:05.093+0000] {logging_mixin.py:190} INFO - [2024-09-03T16:52:05.093+0000] {dag.py:3211} INFO - Sync 1 DAGs
[2024-09-03T16:52:05.188+0000] {logging_mixin.py:190} INFO - [2024-09-03T16:52:05.188+0000] {dag.py:4138} INFO - Setting next_dagrun for example_workday_timetable to 2021-01-04 00:00:00+00:00, run_after=2021-01-05 00:00:00+00:00
[2024-09-03T16:52:05.203+0000] {processor.py:208} INFO - Processing /home/airflow/.local/lib/python3.12/site-packages/airflow/example_dags/example_workday_timetable.py took 0.163 seconds
[2024-09-03T16:52:35.530+0000] {processor.py:186} INFO - Started process (PID=406) to work on /home/airflow/.local/lib/python3.12/site-packages/airflow/example_dags/example_workday_timetable.py
[2024-09-03T16:52:35.531+0000] {processor.py:914} INFO - Processing file /home/airflow/.local/lib/python3.12/site-packages/airflow/example_dags/example_workday_timetable.py for tasks to queue
[2024-09-03T16:52:35.534+0000] {logging_mixin.py:190} INFO - [2024-09-03T16:52:35.533+0000] {dagbag.py:587} INFO - Filling up the DagBag from /home/airflow/.local/lib/python3.12/site-packages/airflow/example_dags/example_workday_timetable.py
[2024-09-03T16:52:35.540+0000] {processor.py:925} INFO - DAG(s) 'example_workday_timetable' retrieved from /home/airflow/.local/lib/python3.12/site-packages/airflow/example_dags/example_workday_timetable.py
[2024-09-03T16:52:35.574+0000] {logging_mixin.py:190} INFO - [2024-09-03T16:52:35.574+0000] {dag.py:3211} INFO - Sync 1 DAGs
[2024-09-03T16:52:35.645+0000] {logging_mixin.py:190} INFO - [2024-09-03T16:52:35.645+0000] {dag.py:4138} INFO - Setting next_dagrun for example_workday_timetable to 2021-01-04 00:00:00+00:00, run_after=2021-01-05 00:00:00+00:00
[2024-09-03T16:52:35.657+0000] {processor.py:208} INFO - Processing /home/airflow/.local/lib/python3.12/site-packages/airflow/example_dags/example_workday_timetable.py took 0.131 seconds
[2024-09-03T16:53:06.311+0000] {processor.py:186} INFO - Started process (PID=469) to work on /home/airflow/.local/lib/python3.12/site-packages/airflow/example_dags/example_workday_timetable.py
[2024-09-03T16:53:06.314+0000] {processor.py:914} INFO - Processing file /home/airflow/.local/lib/python3.12/site-packages/airflow/example_dags/example_workday_timetable.py for tasks to queue
[2024-09-03T16:53:06.319+0000] {logging_mixin.py:190} INFO - [2024-09-03T16:53:06.319+0000] {dagbag.py:587} INFO - Filling up the DagBag from /home/airflow/.local/lib/python3.12/site-packages/airflow/example_dags/example_workday_timetable.py
[2024-09-03T16:53:06.332+0000] {processor.py:925} INFO - DAG(s) 'example_workday_timetable' retrieved from /home/airflow/.local/lib/python3.12/site-packages/airflow/example_dags/example_workday_timetable.py
[2024-09-03T16:53:06.415+0000] {logging_mixin.py:190} INFO - [2024-09-03T16:53:06.414+0000] {dag.py:3211} INFO - Sync 1 DAGs
[2024-09-03T16:53:06.556+0000] {logging_mixin.py:190} INFO - [2024-09-03T16:53:06.556+0000] {dag.py:4138} INFO - Setting next_dagrun for example_workday_timetable to 2021-01-04 00:00:00+00:00, run_after=2021-01-05 00:00:00+00:00
[2024-09-03T16:53:06.599+0000] {processor.py:208} INFO - Processing /home/airflow/.local/lib/python3.12/site-packages/airflow/example_dags/example_workday_timetable.py took 0.296 seconds
[2024-09-03T16:53:37.537+0000] {processor.py:186} INFO - Started process (PID=533) to work on /home/airflow/.local/lib/python3.12/site-packages/airflow/example_dags/example_workday_timetable.py
[2024-09-03T16:53:37.539+0000] {processor.py:914} INFO - Processing file /home/airflow/.local/lib/python3.12/site-packages/airflow/example_dags/example_workday_timetable.py for tasks to queue
[2024-09-03T16:53:37.542+0000] {logging_mixin.py:190} INFO - [2024-09-03T16:53:37.542+0000] {dagbag.py:587} INFO - Filling up the DagBag from /home/airflow/.local/lib/python3.12/site-packages/airflow/example_dags/example_workday_timetable.py
[2024-09-03T16:53:37.549+0000] {processor.py:925} INFO - DAG(s) 'example_workday_timetable' retrieved from /home/airflow/.local/lib/python3.12/site-packages/airflow/example_dags/example_workday_timetable.py
[2024-09-03T16:53:37.574+0000] {logging_mixin.py:190} INFO - [2024-09-03T16:53:37.574+0000] {dag.py:3211} INFO - Sync 1 DAGs
[2024-09-03T16:53:37.660+0000] {logging_mixin.py:190} INFO - [2024-09-03T16:53:37.660+0000] {dag.py:4138} INFO - Setting next_dagrun for example_workday_timetable to 2021-01-04 00:00:00+00:00, run_after=2021-01-05 00:00:00+00:00
[2024-09-03T16:53:37.684+0000] {processor.py:208} INFO - Processing /home/airflow/.local/lib/python3.12/site-packages/airflow/example_dags/example_workday_timetable.py took 0.155 seconds
[2024-09-03T16:54:08.811+0000] {processor.py:186} INFO - Started process (PID=597) to work on /home/airflow/.local/lib/python3.12/site-packages/airflow/example_dags/example_workday_timetable.py
[2024-09-03T16:54:08.812+0000] {processor.py:914} INFO - Processing file /home/airflow/.local/lib/python3.12/site-packages/airflow/example_dags/example_workday_timetable.py for tasks to queue
[2024-09-03T16:54:08.813+0000] {logging_mixin.py:190} INFO - [2024-09-03T16:54:08.813+0000] {dagbag.py:587} INFO - Filling up the DagBag from /home/airflow/.local/lib/python3.12/site-packages/airflow/example_dags/example_workday_timetable.py
[2024-09-03T16:54:08.819+0000] {processor.py:925} INFO - DAG(s) 'example_workday_timetable' retrieved from /home/airflow/.local/lib/python3.12/site-packages/airflow/example_dags/example_workday_timetable.py
[2024-09-03T16:54:08.834+0000] {logging_mixin.py:190} INFO - [2024-09-03T16:54:08.834+0000] {dag.py:3211} INFO - Sync 1 DAGs
[2024-09-03T16:54:08.915+0000] {logging_mixin.py:190} INFO - [2024-09-03T16:54:08.915+0000] {dag.py:4138} INFO - Setting next_dagrun for example_workday_timetable to 2021-01-04 00:00:00+00:00, run_after=2021-01-05 00:00:00+00:00
[2024-09-03T16:54:08.931+0000] {processor.py:208} INFO - Processing /home/airflow/.local/lib/python3.12/site-packages/airflow/example_dags/example_workday_timetable.py took 0.126 seconds
[2024-09-03T16:54:39.326+0000] {processor.py:186} INFO - Started process (PID=660) to work on /home/airflow/.local/lib/python3.12/site-packages/airflow/example_dags/example_workday_timetable.py
[2024-09-03T16:54:39.329+0000] {processor.py:914} INFO - Processing file /home/airflow/.local/lib/python3.12/site-packages/airflow/example_dags/example_workday_timetable.py for tasks to queue
[2024-09-03T16:54:39.331+0000] {logging_mixin.py:190} INFO - [2024-09-03T16:54:39.331+0000] {dagbag.py:587} INFO - Filling up the DagBag from /home/airflow/.local/lib/python3.12/site-packages/airflow/example_dags/example_workday_timetable.py
[2024-09-03T16:54:39.338+0000] {processor.py:925} INFO - DAG(s) 'example_workday_timetable' retrieved from /home/airflow/.local/lib/python3.12/site-packages/airflow/example_dags/example_workday_timetable.py
[2024-09-03T16:54:39.360+0000] {logging_mixin.py:190} INFO - [2024-09-03T16:54:39.360+0000] {dag.py:3211} INFO - Sync 1 DAGs
[2024-09-03T16:54:39.412+0000] {logging_mixin.py:190} INFO - [2024-09-03T16:54:39.411+0000] {dag.py:4138} INFO - Setting next_dagrun for example_workday_timetable to 2021-01-04 00:00:00+00:00, run_after=2021-01-05 00:00:00+00:00
[2024-09-03T16:54:39.424+0000] {processor.py:208} INFO - Processing /home/airflow/.local/lib/python3.12/site-packages/airflow/example_dags/example_workday_timetable.py took 0.104 seconds
[2024-09-03T16:55:10.284+0000] {processor.py:186} INFO - Started process (PID=723) to work on /home/airflow/.local/lib/python3.12/site-packages/airflow/example_dags/example_workday_timetable.py
[2024-09-03T16:55:10.286+0000] {processor.py:914} INFO - Processing file /home/airflow/.local/lib/python3.12/site-packages/airflow/example_dags/example_workday_timetable.py for tasks to queue
[2024-09-03T16:55:10.288+0000] {logging_mixin.py:190} INFO - [2024-09-03T16:55:10.288+0000] {dagbag.py:587} INFO - Filling up the DagBag from /home/airflow/.local/lib/python3.12/site-packages/airflow/example_dags/example_workday_timetable.py
[2024-09-03T16:55:10.294+0000] {processor.py:925} INFO - DAG(s) 'example_workday_timetable' retrieved from /home/airflow/.local/lib/python3.12/site-packages/airflow/example_dags/example_workday_timetable.py
[2024-09-03T16:55:10.312+0000] {logging_mixin.py:190} INFO - [2024-09-03T16:55:10.312+0000] {dag.py:3211} INFO - Sync 1 DAGs
[2024-09-03T16:55:10.408+0000] {logging_mixin.py:190} INFO - [2024-09-03T16:55:10.407+0000] {dag.py:4138} INFO - Setting next_dagrun for example_workday_timetable to 2021-01-04 00:00:00+00:00, run_after=2021-01-05 00:00:00+00:00
[2024-09-03T16:55:10.426+0000] {processor.py:208} INFO - Processing /home/airflow/.local/lib/python3.12/site-packages/airflow/example_dags/example_workday_timetable.py took 0.148 seconds
[2024-09-03T16:55:40.503+0000] {processor.py:186} INFO - Started process (PID=786) to work on /home/airflow/.local/lib/python3.12/site-packages/airflow/example_dags/example_workday_timetable.py
[2024-09-03T16:55:40.505+0000] {processor.py:914} INFO - Processing file /home/airflow/.local/lib/python3.12/site-packages/airflow/example_dags/example_workday_timetable.py for tasks to queue
[2024-09-03T16:55:40.506+0000] {logging_mixin.py:190} INFO - [2024-09-03T16:55:40.506+0000] {dagbag.py:587} INFO - Filling up the DagBag from /home/airflow/.local/lib/python3.12/site-packages/airflow/example_dags/example_workday_timetable.py
[2024-09-03T16:55:40.511+0000] {processor.py:925} INFO - DAG(s) 'example_workday_timetable' retrieved from /home/airflow/.local/lib/python3.12/site-packages/airflow/example_dags/example_workday_timetable.py
[2024-09-03T16:55:40.537+0000] {logging_mixin.py:190} INFO - [2024-09-03T16:55:40.536+0000] {dag.py:3211} INFO - Sync 1 DAGs
[2024-09-03T16:55:40.607+0000] {logging_mixin.py:190} INFO - [2024-09-03T16:55:40.607+0000] {dag.py:4138} INFO - Setting next_dagrun for example_workday_timetable to 2021-01-04 00:00:00+00:00, run_after=2021-01-05 00:00:00+00:00
[2024-09-03T16:55:40.618+0000] {processor.py:208} INFO - Processing /home/airflow/.local/lib/python3.12/site-packages/airflow/example_dags/example_workday_timetable.py took 0.119 seconds
[2024-09-03T16:56:10.654+0000] {processor.py:186} INFO - Started process (PID=848) to work on /home/airflow/.local/lib/python3.12/site-packages/airflow/example_dags/example_workday_timetable.py
[2024-09-03T16:56:10.655+0000] {processor.py:914} INFO - Processing file /home/airflow/.local/lib/python3.12/site-packages/airflow/example_dags/example_workday_timetable.py for tasks to queue
[2024-09-03T16:56:10.656+0000] {logging_mixin.py:190} INFO - [2024-09-03T16:56:10.656+0000] {dagbag.py:587} INFO - Filling up the DagBag from /home/airflow/.local/lib/python3.12/site-packages/airflow/example_dags/example_workday_timetable.py
[2024-09-03T16:56:10.661+0000] {processor.py:925} INFO - DAG(s) 'example_workday_timetable' retrieved from /home/airflow/.local/lib/python3.12/site-packages/airflow/example_dags/example_workday_timetable.py
[2024-09-03T16:56:10.679+0000] {logging_mixin.py:190} INFO - [2024-09-03T16:56:10.679+0000] {dag.py:3211} INFO - Sync 1 DAGs
[2024-09-03T16:56:10.790+0000] {logging_mixin.py:190} INFO - [2024-09-03T16:56:10.789+0000] {dag.py:4138} INFO - Setting next_dagrun for example_workday_timetable to 2021-01-04 00:00:00+00:00, run_after=2021-01-05 00:00:00+00:00
[2024-09-03T16:56:10.810+0000] {processor.py:208} INFO - Processing /home/airflow/.local/lib/python3.12/site-packages/airflow/example_dags/example_workday_timetable.py took 0.160 seconds
[2024-09-03T16:56:41.440+0000] {processor.py:186} INFO - Started process (PID=912) to work on /home/airflow/.local/lib/python3.12/site-packages/airflow/example_dags/example_workday_timetable.py
[2024-09-03T16:56:41.441+0000] {processor.py:914} INFO - Processing file /home/airflow/.local/lib/python3.12/site-packages/airflow/example_dags/example_workday_timetable.py for tasks to queue
[2024-09-03T16:56:41.443+0000] {logging_mixin.py:190} INFO - [2024-09-03T16:56:41.443+0000] {dagbag.py:587} INFO - Filling up the DagBag from /home/airflow/.local/lib/python3.12/site-packages/airflow/example_dags/example_workday_timetable.py
[2024-09-03T16:56:41.447+0000] {processor.py:925} INFO - DAG(s) 'example_workday_timetable' retrieved from /home/airflow/.local/lib/python3.12/site-packages/airflow/example_dags/example_workday_timetable.py
[2024-09-03T16:56:41.463+0000] {logging_mixin.py:190} INFO - [2024-09-03T16:56:41.462+0000] {dag.py:3211} INFO - Sync 1 DAGs
[2024-09-03T16:56:41.501+0000] {logging_mixin.py:190} INFO - [2024-09-03T16:56:41.500+0000] {dag.py:4138} INFO - Setting next_dagrun for example_workday_timetable to 2021-01-04 00:00:00+00:00, run_after=2021-01-05 00:00:00+00:00
[2024-09-03T16:56:41.510+0000] {processor.py:208} INFO - Processing /home/airflow/.local/lib/python3.12/site-packages/airflow/example_dags/example_workday_timetable.py took 0.074 seconds
[2024-09-03T16:57:12.050+0000] {processor.py:186} INFO - Started process (PID=976) to work on /home/airflow/.local/lib/python3.12/site-packages/airflow/example_dags/example_workday_timetable.py
[2024-09-03T16:57:12.051+0000] {processor.py:914} INFO - Processing file /home/airflow/.local/lib/python3.12/site-packages/airflow/example_dags/example_workday_timetable.py for tasks to queue
[2024-09-03T16:57:12.055+0000] {logging_mixin.py:190} INFO - [2024-09-03T16:57:12.055+0000] {dagbag.py:587} INFO - Filling up the DagBag from /home/airflow/.local/lib/python3.12/site-packages/airflow/example_dags/example_workday_timetable.py
[2024-09-03T16:57:12.070+0000] {processor.py:925} INFO - DAG(s) 'example_workday_timetable' retrieved from /home/airflow/.local/lib/python3.12/site-packages/airflow/example_dags/example_workday_timetable.py
[2024-09-03T16:57:12.114+0000] {logging_mixin.py:190} INFO - [2024-09-03T16:57:12.113+0000] {dag.py:3211} INFO - Sync 1 DAGs
[2024-09-03T16:57:12.209+0000] {logging_mixin.py:190} INFO - [2024-09-03T16:57:12.209+0000] {dag.py:4138} INFO - Setting next_dagrun for example_workday_timetable to 2021-01-04 00:00:00+00:00, run_after=2021-01-05 00:00:00+00:00
[2024-09-03T16:57:12.225+0000] {processor.py:208} INFO - Processing /home/airflow/.local/lib/python3.12/site-packages/airflow/example_dags/example_workday_timetable.py took 0.183 seconds
[2024-09-03T16:57:42.466+0000] {processor.py:186} INFO - Started process (PID=1039) to work on /home/airflow/.local/lib/python3.12/site-packages/airflow/example_dags/example_workday_timetable.py
[2024-09-03T16:57:42.467+0000] {processor.py:914} INFO - Processing file /home/airflow/.local/lib/python3.12/site-packages/airflow/example_dags/example_workday_timetable.py for tasks to queue
[2024-09-03T16:57:42.469+0000] {logging_mixin.py:190} INFO - [2024-09-03T16:57:42.469+0000] {dagbag.py:587} INFO - Filling up the DagBag from /home/airflow/.local/lib/python3.12/site-packages/airflow/example_dags/example_workday_timetable.py
[2024-09-03T16:57:42.474+0000] {processor.py:925} INFO - DAG(s) 'example_workday_timetable' retrieved from /home/airflow/.local/lib/python3.12/site-packages/airflow/example_dags/example_workday_timetable.py
[2024-09-03T16:57:42.499+0000] {logging_mixin.py:190} INFO - [2024-09-03T16:57:42.499+0000] {dag.py:3211} INFO - Sync 1 DAGs
[2024-09-03T16:57:42.542+0000] {logging_mixin.py:190} INFO - [2024-09-03T16:57:42.542+0000] {dag.py:4138} INFO - Setting next_dagrun for example_workday_timetable to 2021-01-04 00:00:00+00:00, run_after=2021-01-05 00:00:00+00:00
[2024-09-03T16:57:42.551+0000] {processor.py:208} INFO - Processing /home/airflow/.local/lib/python3.12/site-packages/airflow/example_dags/example_workday_timetable.py took 0.091 seconds
[2024-09-03T16:58:13.392+0000] {processor.py:186} INFO - Started process (PID=1102) to work on /home/airflow/.local/lib/python3.12/site-packages/airflow/example_dags/example_workday_timetable.py
[2024-09-03T16:58:13.394+0000] {processor.py:914} INFO - Processing file /home/airflow/.local/lib/python3.12/site-packages/airflow/example_dags/example_workday_timetable.py for tasks to queue
[2024-09-03T16:58:13.402+0000] {logging_mixin.py:190} INFO - [2024-09-03T16:58:13.402+0000] {dagbag.py:587} INFO - Filling up the DagBag from /home/airflow/.local/lib/python3.12/site-packages/airflow/example_dags/example_workday_timetable.py
[2024-09-03T16:58:13.420+0000] {processor.py:925} INFO - DAG(s) 'example_workday_timetable' retrieved from /home/airflow/.local/lib/python3.12/site-packages/airflow/example_dags/example_workday_timetable.py
[2024-09-03T16:58:13.448+0000] {logging_mixin.py:190} INFO - [2024-09-03T16:58:13.447+0000] {dag.py:3211} INFO - Sync 1 DAGs
[2024-09-03T16:58:13.494+0000] {logging_mixin.py:190} INFO - [2024-09-03T16:58:13.494+0000] {dag.py:4138} INFO - Setting next_dagrun for example_workday_timetable to 2021-01-04 00:00:00+00:00, run_after=2021-01-05 00:00:00+00:00
[2024-09-03T16:58:13.514+0000] {processor.py:208} INFO - Processing /home/airflow/.local/lib/python3.12/site-packages/airflow/example_dags/example_workday_timetable.py took 0.128 seconds
