[2024-09-03T16:49:57.127+0000] {processor.py:186} INFO - Started process (PID=80) to work on /home/airflow/.local/lib/python3.12/site-packages/airflow/example_dags/example_inlet_event_extra.py
[2024-09-03T16:49:57.133+0000] {processor.py:914} INFO - Processing file /home/airflow/.local/lib/python3.12/site-packages/airflow/example_dags/example_inlet_event_extra.py for tasks to queue
[2024-09-03T16:49:57.163+0000] {logging_mixin.py:190} INFO - [2024-09-03T16:49:57.160+0000] {dagbag.py:587} INFO - Filling up the DagBag from /home/airflow/.local/lib/python3.12/site-packages/airflow/example_dags/example_inlet_event_extra.py
[2024-09-03T16:49:58.402+0000] {processor.py:925} INFO - DAG(s) 'read_dataset_event', 'read_dataset_event_from_classic' retrieved from /home/airflow/.local/lib/python3.12/site-packages/airflow/example_dags/example_inlet_event_extra.py
[2024-09-03T16:49:58.848+0000] {logging_mixin.py:190} INFO - [2024-09-03T16:49:58.844+0000] {override.py:1858} INFO - Created Permission View: can delete on DAG:read_dataset_event
[2024-09-03T16:49:58.886+0000] {logging_mixin.py:190} INFO - [2024-09-03T16:49:58.885+0000] {override.py:1858} INFO - Created Permission View: can edit on DAG:read_dataset_event
[2024-09-03T16:49:58.894+0000] {logging_mixin.py:190} INFO - [2024-09-03T16:49:58.893+0000] {override.py:1858} INFO - Created Permission View: can read on DAG:read_dataset_event
[2024-09-03T16:49:58.908+0000] {logging_mixin.py:190} INFO - [2024-09-03T16:49:58.908+0000] {override.py:1858} INFO - Created Permission View: can delete on DAG:read_dataset_event_from_classic
[2024-09-03T16:49:58.915+0000] {logging_mixin.py:190} INFO - [2024-09-03T16:49:58.914+0000] {override.py:1858} INFO - Created Permission View: can edit on DAG:read_dataset_event_from_classic
[2024-09-03T16:49:58.925+0000] {logging_mixin.py:190} INFO - [2024-09-03T16:49:58.924+0000] {override.py:1858} INFO - Created Permission View: can read on DAG:read_dataset_event_from_classic
[2024-09-03T16:49:58.927+0000] {logging_mixin.py:190} INFO - [2024-09-03T16:49:58.926+0000] {dag.py:3211} INFO - Sync 2 DAGs
[2024-09-03T16:49:58.962+0000] {logging_mixin.py:190} INFO - [2024-09-03T16:49:58.961+0000] {dag.py:3234} INFO - Creating ORM DAG for read_dataset_event_from_classic
[2024-09-03T16:49:58.964+0000] {logging_mixin.py:190} INFO - [2024-09-03T16:49:58.963+0000] {dag.py:3234} INFO - Creating ORM DAG for read_dataset_event
[2024-09-03T16:49:59.000+0000] {logging_mixin.py:190} INFO - [2024-09-03T16:49:58.999+0000] {dag.py:4138} INFO - Setting next_dagrun for read_dataset_event to 2024-09-02 00:00:00+00:00, run_after=2024-09-03 00:00:00+00:00
[2024-09-03T16:49:59.003+0000] {logging_mixin.py:190} INFO - [2024-09-03T16:49:59.003+0000] {dag.py:4138} INFO - Setting next_dagrun for read_dataset_event_from_classic to 2024-09-02 00:00:00+00:00, run_after=2024-09-03 00:00:00+00:00
[2024-09-03T16:49:59.043+0000] {processor.py:208} INFO - Processing /home/airflow/.local/lib/python3.12/site-packages/airflow/example_dags/example_inlet_event_extra.py took 1.978 seconds
[2024-09-03T16:50:29.521+0000] {processor.py:186} INFO - Started process (PID=143) to work on /home/airflow/.local/lib/python3.12/site-packages/airflow/example_dags/example_inlet_event_extra.py
[2024-09-03T16:50:29.523+0000] {processor.py:914} INFO - Processing file /home/airflow/.local/lib/python3.12/site-packages/airflow/example_dags/example_inlet_event_extra.py for tasks to queue
[2024-09-03T16:50:29.527+0000] {logging_mixin.py:190} INFO - [2024-09-03T16:50:29.526+0000] {dagbag.py:587} INFO - Filling up the DagBag from /home/airflow/.local/lib/python3.12/site-packages/airflow/example_dags/example_inlet_event_extra.py
[2024-09-03T16:50:29.777+0000] {processor.py:925} INFO - DAG(s) 'read_dataset_event_from_classic', 'read_dataset_event' retrieved from /home/airflow/.local/lib/python3.12/site-packages/airflow/example_dags/example_inlet_event_extra.py
[2024-09-03T16:50:29.795+0000] {logging_mixin.py:190} INFO - [2024-09-03T16:50:29.795+0000] {dag.py:3211} INFO - Sync 2 DAGs
[2024-09-03T16:50:29.809+0000] {logging_mixin.py:190} INFO - [2024-09-03T16:50:29.809+0000] {dag.py:4138} INFO - Setting next_dagrun for read_dataset_event to 2024-09-02 00:00:00+00:00, run_after=2024-09-03 00:00:00+00:00
[2024-09-03T16:50:29.812+0000] {logging_mixin.py:190} INFO - [2024-09-03T16:50:29.812+0000] {dag.py:4138} INFO - Setting next_dagrun for read_dataset_event_from_classic to 2024-09-02 00:00:00+00:00, run_after=2024-09-03 00:00:00+00:00
[2024-09-03T16:50:29.820+0000] {processor.py:208} INFO - Processing /home/airflow/.local/lib/python3.12/site-packages/airflow/example_dags/example_inlet_event_extra.py took 0.325 seconds
[2024-09-03T16:51:00.481+0000] {processor.py:186} INFO - Started process (PID=206) to work on /home/airflow/.local/lib/python3.12/site-packages/airflow/example_dags/example_inlet_event_extra.py
[2024-09-03T16:51:00.483+0000] {processor.py:914} INFO - Processing file /home/airflow/.local/lib/python3.12/site-packages/airflow/example_dags/example_inlet_event_extra.py for tasks to queue
[2024-09-03T16:51:00.488+0000] {logging_mixin.py:190} INFO - [2024-09-03T16:51:00.487+0000] {dagbag.py:587} INFO - Filling up the DagBag from /home/airflow/.local/lib/python3.12/site-packages/airflow/example_dags/example_inlet_event_extra.py
[2024-09-03T16:51:00.641+0000] {processor.py:925} INFO - DAG(s) 'read_dataset_event', 'read_dataset_event_from_classic' retrieved from /home/airflow/.local/lib/python3.12/site-packages/airflow/example_dags/example_inlet_event_extra.py
[2024-09-03T16:51:00.675+0000] {logging_mixin.py:190} INFO - [2024-09-03T16:51:00.675+0000] {dag.py:3211} INFO - Sync 2 DAGs
[2024-09-03T16:51:00.692+0000] {logging_mixin.py:190} INFO - [2024-09-03T16:51:00.692+0000] {dag.py:4138} INFO - Setting next_dagrun for read_dataset_event to 2024-09-02 00:00:00+00:00, run_after=2024-09-03 00:00:00+00:00
[2024-09-03T16:51:00.695+0000] {logging_mixin.py:190} INFO - [2024-09-03T16:51:00.695+0000] {dag.py:4138} INFO - Setting next_dagrun for read_dataset_event_from_classic to 2024-09-02 00:00:00+00:00, run_after=2024-09-03 00:00:00+00:00
[2024-09-03T16:51:00.705+0000] {processor.py:208} INFO - Processing /home/airflow/.local/lib/python3.12/site-packages/airflow/example_dags/example_inlet_event_extra.py took 0.237 seconds
[2024-09-03T16:51:30.825+0000] {processor.py:186} INFO - Started process (PID=270) to work on /home/airflow/.local/lib/python3.12/site-packages/airflow/example_dags/example_inlet_event_extra.py
[2024-09-03T16:51:30.826+0000] {processor.py:914} INFO - Processing file /home/airflow/.local/lib/python3.12/site-packages/airflow/example_dags/example_inlet_event_extra.py for tasks to queue
[2024-09-03T16:51:30.834+0000] {logging_mixin.py:190} INFO - [2024-09-03T16:51:30.832+0000] {dagbag.py:587} INFO - Filling up the DagBag from /home/airflow/.local/lib/python3.12/site-packages/airflow/example_dags/example_inlet_event_extra.py
[2024-09-03T16:51:31.165+0000] {processor.py:925} INFO - DAG(s) 'read_dataset_event_from_classic', 'read_dataset_event' retrieved from /home/airflow/.local/lib/python3.12/site-packages/airflow/example_dags/example_inlet_event_extra.py
[2024-09-03T16:51:31.200+0000] {logging_mixin.py:190} INFO - [2024-09-03T16:51:31.199+0000] {dag.py:3211} INFO - Sync 2 DAGs
[2024-09-03T16:51:31.246+0000] {logging_mixin.py:190} INFO - [2024-09-03T16:51:31.246+0000] {dag.py:4138} INFO - Setting next_dagrun for read_dataset_event to 2024-09-02 00:00:00+00:00, run_after=2024-09-03 00:00:00+00:00
[2024-09-03T16:51:31.250+0000] {logging_mixin.py:190} INFO - [2024-09-03T16:51:31.250+0000] {dag.py:4138} INFO - Setting next_dagrun for read_dataset_event_from_classic to 2024-09-02 00:00:00+00:00, run_after=2024-09-03 00:00:00+00:00
[2024-09-03T16:51:31.261+0000] {processor.py:208} INFO - Processing /home/airflow/.local/lib/python3.12/site-packages/airflow/example_dags/example_inlet_event_extra.py took 0.446 seconds
[2024-09-03T16:52:01.475+0000] {processor.py:186} INFO - Started process (PID=333) to work on /home/airflow/.local/lib/python3.12/site-packages/airflow/example_dags/example_inlet_event_extra.py
[2024-09-03T16:52:01.476+0000] {processor.py:914} INFO - Processing file /home/airflow/.local/lib/python3.12/site-packages/airflow/example_dags/example_inlet_event_extra.py for tasks to queue
[2024-09-03T16:52:01.479+0000] {logging_mixin.py:190} INFO - [2024-09-03T16:52:01.479+0000] {dagbag.py:587} INFO - Filling up the DagBag from /home/airflow/.local/lib/python3.12/site-packages/airflow/example_dags/example_inlet_event_extra.py
[2024-09-03T16:52:01.922+0000] {processor.py:925} INFO - DAG(s) 'read_dataset_event_from_classic', 'read_dataset_event' retrieved from /home/airflow/.local/lib/python3.12/site-packages/airflow/example_dags/example_inlet_event_extra.py
[2024-09-03T16:52:01.964+0000] {logging_mixin.py:190} INFO - [2024-09-03T16:52:01.963+0000] {dag.py:3211} INFO - Sync 2 DAGs
[2024-09-03T16:52:02.034+0000] {logging_mixin.py:190} INFO - [2024-09-03T16:52:02.033+0000] {dag.py:4138} INFO - Setting next_dagrun for read_dataset_event to 2024-09-02 00:00:00+00:00, run_after=2024-09-03 00:00:00+00:00
[2024-09-03T16:52:02.048+0000] {logging_mixin.py:190} INFO - [2024-09-03T16:52:02.048+0000] {dag.py:4138} INFO - Setting next_dagrun for read_dataset_event_from_classic to 2024-09-02 00:00:00+00:00, run_after=2024-09-03 00:00:00+00:00
[2024-09-03T16:52:02.076+0000] {processor.py:208} INFO - Processing /home/airflow/.local/lib/python3.12/site-packages/airflow/example_dags/example_inlet_event_extra.py took 0.609 seconds
[2024-09-03T16:52:32.309+0000] {processor.py:186} INFO - Started process (PID=396) to work on /home/airflow/.local/lib/python3.12/site-packages/airflow/example_dags/example_inlet_event_extra.py
[2024-09-03T16:52:32.312+0000] {processor.py:914} INFO - Processing file /home/airflow/.local/lib/python3.12/site-packages/airflow/example_dags/example_inlet_event_extra.py for tasks to queue
[2024-09-03T16:52:32.317+0000] {logging_mixin.py:190} INFO - [2024-09-03T16:52:32.317+0000] {dagbag.py:587} INFO - Filling up the DagBag from /home/airflow/.local/lib/python3.12/site-packages/airflow/example_dags/example_inlet_event_extra.py
[2024-09-03T16:52:32.742+0000] {processor.py:925} INFO - DAG(s) 'read_dataset_event', 'read_dataset_event_from_classic' retrieved from /home/airflow/.local/lib/python3.12/site-packages/airflow/example_dags/example_inlet_event_extra.py
[2024-09-03T16:52:33.066+0000] {logging_mixin.py:190} INFO - [2024-09-03T16:52:33.062+0000] {dag.py:3211} INFO - Sync 2 DAGs
[2024-09-03T16:52:33.196+0000] {logging_mixin.py:190} INFO - [2024-09-03T16:52:33.195+0000] {dag.py:4138} INFO - Setting next_dagrun for read_dataset_event to 2024-09-02 00:00:00+00:00, run_after=2024-09-03 00:00:00+00:00
[2024-09-03T16:52:33.210+0000] {logging_mixin.py:190} INFO - [2024-09-03T16:52:33.210+0000] {dag.py:4138} INFO - Setting next_dagrun for read_dataset_event_from_classic to 2024-09-02 00:00:00+00:00, run_after=2024-09-03 00:00:00+00:00
[2024-09-03T16:52:33.283+0000] {processor.py:208} INFO - Processing /home/airflow/.local/lib/python3.12/site-packages/airflow/example_dags/example_inlet_event_extra.py took 0.996 seconds
[2024-09-03T16:53:04.374+0000] {processor.py:186} INFO - Started process (PID=459) to work on /home/airflow/.local/lib/python3.12/site-packages/airflow/example_dags/example_inlet_event_extra.py
[2024-09-03T16:53:04.377+0000] {processor.py:914} INFO - Processing file /home/airflow/.local/lib/python3.12/site-packages/airflow/example_dags/example_inlet_event_extra.py for tasks to queue
[2024-09-03T16:53:04.385+0000] {logging_mixin.py:190} INFO - [2024-09-03T16:53:04.381+0000] {dagbag.py:587} INFO - Filling up the DagBag from /home/airflow/.local/lib/python3.12/site-packages/airflow/example_dags/example_inlet_event_extra.py
[2024-09-03T16:53:04.581+0000] {processor.py:925} INFO - DAG(s) 'read_dataset_event_from_classic', 'read_dataset_event' retrieved from /home/airflow/.local/lib/python3.12/site-packages/airflow/example_dags/example_inlet_event_extra.py
[2024-09-03T16:53:04.620+0000] {logging_mixin.py:190} INFO - [2024-09-03T16:53:04.619+0000] {dag.py:3211} INFO - Sync 2 DAGs
[2024-09-03T16:53:04.642+0000] {logging_mixin.py:190} INFO - [2024-09-03T16:53:04.641+0000] {dag.py:4138} INFO - Setting next_dagrun for read_dataset_event to 2024-09-02 00:00:00+00:00, run_after=2024-09-03 00:00:00+00:00
[2024-09-03T16:53:04.645+0000] {logging_mixin.py:190} INFO - [2024-09-03T16:53:04.644+0000] {dag.py:4138} INFO - Setting next_dagrun for read_dataset_event_from_classic to 2024-09-02 00:00:00+00:00, run_after=2024-09-03 00:00:00+00:00
[2024-09-03T16:53:04.656+0000] {processor.py:208} INFO - Processing /home/airflow/.local/lib/python3.12/site-packages/airflow/example_dags/example_inlet_event_extra.py took 0.295 seconds
[2024-09-03T16:53:35.501+0000] {processor.py:186} INFO - Started process (PID=523) to work on /home/airflow/.local/lib/python3.12/site-packages/airflow/example_dags/example_inlet_event_extra.py
[2024-09-03T16:53:35.507+0000] {processor.py:914} INFO - Processing file /home/airflow/.local/lib/python3.12/site-packages/airflow/example_dags/example_inlet_event_extra.py for tasks to queue
[2024-09-03T16:53:35.513+0000] {logging_mixin.py:190} INFO - [2024-09-03T16:53:35.513+0000] {dagbag.py:587} INFO - Filling up the DagBag from /home/airflow/.local/lib/python3.12/site-packages/airflow/example_dags/example_inlet_event_extra.py
[2024-09-03T16:53:35.766+0000] {processor.py:925} INFO - DAG(s) 'read_dataset_event', 'read_dataset_event_from_classic' retrieved from /home/airflow/.local/lib/python3.12/site-packages/airflow/example_dags/example_inlet_event_extra.py
[2024-09-03T16:53:35.811+0000] {logging_mixin.py:190} INFO - [2024-09-03T16:53:35.811+0000] {dag.py:3211} INFO - Sync 2 DAGs
[2024-09-03T16:53:35.841+0000] {logging_mixin.py:190} INFO - [2024-09-03T16:53:35.841+0000] {dag.py:4138} INFO - Setting next_dagrun for read_dataset_event to 2024-09-02 00:00:00+00:00, run_after=2024-09-03 00:00:00+00:00
[2024-09-03T16:53:35.845+0000] {logging_mixin.py:190} INFO - [2024-09-03T16:53:35.845+0000] {dag.py:4138} INFO - Setting next_dagrun for read_dataset_event_from_classic to 2024-09-02 00:00:00+00:00, run_after=2024-09-03 00:00:00+00:00
[2024-09-03T16:53:35.859+0000] {processor.py:208} INFO - Processing /home/airflow/.local/lib/python3.12/site-packages/airflow/example_dags/example_inlet_event_extra.py took 0.402 seconds
[2024-09-03T16:54:06.778+0000] {processor.py:186} INFO - Started process (PID=587) to work on /home/airflow/.local/lib/python3.12/site-packages/airflow/example_dags/example_inlet_event_extra.py
[2024-09-03T16:54:06.784+0000] {processor.py:914} INFO - Processing file /home/airflow/.local/lib/python3.12/site-packages/airflow/example_dags/example_inlet_event_extra.py for tasks to queue
[2024-09-03T16:54:06.801+0000] {logging_mixin.py:190} INFO - [2024-09-03T16:54:06.800+0000] {dagbag.py:587} INFO - Filling up the DagBag from /home/airflow/.local/lib/python3.12/site-packages/airflow/example_dags/example_inlet_event_extra.py
[2024-09-03T16:54:07.032+0000] {processor.py:925} INFO - DAG(s) 'read_dataset_event', 'read_dataset_event_from_classic' retrieved from /home/airflow/.local/lib/python3.12/site-packages/airflow/example_dags/example_inlet_event_extra.py
[2024-09-03T16:54:07.079+0000] {logging_mixin.py:190} INFO - [2024-09-03T16:54:07.079+0000] {dag.py:3211} INFO - Sync 2 DAGs
[2024-09-03T16:54:07.120+0000] {logging_mixin.py:190} INFO - [2024-09-03T16:54:07.119+0000] {dag.py:4138} INFO - Setting next_dagrun for read_dataset_event to 2024-09-02 00:00:00+00:00, run_after=2024-09-03 00:00:00+00:00
[2024-09-03T16:54:07.127+0000] {logging_mixin.py:190} INFO - [2024-09-03T16:54:07.127+0000] {dag.py:4138} INFO - Setting next_dagrun for read_dataset_event_from_classic to 2024-09-02 00:00:00+00:00, run_after=2024-09-03 00:00:00+00:00
[2024-09-03T16:54:07.143+0000] {processor.py:208} INFO - Processing /home/airflow/.local/lib/python3.12/site-packages/airflow/example_dags/example_inlet_event_extra.py took 0.374 seconds
[2024-09-03T16:54:37.583+0000] {processor.py:186} INFO - Started process (PID=650) to work on /home/airflow/.local/lib/python3.12/site-packages/airflow/example_dags/example_inlet_event_extra.py
[2024-09-03T16:54:37.587+0000] {processor.py:914} INFO - Processing file /home/airflow/.local/lib/python3.12/site-packages/airflow/example_dags/example_inlet_event_extra.py for tasks to queue
[2024-09-03T16:54:37.594+0000] {logging_mixin.py:190} INFO - [2024-09-03T16:54:37.594+0000] {dagbag.py:587} INFO - Filling up the DagBag from /home/airflow/.local/lib/python3.12/site-packages/airflow/example_dags/example_inlet_event_extra.py
[2024-09-03T16:54:37.803+0000] {processor.py:925} INFO - DAG(s) 'read_dataset_event_from_classic', 'read_dataset_event' retrieved from /home/airflow/.local/lib/python3.12/site-packages/airflow/example_dags/example_inlet_event_extra.py
[2024-09-03T16:54:37.830+0000] {logging_mixin.py:190} INFO - [2024-09-03T16:54:37.830+0000] {dag.py:3211} INFO - Sync 2 DAGs
[2024-09-03T16:54:37.860+0000] {logging_mixin.py:190} INFO - [2024-09-03T16:54:37.859+0000] {dag.py:4138} INFO - Setting next_dagrun for read_dataset_event to 2024-09-02 00:00:00+00:00, run_after=2024-09-03 00:00:00+00:00
[2024-09-03T16:54:37.865+0000] {logging_mixin.py:190} INFO - [2024-09-03T16:54:37.865+0000] {dag.py:4138} INFO - Setting next_dagrun for read_dataset_event_from_classic to 2024-09-02 00:00:00+00:00, run_after=2024-09-03 00:00:00+00:00
[2024-09-03T16:54:37.879+0000] {processor.py:208} INFO - Processing /home/airflow/.local/lib/python3.12/site-packages/airflow/example_dags/example_inlet_event_extra.py took 0.310 seconds
[2024-09-03T16:55:08.215+0000] {processor.py:186} INFO - Started process (PID=713) to work on /home/airflow/.local/lib/python3.12/site-packages/airflow/example_dags/example_inlet_event_extra.py
[2024-09-03T16:55:08.217+0000] {processor.py:914} INFO - Processing file /home/airflow/.local/lib/python3.12/site-packages/airflow/example_dags/example_inlet_event_extra.py for tasks to queue
[2024-09-03T16:55:08.221+0000] {logging_mixin.py:190} INFO - [2024-09-03T16:55:08.221+0000] {dagbag.py:587} INFO - Filling up the DagBag from /home/airflow/.local/lib/python3.12/site-packages/airflow/example_dags/example_inlet_event_extra.py
[2024-09-03T16:55:08.418+0000] {processor.py:925} INFO - DAG(s) 'read_dataset_event_from_classic', 'read_dataset_event' retrieved from /home/airflow/.local/lib/python3.12/site-packages/airflow/example_dags/example_inlet_event_extra.py
[2024-09-03T16:55:08.446+0000] {logging_mixin.py:190} INFO - [2024-09-03T16:55:08.446+0000] {dag.py:3211} INFO - Sync 2 DAGs
[2024-09-03T16:55:08.467+0000] {logging_mixin.py:190} INFO - [2024-09-03T16:55:08.467+0000] {dag.py:4138} INFO - Setting next_dagrun for read_dataset_event to 2024-09-02 00:00:00+00:00, run_after=2024-09-03 00:00:00+00:00
[2024-09-03T16:55:08.471+0000] {logging_mixin.py:190} INFO - [2024-09-03T16:55:08.471+0000] {dag.py:4138} INFO - Setting next_dagrun for read_dataset_event_from_classic to 2024-09-02 00:00:00+00:00, run_after=2024-09-03 00:00:00+00:00
[2024-09-03T16:55:08.491+0000] {processor.py:208} INFO - Processing /home/airflow/.local/lib/python3.12/site-packages/airflow/example_dags/example_inlet_event_extra.py took 0.284 seconds
[2024-09-03T16:55:38.594+0000] {processor.py:186} INFO - Started process (PID=776) to work on /home/airflow/.local/lib/python3.12/site-packages/airflow/example_dags/example_inlet_event_extra.py
[2024-09-03T16:55:38.595+0000] {processor.py:914} INFO - Processing file /home/airflow/.local/lib/python3.12/site-packages/airflow/example_dags/example_inlet_event_extra.py for tasks to queue
[2024-09-03T16:55:38.599+0000] {logging_mixin.py:190} INFO - [2024-09-03T16:55:38.598+0000] {dagbag.py:587} INFO - Filling up the DagBag from /home/airflow/.local/lib/python3.12/site-packages/airflow/example_dags/example_inlet_event_extra.py
[2024-09-03T16:55:38.811+0000] {processor.py:925} INFO - DAG(s) 'read_dataset_event_from_classic', 'read_dataset_event' retrieved from /home/airflow/.local/lib/python3.12/site-packages/airflow/example_dags/example_inlet_event_extra.py
[2024-09-03T16:55:38.847+0000] {logging_mixin.py:190} INFO - [2024-09-03T16:55:38.847+0000] {dag.py:3211} INFO - Sync 2 DAGs
[2024-09-03T16:55:38.867+0000] {logging_mixin.py:190} INFO - [2024-09-03T16:55:38.867+0000] {dag.py:4138} INFO - Setting next_dagrun for read_dataset_event to 2024-09-02 00:00:00+00:00, run_after=2024-09-03 00:00:00+00:00
[2024-09-03T16:55:38.870+0000] {logging_mixin.py:190} INFO - [2024-09-03T16:55:38.870+0000] {dag.py:4138} INFO - Setting next_dagrun for read_dataset_event_from_classic to 2024-09-02 00:00:00+00:00, run_after=2024-09-03 00:00:00+00:00
[2024-09-03T16:55:38.878+0000] {processor.py:208} INFO - Processing /home/airflow/.local/lib/python3.12/site-packages/airflow/example_dags/example_inlet_event_extra.py took 0.291 seconds
[2024-09-03T16:56:09.746+0000] {processor.py:186} INFO - Started process (PID=839) to work on /home/airflow/.local/lib/python3.12/site-packages/airflow/example_dags/example_inlet_event_extra.py
[2024-09-03T16:56:09.747+0000] {processor.py:914} INFO - Processing file /home/airflow/.local/lib/python3.12/site-packages/airflow/example_dags/example_inlet_event_extra.py for tasks to queue
[2024-09-03T16:56:09.751+0000] {logging_mixin.py:190} INFO - [2024-09-03T16:56:09.750+0000] {dagbag.py:587} INFO - Filling up the DagBag from /home/airflow/.local/lib/python3.12/site-packages/airflow/example_dags/example_inlet_event_extra.py
[2024-09-03T16:56:09.981+0000] {processor.py:925} INFO - DAG(s) 'read_dataset_event', 'read_dataset_event_from_classic' retrieved from /home/airflow/.local/lib/python3.12/site-packages/airflow/example_dags/example_inlet_event_extra.py
[2024-09-03T16:56:10.016+0000] {logging_mixin.py:190} INFO - [2024-09-03T16:56:10.016+0000] {dag.py:3211} INFO - Sync 2 DAGs
[2024-09-03T16:56:10.037+0000] {logging_mixin.py:190} INFO - [2024-09-03T16:56:10.037+0000] {dag.py:4138} INFO - Setting next_dagrun for read_dataset_event to 2024-09-02 00:00:00+00:00, run_after=2024-09-03 00:00:00+00:00
[2024-09-03T16:56:10.040+0000] {logging_mixin.py:190} INFO - [2024-09-03T16:56:10.040+0000] {dag.py:4138} INFO - Setting next_dagrun for read_dataset_event_from_classic to 2024-09-02 00:00:00+00:00, run_after=2024-09-03 00:00:00+00:00
[2024-09-03T16:56:10.052+0000] {processor.py:208} INFO - Processing /home/airflow/.local/lib/python3.12/site-packages/airflow/example_dags/example_inlet_event_extra.py took 0.314 seconds
[2024-09-03T16:56:40.658+0000] {processor.py:186} INFO - Started process (PID=902) to work on /home/airflow/.local/lib/python3.12/site-packages/airflow/example_dags/example_inlet_event_extra.py
[2024-09-03T16:56:40.663+0000] {processor.py:914} INFO - Processing file /home/airflow/.local/lib/python3.12/site-packages/airflow/example_dags/example_inlet_event_extra.py for tasks to queue
[2024-09-03T16:56:40.672+0000] {logging_mixin.py:190} INFO - [2024-09-03T16:56:40.670+0000] {dagbag.py:587} INFO - Filling up the DagBag from /home/airflow/.local/lib/python3.12/site-packages/airflow/example_dags/example_inlet_event_extra.py
[2024-09-03T16:56:40.860+0000] {processor.py:925} INFO - DAG(s) 'read_dataset_event', 'read_dataset_event_from_classic' retrieved from /home/airflow/.local/lib/python3.12/site-packages/airflow/example_dags/example_inlet_event_extra.py
[2024-09-03T16:56:40.886+0000] {logging_mixin.py:190} INFO - [2024-09-03T16:56:40.886+0000] {dag.py:3211} INFO - Sync 2 DAGs
[2024-09-03T16:56:40.915+0000] {logging_mixin.py:190} INFO - [2024-09-03T16:56:40.914+0000] {dag.py:4138} INFO - Setting next_dagrun for read_dataset_event to 2024-09-02 00:00:00+00:00, run_after=2024-09-03 00:00:00+00:00
[2024-09-03T16:56:40.918+0000] {logging_mixin.py:190} INFO - [2024-09-03T16:56:40.918+0000] {dag.py:4138} INFO - Setting next_dagrun for read_dataset_event_from_classic to 2024-09-02 00:00:00+00:00, run_after=2024-09-03 00:00:00+00:00
[2024-09-03T16:56:40.931+0000] {processor.py:208} INFO - Processing /home/airflow/.local/lib/python3.12/site-packages/airflow/example_dags/example_inlet_event_extra.py took 0.298 seconds
[2024-09-03T16:57:11.132+0000] {processor.py:186} INFO - Started process (PID=966) to work on /home/airflow/.local/lib/python3.12/site-packages/airflow/example_dags/example_inlet_event_extra.py
[2024-09-03T16:57:11.134+0000] {processor.py:914} INFO - Processing file /home/airflow/.local/lib/python3.12/site-packages/airflow/example_dags/example_inlet_event_extra.py for tasks to queue
[2024-09-03T16:57:11.150+0000] {logging_mixin.py:190} INFO - [2024-09-03T16:57:11.149+0000] {dagbag.py:587} INFO - Filling up the DagBag from /home/airflow/.local/lib/python3.12/site-packages/airflow/example_dags/example_inlet_event_extra.py
[2024-09-03T16:57:11.326+0000] {processor.py:925} INFO - DAG(s) 'read_dataset_event', 'read_dataset_event_from_classic' retrieved from /home/airflow/.local/lib/python3.12/site-packages/airflow/example_dags/example_inlet_event_extra.py
[2024-09-03T16:57:11.359+0000] {logging_mixin.py:190} INFO - [2024-09-03T16:57:11.358+0000] {dag.py:3211} INFO - Sync 2 DAGs
[2024-09-03T16:57:11.390+0000] {logging_mixin.py:190} INFO - [2024-09-03T16:57:11.389+0000] {dag.py:4138} INFO - Setting next_dagrun for read_dataset_event to 2024-09-02 00:00:00+00:00, run_after=2024-09-03 00:00:00+00:00
[2024-09-03T16:57:11.392+0000] {logging_mixin.py:190} INFO - [2024-09-03T16:57:11.392+0000] {dag.py:4138} INFO - Setting next_dagrun for read_dataset_event_from_classic to 2024-09-02 00:00:00+00:00, run_after=2024-09-03 00:00:00+00:00
[2024-09-03T16:57:11.403+0000] {processor.py:208} INFO - Processing /home/airflow/.local/lib/python3.12/site-packages/airflow/example_dags/example_inlet_event_extra.py took 0.286 seconds
[2024-09-03T16:57:41.872+0000] {processor.py:186} INFO - Started process (PID=1030) to work on /home/airflow/.local/lib/python3.12/site-packages/airflow/example_dags/example_inlet_event_extra.py
[2024-09-03T16:57:41.874+0000] {processor.py:914} INFO - Processing file /home/airflow/.local/lib/python3.12/site-packages/airflow/example_dags/example_inlet_event_extra.py for tasks to queue
[2024-09-03T16:57:41.879+0000] {logging_mixin.py:190} INFO - [2024-09-03T16:57:41.878+0000] {dagbag.py:587} INFO - Filling up the DagBag from /home/airflow/.local/lib/python3.12/site-packages/airflow/example_dags/example_inlet_event_extra.py
[2024-09-03T16:57:42.054+0000] {processor.py:925} INFO - DAG(s) 'read_dataset_event', 'read_dataset_event_from_classic' retrieved from /home/airflow/.local/lib/python3.12/site-packages/airflow/example_dags/example_inlet_event_extra.py
[2024-09-03T16:57:42.075+0000] {logging_mixin.py:190} INFO - [2024-09-03T16:57:42.075+0000] {dag.py:3211} INFO - Sync 2 DAGs
[2024-09-03T16:57:42.092+0000] {logging_mixin.py:190} INFO - [2024-09-03T16:57:42.091+0000] {dag.py:4138} INFO - Setting next_dagrun for read_dataset_event to 2024-09-02 00:00:00+00:00, run_after=2024-09-03 00:00:00+00:00
[2024-09-03T16:57:42.094+0000] {logging_mixin.py:190} INFO - [2024-09-03T16:57:42.094+0000] {dag.py:4138} INFO - Setting next_dagrun for read_dataset_event_from_classic to 2024-09-02 00:00:00+00:00, run_after=2024-09-03 00:00:00+00:00
[2024-09-03T16:57:42.104+0000] {processor.py:208} INFO - Processing /home/airflow/.local/lib/python3.12/site-packages/airflow/example_dags/example_inlet_event_extra.py took 0.242 seconds
[2024-09-03T16:58:12.260+0000] {processor.py:186} INFO - Started process (PID=1093) to work on /home/airflow/.local/lib/python3.12/site-packages/airflow/example_dags/example_inlet_event_extra.py
[2024-09-03T16:58:12.262+0000] {processor.py:914} INFO - Processing file /home/airflow/.local/lib/python3.12/site-packages/airflow/example_dags/example_inlet_event_extra.py for tasks to queue
[2024-09-03T16:58:12.267+0000] {logging_mixin.py:190} INFO - [2024-09-03T16:58:12.266+0000] {dagbag.py:587} INFO - Filling up the DagBag from /home/airflow/.local/lib/python3.12/site-packages/airflow/example_dags/example_inlet_event_extra.py
[2024-09-03T16:58:12.541+0000] {processor.py:925} INFO - DAG(s) 'read_dataset_event', 'read_dataset_event_from_classic' retrieved from /home/airflow/.local/lib/python3.12/site-packages/airflow/example_dags/example_inlet_event_extra.py
[2024-09-03T16:58:12.619+0000] {logging_mixin.py:190} INFO - [2024-09-03T16:58:12.619+0000] {dag.py:3211} INFO - Sync 2 DAGs
[2024-09-03T16:58:12.647+0000] {logging_mixin.py:190} INFO - [2024-09-03T16:58:12.647+0000] {dag.py:4138} INFO - Setting next_dagrun for read_dataset_event to 2024-09-02 00:00:00+00:00, run_after=2024-09-03 00:00:00+00:00
[2024-09-03T16:58:12.653+0000] {logging_mixin.py:190} INFO - [2024-09-03T16:58:12.653+0000] {dag.py:4138} INFO - Setting next_dagrun for read_dataset_event_from_classic to 2024-09-02 00:00:00+00:00, run_after=2024-09-03 00:00:00+00:00
[2024-09-03T16:58:12.698+0000] {processor.py:208} INFO - Processing /home/airflow/.local/lib/python3.12/site-packages/airflow/example_dags/example_inlet_event_extra.py took 0.446 seconds
