[2024-09-03T16:49:17.824+0000] {processor.py:186} INFO - Started process (PID=34) to work on /home/airflow/.local/lib/python3.12/site-packages/airflow/example_dags/example_python_operator.py
[2024-09-03T16:49:17.833+0000] {processor.py:914} INFO - Processing file /home/airflow/.local/lib/python3.12/site-packages/airflow/example_dags/example_python_operator.py for tasks to queue
[2024-09-03T16:49:17.939+0000] {logging_mixin.py:190} INFO - [2024-09-03T16:49:17.937+0000] {dagbag.py:587} INFO - Filling up the DagBag from /home/airflow/.local/lib/python3.12/site-packages/airflow/example_dags/example_python_operator.py
[2024-09-03T16:49:18.143+0000] {processor.py:925} INFO - DAG(s) 'example_python_operator' retrieved from /home/airflow/.local/lib/python3.12/site-packages/airflow/example_dags/example_python_operator.py
[2024-09-03T16:49:18.762+0000] {logging_mixin.py:190} INFO - [2024-09-03T16:49:18.758+0000] {override.py:1858} INFO - Created Permission View: can delete on DAG:example_python_operator
[2024-09-03T16:49:18.800+0000] {logging_mixin.py:190} INFO - [2024-09-03T16:49:18.799+0000] {override.py:1858} INFO - Created Permission View: can edit on DAG:example_python_operator
[2024-09-03T16:49:18.805+0000] {logging_mixin.py:190} INFO - [2024-09-03T16:49:18.805+0000] {override.py:1858} INFO - Created Permission View: can read on DAG:example_python_operator
[2024-09-03T16:49:18.806+0000] {logging_mixin.py:190} INFO - [2024-09-03T16:49:18.806+0000] {dag.py:3211} INFO - Sync 1 DAGs
[2024-09-03T16:49:18.850+0000] {logging_mixin.py:190} INFO - [2024-09-03T16:49:18.850+0000] {dag.py:3234} INFO - Creating ORM DAG for example_python_operator
[2024-09-03T16:49:18.851+0000] {logging_mixin.py:190} INFO - [2024-09-03T16:49:18.851+0000] {dag.py:4138} INFO - Setting next_dagrun for example_python_operator to None, run_after=None
[2024-09-03T16:49:18.907+0000] {processor.py:208} INFO - Processing /home/airflow/.local/lib/python3.12/site-packages/airflow/example_dags/example_python_operator.py took 1.135 seconds
[2024-09-03T16:50:04.349+0000] {processor.py:186} INFO - Started process (PID=103) to work on /home/airflow/.local/lib/python3.12/site-packages/airflow/example_dags/example_python_operator.py
[2024-09-03T16:50:04.376+0000] {processor.py:914} INFO - Processing file /home/airflow/.local/lib/python3.12/site-packages/airflow/example_dags/example_python_operator.py for tasks to queue
[2024-09-03T16:50:04.382+0000] {logging_mixin.py:190} INFO - [2024-09-03T16:50:04.382+0000] {dagbag.py:587} INFO - Filling up the DagBag from /home/airflow/.local/lib/python3.12/site-packages/airflow/example_dags/example_python_operator.py
[2024-09-03T16:50:04.426+0000] {processor.py:925} INFO - DAG(s) 'example_python_operator' retrieved from /home/airflow/.local/lib/python3.12/site-packages/airflow/example_dags/example_python_operator.py
[2024-09-03T16:50:04.589+0000] {logging_mixin.py:190} INFO - [2024-09-03T16:50:04.589+0000] {dag.py:3211} INFO - Sync 1 DAGs
[2024-09-03T16:50:04.653+0000] {logging_mixin.py:190} INFO - [2024-09-03T16:50:04.652+0000] {dag.py:4138} INFO - Setting next_dagrun for example_python_operator to None, run_after=None
[2024-09-03T16:50:04.694+0000] {processor.py:208} INFO - Processing /home/airflow/.local/lib/python3.12/site-packages/airflow/example_dags/example_python_operator.py took 0.383 seconds
[2024-09-03T16:50:35.210+0000] {processor.py:186} INFO - Started process (PID=166) to work on /home/airflow/.local/lib/python3.12/site-packages/airflow/example_dags/example_python_operator.py
[2024-09-03T16:50:35.211+0000] {processor.py:914} INFO - Processing file /home/airflow/.local/lib/python3.12/site-packages/airflow/example_dags/example_python_operator.py for tasks to queue
[2024-09-03T16:50:35.213+0000] {logging_mixin.py:190} INFO - [2024-09-03T16:50:35.212+0000] {dagbag.py:587} INFO - Filling up the DagBag from /home/airflow/.local/lib/python3.12/site-packages/airflow/example_dags/example_python_operator.py
[2024-09-03T16:50:35.226+0000] {processor.py:925} INFO - DAG(s) 'example_python_operator' retrieved from /home/airflow/.local/lib/python3.12/site-packages/airflow/example_dags/example_python_operator.py
[2024-09-03T16:50:35.256+0000] {logging_mixin.py:190} INFO - [2024-09-03T16:50:35.256+0000] {dag.py:3211} INFO - Sync 1 DAGs
[2024-09-03T16:50:35.266+0000] {logging_mixin.py:190} INFO - [2024-09-03T16:50:35.266+0000] {dag.py:4138} INFO - Setting next_dagrun for example_python_operator to None, run_after=None
[2024-09-03T16:50:35.280+0000] {processor.py:208} INFO - Processing /home/airflow/.local/lib/python3.12/site-packages/airflow/example_dags/example_python_operator.py took 0.075 seconds
[2024-09-03T16:51:05.914+0000] {processor.py:186} INFO - Started process (PID=229) to work on /home/airflow/.local/lib/python3.12/site-packages/airflow/example_dags/example_python_operator.py
[2024-09-03T16:51:05.915+0000] {processor.py:914} INFO - Processing file /home/airflow/.local/lib/python3.12/site-packages/airflow/example_dags/example_python_operator.py for tasks to queue
[2024-09-03T16:51:05.917+0000] {logging_mixin.py:190} INFO - [2024-09-03T16:51:05.917+0000] {dagbag.py:587} INFO - Filling up the DagBag from /home/airflow/.local/lib/python3.12/site-packages/airflow/example_dags/example_python_operator.py
[2024-09-03T16:51:05.928+0000] {processor.py:925} INFO - DAG(s) 'example_python_operator' retrieved from /home/airflow/.local/lib/python3.12/site-packages/airflow/example_dags/example_python_operator.py
[2024-09-03T16:51:05.946+0000] {logging_mixin.py:190} INFO - [2024-09-03T16:51:05.946+0000] {dag.py:3211} INFO - Sync 1 DAGs
[2024-09-03T16:51:05.958+0000] {logging_mixin.py:190} INFO - [2024-09-03T16:51:05.958+0000] {dag.py:4138} INFO - Setting next_dagrun for example_python_operator to None, run_after=None
[2024-09-03T16:51:05.981+0000] {processor.py:208} INFO - Processing /home/airflow/.local/lib/python3.12/site-packages/airflow/example_dags/example_python_operator.py took 0.071 seconds
[2024-09-03T16:51:36.351+0000] {processor.py:186} INFO - Started process (PID=292) to work on /home/airflow/.local/lib/python3.12/site-packages/airflow/example_dags/example_python_operator.py
[2024-09-03T16:51:36.352+0000] {processor.py:914} INFO - Processing file /home/airflow/.local/lib/python3.12/site-packages/airflow/example_dags/example_python_operator.py for tasks to queue
[2024-09-03T16:51:36.354+0000] {logging_mixin.py:190} INFO - [2024-09-03T16:51:36.354+0000] {dagbag.py:587} INFO - Filling up the DagBag from /home/airflow/.local/lib/python3.12/site-packages/airflow/example_dags/example_python_operator.py
[2024-09-03T16:51:36.370+0000] {processor.py:925} INFO - DAG(s) 'example_python_operator' retrieved from /home/airflow/.local/lib/python3.12/site-packages/airflow/example_dags/example_python_operator.py
[2024-09-03T16:51:36.432+0000] {logging_mixin.py:190} INFO - [2024-09-03T16:51:36.431+0000] {dag.py:3211} INFO - Sync 1 DAGs
[2024-09-03T16:51:36.454+0000] {logging_mixin.py:190} INFO - [2024-09-03T16:51:36.454+0000] {dag.py:4138} INFO - Setting next_dagrun for example_python_operator to None, run_after=None
[2024-09-03T16:51:36.498+0000] {processor.py:208} INFO - Processing /home/airflow/.local/lib/python3.12/site-packages/airflow/example_dags/example_python_operator.py took 0.162 seconds
[2024-09-03T16:52:06.667+0000] {processor.py:186} INFO - Started process (PID=355) to work on /home/airflow/.local/lib/python3.12/site-packages/airflow/example_dags/example_python_operator.py
[2024-09-03T16:52:06.668+0000] {processor.py:914} INFO - Processing file /home/airflow/.local/lib/python3.12/site-packages/airflow/example_dags/example_python_operator.py for tasks to queue
[2024-09-03T16:52:06.669+0000] {logging_mixin.py:190} INFO - [2024-09-03T16:52:06.669+0000] {dagbag.py:587} INFO - Filling up the DagBag from /home/airflow/.local/lib/python3.12/site-packages/airflow/example_dags/example_python_operator.py
[2024-09-03T16:52:06.681+0000] {processor.py:925} INFO - DAG(s) 'example_python_operator' retrieved from /home/airflow/.local/lib/python3.12/site-packages/airflow/example_dags/example_python_operator.py
[2024-09-03T16:52:06.725+0000] {logging_mixin.py:190} INFO - [2024-09-03T16:52:06.725+0000] {dag.py:3211} INFO - Sync 1 DAGs
[2024-09-03T16:52:06.783+0000] {logging_mixin.py:190} INFO - [2024-09-03T16:52:06.783+0000] {dag.py:4138} INFO - Setting next_dagrun for example_python_operator to None, run_after=None
[2024-09-03T16:52:06.822+0000] {processor.py:208} INFO - Processing /home/airflow/.local/lib/python3.12/site-packages/airflow/example_dags/example_python_operator.py took 0.160 seconds
[2024-09-03T16:52:37.603+0000] {processor.py:186} INFO - Started process (PID=418) to work on /home/airflow/.local/lib/python3.12/site-packages/airflow/example_dags/example_python_operator.py
[2024-09-03T16:52:37.608+0000] {processor.py:914} INFO - Processing file /home/airflow/.local/lib/python3.12/site-packages/airflow/example_dags/example_python_operator.py for tasks to queue
[2024-09-03T16:52:37.616+0000] {logging_mixin.py:190} INFO - [2024-09-03T16:52:37.615+0000] {dagbag.py:587} INFO - Filling up the DagBag from /home/airflow/.local/lib/python3.12/site-packages/airflow/example_dags/example_python_operator.py
[2024-09-03T16:52:37.645+0000] {processor.py:925} INFO - DAG(s) 'example_python_operator' retrieved from /home/airflow/.local/lib/python3.12/site-packages/airflow/example_dags/example_python_operator.py
[2024-09-03T16:52:37.706+0000] {logging_mixin.py:190} INFO - [2024-09-03T16:52:37.705+0000] {dag.py:3211} INFO - Sync 1 DAGs
[2024-09-03T16:52:37.735+0000] {logging_mixin.py:190} INFO - [2024-09-03T16:52:37.735+0000] {dag.py:4138} INFO - Setting next_dagrun for example_python_operator to None, run_after=None
[2024-09-03T16:52:37.775+0000] {processor.py:208} INFO - Processing /home/airflow/.local/lib/python3.12/site-packages/airflow/example_dags/example_python_operator.py took 0.181 seconds
[2024-09-03T16:53:08.041+0000] {processor.py:186} INFO - Started process (PID=480) to work on /home/airflow/.local/lib/python3.12/site-packages/airflow/example_dags/example_python_operator.py
[2024-09-03T16:53:08.042+0000] {processor.py:914} INFO - Processing file /home/airflow/.local/lib/python3.12/site-packages/airflow/example_dags/example_python_operator.py for tasks to queue
[2024-09-03T16:53:08.045+0000] {logging_mixin.py:190} INFO - [2024-09-03T16:53:08.044+0000] {dagbag.py:587} INFO - Filling up the DagBag from /home/airflow/.local/lib/python3.12/site-packages/airflow/example_dags/example_python_operator.py
[2024-09-03T16:53:08.059+0000] {processor.py:925} INFO - DAG(s) 'example_python_operator' retrieved from /home/airflow/.local/lib/python3.12/site-packages/airflow/example_dags/example_python_operator.py
[2024-09-03T16:53:08.083+0000] {logging_mixin.py:190} INFO - [2024-09-03T16:53:08.083+0000] {dag.py:3211} INFO - Sync 1 DAGs
[2024-09-03T16:53:08.096+0000] {logging_mixin.py:190} INFO - [2024-09-03T16:53:08.096+0000] {dag.py:4138} INFO - Setting next_dagrun for example_python_operator to None, run_after=None
[2024-09-03T16:53:08.112+0000] {processor.py:208} INFO - Processing /home/airflow/.local/lib/python3.12/site-packages/airflow/example_dags/example_python_operator.py took 0.077 seconds
[2024-09-03T16:53:39.179+0000] {processor.py:186} INFO - Started process (PID=545) to work on /home/airflow/.local/lib/python3.12/site-packages/airflow/example_dags/example_python_operator.py
[2024-09-03T16:53:39.182+0000] {processor.py:914} INFO - Processing file /home/airflow/.local/lib/python3.12/site-packages/airflow/example_dags/example_python_operator.py for tasks to queue
[2024-09-03T16:53:39.185+0000] {logging_mixin.py:190} INFO - [2024-09-03T16:53:39.185+0000] {dagbag.py:587} INFO - Filling up the DagBag from /home/airflow/.local/lib/python3.12/site-packages/airflow/example_dags/example_python_operator.py
[2024-09-03T16:53:39.221+0000] {processor.py:925} INFO - DAG(s) 'example_python_operator' retrieved from /home/airflow/.local/lib/python3.12/site-packages/airflow/example_dags/example_python_operator.py
[2024-09-03T16:53:39.308+0000] {logging_mixin.py:190} INFO - [2024-09-03T16:53:39.307+0000] {dag.py:3211} INFO - Sync 1 DAGs
[2024-09-03T16:53:39.329+0000] {logging_mixin.py:190} INFO - [2024-09-03T16:53:39.329+0000] {dag.py:4138} INFO - Setting next_dagrun for example_python_operator to None, run_after=None
[2024-09-03T16:53:39.348+0000] {processor.py:208} INFO - Processing /home/airflow/.local/lib/python3.12/site-packages/airflow/example_dags/example_python_operator.py took 0.181 seconds
[2024-09-03T16:54:10.379+0000] {processor.py:186} INFO - Started process (PID=608) to work on /home/airflow/.local/lib/python3.12/site-packages/airflow/example_dags/example_python_operator.py
[2024-09-03T16:54:10.381+0000] {processor.py:914} INFO - Processing file /home/airflow/.local/lib/python3.12/site-packages/airflow/example_dags/example_python_operator.py for tasks to queue
[2024-09-03T16:54:10.384+0000] {logging_mixin.py:190} INFO - [2024-09-03T16:54:10.384+0000] {dagbag.py:587} INFO - Filling up the DagBag from /home/airflow/.local/lib/python3.12/site-packages/airflow/example_dags/example_python_operator.py
[2024-09-03T16:54:10.401+0000] {processor.py:925} INFO - DAG(s) 'example_python_operator' retrieved from /home/airflow/.local/lib/python3.12/site-packages/airflow/example_dags/example_python_operator.py
[2024-09-03T16:54:10.445+0000] {logging_mixin.py:190} INFO - [2024-09-03T16:54:10.445+0000] {dag.py:3211} INFO - Sync 1 DAGs
[2024-09-03T16:54:10.464+0000] {logging_mixin.py:190} INFO - [2024-09-03T16:54:10.464+0000] {dag.py:4138} INFO - Setting next_dagrun for example_python_operator to None, run_after=None
[2024-09-03T16:54:10.481+0000] {processor.py:208} INFO - Processing /home/airflow/.local/lib/python3.12/site-packages/airflow/example_dags/example_python_operator.py took 0.122 seconds
[2024-09-03T16:54:40.807+0000] {processor.py:186} INFO - Started process (PID=671) to work on /home/airflow/.local/lib/python3.12/site-packages/airflow/example_dags/example_python_operator.py
[2024-09-03T16:54:40.810+0000] {processor.py:914} INFO - Processing file /home/airflow/.local/lib/python3.12/site-packages/airflow/example_dags/example_python_operator.py for tasks to queue
[2024-09-03T16:54:40.822+0000] {logging_mixin.py:190} INFO - [2024-09-03T16:54:40.820+0000] {dagbag.py:587} INFO - Filling up the DagBag from /home/airflow/.local/lib/python3.12/site-packages/airflow/example_dags/example_python_operator.py
[2024-09-03T16:54:40.846+0000] {processor.py:925} INFO - DAG(s) 'example_python_operator' retrieved from /home/airflow/.local/lib/python3.12/site-packages/airflow/example_dags/example_python_operator.py
[2024-09-03T16:54:40.886+0000] {logging_mixin.py:190} INFO - [2024-09-03T16:54:40.886+0000] {dag.py:3211} INFO - Sync 1 DAGs
[2024-09-03T16:54:40.902+0000] {logging_mixin.py:190} INFO - [2024-09-03T16:54:40.901+0000] {dag.py:4138} INFO - Setting next_dagrun for example_python_operator to None, run_after=None
[2024-09-03T16:54:40.928+0000] {processor.py:208} INFO - Processing /home/airflow/.local/lib/python3.12/site-packages/airflow/example_dags/example_python_operator.py took 0.128 seconds
[2024-09-03T16:55:11.023+0000] {processor.py:186} INFO - Started process (PID=732) to work on /home/airflow/.local/lib/python3.12/site-packages/airflow/example_dags/example_python_operator.py
[2024-09-03T16:55:11.025+0000] {processor.py:914} INFO - Processing file /home/airflow/.local/lib/python3.12/site-packages/airflow/example_dags/example_python_operator.py for tasks to queue
[2024-09-03T16:55:11.027+0000] {logging_mixin.py:190} INFO - [2024-09-03T16:55:11.026+0000] {dagbag.py:587} INFO - Filling up the DagBag from /home/airflow/.local/lib/python3.12/site-packages/airflow/example_dags/example_python_operator.py
[2024-09-03T16:55:11.040+0000] {processor.py:925} INFO - DAG(s) 'example_python_operator' retrieved from /home/airflow/.local/lib/python3.12/site-packages/airflow/example_dags/example_python_operator.py
[2024-09-03T16:55:11.057+0000] {logging_mixin.py:190} INFO - [2024-09-03T16:55:11.057+0000] {dag.py:3211} INFO - Sync 1 DAGs
[2024-09-03T16:55:11.066+0000] {logging_mixin.py:190} INFO - [2024-09-03T16:55:11.066+0000] {dag.py:4138} INFO - Setting next_dagrun for example_python_operator to None, run_after=None
[2024-09-03T16:55:11.077+0000] {processor.py:208} INFO - Processing /home/airflow/.local/lib/python3.12/site-packages/airflow/example_dags/example_python_operator.py took 0.066 seconds
[2024-09-03T16:55:41.896+0000] {processor.py:186} INFO - Started process (PID=791) to work on /home/airflow/.local/lib/python3.12/site-packages/airflow/example_dags/example_python_operator.py
[2024-09-03T16:55:41.898+0000] {processor.py:914} INFO - Processing file /home/airflow/.local/lib/python3.12/site-packages/airflow/example_dags/example_python_operator.py for tasks to queue
[2024-09-03T16:55:41.903+0000] {logging_mixin.py:190} INFO - [2024-09-03T16:55:41.902+0000] {dagbag.py:587} INFO - Filling up the DagBag from /home/airflow/.local/lib/python3.12/site-packages/airflow/example_dags/example_python_operator.py
[2024-09-03T16:55:41.960+0000] {processor.py:925} INFO - DAG(s) 'example_python_operator' retrieved from /home/airflow/.local/lib/python3.12/site-packages/airflow/example_dags/example_python_operator.py
[2024-09-03T16:55:42.024+0000] {logging_mixin.py:190} INFO - [2024-09-03T16:55:42.024+0000] {dag.py:3211} INFO - Sync 1 DAGs
[2024-09-03T16:55:42.045+0000] {logging_mixin.py:190} INFO - [2024-09-03T16:55:42.045+0000] {dag.py:4138} INFO - Setting next_dagrun for example_python_operator to None, run_after=None
[2024-09-03T16:55:42.072+0000] {processor.py:208} INFO - Processing /home/airflow/.local/lib/python3.12/site-packages/airflow/example_dags/example_python_operator.py took 0.190 seconds
[2024-09-03T16:56:12.314+0000] {processor.py:186} INFO - Started process (PID=854) to work on /home/airflow/.local/lib/python3.12/site-packages/airflow/example_dags/example_python_operator.py
[2024-09-03T16:56:12.323+0000] {processor.py:914} INFO - Processing file /home/airflow/.local/lib/python3.12/site-packages/airflow/example_dags/example_python_operator.py for tasks to queue
[2024-09-03T16:56:12.330+0000] {logging_mixin.py:190} INFO - [2024-09-03T16:56:12.329+0000] {dagbag.py:587} INFO - Filling up the DagBag from /home/airflow/.local/lib/python3.12/site-packages/airflow/example_dags/example_python_operator.py
[2024-09-03T16:56:12.358+0000] {processor.py:925} INFO - DAG(s) 'example_python_operator' retrieved from /home/airflow/.local/lib/python3.12/site-packages/airflow/example_dags/example_python_operator.py
[2024-09-03T16:56:12.419+0000] {logging_mixin.py:190} INFO - [2024-09-03T16:56:12.419+0000] {dag.py:3211} INFO - Sync 1 DAGs
[2024-09-03T16:56:12.452+0000] {logging_mixin.py:190} INFO - [2024-09-03T16:56:12.452+0000] {dag.py:4138} INFO - Setting next_dagrun for example_python_operator to None, run_after=None
[2024-09-03T16:56:12.471+0000] {processor.py:208} INFO - Processing /home/airflow/.local/lib/python3.12/site-packages/airflow/example_dags/example_python_operator.py took 0.182 seconds
[2024-09-03T16:56:42.654+0000] {processor.py:186} INFO - Started process (PID=916) to work on /home/airflow/.local/lib/python3.12/site-packages/airflow/example_dags/example_python_operator.py
[2024-09-03T16:56:42.656+0000] {processor.py:914} INFO - Processing file /home/airflow/.local/lib/python3.12/site-packages/airflow/example_dags/example_python_operator.py for tasks to queue
[2024-09-03T16:56:42.660+0000] {logging_mixin.py:190} INFO - [2024-09-03T16:56:42.660+0000] {dagbag.py:587} INFO - Filling up the DagBag from /home/airflow/.local/lib/python3.12/site-packages/airflow/example_dags/example_python_operator.py
[2024-09-03T16:56:42.672+0000] {processor.py:925} INFO - DAG(s) 'example_python_operator' retrieved from /home/airflow/.local/lib/python3.12/site-packages/airflow/example_dags/example_python_operator.py
[2024-09-03T16:56:42.691+0000] {logging_mixin.py:190} INFO - [2024-09-03T16:56:42.691+0000] {dag.py:3211} INFO - Sync 1 DAGs
[2024-09-03T16:56:42.701+0000] {logging_mixin.py:190} INFO - [2024-09-03T16:56:42.700+0000] {dag.py:4138} INFO - Setting next_dagrun for example_python_operator to None, run_after=None
[2024-09-03T16:56:42.712+0000] {processor.py:208} INFO - Processing /home/airflow/.local/lib/python3.12/site-packages/airflow/example_dags/example_python_operator.py took 0.066 seconds
[2024-09-03T16:57:13.456+0000] {processor.py:186} INFO - Started process (PID=981) to work on /home/airflow/.local/lib/python3.12/site-packages/airflow/example_dags/example_python_operator.py
[2024-09-03T16:57:13.458+0000] {processor.py:914} INFO - Processing file /home/airflow/.local/lib/python3.12/site-packages/airflow/example_dags/example_python_operator.py for tasks to queue
[2024-09-03T16:57:13.465+0000] {logging_mixin.py:190} INFO - [2024-09-03T16:57:13.463+0000] {dagbag.py:587} INFO - Filling up the DagBag from /home/airflow/.local/lib/python3.12/site-packages/airflow/example_dags/example_python_operator.py
[2024-09-03T16:57:13.499+0000] {processor.py:925} INFO - DAG(s) 'example_python_operator' retrieved from /home/airflow/.local/lib/python3.12/site-packages/airflow/example_dags/example_python_operator.py
[2024-09-03T16:57:13.547+0000] {logging_mixin.py:190} INFO - [2024-09-03T16:57:13.547+0000] {dag.py:3211} INFO - Sync 1 DAGs
[2024-09-03T16:57:13.574+0000] {logging_mixin.py:190} INFO - [2024-09-03T16:57:13.574+0000] {dag.py:4138} INFO - Setting next_dagrun for example_python_operator to None, run_after=None
[2024-09-03T16:57:13.590+0000] {processor.py:208} INFO - Processing /home/airflow/.local/lib/python3.12/site-packages/airflow/example_dags/example_python_operator.py took 0.144 seconds
[2024-09-03T16:57:43.753+0000] {processor.py:186} INFO - Started process (PID=1043) to work on /home/airflow/.local/lib/python3.12/site-packages/airflow/example_dags/example_python_operator.py
[2024-09-03T16:57:43.755+0000] {processor.py:914} INFO - Processing file /home/airflow/.local/lib/python3.12/site-packages/airflow/example_dags/example_python_operator.py for tasks to queue
[2024-09-03T16:57:43.760+0000] {logging_mixin.py:190} INFO - [2024-09-03T16:57:43.760+0000] {dagbag.py:587} INFO - Filling up the DagBag from /home/airflow/.local/lib/python3.12/site-packages/airflow/example_dags/example_python_operator.py
[2024-09-03T16:57:43.781+0000] {processor.py:925} INFO - DAG(s) 'example_python_operator' retrieved from /home/airflow/.local/lib/python3.12/site-packages/airflow/example_dags/example_python_operator.py
[2024-09-03T16:57:43.821+0000] {logging_mixin.py:190} INFO - [2024-09-03T16:57:43.821+0000] {dag.py:3211} INFO - Sync 1 DAGs
[2024-09-03T16:57:43.850+0000] {logging_mixin.py:190} INFO - [2024-09-03T16:57:43.849+0000] {dag.py:4138} INFO - Setting next_dagrun for example_python_operator to None, run_after=None
[2024-09-03T16:57:43.874+0000] {processor.py:208} INFO - Processing /home/airflow/.local/lib/python3.12/site-packages/airflow/example_dags/example_python_operator.py took 0.139 seconds
[2024-09-03T16:58:14.774+0000] {processor.py:186} INFO - Started process (PID=1107) to work on /home/airflow/.local/lib/python3.12/site-packages/airflow/example_dags/example_python_operator.py
[2024-09-03T16:58:14.777+0000] {processor.py:914} INFO - Processing file /home/airflow/.local/lib/python3.12/site-packages/airflow/example_dags/example_python_operator.py for tasks to queue
[2024-09-03T16:58:14.783+0000] {logging_mixin.py:190} INFO - [2024-09-03T16:58:14.782+0000] {dagbag.py:587} INFO - Filling up the DagBag from /home/airflow/.local/lib/python3.12/site-packages/airflow/example_dags/example_python_operator.py
[2024-09-03T16:58:14.808+0000] {processor.py:925} INFO - DAG(s) 'example_python_operator' retrieved from /home/airflow/.local/lib/python3.12/site-packages/airflow/example_dags/example_python_operator.py
[2024-09-03T16:58:14.876+0000] {logging_mixin.py:190} INFO - [2024-09-03T16:58:14.876+0000] {dag.py:3211} INFO - Sync 1 DAGs
[2024-09-03T16:58:14.894+0000] {logging_mixin.py:190} INFO - [2024-09-03T16:58:14.894+0000] {dag.py:4138} INFO - Setting next_dagrun for example_python_operator to None, run_after=None
[2024-09-03T16:58:14.917+0000] {processor.py:208} INFO - Processing /home/airflow/.local/lib/python3.12/site-packages/airflow/example_dags/example_python_operator.py took 0.154 seconds
