[2024-09-03T16:49:14.457+0000] {processor.py:186} INFO - Started process (PID=32) to work on /home/airflow/.local/lib/python3.12/site-packages/airflow/example_dags/example_dataset_alias_with_no_taskflow.py
[2024-09-03T16:49:14.463+0000] {processor.py:914} INFO - Processing file /home/airflow/.local/lib/python3.12/site-packages/airflow/example_dags/example_dataset_alias_with_no_taskflow.py for tasks to queue
[2024-09-03T16:49:14.474+0000] {logging_mixin.py:190} INFO - [2024-09-03T16:49:14.473+0000] {dagbag.py:587} INFO - Filling up the DagBag from /home/airflow/.local/lib/python3.12/site-packages/airflow/example_dags/example_dataset_alias_with_no_taskflow.py
[2024-09-03T16:49:17.076+0000] {processor.py:925} INFO - DAG(s) 'dataset_s3_bucket_consumer_with_no_taskflow', 'dataset_alias_example_alias_consumer_with_no_taskflow', 'dataset_s3_bucket_producer_with_no_taskflow', 'dataset_alias_example_alias_producer_with_no_taskflow' retrieved from /home/airflow/.local/lib/python3.12/site-packages/airflow/example_dags/example_dataset_alias_with_no_taskflow.py
[2024-09-03T16:49:17.789+0000] {logging_mixin.py:190} INFO - [2024-09-03T16:49:17.788+0000] {override.py:1858} INFO - Created Permission View: can delete on DAG:dataset_s3_bucket_consumer_with_no_taskflow
[2024-09-03T16:49:17.799+0000] {logging_mixin.py:190} INFO - [2024-09-03T16:49:17.799+0000] {override.py:1858} INFO - Created Permission View: can edit on DAG:dataset_s3_bucket_consumer_with_no_taskflow
[2024-09-03T16:49:17.817+0000] {logging_mixin.py:190} INFO - [2024-09-03T16:49:17.816+0000] {override.py:1858} INFO - Created Permission View: can read on DAG:dataset_s3_bucket_consumer_with_no_taskflow
[2024-09-03T16:49:17.833+0000] {logging_mixin.py:190} INFO - [2024-09-03T16:49:17.833+0000] {override.py:1858} INFO - Created Permission View: can delete on DAG:dataset_alias_example_alias_consumer_with_no_taskflow
[2024-09-03T16:49:17.841+0000] {logging_mixin.py:190} INFO - [2024-09-03T16:49:17.841+0000] {override.py:1858} INFO - Created Permission View: can edit on DAG:dataset_alias_example_alias_consumer_with_no_taskflow
[2024-09-03T16:49:17.934+0000] {logging_mixin.py:190} INFO - [2024-09-03T16:49:17.933+0000] {override.py:1858} INFO - Created Permission View: can read on DAG:dataset_alias_example_alias_consumer_with_no_taskflow
[2024-09-03T16:49:17.968+0000] {logging_mixin.py:190} INFO - [2024-09-03T16:49:17.967+0000] {override.py:1858} INFO - Created Permission View: can delete on DAG:dataset_s3_bucket_producer_with_no_taskflow
[2024-09-03T16:49:17.972+0000] {logging_mixin.py:190} INFO - [2024-09-03T16:49:17.972+0000] {override.py:1858} INFO - Created Permission View: can edit on DAG:dataset_s3_bucket_producer_with_no_taskflow
[2024-09-03T16:49:17.985+0000] {logging_mixin.py:190} INFO - [2024-09-03T16:49:17.985+0000] {override.py:1858} INFO - Created Permission View: can read on DAG:dataset_s3_bucket_producer_with_no_taskflow
[2024-09-03T16:49:17.997+0000] {logging_mixin.py:190} INFO - [2024-09-03T16:49:17.997+0000] {override.py:1858} INFO - Created Permission View: can delete on DAG:dataset_alias_example_alias_producer_with_no_taskflow
[2024-09-03T16:49:18.004+0000] {logging_mixin.py:190} INFO - [2024-09-03T16:49:18.003+0000] {override.py:1858} INFO - Created Permission View: can edit on DAG:dataset_alias_example_alias_producer_with_no_taskflow
[2024-09-03T16:49:18.010+0000] {logging_mixin.py:190} INFO - [2024-09-03T16:49:18.009+0000] {override.py:1858} INFO - Created Permission View: can read on DAG:dataset_alias_example_alias_producer_with_no_taskflow
[2024-09-03T16:49:18.010+0000] {logging_mixin.py:190} INFO - [2024-09-03T16:49:18.010+0000] {dag.py:3211} INFO - Sync 4 DAGs
[2024-09-03T16:49:18.046+0000] {logging_mixin.py:190} INFO - [2024-09-03T16:49:18.045+0000] {dag.py:3234} INFO - Creating ORM DAG for dataset_s3_bucket_consumer_with_no_taskflow
[2024-09-03T16:49:18.047+0000] {logging_mixin.py:190} INFO - [2024-09-03T16:49:18.047+0000] {dag.py:3234} INFO - Creating ORM DAG for dataset_alias_example_alias_producer_with_no_taskflow
[2024-09-03T16:49:18.048+0000] {logging_mixin.py:190} INFO - [2024-09-03T16:49:18.048+0000] {dag.py:3234} INFO - Creating ORM DAG for dataset_alias_example_alias_consumer_with_no_taskflow
[2024-09-03T16:49:18.048+0000] {logging_mixin.py:190} INFO - [2024-09-03T16:49:18.048+0000] {dag.py:3234} INFO - Creating ORM DAG for dataset_s3_bucket_producer_with_no_taskflow
[2024-09-03T16:49:18.063+0000] {logging_mixin.py:190} INFO - [2024-09-03T16:49:18.063+0000] {dag.py:4138} INFO - Setting next_dagrun for dataset_alias_example_alias_consumer_with_no_taskflow to None, run_after=None
[2024-09-03T16:49:18.064+0000] {logging_mixin.py:190} INFO - [2024-09-03T16:49:18.064+0000] {dag.py:4138} INFO - Setting next_dagrun for dataset_alias_example_alias_producer_with_no_taskflow to None, run_after=None
[2024-09-03T16:49:18.065+0000] {logging_mixin.py:190} INFO - [2024-09-03T16:49:18.065+0000] {dag.py:4138} INFO - Setting next_dagrun for dataset_s3_bucket_consumer_with_no_taskflow to None, run_after=None
[2024-09-03T16:49:18.065+0000] {logging_mixin.py:190} INFO - [2024-09-03T16:49:18.065+0000] {dag.py:4138} INFO - Setting next_dagrun for dataset_s3_bucket_producer_with_no_taskflow to None, run_after=None
[2024-09-03T16:49:18.186+0000] {processor.py:208} INFO - Processing /home/airflow/.local/lib/python3.12/site-packages/airflow/example_dags/example_dataset_alias_with_no_taskflow.py took 3.765 seconds
[2024-09-03T16:50:03.690+0000] {processor.py:186} INFO - Started process (PID=101) to work on /home/airflow/.local/lib/python3.12/site-packages/airflow/example_dags/example_dataset_alias_with_no_taskflow.py
[2024-09-03T16:50:03.693+0000] {processor.py:914} INFO - Processing file /home/airflow/.local/lib/python3.12/site-packages/airflow/example_dags/example_dataset_alias_with_no_taskflow.py for tasks to queue
[2024-09-03T16:50:03.697+0000] {logging_mixin.py:190} INFO - [2024-09-03T16:50:03.697+0000] {dagbag.py:587} INFO - Filling up the DagBag from /home/airflow/.local/lib/python3.12/site-packages/airflow/example_dags/example_dataset_alias_with_no_taskflow.py
[2024-09-03T16:50:04.340+0000] {processor.py:925} INFO - DAG(s) 'dataset_s3_bucket_consumer_with_no_taskflow', 'dataset_s3_bucket_producer_with_no_taskflow', 'dataset_alias_example_alias_consumer_with_no_taskflow', 'dataset_alias_example_alias_producer_with_no_taskflow' retrieved from /home/airflow/.local/lib/python3.12/site-packages/airflow/example_dags/example_dataset_alias_with_no_taskflow.py
[2024-09-03T16:50:04.383+0000] {logging_mixin.py:190} INFO - [2024-09-03T16:50:04.382+0000] {dag.py:3211} INFO - Sync 4 DAGs
[2024-09-03T16:50:04.467+0000] {logging_mixin.py:190} INFO - [2024-09-03T16:50:04.467+0000] {dag.py:4138} INFO - Setting next_dagrun for dataset_alias_example_alias_consumer_with_no_taskflow to None, run_after=None
[2024-09-03T16:50:04.469+0000] {logging_mixin.py:190} INFO - [2024-09-03T16:50:04.469+0000] {dag.py:4138} INFO - Setting next_dagrun for dataset_alias_example_alias_producer_with_no_taskflow to None, run_after=None
[2024-09-03T16:50:04.470+0000] {logging_mixin.py:190} INFO - [2024-09-03T16:50:04.470+0000] {dag.py:4138} INFO - Setting next_dagrun for dataset_s3_bucket_consumer_with_no_taskflow to None, run_after=None
[2024-09-03T16:50:04.475+0000] {logging_mixin.py:190} INFO - [2024-09-03T16:50:04.475+0000] {dag.py:4138} INFO - Setting next_dagrun for dataset_s3_bucket_producer_with_no_taskflow to None, run_after=None
[2024-09-03T16:50:04.598+0000] {processor.py:208} INFO - Processing /home/airflow/.local/lib/python3.12/site-packages/airflow/example_dags/example_dataset_alias_with_no_taskflow.py took 0.916 seconds
[2024-09-03T16:50:35.079+0000] {processor.py:186} INFO - Started process (PID=164) to work on /home/airflow/.local/lib/python3.12/site-packages/airflow/example_dags/example_dataset_alias_with_no_taskflow.py
[2024-09-03T16:50:35.081+0000] {processor.py:914} INFO - Processing file /home/airflow/.local/lib/python3.12/site-packages/airflow/example_dags/example_dataset_alias_with_no_taskflow.py for tasks to queue
[2024-09-03T16:50:35.084+0000] {logging_mixin.py:190} INFO - [2024-09-03T16:50:35.084+0000] {dagbag.py:587} INFO - Filling up the DagBag from /home/airflow/.local/lib/python3.12/site-packages/airflow/example_dags/example_dataset_alias_with_no_taskflow.py
[2024-09-03T16:50:35.266+0000] {processor.py:925} INFO - DAG(s) 'dataset_s3_bucket_producer_with_no_taskflow', 'dataset_alias_example_alias_producer_with_no_taskflow', 'dataset_alias_example_alias_consumer_with_no_taskflow', 'dataset_s3_bucket_consumer_with_no_taskflow' retrieved from /home/airflow/.local/lib/python3.12/site-packages/airflow/example_dags/example_dataset_alias_with_no_taskflow.py
[2024-09-03T16:50:35.280+0000] {logging_mixin.py:190} INFO - [2024-09-03T16:50:35.280+0000] {dag.py:3211} INFO - Sync 4 DAGs
[2024-09-03T16:50:35.304+0000] {logging_mixin.py:190} INFO - [2024-09-03T16:50:35.304+0000] {dag.py:4138} INFO - Setting next_dagrun for dataset_alias_example_alias_consumer_with_no_taskflow to None, run_after=None
[2024-09-03T16:50:35.306+0000] {logging_mixin.py:190} INFO - [2024-09-03T16:50:35.306+0000] {dag.py:4138} INFO - Setting next_dagrun for dataset_alias_example_alias_producer_with_no_taskflow to None, run_after=None
[2024-09-03T16:50:35.307+0000] {logging_mixin.py:190} INFO - [2024-09-03T16:50:35.307+0000] {dag.py:4138} INFO - Setting next_dagrun for dataset_s3_bucket_consumer_with_no_taskflow to None, run_after=None
[2024-09-03T16:50:35.307+0000] {logging_mixin.py:190} INFO - [2024-09-03T16:50:35.307+0000] {dag.py:4138} INFO - Setting next_dagrun for dataset_s3_bucket_producer_with_no_taskflow to None, run_after=None
[2024-09-03T16:50:35.320+0000] {processor.py:208} INFO - Processing /home/airflow/.local/lib/python3.12/site-packages/airflow/example_dags/example_dataset_alias_with_no_taskflow.py took 0.255 seconds
[2024-09-03T16:51:05.818+0000] {processor.py:186} INFO - Started process (PID=227) to work on /home/airflow/.local/lib/python3.12/site-packages/airflow/example_dags/example_dataset_alias_with_no_taskflow.py
[2024-09-03T16:51:05.821+0000] {processor.py:914} INFO - Processing file /home/airflow/.local/lib/python3.12/site-packages/airflow/example_dags/example_dataset_alias_with_no_taskflow.py for tasks to queue
[2024-09-03T16:51:05.824+0000] {logging_mixin.py:190} INFO - [2024-09-03T16:51:05.823+0000] {dagbag.py:587} INFO - Filling up the DagBag from /home/airflow/.local/lib/python3.12/site-packages/airflow/example_dags/example_dataset_alias_with_no_taskflow.py
[2024-09-03T16:51:05.980+0000] {processor.py:925} INFO - DAG(s) 'dataset_s3_bucket_producer_with_no_taskflow', 'dataset_alias_example_alias_consumer_with_no_taskflow', 'dataset_alias_example_alias_producer_with_no_taskflow', 'dataset_s3_bucket_consumer_with_no_taskflow' retrieved from /home/airflow/.local/lib/python3.12/site-packages/airflow/example_dags/example_dataset_alias_with_no_taskflow.py
[2024-09-03T16:51:05.997+0000] {logging_mixin.py:190} INFO - [2024-09-03T16:51:05.996+0000] {dag.py:3211} INFO - Sync 4 DAGs
[2024-09-03T16:51:06.013+0000] {logging_mixin.py:190} INFO - [2024-09-03T16:51:06.013+0000] {dag.py:4138} INFO - Setting next_dagrun for dataset_alias_example_alias_consumer_with_no_taskflow to None, run_after=None
[2024-09-03T16:51:06.015+0000] {logging_mixin.py:190} INFO - [2024-09-03T16:51:06.015+0000] {dag.py:4138} INFO - Setting next_dagrun for dataset_alias_example_alias_producer_with_no_taskflow to None, run_after=None
[2024-09-03T16:51:06.016+0000] {logging_mixin.py:190} INFO - [2024-09-03T16:51:06.016+0000] {dag.py:4138} INFO - Setting next_dagrun for dataset_s3_bucket_consumer_with_no_taskflow to None, run_after=None
[2024-09-03T16:51:06.016+0000] {logging_mixin.py:190} INFO - [2024-09-03T16:51:06.016+0000] {dag.py:4138} INFO - Setting next_dagrun for dataset_s3_bucket_producer_with_no_taskflow to None, run_after=None
[2024-09-03T16:51:06.030+0000] {processor.py:208} INFO - Processing /home/airflow/.local/lib/python3.12/site-packages/airflow/example_dags/example_dataset_alias_with_no_taskflow.py took 0.224 seconds
[2024-09-03T16:51:36.070+0000] {processor.py:186} INFO - Started process (PID=291) to work on /home/airflow/.local/lib/python3.12/site-packages/airflow/example_dags/example_dataset_alias_with_no_taskflow.py
[2024-09-03T16:51:36.107+0000] {processor.py:914} INFO - Processing file /home/airflow/.local/lib/python3.12/site-packages/airflow/example_dags/example_dataset_alias_with_no_taskflow.py for tasks to queue
[2024-09-03T16:51:36.118+0000] {logging_mixin.py:190} INFO - [2024-09-03T16:51:36.118+0000] {dagbag.py:587} INFO - Filling up the DagBag from /home/airflow/.local/lib/python3.12/site-packages/airflow/example_dags/example_dataset_alias_with_no_taskflow.py
[2024-09-03T16:51:36.471+0000] {processor.py:925} INFO - DAG(s) 'dataset_s3_bucket_producer_with_no_taskflow', 'dataset_s3_bucket_consumer_with_no_taskflow', 'dataset_alias_example_alias_consumer_with_no_taskflow', 'dataset_alias_example_alias_producer_with_no_taskflow' retrieved from /home/airflow/.local/lib/python3.12/site-packages/airflow/example_dags/example_dataset_alias_with_no_taskflow.py
[2024-09-03T16:51:36.523+0000] {logging_mixin.py:190} INFO - [2024-09-03T16:51:36.523+0000] {dag.py:3211} INFO - Sync 4 DAGs
[2024-09-03T16:51:36.554+0000] {logging_mixin.py:190} INFO - [2024-09-03T16:51:36.554+0000] {dag.py:4138} INFO - Setting next_dagrun for dataset_alias_example_alias_consumer_with_no_taskflow to None, run_after=None
[2024-09-03T16:51:36.557+0000] {logging_mixin.py:190} INFO - [2024-09-03T16:51:36.557+0000] {dag.py:4138} INFO - Setting next_dagrun for dataset_alias_example_alias_producer_with_no_taskflow to None, run_after=None
[2024-09-03T16:51:36.558+0000] {logging_mixin.py:190} INFO - [2024-09-03T16:51:36.558+0000] {dag.py:4138} INFO - Setting next_dagrun for dataset_s3_bucket_consumer_with_no_taskflow to None, run_after=None
[2024-09-03T16:51:36.559+0000] {logging_mixin.py:190} INFO - [2024-09-03T16:51:36.558+0000] {dag.py:4138} INFO - Setting next_dagrun for dataset_s3_bucket_producer_with_no_taskflow to None, run_after=None
[2024-09-03T16:51:36.577+0000] {processor.py:208} INFO - Processing /home/airflow/.local/lib/python3.12/site-packages/airflow/example_dags/example_dataset_alias_with_no_taskflow.py took 0.514 seconds
[2024-09-03T16:52:06.663+0000] {processor.py:186} INFO - Started process (PID=354) to work on /home/airflow/.local/lib/python3.12/site-packages/airflow/example_dags/example_dataset_alias_with_no_taskflow.py
[2024-09-03T16:52:06.664+0000] {processor.py:914} INFO - Processing file /home/airflow/.local/lib/python3.12/site-packages/airflow/example_dags/example_dataset_alias_with_no_taskflow.py for tasks to queue
[2024-09-03T16:52:06.667+0000] {logging_mixin.py:190} INFO - [2024-09-03T16:52:06.666+0000] {dagbag.py:587} INFO - Filling up the DagBag from /home/airflow/.local/lib/python3.12/site-packages/airflow/example_dags/example_dataset_alias_with_no_taskflow.py
[2024-09-03T16:52:06.988+0000] {processor.py:925} INFO - DAG(s) 'dataset_alias_example_alias_consumer_with_no_taskflow', 'dataset_s3_bucket_consumer_with_no_taskflow', 'dataset_alias_example_alias_producer_with_no_taskflow', 'dataset_s3_bucket_producer_with_no_taskflow' retrieved from /home/airflow/.local/lib/python3.12/site-packages/airflow/example_dags/example_dataset_alias_with_no_taskflow.py
[2024-09-03T16:52:07.024+0000] {logging_mixin.py:190} INFO - [2024-09-03T16:52:07.024+0000] {dag.py:3211} INFO - Sync 4 DAGs
[2024-09-03T16:52:07.049+0000] {logging_mixin.py:190} INFO - [2024-09-03T16:52:07.049+0000] {dag.py:4138} INFO - Setting next_dagrun for dataset_alias_example_alias_consumer_with_no_taskflow to None, run_after=None
[2024-09-03T16:52:07.051+0000] {logging_mixin.py:190} INFO - [2024-09-03T16:52:07.051+0000] {dag.py:4138} INFO - Setting next_dagrun for dataset_alias_example_alias_producer_with_no_taskflow to None, run_after=None
[2024-09-03T16:52:07.052+0000] {logging_mixin.py:190} INFO - [2024-09-03T16:52:07.051+0000] {dag.py:4138} INFO - Setting next_dagrun for dataset_s3_bucket_consumer_with_no_taskflow to None, run_after=None
[2024-09-03T16:52:07.052+0000] {logging_mixin.py:190} INFO - [2024-09-03T16:52:07.052+0000] {dag.py:4138} INFO - Setting next_dagrun for dataset_s3_bucket_producer_with_no_taskflow to None, run_after=None
[2024-09-03T16:52:07.083+0000] {processor.py:208} INFO - Processing /home/airflow/.local/lib/python3.12/site-packages/airflow/example_dags/example_dataset_alias_with_no_taskflow.py took 0.430 seconds
[2024-09-03T16:52:37.365+0000] {processor.py:186} INFO - Started process (PID=416) to work on /home/airflow/.local/lib/python3.12/site-packages/airflow/example_dags/example_dataset_alias_with_no_taskflow.py
[2024-09-03T16:52:37.372+0000] {processor.py:914} INFO - Processing file /home/airflow/.local/lib/python3.12/site-packages/airflow/example_dags/example_dataset_alias_with_no_taskflow.py for tasks to queue
[2024-09-03T16:52:37.378+0000] {logging_mixin.py:190} INFO - [2024-09-03T16:52:37.377+0000] {dagbag.py:587} INFO - Filling up the DagBag from /home/airflow/.local/lib/python3.12/site-packages/airflow/example_dags/example_dataset_alias_with_no_taskflow.py
[2024-09-03T16:52:37.677+0000] {processor.py:925} INFO - DAG(s) 'dataset_alias_example_alias_producer_with_no_taskflow', 'dataset_s3_bucket_producer_with_no_taskflow', 'dataset_s3_bucket_consumer_with_no_taskflow', 'dataset_alias_example_alias_consumer_with_no_taskflow' retrieved from /home/airflow/.local/lib/python3.12/site-packages/airflow/example_dags/example_dataset_alias_with_no_taskflow.py
[2024-09-03T16:52:37.714+0000] {logging_mixin.py:190} INFO - [2024-09-03T16:52:37.714+0000] {dag.py:3211} INFO - Sync 4 DAGs
[2024-09-03T16:52:37.766+0000] {logging_mixin.py:190} INFO - [2024-09-03T16:52:37.766+0000] {dag.py:4138} INFO - Setting next_dagrun for dataset_alias_example_alias_consumer_with_no_taskflow to None, run_after=None
[2024-09-03T16:52:37.770+0000] {logging_mixin.py:190} INFO - [2024-09-03T16:52:37.770+0000] {dag.py:4138} INFO - Setting next_dagrun for dataset_alias_example_alias_producer_with_no_taskflow to None, run_after=None
[2024-09-03T16:52:37.772+0000] {logging_mixin.py:190} INFO - [2024-09-03T16:52:37.772+0000] {dag.py:4138} INFO - Setting next_dagrun for dataset_s3_bucket_consumer_with_no_taskflow to None, run_after=None
[2024-09-03T16:52:37.776+0000] {logging_mixin.py:190} INFO - [2024-09-03T16:52:37.776+0000] {dag.py:4138} INFO - Setting next_dagrun for dataset_s3_bucket_producer_with_no_taskflow to None, run_after=None
[2024-09-03T16:52:37.840+0000] {processor.py:208} INFO - Processing /home/airflow/.local/lib/python3.12/site-packages/airflow/example_dags/example_dataset_alias_with_no_taskflow.py took 0.496 seconds
[2024-09-03T16:53:08.141+0000] {processor.py:186} INFO - Started process (PID=481) to work on /home/airflow/.local/lib/python3.12/site-packages/airflow/example_dags/example_dataset_alias_with_no_taskflow.py
[2024-09-03T16:53:08.141+0000] {processor.py:914} INFO - Processing file /home/airflow/.local/lib/python3.12/site-packages/airflow/example_dags/example_dataset_alias_with_no_taskflow.py for tasks to queue
[2024-09-03T16:53:08.143+0000] {logging_mixin.py:190} INFO - [2024-09-03T16:53:08.143+0000] {dagbag.py:587} INFO - Filling up the DagBag from /home/airflow/.local/lib/python3.12/site-packages/airflow/example_dags/example_dataset_alias_with_no_taskflow.py
[2024-09-03T16:53:08.494+0000] {processor.py:925} INFO - DAG(s) 'dataset_s3_bucket_producer_with_no_taskflow', 'dataset_alias_example_alias_producer_with_no_taskflow', 'dataset_s3_bucket_consumer_with_no_taskflow', 'dataset_alias_example_alias_consumer_with_no_taskflow' retrieved from /home/airflow/.local/lib/python3.12/site-packages/airflow/example_dags/example_dataset_alias_with_no_taskflow.py
[2024-09-03T16:53:08.549+0000] {logging_mixin.py:190} INFO - [2024-09-03T16:53:08.547+0000] {dag.py:3211} INFO - Sync 4 DAGs
[2024-09-03T16:53:08.636+0000] {logging_mixin.py:190} INFO - [2024-09-03T16:53:08.635+0000] {dag.py:4138} INFO - Setting next_dagrun for dataset_alias_example_alias_consumer_with_no_taskflow to None, run_after=None
[2024-09-03T16:53:08.642+0000] {logging_mixin.py:190} INFO - [2024-09-03T16:53:08.642+0000] {dag.py:4138} INFO - Setting next_dagrun for dataset_alias_example_alias_producer_with_no_taskflow to None, run_after=None
[2024-09-03T16:53:08.647+0000] {logging_mixin.py:190} INFO - [2024-09-03T16:53:08.646+0000] {dag.py:4138} INFO - Setting next_dagrun for dataset_s3_bucket_consumer_with_no_taskflow to None, run_after=None
[2024-09-03T16:53:08.649+0000] {logging_mixin.py:190} INFO - [2024-09-03T16:53:08.649+0000] {dag.py:4138} INFO - Setting next_dagrun for dataset_s3_bucket_producer_with_no_taskflow to None, run_after=None
[2024-09-03T16:53:08.704+0000] {processor.py:208} INFO - Processing /home/airflow/.local/lib/python3.12/site-packages/airflow/example_dags/example_dataset_alias_with_no_taskflow.py took 0.569 seconds
[2024-09-03T16:53:39.174+0000] {processor.py:186} INFO - Started process (PID=544) to work on /home/airflow/.local/lib/python3.12/site-packages/airflow/example_dags/example_dataset_alias_with_no_taskflow.py
[2024-09-03T16:53:39.177+0000] {processor.py:914} INFO - Processing file /home/airflow/.local/lib/python3.12/site-packages/airflow/example_dags/example_dataset_alias_with_no_taskflow.py for tasks to queue
[2024-09-03T16:53:39.184+0000] {logging_mixin.py:190} INFO - [2024-09-03T16:53:39.183+0000] {dagbag.py:587} INFO - Filling up the DagBag from /home/airflow/.local/lib/python3.12/site-packages/airflow/example_dags/example_dataset_alias_with_no_taskflow.py
[2024-09-03T16:53:39.448+0000] {processor.py:925} INFO - DAG(s) 'dataset_s3_bucket_consumer_with_no_taskflow', 'dataset_alias_example_alias_producer_with_no_taskflow', 'dataset_alias_example_alias_consumer_with_no_taskflow', 'dataset_s3_bucket_producer_with_no_taskflow' retrieved from /home/airflow/.local/lib/python3.12/site-packages/airflow/example_dags/example_dataset_alias_with_no_taskflow.py
[2024-09-03T16:53:39.470+0000] {logging_mixin.py:190} INFO - [2024-09-03T16:53:39.470+0000] {dag.py:3211} INFO - Sync 4 DAGs
[2024-09-03T16:53:39.488+0000] {logging_mixin.py:190} INFO - [2024-09-03T16:53:39.487+0000] {dag.py:4138} INFO - Setting next_dagrun for dataset_alias_example_alias_consumer_with_no_taskflow to None, run_after=None
[2024-09-03T16:53:39.489+0000] {logging_mixin.py:190} INFO - [2024-09-03T16:53:39.489+0000] {dag.py:4138} INFO - Setting next_dagrun for dataset_alias_example_alias_producer_with_no_taskflow to None, run_after=None
[2024-09-03T16:53:39.490+0000] {logging_mixin.py:190} INFO - [2024-09-03T16:53:39.490+0000] {dag.py:4138} INFO - Setting next_dagrun for dataset_s3_bucket_consumer_with_no_taskflow to None, run_after=None
[2024-09-03T16:53:39.491+0000] {logging_mixin.py:190} INFO - [2024-09-03T16:53:39.491+0000] {dag.py:4138} INFO - Setting next_dagrun for dataset_s3_bucket_producer_with_no_taskflow to None, run_after=None
[2024-09-03T16:53:39.507+0000] {processor.py:208} INFO - Processing /home/airflow/.local/lib/python3.12/site-packages/airflow/example_dags/example_dataset_alias_with_no_taskflow.py took 0.354 seconds
[2024-09-03T16:54:10.355+0000] {processor.py:186} INFO - Started process (PID=607) to work on /home/airflow/.local/lib/python3.12/site-packages/airflow/example_dags/example_dataset_alias_with_no_taskflow.py
[2024-09-03T16:54:10.357+0000] {processor.py:914} INFO - Processing file /home/airflow/.local/lib/python3.12/site-packages/airflow/example_dags/example_dataset_alias_with_no_taskflow.py for tasks to queue
[2024-09-03T16:54:10.371+0000] {logging_mixin.py:190} INFO - [2024-09-03T16:54:10.368+0000] {dagbag.py:587} INFO - Filling up the DagBag from /home/airflow/.local/lib/python3.12/site-packages/airflow/example_dags/example_dataset_alias_with_no_taskflow.py
[2024-09-03T16:54:10.564+0000] {processor.py:925} INFO - DAG(s) 'dataset_alias_example_alias_producer_with_no_taskflow', 'dataset_s3_bucket_consumer_with_no_taskflow', 'dataset_s3_bucket_producer_with_no_taskflow', 'dataset_alias_example_alias_consumer_with_no_taskflow' retrieved from /home/airflow/.local/lib/python3.12/site-packages/airflow/example_dags/example_dataset_alias_with_no_taskflow.py
[2024-09-03T16:54:10.586+0000] {logging_mixin.py:190} INFO - [2024-09-03T16:54:10.586+0000] {dag.py:3211} INFO - Sync 4 DAGs
[2024-09-03T16:54:10.602+0000] {logging_mixin.py:190} INFO - [2024-09-03T16:54:10.602+0000] {dag.py:4138} INFO - Setting next_dagrun for dataset_alias_example_alias_consumer_with_no_taskflow to None, run_after=None
[2024-09-03T16:54:10.604+0000] {logging_mixin.py:190} INFO - [2024-09-03T16:54:10.604+0000] {dag.py:4138} INFO - Setting next_dagrun for dataset_alias_example_alias_producer_with_no_taskflow to None, run_after=None
[2024-09-03T16:54:10.605+0000] {logging_mixin.py:190} INFO - [2024-09-03T16:54:10.605+0000] {dag.py:4138} INFO - Setting next_dagrun for dataset_s3_bucket_consumer_with_no_taskflow to None, run_after=None
[2024-09-03T16:54:10.606+0000] {logging_mixin.py:190} INFO - [2024-09-03T16:54:10.606+0000] {dag.py:4138} INFO - Setting next_dagrun for dataset_s3_bucket_producer_with_no_taskflow to None, run_after=None
[2024-09-03T16:54:10.630+0000] {processor.py:208} INFO - Processing /home/airflow/.local/lib/python3.12/site-packages/airflow/example_dags/example_dataset_alias_with_no_taskflow.py took 0.287 seconds
[2024-09-03T16:54:40.798+0000] {processor.py:186} INFO - Started process (PID=670) to work on /home/airflow/.local/lib/python3.12/site-packages/airflow/example_dags/example_dataset_alias_with_no_taskflow.py
[2024-09-03T16:54:40.801+0000] {processor.py:914} INFO - Processing file /home/airflow/.local/lib/python3.12/site-packages/airflow/example_dags/example_dataset_alias_with_no_taskflow.py for tasks to queue
[2024-09-03T16:54:40.804+0000] {logging_mixin.py:190} INFO - [2024-09-03T16:54:40.804+0000] {dagbag.py:587} INFO - Filling up the DagBag from /home/airflow/.local/lib/python3.12/site-packages/airflow/example_dags/example_dataset_alias_with_no_taskflow.py
[2024-09-03T16:54:41.007+0000] {processor.py:925} INFO - DAG(s) 'dataset_s3_bucket_consumer_with_no_taskflow', 'dataset_alias_example_alias_producer_with_no_taskflow', 'dataset_s3_bucket_producer_with_no_taskflow', 'dataset_alias_example_alias_consumer_with_no_taskflow' retrieved from /home/airflow/.local/lib/python3.12/site-packages/airflow/example_dags/example_dataset_alias_with_no_taskflow.py
[2024-09-03T16:54:41.023+0000] {logging_mixin.py:190} INFO - [2024-09-03T16:54:41.023+0000] {dag.py:3211} INFO - Sync 4 DAGs
[2024-09-03T16:54:41.040+0000] {logging_mixin.py:190} INFO - [2024-09-03T16:54:41.040+0000] {dag.py:4138} INFO - Setting next_dagrun for dataset_alias_example_alias_consumer_with_no_taskflow to None, run_after=None
[2024-09-03T16:54:41.043+0000] {logging_mixin.py:190} INFO - [2024-09-03T16:54:41.043+0000] {dag.py:4138} INFO - Setting next_dagrun for dataset_alias_example_alias_producer_with_no_taskflow to None, run_after=None
[2024-09-03T16:54:41.045+0000] {logging_mixin.py:190} INFO - [2024-09-03T16:54:41.045+0000] {dag.py:4138} INFO - Setting next_dagrun for dataset_s3_bucket_consumer_with_no_taskflow to None, run_after=None
[2024-09-03T16:54:41.048+0000] {logging_mixin.py:190} INFO - [2024-09-03T16:54:41.047+0000] {dag.py:4138} INFO - Setting next_dagrun for dataset_s3_bucket_producer_with_no_taskflow to None, run_after=None
[2024-09-03T16:54:41.062+0000] {processor.py:208} INFO - Processing /home/airflow/.local/lib/python3.12/site-packages/airflow/example_dags/example_dataset_alias_with_no_taskflow.py took 0.276 seconds
[2024-09-03T16:55:11.109+0000] {processor.py:186} INFO - Started process (PID=735) to work on /home/airflow/.local/lib/python3.12/site-packages/airflow/example_dags/example_dataset_alias_with_no_taskflow.py
[2024-09-03T16:55:11.111+0000] {processor.py:914} INFO - Processing file /home/airflow/.local/lib/python3.12/site-packages/airflow/example_dags/example_dataset_alias_with_no_taskflow.py for tasks to queue
[2024-09-03T16:55:11.114+0000] {logging_mixin.py:190} INFO - [2024-09-03T16:55:11.114+0000] {dagbag.py:587} INFO - Filling up the DagBag from /home/airflow/.local/lib/python3.12/site-packages/airflow/example_dags/example_dataset_alias_with_no_taskflow.py
[2024-09-03T16:55:11.270+0000] {processor.py:925} INFO - DAG(s) 'dataset_alias_example_alias_producer_with_no_taskflow', 'dataset_s3_bucket_producer_with_no_taskflow', 'dataset_s3_bucket_consumer_with_no_taskflow', 'dataset_alias_example_alias_consumer_with_no_taskflow' retrieved from /home/airflow/.local/lib/python3.12/site-packages/airflow/example_dags/example_dataset_alias_with_no_taskflow.py
[2024-09-03T16:55:11.281+0000] {logging_mixin.py:190} INFO - [2024-09-03T16:55:11.280+0000] {dag.py:3211} INFO - Sync 4 DAGs
[2024-09-03T16:55:11.292+0000] {logging_mixin.py:190} INFO - [2024-09-03T16:55:11.292+0000] {dag.py:4138} INFO - Setting next_dagrun for dataset_alias_example_alias_consumer_with_no_taskflow to None, run_after=None
[2024-09-03T16:55:11.294+0000] {logging_mixin.py:190} INFO - [2024-09-03T16:55:11.293+0000] {dag.py:4138} INFO - Setting next_dagrun for dataset_alias_example_alias_producer_with_no_taskflow to None, run_after=None
[2024-09-03T16:55:11.294+0000] {logging_mixin.py:190} INFO - [2024-09-03T16:55:11.294+0000] {dag.py:4138} INFO - Setting next_dagrun for dataset_s3_bucket_consumer_with_no_taskflow to None, run_after=None
[2024-09-03T16:55:11.295+0000] {logging_mixin.py:190} INFO - [2024-09-03T16:55:11.295+0000] {dag.py:4138} INFO - Setting next_dagrun for dataset_s3_bucket_producer_with_no_taskflow to None, run_after=None
[2024-09-03T16:55:11.304+0000] {processor.py:208} INFO - Processing /home/airflow/.local/lib/python3.12/site-packages/airflow/example_dags/example_dataset_alias_with_no_taskflow.py took 0.202 seconds
[2024-09-03T16:55:41.888+0000] {processor.py:186} INFO - Started process (PID=790) to work on /home/airflow/.local/lib/python3.12/site-packages/airflow/example_dags/example_dataset_alias_with_no_taskflow.py
[2024-09-03T16:55:41.893+0000] {processor.py:914} INFO - Processing file /home/airflow/.local/lib/python3.12/site-packages/airflow/example_dags/example_dataset_alias_with_no_taskflow.py for tasks to queue
[2024-09-03T16:55:41.900+0000] {logging_mixin.py:190} INFO - [2024-09-03T16:55:41.899+0000] {dagbag.py:587} INFO - Filling up the DagBag from /home/airflow/.local/lib/python3.12/site-packages/airflow/example_dags/example_dataset_alias_with_no_taskflow.py
[2024-09-03T16:55:42.165+0000] {processor.py:925} INFO - DAG(s) 'dataset_alias_example_alias_producer_with_no_taskflow', 'dataset_s3_bucket_consumer_with_no_taskflow', 'dataset_s3_bucket_producer_with_no_taskflow', 'dataset_alias_example_alias_consumer_with_no_taskflow' retrieved from /home/airflow/.local/lib/python3.12/site-packages/airflow/example_dags/example_dataset_alias_with_no_taskflow.py
[2024-09-03T16:55:42.189+0000] {logging_mixin.py:190} INFO - [2024-09-03T16:55:42.189+0000] {dag.py:3211} INFO - Sync 4 DAGs
[2024-09-03T16:55:42.203+0000] {logging_mixin.py:190} INFO - [2024-09-03T16:55:42.202+0000] {dag.py:4138} INFO - Setting next_dagrun for dataset_alias_example_alias_consumer_with_no_taskflow to None, run_after=None
[2024-09-03T16:55:42.204+0000] {logging_mixin.py:190} INFO - [2024-09-03T16:55:42.204+0000] {dag.py:4138} INFO - Setting next_dagrun for dataset_alias_example_alias_producer_with_no_taskflow to None, run_after=None
[2024-09-03T16:55:42.205+0000] {logging_mixin.py:190} INFO - [2024-09-03T16:55:42.205+0000] {dag.py:4138} INFO - Setting next_dagrun for dataset_s3_bucket_consumer_with_no_taskflow to None, run_after=None
[2024-09-03T16:55:42.205+0000] {logging_mixin.py:190} INFO - [2024-09-03T16:55:42.205+0000] {dag.py:4138} INFO - Setting next_dagrun for dataset_s3_bucket_producer_with_no_taskflow to None, run_after=None
[2024-09-03T16:55:42.219+0000] {processor.py:208} INFO - Processing /home/airflow/.local/lib/python3.12/site-packages/airflow/example_dags/example_dataset_alias_with_no_taskflow.py took 0.365 seconds
[2024-09-03T16:56:12.283+0000] {processor.py:186} INFO - Started process (PID=853) to work on /home/airflow/.local/lib/python3.12/site-packages/airflow/example_dags/example_dataset_alias_with_no_taskflow.py
[2024-09-03T16:56:12.287+0000] {processor.py:914} INFO - Processing file /home/airflow/.local/lib/python3.12/site-packages/airflow/example_dags/example_dataset_alias_with_no_taskflow.py for tasks to queue
[2024-09-03T16:56:12.299+0000] {logging_mixin.py:190} INFO - [2024-09-03T16:56:12.298+0000] {dagbag.py:587} INFO - Filling up the DagBag from /home/airflow/.local/lib/python3.12/site-packages/airflow/example_dags/example_dataset_alias_with_no_taskflow.py
[2024-09-03T16:56:12.580+0000] {processor.py:925} INFO - DAG(s) 'dataset_alias_example_alias_consumer_with_no_taskflow', 'dataset_s3_bucket_consumer_with_no_taskflow', 'dataset_s3_bucket_producer_with_no_taskflow', 'dataset_alias_example_alias_producer_with_no_taskflow' retrieved from /home/airflow/.local/lib/python3.12/site-packages/airflow/example_dags/example_dataset_alias_with_no_taskflow.py
[2024-09-03T16:56:12.595+0000] {logging_mixin.py:190} INFO - [2024-09-03T16:56:12.595+0000] {dag.py:3211} INFO - Sync 4 DAGs
[2024-09-03T16:56:12.622+0000] {logging_mixin.py:190} INFO - [2024-09-03T16:56:12.622+0000] {dag.py:4138} INFO - Setting next_dagrun for dataset_alias_example_alias_consumer_with_no_taskflow to None, run_after=None
[2024-09-03T16:56:12.627+0000] {logging_mixin.py:190} INFO - [2024-09-03T16:56:12.627+0000] {dag.py:4138} INFO - Setting next_dagrun for dataset_alias_example_alias_producer_with_no_taskflow to None, run_after=None
[2024-09-03T16:56:12.628+0000] {logging_mixin.py:190} INFO - [2024-09-03T16:56:12.628+0000] {dag.py:4138} INFO - Setting next_dagrun for dataset_s3_bucket_consumer_with_no_taskflow to None, run_after=None
[2024-09-03T16:56:12.629+0000] {logging_mixin.py:190} INFO - [2024-09-03T16:56:12.628+0000] {dag.py:4138} INFO - Setting next_dagrun for dataset_s3_bucket_producer_with_no_taskflow to None, run_after=None
[2024-09-03T16:56:12.651+0000] {processor.py:208} INFO - Processing /home/airflow/.local/lib/python3.12/site-packages/airflow/example_dags/example_dataset_alias_with_no_taskflow.py took 0.384 seconds
[2024-09-03T16:56:42.736+0000] {processor.py:186} INFO - Started process (PID=918) to work on /home/airflow/.local/lib/python3.12/site-packages/airflow/example_dags/example_dataset_alias_with_no_taskflow.py
[2024-09-03T16:56:42.737+0000] {processor.py:914} INFO - Processing file /home/airflow/.local/lib/python3.12/site-packages/airflow/example_dags/example_dataset_alias_with_no_taskflow.py for tasks to queue
[2024-09-03T16:56:42.739+0000] {logging_mixin.py:190} INFO - [2024-09-03T16:56:42.738+0000] {dagbag.py:587} INFO - Filling up the DagBag from /home/airflow/.local/lib/python3.12/site-packages/airflow/example_dags/example_dataset_alias_with_no_taskflow.py
[2024-09-03T16:56:42.852+0000] {processor.py:925} INFO - DAG(s) 'dataset_s3_bucket_producer_with_no_taskflow', 'dataset_alias_example_alias_producer_with_no_taskflow', 'dataset_alias_example_alias_consumer_with_no_taskflow', 'dataset_s3_bucket_consumer_with_no_taskflow' retrieved from /home/airflow/.local/lib/python3.12/site-packages/airflow/example_dags/example_dataset_alias_with_no_taskflow.py
[2024-09-03T16:56:42.865+0000] {logging_mixin.py:190} INFO - [2024-09-03T16:56:42.865+0000] {dag.py:3211} INFO - Sync 4 DAGs
[2024-09-03T16:56:42.877+0000] {logging_mixin.py:190} INFO - [2024-09-03T16:56:42.877+0000] {dag.py:4138} INFO - Setting next_dagrun for dataset_alias_example_alias_consumer_with_no_taskflow to None, run_after=None
[2024-09-03T16:56:42.879+0000] {logging_mixin.py:190} INFO - [2024-09-03T16:56:42.879+0000] {dag.py:4138} INFO - Setting next_dagrun for dataset_alias_example_alias_producer_with_no_taskflow to None, run_after=None
[2024-09-03T16:56:42.880+0000] {logging_mixin.py:190} INFO - [2024-09-03T16:56:42.880+0000] {dag.py:4138} INFO - Setting next_dagrun for dataset_s3_bucket_consumer_with_no_taskflow to None, run_after=None
[2024-09-03T16:56:42.880+0000] {logging_mixin.py:190} INFO - [2024-09-03T16:56:42.880+0000] {dag.py:4138} INFO - Setting next_dagrun for dataset_s3_bucket_producer_with_no_taskflow to None, run_after=None
[2024-09-03T16:56:42.892+0000] {processor.py:208} INFO - Processing /home/airflow/.local/lib/python3.12/site-packages/airflow/example_dags/example_dataset_alias_with_no_taskflow.py took 0.161 seconds
[2024-09-03T16:57:13.447+0000] {processor.py:186} INFO - Started process (PID=980) to work on /home/airflow/.local/lib/python3.12/site-packages/airflow/example_dags/example_dataset_alias_with_no_taskflow.py
[2024-09-03T16:57:13.451+0000] {processor.py:914} INFO - Processing file /home/airflow/.local/lib/python3.12/site-packages/airflow/example_dags/example_dataset_alias_with_no_taskflow.py for tasks to queue
[2024-09-03T16:57:13.456+0000] {logging_mixin.py:190} INFO - [2024-09-03T16:57:13.456+0000] {dagbag.py:587} INFO - Filling up the DagBag from /home/airflow/.local/lib/python3.12/site-packages/airflow/example_dags/example_dataset_alias_with_no_taskflow.py
[2024-09-03T16:57:13.689+0000] {processor.py:925} INFO - DAG(s) 'dataset_s3_bucket_producer_with_no_taskflow', 'dataset_alias_example_alias_producer_with_no_taskflow', 'dataset_alias_example_alias_consumer_with_no_taskflow', 'dataset_s3_bucket_consumer_with_no_taskflow' retrieved from /home/airflow/.local/lib/python3.12/site-packages/airflow/example_dags/example_dataset_alias_with_no_taskflow.py
[2024-09-03T16:57:13.701+0000] {logging_mixin.py:190} INFO - [2024-09-03T16:57:13.701+0000] {dag.py:3211} INFO - Sync 4 DAGs
[2024-09-03T16:57:13.716+0000] {logging_mixin.py:190} INFO - [2024-09-03T16:57:13.715+0000] {dag.py:4138} INFO - Setting next_dagrun for dataset_alias_example_alias_consumer_with_no_taskflow to None, run_after=None
[2024-09-03T16:57:13.717+0000] {logging_mixin.py:190} INFO - [2024-09-03T16:57:13.717+0000] {dag.py:4138} INFO - Setting next_dagrun for dataset_alias_example_alias_producer_with_no_taskflow to None, run_after=None
[2024-09-03T16:57:13.718+0000] {logging_mixin.py:190} INFO - [2024-09-03T16:57:13.718+0000] {dag.py:4138} INFO - Setting next_dagrun for dataset_s3_bucket_consumer_with_no_taskflow to None, run_after=None
[2024-09-03T16:57:13.718+0000] {logging_mixin.py:190} INFO - [2024-09-03T16:57:13.718+0000] {dag.py:4138} INFO - Setting next_dagrun for dataset_s3_bucket_producer_with_no_taskflow to None, run_after=None
[2024-09-03T16:57:13.730+0000] {processor.py:208} INFO - Processing /home/airflow/.local/lib/python3.12/site-packages/airflow/example_dags/example_dataset_alias_with_no_taskflow.py took 0.299 seconds
[2024-09-03T16:57:43.900+0000] {processor.py:186} INFO - Started process (PID=1045) to work on /home/airflow/.local/lib/python3.12/site-packages/airflow/example_dags/example_dataset_alias_with_no_taskflow.py
[2024-09-03T16:57:43.901+0000] {processor.py:914} INFO - Processing file /home/airflow/.local/lib/python3.12/site-packages/airflow/example_dags/example_dataset_alias_with_no_taskflow.py for tasks to queue
[2024-09-03T16:57:43.903+0000] {logging_mixin.py:190} INFO - [2024-09-03T16:57:43.903+0000] {dagbag.py:587} INFO - Filling up the DagBag from /home/airflow/.local/lib/python3.12/site-packages/airflow/example_dags/example_dataset_alias_with_no_taskflow.py
[2024-09-03T16:57:44.047+0000] {processor.py:925} INFO - DAG(s) 'dataset_alias_example_alias_producer_with_no_taskflow', 'dataset_s3_bucket_producer_with_no_taskflow', 'dataset_alias_example_alias_consumer_with_no_taskflow', 'dataset_s3_bucket_consumer_with_no_taskflow' retrieved from /home/airflow/.local/lib/python3.12/site-packages/airflow/example_dags/example_dataset_alias_with_no_taskflow.py
[2024-09-03T16:57:44.060+0000] {logging_mixin.py:190} INFO - [2024-09-03T16:57:44.059+0000] {dag.py:3211} INFO - Sync 4 DAGs
[2024-09-03T16:57:44.073+0000] {logging_mixin.py:190} INFO - [2024-09-03T16:57:44.073+0000] {dag.py:4138} INFO - Setting next_dagrun for dataset_alias_example_alias_consumer_with_no_taskflow to None, run_after=None
[2024-09-03T16:57:44.075+0000] {logging_mixin.py:190} INFO - [2024-09-03T16:57:44.074+0000] {dag.py:4138} INFO - Setting next_dagrun for dataset_alias_example_alias_producer_with_no_taskflow to None, run_after=None
[2024-09-03T16:57:44.075+0000] {logging_mixin.py:190} INFO - [2024-09-03T16:57:44.075+0000] {dag.py:4138} INFO - Setting next_dagrun for dataset_s3_bucket_consumer_with_no_taskflow to None, run_after=None
[2024-09-03T16:57:44.076+0000] {logging_mixin.py:190} INFO - [2024-09-03T16:57:44.076+0000] {dag.py:4138} INFO - Setting next_dagrun for dataset_s3_bucket_producer_with_no_taskflow to None, run_after=None
[2024-09-03T16:57:44.090+0000] {processor.py:208} INFO - Processing /home/airflow/.local/lib/python3.12/site-packages/airflow/example_dags/example_dataset_alias_with_no_taskflow.py took 0.195 seconds
[2024-09-03T16:58:14.767+0000] {processor.py:186} INFO - Started process (PID=1106) to work on /home/airflow/.local/lib/python3.12/site-packages/airflow/example_dags/example_dataset_alias_with_no_taskflow.py
[2024-09-03T16:58:14.771+0000] {processor.py:914} INFO - Processing file /home/airflow/.local/lib/python3.12/site-packages/airflow/example_dags/example_dataset_alias_with_no_taskflow.py for tasks to queue
[2024-09-03T16:58:14.779+0000] {logging_mixin.py:190} INFO - [2024-09-03T16:58:14.778+0000] {dagbag.py:587} INFO - Filling up the DagBag from /home/airflow/.local/lib/python3.12/site-packages/airflow/example_dags/example_dataset_alias_with_no_taskflow.py
[2024-09-03T16:58:15.038+0000] {processor.py:925} INFO - DAG(s) 'dataset_alias_example_alias_consumer_with_no_taskflow', 'dataset_s3_bucket_producer_with_no_taskflow', 'dataset_s3_bucket_consumer_with_no_taskflow', 'dataset_alias_example_alias_producer_with_no_taskflow' retrieved from /home/airflow/.local/lib/python3.12/site-packages/airflow/example_dags/example_dataset_alias_with_no_taskflow.py
[2024-09-03T16:58:15.080+0000] {logging_mixin.py:190} INFO - [2024-09-03T16:58:15.079+0000] {dag.py:3211} INFO - Sync 4 DAGs
[2024-09-03T16:58:15.114+0000] {logging_mixin.py:190} INFO - [2024-09-03T16:58:15.114+0000] {dag.py:4138} INFO - Setting next_dagrun for dataset_alias_example_alias_consumer_with_no_taskflow to None, run_after=None
[2024-09-03T16:58:15.117+0000] {logging_mixin.py:190} INFO - [2024-09-03T16:58:15.117+0000] {dag.py:4138} INFO - Setting next_dagrun for dataset_alias_example_alias_producer_with_no_taskflow to None, run_after=None
[2024-09-03T16:58:15.118+0000] {logging_mixin.py:190} INFO - [2024-09-03T16:58:15.118+0000] {dag.py:4138} INFO - Setting next_dagrun for dataset_s3_bucket_consumer_with_no_taskflow to None, run_after=None
[2024-09-03T16:58:15.120+0000] {logging_mixin.py:190} INFO - [2024-09-03T16:58:15.119+0000] {dag.py:4138} INFO - Setting next_dagrun for dataset_s3_bucket_producer_with_no_taskflow to None, run_after=None
[2024-09-03T16:58:15.147+0000] {processor.py:208} INFO - Processing /home/airflow/.local/lib/python3.12/site-packages/airflow/example_dags/example_dataset_alias_with_no_taskflow.py took 0.409 seconds
