[2024-09-03T16:50:02.676+0000] {processor.py:186} INFO - Started process (PID=94) to work on /home/airflow/.local/lib/python3.12/site-packages/airflow/example_dags/example_xcomargs.py
[2024-09-03T16:50:02.679+0000] {processor.py:914} INFO - Processing file /home/airflow/.local/lib/python3.12/site-packages/airflow/example_dags/example_xcomargs.py for tasks to queue
[2024-09-03T16:50:02.681+0000] {logging_mixin.py:190} INFO - [2024-09-03T16:50:02.681+0000] {dagbag.py:587} INFO - Filling up the DagBag from /home/airflow/.local/lib/python3.12/site-packages/airflow/example_dags/example_xcomargs.py
[2024-09-03T16:50:02.717+0000] {processor.py:925} INFO - DAG(s) 'example_xcom_args_with_operators', 'example_xcom_args' retrieved from /home/airflow/.local/lib/python3.12/site-packages/airflow/example_dags/example_xcomargs.py
[2024-09-03T16:50:02.923+0000] {logging_mixin.py:190} INFO - [2024-09-03T16:50:02.921+0000] {override.py:1858} INFO - Created Permission View: can delete on DAG:example_xcom_args_with_operators
[2024-09-03T16:50:02.943+0000] {logging_mixin.py:190} INFO - [2024-09-03T16:50:02.943+0000] {override.py:1858} INFO - Created Permission View: can edit on DAG:example_xcom_args_with_operators
[2024-09-03T16:50:02.985+0000] {logging_mixin.py:190} INFO - [2024-09-03T16:50:02.984+0000] {override.py:1858} INFO - Created Permission View: can read on DAG:example_xcom_args_with_operators
[2024-09-03T16:50:03.004+0000] {logging_mixin.py:190} INFO - [2024-09-03T16:50:03.004+0000] {override.py:1858} INFO - Created Permission View: can delete on DAG:example_xcom_args
[2024-09-03T16:50:03.008+0000] {logging_mixin.py:190} INFO - [2024-09-03T16:50:03.008+0000] {override.py:1858} INFO - Created Permission View: can edit on DAG:example_xcom_args
[2024-09-03T16:50:03.011+0000] {logging_mixin.py:190} INFO - [2024-09-03T16:50:03.011+0000] {override.py:1858} INFO - Created Permission View: can read on DAG:example_xcom_args
[2024-09-03T16:50:03.011+0000] {logging_mixin.py:190} INFO - [2024-09-03T16:50:03.011+0000] {dag.py:3211} INFO - Sync 2 DAGs
[2024-09-03T16:50:03.052+0000] {logging_mixin.py:190} INFO - [2024-09-03T16:50:03.051+0000] {dag.py:3234} INFO - Creating ORM DAG for example_xcom_args
[2024-09-03T16:50:03.053+0000] {logging_mixin.py:190} INFO - [2024-09-03T16:50:03.052+0000] {dag.py:3234} INFO - Creating ORM DAG for example_xcom_args_with_operators
[2024-09-03T16:50:03.059+0000] {logging_mixin.py:190} INFO - [2024-09-03T16:50:03.058+0000] {dag.py:4138} INFO - Setting next_dagrun for example_xcom_args to None, run_after=None
[2024-09-03T16:50:03.063+0000] {logging_mixin.py:190} INFO - [2024-09-03T16:50:03.063+0000] {dag.py:4138} INFO - Setting next_dagrun for example_xcom_args_with_operators to None, run_after=None
[2024-09-03T16:50:03.109+0000] {processor.py:208} INFO - Processing /home/airflow/.local/lib/python3.12/site-packages/airflow/example_dags/example_xcomargs.py took 0.439 seconds
[2024-09-03T16:50:33.549+0000] {processor.py:186} INFO - Started process (PID=156) to work on /home/airflow/.local/lib/python3.12/site-packages/airflow/example_dags/example_xcomargs.py
[2024-09-03T16:50:33.550+0000] {processor.py:914} INFO - Processing file /home/airflow/.local/lib/python3.12/site-packages/airflow/example_dags/example_xcomargs.py for tasks to queue
[2024-09-03T16:50:33.552+0000] {logging_mixin.py:190} INFO - [2024-09-03T16:50:33.552+0000] {dagbag.py:587} INFO - Filling up the DagBag from /home/airflow/.local/lib/python3.12/site-packages/airflow/example_dags/example_xcomargs.py
[2024-09-03T16:50:33.568+0000] {processor.py:925} INFO - DAG(s) 'example_xcom_args_with_operators', 'example_xcom_args' retrieved from /home/airflow/.local/lib/python3.12/site-packages/airflow/example_dags/example_xcomargs.py
[2024-09-03T16:50:33.616+0000] {logging_mixin.py:190} INFO - [2024-09-03T16:50:33.616+0000] {dag.py:3211} INFO - Sync 2 DAGs
[2024-09-03T16:50:33.629+0000] {logging_mixin.py:190} INFO - [2024-09-03T16:50:33.629+0000] {dag.py:4138} INFO - Setting next_dagrun for example_xcom_args to None, run_after=None
[2024-09-03T16:50:33.631+0000] {logging_mixin.py:190} INFO - [2024-09-03T16:50:33.631+0000] {dag.py:4138} INFO - Setting next_dagrun for example_xcom_args_with_operators to None, run_after=None
[2024-09-03T16:50:33.641+0000] {processor.py:208} INFO - Processing /home/airflow/.local/lib/python3.12/site-packages/airflow/example_dags/example_xcomargs.py took 0.099 seconds
[2024-09-03T16:51:04.586+0000] {processor.py:186} INFO - Started process (PID=221) to work on /home/airflow/.local/lib/python3.12/site-packages/airflow/example_dags/example_xcomargs.py
[2024-09-03T16:51:04.587+0000] {processor.py:914} INFO - Processing file /home/airflow/.local/lib/python3.12/site-packages/airflow/example_dags/example_xcomargs.py for tasks to queue
[2024-09-03T16:51:04.588+0000] {logging_mixin.py:190} INFO - [2024-09-03T16:51:04.588+0000] {dagbag.py:587} INFO - Filling up the DagBag from /home/airflow/.local/lib/python3.12/site-packages/airflow/example_dags/example_xcomargs.py
[2024-09-03T16:51:04.595+0000] {processor.py:925} INFO - DAG(s) 'example_xcom_args', 'example_xcom_args_with_operators' retrieved from /home/airflow/.local/lib/python3.12/site-packages/airflow/example_dags/example_xcomargs.py
[2024-09-03T16:51:04.614+0000] {logging_mixin.py:190} INFO - [2024-09-03T16:51:04.614+0000] {dag.py:3211} INFO - Sync 2 DAGs
[2024-09-03T16:51:04.622+0000] {logging_mixin.py:190} INFO - [2024-09-03T16:51:04.622+0000] {dag.py:4138} INFO - Setting next_dagrun for example_xcom_args to None, run_after=None
[2024-09-03T16:51:04.624+0000] {logging_mixin.py:190} INFO - [2024-09-03T16:51:04.624+0000] {dag.py:4138} INFO - Setting next_dagrun for example_xcom_args_with_operators to None, run_after=None
[2024-09-03T16:51:04.632+0000] {processor.py:208} INFO - Processing /home/airflow/.local/lib/python3.12/site-packages/airflow/example_dags/example_xcomargs.py took 0.050 seconds
[2024-09-03T16:51:34.863+0000] {processor.py:186} INFO - Started process (PID=284) to work on /home/airflow/.local/lib/python3.12/site-packages/airflow/example_dags/example_xcomargs.py
[2024-09-03T16:51:34.864+0000] {processor.py:914} INFO - Processing file /home/airflow/.local/lib/python3.12/site-packages/airflow/example_dags/example_xcomargs.py for tasks to queue
[2024-09-03T16:51:34.865+0000] {logging_mixin.py:190} INFO - [2024-09-03T16:51:34.865+0000] {dagbag.py:587} INFO - Filling up the DagBag from /home/airflow/.local/lib/python3.12/site-packages/airflow/example_dags/example_xcomargs.py
[2024-09-03T16:51:34.873+0000] {processor.py:925} INFO - DAG(s) 'example_xcom_args_with_operators', 'example_xcom_args' retrieved from /home/airflow/.local/lib/python3.12/site-packages/airflow/example_dags/example_xcomargs.py
[2024-09-03T16:51:34.891+0000] {logging_mixin.py:190} INFO - [2024-09-03T16:51:34.890+0000] {dag.py:3211} INFO - Sync 2 DAGs
[2024-09-03T16:51:34.899+0000] {logging_mixin.py:190} INFO - [2024-09-03T16:51:34.899+0000] {dag.py:4138} INFO - Setting next_dagrun for example_xcom_args to None, run_after=None
[2024-09-03T16:51:34.901+0000] {logging_mixin.py:190} INFO - [2024-09-03T16:51:34.901+0000] {dag.py:4138} INFO - Setting next_dagrun for example_xcom_args_with_operators to None, run_after=None
[2024-09-03T16:51:34.912+0000] {processor.py:208} INFO - Processing /home/airflow/.local/lib/python3.12/site-packages/airflow/example_dags/example_xcomargs.py took 0.054 seconds
[2024-09-03T16:52:05.272+0000] {processor.py:186} INFO - Started process (PID=347) to work on /home/airflow/.local/lib/python3.12/site-packages/airflow/example_dags/example_xcomargs.py
[2024-09-03T16:52:05.273+0000] {processor.py:914} INFO - Processing file /home/airflow/.local/lib/python3.12/site-packages/airflow/example_dags/example_xcomargs.py for tasks to queue
[2024-09-03T16:52:05.275+0000] {logging_mixin.py:190} INFO - [2024-09-03T16:52:05.275+0000] {dagbag.py:587} INFO - Filling up the DagBag from /home/airflow/.local/lib/python3.12/site-packages/airflow/example_dags/example_xcomargs.py
[2024-09-03T16:52:05.285+0000] {processor.py:925} INFO - DAG(s) 'example_xcom_args', 'example_xcom_args_with_operators' retrieved from /home/airflow/.local/lib/python3.12/site-packages/airflow/example_dags/example_xcomargs.py
[2024-09-03T16:52:05.321+0000] {logging_mixin.py:190} INFO - [2024-09-03T16:52:05.321+0000] {dag.py:3211} INFO - Sync 2 DAGs
[2024-09-03T16:52:05.334+0000] {logging_mixin.py:190} INFO - [2024-09-03T16:52:05.334+0000] {dag.py:4138} INFO - Setting next_dagrun for example_xcom_args to None, run_after=None
[2024-09-03T16:52:05.337+0000] {logging_mixin.py:190} INFO - [2024-09-03T16:52:05.336+0000] {dag.py:4138} INFO - Setting next_dagrun for example_xcom_args_with_operators to None, run_after=None
[2024-09-03T16:52:05.346+0000] {processor.py:208} INFO - Processing /home/airflow/.local/lib/python3.12/site-packages/airflow/example_dags/example_xcomargs.py took 0.078 seconds
[2024-09-03T16:52:35.822+0000] {processor.py:186} INFO - Started process (PID=410) to work on /home/airflow/.local/lib/python3.12/site-packages/airflow/example_dags/example_xcomargs.py
[2024-09-03T16:52:35.825+0000] {processor.py:914} INFO - Processing file /home/airflow/.local/lib/python3.12/site-packages/airflow/example_dags/example_xcomargs.py for tasks to queue
[2024-09-03T16:52:35.830+0000] {logging_mixin.py:190} INFO - [2024-09-03T16:52:35.829+0000] {dagbag.py:587} INFO - Filling up the DagBag from /home/airflow/.local/lib/python3.12/site-packages/airflow/example_dags/example_xcomargs.py
[2024-09-03T16:52:35.844+0000] {processor.py:925} INFO - DAG(s) 'example_xcom_args', 'example_xcom_args_with_operators' retrieved from /home/airflow/.local/lib/python3.12/site-packages/airflow/example_dags/example_xcomargs.py
[2024-09-03T16:52:35.888+0000] {logging_mixin.py:190} INFO - [2024-09-03T16:52:35.887+0000] {dag.py:3211} INFO - Sync 2 DAGs
[2024-09-03T16:52:35.907+0000] {logging_mixin.py:190} INFO - [2024-09-03T16:52:35.907+0000] {dag.py:4138} INFO - Setting next_dagrun for example_xcom_args to None, run_after=None
[2024-09-03T16:52:35.911+0000] {logging_mixin.py:190} INFO - [2024-09-03T16:52:35.911+0000] {dag.py:4138} INFO - Setting next_dagrun for example_xcom_args_with_operators to None, run_after=None
[2024-09-03T16:52:35.923+0000] {processor.py:208} INFO - Processing /home/airflow/.local/lib/python3.12/site-packages/airflow/example_dags/example_xcomargs.py took 0.112 seconds
[2024-09-03T16:53:07.348+0000] {processor.py:186} INFO - Started process (PID=473) to work on /home/airflow/.local/lib/python3.12/site-packages/airflow/example_dags/example_xcomargs.py
[2024-09-03T16:53:07.351+0000] {processor.py:914} INFO - Processing file /home/airflow/.local/lib/python3.12/site-packages/airflow/example_dags/example_xcomargs.py for tasks to queue
[2024-09-03T16:53:07.356+0000] {logging_mixin.py:190} INFO - [2024-09-03T16:53:07.355+0000] {dagbag.py:587} INFO - Filling up the DagBag from /home/airflow/.local/lib/python3.12/site-packages/airflow/example_dags/example_xcomargs.py
[2024-09-03T16:53:07.409+0000] {processor.py:925} INFO - DAG(s) 'example_xcom_args', 'example_xcom_args_with_operators' retrieved from /home/airflow/.local/lib/python3.12/site-packages/airflow/example_dags/example_xcomargs.py
[2024-09-03T16:53:07.535+0000] {logging_mixin.py:190} INFO - [2024-09-03T16:53:07.535+0000] {dag.py:3211} INFO - Sync 2 DAGs
[2024-09-03T16:53:07.578+0000] {logging_mixin.py:190} INFO - [2024-09-03T16:53:07.578+0000] {dag.py:4138} INFO - Setting next_dagrun for example_xcom_args to None, run_after=None
[2024-09-03T16:53:07.584+0000] {logging_mixin.py:190} INFO - [2024-09-03T16:53:07.584+0000] {dag.py:4138} INFO - Setting next_dagrun for example_xcom_args_with_operators to None, run_after=None
[2024-09-03T16:53:07.610+0000] {processor.py:208} INFO - Processing /home/airflow/.local/lib/python3.12/site-packages/airflow/example_dags/example_xcomargs.py took 0.278 seconds
[2024-09-03T16:53:37.883+0000] {processor.py:186} INFO - Started process (PID=537) to work on /home/airflow/.local/lib/python3.12/site-packages/airflow/example_dags/example_xcomargs.py
[2024-09-03T16:53:37.885+0000] {processor.py:914} INFO - Processing file /home/airflow/.local/lib/python3.12/site-packages/airflow/example_dags/example_xcomargs.py for tasks to queue
[2024-09-03T16:53:37.886+0000] {logging_mixin.py:190} INFO - [2024-09-03T16:53:37.886+0000] {dagbag.py:587} INFO - Filling up the DagBag from /home/airflow/.local/lib/python3.12/site-packages/airflow/example_dags/example_xcomargs.py
[2024-09-03T16:53:37.894+0000] {processor.py:925} INFO - DAG(s) 'example_xcom_args', 'example_xcom_args_with_operators' retrieved from /home/airflow/.local/lib/python3.12/site-packages/airflow/example_dags/example_xcomargs.py
[2024-09-03T16:53:37.913+0000] {logging_mixin.py:190} INFO - [2024-09-03T16:53:37.913+0000] {dag.py:3211} INFO - Sync 2 DAGs
[2024-09-03T16:53:37.928+0000] {logging_mixin.py:190} INFO - [2024-09-03T16:53:37.927+0000] {dag.py:4138} INFO - Setting next_dagrun for example_xcom_args to None, run_after=None
[2024-09-03T16:53:37.932+0000] {logging_mixin.py:190} INFO - [2024-09-03T16:53:37.932+0000] {dag.py:4138} INFO - Setting next_dagrun for example_xcom_args_with_operators to None, run_after=None
[2024-09-03T16:53:37.944+0000] {processor.py:208} INFO - Processing /home/airflow/.local/lib/python3.12/site-packages/airflow/example_dags/example_xcomargs.py took 0.065 seconds
[2024-09-03T16:54:09.066+0000] {processor.py:186} INFO - Started process (PID=601) to work on /home/airflow/.local/lib/python3.12/site-packages/airflow/example_dags/example_xcomargs.py
[2024-09-03T16:54:09.067+0000] {processor.py:914} INFO - Processing file /home/airflow/.local/lib/python3.12/site-packages/airflow/example_dags/example_xcomargs.py for tasks to queue
[2024-09-03T16:54:09.068+0000] {logging_mixin.py:190} INFO - [2024-09-03T16:54:09.068+0000] {dagbag.py:587} INFO - Filling up the DagBag from /home/airflow/.local/lib/python3.12/site-packages/airflow/example_dags/example_xcomargs.py
[2024-09-03T16:54:09.078+0000] {processor.py:925} INFO - DAG(s) 'example_xcom_args', 'example_xcom_args_with_operators' retrieved from /home/airflow/.local/lib/python3.12/site-packages/airflow/example_dags/example_xcomargs.py
[2024-09-03T16:54:09.097+0000] {logging_mixin.py:190} INFO - [2024-09-03T16:54:09.097+0000] {dag.py:3211} INFO - Sync 2 DAGs
[2024-09-03T16:54:09.116+0000] {logging_mixin.py:190} INFO - [2024-09-03T16:54:09.116+0000] {dag.py:4138} INFO - Setting next_dagrun for example_xcom_args to None, run_after=None
[2024-09-03T16:54:09.119+0000] {logging_mixin.py:190} INFO - [2024-09-03T16:54:09.119+0000] {dag.py:4138} INFO - Setting next_dagrun for example_xcom_args_with_operators to None, run_after=None
[2024-09-03T16:54:09.131+0000] {processor.py:208} INFO - Processing /home/airflow/.local/lib/python3.12/site-packages/airflow/example_dags/example_xcomargs.py took 0.069 seconds
[2024-09-03T16:54:39.538+0000] {processor.py:186} INFO - Started process (PID=664) to work on /home/airflow/.local/lib/python3.12/site-packages/airflow/example_dags/example_xcomargs.py
[2024-09-03T16:54:39.539+0000] {processor.py:914} INFO - Processing file /home/airflow/.local/lib/python3.12/site-packages/airflow/example_dags/example_xcomargs.py for tasks to queue
[2024-09-03T16:54:39.541+0000] {logging_mixin.py:190} INFO - [2024-09-03T16:54:39.541+0000] {dagbag.py:587} INFO - Filling up the DagBag from /home/airflow/.local/lib/python3.12/site-packages/airflow/example_dags/example_xcomargs.py
[2024-09-03T16:54:39.549+0000] {processor.py:925} INFO - DAG(s) 'example_xcom_args_with_operators', 'example_xcom_args' retrieved from /home/airflow/.local/lib/python3.12/site-packages/airflow/example_dags/example_xcomargs.py
[2024-09-03T16:54:39.574+0000] {logging_mixin.py:190} INFO - [2024-09-03T16:54:39.574+0000] {dag.py:3211} INFO - Sync 2 DAGs
[2024-09-03T16:54:39.583+0000] {logging_mixin.py:190} INFO - [2024-09-03T16:54:39.583+0000] {dag.py:4138} INFO - Setting next_dagrun for example_xcom_args to None, run_after=None
[2024-09-03T16:54:39.586+0000] {logging_mixin.py:190} INFO - [2024-09-03T16:54:39.586+0000] {dag.py:4138} INFO - Setting next_dagrun for example_xcom_args_with_operators to None, run_after=None
[2024-09-03T16:54:39.595+0000] {processor.py:208} INFO - Processing /home/airflow/.local/lib/python3.12/site-packages/airflow/example_dags/example_xcomargs.py took 0.060 seconds
[2024-09-03T16:55:10.546+0000] {processor.py:186} INFO - Started process (PID=727) to work on /home/airflow/.local/lib/python3.12/site-packages/airflow/example_dags/example_xcomargs.py
[2024-09-03T16:55:10.547+0000] {processor.py:914} INFO - Processing file /home/airflow/.local/lib/python3.12/site-packages/airflow/example_dags/example_xcomargs.py for tasks to queue
[2024-09-03T16:55:10.549+0000] {logging_mixin.py:190} INFO - [2024-09-03T16:55:10.549+0000] {dagbag.py:587} INFO - Filling up the DagBag from /home/airflow/.local/lib/python3.12/site-packages/airflow/example_dags/example_xcomargs.py
[2024-09-03T16:55:10.686+0000] {processor.py:925} INFO - DAG(s) 'example_xcom_args', 'example_xcom_args_with_operators' retrieved from /home/airflow/.local/lib/python3.12/site-packages/airflow/example_dags/example_xcomargs.py
[2024-09-03T16:55:10.784+0000] {logging_mixin.py:190} INFO - [2024-09-03T16:55:10.784+0000] {dag.py:3211} INFO - Sync 2 DAGs
[2024-09-03T16:55:10.816+0000] {logging_mixin.py:190} INFO - [2024-09-03T16:55:10.815+0000] {dag.py:4138} INFO - Setting next_dagrun for example_xcom_args to None, run_after=None
[2024-09-03T16:55:10.828+0000] {logging_mixin.py:190} INFO - [2024-09-03T16:55:10.828+0000] {dag.py:4138} INFO - Setting next_dagrun for example_xcom_args_with_operators to None, run_after=None
[2024-09-03T16:55:10.867+0000] {processor.py:208} INFO - Processing /home/airflow/.local/lib/python3.12/site-packages/airflow/example_dags/example_xcomargs.py took 0.326 seconds
[2024-09-03T16:55:42.256+0000] {processor.py:186} INFO - Started process (PID=794) to work on /home/airflow/.local/lib/python3.12/site-packages/airflow/example_dags/example_xcomargs.py
[2024-09-03T16:55:42.257+0000] {processor.py:914} INFO - Processing file /home/airflow/.local/lib/python3.12/site-packages/airflow/example_dags/example_xcomargs.py for tasks to queue
[2024-09-03T16:55:42.259+0000] {logging_mixin.py:190} INFO - [2024-09-03T16:55:42.259+0000] {dagbag.py:587} INFO - Filling up the DagBag from /home/airflow/.local/lib/python3.12/site-packages/airflow/example_dags/example_xcomargs.py
[2024-09-03T16:55:42.269+0000] {processor.py:925} INFO - DAG(s) 'example_xcom_args', 'example_xcom_args_with_operators' retrieved from /home/airflow/.local/lib/python3.12/site-packages/airflow/example_dags/example_xcomargs.py
[2024-09-03T16:55:42.289+0000] {logging_mixin.py:190} INFO - [2024-09-03T16:55:42.288+0000] {dag.py:3211} INFO - Sync 2 DAGs
[2024-09-03T16:55:42.300+0000] {logging_mixin.py:190} INFO - [2024-09-03T16:55:42.300+0000] {dag.py:4138} INFO - Setting next_dagrun for example_xcom_args to None, run_after=None
[2024-09-03T16:55:42.303+0000] {logging_mixin.py:190} INFO - [2024-09-03T16:55:42.303+0000] {dag.py:4138} INFO - Setting next_dagrun for example_xcom_args_with_operators to None, run_after=None
[2024-09-03T16:55:42.313+0000] {processor.py:208} INFO - Processing /home/airflow/.local/lib/python3.12/site-packages/airflow/example_dags/example_xcomargs.py took 0.062 seconds
[2024-09-03T16:56:12.830+0000] {processor.py:186} INFO - Started process (PID=858) to work on /home/airflow/.local/lib/python3.12/site-packages/airflow/example_dags/example_xcomargs.py
[2024-09-03T16:56:12.833+0000] {processor.py:914} INFO - Processing file /home/airflow/.local/lib/python3.12/site-packages/airflow/example_dags/example_xcomargs.py for tasks to queue
[2024-09-03T16:56:12.837+0000] {logging_mixin.py:190} INFO - [2024-09-03T16:56:12.836+0000] {dagbag.py:587} INFO - Filling up the DagBag from /home/airflow/.local/lib/python3.12/site-packages/airflow/example_dags/example_xcomargs.py
[2024-09-03T16:56:12.851+0000] {processor.py:925} INFO - DAG(s) 'example_xcom_args', 'example_xcom_args_with_operators' retrieved from /home/airflow/.local/lib/python3.12/site-packages/airflow/example_dags/example_xcomargs.py
[2024-09-03T16:56:12.875+0000] {logging_mixin.py:190} INFO - [2024-09-03T16:56:12.875+0000] {dag.py:3211} INFO - Sync 2 DAGs
[2024-09-03T16:56:12.887+0000] {logging_mixin.py:190} INFO - [2024-09-03T16:56:12.887+0000] {dag.py:4138} INFO - Setting next_dagrun for example_xcom_args to None, run_after=None
[2024-09-03T16:56:12.890+0000] {logging_mixin.py:190} INFO - [2024-09-03T16:56:12.889+0000] {dag.py:4138} INFO - Setting next_dagrun for example_xcom_args_with_operators to None, run_after=None
[2024-09-03T16:56:12.901+0000] {processor.py:208} INFO - Processing /home/airflow/.local/lib/python3.12/site-packages/airflow/example_dags/example_xcomargs.py took 0.085 seconds
[2024-09-03T16:56:43.026+0000] {processor.py:186} INFO - Started process (PID=922) to work on /home/airflow/.local/lib/python3.12/site-packages/airflow/example_dags/example_xcomargs.py
[2024-09-03T16:56:43.027+0000] {processor.py:914} INFO - Processing file /home/airflow/.local/lib/python3.12/site-packages/airflow/example_dags/example_xcomargs.py for tasks to queue
[2024-09-03T16:56:43.029+0000] {logging_mixin.py:190} INFO - [2024-09-03T16:56:43.029+0000] {dagbag.py:587} INFO - Filling up the DagBag from /home/airflow/.local/lib/python3.12/site-packages/airflow/example_dags/example_xcomargs.py
[2024-09-03T16:56:43.038+0000] {processor.py:925} INFO - DAG(s) 'example_xcom_args', 'example_xcom_args_with_operators' retrieved from /home/airflow/.local/lib/python3.12/site-packages/airflow/example_dags/example_xcomargs.py
[2024-09-03T16:56:43.061+0000] {logging_mixin.py:190} INFO - [2024-09-03T16:56:43.061+0000] {dag.py:3211} INFO - Sync 2 DAGs
[2024-09-03T16:56:43.071+0000] {logging_mixin.py:190} INFO - [2024-09-03T16:56:43.070+0000] {dag.py:4138} INFO - Setting next_dagrun for example_xcom_args to None, run_after=None
[2024-09-03T16:56:43.073+0000] {logging_mixin.py:190} INFO - [2024-09-03T16:56:43.073+0000] {dag.py:4138} INFO - Setting next_dagrun for example_xcom_args_with_operators to None, run_after=None
[2024-09-03T16:56:43.085+0000] {processor.py:208} INFO - Processing /home/airflow/.local/lib/python3.12/site-packages/airflow/example_dags/example_xcomargs.py took 0.064 seconds
[2024-09-03T16:57:13.810+0000] {processor.py:186} INFO - Started process (PID=985) to work on /home/airflow/.local/lib/python3.12/site-packages/airflow/example_dags/example_xcomargs.py
[2024-09-03T16:57:13.812+0000] {processor.py:914} INFO - Processing file /home/airflow/.local/lib/python3.12/site-packages/airflow/example_dags/example_xcomargs.py for tasks to queue
[2024-09-03T16:57:13.814+0000] {logging_mixin.py:190} INFO - [2024-09-03T16:57:13.814+0000] {dagbag.py:587} INFO - Filling up the DagBag from /home/airflow/.local/lib/python3.12/site-packages/airflow/example_dags/example_xcomargs.py
[2024-09-03T16:57:13.831+0000] {processor.py:925} INFO - DAG(s) 'example_xcom_args_with_operators', 'example_xcom_args' retrieved from /home/airflow/.local/lib/python3.12/site-packages/airflow/example_dags/example_xcomargs.py
[2024-09-03T16:57:13.855+0000] {logging_mixin.py:190} INFO - [2024-09-03T16:57:13.855+0000] {dag.py:3211} INFO - Sync 2 DAGs
[2024-09-03T16:57:13.866+0000] {logging_mixin.py:190} INFO - [2024-09-03T16:57:13.866+0000] {dag.py:4138} INFO - Setting next_dagrun for example_xcom_args to None, run_after=None
[2024-09-03T16:57:13.869+0000] {logging_mixin.py:190} INFO - [2024-09-03T16:57:13.869+0000] {dag.py:4138} INFO - Setting next_dagrun for example_xcom_args_with_operators to None, run_after=None
[2024-09-03T16:57:13.879+0000] {processor.py:208} INFO - Processing /home/airflow/.local/lib/python3.12/site-packages/airflow/example_dags/example_xcomargs.py took 0.073 seconds
[2024-09-03T16:57:44.223+0000] {processor.py:186} INFO - Started process (PID=1048) to work on /home/airflow/.local/lib/python3.12/site-packages/airflow/example_dags/example_xcomargs.py
[2024-09-03T16:57:44.224+0000] {processor.py:914} INFO - Processing file /home/airflow/.local/lib/python3.12/site-packages/airflow/example_dags/example_xcomargs.py for tasks to queue
[2024-09-03T16:57:44.226+0000] {logging_mixin.py:190} INFO - [2024-09-03T16:57:44.226+0000] {dagbag.py:587} INFO - Filling up the DagBag from /home/airflow/.local/lib/python3.12/site-packages/airflow/example_dags/example_xcomargs.py
[2024-09-03T16:57:44.235+0000] {processor.py:925} INFO - DAG(s) 'example_xcom_args', 'example_xcom_args_with_operators' retrieved from /home/airflow/.local/lib/python3.12/site-packages/airflow/example_dags/example_xcomargs.py
[2024-09-03T16:57:44.254+0000] {logging_mixin.py:190} INFO - [2024-09-03T16:57:44.253+0000] {dag.py:3211} INFO - Sync 2 DAGs
[2024-09-03T16:57:44.262+0000] {logging_mixin.py:190} INFO - [2024-09-03T16:57:44.262+0000] {dag.py:4138} INFO - Setting next_dagrun for example_xcom_args to None, run_after=None
[2024-09-03T16:57:44.264+0000] {logging_mixin.py:190} INFO - [2024-09-03T16:57:44.264+0000] {dag.py:4138} INFO - Setting next_dagrun for example_xcom_args_with_operators to None, run_after=None
[2024-09-03T16:57:44.273+0000] {processor.py:208} INFO - Processing /home/airflow/.local/lib/python3.12/site-packages/airflow/example_dags/example_xcomargs.py took 0.056 seconds
[2024-09-03T16:58:15.288+0000] {processor.py:186} INFO - Started process (PID=1111) to work on /home/airflow/.local/lib/python3.12/site-packages/airflow/example_dags/example_xcomargs.py
[2024-09-03T16:58:15.289+0000] {processor.py:914} INFO - Processing file /home/airflow/.local/lib/python3.12/site-packages/airflow/example_dags/example_xcomargs.py for tasks to queue
[2024-09-03T16:58:15.291+0000] {logging_mixin.py:190} INFO - [2024-09-03T16:58:15.291+0000] {dagbag.py:587} INFO - Filling up the DagBag from /home/airflow/.local/lib/python3.12/site-packages/airflow/example_dags/example_xcomargs.py
[2024-09-03T16:58:15.301+0000] {processor.py:925} INFO - DAG(s) 'example_xcom_args_with_operators', 'example_xcom_args' retrieved from /home/airflow/.local/lib/python3.12/site-packages/airflow/example_dags/example_xcomargs.py
[2024-09-03T16:58:15.328+0000] {logging_mixin.py:190} INFO - [2024-09-03T16:58:15.328+0000] {dag.py:3211} INFO - Sync 2 DAGs
[2024-09-03T16:58:15.338+0000] {logging_mixin.py:190} INFO - [2024-09-03T16:58:15.338+0000] {dag.py:4138} INFO - Setting next_dagrun for example_xcom_args to None, run_after=None
[2024-09-03T16:58:15.340+0000] {logging_mixin.py:190} INFO - [2024-09-03T16:58:15.340+0000] {dag.py:4138} INFO - Setting next_dagrun for example_xcom_args_with_operators to None, run_after=None
[2024-09-03T16:58:15.349+0000] {processor.py:208} INFO - Processing /home/airflow/.local/lib/python3.12/site-packages/airflow/example_dags/example_xcomargs.py took 0.065 seconds
