[2024-09-03T16:49:19.374+0000] {processor.py:186} INFO - Started process (PID=36) to work on /home/airflow/.local/lib/python3.12/site-packages/airflow/example_dags/example_sla_dag.py
[2024-09-03T16:49:19.384+0000] {processor.py:914} INFO - Processing file /home/airflow/.local/lib/python3.12/site-packages/airflow/example_dags/example_sla_dag.py for tasks to queue
[2024-09-03T16:49:19.469+0000] {logging_mixin.py:190} INFO - [2024-09-03T16:49:19.468+0000] {dagbag.py:587} INFO - Filling up the DagBag from /home/airflow/.local/lib/python3.12/site-packages/airflow/example_dags/example_sla_dag.py
[2024-09-03T16:49:19.947+0000] {processor.py:925} INFO - DAG(s) 'example_sla_dag' retrieved from /home/airflow/.local/lib/python3.12/site-packages/airflow/example_dags/example_sla_dag.py
[2024-09-03T16:49:21.678+0000] {logging_mixin.py:190} INFO - [2024-09-03T16:49:21.675+0000] {override.py:1858} INFO - Created Permission View: can delete on DAG:example_sla_dag
[2024-09-03T16:49:21.706+0000] {logging_mixin.py:190} INFO - [2024-09-03T16:49:21.705+0000] {override.py:1858} INFO - Created Permission View: can edit on DAG:example_sla_dag
[2024-09-03T16:49:21.714+0000] {logging_mixin.py:190} INFO - [2024-09-03T16:49:21.713+0000] {override.py:1858} INFO - Created Permission View: can read on DAG:example_sla_dag
[2024-09-03T16:49:21.721+0000] {logging_mixin.py:190} INFO - [2024-09-03T16:49:21.720+0000] {dag.py:3211} INFO - Sync 1 DAGs
[2024-09-03T16:49:21.860+0000] {logging_mixin.py:190} INFO - [2024-09-03T16:49:21.859+0000] {dag.py:3234} INFO - Creating ORM DAG for example_sla_dag
[2024-09-03T16:49:21.941+0000] {logging_mixin.py:190} INFO - [2024-09-03T16:49:21.940+0000] {dag.py:4138} INFO - Setting next_dagrun for example_sla_dag to 2024-09-03 16:46:00+00:00, run_after=2024-09-03 16:48:00+00:00
[2024-09-03T16:49:22.035+0000] {processor.py:208} INFO - Processing /home/airflow/.local/lib/python3.12/site-packages/airflow/example_dags/example_sla_dag.py took 2.735 seconds
[2024-09-03T16:50:04.839+0000] {processor.py:186} INFO - Started process (PID=105) to work on /home/airflow/.local/lib/python3.12/site-packages/airflow/example_dags/example_sla_dag.py
[2024-09-03T16:50:04.842+0000] {processor.py:914} INFO - Processing file /home/airflow/.local/lib/python3.12/site-packages/airflow/example_dags/example_sla_dag.py for tasks to queue
[2024-09-03T16:50:04.852+0000] {logging_mixin.py:190} INFO - [2024-09-03T16:50:04.849+0000] {dagbag.py:587} INFO - Filling up the DagBag from /home/airflow/.local/lib/python3.12/site-packages/airflow/example_dags/example_sla_dag.py
[2024-09-03T16:50:04.893+0000] {processor.py:925} INFO - DAG(s) 'example_sla_dag' retrieved from /home/airflow/.local/lib/python3.12/site-packages/airflow/example_dags/example_sla_dag.py
[2024-09-03T16:50:04.973+0000] {logging_mixin.py:190} INFO - [2024-09-03T16:50:04.973+0000] {dag.py:3211} INFO - Sync 1 DAGs
[2024-09-03T16:50:05.039+0000] {logging_mixin.py:190} INFO - [2024-09-03T16:50:05.039+0000] {dag.py:4138} INFO - Setting next_dagrun for example_sla_dag to 2024-09-03 16:48:00+00:00, run_after=2024-09-03 16:50:00+00:00
[2024-09-03T16:50:05.109+0000] {processor.py:208} INFO - Processing /home/airflow/.local/lib/python3.12/site-packages/airflow/example_dags/example_sla_dag.py took 0.291 seconds
[2024-09-03T16:50:35.348+0000] {processor.py:186} INFO - Started process (PID=168) to work on /home/airflow/.local/lib/python3.12/site-packages/airflow/example_dags/example_sla_dag.py
[2024-09-03T16:50:35.349+0000] {processor.py:914} INFO - Processing file /home/airflow/.local/lib/python3.12/site-packages/airflow/example_dags/example_sla_dag.py for tasks to queue
[2024-09-03T16:50:35.351+0000] {logging_mixin.py:190} INFO - [2024-09-03T16:50:35.351+0000] {dagbag.py:587} INFO - Filling up the DagBag from /home/airflow/.local/lib/python3.12/site-packages/airflow/example_dags/example_sla_dag.py
[2024-09-03T16:50:35.358+0000] {processor.py:925} INFO - DAG(s) 'example_sla_dag' retrieved from /home/airflow/.local/lib/python3.12/site-packages/airflow/example_dags/example_sla_dag.py
[2024-09-03T16:50:35.376+0000] {logging_mixin.py:190} INFO - [2024-09-03T16:50:35.376+0000] {dag.py:3211} INFO - Sync 1 DAGs
[2024-09-03T16:50:35.391+0000] {logging_mixin.py:190} INFO - [2024-09-03T16:50:35.391+0000] {dag.py:4138} INFO - Setting next_dagrun for example_sla_dag to 2024-09-03 16:48:00+00:00, run_after=2024-09-03 16:50:00+00:00
[2024-09-03T16:50:35.403+0000] {processor.py:208} INFO - Processing /home/airflow/.local/lib/python3.12/site-packages/airflow/example_dags/example_sla_dag.py took 0.059 seconds
[2024-09-03T16:51:06.053+0000] {processor.py:186} INFO - Started process (PID=231) to work on /home/airflow/.local/lib/python3.12/site-packages/airflow/example_dags/example_sla_dag.py
[2024-09-03T16:51:06.054+0000] {processor.py:914} INFO - Processing file /home/airflow/.local/lib/python3.12/site-packages/airflow/example_dags/example_sla_dag.py for tasks to queue
[2024-09-03T16:51:06.056+0000] {logging_mixin.py:190} INFO - [2024-09-03T16:51:06.055+0000] {dagbag.py:587} INFO - Filling up the DagBag from /home/airflow/.local/lib/python3.12/site-packages/airflow/example_dags/example_sla_dag.py
[2024-09-03T16:51:06.063+0000] {processor.py:925} INFO - DAG(s) 'example_sla_dag' retrieved from /home/airflow/.local/lib/python3.12/site-packages/airflow/example_dags/example_sla_dag.py
[2024-09-03T16:51:06.078+0000] {logging_mixin.py:190} INFO - [2024-09-03T16:51:06.078+0000] {dag.py:3211} INFO - Sync 1 DAGs
[2024-09-03T16:51:06.097+0000] {logging_mixin.py:190} INFO - [2024-09-03T16:51:06.097+0000] {dag.py:4138} INFO - Setting next_dagrun for example_sla_dag to 2024-09-03 16:48:00+00:00, run_after=2024-09-03 16:50:00+00:00
[2024-09-03T16:51:06.106+0000] {processor.py:208} INFO - Processing /home/airflow/.local/lib/python3.12/site-packages/airflow/example_dags/example_sla_dag.py took 0.057 seconds
[2024-09-03T16:51:36.628+0000] {processor.py:186} INFO - Started process (PID=294) to work on /home/airflow/.local/lib/python3.12/site-packages/airflow/example_dags/example_sla_dag.py
[2024-09-03T16:51:36.630+0000] {processor.py:914} INFO - Processing file /home/airflow/.local/lib/python3.12/site-packages/airflow/example_dags/example_sla_dag.py for tasks to queue
[2024-09-03T16:51:36.634+0000] {logging_mixin.py:190} INFO - [2024-09-03T16:51:36.633+0000] {dagbag.py:587} INFO - Filling up the DagBag from /home/airflow/.local/lib/python3.12/site-packages/airflow/example_dags/example_sla_dag.py
[2024-09-03T16:51:36.649+0000] {processor.py:925} INFO - DAG(s) 'example_sla_dag' retrieved from /home/airflow/.local/lib/python3.12/site-packages/airflow/example_dags/example_sla_dag.py
[2024-09-03T16:51:36.688+0000] {logging_mixin.py:190} INFO - [2024-09-03T16:51:36.688+0000] {dag.py:3211} INFO - Sync 1 DAGs
[2024-09-03T16:51:36.706+0000] {logging_mixin.py:190} INFO - [2024-09-03T16:51:36.706+0000] {dag.py:4138} INFO - Setting next_dagrun for example_sla_dag to 2024-09-03 16:48:00+00:00, run_after=2024-09-03 16:50:00+00:00
[2024-09-03T16:51:36.716+0000] {processor.py:208} INFO - Processing /home/airflow/.local/lib/python3.12/site-packages/airflow/example_dags/example_sla_dag.py took 0.098 seconds
[2024-09-03T16:52:07.062+0000] {processor.py:186} INFO - Started process (PID=357) to work on /home/airflow/.local/lib/python3.12/site-packages/airflow/example_dags/example_sla_dag.py
[2024-09-03T16:52:07.065+0000] {processor.py:914} INFO - Processing file /home/airflow/.local/lib/python3.12/site-packages/airflow/example_dags/example_sla_dag.py for tasks to queue
[2024-09-03T16:52:07.070+0000] {logging_mixin.py:190} INFO - [2024-09-03T16:52:07.069+0000] {dagbag.py:587} INFO - Filling up the DagBag from /home/airflow/.local/lib/python3.12/site-packages/airflow/example_dags/example_sla_dag.py
[2024-09-03T16:52:07.085+0000] {processor.py:925} INFO - DAG(s) 'example_sla_dag' retrieved from /home/airflow/.local/lib/python3.12/site-packages/airflow/example_dags/example_sla_dag.py
[2024-09-03T16:52:07.109+0000] {logging_mixin.py:190} INFO - [2024-09-03T16:52:07.109+0000] {dag.py:3211} INFO - Sync 1 DAGs
[2024-09-03T16:52:07.127+0000] {logging_mixin.py:190} INFO - [2024-09-03T16:52:07.127+0000] {dag.py:4138} INFO - Setting next_dagrun for example_sla_dag to 2024-09-03 16:50:00+00:00, run_after=2024-09-03 16:52:00+00:00
[2024-09-03T16:52:07.136+0000] {processor.py:208} INFO - Processing /home/airflow/.local/lib/python3.12/site-packages/airflow/example_dags/example_sla_dag.py took 0.085 seconds
[2024-09-03T16:52:38.232+0000] {processor.py:186} INFO - Started process (PID=420) to work on /home/airflow/.local/lib/python3.12/site-packages/airflow/example_dags/example_sla_dag.py
[2024-09-03T16:52:38.233+0000] {processor.py:914} INFO - Processing file /home/airflow/.local/lib/python3.12/site-packages/airflow/example_dags/example_sla_dag.py for tasks to queue
[2024-09-03T16:52:38.236+0000] {logging_mixin.py:190} INFO - [2024-09-03T16:52:38.235+0000] {dagbag.py:587} INFO - Filling up the DagBag from /home/airflow/.local/lib/python3.12/site-packages/airflow/example_dags/example_sla_dag.py
[2024-09-03T16:52:38.244+0000] {processor.py:925} INFO - DAG(s) 'example_sla_dag' retrieved from /home/airflow/.local/lib/python3.12/site-packages/airflow/example_dags/example_sla_dag.py
[2024-09-03T16:52:38.261+0000] {logging_mixin.py:190} INFO - [2024-09-03T16:52:38.261+0000] {dag.py:3211} INFO - Sync 1 DAGs
[2024-09-03T16:52:38.286+0000] {logging_mixin.py:190} INFO - [2024-09-03T16:52:38.286+0000] {dag.py:4138} INFO - Setting next_dagrun for example_sla_dag to 2024-09-03 16:50:00+00:00, run_after=2024-09-03 16:52:00+00:00
[2024-09-03T16:52:38.302+0000] {processor.py:208} INFO - Processing /home/airflow/.local/lib/python3.12/site-packages/airflow/example_dags/example_sla_dag.py took 0.074 seconds
[2024-09-03T16:53:08.984+0000] {processor.py:186} INFO - Started process (PID=483) to work on /home/airflow/.local/lib/python3.12/site-packages/airflow/example_dags/example_sla_dag.py
[2024-09-03T16:53:08.990+0000] {processor.py:914} INFO - Processing file /home/airflow/.local/lib/python3.12/site-packages/airflow/example_dags/example_sla_dag.py for tasks to queue
[2024-09-03T16:53:09.020+0000] {logging_mixin.py:190} INFO - [2024-09-03T16:53:09.018+0000] {dagbag.py:587} INFO - Filling up the DagBag from /home/airflow/.local/lib/python3.12/site-packages/airflow/example_dags/example_sla_dag.py
[2024-09-03T16:53:09.098+0000] {processor.py:925} INFO - DAG(s) 'example_sla_dag' retrieved from /home/airflow/.local/lib/python3.12/site-packages/airflow/example_dags/example_sla_dag.py
[2024-09-03T16:53:09.210+0000] {logging_mixin.py:190} INFO - [2024-09-03T16:53:09.210+0000] {dag.py:3211} INFO - Sync 1 DAGs
[2024-09-03T16:53:09.296+0000] {logging_mixin.py:190} INFO - [2024-09-03T16:53:09.296+0000] {dag.py:4138} INFO - Setting next_dagrun for example_sla_dag to 2024-09-03 16:50:00+00:00, run_after=2024-09-03 16:52:00+00:00
[2024-09-03T16:53:09.349+0000] {processor.py:208} INFO - Processing /home/airflow/.local/lib/python3.12/site-packages/airflow/example_dags/example_sla_dag.py took 0.388 seconds
[2024-09-03T16:53:39.540+0000] {processor.py:186} INFO - Started process (PID=547) to work on /home/airflow/.local/lib/python3.12/site-packages/airflow/example_dags/example_sla_dag.py
[2024-09-03T16:53:39.541+0000] {processor.py:914} INFO - Processing file /home/airflow/.local/lib/python3.12/site-packages/airflow/example_dags/example_sla_dag.py for tasks to queue
[2024-09-03T16:53:39.543+0000] {logging_mixin.py:190} INFO - [2024-09-03T16:53:39.542+0000] {dagbag.py:587} INFO - Filling up the DagBag from /home/airflow/.local/lib/python3.12/site-packages/airflow/example_dags/example_sla_dag.py
[2024-09-03T16:53:39.550+0000] {processor.py:925} INFO - DAG(s) 'example_sla_dag' retrieved from /home/airflow/.local/lib/python3.12/site-packages/airflow/example_dags/example_sla_dag.py
[2024-09-03T16:53:39.566+0000] {logging_mixin.py:190} INFO - [2024-09-03T16:53:39.566+0000] {dag.py:3211} INFO - Sync 1 DAGs
[2024-09-03T16:53:39.579+0000] {logging_mixin.py:190} INFO - [2024-09-03T16:53:39.579+0000] {dag.py:4138} INFO - Setting next_dagrun for example_sla_dag to 2024-09-03 16:50:00+00:00, run_after=2024-09-03 16:52:00+00:00
[2024-09-03T16:53:39.590+0000] {processor.py:208} INFO - Processing /home/airflow/.local/lib/python3.12/site-packages/airflow/example_dags/example_sla_dag.py took 0.054 seconds
[2024-09-03T16:54:10.606+0000] {processor.py:186} INFO - Started process (PID=610) to work on /home/airflow/.local/lib/python3.12/site-packages/airflow/example_dags/example_sla_dag.py
[2024-09-03T16:54:10.607+0000] {processor.py:914} INFO - Processing file /home/airflow/.local/lib/python3.12/site-packages/airflow/example_dags/example_sla_dag.py for tasks to queue
[2024-09-03T16:54:10.609+0000] {logging_mixin.py:190} INFO - [2024-09-03T16:54:10.609+0000] {dagbag.py:587} INFO - Filling up the DagBag from /home/airflow/.local/lib/python3.12/site-packages/airflow/example_dags/example_sla_dag.py
[2024-09-03T16:54:10.623+0000] {processor.py:925} INFO - DAG(s) 'example_sla_dag' retrieved from /home/airflow/.local/lib/python3.12/site-packages/airflow/example_dags/example_sla_dag.py
[2024-09-03T16:54:10.653+0000] {logging_mixin.py:190} INFO - [2024-09-03T16:54:10.653+0000] {dag.py:3211} INFO - Sync 1 DAGs
[2024-09-03T16:54:10.680+0000] {logging_mixin.py:190} INFO - [2024-09-03T16:54:10.680+0000] {dag.py:4138} INFO - Setting next_dagrun for example_sla_dag to 2024-09-03 16:52:00+00:00, run_after=2024-09-03 16:54:00+00:00
[2024-09-03T16:54:10.708+0000] {processor.py:208} INFO - Processing /home/airflow/.local/lib/python3.12/site-packages/airflow/example_dags/example_sla_dag.py took 0.107 seconds
[2024-09-03T16:54:41.055+0000] {processor.py:186} INFO - Started process (PID=673) to work on /home/airflow/.local/lib/python3.12/site-packages/airflow/example_dags/example_sla_dag.py
[2024-09-03T16:54:41.056+0000] {processor.py:914} INFO - Processing file /home/airflow/.local/lib/python3.12/site-packages/airflow/example_dags/example_sla_dag.py for tasks to queue
[2024-09-03T16:54:41.059+0000] {logging_mixin.py:190} INFO - [2024-09-03T16:54:41.058+0000] {dagbag.py:587} INFO - Filling up the DagBag from /home/airflow/.local/lib/python3.12/site-packages/airflow/example_dags/example_sla_dag.py
[2024-09-03T16:54:41.068+0000] {processor.py:925} INFO - DAG(s) 'example_sla_dag' retrieved from /home/airflow/.local/lib/python3.12/site-packages/airflow/example_dags/example_sla_dag.py
[2024-09-03T16:54:41.083+0000] {logging_mixin.py:190} INFO - [2024-09-03T16:54:41.083+0000] {dag.py:3211} INFO - Sync 1 DAGs
[2024-09-03T16:54:41.098+0000] {logging_mixin.py:190} INFO - [2024-09-03T16:54:41.098+0000] {dag.py:4138} INFO - Setting next_dagrun for example_sla_dag to 2024-09-03 16:52:00+00:00, run_after=2024-09-03 16:54:00+00:00
[2024-09-03T16:54:41.107+0000] {processor.py:208} INFO - Processing /home/airflow/.local/lib/python3.12/site-packages/airflow/example_dags/example_sla_dag.py took 0.058 seconds
[2024-09-03T16:55:11.175+0000] {processor.py:186} INFO - Started process (PID=736) to work on /home/airflow/.local/lib/python3.12/site-packages/airflow/example_dags/example_sla_dag.py
[2024-09-03T16:55:11.175+0000] {processor.py:914} INFO - Processing file /home/airflow/.local/lib/python3.12/site-packages/airflow/example_dags/example_sla_dag.py for tasks to queue
[2024-09-03T16:55:11.177+0000] {logging_mixin.py:190} INFO - [2024-09-03T16:55:11.177+0000] {dagbag.py:587} INFO - Filling up the DagBag from /home/airflow/.local/lib/python3.12/site-packages/airflow/example_dags/example_sla_dag.py
[2024-09-03T16:55:11.186+0000] {processor.py:925} INFO - DAG(s) 'example_sla_dag' retrieved from /home/airflow/.local/lib/python3.12/site-packages/airflow/example_dags/example_sla_dag.py
[2024-09-03T16:55:11.206+0000] {logging_mixin.py:190} INFO - [2024-09-03T16:55:11.205+0000] {dag.py:3211} INFO - Sync 1 DAGs
[2024-09-03T16:55:11.222+0000] {logging_mixin.py:190} INFO - [2024-09-03T16:55:11.221+0000] {dag.py:4138} INFO - Setting next_dagrun for example_sla_dag to 2024-09-03 16:52:00+00:00, run_after=2024-09-03 16:54:00+00:00
[2024-09-03T16:55:11.232+0000] {processor.py:208} INFO - Processing /home/airflow/.local/lib/python3.12/site-packages/airflow/example_dags/example_sla_dag.py took 0.062 seconds
[2024-09-03T16:55:42.203+0000] {processor.py:186} INFO - Started process (PID=793) to work on /home/airflow/.local/lib/python3.12/site-packages/airflow/example_dags/example_sla_dag.py
[2024-09-03T16:55:42.204+0000] {processor.py:914} INFO - Processing file /home/airflow/.local/lib/python3.12/site-packages/airflow/example_dags/example_sla_dag.py for tasks to queue
[2024-09-03T16:55:42.206+0000] {logging_mixin.py:190} INFO - [2024-09-03T16:55:42.206+0000] {dagbag.py:587} INFO - Filling up the DagBag from /home/airflow/.local/lib/python3.12/site-packages/airflow/example_dags/example_sla_dag.py
[2024-09-03T16:55:42.213+0000] {processor.py:925} INFO - DAG(s) 'example_sla_dag' retrieved from /home/airflow/.local/lib/python3.12/site-packages/airflow/example_dags/example_sla_dag.py
[2024-09-03T16:55:42.233+0000] {logging_mixin.py:190} INFO - [2024-09-03T16:55:42.233+0000] {dag.py:3211} INFO - Sync 1 DAGs
[2024-09-03T16:55:42.263+0000] {logging_mixin.py:190} INFO - [2024-09-03T16:55:42.263+0000] {dag.py:4138} INFO - Setting next_dagrun for example_sla_dag to 2024-09-03 16:52:00+00:00, run_after=2024-09-03 16:54:00+00:00
[2024-09-03T16:55:42.275+0000] {processor.py:208} INFO - Processing /home/airflow/.local/lib/python3.12/site-packages/airflow/example_dags/example_sla_dag.py took 0.076 seconds
[2024-09-03T16:56:12.668+0000] {processor.py:186} INFO - Started process (PID=856) to work on /home/airflow/.local/lib/python3.12/site-packages/airflow/example_dags/example_sla_dag.py
[2024-09-03T16:56:12.672+0000] {processor.py:914} INFO - Processing file /home/airflow/.local/lib/python3.12/site-packages/airflow/example_dags/example_sla_dag.py for tasks to queue
[2024-09-03T16:56:12.677+0000] {logging_mixin.py:190} INFO - [2024-09-03T16:56:12.676+0000] {dagbag.py:587} INFO - Filling up the DagBag from /home/airflow/.local/lib/python3.12/site-packages/airflow/example_dags/example_sla_dag.py
[2024-09-03T16:56:12.698+0000] {processor.py:925} INFO - DAG(s) 'example_sla_dag' retrieved from /home/airflow/.local/lib/python3.12/site-packages/airflow/example_dags/example_sla_dag.py
[2024-09-03T16:56:12.738+0000] {logging_mixin.py:190} INFO - [2024-09-03T16:56:12.737+0000] {dag.py:3211} INFO - Sync 1 DAGs
[2024-09-03T16:56:12.761+0000] {logging_mixin.py:190} INFO - [2024-09-03T16:56:12.761+0000] {dag.py:4138} INFO - Setting next_dagrun for example_sla_dag to 2024-09-03 16:54:00+00:00, run_after=2024-09-03 16:56:00+00:00
[2024-09-03T16:56:12.785+0000] {processor.py:208} INFO - Processing /home/airflow/.local/lib/python3.12/site-packages/airflow/example_dags/example_sla_dag.py took 0.132 seconds
[2024-09-03T16:56:42.917+0000] {processor.py:186} INFO - Started process (PID=919) to work on /home/airflow/.local/lib/python3.12/site-packages/airflow/example_dags/example_sla_dag.py
[2024-09-03T16:56:42.918+0000] {processor.py:914} INFO - Processing file /home/airflow/.local/lib/python3.12/site-packages/airflow/example_dags/example_sla_dag.py for tasks to queue
[2024-09-03T16:56:42.920+0000] {logging_mixin.py:190} INFO - [2024-09-03T16:56:42.920+0000] {dagbag.py:587} INFO - Filling up the DagBag from /home/airflow/.local/lib/python3.12/site-packages/airflow/example_dags/example_sla_dag.py
[2024-09-03T16:56:42.930+0000] {processor.py:925} INFO - DAG(s) 'example_sla_dag' retrieved from /home/airflow/.local/lib/python3.12/site-packages/airflow/example_dags/example_sla_dag.py
[2024-09-03T16:56:42.947+0000] {logging_mixin.py:190} INFO - [2024-09-03T16:56:42.947+0000] {dag.py:3211} INFO - Sync 1 DAGs
[2024-09-03T16:56:42.968+0000] {logging_mixin.py:190} INFO - [2024-09-03T16:56:42.968+0000] {dag.py:4138} INFO - Setting next_dagrun for example_sla_dag to 2024-09-03 16:54:00+00:00, run_after=2024-09-03 16:56:00+00:00
[2024-09-03T16:56:42.983+0000] {processor.py:208} INFO - Processing /home/airflow/.local/lib/python3.12/site-packages/airflow/example_dags/example_sla_dag.py took 0.071 seconds
[2024-09-03T16:57:13.722+0000] {processor.py:186} INFO - Started process (PID=983) to work on /home/airflow/.local/lib/python3.12/site-packages/airflow/example_dags/example_sla_dag.py
[2024-09-03T16:57:13.723+0000] {processor.py:914} INFO - Processing file /home/airflow/.local/lib/python3.12/site-packages/airflow/example_dags/example_sla_dag.py for tasks to queue
[2024-09-03T16:57:13.725+0000] {logging_mixin.py:190} INFO - [2024-09-03T16:57:13.724+0000] {dagbag.py:587} INFO - Filling up the DagBag from /home/airflow/.local/lib/python3.12/site-packages/airflow/example_dags/example_sla_dag.py
[2024-09-03T16:57:13.733+0000] {processor.py:925} INFO - DAG(s) 'example_sla_dag' retrieved from /home/airflow/.local/lib/python3.12/site-packages/airflow/example_dags/example_sla_dag.py
[2024-09-03T16:57:13.752+0000] {logging_mixin.py:190} INFO - [2024-09-03T16:57:13.752+0000] {dag.py:3211} INFO - Sync 1 DAGs
[2024-09-03T16:57:13.774+0000] {logging_mixin.py:190} INFO - [2024-09-03T16:57:13.774+0000] {dag.py:4138} INFO - Setting next_dagrun for example_sla_dag to 2024-09-03 16:54:00+00:00, run_after=2024-09-03 16:56:00+00:00
[2024-09-03T16:57:13.787+0000] {processor.py:208} INFO - Processing /home/airflow/.local/lib/python3.12/site-packages/airflow/example_dags/example_sla_dag.py took 0.069 seconds
[2024-09-03T16:57:44.129+0000] {processor.py:186} INFO - Started process (PID=1046) to work on /home/airflow/.local/lib/python3.12/site-packages/airflow/example_dags/example_sla_dag.py
[2024-09-03T16:57:44.130+0000] {processor.py:914} INFO - Processing file /home/airflow/.local/lib/python3.12/site-packages/airflow/example_dags/example_sla_dag.py for tasks to queue
[2024-09-03T16:57:44.132+0000] {logging_mixin.py:190} INFO - [2024-09-03T16:57:44.132+0000] {dagbag.py:587} INFO - Filling up the DagBag from /home/airflow/.local/lib/python3.12/site-packages/airflow/example_dags/example_sla_dag.py
[2024-09-03T16:57:44.140+0000] {processor.py:925} INFO - DAG(s) 'example_sla_dag' retrieved from /home/airflow/.local/lib/python3.12/site-packages/airflow/example_dags/example_sla_dag.py
[2024-09-03T16:57:44.164+0000] {logging_mixin.py:190} INFO - [2024-09-03T16:57:44.164+0000] {dag.py:3211} INFO - Sync 1 DAGs
[2024-09-03T16:57:44.187+0000] {logging_mixin.py:190} INFO - [2024-09-03T16:57:44.187+0000] {dag.py:4138} INFO - Setting next_dagrun for example_sla_dag to 2024-09-03 16:54:00+00:00, run_after=2024-09-03 16:56:00+00:00
[2024-09-03T16:57:44.197+0000] {processor.py:208} INFO - Processing /home/airflow/.local/lib/python3.12/site-packages/airflow/example_dags/example_sla_dag.py took 0.074 seconds
[2024-09-03T16:58:15.143+0000] {processor.py:186} INFO - Started process (PID=1109) to work on /home/airflow/.local/lib/python3.12/site-packages/airflow/example_dags/example_sla_dag.py
[2024-09-03T16:58:15.147+0000] {processor.py:914} INFO - Processing file /home/airflow/.local/lib/python3.12/site-packages/airflow/example_dags/example_sla_dag.py for tasks to queue
[2024-09-03T16:58:15.152+0000] {logging_mixin.py:190} INFO - [2024-09-03T16:58:15.151+0000] {dagbag.py:587} INFO - Filling up the DagBag from /home/airflow/.local/lib/python3.12/site-packages/airflow/example_dags/example_sla_dag.py
[2024-09-03T16:58:15.180+0000] {processor.py:925} INFO - DAG(s) 'example_sla_dag' retrieved from /home/airflow/.local/lib/python3.12/site-packages/airflow/example_dags/example_sla_dag.py
[2024-09-03T16:58:15.221+0000] {logging_mixin.py:190} INFO - [2024-09-03T16:58:15.220+0000] {dag.py:3211} INFO - Sync 1 DAGs
[2024-09-03T16:58:15.251+0000] {logging_mixin.py:190} INFO - [2024-09-03T16:58:15.251+0000] {dag.py:4138} INFO - Setting next_dagrun for example_sla_dag to 2024-09-03 16:56:00+00:00, run_after=2024-09-03 16:58:00+00:00
[2024-09-03T16:58:15.264+0000] {processor.py:208} INFO - Processing /home/airflow/.local/lib/python3.12/site-packages/airflow/example_dags/example_sla_dag.py took 0.133 seconds
