[2024-09-03T16:50:02.405+0000] {processor.py:186} INFO - Started process (PID=93) to work on /home/airflow/.local/lib/python3.12/site-packages/airflow/example_dags/example_bash_decorator.py
[2024-09-03T16:50:02.406+0000] {processor.py:914} INFO - Processing file /home/airflow/.local/lib/python3.12/site-packages/airflow/example_dags/example_bash_decorator.py for tasks to queue
[2024-09-03T16:50:02.408+0000] {logging_mixin.py:190} INFO - [2024-09-03T16:50:02.408+0000] {dagbag.py:587} INFO - Filling up the DagBag from /home/airflow/.local/lib/python3.12/site-packages/airflow/example_dags/example_bash_decorator.py
[2024-09-03T16:50:02.431+0000] {processor.py:925} INFO - DAG(s) 'example_bash_decorator' retrieved from /home/airflow/.local/lib/python3.12/site-packages/airflow/example_dags/example_bash_decorator.py
[2024-09-03T16:50:02.573+0000] {logging_mixin.py:190} INFO - [2024-09-03T16:50:02.565+0000] {override.py:1858} INFO - Created Permission View: can delete on DAG:example_bash_decorator
[2024-09-03T16:50:02.581+0000] {logging_mixin.py:190} INFO - [2024-09-03T16:50:02.581+0000] {override.py:1858} INFO - Created Permission View: can edit on DAG:example_bash_decorator
[2024-09-03T16:50:02.585+0000] {logging_mixin.py:190} INFO - [2024-09-03T16:50:02.585+0000] {override.py:1858} INFO - Created Permission View: can read on DAG:example_bash_decorator
[2024-09-03T16:50:02.586+0000] {logging_mixin.py:190} INFO - [2024-09-03T16:50:02.586+0000] {dag.py:3211} INFO - Sync 1 DAGs
[2024-09-03T16:50:02.601+0000] {logging_mixin.py:190} INFO - [2024-09-03T16:50:02.600+0000] {dag.py:3234} INFO - Creating ORM DAG for example_bash_decorator
[2024-09-03T16:50:02.605+0000] {logging_mixin.py:190} INFO - [2024-09-03T16:50:02.605+0000] {dag.py:4138} INFO - Setting next_dagrun for example_bash_decorator to None, run_after=None
[2024-09-03T16:50:02.618+0000] {processor.py:208} INFO - Processing /home/airflow/.local/lib/python3.12/site-packages/airflow/example_dags/example_bash_decorator.py took 0.217 seconds
[2024-09-03T16:50:33.546+0000] {processor.py:186} INFO - Started process (PID=155) to work on /home/airflow/.local/lib/python3.12/site-packages/airflow/example_dags/example_bash_decorator.py
[2024-09-03T16:50:33.548+0000] {processor.py:914} INFO - Processing file /home/airflow/.local/lib/python3.12/site-packages/airflow/example_dags/example_bash_decorator.py for tasks to queue
[2024-09-03T16:50:33.551+0000] {logging_mixin.py:190} INFO - [2024-09-03T16:50:33.551+0000] {dagbag.py:587} INFO - Filling up the DagBag from /home/airflow/.local/lib/python3.12/site-packages/airflow/example_dags/example_bash_decorator.py
[2024-09-03T16:50:33.569+0000] {processor.py:925} INFO - DAG(s) 'example_bash_decorator' retrieved from /home/airflow/.local/lib/python3.12/site-packages/airflow/example_dags/example_bash_decorator.py
[2024-09-03T16:50:33.614+0000] {logging_mixin.py:190} INFO - [2024-09-03T16:50:33.614+0000] {dag.py:3211} INFO - Sync 1 DAGs
[2024-09-03T16:50:33.629+0000] {logging_mixin.py:190} INFO - [2024-09-03T16:50:33.628+0000] {dag.py:4138} INFO - Setting next_dagrun for example_bash_decorator to None, run_after=None
[2024-09-03T16:50:33.641+0000] {processor.py:208} INFO - Processing /home/airflow/.local/lib/python3.12/site-packages/airflow/example_dags/example_bash_decorator.py took 0.108 seconds
[2024-09-03T16:51:04.498+0000] {processor.py:186} INFO - Started process (PID=220) to work on /home/airflow/.local/lib/python3.12/site-packages/airflow/example_dags/example_bash_decorator.py
[2024-09-03T16:51:04.499+0000] {processor.py:914} INFO - Processing file /home/airflow/.local/lib/python3.12/site-packages/airflow/example_dags/example_bash_decorator.py for tasks to queue
[2024-09-03T16:51:04.500+0000] {logging_mixin.py:190} INFO - [2024-09-03T16:51:04.500+0000] {dagbag.py:587} INFO - Filling up the DagBag from /home/airflow/.local/lib/python3.12/site-packages/airflow/example_dags/example_bash_decorator.py
[2024-09-03T16:51:04.513+0000] {processor.py:925} INFO - DAG(s) 'example_bash_decorator' retrieved from /home/airflow/.local/lib/python3.12/site-packages/airflow/example_dags/example_bash_decorator.py
[2024-09-03T16:51:04.541+0000] {logging_mixin.py:190} INFO - [2024-09-03T16:51:04.541+0000] {dag.py:3211} INFO - Sync 1 DAGs
[2024-09-03T16:51:04.554+0000] {logging_mixin.py:190} INFO - [2024-09-03T16:51:04.554+0000] {dag.py:4138} INFO - Setting next_dagrun for example_bash_decorator to None, run_after=None
[2024-09-03T16:51:04.565+0000] {processor.py:208} INFO - Processing /home/airflow/.local/lib/python3.12/site-packages/airflow/example_dags/example_bash_decorator.py took 0.072 seconds
[2024-09-03T16:51:34.784+0000] {processor.py:186} INFO - Started process (PID=283) to work on /home/airflow/.local/lib/python3.12/site-packages/airflow/example_dags/example_bash_decorator.py
[2024-09-03T16:51:34.785+0000] {processor.py:914} INFO - Processing file /home/airflow/.local/lib/python3.12/site-packages/airflow/example_dags/example_bash_decorator.py for tasks to queue
[2024-09-03T16:51:34.786+0000] {logging_mixin.py:190} INFO - [2024-09-03T16:51:34.786+0000] {dagbag.py:587} INFO - Filling up the DagBag from /home/airflow/.local/lib/python3.12/site-packages/airflow/example_dags/example_bash_decorator.py
[2024-09-03T16:51:34.796+0000] {processor.py:925} INFO - DAG(s) 'example_bash_decorator' retrieved from /home/airflow/.local/lib/python3.12/site-packages/airflow/example_dags/example_bash_decorator.py
[2024-09-03T16:51:34.822+0000] {logging_mixin.py:190} INFO - [2024-09-03T16:51:34.822+0000] {dag.py:3211} INFO - Sync 1 DAGs
[2024-09-03T16:51:34.830+0000] {logging_mixin.py:190} INFO - [2024-09-03T16:51:34.830+0000] {dag.py:4138} INFO - Setting next_dagrun for example_bash_decorator to None, run_after=None
[2024-09-03T16:51:34.839+0000] {processor.py:208} INFO - Processing /home/airflow/.local/lib/python3.12/site-packages/airflow/example_dags/example_bash_decorator.py took 0.059 seconds
[2024-09-03T16:52:05.228+0000] {processor.py:186} INFO - Started process (PID=346) to work on /home/airflow/.local/lib/python3.12/site-packages/airflow/example_dags/example_bash_decorator.py
[2024-09-03T16:52:05.229+0000] {processor.py:914} INFO - Processing file /home/airflow/.local/lib/python3.12/site-packages/airflow/example_dags/example_bash_decorator.py for tasks to queue
[2024-09-03T16:52:05.230+0000] {logging_mixin.py:190} INFO - [2024-09-03T16:52:05.230+0000] {dagbag.py:587} INFO - Filling up the DagBag from /home/airflow/.local/lib/python3.12/site-packages/airflow/example_dags/example_bash_decorator.py
[2024-09-03T16:52:05.241+0000] {processor.py:925} INFO - DAG(s) 'example_bash_decorator' retrieved from /home/airflow/.local/lib/python3.12/site-packages/airflow/example_dags/example_bash_decorator.py
[2024-09-03T16:52:05.258+0000] {logging_mixin.py:190} INFO - [2024-09-03T16:52:05.258+0000] {dag.py:3211} INFO - Sync 1 DAGs
[2024-09-03T16:52:05.266+0000] {logging_mixin.py:190} INFO - [2024-09-03T16:52:05.266+0000] {dag.py:4138} INFO - Setting next_dagrun for example_bash_decorator to None, run_after=None
[2024-09-03T16:52:05.277+0000] {processor.py:208} INFO - Processing /home/airflow/.local/lib/python3.12/site-packages/airflow/example_dags/example_bash_decorator.py took 0.053 seconds
[2024-09-03T16:52:35.810+0000] {processor.py:186} INFO - Started process (PID=409) to work on /home/airflow/.local/lib/python3.12/site-packages/airflow/example_dags/example_bash_decorator.py
[2024-09-03T16:52:35.812+0000] {processor.py:914} INFO - Processing file /home/airflow/.local/lib/python3.12/site-packages/airflow/example_dags/example_bash_decorator.py for tasks to queue
[2024-09-03T16:52:35.815+0000] {logging_mixin.py:190} INFO - [2024-09-03T16:52:35.814+0000] {dagbag.py:587} INFO - Filling up the DagBag from /home/airflow/.local/lib/python3.12/site-packages/airflow/example_dags/example_bash_decorator.py
[2024-09-03T16:52:35.841+0000] {processor.py:925} INFO - DAG(s) 'example_bash_decorator' retrieved from /home/airflow/.local/lib/python3.12/site-packages/airflow/example_dags/example_bash_decorator.py
[2024-09-03T16:52:35.888+0000] {logging_mixin.py:190} INFO - [2024-09-03T16:52:35.887+0000] {dag.py:3211} INFO - Sync 1 DAGs
[2024-09-03T16:52:35.907+0000] {logging_mixin.py:190} INFO - [2024-09-03T16:52:35.907+0000] {dag.py:4138} INFO - Setting next_dagrun for example_bash_decorator to None, run_after=None
[2024-09-03T16:52:35.923+0000] {processor.py:208} INFO - Processing /home/airflow/.local/lib/python3.12/site-packages/airflow/example_dags/example_bash_decorator.py took 0.123 seconds
[2024-09-03T16:53:07.337+0000] {processor.py:186} INFO - Started process (PID=472) to work on /home/airflow/.local/lib/python3.12/site-packages/airflow/example_dags/example_bash_decorator.py
[2024-09-03T16:53:07.345+0000] {processor.py:914} INFO - Processing file /home/airflow/.local/lib/python3.12/site-packages/airflow/example_dags/example_bash_decorator.py for tasks to queue
[2024-09-03T16:53:07.356+0000] {logging_mixin.py:190} INFO - [2024-09-03T16:53:07.354+0000] {dagbag.py:587} INFO - Filling up the DagBag from /home/airflow/.local/lib/python3.12/site-packages/airflow/example_dags/example_bash_decorator.py
[2024-09-03T16:53:07.426+0000] {processor.py:925} INFO - DAG(s) 'example_bash_decorator' retrieved from /home/airflow/.local/lib/python3.12/site-packages/airflow/example_dags/example_bash_decorator.py
[2024-09-03T16:53:07.536+0000] {logging_mixin.py:190} INFO - [2024-09-03T16:53:07.535+0000] {dag.py:3211} INFO - Sync 1 DAGs
[2024-09-03T16:53:07.579+0000] {logging_mixin.py:190} INFO - [2024-09-03T16:53:07.579+0000] {dag.py:4138} INFO - Setting next_dagrun for example_bash_decorator to None, run_after=None
[2024-09-03T16:53:07.606+0000] {processor.py:208} INFO - Processing /home/airflow/.local/lib/python3.12/site-packages/airflow/example_dags/example_bash_decorator.py took 0.284 seconds
[2024-09-03T16:53:37.789+0000] {processor.py:186} INFO - Started process (PID=536) to work on /home/airflow/.local/lib/python3.12/site-packages/airflow/example_dags/example_bash_decorator.py
[2024-09-03T16:53:37.791+0000] {processor.py:914} INFO - Processing file /home/airflow/.local/lib/python3.12/site-packages/airflow/example_dags/example_bash_decorator.py for tasks to queue
[2024-09-03T16:53:37.793+0000] {logging_mixin.py:190} INFO - [2024-09-03T16:53:37.792+0000] {dagbag.py:587} INFO - Filling up the DagBag from /home/airflow/.local/lib/python3.12/site-packages/airflow/example_dags/example_bash_decorator.py
[2024-09-03T16:53:37.803+0000] {processor.py:925} INFO - DAG(s) 'example_bash_decorator' retrieved from /home/airflow/.local/lib/python3.12/site-packages/airflow/example_dags/example_bash_decorator.py
[2024-09-03T16:53:37.840+0000] {logging_mixin.py:190} INFO - [2024-09-03T16:53:37.840+0000] {dag.py:3211} INFO - Sync 1 DAGs
[2024-09-03T16:53:37.851+0000] {logging_mixin.py:190} INFO - [2024-09-03T16:53:37.851+0000] {dag.py:4138} INFO - Setting next_dagrun for example_bash_decorator to None, run_after=None
[2024-09-03T16:53:37.861+0000] {processor.py:208} INFO - Processing /home/airflow/.local/lib/python3.12/site-packages/airflow/example_dags/example_bash_decorator.py took 0.077 seconds
[2024-09-03T16:54:09.015+0000] {processor.py:186} INFO - Started process (PID=600) to work on /home/airflow/.local/lib/python3.12/site-packages/airflow/example_dags/example_bash_decorator.py
[2024-09-03T16:54:09.016+0000] {processor.py:914} INFO - Processing file /home/airflow/.local/lib/python3.12/site-packages/airflow/example_dags/example_bash_decorator.py for tasks to queue
[2024-09-03T16:54:09.018+0000] {logging_mixin.py:190} INFO - [2024-09-03T16:54:09.018+0000] {dagbag.py:587} INFO - Filling up the DagBag from /home/airflow/.local/lib/python3.12/site-packages/airflow/example_dags/example_bash_decorator.py
[2024-09-03T16:54:09.029+0000] {processor.py:925} INFO - DAG(s) 'example_bash_decorator' retrieved from /home/airflow/.local/lib/python3.12/site-packages/airflow/example_dags/example_bash_decorator.py
[2024-09-03T16:54:09.055+0000] {logging_mixin.py:190} INFO - [2024-09-03T16:54:09.054+0000] {dag.py:3211} INFO - Sync 1 DAGs
[2024-09-03T16:54:09.064+0000] {logging_mixin.py:190} INFO - [2024-09-03T16:54:09.064+0000] {dag.py:4138} INFO - Setting next_dagrun for example_bash_decorator to None, run_after=None
[2024-09-03T16:54:09.077+0000] {processor.py:208} INFO - Processing /home/airflow/.local/lib/python3.12/site-packages/airflow/example_dags/example_bash_decorator.py took 0.067 seconds
[2024-09-03T16:54:39.494+0000] {processor.py:186} INFO - Started process (PID=663) to work on /home/airflow/.local/lib/python3.12/site-packages/airflow/example_dags/example_bash_decorator.py
[2024-09-03T16:54:39.496+0000] {processor.py:914} INFO - Processing file /home/airflow/.local/lib/python3.12/site-packages/airflow/example_dags/example_bash_decorator.py for tasks to queue
[2024-09-03T16:54:39.498+0000] {logging_mixin.py:190} INFO - [2024-09-03T16:54:39.498+0000] {dagbag.py:587} INFO - Filling up the DagBag from /home/airflow/.local/lib/python3.12/site-packages/airflow/example_dags/example_bash_decorator.py
[2024-09-03T16:54:39.511+0000] {processor.py:925} INFO - DAG(s) 'example_bash_decorator' retrieved from /home/airflow/.local/lib/python3.12/site-packages/airflow/example_dags/example_bash_decorator.py
[2024-09-03T16:54:39.530+0000] {logging_mixin.py:190} INFO - [2024-09-03T16:54:39.529+0000] {dag.py:3211} INFO - Sync 1 DAGs
[2024-09-03T16:54:39.539+0000] {logging_mixin.py:190} INFO - [2024-09-03T16:54:39.539+0000] {dag.py:4138} INFO - Setting next_dagrun for example_bash_decorator to None, run_after=None
[2024-09-03T16:54:39.549+0000] {processor.py:208} INFO - Processing /home/airflow/.local/lib/python3.12/site-packages/airflow/example_dags/example_bash_decorator.py took 0.064 seconds
[2024-09-03T16:55:10.487+0000] {processor.py:186} INFO - Started process (PID=726) to work on /home/airflow/.local/lib/python3.12/site-packages/airflow/example_dags/example_bash_decorator.py
[2024-09-03T16:55:10.488+0000] {processor.py:914} INFO - Processing file /home/airflow/.local/lib/python3.12/site-packages/airflow/example_dags/example_bash_decorator.py for tasks to queue
[2024-09-03T16:55:10.490+0000] {logging_mixin.py:190} INFO - [2024-09-03T16:55:10.490+0000] {dagbag.py:587} INFO - Filling up the DagBag from /home/airflow/.local/lib/python3.12/site-packages/airflow/example_dags/example_bash_decorator.py
[2024-09-03T16:55:10.503+0000] {processor.py:925} INFO - DAG(s) 'example_bash_decorator' retrieved from /home/airflow/.local/lib/python3.12/site-packages/airflow/example_dags/example_bash_decorator.py
[2024-09-03T16:55:10.535+0000] {logging_mixin.py:190} INFO - [2024-09-03T16:55:10.535+0000] {dag.py:3211} INFO - Sync 1 DAGs
[2024-09-03T16:55:10.547+0000] {logging_mixin.py:190} INFO - [2024-09-03T16:55:10.547+0000] {dag.py:4138} INFO - Setting next_dagrun for example_bash_decorator to None, run_after=None
[2024-09-03T16:55:10.690+0000] {processor.py:208} INFO - Processing /home/airflow/.local/lib/python3.12/site-packages/airflow/example_dags/example_bash_decorator.py took 0.209 seconds
[2024-09-03T16:55:40.748+0000] {processor.py:186} INFO - Started process (PID=789) to work on /home/airflow/.local/lib/python3.12/site-packages/airflow/example_dags/example_bash_decorator.py
[2024-09-03T16:55:40.749+0000] {processor.py:914} INFO - Processing file /home/airflow/.local/lib/python3.12/site-packages/airflow/example_dags/example_bash_decorator.py for tasks to queue
[2024-09-03T16:55:40.750+0000] {logging_mixin.py:190} INFO - [2024-09-03T16:55:40.750+0000] {dagbag.py:587} INFO - Filling up the DagBag from /home/airflow/.local/lib/python3.12/site-packages/airflow/example_dags/example_bash_decorator.py
[2024-09-03T16:55:40.759+0000] {processor.py:925} INFO - DAG(s) 'example_bash_decorator' retrieved from /home/airflow/.local/lib/python3.12/site-packages/airflow/example_dags/example_bash_decorator.py
[2024-09-03T16:55:40.775+0000] {logging_mixin.py:190} INFO - [2024-09-03T16:55:40.775+0000] {dag.py:3211} INFO - Sync 1 DAGs
[2024-09-03T16:55:40.785+0000] {logging_mixin.py:190} INFO - [2024-09-03T16:55:40.785+0000] {dag.py:4138} INFO - Setting next_dagrun for example_bash_decorator to None, run_after=None
[2024-09-03T16:55:40.795+0000] {processor.py:208} INFO - Processing /home/airflow/.local/lib/python3.12/site-packages/airflow/example_dags/example_bash_decorator.py took 0.051 seconds
[2024-09-03T16:56:11.179+0000] {processor.py:186} INFO - Started process (PID=852) to work on /home/airflow/.local/lib/python3.12/site-packages/airflow/example_dags/example_bash_decorator.py
[2024-09-03T16:56:11.180+0000] {processor.py:914} INFO - Processing file /home/airflow/.local/lib/python3.12/site-packages/airflow/example_dags/example_bash_decorator.py for tasks to queue
[2024-09-03T16:56:11.183+0000] {logging_mixin.py:190} INFO - [2024-09-03T16:56:11.183+0000] {dagbag.py:587} INFO - Filling up the DagBag from /home/airflow/.local/lib/python3.12/site-packages/airflow/example_dags/example_bash_decorator.py
[2024-09-03T16:56:11.196+0000] {processor.py:925} INFO - DAG(s) 'example_bash_decorator' retrieved from /home/airflow/.local/lib/python3.12/site-packages/airflow/example_dags/example_bash_decorator.py
[2024-09-03T16:56:11.215+0000] {logging_mixin.py:190} INFO - [2024-09-03T16:56:11.215+0000] {dag.py:3211} INFO - Sync 1 DAGs
[2024-09-03T16:56:11.228+0000] {logging_mixin.py:190} INFO - [2024-09-03T16:56:11.228+0000] {dag.py:4138} INFO - Setting next_dagrun for example_bash_decorator to None, run_after=None
[2024-09-03T16:56:11.238+0000] {processor.py:208} INFO - Processing /home/airflow/.local/lib/python3.12/site-packages/airflow/example_dags/example_bash_decorator.py took 0.077 seconds
[2024-09-03T16:56:41.601+0000] {processor.py:186} INFO - Started process (PID=915) to work on /home/airflow/.local/lib/python3.12/site-packages/airflow/example_dags/example_bash_decorator.py
[2024-09-03T16:56:41.602+0000] {processor.py:914} INFO - Processing file /home/airflow/.local/lib/python3.12/site-packages/airflow/example_dags/example_bash_decorator.py for tasks to queue
[2024-09-03T16:56:41.603+0000] {logging_mixin.py:190} INFO - [2024-09-03T16:56:41.603+0000] {dagbag.py:587} INFO - Filling up the DagBag from /home/airflow/.local/lib/python3.12/site-packages/airflow/example_dags/example_bash_decorator.py
[2024-09-03T16:56:41.611+0000] {processor.py:925} INFO - DAG(s) 'example_bash_decorator' retrieved from /home/airflow/.local/lib/python3.12/site-packages/airflow/example_dags/example_bash_decorator.py
[2024-09-03T16:56:41.627+0000] {logging_mixin.py:190} INFO - [2024-09-03T16:56:41.627+0000] {dag.py:3211} INFO - Sync 1 DAGs
[2024-09-03T16:56:41.635+0000] {logging_mixin.py:190} INFO - [2024-09-03T16:56:41.635+0000] {dag.py:4138} INFO - Setting next_dagrun for example_bash_decorator to None, run_after=None
[2024-09-03T16:56:41.645+0000] {processor.py:208} INFO - Processing /home/airflow/.local/lib/python3.12/site-packages/airflow/example_dags/example_bash_decorator.py took 0.051 seconds
[2024-09-03T16:57:12.303+0000] {processor.py:186} INFO - Started process (PID=979) to work on /home/airflow/.local/lib/python3.12/site-packages/airflow/example_dags/example_bash_decorator.py
[2024-09-03T16:57:12.304+0000] {processor.py:914} INFO - Processing file /home/airflow/.local/lib/python3.12/site-packages/airflow/example_dags/example_bash_decorator.py for tasks to queue
[2024-09-03T16:57:12.306+0000] {logging_mixin.py:190} INFO - [2024-09-03T16:57:12.306+0000] {dagbag.py:587} INFO - Filling up the DagBag from /home/airflow/.local/lib/python3.12/site-packages/airflow/example_dags/example_bash_decorator.py
[2024-09-03T16:57:12.321+0000] {processor.py:925} INFO - DAG(s) 'example_bash_decorator' retrieved from /home/airflow/.local/lib/python3.12/site-packages/airflow/example_dags/example_bash_decorator.py
[2024-09-03T16:57:12.338+0000] {logging_mixin.py:190} INFO - [2024-09-03T16:57:12.338+0000] {dag.py:3211} INFO - Sync 1 DAGs
[2024-09-03T16:57:12.346+0000] {logging_mixin.py:190} INFO - [2024-09-03T16:57:12.346+0000] {dag.py:4138} INFO - Setting next_dagrun for example_bash_decorator to None, run_after=None
[2024-09-03T16:57:12.355+0000] {processor.py:208} INFO - Processing /home/airflow/.local/lib/python3.12/site-packages/airflow/example_dags/example_bash_decorator.py took 0.057 seconds
[2024-09-03T16:57:42.654+0000] {processor.py:186} INFO - Started process (PID=1042) to work on /home/airflow/.local/lib/python3.12/site-packages/airflow/example_dags/example_bash_decorator.py
[2024-09-03T16:57:42.655+0000] {processor.py:914} INFO - Processing file /home/airflow/.local/lib/python3.12/site-packages/airflow/example_dags/example_bash_decorator.py for tasks to queue
[2024-09-03T16:57:42.656+0000] {logging_mixin.py:190} INFO - [2024-09-03T16:57:42.656+0000] {dagbag.py:587} INFO - Filling up the DagBag from /home/airflow/.local/lib/python3.12/site-packages/airflow/example_dags/example_bash_decorator.py
[2024-09-03T16:57:42.666+0000] {processor.py:925} INFO - DAG(s) 'example_bash_decorator' retrieved from /home/airflow/.local/lib/python3.12/site-packages/airflow/example_dags/example_bash_decorator.py
[2024-09-03T16:57:42.682+0000] {logging_mixin.py:190} INFO - [2024-09-03T16:57:42.681+0000] {dag.py:3211} INFO - Sync 1 DAGs
[2024-09-03T16:57:42.690+0000] {logging_mixin.py:190} INFO - [2024-09-03T16:57:42.689+0000] {dag.py:4138} INFO - Setting next_dagrun for example_bash_decorator to None, run_after=None
[2024-09-03T16:57:42.699+0000] {processor.py:208} INFO - Processing /home/airflow/.local/lib/python3.12/site-packages/airflow/example_dags/example_bash_decorator.py took 0.049 seconds
[2024-09-03T16:58:13.621+0000] {processor.py:186} INFO - Started process (PID=1105) to work on /home/airflow/.local/lib/python3.12/site-packages/airflow/example_dags/example_bash_decorator.py
[2024-09-03T16:58:13.623+0000] {processor.py:914} INFO - Processing file /home/airflow/.local/lib/python3.12/site-packages/airflow/example_dags/example_bash_decorator.py for tasks to queue
[2024-09-03T16:58:13.626+0000] {logging_mixin.py:190} INFO - [2024-09-03T16:58:13.626+0000] {dagbag.py:587} INFO - Filling up the DagBag from /home/airflow/.local/lib/python3.12/site-packages/airflow/example_dags/example_bash_decorator.py
[2024-09-03T16:58:13.640+0000] {processor.py:925} INFO - DAG(s) 'example_bash_decorator' retrieved from /home/airflow/.local/lib/python3.12/site-packages/airflow/example_dags/example_bash_decorator.py
[2024-09-03T16:58:13.657+0000] {logging_mixin.py:190} INFO - [2024-09-03T16:58:13.657+0000] {dag.py:3211} INFO - Sync 1 DAGs
[2024-09-03T16:58:13.665+0000] {logging_mixin.py:190} INFO - [2024-09-03T16:58:13.665+0000] {dag.py:4138} INFO - Setting next_dagrun for example_bash_decorator to None, run_after=None
[2024-09-03T16:58:13.675+0000] {processor.py:208} INFO - Processing /home/airflow/.local/lib/python3.12/site-packages/airflow/example_dags/example_bash_decorator.py took 0.062 seconds
