[2024-09-03T16:49:31.599+0000] {processor.py:186} INFO - Started process (PID=50) to work on /home/airflow/.local/lib/python3.12/site-packages/airflow/example_dags/example_xcom.py
[2024-09-03T16:49:31.606+0000] {processor.py:914} INFO - Processing file /home/airflow/.local/lib/python3.12/site-packages/airflow/example_dags/example_xcom.py for tasks to queue
[2024-09-03T16:49:31.628+0000] {logging_mixin.py:190} INFO - [2024-09-03T16:49:31.622+0000] {dagbag.py:587} INFO - Filling up the DagBag from /home/airflow/.local/lib/python3.12/site-packages/airflow/example_dags/example_xcom.py
[2024-09-03T16:49:31.743+0000] {processor.py:925} INFO - DAG(s) 'example_xcom' retrieved from /home/airflow/.local/lib/python3.12/site-packages/airflow/example_dags/example_xcom.py
[2024-09-03T16:49:33.184+0000] {logging_mixin.py:190} INFO - [2024-09-03T16:49:33.157+0000] {override.py:1858} INFO - Created Permission View: can delete on DAG:example_xcom
[2024-09-03T16:49:33.243+0000] {logging_mixin.py:190} INFO - [2024-09-03T16:49:33.243+0000] {override.py:1858} INFO - Created Permission View: can edit on DAG:example_xcom
[2024-09-03T16:49:33.264+0000] {logging_mixin.py:190} INFO - [2024-09-03T16:49:33.263+0000] {override.py:1858} INFO - Created Permission View: can read on DAG:example_xcom
[2024-09-03T16:49:33.274+0000] {logging_mixin.py:190} INFO - [2024-09-03T16:49:33.274+0000] {dag.py:3211} INFO - Sync 1 DAGs
[2024-09-03T16:49:33.420+0000] {logging_mixin.py:190} INFO - [2024-09-03T16:49:33.419+0000] {dag.py:3234} INFO - Creating ORM DAG for example_xcom
[2024-09-03T16:49:33.590+0000] {logging_mixin.py:190} INFO - [2024-09-03T16:49:33.590+0000] {dag.py:4138} INFO - Setting next_dagrun for example_xcom to 2021-01-01 00:00:00+00:00, run_after=2021-01-01 00:00:00+00:00
[2024-09-03T16:49:33.717+0000] {processor.py:208} INFO - Processing /home/airflow/.local/lib/python3.12/site-packages/airflow/example_dags/example_xcom.py took 2.171 seconds
[2024-09-03T16:50:09.384+0000] {processor.py:186} INFO - Started process (PID=113) to work on /home/airflow/.local/lib/python3.12/site-packages/airflow/example_dags/example_xcom.py
[2024-09-03T16:50:09.388+0000] {processor.py:914} INFO - Processing file /home/airflow/.local/lib/python3.12/site-packages/airflow/example_dags/example_xcom.py for tasks to queue
[2024-09-03T16:50:09.394+0000] {logging_mixin.py:190} INFO - [2024-09-03T16:50:09.391+0000] {dagbag.py:587} INFO - Filling up the DagBag from /home/airflow/.local/lib/python3.12/site-packages/airflow/example_dags/example_xcom.py
[2024-09-03T16:50:09.455+0000] {processor.py:925} INFO - DAG(s) 'example_xcom' retrieved from /home/airflow/.local/lib/python3.12/site-packages/airflow/example_dags/example_xcom.py
[2024-09-03T16:50:09.823+0000] {logging_mixin.py:190} INFO - [2024-09-03T16:50:09.822+0000] {dag.py:3211} INFO - Sync 1 DAGs
[2024-09-03T16:50:10.202+0000] {logging_mixin.py:190} INFO - [2024-09-03T16:50:10.202+0000] {dag.py:4138} INFO - Setting next_dagrun for example_xcom to 2021-01-01 00:00:00+00:00, run_after=2021-01-01 00:00:00+00:00
[2024-09-03T16:50:10.417+0000] {processor.py:208} INFO - Processing /home/airflow/.local/lib/python3.12/site-packages/airflow/example_dags/example_xcom.py took 1.037 seconds
[2024-09-03T16:50:40.955+0000] {processor.py:186} INFO - Started process (PID=176) to work on /home/airflow/.local/lib/python3.12/site-packages/airflow/example_dags/example_xcom.py
[2024-09-03T16:50:40.956+0000] {processor.py:914} INFO - Processing file /home/airflow/.local/lib/python3.12/site-packages/airflow/example_dags/example_xcom.py for tasks to queue
[2024-09-03T16:50:40.959+0000] {logging_mixin.py:190} INFO - [2024-09-03T16:50:40.958+0000] {dagbag.py:587} INFO - Filling up the DagBag from /home/airflow/.local/lib/python3.12/site-packages/airflow/example_dags/example_xcom.py
[2024-09-03T16:50:40.968+0000] {processor.py:925} INFO - DAG(s) 'example_xcom' retrieved from /home/airflow/.local/lib/python3.12/site-packages/airflow/example_dags/example_xcom.py
[2024-09-03T16:50:41.005+0000] {logging_mixin.py:190} INFO - [2024-09-03T16:50:41.005+0000] {dag.py:3211} INFO - Sync 1 DAGs
[2024-09-03T16:50:41.022+0000] {logging_mixin.py:190} INFO - [2024-09-03T16:50:41.022+0000] {dag.py:4138} INFO - Setting next_dagrun for example_xcom to 2021-01-01 00:00:00+00:00, run_after=2021-01-01 00:00:00+00:00
[2024-09-03T16:50:41.036+0000] {processor.py:208} INFO - Processing /home/airflow/.local/lib/python3.12/site-packages/airflow/example_dags/example_xcom.py took 0.086 seconds
[2024-09-03T16:51:11.690+0000] {processor.py:186} INFO - Started process (PID=239) to work on /home/airflow/.local/lib/python3.12/site-packages/airflow/example_dags/example_xcom.py
[2024-09-03T16:51:11.692+0000] {processor.py:914} INFO - Processing file /home/airflow/.local/lib/python3.12/site-packages/airflow/example_dags/example_xcom.py for tasks to queue
[2024-09-03T16:51:11.694+0000] {logging_mixin.py:190} INFO - [2024-09-03T16:51:11.694+0000] {dagbag.py:587} INFO - Filling up the DagBag from /home/airflow/.local/lib/python3.12/site-packages/airflow/example_dags/example_xcom.py
[2024-09-03T16:51:11.702+0000] {processor.py:925} INFO - DAG(s) 'example_xcom' retrieved from /home/airflow/.local/lib/python3.12/site-packages/airflow/example_dags/example_xcom.py
[2024-09-03T16:51:11.722+0000] {logging_mixin.py:190} INFO - [2024-09-03T16:51:11.722+0000] {dag.py:3211} INFO - Sync 1 DAGs
[2024-09-03T16:51:11.736+0000] {logging_mixin.py:190} INFO - [2024-09-03T16:51:11.735+0000] {dag.py:4138} INFO - Setting next_dagrun for example_xcom to 2021-01-01 00:00:00+00:00, run_after=2021-01-01 00:00:00+00:00
[2024-09-03T16:51:11.745+0000] {processor.py:208} INFO - Processing /home/airflow/.local/lib/python3.12/site-packages/airflow/example_dags/example_xcom.py took 0.063 seconds
[2024-09-03T16:51:42.361+0000] {processor.py:186} INFO - Started process (PID=302) to work on /home/airflow/.local/lib/python3.12/site-packages/airflow/example_dags/example_xcom.py
[2024-09-03T16:51:42.365+0000] {processor.py:914} INFO - Processing file /home/airflow/.local/lib/python3.12/site-packages/airflow/example_dags/example_xcom.py for tasks to queue
[2024-09-03T16:51:42.371+0000] {logging_mixin.py:190} INFO - [2024-09-03T16:51:42.371+0000] {dagbag.py:587} INFO - Filling up the DagBag from /home/airflow/.local/lib/python3.12/site-packages/airflow/example_dags/example_xcom.py
[2024-09-03T16:51:42.510+0000] {processor.py:925} INFO - DAG(s) 'example_xcom' retrieved from /home/airflow/.local/lib/python3.12/site-packages/airflow/example_dags/example_xcom.py
[2024-09-03T16:51:42.851+0000] {logging_mixin.py:190} INFO - [2024-09-03T16:51:42.849+0000] {dag.py:3211} INFO - Sync 1 DAGs
[2024-09-03T16:51:43.170+0000] {logging_mixin.py:190} INFO - [2024-09-03T16:51:43.168+0000] {dag.py:4138} INFO - Setting next_dagrun for example_xcom to 2021-01-01 00:00:00+00:00, run_after=2021-01-01 00:00:00+00:00
[2024-09-03T16:51:43.340+0000] {processor.py:208} INFO - Processing /home/airflow/.local/lib/python3.12/site-packages/airflow/example_dags/example_xcom.py took 1.007 seconds
[2024-09-03T16:52:14.177+0000] {processor.py:186} INFO - Started process (PID=365) to work on /home/airflow/.local/lib/python3.12/site-packages/airflow/example_dags/example_xcom.py
[2024-09-03T16:52:14.181+0000] {processor.py:914} INFO - Processing file /home/airflow/.local/lib/python3.12/site-packages/airflow/example_dags/example_xcom.py for tasks to queue
[2024-09-03T16:52:14.210+0000] {logging_mixin.py:190} INFO - [2024-09-03T16:52:14.209+0000] {dagbag.py:587} INFO - Filling up the DagBag from /home/airflow/.local/lib/python3.12/site-packages/airflow/example_dags/example_xcom.py
[2024-09-03T16:52:14.285+0000] {processor.py:925} INFO - DAG(s) 'example_xcom' retrieved from /home/airflow/.local/lib/python3.12/site-packages/airflow/example_dags/example_xcom.py
[2024-09-03T16:52:14.353+0000] {logging_mixin.py:190} INFO - [2024-09-03T16:52:14.353+0000] {dag.py:3211} INFO - Sync 1 DAGs
[2024-09-03T16:52:14.389+0000] {logging_mixin.py:190} INFO - [2024-09-03T16:52:14.389+0000] {dag.py:4138} INFO - Setting next_dagrun for example_xcom to 2021-01-01 00:00:00+00:00, run_after=2021-01-01 00:00:00+00:00
[2024-09-03T16:52:14.403+0000] {processor.py:208} INFO - Processing /home/airflow/.local/lib/python3.12/site-packages/airflow/example_dags/example_xcom.py took 0.321 seconds
[2024-09-03T16:52:44.760+0000] {processor.py:186} INFO - Started process (PID=428) to work on /home/airflow/.local/lib/python3.12/site-packages/airflow/example_dags/example_xcom.py
[2024-09-03T16:52:44.765+0000] {processor.py:914} INFO - Processing file /home/airflow/.local/lib/python3.12/site-packages/airflow/example_dags/example_xcom.py for tasks to queue
[2024-09-03T16:52:44.771+0000] {logging_mixin.py:190} INFO - [2024-09-03T16:52:44.770+0000] {dagbag.py:587} INFO - Filling up the DagBag from /home/airflow/.local/lib/python3.12/site-packages/airflow/example_dags/example_xcom.py
[2024-09-03T16:52:44.800+0000] {processor.py:925} INFO - DAG(s) 'example_xcom' retrieved from /home/airflow/.local/lib/python3.12/site-packages/airflow/example_dags/example_xcom.py
[2024-09-03T16:52:44.863+0000] {logging_mixin.py:190} INFO - [2024-09-03T16:52:44.862+0000] {dag.py:3211} INFO - Sync 1 DAGs
[2024-09-03T16:52:44.898+0000] {logging_mixin.py:190} INFO - [2024-09-03T16:52:44.898+0000] {dag.py:4138} INFO - Setting next_dagrun for example_xcom to 2021-01-01 00:00:00+00:00, run_after=2021-01-01 00:00:00+00:00
[2024-09-03T16:52:44.912+0000] {processor.py:208} INFO - Processing /home/airflow/.local/lib/python3.12/site-packages/airflow/example_dags/example_xcom.py took 0.180 seconds
[2024-09-03T16:53:15.150+0000] {processor.py:186} INFO - Started process (PID=491) to work on /home/airflow/.local/lib/python3.12/site-packages/airflow/example_dags/example_xcom.py
[2024-09-03T16:53:15.154+0000] {processor.py:914} INFO - Processing file /home/airflow/.local/lib/python3.12/site-packages/airflow/example_dags/example_xcom.py for tasks to queue
[2024-09-03T16:53:15.159+0000] {logging_mixin.py:190} INFO - [2024-09-03T16:53:15.159+0000] {dagbag.py:587} INFO - Filling up the DagBag from /home/airflow/.local/lib/python3.12/site-packages/airflow/example_dags/example_xcom.py
[2024-09-03T16:53:15.176+0000] {processor.py:925} INFO - DAG(s) 'example_xcom' retrieved from /home/airflow/.local/lib/python3.12/site-packages/airflow/example_dags/example_xcom.py
[2024-09-03T16:53:15.222+0000] {logging_mixin.py:190} INFO - [2024-09-03T16:53:15.221+0000] {dag.py:3211} INFO - Sync 1 DAGs
[2024-09-03T16:53:15.247+0000] {logging_mixin.py:190} INFO - [2024-09-03T16:53:15.247+0000] {dag.py:4138} INFO - Setting next_dagrun for example_xcom to 2021-01-01 00:00:00+00:00, run_after=2021-01-01 00:00:00+00:00
[2024-09-03T16:53:15.290+0000] {processor.py:208} INFO - Processing /home/airflow/.local/lib/python3.12/site-packages/airflow/example_dags/example_xcom.py took 0.156 seconds
[2024-09-03T16:53:45.613+0000] {processor.py:186} INFO - Started process (PID=555) to work on /home/airflow/.local/lib/python3.12/site-packages/airflow/example_dags/example_xcom.py
[2024-09-03T16:53:45.619+0000] {processor.py:914} INFO - Processing file /home/airflow/.local/lib/python3.12/site-packages/airflow/example_dags/example_xcom.py for tasks to queue
[2024-09-03T16:53:45.655+0000] {logging_mixin.py:190} INFO - [2024-09-03T16:53:45.654+0000] {dagbag.py:587} INFO - Filling up the DagBag from /home/airflow/.local/lib/python3.12/site-packages/airflow/example_dags/example_xcom.py
[2024-09-03T16:53:45.757+0000] {processor.py:925} INFO - DAG(s) 'example_xcom' retrieved from /home/airflow/.local/lib/python3.12/site-packages/airflow/example_dags/example_xcom.py
[2024-09-03T16:53:45.937+0000] {logging_mixin.py:190} INFO - [2024-09-03T16:53:45.936+0000] {dag.py:3211} INFO - Sync 1 DAGs
[2024-09-03T16:53:45.985+0000] {logging_mixin.py:190} INFO - [2024-09-03T16:53:45.984+0000] {dag.py:4138} INFO - Setting next_dagrun for example_xcom to 2021-01-01 00:00:00+00:00, run_after=2021-01-01 00:00:00+00:00
[2024-09-03T16:53:46.151+0000] {processor.py:208} INFO - Processing /home/airflow/.local/lib/python3.12/site-packages/airflow/example_dags/example_xcom.py took 0.561 seconds
[2024-09-03T16:54:16.358+0000] {processor.py:186} INFO - Started process (PID=618) to work on /home/airflow/.local/lib/python3.12/site-packages/airflow/example_dags/example_xcom.py
[2024-09-03T16:54:16.363+0000] {processor.py:914} INFO - Processing file /home/airflow/.local/lib/python3.12/site-packages/airflow/example_dags/example_xcom.py for tasks to queue
[2024-09-03T16:54:16.372+0000] {logging_mixin.py:190} INFO - [2024-09-03T16:54:16.370+0000] {dagbag.py:587} INFO - Filling up the DagBag from /home/airflow/.local/lib/python3.12/site-packages/airflow/example_dags/example_xcom.py
[2024-09-03T16:54:16.396+0000] {processor.py:925} INFO - DAG(s) 'example_xcom' retrieved from /home/airflow/.local/lib/python3.12/site-packages/airflow/example_dags/example_xcom.py
[2024-09-03T16:54:16.458+0000] {logging_mixin.py:190} INFO - [2024-09-03T16:54:16.457+0000] {dag.py:3211} INFO - Sync 1 DAGs
[2024-09-03T16:54:16.552+0000] {logging_mixin.py:190} INFO - [2024-09-03T16:54:16.552+0000] {dag.py:4138} INFO - Setting next_dagrun for example_xcom to 2021-01-01 00:00:00+00:00, run_after=2021-01-01 00:00:00+00:00
[2024-09-03T16:54:16.605+0000] {processor.py:208} INFO - Processing /home/airflow/.local/lib/python3.12/site-packages/airflow/example_dags/example_xcom.py took 0.270 seconds
[2024-09-03T16:54:47.652+0000] {processor.py:186} INFO - Started process (PID=681) to work on /home/airflow/.local/lib/python3.12/site-packages/airflow/example_dags/example_xcom.py
[2024-09-03T16:54:47.656+0000] {processor.py:914} INFO - Processing file /home/airflow/.local/lib/python3.12/site-packages/airflow/example_dags/example_xcom.py for tasks to queue
[2024-09-03T16:54:47.662+0000] {logging_mixin.py:190} INFO - [2024-09-03T16:54:47.661+0000] {dagbag.py:587} INFO - Filling up the DagBag from /home/airflow/.local/lib/python3.12/site-packages/airflow/example_dags/example_xcom.py
[2024-09-03T16:54:47.679+0000] {processor.py:925} INFO - DAG(s) 'example_xcom' retrieved from /home/airflow/.local/lib/python3.12/site-packages/airflow/example_dags/example_xcom.py
[2024-09-03T16:54:47.721+0000] {logging_mixin.py:190} INFO - [2024-09-03T16:54:47.721+0000] {dag.py:3211} INFO - Sync 1 DAGs
[2024-09-03T16:54:47.740+0000] {logging_mixin.py:190} INFO - [2024-09-03T16:54:47.740+0000] {dag.py:4138} INFO - Setting next_dagrun for example_xcom to 2021-01-01 00:00:00+00:00, run_after=2021-01-01 00:00:00+00:00
[2024-09-03T16:54:47.752+0000] {processor.py:208} INFO - Processing /home/airflow/.local/lib/python3.12/site-packages/airflow/example_dags/example_xcom.py took 0.123 seconds
[2024-09-03T16:55:18.116+0000] {processor.py:186} INFO - Started process (PID=744) to work on /home/airflow/.local/lib/python3.12/site-packages/airflow/example_dags/example_xcom.py
[2024-09-03T16:55:18.123+0000] {processor.py:914} INFO - Processing file /home/airflow/.local/lib/python3.12/site-packages/airflow/example_dags/example_xcom.py for tasks to queue
[2024-09-03T16:55:18.133+0000] {logging_mixin.py:190} INFO - [2024-09-03T16:55:18.132+0000] {dagbag.py:587} INFO - Filling up the DagBag from /home/airflow/.local/lib/python3.12/site-packages/airflow/example_dags/example_xcom.py
[2024-09-03T16:55:18.164+0000] {processor.py:925} INFO - DAG(s) 'example_xcom' retrieved from /home/airflow/.local/lib/python3.12/site-packages/airflow/example_dags/example_xcom.py
[2024-09-03T16:55:18.198+0000] {logging_mixin.py:190} INFO - [2024-09-03T16:55:18.197+0000] {dag.py:3211} INFO - Sync 1 DAGs
[2024-09-03T16:55:18.219+0000] {logging_mixin.py:190} INFO - [2024-09-03T16:55:18.218+0000] {dag.py:4138} INFO - Setting next_dagrun for example_xcom to 2021-01-01 00:00:00+00:00, run_after=2021-01-01 00:00:00+00:00
[2024-09-03T16:55:18.237+0000] {processor.py:208} INFO - Processing /home/airflow/.local/lib/python3.12/site-packages/airflow/example_dags/example_xcom.py took 0.152 seconds
[2024-09-03T16:55:49.169+0000] {processor.py:186} INFO - Started process (PID=807) to work on /home/airflow/.local/lib/python3.12/site-packages/airflow/example_dags/example_xcom.py
[2024-09-03T16:55:49.173+0000] {processor.py:914} INFO - Processing file /home/airflow/.local/lib/python3.12/site-packages/airflow/example_dags/example_xcom.py for tasks to queue
[2024-09-03T16:55:49.180+0000] {logging_mixin.py:190} INFO - [2024-09-03T16:55:49.179+0000] {dagbag.py:587} INFO - Filling up the DagBag from /home/airflow/.local/lib/python3.12/site-packages/airflow/example_dags/example_xcom.py
[2024-09-03T16:55:49.197+0000] {processor.py:925} INFO - DAG(s) 'example_xcom' retrieved from /home/airflow/.local/lib/python3.12/site-packages/airflow/example_dags/example_xcom.py
[2024-09-03T16:55:49.235+0000] {logging_mixin.py:190} INFO - [2024-09-03T16:55:49.235+0000] {dag.py:3211} INFO - Sync 1 DAGs
[2024-09-03T16:55:49.252+0000] {logging_mixin.py:190} INFO - [2024-09-03T16:55:49.252+0000] {dag.py:4138} INFO - Setting next_dagrun for example_xcom to 2021-01-01 00:00:00+00:00, run_after=2021-01-01 00:00:00+00:00
[2024-09-03T16:55:49.275+0000] {processor.py:208} INFO - Processing /home/airflow/.local/lib/python3.12/site-packages/airflow/example_dags/example_xcom.py took 0.127 seconds
[2024-09-03T16:56:19.899+0000] {processor.py:186} INFO - Started process (PID=870) to work on /home/airflow/.local/lib/python3.12/site-packages/airflow/example_dags/example_xcom.py
[2024-09-03T16:56:19.903+0000] {processor.py:914} INFO - Processing file /home/airflow/.local/lib/python3.12/site-packages/airflow/example_dags/example_xcom.py for tasks to queue
[2024-09-03T16:56:19.923+0000] {logging_mixin.py:190} INFO - [2024-09-03T16:56:19.922+0000] {dagbag.py:587} INFO - Filling up the DagBag from /home/airflow/.local/lib/python3.12/site-packages/airflow/example_dags/example_xcom.py
[2024-09-03T16:56:19.943+0000] {processor.py:925} INFO - DAG(s) 'example_xcom' retrieved from /home/airflow/.local/lib/python3.12/site-packages/airflow/example_dags/example_xcom.py
[2024-09-03T16:56:19.994+0000] {logging_mixin.py:190} INFO - [2024-09-03T16:56:19.993+0000] {dag.py:3211} INFO - Sync 1 DAGs
[2024-09-03T16:56:20.021+0000] {logging_mixin.py:190} INFO - [2024-09-03T16:56:20.021+0000] {dag.py:4138} INFO - Setting next_dagrun for example_xcom to 2021-01-01 00:00:00+00:00, run_after=2021-01-01 00:00:00+00:00
[2024-09-03T16:56:20.046+0000] {processor.py:208} INFO - Processing /home/airflow/.local/lib/python3.12/site-packages/airflow/example_dags/example_xcom.py took 0.162 seconds
[2024-09-03T16:56:50.882+0000] {processor.py:186} INFO - Started process (PID=933) to work on /home/airflow/.local/lib/python3.12/site-packages/airflow/example_dags/example_xcom.py
[2024-09-03T16:56:50.886+0000] {processor.py:914} INFO - Processing file /home/airflow/.local/lib/python3.12/site-packages/airflow/example_dags/example_xcom.py for tasks to queue
[2024-09-03T16:56:50.893+0000] {logging_mixin.py:190} INFO - [2024-09-03T16:56:50.893+0000] {dagbag.py:587} INFO - Filling up the DagBag from /home/airflow/.local/lib/python3.12/site-packages/airflow/example_dags/example_xcom.py
[2024-09-03T16:56:50.919+0000] {processor.py:925} INFO - DAG(s) 'example_xcom' retrieved from /home/airflow/.local/lib/python3.12/site-packages/airflow/example_dags/example_xcom.py
[2024-09-03T16:56:50.968+0000] {logging_mixin.py:190} INFO - [2024-09-03T16:56:50.968+0000] {dag.py:3211} INFO - Sync 1 DAGs
[2024-09-03T16:56:50.990+0000] {logging_mixin.py:190} INFO - [2024-09-03T16:56:50.989+0000] {dag.py:4138} INFO - Setting next_dagrun for example_xcom to 2021-01-01 00:00:00+00:00, run_after=2021-01-01 00:00:00+00:00
[2024-09-03T16:56:51.004+0000] {processor.py:208} INFO - Processing /home/airflow/.local/lib/python3.12/site-packages/airflow/example_dags/example_xcom.py took 0.160 seconds
[2024-09-03T16:57:21.917+0000] {processor.py:186} INFO - Started process (PID=997) to work on /home/airflow/.local/lib/python3.12/site-packages/airflow/example_dags/example_xcom.py
[2024-09-03T16:57:21.920+0000] {processor.py:914} INFO - Processing file /home/airflow/.local/lib/python3.12/site-packages/airflow/example_dags/example_xcom.py for tasks to queue
[2024-09-03T16:57:21.926+0000] {logging_mixin.py:190} INFO - [2024-09-03T16:57:21.925+0000] {dagbag.py:587} INFO - Filling up the DagBag from /home/airflow/.local/lib/python3.12/site-packages/airflow/example_dags/example_xcom.py
[2024-09-03T16:57:21.954+0000] {processor.py:925} INFO - DAG(s) 'example_xcom' retrieved from /home/airflow/.local/lib/python3.12/site-packages/airflow/example_dags/example_xcom.py
[2024-09-03T16:57:21.993+0000] {logging_mixin.py:190} INFO - [2024-09-03T16:57:21.992+0000] {dag.py:3211} INFO - Sync 1 DAGs
[2024-09-03T16:57:22.016+0000] {logging_mixin.py:190} INFO - [2024-09-03T16:57:22.016+0000] {dag.py:4138} INFO - Setting next_dagrun for example_xcom to 2021-01-01 00:00:00+00:00, run_after=2021-01-01 00:00:00+00:00
[2024-09-03T16:57:22.040+0000] {processor.py:208} INFO - Processing /home/airflow/.local/lib/python3.12/site-packages/airflow/example_dags/example_xcom.py took 0.137 seconds
[2024-09-03T16:57:53.179+0000] {processor.py:186} INFO - Started process (PID=1060) to work on /home/airflow/.local/lib/python3.12/site-packages/airflow/example_dags/example_xcom.py
[2024-09-03T16:57:53.182+0000] {processor.py:914} INFO - Processing file /home/airflow/.local/lib/python3.12/site-packages/airflow/example_dags/example_xcom.py for tasks to queue
[2024-09-03T16:57:53.189+0000] {logging_mixin.py:190} INFO - [2024-09-03T16:57:53.187+0000] {dagbag.py:587} INFO - Filling up the DagBag from /home/airflow/.local/lib/python3.12/site-packages/airflow/example_dags/example_xcom.py
[2024-09-03T16:57:53.206+0000] {processor.py:925} INFO - DAG(s) 'example_xcom' retrieved from /home/airflow/.local/lib/python3.12/site-packages/airflow/example_dags/example_xcom.py
[2024-09-03T16:57:53.249+0000] {logging_mixin.py:190} INFO - [2024-09-03T16:57:53.249+0000] {dag.py:3211} INFO - Sync 1 DAGs
[2024-09-03T16:57:53.280+0000] {logging_mixin.py:190} INFO - [2024-09-03T16:57:53.279+0000] {dag.py:4138} INFO - Setting next_dagrun for example_xcom to 2021-01-01 00:00:00+00:00, run_after=2021-01-01 00:00:00+00:00
[2024-09-03T16:57:53.293+0000] {processor.py:208} INFO - Processing /home/airflow/.local/lib/python3.12/site-packages/airflow/example_dags/example_xcom.py took 0.144 seconds
[2024-09-03T16:58:24.267+0000] {processor.py:186} INFO - Started process (PID=1123) to work on /home/airflow/.local/lib/python3.12/site-packages/airflow/example_dags/example_xcom.py
[2024-09-03T16:58:24.275+0000] {processor.py:914} INFO - Processing file /home/airflow/.local/lib/python3.12/site-packages/airflow/example_dags/example_xcom.py for tasks to queue
[2024-09-03T16:58:24.288+0000] {logging_mixin.py:190} INFO - [2024-09-03T16:58:24.286+0000] {dagbag.py:587} INFO - Filling up the DagBag from /home/airflow/.local/lib/python3.12/site-packages/airflow/example_dags/example_xcom.py
[2024-09-03T16:58:24.309+0000] {processor.py:925} INFO - DAG(s) 'example_xcom' retrieved from /home/airflow/.local/lib/python3.12/site-packages/airflow/example_dags/example_xcom.py
[2024-09-03T16:58:24.360+0000] {logging_mixin.py:190} INFO - [2024-09-03T16:58:24.359+0000] {dag.py:3211} INFO - Sync 1 DAGs
[2024-09-03T16:58:24.380+0000] {logging_mixin.py:190} INFO - [2024-09-03T16:58:24.380+0000] {dag.py:4138} INFO - Setting next_dagrun for example_xcom to 2021-01-01 00:00:00+00:00, run_after=2021-01-01 00:00:00+00:00
[2024-09-03T16:58:24.393+0000] {processor.py:208} INFO - Processing /home/airflow/.local/lib/python3.12/site-packages/airflow/example_dags/example_xcom.py took 0.145 seconds
