[2024-09-03T16:49:43.026+0000] {processor.py:186} INFO - Started process (PID=57) to work on /home/airflow/.local/lib/python3.12/site-packages/airflow/example_dags/example_skip_dag.py
[2024-09-03T16:49:43.032+0000] {processor.py:914} INFO - Processing file /home/airflow/.local/lib/python3.12/site-packages/airflow/example_dags/example_skip_dag.py for tasks to queue
[2024-09-03T16:49:43.061+0000] {logging_mixin.py:190} INFO - [2024-09-03T16:49:43.053+0000] {dagbag.py:587} INFO - Filling up the DagBag from /home/airflow/.local/lib/python3.12/site-packages/airflow/example_dags/example_skip_dag.py
[2024-09-03T16:49:43.165+0000] {processor.py:925} INFO - DAG(s) 'example_skip_dag' retrieved from /home/airflow/.local/lib/python3.12/site-packages/airflow/example_dags/example_skip_dag.py
[2024-09-03T16:49:44.519+0000] {logging_mixin.py:190} INFO - [2024-09-03T16:49:44.511+0000] {override.py:1858} INFO - Created Permission View: can delete on DAG:example_skip_dag
[2024-09-03T16:49:44.528+0000] {logging_mixin.py:190} INFO - [2024-09-03T16:49:44.528+0000] {override.py:1858} INFO - Created Permission View: can edit on DAG:example_skip_dag
[2024-09-03T16:49:44.534+0000] {logging_mixin.py:190} INFO - [2024-09-03T16:49:44.533+0000] {override.py:1858} INFO - Created Permission View: can read on DAG:example_skip_dag
[2024-09-03T16:49:44.535+0000] {logging_mixin.py:190} INFO - [2024-09-03T16:49:44.534+0000] {dag.py:3211} INFO - Sync 1 DAGs
[2024-09-03T16:49:44.562+0000] {logging_mixin.py:190} INFO - [2024-09-03T16:49:44.561+0000] {dag.py:3234} INFO - Creating ORM DAG for example_skip_dag
[2024-09-03T16:49:44.586+0000] {logging_mixin.py:190} INFO - [2024-09-03T16:49:44.585+0000] {dag.py:4138} INFO - Setting next_dagrun for example_skip_dag to 2024-09-02 00:00:00+00:00, run_after=2024-09-03 00:00:00+00:00
[2024-09-03T16:49:44.642+0000] {processor.py:208} INFO - Processing /home/airflow/.local/lib/python3.12/site-packages/airflow/example_dags/example_skip_dag.py took 1.692 seconds
[2024-09-03T16:50:15.315+0000] {processor.py:186} INFO - Started process (PID=120) to work on /home/airflow/.local/lib/python3.12/site-packages/airflow/example_dags/example_skip_dag.py
[2024-09-03T16:50:15.318+0000] {processor.py:914} INFO - Processing file /home/airflow/.local/lib/python3.12/site-packages/airflow/example_dags/example_skip_dag.py for tasks to queue
[2024-09-03T16:50:15.343+0000] {logging_mixin.py:190} INFO - [2024-09-03T16:50:15.342+0000] {dagbag.py:587} INFO - Filling up the DagBag from /home/airflow/.local/lib/python3.12/site-packages/airflow/example_dags/example_skip_dag.py
[2024-09-03T16:50:15.382+0000] {processor.py:925} INFO - DAG(s) 'example_skip_dag' retrieved from /home/airflow/.local/lib/python3.12/site-packages/airflow/example_dags/example_skip_dag.py
[2024-09-03T16:50:15.541+0000] {logging_mixin.py:190} INFO - [2024-09-03T16:50:15.541+0000] {dag.py:3211} INFO - Sync 1 DAGs
[2024-09-03T16:50:16.015+0000] {logging_mixin.py:190} INFO - [2024-09-03T16:50:16.010+0000] {dag.py:4138} INFO - Setting next_dagrun for example_skip_dag to 2024-09-02 00:00:00+00:00, run_after=2024-09-03 00:00:00+00:00
[2024-09-03T16:50:16.292+0000] {processor.py:208} INFO - Processing /home/airflow/.local/lib/python3.12/site-packages/airflow/example_dags/example_skip_dag.py took 0.994 seconds
[2024-09-03T16:50:46.517+0000] {processor.py:186} INFO - Started process (PID=182) to work on /home/airflow/.local/lib/python3.12/site-packages/airflow/example_dags/example_skip_dag.py
[2024-09-03T16:50:46.519+0000] {processor.py:914} INFO - Processing file /home/airflow/.local/lib/python3.12/site-packages/airflow/example_dags/example_skip_dag.py for tasks to queue
[2024-09-03T16:50:46.542+0000] {logging_mixin.py:190} INFO - [2024-09-03T16:50:46.540+0000] {dagbag.py:587} INFO - Filling up the DagBag from /home/airflow/.local/lib/python3.12/site-packages/airflow/example_dags/example_skip_dag.py
[2024-09-03T16:50:46.566+0000] {processor.py:925} INFO - DAG(s) 'example_skip_dag' retrieved from /home/airflow/.local/lib/python3.12/site-packages/airflow/example_dags/example_skip_dag.py
[2024-09-03T16:50:46.635+0000] {logging_mixin.py:190} INFO - [2024-09-03T16:50:46.634+0000] {dag.py:3211} INFO - Sync 1 DAGs
[2024-09-03T16:50:46.680+0000] {logging_mixin.py:190} INFO - [2024-09-03T16:50:46.680+0000] {dag.py:4138} INFO - Setting next_dagrun for example_skip_dag to 2024-09-02 00:00:00+00:00, run_after=2024-09-03 00:00:00+00:00
[2024-09-03T16:50:46.703+0000] {processor.py:208} INFO - Processing /home/airflow/.local/lib/python3.12/site-packages/airflow/example_dags/example_skip_dag.py took 0.195 seconds
[2024-09-03T16:51:17.127+0000] {processor.py:186} INFO - Started process (PID=246) to work on /home/airflow/.local/lib/python3.12/site-packages/airflow/example_dags/example_skip_dag.py
[2024-09-03T16:51:17.128+0000] {processor.py:914} INFO - Processing file /home/airflow/.local/lib/python3.12/site-packages/airflow/example_dags/example_skip_dag.py for tasks to queue
[2024-09-03T16:51:17.133+0000] {logging_mixin.py:190} INFO - [2024-09-03T16:51:17.132+0000] {dagbag.py:587} INFO - Filling up the DagBag from /home/airflow/.local/lib/python3.12/site-packages/airflow/example_dags/example_skip_dag.py
[2024-09-03T16:51:17.142+0000] {processor.py:925} INFO - DAG(s) 'example_skip_dag' retrieved from /home/airflow/.local/lib/python3.12/site-packages/airflow/example_dags/example_skip_dag.py
[2024-09-03T16:51:17.221+0000] {logging_mixin.py:190} INFO - [2024-09-03T16:51:17.221+0000] {dag.py:3211} INFO - Sync 1 DAGs
[2024-09-03T16:51:17.252+0000] {logging_mixin.py:190} INFO - [2024-09-03T16:51:17.252+0000] {dag.py:4138} INFO - Setting next_dagrun for example_skip_dag to 2024-09-02 00:00:00+00:00, run_after=2024-09-03 00:00:00+00:00
[2024-09-03T16:51:17.282+0000] {processor.py:208} INFO - Processing /home/airflow/.local/lib/python3.12/site-packages/airflow/example_dags/example_skip_dag.py took 0.161 seconds
[2024-09-03T16:51:47.493+0000] {processor.py:186} INFO - Started process (PID=308) to work on /home/airflow/.local/lib/python3.12/site-packages/airflow/example_dags/example_skip_dag.py
[2024-09-03T16:51:47.494+0000] {processor.py:914} INFO - Processing file /home/airflow/.local/lib/python3.12/site-packages/airflow/example_dags/example_skip_dag.py for tasks to queue
[2024-09-03T16:51:47.497+0000] {logging_mixin.py:190} INFO - [2024-09-03T16:51:47.496+0000] {dagbag.py:587} INFO - Filling up the DagBag from /home/airflow/.local/lib/python3.12/site-packages/airflow/example_dags/example_skip_dag.py
[2024-09-03T16:51:47.505+0000] {processor.py:925} INFO - DAG(s) 'example_skip_dag' retrieved from /home/airflow/.local/lib/python3.12/site-packages/airflow/example_dags/example_skip_dag.py
[2024-09-03T16:51:47.532+0000] {logging_mixin.py:190} INFO - [2024-09-03T16:51:47.532+0000] {dag.py:3211} INFO - Sync 1 DAGs
[2024-09-03T16:51:47.545+0000] {logging_mixin.py:190} INFO - [2024-09-03T16:51:47.545+0000] {dag.py:4138} INFO - Setting next_dagrun for example_skip_dag to 2024-09-02 00:00:00+00:00, run_after=2024-09-03 00:00:00+00:00
[2024-09-03T16:51:47.557+0000] {processor.py:208} INFO - Processing /home/airflow/.local/lib/python3.12/site-packages/airflow/example_dags/example_skip_dag.py took 0.072 seconds
[2024-09-03T16:52:17.910+0000] {processor.py:186} INFO - Started process (PID=371) to work on /home/airflow/.local/lib/python3.12/site-packages/airflow/example_dags/example_skip_dag.py
[2024-09-03T16:52:17.920+0000] {processor.py:914} INFO - Processing file /home/airflow/.local/lib/python3.12/site-packages/airflow/example_dags/example_skip_dag.py for tasks to queue
[2024-09-03T16:52:17.933+0000] {logging_mixin.py:190} INFO - [2024-09-03T16:52:17.932+0000] {dagbag.py:587} INFO - Filling up the DagBag from /home/airflow/.local/lib/python3.12/site-packages/airflow/example_dags/example_skip_dag.py
[2024-09-03T16:52:17.964+0000] {processor.py:925} INFO - DAG(s) 'example_skip_dag' retrieved from /home/airflow/.local/lib/python3.12/site-packages/airflow/example_dags/example_skip_dag.py
[2024-09-03T16:52:18.045+0000] {logging_mixin.py:190} INFO - [2024-09-03T16:52:18.045+0000] {dag.py:3211} INFO - Sync 1 DAGs
[2024-09-03T16:52:18.076+0000] {logging_mixin.py:190} INFO - [2024-09-03T16:52:18.076+0000] {dag.py:4138} INFO - Setting next_dagrun for example_skip_dag to 2024-09-02 00:00:00+00:00, run_after=2024-09-03 00:00:00+00:00
[2024-09-03T16:52:18.091+0000] {processor.py:208} INFO - Processing /home/airflow/.local/lib/python3.12/site-packages/airflow/example_dags/example_skip_dag.py took 0.203 seconds
[2024-09-03T16:52:48.299+0000] {processor.py:186} INFO - Started process (PID=434) to work on /home/airflow/.local/lib/python3.12/site-packages/airflow/example_dags/example_skip_dag.py
[2024-09-03T16:52:48.301+0000] {processor.py:914} INFO - Processing file /home/airflow/.local/lib/python3.12/site-packages/airflow/example_dags/example_skip_dag.py for tasks to queue
[2024-09-03T16:52:48.303+0000] {logging_mixin.py:190} INFO - [2024-09-03T16:52:48.303+0000] {dagbag.py:587} INFO - Filling up the DagBag from /home/airflow/.local/lib/python3.12/site-packages/airflow/example_dags/example_skip_dag.py
[2024-09-03T16:52:48.310+0000] {processor.py:925} INFO - DAG(s) 'example_skip_dag' retrieved from /home/airflow/.local/lib/python3.12/site-packages/airflow/example_dags/example_skip_dag.py
[2024-09-03T16:52:48.343+0000] {logging_mixin.py:190} INFO - [2024-09-03T16:52:48.342+0000] {dag.py:3211} INFO - Sync 1 DAGs
[2024-09-03T16:52:48.367+0000] {logging_mixin.py:190} INFO - [2024-09-03T16:52:48.366+0000] {dag.py:4138} INFO - Setting next_dagrun for example_skip_dag to 2024-09-02 00:00:00+00:00, run_after=2024-09-03 00:00:00+00:00
[2024-09-03T16:52:48.381+0000] {processor.py:208} INFO - Processing /home/airflow/.local/lib/python3.12/site-packages/airflow/example_dags/example_skip_dag.py took 0.087 seconds
[2024-09-03T16:53:18.907+0000] {processor.py:186} INFO - Started process (PID=498) to work on /home/airflow/.local/lib/python3.12/site-packages/airflow/example_dags/example_skip_dag.py
[2024-09-03T16:53:18.909+0000] {processor.py:914} INFO - Processing file /home/airflow/.local/lib/python3.12/site-packages/airflow/example_dags/example_skip_dag.py for tasks to queue
[2024-09-03T16:53:18.915+0000] {logging_mixin.py:190} INFO - [2024-09-03T16:53:18.914+0000] {dagbag.py:587} INFO - Filling up the DagBag from /home/airflow/.local/lib/python3.12/site-packages/airflow/example_dags/example_skip_dag.py
[2024-09-03T16:53:18.975+0000] {processor.py:925} INFO - DAG(s) 'example_skip_dag' retrieved from /home/airflow/.local/lib/python3.12/site-packages/airflow/example_dags/example_skip_dag.py
[2024-09-03T16:53:19.038+0000] {logging_mixin.py:190} INFO - [2024-09-03T16:53:19.038+0000] {dag.py:3211} INFO - Sync 1 DAGs
[2024-09-03T16:53:19.064+0000] {logging_mixin.py:190} INFO - [2024-09-03T16:53:19.064+0000] {dag.py:4138} INFO - Setting next_dagrun for example_skip_dag to 2024-09-02 00:00:00+00:00, run_after=2024-09-03 00:00:00+00:00
[2024-09-03T16:53:19.083+0000] {processor.py:208} INFO - Processing /home/airflow/.local/lib/python3.12/site-packages/airflow/example_dags/example_skip_dag.py took 0.188 seconds
[2024-09-03T16:53:49.794+0000] {processor.py:186} INFO - Started process (PID=562) to work on /home/airflow/.local/lib/python3.12/site-packages/airflow/example_dags/example_skip_dag.py
[2024-09-03T16:53:49.796+0000] {processor.py:914} INFO - Processing file /home/airflow/.local/lib/python3.12/site-packages/airflow/example_dags/example_skip_dag.py for tasks to queue
[2024-09-03T16:53:49.809+0000] {logging_mixin.py:190} INFO - [2024-09-03T16:53:49.803+0000] {dagbag.py:587} INFO - Filling up the DagBag from /home/airflow/.local/lib/python3.12/site-packages/airflow/example_dags/example_skip_dag.py
[2024-09-03T16:53:49.834+0000] {processor.py:925} INFO - DAG(s) 'example_skip_dag' retrieved from /home/airflow/.local/lib/python3.12/site-packages/airflow/example_dags/example_skip_dag.py
[2024-09-03T16:53:49.870+0000] {logging_mixin.py:190} INFO - [2024-09-03T16:53:49.870+0000] {dag.py:3211} INFO - Sync 1 DAGs
[2024-09-03T16:53:49.900+0000] {logging_mixin.py:190} INFO - [2024-09-03T16:53:49.900+0000] {dag.py:4138} INFO - Setting next_dagrun for example_skip_dag to 2024-09-02 00:00:00+00:00, run_after=2024-09-03 00:00:00+00:00
[2024-09-03T16:53:49.913+0000] {processor.py:208} INFO - Processing /home/airflow/.local/lib/python3.12/site-packages/airflow/example_dags/example_skip_dag.py took 0.130 seconds
[2024-09-03T16:54:20.421+0000] {processor.py:186} INFO - Started process (PID=625) to work on /home/airflow/.local/lib/python3.12/site-packages/airflow/example_dags/example_skip_dag.py
[2024-09-03T16:54:20.424+0000] {processor.py:914} INFO - Processing file /home/airflow/.local/lib/python3.12/site-packages/airflow/example_dags/example_skip_dag.py for tasks to queue
[2024-09-03T16:54:20.428+0000] {logging_mixin.py:190} INFO - [2024-09-03T16:54:20.427+0000] {dagbag.py:587} INFO - Filling up the DagBag from /home/airflow/.local/lib/python3.12/site-packages/airflow/example_dags/example_skip_dag.py
[2024-09-03T16:54:20.459+0000] {processor.py:925} INFO - DAG(s) 'example_skip_dag' retrieved from /home/airflow/.local/lib/python3.12/site-packages/airflow/example_dags/example_skip_dag.py
[2024-09-03T16:54:20.519+0000] {logging_mixin.py:190} INFO - [2024-09-03T16:54:20.519+0000] {dag.py:3211} INFO - Sync 1 DAGs
[2024-09-03T16:54:20.544+0000] {logging_mixin.py:190} INFO - [2024-09-03T16:54:20.544+0000] {dag.py:4138} INFO - Setting next_dagrun for example_skip_dag to 2024-09-02 00:00:00+00:00, run_after=2024-09-03 00:00:00+00:00
[2024-09-03T16:54:20.558+0000] {processor.py:208} INFO - Processing /home/airflow/.local/lib/python3.12/site-packages/airflow/example_dags/example_skip_dag.py took 0.152 seconds
[2024-09-03T16:54:51.360+0000] {processor.py:186} INFO - Started process (PID=688) to work on /home/airflow/.local/lib/python3.12/site-packages/airflow/example_dags/example_skip_dag.py
[2024-09-03T16:54:51.362+0000] {processor.py:914} INFO - Processing file /home/airflow/.local/lib/python3.12/site-packages/airflow/example_dags/example_skip_dag.py for tasks to queue
[2024-09-03T16:54:51.365+0000] {logging_mixin.py:190} INFO - [2024-09-03T16:54:51.365+0000] {dagbag.py:587} INFO - Filling up the DagBag from /home/airflow/.local/lib/python3.12/site-packages/airflow/example_dags/example_skip_dag.py
[2024-09-03T16:54:51.384+0000] {processor.py:925} INFO - DAG(s) 'example_skip_dag' retrieved from /home/airflow/.local/lib/python3.12/site-packages/airflow/example_dags/example_skip_dag.py
[2024-09-03T16:54:51.452+0000] {logging_mixin.py:190} INFO - [2024-09-03T16:54:51.451+0000] {dag.py:3211} INFO - Sync 1 DAGs
[2024-09-03T16:54:51.508+0000] {logging_mixin.py:190} INFO - [2024-09-03T16:54:51.508+0000] {dag.py:4138} INFO - Setting next_dagrun for example_skip_dag to 2024-09-02 00:00:00+00:00, run_after=2024-09-03 00:00:00+00:00
[2024-09-03T16:54:51.546+0000] {processor.py:208} INFO - Processing /home/airflow/.local/lib/python3.12/site-packages/airflow/example_dags/example_skip_dag.py took 0.194 seconds
[2024-09-03T16:55:21.761+0000] {processor.py:186} INFO - Started process (PID=750) to work on /home/airflow/.local/lib/python3.12/site-packages/airflow/example_dags/example_skip_dag.py
[2024-09-03T16:55:21.766+0000] {processor.py:914} INFO - Processing file /home/airflow/.local/lib/python3.12/site-packages/airflow/example_dags/example_skip_dag.py for tasks to queue
[2024-09-03T16:55:21.771+0000] {logging_mixin.py:190} INFO - [2024-09-03T16:55:21.770+0000] {dagbag.py:587} INFO - Filling up the DagBag from /home/airflow/.local/lib/python3.12/site-packages/airflow/example_dags/example_skip_dag.py
[2024-09-03T16:55:21.781+0000] {processor.py:925} INFO - DAG(s) 'example_skip_dag' retrieved from /home/airflow/.local/lib/python3.12/site-packages/airflow/example_dags/example_skip_dag.py
[2024-09-03T16:55:21.810+0000] {logging_mixin.py:190} INFO - [2024-09-03T16:55:21.810+0000] {dag.py:3211} INFO - Sync 1 DAGs
[2024-09-03T16:55:21.846+0000] {logging_mixin.py:190} INFO - [2024-09-03T16:55:21.846+0000] {dag.py:4138} INFO - Setting next_dagrun for example_skip_dag to 2024-09-02 00:00:00+00:00, run_after=2024-09-03 00:00:00+00:00
[2024-09-03T16:55:21.861+0000] {processor.py:208} INFO - Processing /home/airflow/.local/lib/python3.12/site-packages/airflow/example_dags/example_skip_dag.py took 0.110 seconds
[2024-09-03T16:55:52.692+0000] {processor.py:186} INFO - Started process (PID=814) to work on /home/airflow/.local/lib/python3.12/site-packages/airflow/example_dags/example_skip_dag.py
[2024-09-03T16:55:52.694+0000] {processor.py:914} INFO - Processing file /home/airflow/.local/lib/python3.12/site-packages/airflow/example_dags/example_skip_dag.py for tasks to queue
[2024-09-03T16:55:52.696+0000] {logging_mixin.py:190} INFO - [2024-09-03T16:55:52.695+0000] {dagbag.py:587} INFO - Filling up the DagBag from /home/airflow/.local/lib/python3.12/site-packages/airflow/example_dags/example_skip_dag.py
[2024-09-03T16:55:52.702+0000] {processor.py:925} INFO - DAG(s) 'example_skip_dag' retrieved from /home/airflow/.local/lib/python3.12/site-packages/airflow/example_dags/example_skip_dag.py
[2024-09-03T16:55:52.719+0000] {logging_mixin.py:190} INFO - [2024-09-03T16:55:52.719+0000] {dag.py:3211} INFO - Sync 1 DAGs
[2024-09-03T16:55:52.733+0000] {logging_mixin.py:190} INFO - [2024-09-03T16:55:52.733+0000] {dag.py:4138} INFO - Setting next_dagrun for example_skip_dag to 2024-09-02 00:00:00+00:00, run_after=2024-09-03 00:00:00+00:00
[2024-09-03T16:55:52.743+0000] {processor.py:208} INFO - Processing /home/airflow/.local/lib/python3.12/site-packages/airflow/example_dags/example_skip_dag.py took 0.055 seconds
[2024-09-03T16:56:23.509+0000] {processor.py:186} INFO - Started process (PID=877) to work on /home/airflow/.local/lib/python3.12/site-packages/airflow/example_dags/example_skip_dag.py
[2024-09-03T16:56:23.510+0000] {processor.py:914} INFO - Processing file /home/airflow/.local/lib/python3.12/site-packages/airflow/example_dags/example_skip_dag.py for tasks to queue
[2024-09-03T16:56:23.512+0000] {logging_mixin.py:190} INFO - [2024-09-03T16:56:23.511+0000] {dagbag.py:587} INFO - Filling up the DagBag from /home/airflow/.local/lib/python3.12/site-packages/airflow/example_dags/example_skip_dag.py
[2024-09-03T16:56:23.518+0000] {processor.py:925} INFO - DAG(s) 'example_skip_dag' retrieved from /home/airflow/.local/lib/python3.12/site-packages/airflow/example_dags/example_skip_dag.py
[2024-09-03T16:56:23.541+0000] {logging_mixin.py:190} INFO - [2024-09-03T16:56:23.541+0000] {dag.py:3211} INFO - Sync 1 DAGs
[2024-09-03T16:56:23.554+0000] {logging_mixin.py:190} INFO - [2024-09-03T16:56:23.554+0000] {dag.py:4138} INFO - Setting next_dagrun for example_skip_dag to 2024-09-02 00:00:00+00:00, run_after=2024-09-03 00:00:00+00:00
[2024-09-03T16:56:23.564+0000] {processor.py:208} INFO - Processing /home/airflow/.local/lib/python3.12/site-packages/airflow/example_dags/example_skip_dag.py took 0.060 seconds
[2024-09-03T16:56:54.425+0000] {processor.py:186} INFO - Started process (PID=940) to work on /home/airflow/.local/lib/python3.12/site-packages/airflow/example_dags/example_skip_dag.py
[2024-09-03T16:56:54.426+0000] {processor.py:914} INFO - Processing file /home/airflow/.local/lib/python3.12/site-packages/airflow/example_dags/example_skip_dag.py for tasks to queue
[2024-09-03T16:56:54.427+0000] {logging_mixin.py:190} INFO - [2024-09-03T16:56:54.427+0000] {dagbag.py:587} INFO - Filling up the DagBag from /home/airflow/.local/lib/python3.12/site-packages/airflow/example_dags/example_skip_dag.py
[2024-09-03T16:56:54.434+0000] {processor.py:925} INFO - DAG(s) 'example_skip_dag' retrieved from /home/airflow/.local/lib/python3.12/site-packages/airflow/example_dags/example_skip_dag.py
[2024-09-03T16:56:54.457+0000] {logging_mixin.py:190} INFO - [2024-09-03T16:56:54.457+0000] {dag.py:3211} INFO - Sync 1 DAGs
[2024-09-03T16:56:54.475+0000] {logging_mixin.py:190} INFO - [2024-09-03T16:56:54.475+0000] {dag.py:4138} INFO - Setting next_dagrun for example_skip_dag to 2024-09-02 00:00:00+00:00, run_after=2024-09-03 00:00:00+00:00
[2024-09-03T16:56:54.485+0000] {processor.py:208} INFO - Processing /home/airflow/.local/lib/python3.12/site-packages/airflow/example_dags/example_skip_dag.py took 0.065 seconds
[2024-09-03T16:57:25.408+0000] {processor.py:186} INFO - Started process (PID=1004) to work on /home/airflow/.local/lib/python3.12/site-packages/airflow/example_dags/example_skip_dag.py
[2024-09-03T16:57:25.408+0000] {processor.py:914} INFO - Processing file /home/airflow/.local/lib/python3.12/site-packages/airflow/example_dags/example_skip_dag.py for tasks to queue
[2024-09-03T16:57:25.410+0000] {logging_mixin.py:190} INFO - [2024-09-03T16:57:25.410+0000] {dagbag.py:587} INFO - Filling up the DagBag from /home/airflow/.local/lib/python3.12/site-packages/airflow/example_dags/example_skip_dag.py
[2024-09-03T16:57:25.415+0000] {processor.py:925} INFO - DAG(s) 'example_skip_dag' retrieved from /home/airflow/.local/lib/python3.12/site-packages/airflow/example_dags/example_skip_dag.py
[2024-09-03T16:57:25.433+0000] {logging_mixin.py:190} INFO - [2024-09-03T16:57:25.432+0000] {dag.py:3211} INFO - Sync 1 DAGs
[2024-09-03T16:57:25.449+0000] {logging_mixin.py:190} INFO - [2024-09-03T16:57:25.449+0000] {dag.py:4138} INFO - Setting next_dagrun for example_skip_dag to 2024-09-02 00:00:00+00:00, run_after=2024-09-03 00:00:00+00:00
[2024-09-03T16:57:25.460+0000] {processor.py:208} INFO - Processing /home/airflow/.local/lib/python3.12/site-packages/airflow/example_dags/example_skip_dag.py took 0.057 seconds
[2024-09-03T16:57:55.896+0000] {processor.py:186} INFO - Started process (PID=1067) to work on /home/airflow/.local/lib/python3.12/site-packages/airflow/example_dags/example_skip_dag.py
[2024-09-03T16:57:55.898+0000] {processor.py:914} INFO - Processing file /home/airflow/.local/lib/python3.12/site-packages/airflow/example_dags/example_skip_dag.py for tasks to queue
[2024-09-03T16:57:55.903+0000] {logging_mixin.py:190} INFO - [2024-09-03T16:57:55.902+0000] {dagbag.py:587} INFO - Filling up the DagBag from /home/airflow/.local/lib/python3.12/site-packages/airflow/example_dags/example_skip_dag.py
[2024-09-03T16:57:55.919+0000] {processor.py:925} INFO - DAG(s) 'example_skip_dag' retrieved from /home/airflow/.local/lib/python3.12/site-packages/airflow/example_dags/example_skip_dag.py
[2024-09-03T16:57:55.949+0000] {logging_mixin.py:190} INFO - [2024-09-03T16:57:55.949+0000] {dag.py:3211} INFO - Sync 1 DAGs
[2024-09-03T16:57:55.987+0000] {logging_mixin.py:190} INFO - [2024-09-03T16:57:55.987+0000] {dag.py:4138} INFO - Setting next_dagrun for example_skip_dag to 2024-09-02 00:00:00+00:00, run_after=2024-09-03 00:00:00+00:00
[2024-09-03T16:57:56.008+0000] {processor.py:208} INFO - Processing /home/airflow/.local/lib/python3.12/site-packages/airflow/example_dags/example_skip_dag.py took 0.118 seconds
[2024-09-03T16:58:26.844+0000] {processor.py:186} INFO - Started process (PID=1130) to work on /home/airflow/.local/lib/python3.12/site-packages/airflow/example_dags/example_skip_dag.py
[2024-09-03T16:58:26.846+0000] {processor.py:914} INFO - Processing file /home/airflow/.local/lib/python3.12/site-packages/airflow/example_dags/example_skip_dag.py for tasks to queue
[2024-09-03T16:58:26.849+0000] {logging_mixin.py:190} INFO - [2024-09-03T16:58:26.848+0000] {dagbag.py:587} INFO - Filling up the DagBag from /home/airflow/.local/lib/python3.12/site-packages/airflow/example_dags/example_skip_dag.py
[2024-09-03T16:58:26.855+0000] {processor.py:925} INFO - DAG(s) 'example_skip_dag' retrieved from /home/airflow/.local/lib/python3.12/site-packages/airflow/example_dags/example_skip_dag.py
[2024-09-03T16:58:26.898+0000] {logging_mixin.py:190} INFO - [2024-09-03T16:58:26.898+0000] {dag.py:3211} INFO - Sync 1 DAGs
[2024-09-03T16:58:26.934+0000] {logging_mixin.py:190} INFO - [2024-09-03T16:58:26.934+0000] {dag.py:4138} INFO - Setting next_dagrun for example_skip_dag to 2024-09-02 00:00:00+00:00, run_after=2024-09-03 00:00:00+00:00
[2024-09-03T16:58:26.945+0000] {processor.py:208} INFO - Processing /home/airflow/.local/lib/python3.12/site-packages/airflow/example_dags/example_skip_dag.py took 0.106 seconds
