[2024-09-03T16:50:01.193+0000] {processor.py:186} INFO - Started process (PID=89) to work on /home/airflow/.local/lib/python3.12/site-packages/airflow/example_dags/example_trigger_target_dag.py
[2024-09-03T16:50:01.195+0000] {processor.py:914} INFO - Processing file /home/airflow/.local/lib/python3.12/site-packages/airflow/example_dags/example_trigger_target_dag.py for tasks to queue
[2024-09-03T16:50:01.197+0000] {logging_mixin.py:190} INFO - [2024-09-03T16:50:01.197+0000] {dagbag.py:587} INFO - Filling up the DagBag from /home/airflow/.local/lib/python3.12/site-packages/airflow/example_dags/example_trigger_target_dag.py
[2024-09-03T16:50:01.214+0000] {processor.py:925} INFO - DAG(s) 'example_trigger_target_dag' retrieved from /home/airflow/.local/lib/python3.12/site-packages/airflow/example_dags/example_trigger_target_dag.py
[2024-09-03T16:50:01.434+0000] {logging_mixin.py:190} INFO - [2024-09-03T16:50:01.425+0000] {override.py:1858} INFO - Created Permission View: can delete on DAG:example_trigger_target_dag
[2024-09-03T16:50:01.459+0000] {logging_mixin.py:190} INFO - [2024-09-03T16:50:01.458+0000] {override.py:1858} INFO - Created Permission View: can edit on DAG:example_trigger_target_dag
[2024-09-03T16:50:01.484+0000] {logging_mixin.py:190} INFO - [2024-09-03T16:50:01.483+0000] {override.py:1858} INFO - Created Permission View: can read on DAG:example_trigger_target_dag
[2024-09-03T16:50:01.484+0000] {logging_mixin.py:190} INFO - [2024-09-03T16:50:01.484+0000] {dag.py:3211} INFO - Sync 1 DAGs
[2024-09-03T16:50:01.514+0000] {logging_mixin.py:190} INFO - [2024-09-03T16:50:01.514+0000] {dag.py:3234} INFO - Creating ORM DAG for example_trigger_target_dag
[2024-09-03T16:50:01.516+0000] {logging_mixin.py:190} INFO - [2024-09-03T16:50:01.516+0000] {dag.py:4138} INFO - Setting next_dagrun for example_trigger_target_dag to None, run_after=None
[2024-09-03T16:50:01.600+0000] {processor.py:208} INFO - Processing /home/airflow/.local/lib/python3.12/site-packages/airflow/example_dags/example_trigger_target_dag.py took 0.415 seconds
[2024-09-03T16:50:32.277+0000] {processor.py:186} INFO - Started process (PID=152) to work on /home/airflow/.local/lib/python3.12/site-packages/airflow/example_dags/example_trigger_target_dag.py
[2024-09-03T16:50:32.279+0000] {processor.py:914} INFO - Processing file /home/airflow/.local/lib/python3.12/site-packages/airflow/example_dags/example_trigger_target_dag.py for tasks to queue
[2024-09-03T16:50:32.280+0000] {logging_mixin.py:190} INFO - [2024-09-03T16:50:32.280+0000] {dagbag.py:587} INFO - Filling up the DagBag from /home/airflow/.local/lib/python3.12/site-packages/airflow/example_dags/example_trigger_target_dag.py
[2024-09-03T16:50:32.286+0000] {processor.py:925} INFO - DAG(s) 'example_trigger_target_dag' retrieved from /home/airflow/.local/lib/python3.12/site-packages/airflow/example_dags/example_trigger_target_dag.py
[2024-09-03T16:50:32.307+0000] {logging_mixin.py:190} INFO - [2024-09-03T16:50:32.307+0000] {dag.py:3211} INFO - Sync 1 DAGs
[2024-09-03T16:50:32.319+0000] {logging_mixin.py:190} INFO - [2024-09-03T16:50:32.319+0000] {dag.py:4138} INFO - Setting next_dagrun for example_trigger_target_dag to None, run_after=None
[2024-09-03T16:50:32.331+0000] {processor.py:208} INFO - Processing /home/airflow/.local/lib/python3.12/site-packages/airflow/example_dags/example_trigger_target_dag.py took 0.064 seconds
[2024-09-03T16:51:03.138+0000] {processor.py:186} INFO - Started process (PID=215) to work on /home/airflow/.local/lib/python3.12/site-packages/airflow/example_dags/example_trigger_target_dag.py
[2024-09-03T16:51:03.139+0000] {processor.py:914} INFO - Processing file /home/airflow/.local/lib/python3.12/site-packages/airflow/example_dags/example_trigger_target_dag.py for tasks to queue
[2024-09-03T16:51:03.143+0000] {logging_mixin.py:190} INFO - [2024-09-03T16:51:03.143+0000] {dagbag.py:587} INFO - Filling up the DagBag from /home/airflow/.local/lib/python3.12/site-packages/airflow/example_dags/example_trigger_target_dag.py
[2024-09-03T16:51:03.150+0000] {processor.py:925} INFO - DAG(s) 'example_trigger_target_dag' retrieved from /home/airflow/.local/lib/python3.12/site-packages/airflow/example_dags/example_trigger_target_dag.py
[2024-09-03T16:51:03.168+0000] {logging_mixin.py:190} INFO - [2024-09-03T16:51:03.168+0000] {dag.py:3211} INFO - Sync 1 DAGs
[2024-09-03T16:51:03.178+0000] {logging_mixin.py:190} INFO - [2024-09-03T16:51:03.178+0000] {dag.py:4138} INFO - Setting next_dagrun for example_trigger_target_dag to None, run_after=None
[2024-09-03T16:51:03.191+0000] {processor.py:208} INFO - Processing /home/airflow/.local/lib/python3.12/site-packages/airflow/example_dags/example_trigger_target_dag.py took 0.060 seconds
[2024-09-03T16:51:34.237+0000] {processor.py:186} INFO - Started process (PID=278) to work on /home/airflow/.local/lib/python3.12/site-packages/airflow/example_dags/example_trigger_target_dag.py
[2024-09-03T16:51:34.238+0000] {processor.py:914} INFO - Processing file /home/airflow/.local/lib/python3.12/site-packages/airflow/example_dags/example_trigger_target_dag.py for tasks to queue
[2024-09-03T16:51:34.242+0000] {logging_mixin.py:190} INFO - [2024-09-03T16:51:34.242+0000] {dagbag.py:587} INFO - Filling up the DagBag from /home/airflow/.local/lib/python3.12/site-packages/airflow/example_dags/example_trigger_target_dag.py
[2024-09-03T16:51:34.258+0000] {processor.py:925} INFO - DAG(s) 'example_trigger_target_dag' retrieved from /home/airflow/.local/lib/python3.12/site-packages/airflow/example_dags/example_trigger_target_dag.py
[2024-09-03T16:51:34.304+0000] {logging_mixin.py:190} INFO - [2024-09-03T16:51:34.304+0000] {dag.py:3211} INFO - Sync 1 DAGs
[2024-09-03T16:51:34.339+0000] {logging_mixin.py:190} INFO - [2024-09-03T16:51:34.339+0000] {dag.py:4138} INFO - Setting next_dagrun for example_trigger_target_dag to None, run_after=None
[2024-09-03T16:51:34.365+0000] {processor.py:208} INFO - Processing /home/airflow/.local/lib/python3.12/site-packages/airflow/example_dags/example_trigger_target_dag.py took 0.138 seconds
[2024-09-03T16:52:04.510+0000] {processor.py:186} INFO - Started process (PID=340) to work on /home/airflow/.local/lib/python3.12/site-packages/airflow/example_dags/example_trigger_target_dag.py
[2024-09-03T16:52:04.516+0000] {processor.py:914} INFO - Processing file /home/airflow/.local/lib/python3.12/site-packages/airflow/example_dags/example_trigger_target_dag.py for tasks to queue
[2024-09-03T16:52:04.524+0000] {logging_mixin.py:190} INFO - [2024-09-03T16:52:04.524+0000] {dagbag.py:587} INFO - Filling up the DagBag from /home/airflow/.local/lib/python3.12/site-packages/airflow/example_dags/example_trigger_target_dag.py
[2024-09-03T16:52:04.547+0000] {processor.py:925} INFO - DAG(s) 'example_trigger_target_dag' retrieved from /home/airflow/.local/lib/python3.12/site-packages/airflow/example_dags/example_trigger_target_dag.py
[2024-09-03T16:52:04.644+0000] {logging_mixin.py:190} INFO - [2024-09-03T16:52:04.644+0000] {dag.py:3211} INFO - Sync 1 DAGs
[2024-09-03T16:52:04.679+0000] {logging_mixin.py:190} INFO - [2024-09-03T16:52:04.678+0000] {dag.py:4138} INFO - Setting next_dagrun for example_trigger_target_dag to None, run_after=None
[2024-09-03T16:52:04.700+0000] {processor.py:208} INFO - Processing /home/airflow/.local/lib/python3.12/site-packages/airflow/example_dags/example_trigger_target_dag.py took 0.204 seconds
[2024-09-03T16:52:35.322+0000] {processor.py:186} INFO - Started process (PID=404) to work on /home/airflow/.local/lib/python3.12/site-packages/airflow/example_dags/example_trigger_target_dag.py
[2024-09-03T16:52:35.323+0000] {processor.py:914} INFO - Processing file /home/airflow/.local/lib/python3.12/site-packages/airflow/example_dags/example_trigger_target_dag.py for tasks to queue
[2024-09-03T16:52:35.325+0000] {logging_mixin.py:190} INFO - [2024-09-03T16:52:35.325+0000] {dagbag.py:587} INFO - Filling up the DagBag from /home/airflow/.local/lib/python3.12/site-packages/airflow/example_dags/example_trigger_target_dag.py
[2024-09-03T16:52:35.340+0000] {processor.py:925} INFO - DAG(s) 'example_trigger_target_dag' retrieved from /home/airflow/.local/lib/python3.12/site-packages/airflow/example_dags/example_trigger_target_dag.py
[2024-09-03T16:52:35.376+0000] {logging_mixin.py:190} INFO - [2024-09-03T16:52:35.376+0000] {dag.py:3211} INFO - Sync 1 DAGs
[2024-09-03T16:52:35.405+0000] {logging_mixin.py:190} INFO - [2024-09-03T16:52:35.404+0000] {dag.py:4138} INFO - Setting next_dagrun for example_trigger_target_dag to None, run_after=None
[2024-09-03T16:52:35.425+0000] {processor.py:208} INFO - Processing /home/airflow/.local/lib/python3.12/site-packages/airflow/example_dags/example_trigger_target_dag.py took 0.109 seconds
[2024-09-03T16:53:06.177+0000] {processor.py:186} INFO - Started process (PID=468) to work on /home/airflow/.local/lib/python3.12/site-packages/airflow/example_dags/example_trigger_target_dag.py
[2024-09-03T16:53:06.179+0000] {processor.py:914} INFO - Processing file /home/airflow/.local/lib/python3.12/site-packages/airflow/example_dags/example_trigger_target_dag.py for tasks to queue
[2024-09-03T16:53:06.182+0000] {logging_mixin.py:190} INFO - [2024-09-03T16:53:06.181+0000] {dagbag.py:587} INFO - Filling up the DagBag from /home/airflow/.local/lib/python3.12/site-packages/airflow/example_dags/example_trigger_target_dag.py
[2024-09-03T16:53:06.189+0000] {processor.py:925} INFO - DAG(s) 'example_trigger_target_dag' retrieved from /home/airflow/.local/lib/python3.12/site-packages/airflow/example_dags/example_trigger_target_dag.py
[2024-09-03T16:53:06.223+0000] {logging_mixin.py:190} INFO - [2024-09-03T16:53:06.222+0000] {dag.py:3211} INFO - Sync 1 DAGs
[2024-09-03T16:53:06.246+0000] {logging_mixin.py:190} INFO - [2024-09-03T16:53:06.246+0000] {dag.py:4138} INFO - Setting next_dagrun for example_trigger_target_dag to None, run_after=None
[2024-09-03T16:53:06.271+0000] {processor.py:208} INFO - Processing /home/airflow/.local/lib/python3.12/site-packages/airflow/example_dags/example_trigger_target_dag.py took 0.104 seconds
[2024-09-03T16:53:37.332+0000] {processor.py:186} INFO - Started process (PID=532) to work on /home/airflow/.local/lib/python3.12/site-packages/airflow/example_dags/example_trigger_target_dag.py
[2024-09-03T16:53:37.335+0000] {processor.py:914} INFO - Processing file /home/airflow/.local/lib/python3.12/site-packages/airflow/example_dags/example_trigger_target_dag.py for tasks to queue
[2024-09-03T16:53:37.349+0000] {logging_mixin.py:190} INFO - [2024-09-03T16:53:37.346+0000] {dagbag.py:587} INFO - Filling up the DagBag from /home/airflow/.local/lib/python3.12/site-packages/airflow/example_dags/example_trigger_target_dag.py
[2024-09-03T16:53:37.372+0000] {processor.py:925} INFO - DAG(s) 'example_trigger_target_dag' retrieved from /home/airflow/.local/lib/python3.12/site-packages/airflow/example_dags/example_trigger_target_dag.py
[2024-09-03T16:53:37.457+0000] {logging_mixin.py:190} INFO - [2024-09-03T16:53:37.456+0000] {dag.py:3211} INFO - Sync 1 DAGs
[2024-09-03T16:53:37.473+0000] {logging_mixin.py:190} INFO - [2024-09-03T16:53:37.473+0000] {dag.py:4138} INFO - Setting next_dagrun for example_trigger_target_dag to None, run_after=None
[2024-09-03T16:53:37.488+0000] {processor.py:208} INFO - Processing /home/airflow/.local/lib/python3.12/site-packages/airflow/example_dags/example_trigger_target_dag.py took 0.167 seconds
[2024-09-03T16:54:08.714+0000] {processor.py:186} INFO - Started process (PID=596) to work on /home/airflow/.local/lib/python3.12/site-packages/airflow/example_dags/example_trigger_target_dag.py
[2024-09-03T16:54:08.715+0000] {processor.py:914} INFO - Processing file /home/airflow/.local/lib/python3.12/site-packages/airflow/example_dags/example_trigger_target_dag.py for tasks to queue
[2024-09-03T16:54:08.717+0000] {logging_mixin.py:190} INFO - [2024-09-03T16:54:08.717+0000] {dagbag.py:587} INFO - Filling up the DagBag from /home/airflow/.local/lib/python3.12/site-packages/airflow/example_dags/example_trigger_target_dag.py
[2024-09-03T16:54:08.723+0000] {processor.py:925} INFO - DAG(s) 'example_trigger_target_dag' retrieved from /home/airflow/.local/lib/python3.12/site-packages/airflow/example_dags/example_trigger_target_dag.py
[2024-09-03T16:54:08.760+0000] {logging_mixin.py:190} INFO - [2024-09-03T16:54:08.759+0000] {dag.py:3211} INFO - Sync 1 DAGs
[2024-09-03T16:54:08.773+0000] {logging_mixin.py:190} INFO - [2024-09-03T16:54:08.772+0000] {dag.py:4138} INFO - Setting next_dagrun for example_trigger_target_dag to None, run_after=None
[2024-09-03T16:54:08.786+0000] {processor.py:208} INFO - Processing /home/airflow/.local/lib/python3.12/site-packages/airflow/example_dags/example_trigger_target_dag.py took 0.076 seconds
[2024-09-03T16:54:39.250+0000] {processor.py:186} INFO - Started process (PID=659) to work on /home/airflow/.local/lib/python3.12/site-packages/airflow/example_dags/example_trigger_target_dag.py
[2024-09-03T16:54:39.252+0000] {processor.py:914} INFO - Processing file /home/airflow/.local/lib/python3.12/site-packages/airflow/example_dags/example_trigger_target_dag.py for tasks to queue
[2024-09-03T16:54:39.254+0000] {logging_mixin.py:190} INFO - [2024-09-03T16:54:39.254+0000] {dagbag.py:587} INFO - Filling up the DagBag from /home/airflow/.local/lib/python3.12/site-packages/airflow/example_dags/example_trigger_target_dag.py
[2024-09-03T16:54:39.260+0000] {processor.py:925} INFO - DAG(s) 'example_trigger_target_dag' retrieved from /home/airflow/.local/lib/python3.12/site-packages/airflow/example_dags/example_trigger_target_dag.py
[2024-09-03T16:54:39.278+0000] {logging_mixin.py:190} INFO - [2024-09-03T16:54:39.278+0000] {dag.py:3211} INFO - Sync 1 DAGs
[2024-09-03T16:54:39.287+0000] {logging_mixin.py:190} INFO - [2024-09-03T16:54:39.287+0000] {dag.py:4138} INFO - Setting next_dagrun for example_trigger_target_dag to None, run_after=None
[2024-09-03T16:54:39.301+0000] {processor.py:208} INFO - Processing /home/airflow/.local/lib/python3.12/site-packages/airflow/example_dags/example_trigger_target_dag.py took 0.056 seconds
[2024-09-03T16:55:09.956+0000] {processor.py:186} INFO - Started process (PID=722) to work on /home/airflow/.local/lib/python3.12/site-packages/airflow/example_dags/example_trigger_target_dag.py
[2024-09-03T16:55:09.960+0000] {processor.py:914} INFO - Processing file /home/airflow/.local/lib/python3.12/site-packages/airflow/example_dags/example_trigger_target_dag.py for tasks to queue
[2024-09-03T16:55:09.975+0000] {logging_mixin.py:190} INFO - [2024-09-03T16:55:09.973+0000] {dagbag.py:587} INFO - Filling up the DagBag from /home/airflow/.local/lib/python3.12/site-packages/airflow/example_dags/example_trigger_target_dag.py
[2024-09-03T16:55:09.990+0000] {processor.py:925} INFO - DAG(s) 'example_trigger_target_dag' retrieved from /home/airflow/.local/lib/python3.12/site-packages/airflow/example_dags/example_trigger_target_dag.py
[2024-09-03T16:55:10.149+0000] {logging_mixin.py:190} INFO - [2024-09-03T16:55:10.149+0000] {dag.py:3211} INFO - Sync 1 DAGs
[2024-09-03T16:55:10.176+0000] {logging_mixin.py:190} INFO - [2024-09-03T16:55:10.175+0000] {dag.py:4138} INFO - Setting next_dagrun for example_trigger_target_dag to None, run_after=None
[2024-09-03T16:55:10.229+0000] {processor.py:208} INFO - Processing /home/airflow/.local/lib/python3.12/site-packages/airflow/example_dags/example_trigger_target_dag.py took 0.281 seconds
[2024-09-03T16:55:40.418+0000] {processor.py:186} INFO - Started process (PID=785) to work on /home/airflow/.local/lib/python3.12/site-packages/airflow/example_dags/example_trigger_target_dag.py
[2024-09-03T16:55:40.419+0000] {processor.py:914} INFO - Processing file /home/airflow/.local/lib/python3.12/site-packages/airflow/example_dags/example_trigger_target_dag.py for tasks to queue
[2024-09-03T16:55:40.422+0000] {logging_mixin.py:190} INFO - [2024-09-03T16:55:40.421+0000] {dagbag.py:587} INFO - Filling up the DagBag from /home/airflow/.local/lib/python3.12/site-packages/airflow/example_dags/example_trigger_target_dag.py
[2024-09-03T16:55:40.429+0000] {processor.py:925} INFO - DAG(s) 'example_trigger_target_dag' retrieved from /home/airflow/.local/lib/python3.12/site-packages/airflow/example_dags/example_trigger_target_dag.py
[2024-09-03T16:55:40.448+0000] {logging_mixin.py:190} INFO - [2024-09-03T16:55:40.448+0000] {dag.py:3211} INFO - Sync 1 DAGs
[2024-09-03T16:55:40.459+0000] {logging_mixin.py:190} INFO - [2024-09-03T16:55:40.459+0000] {dag.py:4138} INFO - Setting next_dagrun for example_trigger_target_dag to None, run_after=None
[2024-09-03T16:55:40.477+0000] {processor.py:208} INFO - Processing /home/airflow/.local/lib/python3.12/site-packages/airflow/example_dags/example_trigger_target_dag.py took 0.066 seconds
[2024-09-03T16:56:10.566+0000] {processor.py:186} INFO - Started process (PID=847) to work on /home/airflow/.local/lib/python3.12/site-packages/airflow/example_dags/example_trigger_target_dag.py
[2024-09-03T16:56:10.567+0000] {processor.py:914} INFO - Processing file /home/airflow/.local/lib/python3.12/site-packages/airflow/example_dags/example_trigger_target_dag.py for tasks to queue
[2024-09-03T16:56:10.568+0000] {logging_mixin.py:190} INFO - [2024-09-03T16:56:10.568+0000] {dagbag.py:587} INFO - Filling up the DagBag from /home/airflow/.local/lib/python3.12/site-packages/airflow/example_dags/example_trigger_target_dag.py
[2024-09-03T16:56:10.574+0000] {processor.py:925} INFO - DAG(s) 'example_trigger_target_dag' retrieved from /home/airflow/.local/lib/python3.12/site-packages/airflow/example_dags/example_trigger_target_dag.py
[2024-09-03T16:56:10.599+0000] {logging_mixin.py:190} INFO - [2024-09-03T16:56:10.599+0000] {dag.py:3211} INFO - Sync 1 DAGs
[2024-09-03T16:56:10.612+0000] {logging_mixin.py:190} INFO - [2024-09-03T16:56:10.611+0000] {dag.py:4138} INFO - Setting next_dagrun for example_trigger_target_dag to None, run_after=None
[2024-09-03T16:56:10.630+0000] {processor.py:208} INFO - Processing /home/airflow/.local/lib/python3.12/site-packages/airflow/example_dags/example_trigger_target_dag.py took 0.069 seconds
[2024-09-03T16:56:41.374+0000] {processor.py:186} INFO - Started process (PID=911) to work on /home/airflow/.local/lib/python3.12/site-packages/airflow/example_dags/example_trigger_target_dag.py
[2024-09-03T16:56:41.375+0000] {processor.py:914} INFO - Processing file /home/airflow/.local/lib/python3.12/site-packages/airflow/example_dags/example_trigger_target_dag.py for tasks to queue
[2024-09-03T16:56:41.377+0000] {logging_mixin.py:190} INFO - [2024-09-03T16:56:41.377+0000] {dagbag.py:587} INFO - Filling up the DagBag from /home/airflow/.local/lib/python3.12/site-packages/airflow/example_dags/example_trigger_target_dag.py
[2024-09-03T16:56:41.383+0000] {processor.py:925} INFO - DAG(s) 'example_trigger_target_dag' retrieved from /home/airflow/.local/lib/python3.12/site-packages/airflow/example_dags/example_trigger_target_dag.py
[2024-09-03T16:56:41.398+0000] {logging_mixin.py:190} INFO - [2024-09-03T16:56:41.398+0000] {dag.py:3211} INFO - Sync 1 DAGs
[2024-09-03T16:56:41.406+0000] {logging_mixin.py:190} INFO - [2024-09-03T16:56:41.406+0000] {dag.py:4138} INFO - Setting next_dagrun for example_trigger_target_dag to None, run_after=None
[2024-09-03T16:56:41.416+0000] {processor.py:208} INFO - Processing /home/airflow/.local/lib/python3.12/site-packages/airflow/example_dags/example_trigger_target_dag.py took 0.047 seconds
[2024-09-03T16:57:11.907+0000] {processor.py:186} INFO - Started process (PID=975) to work on /home/airflow/.local/lib/python3.12/site-packages/airflow/example_dags/example_trigger_target_dag.py
[2024-09-03T16:57:11.908+0000] {processor.py:914} INFO - Processing file /home/airflow/.local/lib/python3.12/site-packages/airflow/example_dags/example_trigger_target_dag.py for tasks to queue
[2024-09-03T16:57:11.910+0000] {logging_mixin.py:190} INFO - [2024-09-03T16:57:11.910+0000] {dagbag.py:587} INFO - Filling up the DagBag from /home/airflow/.local/lib/python3.12/site-packages/airflow/example_dags/example_trigger_target_dag.py
[2024-09-03T16:57:11.919+0000] {processor.py:925} INFO - DAG(s) 'example_trigger_target_dag' retrieved from /home/airflow/.local/lib/python3.12/site-packages/airflow/example_dags/example_trigger_target_dag.py
[2024-09-03T16:57:11.952+0000] {logging_mixin.py:190} INFO - [2024-09-03T16:57:11.952+0000] {dag.py:3211} INFO - Sync 1 DAGs
[2024-09-03T16:57:11.966+0000] {logging_mixin.py:190} INFO - [2024-09-03T16:57:11.965+0000] {dag.py:4138} INFO - Setting next_dagrun for example_trigger_target_dag to None, run_after=None
[2024-09-03T16:57:12.010+0000] {processor.py:208} INFO - Processing /home/airflow/.local/lib/python3.12/site-packages/airflow/example_dags/example_trigger_target_dag.py took 0.107 seconds
[2024-09-03T16:57:42.362+0000] {processor.py:186} INFO - Started process (PID=1038) to work on /home/airflow/.local/lib/python3.12/site-packages/airflow/example_dags/example_trigger_target_dag.py
[2024-09-03T16:57:42.363+0000] {processor.py:914} INFO - Processing file /home/airflow/.local/lib/python3.12/site-packages/airflow/example_dags/example_trigger_target_dag.py for tasks to queue
[2024-09-03T16:57:42.364+0000] {logging_mixin.py:190} INFO - [2024-09-03T16:57:42.364+0000] {dagbag.py:587} INFO - Filling up the DagBag from /home/airflow/.local/lib/python3.12/site-packages/airflow/example_dags/example_trigger_target_dag.py
[2024-09-03T16:57:42.369+0000] {processor.py:925} INFO - DAG(s) 'example_trigger_target_dag' retrieved from /home/airflow/.local/lib/python3.12/site-packages/airflow/example_dags/example_trigger_target_dag.py
[2024-09-03T16:57:42.385+0000] {logging_mixin.py:190} INFO - [2024-09-03T16:57:42.385+0000] {dag.py:3211} INFO - Sync 1 DAGs
[2024-09-03T16:57:42.397+0000] {logging_mixin.py:190} INFO - [2024-09-03T16:57:42.397+0000] {dag.py:4138} INFO - Setting next_dagrun for example_trigger_target_dag to None, run_after=None
[2024-09-03T16:57:42.422+0000] {processor.py:208} INFO - Processing /home/airflow/.local/lib/python3.12/site-packages/airflow/example_dags/example_trigger_target_dag.py took 0.064 seconds
[2024-09-03T16:58:13.278+0000] {processor.py:186} INFO - Started process (PID=1101) to work on /home/airflow/.local/lib/python3.12/site-packages/airflow/example_dags/example_trigger_target_dag.py
[2024-09-03T16:58:13.279+0000] {processor.py:914} INFO - Processing file /home/airflow/.local/lib/python3.12/site-packages/airflow/example_dags/example_trigger_target_dag.py for tasks to queue
[2024-09-03T16:58:13.282+0000] {logging_mixin.py:190} INFO - [2024-09-03T16:58:13.281+0000] {dagbag.py:587} INFO - Filling up the DagBag from /home/airflow/.local/lib/python3.12/site-packages/airflow/example_dags/example_trigger_target_dag.py
[2024-09-03T16:58:13.295+0000] {processor.py:925} INFO - DAG(s) 'example_trigger_target_dag' retrieved from /home/airflow/.local/lib/python3.12/site-packages/airflow/example_dags/example_trigger_target_dag.py
[2024-09-03T16:58:13.319+0000] {logging_mixin.py:190} INFO - [2024-09-03T16:58:13.319+0000] {dag.py:3211} INFO - Sync 1 DAGs
[2024-09-03T16:58:13.333+0000] {logging_mixin.py:190} INFO - [2024-09-03T16:58:13.333+0000] {dag.py:4138} INFO - Setting next_dagrun for example_trigger_target_dag to None, run_after=None
[2024-09-03T16:58:13.362+0000] {processor.py:208} INFO - Processing /home/airflow/.local/lib/python3.12/site-packages/airflow/example_dags/example_trigger_target_dag.py took 0.090 seconds
