[2024-09-03T16:49:20.770+0000] {processor.py:186} INFO - Started process (PID=37) to work on /home/airflow/.local/lib/python3.12/site-packages/airflow/example_dags/example_params_trigger_ui.py
[2024-09-03T16:49:21.025+0000] {processor.py:914} INFO - Processing file /home/airflow/.local/lib/python3.12/site-packages/airflow/example_dags/example_params_trigger_ui.py for tasks to queue
[2024-09-03T16:49:21.619+0000] {logging_mixin.py:190} INFO - [2024-09-03T16:49:21.612+0000] {dagbag.py:587} INFO - Filling up the DagBag from /home/airflow/.local/lib/python3.12/site-packages/airflow/example_dags/example_params_trigger_ui.py
[2024-09-03T16:49:21.864+0000] {processor.py:925} INFO - DAG(s) 'example_params_trigger_ui' retrieved from /home/airflow/.local/lib/python3.12/site-packages/airflow/example_dags/example_params_trigger_ui.py
[2024-09-03T16:49:23.557+0000] {logging_mixin.py:190} INFO - [2024-09-03T16:49:23.553+0000] {override.py:1858} INFO - Created Permission View: can delete on DAG:example_params_trigger_ui
[2024-09-03T16:49:23.601+0000] {logging_mixin.py:190} INFO - [2024-09-03T16:49:23.601+0000] {override.py:1858} INFO - Created Permission View: can edit on DAG:example_params_trigger_ui
[2024-09-03T16:49:23.612+0000] {logging_mixin.py:190} INFO - [2024-09-03T16:49:23.611+0000] {override.py:1858} INFO - Created Permission View: can read on DAG:example_params_trigger_ui
[2024-09-03T16:49:23.617+0000] {logging_mixin.py:190} INFO - [2024-09-03T16:49:23.616+0000] {dag.py:3211} INFO - Sync 1 DAGs
[2024-09-03T16:49:23.733+0000] {logging_mixin.py:190} INFO - [2024-09-03T16:49:23.733+0000] {dag.py:3234} INFO - Creating ORM DAG for example_params_trigger_ui
[2024-09-03T16:49:23.739+0000] {logging_mixin.py:190} INFO - [2024-09-03T16:49:23.738+0000] {dag.py:4138} INFO - Setting next_dagrun for example_params_trigger_ui to None, run_after=None
[2024-09-03T16:49:23.816+0000] {processor.py:208} INFO - Processing /home/airflow/.local/lib/python3.12/site-packages/airflow/example_dags/example_params_trigger_ui.py took 3.341 seconds
[2024-09-03T16:50:05.287+0000] {processor.py:186} INFO - Started process (PID=106) to work on /home/airflow/.local/lib/python3.12/site-packages/airflow/example_dags/example_params_trigger_ui.py
[2024-09-03T16:50:05.289+0000] {processor.py:914} INFO - Processing file /home/airflow/.local/lib/python3.12/site-packages/airflow/example_dags/example_params_trigger_ui.py for tasks to queue
[2024-09-03T16:50:05.301+0000] {logging_mixin.py:190} INFO - [2024-09-03T16:50:05.293+0000] {dagbag.py:587} INFO - Filling up the DagBag from /home/airflow/.local/lib/python3.12/site-packages/airflow/example_dags/example_params_trigger_ui.py
[2024-09-03T16:50:05.340+0000] {processor.py:925} INFO - DAG(s) 'example_params_trigger_ui' retrieved from /home/airflow/.local/lib/python3.12/site-packages/airflow/example_dags/example_params_trigger_ui.py
[2024-09-03T16:50:05.473+0000] {logging_mixin.py:190} INFO - [2024-09-03T16:50:05.473+0000] {dag.py:3211} INFO - Sync 1 DAGs
[2024-09-03T16:50:05.492+0000] {logging_mixin.py:190} INFO - [2024-09-03T16:50:05.492+0000] {dag.py:4138} INFO - Setting next_dagrun for example_params_trigger_ui to None, run_after=None
[2024-09-03T16:50:05.533+0000] {processor.py:208} INFO - Processing /home/airflow/.local/lib/python3.12/site-packages/airflow/example_dags/example_params_trigger_ui.py took 0.266 seconds
[2024-09-03T16:50:36.432+0000] {processor.py:186} INFO - Started process (PID=169) to work on /home/airflow/.local/lib/python3.12/site-packages/airflow/example_dags/example_params_trigger_ui.py
[2024-09-03T16:50:36.438+0000] {processor.py:914} INFO - Processing file /home/airflow/.local/lib/python3.12/site-packages/airflow/example_dags/example_params_trigger_ui.py for tasks to queue
[2024-09-03T16:50:36.443+0000] {logging_mixin.py:190} INFO - [2024-09-03T16:50:36.442+0000] {dagbag.py:587} INFO - Filling up the DagBag from /home/airflow/.local/lib/python3.12/site-packages/airflow/example_dags/example_params_trigger_ui.py
[2024-09-03T16:50:36.457+0000] {processor.py:925} INFO - DAG(s) 'example_params_trigger_ui' retrieved from /home/airflow/.local/lib/python3.12/site-packages/airflow/example_dags/example_params_trigger_ui.py
[2024-09-03T16:50:36.492+0000] {logging_mixin.py:190} INFO - [2024-09-03T16:50:36.492+0000] {dag.py:3211} INFO - Sync 1 DAGs
[2024-09-03T16:50:36.500+0000] {logging_mixin.py:190} INFO - [2024-09-03T16:50:36.500+0000] {dag.py:4138} INFO - Setting next_dagrun for example_params_trigger_ui to None, run_after=None
[2024-09-03T16:50:36.508+0000] {processor.py:208} INFO - Processing /home/airflow/.local/lib/python3.12/site-packages/airflow/example_dags/example_params_trigger_ui.py took 0.084 seconds
[2024-09-03T16:51:07.115+0000] {processor.py:186} INFO - Started process (PID=232) to work on /home/airflow/.local/lib/python3.12/site-packages/airflow/example_dags/example_params_trigger_ui.py
[2024-09-03T16:51:07.118+0000] {processor.py:914} INFO - Processing file /home/airflow/.local/lib/python3.12/site-packages/airflow/example_dags/example_params_trigger_ui.py for tasks to queue
[2024-09-03T16:51:07.123+0000] {logging_mixin.py:190} INFO - [2024-09-03T16:51:07.123+0000] {dagbag.py:587} INFO - Filling up the DagBag from /home/airflow/.local/lib/python3.12/site-packages/airflow/example_dags/example_params_trigger_ui.py
[2024-09-03T16:51:07.137+0000] {processor.py:925} INFO - DAG(s) 'example_params_trigger_ui' retrieved from /home/airflow/.local/lib/python3.12/site-packages/airflow/example_dags/example_params_trigger_ui.py
[2024-09-03T16:51:07.168+0000] {logging_mixin.py:190} INFO - [2024-09-03T16:51:07.168+0000] {dag.py:3211} INFO - Sync 1 DAGs
[2024-09-03T16:51:07.176+0000] {logging_mixin.py:190} INFO - [2024-09-03T16:51:07.176+0000] {dag.py:4138} INFO - Setting next_dagrun for example_params_trigger_ui to None, run_after=None
[2024-09-03T16:51:07.184+0000] {processor.py:208} INFO - Processing /home/airflow/.local/lib/python3.12/site-packages/airflow/example_dags/example_params_trigger_ui.py took 0.080 seconds
[2024-09-03T16:51:37.731+0000] {processor.py:186} INFO - Started process (PID=295) to work on /home/airflow/.local/lib/python3.12/site-packages/airflow/example_dags/example_params_trigger_ui.py
[2024-09-03T16:51:37.742+0000] {processor.py:914} INFO - Processing file /home/airflow/.local/lib/python3.12/site-packages/airflow/example_dags/example_params_trigger_ui.py for tasks to queue
[2024-09-03T16:51:37.747+0000] {logging_mixin.py:190} INFO - [2024-09-03T16:51:37.746+0000] {dagbag.py:587} INFO - Filling up the DagBag from /home/airflow/.local/lib/python3.12/site-packages/airflow/example_dags/example_params_trigger_ui.py
[2024-09-03T16:51:37.778+0000] {processor.py:925} INFO - DAG(s) 'example_params_trigger_ui' retrieved from /home/airflow/.local/lib/python3.12/site-packages/airflow/example_dags/example_params_trigger_ui.py
[2024-09-03T16:51:37.854+0000] {logging_mixin.py:190} INFO - [2024-09-03T16:51:37.853+0000] {dag.py:3211} INFO - Sync 1 DAGs
[2024-09-03T16:51:37.885+0000] {logging_mixin.py:190} INFO - [2024-09-03T16:51:37.885+0000] {dag.py:4138} INFO - Setting next_dagrun for example_params_trigger_ui to None, run_after=None
[2024-09-03T16:51:37.903+0000] {processor.py:208} INFO - Processing /home/airflow/.local/lib/python3.12/site-packages/airflow/example_dags/example_params_trigger_ui.py took 0.182 seconds
[2024-09-03T16:52:08.173+0000] {processor.py:186} INFO - Started process (PID=358) to work on /home/airflow/.local/lib/python3.12/site-packages/airflow/example_dags/example_params_trigger_ui.py
[2024-09-03T16:52:08.177+0000] {processor.py:914} INFO - Processing file /home/airflow/.local/lib/python3.12/site-packages/airflow/example_dags/example_params_trigger_ui.py for tasks to queue
[2024-09-03T16:52:08.181+0000] {logging_mixin.py:190} INFO - [2024-09-03T16:52:08.181+0000] {dagbag.py:587} INFO - Filling up the DagBag from /home/airflow/.local/lib/python3.12/site-packages/airflow/example_dags/example_params_trigger_ui.py
[2024-09-03T16:52:08.209+0000] {processor.py:925} INFO - DAG(s) 'example_params_trigger_ui' retrieved from /home/airflow/.local/lib/python3.12/site-packages/airflow/example_dags/example_params_trigger_ui.py
[2024-09-03T16:52:08.262+0000] {logging_mixin.py:190} INFO - [2024-09-03T16:52:08.262+0000] {dag.py:3211} INFO - Sync 1 DAGs
[2024-09-03T16:52:08.277+0000] {logging_mixin.py:190} INFO - [2024-09-03T16:52:08.277+0000] {dag.py:4138} INFO - Setting next_dagrun for example_params_trigger_ui to None, run_after=None
[2024-09-03T16:52:08.298+0000] {processor.py:208} INFO - Processing /home/airflow/.local/lib/python3.12/site-packages/airflow/example_dags/example_params_trigger_ui.py took 0.147 seconds
[2024-09-03T16:52:38.714+0000] {processor.py:186} INFO - Started process (PID=421) to work on /home/airflow/.local/lib/python3.12/site-packages/airflow/example_dags/example_params_trigger_ui.py
[2024-09-03T16:52:38.720+0000] {processor.py:914} INFO - Processing file /home/airflow/.local/lib/python3.12/site-packages/airflow/example_dags/example_params_trigger_ui.py for tasks to queue
[2024-09-03T16:52:38.741+0000] {logging_mixin.py:190} INFO - [2024-09-03T16:52:38.733+0000] {dagbag.py:587} INFO - Filling up the DagBag from /home/airflow/.local/lib/python3.12/site-packages/airflow/example_dags/example_params_trigger_ui.py
[2024-09-03T16:52:38.813+0000] {processor.py:925} INFO - DAG(s) 'example_params_trigger_ui' retrieved from /home/airflow/.local/lib/python3.12/site-packages/airflow/example_dags/example_params_trigger_ui.py
[2024-09-03T16:52:38.918+0000] {logging_mixin.py:190} INFO - [2024-09-03T16:52:38.918+0000] {dag.py:3211} INFO - Sync 1 DAGs
[2024-09-03T16:52:38.939+0000] {logging_mixin.py:190} INFO - [2024-09-03T16:52:38.939+0000] {dag.py:4138} INFO - Setting next_dagrun for example_params_trigger_ui to None, run_after=None
[2024-09-03T16:52:38.971+0000] {processor.py:208} INFO - Processing /home/airflow/.local/lib/python3.12/site-packages/airflow/example_dags/example_params_trigger_ui.py took 0.290 seconds
[2024-09-03T16:53:09.521+0000] {processor.py:186} INFO - Started process (PID=484) to work on /home/airflow/.local/lib/python3.12/site-packages/airflow/example_dags/example_params_trigger_ui.py
[2024-09-03T16:53:09.526+0000] {processor.py:914} INFO - Processing file /home/airflow/.local/lib/python3.12/site-packages/airflow/example_dags/example_params_trigger_ui.py for tasks to queue
[2024-09-03T16:53:09.539+0000] {logging_mixin.py:190} INFO - [2024-09-03T16:53:09.537+0000] {dagbag.py:587} INFO - Filling up the DagBag from /home/airflow/.local/lib/python3.12/site-packages/airflow/example_dags/example_params_trigger_ui.py
[2024-09-03T16:53:09.590+0000] {processor.py:925} INFO - DAG(s) 'example_params_trigger_ui' retrieved from /home/airflow/.local/lib/python3.12/site-packages/airflow/example_dags/example_params_trigger_ui.py
[2024-09-03T16:53:09.689+0000] {logging_mixin.py:190} INFO - [2024-09-03T16:53:09.688+0000] {dag.py:3211} INFO - Sync 1 DAGs
[2024-09-03T16:53:09.744+0000] {logging_mixin.py:190} INFO - [2024-09-03T16:53:09.743+0000] {dag.py:4138} INFO - Setting next_dagrun for example_params_trigger_ui to None, run_after=None
[2024-09-03T16:53:09.775+0000] {processor.py:208} INFO - Processing /home/airflow/.local/lib/python3.12/site-packages/airflow/example_dags/example_params_trigger_ui.py took 0.276 seconds
[2024-09-03T16:53:40.693+0000] {processor.py:186} INFO - Started process (PID=548) to work on /home/airflow/.local/lib/python3.12/site-packages/airflow/example_dags/example_params_trigger_ui.py
[2024-09-03T16:53:40.696+0000] {processor.py:914} INFO - Processing file /home/airflow/.local/lib/python3.12/site-packages/airflow/example_dags/example_params_trigger_ui.py for tasks to queue
[2024-09-03T16:53:40.700+0000] {logging_mixin.py:190} INFO - [2024-09-03T16:53:40.699+0000] {dagbag.py:587} INFO - Filling up the DagBag from /home/airflow/.local/lib/python3.12/site-packages/airflow/example_dags/example_params_trigger_ui.py
[2024-09-03T16:53:40.716+0000] {processor.py:925} INFO - DAG(s) 'example_params_trigger_ui' retrieved from /home/airflow/.local/lib/python3.12/site-packages/airflow/example_dags/example_params_trigger_ui.py
[2024-09-03T16:53:40.848+0000] {logging_mixin.py:190} INFO - [2024-09-03T16:53:40.848+0000] {dag.py:3211} INFO - Sync 1 DAGs
[2024-09-03T16:53:40.911+0000] {logging_mixin.py:190} INFO - [2024-09-03T16:53:40.911+0000] {dag.py:4138} INFO - Setting next_dagrun for example_params_trigger_ui to None, run_after=None
[2024-09-03T16:53:40.961+0000] {processor.py:208} INFO - Processing /home/airflow/.local/lib/python3.12/site-packages/airflow/example_dags/example_params_trigger_ui.py took 0.283 seconds
[2024-09-03T16:54:11.801+0000] {processor.py:186} INFO - Started process (PID=611) to work on /home/airflow/.local/lib/python3.12/site-packages/airflow/example_dags/example_params_trigger_ui.py
[2024-09-03T16:54:11.804+0000] {processor.py:914} INFO - Processing file /home/airflow/.local/lib/python3.12/site-packages/airflow/example_dags/example_params_trigger_ui.py for tasks to queue
[2024-09-03T16:54:11.809+0000] {logging_mixin.py:190} INFO - [2024-09-03T16:54:11.808+0000] {dagbag.py:587} INFO - Filling up the DagBag from /home/airflow/.local/lib/python3.12/site-packages/airflow/example_dags/example_params_trigger_ui.py
[2024-09-03T16:54:11.848+0000] {processor.py:925} INFO - DAG(s) 'example_params_trigger_ui' retrieved from /home/airflow/.local/lib/python3.12/site-packages/airflow/example_dags/example_params_trigger_ui.py
[2024-09-03T16:54:11.907+0000] {logging_mixin.py:190} INFO - [2024-09-03T16:54:11.907+0000] {dag.py:3211} INFO - Sync 1 DAGs
[2024-09-03T16:54:11.923+0000] {logging_mixin.py:190} INFO - [2024-09-03T16:54:11.923+0000] {dag.py:4138} INFO - Setting next_dagrun for example_params_trigger_ui to None, run_after=None
[2024-09-03T16:54:11.938+0000] {processor.py:208} INFO - Processing /home/airflow/.local/lib/python3.12/site-packages/airflow/example_dags/example_params_trigger_ui.py took 0.147 seconds
[2024-09-03T16:54:42.146+0000] {processor.py:186} INFO - Started process (PID=674) to work on /home/airflow/.local/lib/python3.12/site-packages/airflow/example_dags/example_params_trigger_ui.py
[2024-09-03T16:54:42.149+0000] {processor.py:914} INFO - Processing file /home/airflow/.local/lib/python3.12/site-packages/airflow/example_dags/example_params_trigger_ui.py for tasks to queue
[2024-09-03T16:54:42.155+0000] {logging_mixin.py:190} INFO - [2024-09-03T16:54:42.154+0000] {dagbag.py:587} INFO - Filling up the DagBag from /home/airflow/.local/lib/python3.12/site-packages/airflow/example_dags/example_params_trigger_ui.py
[2024-09-03T16:54:42.174+0000] {processor.py:925} INFO - DAG(s) 'example_params_trigger_ui' retrieved from /home/airflow/.local/lib/python3.12/site-packages/airflow/example_dags/example_params_trigger_ui.py
[2024-09-03T16:54:42.229+0000] {logging_mixin.py:190} INFO - [2024-09-03T16:54:42.229+0000] {dag.py:3211} INFO - Sync 1 DAGs
[2024-09-03T16:54:42.243+0000] {logging_mixin.py:190} INFO - [2024-09-03T16:54:42.243+0000] {dag.py:4138} INFO - Setting next_dagrun for example_params_trigger_ui to None, run_after=None
[2024-09-03T16:54:42.256+0000] {processor.py:208} INFO - Processing /home/airflow/.local/lib/python3.12/site-packages/airflow/example_dags/example_params_trigger_ui.py took 0.120 seconds
[2024-09-03T16:55:12.352+0000] {processor.py:186} INFO - Started process (PID=737) to work on /home/airflow/.local/lib/python3.12/site-packages/airflow/example_dags/example_params_trigger_ui.py
[2024-09-03T16:55:12.354+0000] {processor.py:914} INFO - Processing file /home/airflow/.local/lib/python3.12/site-packages/airflow/example_dags/example_params_trigger_ui.py for tasks to queue
[2024-09-03T16:55:12.357+0000] {logging_mixin.py:190} INFO - [2024-09-03T16:55:12.357+0000] {dagbag.py:587} INFO - Filling up the DagBag from /home/airflow/.local/lib/python3.12/site-packages/airflow/example_dags/example_params_trigger_ui.py
[2024-09-03T16:55:12.370+0000] {processor.py:925} INFO - DAG(s) 'example_params_trigger_ui' retrieved from /home/airflow/.local/lib/python3.12/site-packages/airflow/example_dags/example_params_trigger_ui.py
[2024-09-03T16:55:12.417+0000] {logging_mixin.py:190} INFO - [2024-09-03T16:55:12.417+0000] {dag.py:3211} INFO - Sync 1 DAGs
[2024-09-03T16:55:12.432+0000] {logging_mixin.py:190} INFO - [2024-09-03T16:55:12.432+0000] {dag.py:4138} INFO - Setting next_dagrun for example_params_trigger_ui to None, run_after=None
[2024-09-03T16:55:12.447+0000] {processor.py:208} INFO - Processing /home/airflow/.local/lib/python3.12/site-packages/airflow/example_dags/example_params_trigger_ui.py took 0.101 seconds
[2024-09-03T16:55:42.486+0000] {processor.py:186} INFO - Started process (PID=800) to work on /home/airflow/.local/lib/python3.12/site-packages/airflow/example_dags/example_params_trigger_ui.py
[2024-09-03T16:55:42.487+0000] {processor.py:914} INFO - Processing file /home/airflow/.local/lib/python3.12/site-packages/airflow/example_dags/example_params_trigger_ui.py for tasks to queue
[2024-09-03T16:55:42.489+0000] {logging_mixin.py:190} INFO - [2024-09-03T16:55:42.489+0000] {dagbag.py:587} INFO - Filling up the DagBag from /home/airflow/.local/lib/python3.12/site-packages/airflow/example_dags/example_params_trigger_ui.py
[2024-09-03T16:55:42.497+0000] {processor.py:925} INFO - DAG(s) 'example_params_trigger_ui' retrieved from /home/airflow/.local/lib/python3.12/site-packages/airflow/example_dags/example_params_trigger_ui.py
[2024-09-03T16:55:42.526+0000] {logging_mixin.py:190} INFO - [2024-09-03T16:55:42.525+0000] {dag.py:3211} INFO - Sync 1 DAGs
[2024-09-03T16:55:42.534+0000] {logging_mixin.py:190} INFO - [2024-09-03T16:55:42.534+0000] {dag.py:4138} INFO - Setting next_dagrun for example_params_trigger_ui to None, run_after=None
[2024-09-03T16:55:42.545+0000] {processor.py:208} INFO - Processing /home/airflow/.local/lib/python3.12/site-packages/airflow/example_dags/example_params_trigger_ui.py took 0.063 seconds
[2024-09-03T16:56:12.742+0000] {processor.py:186} INFO - Started process (PID=857) to work on /home/airflow/.local/lib/python3.12/site-packages/airflow/example_dags/example_params_trigger_ui.py
[2024-09-03T16:56:12.744+0000] {processor.py:914} INFO - Processing file /home/airflow/.local/lib/python3.12/site-packages/airflow/example_dags/example_params_trigger_ui.py for tasks to queue
[2024-09-03T16:56:12.747+0000] {logging_mixin.py:190} INFO - [2024-09-03T16:56:12.747+0000] {dagbag.py:587} INFO - Filling up the DagBag from /home/airflow/.local/lib/python3.12/site-packages/airflow/example_dags/example_params_trigger_ui.py
[2024-09-03T16:56:12.757+0000] {processor.py:925} INFO - DAG(s) 'example_params_trigger_ui' retrieved from /home/airflow/.local/lib/python3.12/site-packages/airflow/example_dags/example_params_trigger_ui.py
[2024-09-03T16:56:12.801+0000] {logging_mixin.py:190} INFO - [2024-09-03T16:56:12.801+0000] {dag.py:3211} INFO - Sync 1 DAGs
[2024-09-03T16:56:12.820+0000] {logging_mixin.py:190} INFO - [2024-09-03T16:56:12.819+0000] {dag.py:4138} INFO - Setting next_dagrun for example_params_trigger_ui to None, run_after=None
[2024-09-03T16:56:12.847+0000] {processor.py:208} INFO - Processing /home/airflow/.local/lib/python3.12/site-packages/airflow/example_dags/example_params_trigger_ui.py took 0.127 seconds
[2024-09-03T16:56:42.925+0000] {processor.py:186} INFO - Started process (PID=920) to work on /home/airflow/.local/lib/python3.12/site-packages/airflow/example_dags/example_params_trigger_ui.py
[2024-09-03T16:56:42.926+0000] {processor.py:914} INFO - Processing file /home/airflow/.local/lib/python3.12/site-packages/airflow/example_dags/example_params_trigger_ui.py for tasks to queue
[2024-09-03T16:56:42.928+0000] {logging_mixin.py:190} INFO - [2024-09-03T16:56:42.928+0000] {dagbag.py:587} INFO - Filling up the DagBag from /home/airflow/.local/lib/python3.12/site-packages/airflow/example_dags/example_params_trigger_ui.py
[2024-09-03T16:56:42.936+0000] {processor.py:925} INFO - DAG(s) 'example_params_trigger_ui' retrieved from /home/airflow/.local/lib/python3.12/site-packages/airflow/example_dags/example_params_trigger_ui.py
[2024-09-03T16:56:42.973+0000] {logging_mixin.py:190} INFO - [2024-09-03T16:56:42.973+0000] {dag.py:3211} INFO - Sync 1 DAGs
[2024-09-03T16:56:42.984+0000] {logging_mixin.py:190} INFO - [2024-09-03T16:56:42.984+0000] {dag.py:4138} INFO - Setting next_dagrun for example_params_trigger_ui to None, run_after=None
[2024-09-03T16:56:43.000+0000] {processor.py:208} INFO - Processing /home/airflow/.local/lib/python3.12/site-packages/airflow/example_dags/example_params_trigger_ui.py took 0.081 seconds
[2024-09-03T16:57:13.766+0000] {processor.py:186} INFO - Started process (PID=984) to work on /home/airflow/.local/lib/python3.12/site-packages/airflow/example_dags/example_params_trigger_ui.py
[2024-09-03T16:57:13.767+0000] {processor.py:914} INFO - Processing file /home/airflow/.local/lib/python3.12/site-packages/airflow/example_dags/example_params_trigger_ui.py for tasks to queue
[2024-09-03T16:57:13.769+0000] {logging_mixin.py:190} INFO - [2024-09-03T16:57:13.769+0000] {dagbag.py:587} INFO - Filling up the DagBag from /home/airflow/.local/lib/python3.12/site-packages/airflow/example_dags/example_params_trigger_ui.py
[2024-09-03T16:57:13.781+0000] {processor.py:925} INFO - DAG(s) 'example_params_trigger_ui' retrieved from /home/airflow/.local/lib/python3.12/site-packages/airflow/example_dags/example_params_trigger_ui.py
[2024-09-03T16:57:13.809+0000] {logging_mixin.py:190} INFO - [2024-09-03T16:57:13.809+0000] {dag.py:3211} INFO - Sync 1 DAGs
[2024-09-03T16:57:13.831+0000] {logging_mixin.py:190} INFO - [2024-09-03T16:57:13.830+0000] {dag.py:4138} INFO - Setting next_dagrun for example_params_trigger_ui to None, run_after=None
[2024-09-03T16:57:13.845+0000] {processor.py:208} INFO - Processing /home/airflow/.local/lib/python3.12/site-packages/airflow/example_dags/example_params_trigger_ui.py took 0.087 seconds
[2024-09-03T16:57:44.136+0000] {processor.py:186} INFO - Started process (PID=1047) to work on /home/airflow/.local/lib/python3.12/site-packages/airflow/example_dags/example_params_trigger_ui.py
[2024-09-03T16:57:44.137+0000] {processor.py:914} INFO - Processing file /home/airflow/.local/lib/python3.12/site-packages/airflow/example_dags/example_params_trigger_ui.py for tasks to queue
[2024-09-03T16:57:44.139+0000] {logging_mixin.py:190} INFO - [2024-09-03T16:57:44.139+0000] {dagbag.py:587} INFO - Filling up the DagBag from /home/airflow/.local/lib/python3.12/site-packages/airflow/example_dags/example_params_trigger_ui.py
[2024-09-03T16:57:44.148+0000] {processor.py:925} INFO - DAG(s) 'example_params_trigger_ui' retrieved from /home/airflow/.local/lib/python3.12/site-packages/airflow/example_dags/example_params_trigger_ui.py
[2024-09-03T16:57:44.188+0000] {logging_mixin.py:190} INFO - [2024-09-03T16:57:44.188+0000] {dag.py:3211} INFO - Sync 1 DAGs
[2024-09-03T16:57:44.198+0000] {logging_mixin.py:190} INFO - [2024-09-03T16:57:44.198+0000] {dag.py:4138} INFO - Setting next_dagrun for example_params_trigger_ui to None, run_after=None
[2024-09-03T16:57:44.210+0000] {processor.py:208} INFO - Processing /home/airflow/.local/lib/python3.12/site-packages/airflow/example_dags/example_params_trigger_ui.py took 0.078 seconds
[2024-09-03T16:58:15.214+0000] {processor.py:186} INFO - Started process (PID=1110) to work on /home/airflow/.local/lib/python3.12/site-packages/airflow/example_dags/example_params_trigger_ui.py
[2024-09-03T16:58:15.216+0000] {processor.py:914} INFO - Processing file /home/airflow/.local/lib/python3.12/site-packages/airflow/example_dags/example_params_trigger_ui.py for tasks to queue
[2024-09-03T16:58:15.220+0000] {logging_mixin.py:190} INFO - [2024-09-03T16:58:15.220+0000] {dagbag.py:587} INFO - Filling up the DagBag from /home/airflow/.local/lib/python3.12/site-packages/airflow/example_dags/example_params_trigger_ui.py
[2024-09-03T16:58:15.241+0000] {processor.py:925} INFO - DAG(s) 'example_params_trigger_ui' retrieved from /home/airflow/.local/lib/python3.12/site-packages/airflow/example_dags/example_params_trigger_ui.py
[2024-09-03T16:58:15.274+0000] {logging_mixin.py:190} INFO - [2024-09-03T16:58:15.274+0000] {dag.py:3211} INFO - Sync 1 DAGs
[2024-09-03T16:58:15.284+0000] {logging_mixin.py:190} INFO - [2024-09-03T16:58:15.284+0000] {dag.py:4138} INFO - Setting next_dagrun for example_params_trigger_ui to None, run_after=None
[2024-09-03T16:58:15.294+0000] {processor.py:208} INFO - Processing /home/airflow/.local/lib/python3.12/site-packages/airflow/example_dags/example_params_trigger_ui.py took 0.086 seconds
