[2024-09-03T16:49:50.572+0000] {processor.py:186} INFO - Started process (PID=69) to work on /home/airflow/.local/lib/python3.12/site-packages/airflow/example_dags/example_latest_only.py
[2024-09-03T16:49:50.585+0000] {processor.py:914} INFO - Processing file /home/airflow/.local/lib/python3.12/site-packages/airflow/example_dags/example_latest_only.py for tasks to queue
[2024-09-03T16:49:50.604+0000] {logging_mixin.py:190} INFO - [2024-09-03T16:49:50.599+0000] {dagbag.py:587} INFO - Filling up the DagBag from /home/airflow/.local/lib/python3.12/site-packages/airflow/example_dags/example_latest_only.py
[2024-09-03T16:49:50.773+0000] {processor.py:925} INFO - DAG(s) 'latest_only' retrieved from /home/airflow/.local/lib/python3.12/site-packages/airflow/example_dags/example_latest_only.py
[2024-09-03T16:49:52.254+0000] {logging_mixin.py:190} INFO - [2024-09-03T16:49:52.229+0000] {override.py:1858} INFO - Created Permission View: can delete on DAG:latest_only
[2024-09-03T16:49:52.303+0000] {logging_mixin.py:190} INFO - [2024-09-03T16:49:52.302+0000] {override.py:1858} INFO - Created Permission View: can edit on DAG:latest_only
[2024-09-03T16:49:52.322+0000] {logging_mixin.py:190} INFO - [2024-09-03T16:49:52.321+0000] {override.py:1858} INFO - Created Permission View: can read on DAG:latest_only
[2024-09-03T16:49:52.325+0000] {logging_mixin.py:190} INFO - [2024-09-03T16:49:52.325+0000] {dag.py:3211} INFO - Sync 1 DAGs
[2024-09-03T16:49:52.440+0000] {logging_mixin.py:190} INFO - [2024-09-03T16:49:52.439+0000] {dag.py:3234} INFO - Creating ORM DAG for latest_only
[2024-09-03T16:49:52.508+0000] {logging_mixin.py:190} INFO - [2024-09-03T16:49:52.508+0000] {dag.py:4138} INFO - Setting next_dagrun for latest_only to 2024-09-03 12:00:00+00:00, run_after=2024-09-03 16:00:00+00:00
[2024-09-03T16:49:52.604+0000] {processor.py:208} INFO - Processing /home/airflow/.local/lib/python3.12/site-packages/airflow/example_dags/example_latest_only.py took 2.082 seconds
[2024-09-03T16:50:23.158+0000] {processor.py:186} INFO - Started process (PID=132) to work on /home/airflow/.local/lib/python3.12/site-packages/airflow/example_dags/example_latest_only.py
[2024-09-03T16:50:23.159+0000] {processor.py:914} INFO - Processing file /home/airflow/.local/lib/python3.12/site-packages/airflow/example_dags/example_latest_only.py for tasks to queue
[2024-09-03T16:50:23.161+0000] {logging_mixin.py:190} INFO - [2024-09-03T16:50:23.161+0000] {dagbag.py:587} INFO - Filling up the DagBag from /home/airflow/.local/lib/python3.12/site-packages/airflow/example_dags/example_latest_only.py
[2024-09-03T16:50:23.168+0000] {processor.py:925} INFO - DAG(s) 'latest_only' retrieved from /home/airflow/.local/lib/python3.12/site-packages/airflow/example_dags/example_latest_only.py
[2024-09-03T16:50:23.188+0000] {logging_mixin.py:190} INFO - [2024-09-03T16:50:23.188+0000] {dag.py:3211} INFO - Sync 1 DAGs
[2024-09-03T16:50:23.209+0000] {logging_mixin.py:190} INFO - [2024-09-03T16:50:23.209+0000] {dag.py:4138} INFO - Setting next_dagrun for latest_only to 2024-09-03 12:00:00+00:00, run_after=2024-09-03 16:00:00+00:00
[2024-09-03T16:50:23.225+0000] {processor.py:208} INFO - Processing /home/airflow/.local/lib/python3.12/site-packages/airflow/example_dags/example_latest_only.py took 0.073 seconds
[2024-09-03T16:50:53.852+0000] {processor.py:186} INFO - Started process (PID=195) to work on /home/airflow/.local/lib/python3.12/site-packages/airflow/example_dags/example_latest_only.py
[2024-09-03T16:50:53.853+0000] {processor.py:914} INFO - Processing file /home/airflow/.local/lib/python3.12/site-packages/airflow/example_dags/example_latest_only.py for tasks to queue
[2024-09-03T16:50:53.856+0000] {logging_mixin.py:190} INFO - [2024-09-03T16:50:53.856+0000] {dagbag.py:587} INFO - Filling up the DagBag from /home/airflow/.local/lib/python3.12/site-packages/airflow/example_dags/example_latest_only.py
[2024-09-03T16:50:53.868+0000] {processor.py:925} INFO - DAG(s) 'latest_only' retrieved from /home/airflow/.local/lib/python3.12/site-packages/airflow/example_dags/example_latest_only.py
[2024-09-03T16:50:53.897+0000] {logging_mixin.py:190} INFO - [2024-09-03T16:50:53.896+0000] {dag.py:3211} INFO - Sync 1 DAGs
[2024-09-03T16:50:53.926+0000] {logging_mixin.py:190} INFO - [2024-09-03T16:50:53.926+0000] {dag.py:4138} INFO - Setting next_dagrun for latest_only to 2024-09-03 12:00:00+00:00, run_after=2024-09-03 16:00:00+00:00
[2024-09-03T16:50:53.940+0000] {processor.py:208} INFO - Processing /home/airflow/.local/lib/python3.12/site-packages/airflow/example_dags/example_latest_only.py took 0.117 seconds
[2024-09-03T16:51:24.160+0000] {processor.py:186} INFO - Started process (PID=258) to work on /home/airflow/.local/lib/python3.12/site-packages/airflow/example_dags/example_latest_only.py
[2024-09-03T16:51:24.162+0000] {processor.py:914} INFO - Processing file /home/airflow/.local/lib/python3.12/site-packages/airflow/example_dags/example_latest_only.py for tasks to queue
[2024-09-03T16:51:24.169+0000] {logging_mixin.py:190} INFO - [2024-09-03T16:51:24.168+0000] {dagbag.py:587} INFO - Filling up the DagBag from /home/airflow/.local/lib/python3.12/site-packages/airflow/example_dags/example_latest_only.py
[2024-09-03T16:51:24.194+0000] {processor.py:925} INFO - DAG(s) 'latest_only' retrieved from /home/airflow/.local/lib/python3.12/site-packages/airflow/example_dags/example_latest_only.py
[2024-09-03T16:51:24.252+0000] {logging_mixin.py:190} INFO - [2024-09-03T16:51:24.252+0000] {dag.py:3211} INFO - Sync 1 DAGs
[2024-09-03T16:51:24.288+0000] {logging_mixin.py:190} INFO - [2024-09-03T16:51:24.288+0000] {dag.py:4138} INFO - Setting next_dagrun for latest_only to 2024-09-03 12:00:00+00:00, run_after=2024-09-03 16:00:00+00:00
[2024-09-03T16:51:24.307+0000] {processor.py:208} INFO - Processing /home/airflow/.local/lib/python3.12/site-packages/airflow/example_dags/example_latest_only.py took 0.155 seconds
[2024-09-03T16:51:55.638+0000] {processor.py:186} INFO - Started process (PID=327) to work on /home/airflow/.local/lib/python3.12/site-packages/airflow/example_dags/example_latest_only.py
[2024-09-03T16:51:55.648+0000] {processor.py:914} INFO - Processing file /home/airflow/.local/lib/python3.12/site-packages/airflow/example_dags/example_latest_only.py for tasks to queue
[2024-09-03T16:51:55.662+0000] {logging_mixin.py:190} INFO - [2024-09-03T16:51:55.660+0000] {dagbag.py:587} INFO - Filling up the DagBag from /home/airflow/.local/lib/python3.12/site-packages/airflow/example_dags/example_latest_only.py
[2024-09-03T16:51:55.954+0000] {processor.py:925} INFO - DAG(s) 'latest_only' retrieved from /home/airflow/.local/lib/python3.12/site-packages/airflow/example_dags/example_latest_only.py
[2024-09-03T16:51:56.555+0000] {logging_mixin.py:190} INFO - [2024-09-03T16:51:56.548+0000] {dag.py:3211} INFO - Sync 1 DAGs
[2024-09-03T16:51:57.012+0000] {logging_mixin.py:190} INFO - [2024-09-03T16:51:57.011+0000] {dag.py:4138} INFO - Setting next_dagrun for latest_only to 2024-09-03 12:00:00+00:00, run_after=2024-09-03 16:00:00+00:00
[2024-09-03T16:51:57.083+0000] {processor.py:208} INFO - Processing /home/airflow/.local/lib/python3.12/site-packages/airflow/example_dags/example_latest_only.py took 1.774 seconds
[2024-09-03T16:52:27.465+0000] {processor.py:186} INFO - Started process (PID=390) to work on /home/airflow/.local/lib/python3.12/site-packages/airflow/example_dags/example_latest_only.py
[2024-09-03T16:52:27.470+0000] {processor.py:914} INFO - Processing file /home/airflow/.local/lib/python3.12/site-packages/airflow/example_dags/example_latest_only.py for tasks to queue
[2024-09-03T16:52:27.485+0000] {logging_mixin.py:190} INFO - [2024-09-03T16:52:27.484+0000] {dagbag.py:587} INFO - Filling up the DagBag from /home/airflow/.local/lib/python3.12/site-packages/airflow/example_dags/example_latest_only.py
[2024-09-03T16:52:27.506+0000] {processor.py:925} INFO - DAG(s) 'latest_only' retrieved from /home/airflow/.local/lib/python3.12/site-packages/airflow/example_dags/example_latest_only.py
[2024-09-03T16:52:27.606+0000] {logging_mixin.py:190} INFO - [2024-09-03T16:52:27.605+0000] {dag.py:3211} INFO - Sync 1 DAGs
[2024-09-03T16:52:27.648+0000] {logging_mixin.py:190} INFO - [2024-09-03T16:52:27.647+0000] {dag.py:4138} INFO - Setting next_dagrun for latest_only to 2024-09-03 12:00:00+00:00, run_after=2024-09-03 16:00:00+00:00
[2024-09-03T16:52:27.674+0000] {processor.py:208} INFO - Processing /home/airflow/.local/lib/python3.12/site-packages/airflow/example_dags/example_latest_only.py took 0.220 seconds
[2024-09-03T16:52:58.728+0000] {processor.py:186} INFO - Started process (PID=453) to work on /home/airflow/.local/lib/python3.12/site-packages/airflow/example_dags/example_latest_only.py
[2024-09-03T16:52:58.731+0000] {processor.py:914} INFO - Processing file /home/airflow/.local/lib/python3.12/site-packages/airflow/example_dags/example_latest_only.py for tasks to queue
[2024-09-03T16:52:58.735+0000] {logging_mixin.py:190} INFO - [2024-09-03T16:52:58.735+0000] {dagbag.py:587} INFO - Filling up the DagBag from /home/airflow/.local/lib/python3.12/site-packages/airflow/example_dags/example_latest_only.py
[2024-09-03T16:52:58.762+0000] {processor.py:925} INFO - DAG(s) 'latest_only' retrieved from /home/airflow/.local/lib/python3.12/site-packages/airflow/example_dags/example_latest_only.py
[2024-09-03T16:52:58.806+0000] {logging_mixin.py:190} INFO - [2024-09-03T16:52:58.806+0000] {dag.py:3211} INFO - Sync 1 DAGs
[2024-09-03T16:52:58.844+0000] {logging_mixin.py:190} INFO - [2024-09-03T16:52:58.844+0000] {dag.py:4138} INFO - Setting next_dagrun for latest_only to 2024-09-03 12:00:00+00:00, run_after=2024-09-03 16:00:00+00:00
[2024-09-03T16:52:58.866+0000] {processor.py:208} INFO - Processing /home/airflow/.local/lib/python3.12/site-packages/airflow/example_dags/example_latest_only.py took 0.147 seconds
[2024-09-03T16:53:29.536+0000] {processor.py:186} INFO - Started process (PID=517) to work on /home/airflow/.local/lib/python3.12/site-packages/airflow/example_dags/example_latest_only.py
[2024-09-03T16:53:29.542+0000] {processor.py:914} INFO - Processing file /home/airflow/.local/lib/python3.12/site-packages/airflow/example_dags/example_latest_only.py for tasks to queue
[2024-09-03T16:53:29.549+0000] {logging_mixin.py:190} INFO - [2024-09-03T16:53:29.548+0000] {dagbag.py:587} INFO - Filling up the DagBag from /home/airflow/.local/lib/python3.12/site-packages/airflow/example_dags/example_latest_only.py
[2024-09-03T16:53:29.573+0000] {processor.py:925} INFO - DAG(s) 'latest_only' retrieved from /home/airflow/.local/lib/python3.12/site-packages/airflow/example_dags/example_latest_only.py
[2024-09-03T16:53:29.609+0000] {logging_mixin.py:190} INFO - [2024-09-03T16:53:29.609+0000] {dag.py:3211} INFO - Sync 1 DAGs
[2024-09-03T16:53:29.639+0000] {logging_mixin.py:190} INFO - [2024-09-03T16:53:29.639+0000] {dag.py:4138} INFO - Setting next_dagrun for latest_only to 2024-09-03 12:00:00+00:00, run_after=2024-09-03 16:00:00+00:00
[2024-09-03T16:53:29.650+0000] {processor.py:208} INFO - Processing /home/airflow/.local/lib/python3.12/site-packages/airflow/example_dags/example_latest_only.py took 0.138 seconds
[2024-09-03T16:54:00.050+0000] {processor.py:186} INFO - Started process (PID=580) to work on /home/airflow/.local/lib/python3.12/site-packages/airflow/example_dags/example_latest_only.py
[2024-09-03T16:54:00.065+0000] {processor.py:914} INFO - Processing file /home/airflow/.local/lib/python3.12/site-packages/airflow/example_dags/example_latest_only.py for tasks to queue
[2024-09-03T16:54:00.074+0000] {logging_mixin.py:190} INFO - [2024-09-03T16:54:00.073+0000] {dagbag.py:587} INFO - Filling up the DagBag from /home/airflow/.local/lib/python3.12/site-packages/airflow/example_dags/example_latest_only.py
[2024-09-03T16:54:00.115+0000] {processor.py:925} INFO - DAG(s) 'latest_only' retrieved from /home/airflow/.local/lib/python3.12/site-packages/airflow/example_dags/example_latest_only.py
[2024-09-03T16:54:00.151+0000] {logging_mixin.py:190} INFO - [2024-09-03T16:54:00.151+0000] {dag.py:3211} INFO - Sync 1 DAGs
[2024-09-03T16:54:00.199+0000] {logging_mixin.py:190} INFO - [2024-09-03T16:54:00.198+0000] {dag.py:4138} INFO - Setting next_dagrun for latest_only to 2024-09-03 12:00:00+00:00, run_after=2024-09-03 16:00:00+00:00
[2024-09-03T16:54:00.213+0000] {processor.py:208} INFO - Processing /home/airflow/.local/lib/python3.12/site-packages/airflow/example_dags/example_latest_only.py took 0.203 seconds
[2024-09-03T16:54:30.779+0000] {processor.py:186} INFO - Started process (PID=643) to work on /home/airflow/.local/lib/python3.12/site-packages/airflow/example_dags/example_latest_only.py
[2024-09-03T16:54:30.782+0000] {processor.py:914} INFO - Processing file /home/airflow/.local/lib/python3.12/site-packages/airflow/example_dags/example_latest_only.py for tasks to queue
[2024-09-03T16:54:30.786+0000] {logging_mixin.py:190} INFO - [2024-09-03T16:54:30.785+0000] {dagbag.py:587} INFO - Filling up the DagBag from /home/airflow/.local/lib/python3.12/site-packages/airflow/example_dags/example_latest_only.py
[2024-09-03T16:54:30.796+0000] {processor.py:925} INFO - DAG(s) 'latest_only' retrieved from /home/airflow/.local/lib/python3.12/site-packages/airflow/example_dags/example_latest_only.py
[2024-09-03T16:54:30.849+0000] {logging_mixin.py:190} INFO - [2024-09-03T16:54:30.849+0000] {dag.py:3211} INFO - Sync 1 DAGs
[2024-09-03T16:54:30.886+0000] {logging_mixin.py:190} INFO - [2024-09-03T16:54:30.886+0000] {dag.py:4138} INFO - Setting next_dagrun for latest_only to 2024-09-03 12:00:00+00:00, run_after=2024-09-03 16:00:00+00:00
[2024-09-03T16:54:30.898+0000] {processor.py:208} INFO - Processing /home/airflow/.local/lib/python3.12/site-packages/airflow/example_dags/example_latest_only.py took 0.138 seconds
[2024-09-03T16:55:01.676+0000] {processor.py:186} INFO - Started process (PID=706) to work on /home/airflow/.local/lib/python3.12/site-packages/airflow/example_dags/example_latest_only.py
[2024-09-03T16:55:01.684+0000] {processor.py:914} INFO - Processing file /home/airflow/.local/lib/python3.12/site-packages/airflow/example_dags/example_latest_only.py for tasks to queue
[2024-09-03T16:55:01.692+0000] {logging_mixin.py:190} INFO - [2024-09-03T16:55:01.692+0000] {dagbag.py:587} INFO - Filling up the DagBag from /home/airflow/.local/lib/python3.12/site-packages/airflow/example_dags/example_latest_only.py
[2024-09-03T16:55:01.708+0000] {processor.py:925} INFO - DAG(s) 'latest_only' retrieved from /home/airflow/.local/lib/python3.12/site-packages/airflow/example_dags/example_latest_only.py
[2024-09-03T16:55:01.743+0000] {logging_mixin.py:190} INFO - [2024-09-03T16:55:01.743+0000] {dag.py:3211} INFO - Sync 1 DAGs
[2024-09-03T16:55:01.783+0000] {logging_mixin.py:190} INFO - [2024-09-03T16:55:01.783+0000] {dag.py:4138} INFO - Setting next_dagrun for latest_only to 2024-09-03 12:00:00+00:00, run_after=2024-09-03 16:00:00+00:00
[2024-09-03T16:55:01.801+0000] {processor.py:208} INFO - Processing /home/airflow/.local/lib/python3.12/site-packages/airflow/example_dags/example_latest_only.py took 0.139 seconds
[2024-09-03T16:55:31.895+0000] {processor.py:186} INFO - Started process (PID=769) to work on /home/airflow/.local/lib/python3.12/site-packages/airflow/example_dags/example_latest_only.py
[2024-09-03T16:55:31.897+0000] {processor.py:914} INFO - Processing file /home/airflow/.local/lib/python3.12/site-packages/airflow/example_dags/example_latest_only.py for tasks to queue
[2024-09-03T16:55:31.901+0000] {logging_mixin.py:190} INFO - [2024-09-03T16:55:31.900+0000] {dagbag.py:587} INFO - Filling up the DagBag from /home/airflow/.local/lib/python3.12/site-packages/airflow/example_dags/example_latest_only.py
[2024-09-03T16:55:31.910+0000] {processor.py:925} INFO - DAG(s) 'latest_only' retrieved from /home/airflow/.local/lib/python3.12/site-packages/airflow/example_dags/example_latest_only.py
[2024-09-03T16:55:31.928+0000] {logging_mixin.py:190} INFO - [2024-09-03T16:55:31.927+0000] {dag.py:3211} INFO - Sync 1 DAGs
[2024-09-03T16:55:31.949+0000] {logging_mixin.py:190} INFO - [2024-09-03T16:55:31.949+0000] {dag.py:4138} INFO - Setting next_dagrun for latest_only to 2024-09-03 12:00:00+00:00, run_after=2024-09-03 16:00:00+00:00
[2024-09-03T16:55:31.971+0000] {processor.py:208} INFO - Processing /home/airflow/.local/lib/python3.12/site-packages/airflow/example_dags/example_latest_only.py took 0.084 seconds
[2024-09-03T16:56:02.655+0000] {processor.py:186} INFO - Started process (PID=832) to work on /home/airflow/.local/lib/python3.12/site-packages/airflow/example_dags/example_latest_only.py
[2024-09-03T16:56:02.660+0000] {processor.py:914} INFO - Processing file /home/airflow/.local/lib/python3.12/site-packages/airflow/example_dags/example_latest_only.py for tasks to queue
[2024-09-03T16:56:02.683+0000] {logging_mixin.py:190} INFO - [2024-09-03T16:56:02.681+0000] {dagbag.py:587} INFO - Filling up the DagBag from /home/airflow/.local/lib/python3.12/site-packages/airflow/example_dags/example_latest_only.py
[2024-09-03T16:56:02.703+0000] {processor.py:925} INFO - DAG(s) 'latest_only' retrieved from /home/airflow/.local/lib/python3.12/site-packages/airflow/example_dags/example_latest_only.py
[2024-09-03T16:56:02.750+0000] {logging_mixin.py:190} INFO - [2024-09-03T16:56:02.749+0000] {dag.py:3211} INFO - Sync 1 DAGs
[2024-09-03T16:56:02.772+0000] {logging_mixin.py:190} INFO - [2024-09-03T16:56:02.772+0000] {dag.py:4138} INFO - Setting next_dagrun for latest_only to 2024-09-03 12:00:00+00:00, run_after=2024-09-03 16:00:00+00:00
[2024-09-03T16:56:02.794+0000] {processor.py:208} INFO - Processing /home/airflow/.local/lib/python3.12/site-packages/airflow/example_dags/example_latest_only.py took 0.155 seconds
[2024-09-03T16:56:33.674+0000] {processor.py:186} INFO - Started process (PID=895) to work on /home/airflow/.local/lib/python3.12/site-packages/airflow/example_dags/example_latest_only.py
[2024-09-03T16:56:33.678+0000] {processor.py:914} INFO - Processing file /home/airflow/.local/lib/python3.12/site-packages/airflow/example_dags/example_latest_only.py for tasks to queue
[2024-09-03T16:56:33.684+0000] {logging_mixin.py:190} INFO - [2024-09-03T16:56:33.683+0000] {dagbag.py:587} INFO - Filling up the DagBag from /home/airflow/.local/lib/python3.12/site-packages/airflow/example_dags/example_latest_only.py
[2024-09-03T16:56:33.698+0000] {processor.py:925} INFO - DAG(s) 'latest_only' retrieved from /home/airflow/.local/lib/python3.12/site-packages/airflow/example_dags/example_latest_only.py
[2024-09-03T16:56:33.743+0000] {logging_mixin.py:190} INFO - [2024-09-03T16:56:33.742+0000] {dag.py:3211} INFO - Sync 1 DAGs
[2024-09-03T16:56:33.770+0000] {logging_mixin.py:190} INFO - [2024-09-03T16:56:33.770+0000] {dag.py:4138} INFO - Setting next_dagrun for latest_only to 2024-09-03 12:00:00+00:00, run_after=2024-09-03 16:00:00+00:00
[2024-09-03T16:56:33.795+0000] {processor.py:208} INFO - Processing /home/airflow/.local/lib/python3.12/site-packages/airflow/example_dags/example_latest_only.py took 0.134 seconds
[2024-09-03T16:57:03.947+0000] {processor.py:186} INFO - Started process (PID=959) to work on /home/airflow/.local/lib/python3.12/site-packages/airflow/example_dags/example_latest_only.py
[2024-09-03T16:57:03.950+0000] {processor.py:914} INFO - Processing file /home/airflow/.local/lib/python3.12/site-packages/airflow/example_dags/example_latest_only.py for tasks to queue
[2024-09-03T16:57:03.957+0000] {logging_mixin.py:190} INFO - [2024-09-03T16:57:03.956+0000] {dagbag.py:587} INFO - Filling up the DagBag from /home/airflow/.local/lib/python3.12/site-packages/airflow/example_dags/example_latest_only.py
[2024-09-03T16:57:04.052+0000] {processor.py:925} INFO - DAG(s) 'latest_only' retrieved from /home/airflow/.local/lib/python3.12/site-packages/airflow/example_dags/example_latest_only.py
[2024-09-03T16:57:04.121+0000] {logging_mixin.py:190} INFO - [2024-09-03T16:57:04.121+0000] {dag.py:3211} INFO - Sync 1 DAGs
[2024-09-03T16:57:04.192+0000] {logging_mixin.py:190} INFO - [2024-09-03T16:57:04.192+0000] {dag.py:4138} INFO - Setting next_dagrun for latest_only to 2024-09-03 12:00:00+00:00, run_after=2024-09-03 16:00:00+00:00
[2024-09-03T16:57:04.218+0000] {processor.py:208} INFO - Processing /home/airflow/.local/lib/python3.12/site-packages/airflow/example_dags/example_latest_only.py took 0.291 seconds
[2024-09-03T16:57:35.287+0000] {processor.py:186} INFO - Started process (PID=1022) to work on /home/airflow/.local/lib/python3.12/site-packages/airflow/example_dags/example_latest_only.py
[2024-09-03T16:57:35.289+0000] {processor.py:914} INFO - Processing file /home/airflow/.local/lib/python3.12/site-packages/airflow/example_dags/example_latest_only.py for tasks to queue
[2024-09-03T16:57:35.293+0000] {logging_mixin.py:190} INFO - [2024-09-03T16:57:35.292+0000] {dagbag.py:587} INFO - Filling up the DagBag from /home/airflow/.local/lib/python3.12/site-packages/airflow/example_dags/example_latest_only.py
[2024-09-03T16:57:35.299+0000] {processor.py:925} INFO - DAG(s) 'latest_only' retrieved from /home/airflow/.local/lib/python3.12/site-packages/airflow/example_dags/example_latest_only.py
[2024-09-03T16:57:35.314+0000] {logging_mixin.py:190} INFO - [2024-09-03T16:57:35.314+0000] {dag.py:3211} INFO - Sync 1 DAGs
[2024-09-03T16:57:35.327+0000] {logging_mixin.py:190} INFO - [2024-09-03T16:57:35.326+0000] {dag.py:4138} INFO - Setting next_dagrun for latest_only to 2024-09-03 12:00:00+00:00, run_after=2024-09-03 16:00:00+00:00
[2024-09-03T16:57:35.336+0000] {processor.py:208} INFO - Processing /home/airflow/.local/lib/python3.12/site-packages/airflow/example_dags/example_latest_only.py took 0.059 seconds
[2024-09-03T16:58:06.094+0000] {processor.py:186} INFO - Started process (PID=1085) to work on /home/airflow/.local/lib/python3.12/site-packages/airflow/example_dags/example_latest_only.py
[2024-09-03T16:58:06.097+0000] {processor.py:914} INFO - Processing file /home/airflow/.local/lib/python3.12/site-packages/airflow/example_dags/example_latest_only.py for tasks to queue
[2024-09-03T16:58:06.104+0000] {logging_mixin.py:190} INFO - [2024-09-03T16:58:06.103+0000] {dagbag.py:587} INFO - Filling up the DagBag from /home/airflow/.local/lib/python3.12/site-packages/airflow/example_dags/example_latest_only.py
[2024-09-03T16:58:06.122+0000] {processor.py:925} INFO - DAG(s) 'latest_only' retrieved from /home/airflow/.local/lib/python3.12/site-packages/airflow/example_dags/example_latest_only.py
[2024-09-03T16:58:06.170+0000] {logging_mixin.py:190} INFO - [2024-09-03T16:58:06.170+0000] {dag.py:3211} INFO - Sync 1 DAGs
[2024-09-03T16:58:06.195+0000] {logging_mixin.py:190} INFO - [2024-09-03T16:58:06.194+0000] {dag.py:4138} INFO - Setting next_dagrun for latest_only to 2024-09-03 12:00:00+00:00, run_after=2024-09-03 16:00:00+00:00
[2024-09-03T16:58:06.209+0000] {processor.py:208} INFO - Processing /home/airflow/.local/lib/python3.12/site-packages/airflow/example_dags/example_latest_only.py took 0.135 seconds
