[2024-09-03T16:50:02.114+0000] {processor.py:186} INFO - Started process (PID=92) to work on /home/airflow/.local/lib/python3.12/site-packages/airflow/example_dags/example_display_name.py
[2024-09-03T16:50:02.115+0000] {processor.py:914} INFO - Processing file /home/airflow/.local/lib/python3.12/site-packages/airflow/example_dags/example_display_name.py for tasks to queue
[2024-09-03T16:50:02.130+0000] {logging_mixin.py:190} INFO - [2024-09-03T16:50:02.129+0000] {dagbag.py:587} INFO - Filling up the DagBag from /home/airflow/.local/lib/python3.12/site-packages/airflow/example_dags/example_display_name.py
[2024-09-03T16:50:02.145+0000] {processor.py:925} INFO - DAG(s) 'example_display_name' retrieved from /home/airflow/.local/lib/python3.12/site-packages/airflow/example_dags/example_display_name.py
[2024-09-03T16:50:02.278+0000] {logging_mixin.py:190} INFO - [2024-09-03T16:50:02.277+0000] {override.py:1858} INFO - Created Permission View: can delete on DAG:example_display_name
[2024-09-03T16:50:02.290+0000] {logging_mixin.py:190} INFO - [2024-09-03T16:50:02.290+0000] {override.py:1858} INFO - Created Permission View: can edit on DAG:example_display_name
[2024-09-03T16:50:02.307+0000] {logging_mixin.py:190} INFO - [2024-09-03T16:50:02.307+0000] {override.py:1858} INFO - Created Permission View: can read on DAG:example_display_name
[2024-09-03T16:50:02.308+0000] {logging_mixin.py:190} INFO - [2024-09-03T16:50:02.308+0000] {dag.py:3211} INFO - Sync 1 DAGs
[2024-09-03T16:50:02.320+0000] {logging_mixin.py:190} INFO - [2024-09-03T16:50:02.319+0000] {dag.py:3234} INFO - Creating ORM DAG for example_display_name
[2024-09-03T16:50:02.321+0000] {logging_mixin.py:190} INFO - [2024-09-03T16:50:02.320+0000] {dag.py:4138} INFO - Setting next_dagrun for example_display_name to None, run_after=None
[2024-09-03T16:50:02.333+0000] {processor.py:208} INFO - Processing /home/airflow/.local/lib/python3.12/site-packages/airflow/example_dags/example_display_name.py took 0.229 seconds
[2024-09-03T16:50:32.423+0000] {processor.py:186} INFO - Started process (PID=154) to work on /home/airflow/.local/lib/python3.12/site-packages/airflow/example_dags/example_display_name.py
[2024-09-03T16:50:32.424+0000] {processor.py:914} INFO - Processing file /home/airflow/.local/lib/python3.12/site-packages/airflow/example_dags/example_display_name.py for tasks to queue
[2024-09-03T16:50:32.425+0000] {logging_mixin.py:190} INFO - [2024-09-03T16:50:32.425+0000] {dagbag.py:587} INFO - Filling up the DagBag from /home/airflow/.local/lib/python3.12/site-packages/airflow/example_dags/example_display_name.py
[2024-09-03T16:50:32.431+0000] {processor.py:925} INFO - DAG(s) 'example_display_name' retrieved from /home/airflow/.local/lib/python3.12/site-packages/airflow/example_dags/example_display_name.py
[2024-09-03T16:50:32.453+0000] {logging_mixin.py:190} INFO - [2024-09-03T16:50:32.453+0000] {dag.py:3211} INFO - Sync 1 DAGs
[2024-09-03T16:50:32.460+0000] {logging_mixin.py:190} INFO - [2024-09-03T16:50:32.460+0000] {dag.py:4138} INFO - Setting next_dagrun for example_display_name to None, run_after=None
[2024-09-03T16:50:32.469+0000] {processor.py:208} INFO - Processing /home/airflow/.local/lib/python3.12/site-packages/airflow/example_dags/example_display_name.py took 0.050 seconds
[2024-09-03T16:51:03.289+0000] {processor.py:186} INFO - Started process (PID=217) to work on /home/airflow/.local/lib/python3.12/site-packages/airflow/example_dags/example_display_name.py
[2024-09-03T16:51:03.290+0000] {processor.py:914} INFO - Processing file /home/airflow/.local/lib/python3.12/site-packages/airflow/example_dags/example_display_name.py for tasks to queue
[2024-09-03T16:51:03.291+0000] {logging_mixin.py:190} INFO - [2024-09-03T16:51:03.291+0000] {dagbag.py:587} INFO - Filling up the DagBag from /home/airflow/.local/lib/python3.12/site-packages/airflow/example_dags/example_display_name.py
[2024-09-03T16:51:03.297+0000] {processor.py:925} INFO - DAG(s) 'example_display_name' retrieved from /home/airflow/.local/lib/python3.12/site-packages/airflow/example_dags/example_display_name.py
[2024-09-03T16:51:03.314+0000] {logging_mixin.py:190} INFO - [2024-09-03T16:51:03.313+0000] {dag.py:3211} INFO - Sync 1 DAGs
[2024-09-03T16:51:03.323+0000] {logging_mixin.py:190} INFO - [2024-09-03T16:51:03.323+0000] {dag.py:4138} INFO - Setting next_dagrun for example_display_name to None, run_after=None
[2024-09-03T16:51:03.335+0000] {processor.py:208} INFO - Processing /home/airflow/.local/lib/python3.12/site-packages/airflow/example_dags/example_display_name.py took 0.052 seconds
[2024-09-03T16:51:34.511+0000] {processor.py:186} INFO - Started process (PID=280) to work on /home/airflow/.local/lib/python3.12/site-packages/airflow/example_dags/example_display_name.py
[2024-09-03T16:51:34.513+0000] {processor.py:914} INFO - Processing file /home/airflow/.local/lib/python3.12/site-packages/airflow/example_dags/example_display_name.py for tasks to queue
[2024-09-03T16:51:34.527+0000] {logging_mixin.py:190} INFO - [2024-09-03T16:51:34.526+0000] {dagbag.py:587} INFO - Filling up the DagBag from /home/airflow/.local/lib/python3.12/site-packages/airflow/example_dags/example_display_name.py
[2024-09-03T16:51:34.540+0000] {processor.py:925} INFO - DAG(s) 'example_display_name' retrieved from /home/airflow/.local/lib/python3.12/site-packages/airflow/example_dags/example_display_name.py
[2024-09-03T16:51:34.563+0000] {logging_mixin.py:190} INFO - [2024-09-03T16:51:34.563+0000] {dag.py:3211} INFO - Sync 1 DAGs
[2024-09-03T16:51:34.588+0000] {logging_mixin.py:190} INFO - [2024-09-03T16:51:34.588+0000] {dag.py:4138} INFO - Setting next_dagrun for example_display_name to None, run_after=None
[2024-09-03T16:51:34.603+0000] {processor.py:208} INFO - Processing /home/airflow/.local/lib/python3.12/site-packages/airflow/example_dags/example_display_name.py took 0.098 seconds
[2024-09-03T16:52:05.208+0000] {processor.py:186} INFO - Started process (PID=345) to work on /home/airflow/.local/lib/python3.12/site-packages/airflow/example_dags/example_display_name.py
[2024-09-03T16:52:05.209+0000] {processor.py:914} INFO - Processing file /home/airflow/.local/lib/python3.12/site-packages/airflow/example_dags/example_display_name.py for tasks to queue
[2024-09-03T16:52:05.211+0000] {logging_mixin.py:190} INFO - [2024-09-03T16:52:05.210+0000] {dagbag.py:587} INFO - Filling up the DagBag from /home/airflow/.local/lib/python3.12/site-packages/airflow/example_dags/example_display_name.py
[2024-09-03T16:52:05.218+0000] {processor.py:925} INFO - DAG(s) 'example_display_name' retrieved from /home/airflow/.local/lib/python3.12/site-packages/airflow/example_dags/example_display_name.py
[2024-09-03T16:52:05.234+0000] {logging_mixin.py:190} INFO - [2024-09-03T16:52:05.234+0000] {dag.py:3211} INFO - Sync 1 DAGs
[2024-09-03T16:52:05.243+0000] {logging_mixin.py:190} INFO - [2024-09-03T16:52:05.243+0000] {dag.py:4138} INFO - Setting next_dagrun for example_display_name to None, run_after=None
[2024-09-03T16:52:05.252+0000] {processor.py:208} INFO - Processing /home/airflow/.local/lib/python3.12/site-packages/airflow/example_dags/example_display_name.py took 0.049 seconds
[2024-09-03T16:52:35.706+0000] {processor.py:186} INFO - Started process (PID=408) to work on /home/airflow/.local/lib/python3.12/site-packages/airflow/example_dags/example_display_name.py
[2024-09-03T16:52:35.707+0000] {processor.py:914} INFO - Processing file /home/airflow/.local/lib/python3.12/site-packages/airflow/example_dags/example_display_name.py for tasks to queue
[2024-09-03T16:52:35.710+0000] {logging_mixin.py:190} INFO - [2024-09-03T16:52:35.710+0000] {dagbag.py:587} INFO - Filling up the DagBag from /home/airflow/.local/lib/python3.12/site-packages/airflow/example_dags/example_display_name.py
[2024-09-03T16:52:35.722+0000] {processor.py:925} INFO - DAG(s) 'example_display_name' retrieved from /home/airflow/.local/lib/python3.12/site-packages/airflow/example_dags/example_display_name.py
[2024-09-03T16:52:35.747+0000] {logging_mixin.py:190} INFO - [2024-09-03T16:52:35.747+0000] {dag.py:3211} INFO - Sync 1 DAGs
[2024-09-03T16:52:35.759+0000] {logging_mixin.py:190} INFO - [2024-09-03T16:52:35.758+0000] {dag.py:4138} INFO - Setting next_dagrun for example_display_name to None, run_after=None
[2024-09-03T16:52:35.773+0000] {processor.py:208} INFO - Processing /home/airflow/.local/lib/python3.12/site-packages/airflow/example_dags/example_display_name.py took 0.078 seconds
[2024-09-03T16:53:07.096+0000] {processor.py:186} INFO - Started process (PID=471) to work on /home/airflow/.local/lib/python3.12/site-packages/airflow/example_dags/example_display_name.py
[2024-09-03T16:53:07.098+0000] {processor.py:914} INFO - Processing file /home/airflow/.local/lib/python3.12/site-packages/airflow/example_dags/example_display_name.py for tasks to queue
[2024-09-03T16:53:07.109+0000] {logging_mixin.py:190} INFO - [2024-09-03T16:53:07.107+0000] {dagbag.py:587} INFO - Filling up the DagBag from /home/airflow/.local/lib/python3.12/site-packages/airflow/example_dags/example_display_name.py
[2024-09-03T16:53:07.120+0000] {processor.py:925} INFO - DAG(s) 'example_display_name' retrieved from /home/airflow/.local/lib/python3.12/site-packages/airflow/example_dags/example_display_name.py
[2024-09-03T16:53:07.163+0000] {logging_mixin.py:190} INFO - [2024-09-03T16:53:07.162+0000] {dag.py:3211} INFO - Sync 1 DAGs
[2024-09-03T16:53:07.191+0000] {logging_mixin.py:190} INFO - [2024-09-03T16:53:07.188+0000] {dag.py:4138} INFO - Setting next_dagrun for example_display_name to None, run_after=None
[2024-09-03T16:53:07.236+0000] {processor.py:208} INFO - Processing /home/airflow/.local/lib/python3.12/site-packages/airflow/example_dags/example_display_name.py took 0.146 seconds
[2024-09-03T16:53:37.722+0000] {processor.py:186} INFO - Started process (PID=535) to work on /home/airflow/.local/lib/python3.12/site-packages/airflow/example_dags/example_display_name.py
[2024-09-03T16:53:37.723+0000] {processor.py:914} INFO - Processing file /home/airflow/.local/lib/python3.12/site-packages/airflow/example_dags/example_display_name.py for tasks to queue
[2024-09-03T16:53:37.725+0000] {logging_mixin.py:190} INFO - [2024-09-03T16:53:37.725+0000] {dagbag.py:587} INFO - Filling up the DagBag from /home/airflow/.local/lib/python3.12/site-packages/airflow/example_dags/example_display_name.py
[2024-09-03T16:53:37.732+0000] {processor.py:925} INFO - DAG(s) 'example_display_name' retrieved from /home/airflow/.local/lib/python3.12/site-packages/airflow/example_dags/example_display_name.py
[2024-09-03T16:53:37.747+0000] {logging_mixin.py:190} INFO - [2024-09-03T16:53:37.747+0000] {dag.py:3211} INFO - Sync 1 DAGs
[2024-09-03T16:53:37.755+0000] {logging_mixin.py:190} INFO - [2024-09-03T16:53:37.754+0000] {dag.py:4138} INFO - Setting next_dagrun for example_display_name to None, run_after=None
[2024-09-03T16:53:37.764+0000] {processor.py:208} INFO - Processing /home/airflow/.local/lib/python3.12/site-packages/airflow/example_dags/example_display_name.py took 0.046 seconds
[2024-09-03T16:54:08.970+0000] {processor.py:186} INFO - Started process (PID=599) to work on /home/airflow/.local/lib/python3.12/site-packages/airflow/example_dags/example_display_name.py
[2024-09-03T16:54:08.973+0000] {processor.py:914} INFO - Processing file /home/airflow/.local/lib/python3.12/site-packages/airflow/example_dags/example_display_name.py for tasks to queue
[2024-09-03T16:54:08.979+0000] {logging_mixin.py:190} INFO - [2024-09-03T16:54:08.979+0000] {dagbag.py:587} INFO - Filling up the DagBag from /home/airflow/.local/lib/python3.12/site-packages/airflow/example_dags/example_display_name.py
[2024-09-03T16:54:08.988+0000] {processor.py:925} INFO - DAG(s) 'example_display_name' retrieved from /home/airflow/.local/lib/python3.12/site-packages/airflow/example_dags/example_display_name.py
[2024-09-03T16:54:09.013+0000] {logging_mixin.py:190} INFO - [2024-09-03T16:54:09.013+0000] {dag.py:3211} INFO - Sync 1 DAGs
[2024-09-03T16:54:09.023+0000] {logging_mixin.py:190} INFO - [2024-09-03T16:54:09.023+0000] {dag.py:4138} INFO - Setting next_dagrun for example_display_name to None, run_after=None
[2024-09-03T16:54:09.037+0000] {processor.py:208} INFO - Processing /home/airflow/.local/lib/python3.12/site-packages/airflow/example_dags/example_display_name.py took 0.077 seconds
[2024-09-03T16:54:39.447+0000] {processor.py:186} INFO - Started process (PID=662) to work on /home/airflow/.local/lib/python3.12/site-packages/airflow/example_dags/example_display_name.py
[2024-09-03T16:54:39.448+0000] {processor.py:914} INFO - Processing file /home/airflow/.local/lib/python3.12/site-packages/airflow/example_dags/example_display_name.py for tasks to queue
[2024-09-03T16:54:39.452+0000] {logging_mixin.py:190} INFO - [2024-09-03T16:54:39.451+0000] {dagbag.py:587} INFO - Filling up the DagBag from /home/airflow/.local/lib/python3.12/site-packages/airflow/example_dags/example_display_name.py
[2024-09-03T16:54:39.461+0000] {processor.py:925} INFO - DAG(s) 'example_display_name' retrieved from /home/airflow/.local/lib/python3.12/site-packages/airflow/example_dags/example_display_name.py
[2024-09-03T16:54:39.487+0000] {logging_mixin.py:190} INFO - [2024-09-03T16:54:39.487+0000] {dag.py:3211} INFO - Sync 1 DAGs
[2024-09-03T16:54:39.502+0000] {logging_mixin.py:190} INFO - [2024-09-03T16:54:39.502+0000] {dag.py:4138} INFO - Setting next_dagrun for example_display_name to None, run_after=None
[2024-09-03T16:54:39.515+0000] {processor.py:208} INFO - Processing /home/airflow/.local/lib/python3.12/site-packages/airflow/example_dags/example_display_name.py took 0.072 seconds
[2024-09-03T16:55:10.458+0000] {processor.py:186} INFO - Started process (PID=725) to work on /home/airflow/.local/lib/python3.12/site-packages/airflow/example_dags/example_display_name.py
[2024-09-03T16:55:10.459+0000] {processor.py:914} INFO - Processing file /home/airflow/.local/lib/python3.12/site-packages/airflow/example_dags/example_display_name.py for tasks to queue
[2024-09-03T16:55:10.462+0000] {logging_mixin.py:190} INFO - [2024-09-03T16:55:10.461+0000] {dagbag.py:587} INFO - Filling up the DagBag from /home/airflow/.local/lib/python3.12/site-packages/airflow/example_dags/example_display_name.py
[2024-09-03T16:55:10.469+0000] {processor.py:925} INFO - DAG(s) 'example_display_name' retrieved from /home/airflow/.local/lib/python3.12/site-packages/airflow/example_dags/example_display_name.py
[2024-09-03T16:55:10.488+0000] {logging_mixin.py:190} INFO - [2024-09-03T16:55:10.487+0000] {dag.py:3211} INFO - Sync 1 DAGs
[2024-09-03T16:55:10.498+0000] {logging_mixin.py:190} INFO - [2024-09-03T16:55:10.497+0000] {dag.py:4138} INFO - Setting next_dagrun for example_display_name to None, run_after=None
[2024-09-03T16:55:10.513+0000] {processor.py:208} INFO - Processing /home/airflow/.local/lib/python3.12/site-packages/airflow/example_dags/example_display_name.py took 0.062 seconds
[2024-09-03T16:55:40.692+0000] {processor.py:186} INFO - Started process (PID=788) to work on /home/airflow/.local/lib/python3.12/site-packages/airflow/example_dags/example_display_name.py
[2024-09-03T16:55:40.693+0000] {processor.py:914} INFO - Processing file /home/airflow/.local/lib/python3.12/site-packages/airflow/example_dags/example_display_name.py for tasks to queue
[2024-09-03T16:55:40.695+0000] {logging_mixin.py:190} INFO - [2024-09-03T16:55:40.694+0000] {dagbag.py:587} INFO - Filling up the DagBag from /home/airflow/.local/lib/python3.12/site-packages/airflow/example_dags/example_display_name.py
[2024-09-03T16:55:40.700+0000] {processor.py:925} INFO - DAG(s) 'example_display_name' retrieved from /home/airflow/.local/lib/python3.12/site-packages/airflow/example_dags/example_display_name.py
[2024-09-03T16:55:40.714+0000] {logging_mixin.py:190} INFO - [2024-09-03T16:55:40.713+0000] {dag.py:3211} INFO - Sync 1 DAGs
[2024-09-03T16:55:40.721+0000] {logging_mixin.py:190} INFO - [2024-09-03T16:55:40.721+0000] {dag.py:4138} INFO - Setting next_dagrun for example_display_name to None, run_after=None
[2024-09-03T16:55:40.729+0000] {processor.py:208} INFO - Processing /home/airflow/.local/lib/python3.12/site-packages/airflow/example_dags/example_display_name.py took 0.043 seconds
[2024-09-03T16:56:11.061+0000] {processor.py:186} INFO - Started process (PID=851) to work on /home/airflow/.local/lib/python3.12/site-packages/airflow/example_dags/example_display_name.py
[2024-09-03T16:56:11.065+0000] {processor.py:914} INFO - Processing file /home/airflow/.local/lib/python3.12/site-packages/airflow/example_dags/example_display_name.py for tasks to queue
[2024-09-03T16:56:11.070+0000] {logging_mixin.py:190} INFO - [2024-09-03T16:56:11.069+0000] {dagbag.py:587} INFO - Filling up the DagBag from /home/airflow/.local/lib/python3.12/site-packages/airflow/example_dags/example_display_name.py
[2024-09-03T16:56:11.081+0000] {processor.py:925} INFO - DAG(s) 'example_display_name' retrieved from /home/airflow/.local/lib/python3.12/site-packages/airflow/example_dags/example_display_name.py
[2024-09-03T16:56:11.111+0000] {logging_mixin.py:190} INFO - [2024-09-03T16:56:11.110+0000] {dag.py:3211} INFO - Sync 1 DAGs
[2024-09-03T16:56:11.125+0000] {logging_mixin.py:190} INFO - [2024-09-03T16:56:11.125+0000] {dag.py:4138} INFO - Setting next_dagrun for example_display_name to None, run_after=None
[2024-09-03T16:56:11.138+0000] {processor.py:208} INFO - Processing /home/airflow/.local/lib/python3.12/site-packages/airflow/example_dags/example_display_name.py took 0.090 seconds
[2024-09-03T16:56:41.550+0000] {processor.py:186} INFO - Started process (PID=914) to work on /home/airflow/.local/lib/python3.12/site-packages/airflow/example_dags/example_display_name.py
[2024-09-03T16:56:41.551+0000] {processor.py:914} INFO - Processing file /home/airflow/.local/lib/python3.12/site-packages/airflow/example_dags/example_display_name.py for tasks to queue
[2024-09-03T16:56:41.553+0000] {logging_mixin.py:190} INFO - [2024-09-03T16:56:41.553+0000] {dagbag.py:587} INFO - Filling up the DagBag from /home/airflow/.local/lib/python3.12/site-packages/airflow/example_dags/example_display_name.py
[2024-09-03T16:56:41.558+0000] {processor.py:925} INFO - DAG(s) 'example_display_name' retrieved from /home/airflow/.local/lib/python3.12/site-packages/airflow/example_dags/example_display_name.py
[2024-09-03T16:56:41.572+0000] {logging_mixin.py:190} INFO - [2024-09-03T16:56:41.572+0000] {dag.py:3211} INFO - Sync 1 DAGs
[2024-09-03T16:56:41.580+0000] {logging_mixin.py:190} INFO - [2024-09-03T16:56:41.579+0000] {dag.py:4138} INFO - Setting next_dagrun for example_display_name to None, run_after=None
[2024-09-03T16:56:41.589+0000] {processor.py:208} INFO - Processing /home/airflow/.local/lib/python3.12/site-packages/airflow/example_dags/example_display_name.py took 0.042 seconds
[2024-09-03T16:57:12.249+0000] {processor.py:186} INFO - Started process (PID=978) to work on /home/airflow/.local/lib/python3.12/site-packages/airflow/example_dags/example_display_name.py
[2024-09-03T16:57:12.251+0000] {processor.py:914} INFO - Processing file /home/airflow/.local/lib/python3.12/site-packages/airflow/example_dags/example_display_name.py for tasks to queue
[2024-09-03T16:57:12.253+0000] {logging_mixin.py:190} INFO - [2024-09-03T16:57:12.252+0000] {dagbag.py:587} INFO - Filling up the DagBag from /home/airflow/.local/lib/python3.12/site-packages/airflow/example_dags/example_display_name.py
[2024-09-03T16:57:12.259+0000] {processor.py:925} INFO - DAG(s) 'example_display_name' retrieved from /home/airflow/.local/lib/python3.12/site-packages/airflow/example_dags/example_display_name.py
[2024-09-03T16:57:12.285+0000] {logging_mixin.py:190} INFO - [2024-09-03T16:57:12.284+0000] {dag.py:3211} INFO - Sync 1 DAGs
[2024-09-03T16:57:12.297+0000] {logging_mixin.py:190} INFO - [2024-09-03T16:57:12.297+0000] {dag.py:4138} INFO - Setting next_dagrun for example_display_name to None, run_after=None
[2024-09-03T16:57:12.312+0000] {processor.py:208} INFO - Processing /home/airflow/.local/lib/python3.12/site-packages/airflow/example_dags/example_display_name.py took 0.068 seconds
[2024-09-03T16:57:42.648+0000] {processor.py:186} INFO - Started process (PID=1041) to work on /home/airflow/.local/lib/python3.12/site-packages/airflow/example_dags/example_display_name.py
[2024-09-03T16:57:42.649+0000] {processor.py:914} INFO - Processing file /home/airflow/.local/lib/python3.12/site-packages/airflow/example_dags/example_display_name.py for tasks to queue
[2024-09-03T16:57:42.650+0000] {logging_mixin.py:190} INFO - [2024-09-03T16:57:42.650+0000] {dagbag.py:587} INFO - Filling up the DagBag from /home/airflow/.local/lib/python3.12/site-packages/airflow/example_dags/example_display_name.py
[2024-09-03T16:57:42.656+0000] {processor.py:925} INFO - DAG(s) 'example_display_name' retrieved from /home/airflow/.local/lib/python3.12/site-packages/airflow/example_dags/example_display_name.py
[2024-09-03T16:57:42.671+0000] {logging_mixin.py:190} INFO - [2024-09-03T16:57:42.671+0000] {dag.py:3211} INFO - Sync 1 DAGs
[2024-09-03T16:57:42.679+0000] {logging_mixin.py:190} INFO - [2024-09-03T16:57:42.679+0000] {dag.py:4138} INFO - Setting next_dagrun for example_display_name to None, run_after=None
[2024-09-03T16:57:42.688+0000] {processor.py:208} INFO - Processing /home/airflow/.local/lib/python3.12/site-packages/airflow/example_dags/example_display_name.py took 0.044 seconds
[2024-09-03T16:58:13.554+0000] {processor.py:186} INFO - Started process (PID=1104) to work on /home/airflow/.local/lib/python3.12/site-packages/airflow/example_dags/example_display_name.py
[2024-09-03T16:58:13.555+0000] {processor.py:914} INFO - Processing file /home/airflow/.local/lib/python3.12/site-packages/airflow/example_dags/example_display_name.py for tasks to queue
[2024-09-03T16:58:13.557+0000] {logging_mixin.py:190} INFO - [2024-09-03T16:58:13.556+0000] {dagbag.py:587} INFO - Filling up the DagBag from /home/airflow/.local/lib/python3.12/site-packages/airflow/example_dags/example_display_name.py
[2024-09-03T16:58:13.562+0000] {processor.py:925} INFO - DAG(s) 'example_display_name' retrieved from /home/airflow/.local/lib/python3.12/site-packages/airflow/example_dags/example_display_name.py
[2024-09-03T16:58:13.577+0000] {logging_mixin.py:190} INFO - [2024-09-03T16:58:13.577+0000] {dag.py:3211} INFO - Sync 1 DAGs
[2024-09-03T16:58:13.587+0000] {logging_mixin.py:190} INFO - [2024-09-03T16:58:13.587+0000] {dag.py:4138} INFO - Setting next_dagrun for example_display_name to None, run_after=None
[2024-09-03T16:58:13.602+0000] {processor.py:208} INFO - Processing /home/airflow/.local/lib/python3.12/site-packages/airflow/example_dags/example_display_name.py took 0.052 seconds
