[2024-09-03T16:49:35.941+0000] {processor.py:186} INFO - Started process (PID=53) to work on /home/airflow/.local/lib/python3.12/site-packages/airflow/example_dags/tutorial_taskflow_api_virtualenv.py
[2024-09-03T16:49:35.942+0000] {processor.py:914} INFO - Processing file /home/airflow/.local/lib/python3.12/site-packages/airflow/example_dags/tutorial_taskflow_api_virtualenv.py for tasks to queue
[2024-09-03T16:49:35.945+0000] {logging_mixin.py:190} INFO - [2024-09-03T16:49:35.944+0000] {dagbag.py:587} INFO - Filling up the DagBag from /home/airflow/.local/lib/python3.12/site-packages/airflow/example_dags/tutorial_taskflow_api_virtualenv.py
[2024-09-03T16:49:36.032+0000] {processor.py:925} INFO - DAG(s) 'tutorial_taskflow_api_virtualenv' retrieved from /home/airflow/.local/lib/python3.12/site-packages/airflow/example_dags/tutorial_taskflow_api_virtualenv.py
[2024-09-03T16:49:37.124+0000] {logging_mixin.py:190} INFO - [2024-09-03T16:49:37.114+0000] {override.py:1858} INFO - Created Permission View: can delete on DAG:tutorial_taskflow_api_virtualenv
[2024-09-03T16:49:37.166+0000] {logging_mixin.py:190} INFO - [2024-09-03T16:49:37.166+0000] {override.py:1858} INFO - Created Permission View: can edit on DAG:tutorial_taskflow_api_virtualenv
[2024-09-03T16:49:37.191+0000] {logging_mixin.py:190} INFO - [2024-09-03T16:49:37.190+0000] {override.py:1858} INFO - Created Permission View: can read on DAG:tutorial_taskflow_api_virtualenv
[2024-09-03T16:49:37.194+0000] {logging_mixin.py:190} INFO - [2024-09-03T16:49:37.194+0000] {dag.py:3211} INFO - Sync 1 DAGs
[2024-09-03T16:49:37.329+0000] {logging_mixin.py:190} INFO - [2024-09-03T16:49:37.327+0000] {dag.py:3234} INFO - Creating ORM DAG for tutorial_taskflow_api_virtualenv
[2024-09-03T16:49:37.343+0000] {logging_mixin.py:190} INFO - [2024-09-03T16:49:37.341+0000] {dag.py:4138} INFO - Setting next_dagrun for tutorial_taskflow_api_virtualenv to None, run_after=None
[2024-09-03T16:49:37.464+0000] {processor.py:208} INFO - Processing /home/airflow/.local/lib/python3.12/site-packages/airflow/example_dags/tutorial_taskflow_api_virtualenv.py took 1.535 seconds
[2024-09-03T16:50:10.616+0000] {processor.py:186} INFO - Started process (PID=116) to work on /home/airflow/.local/lib/python3.12/site-packages/airflow/example_dags/tutorial_taskflow_api_virtualenv.py
[2024-09-03T16:50:10.619+0000] {processor.py:914} INFO - Processing file /home/airflow/.local/lib/python3.12/site-packages/airflow/example_dags/tutorial_taskflow_api_virtualenv.py for tasks to queue
[2024-09-03T16:50:10.632+0000] {logging_mixin.py:190} INFO - [2024-09-03T16:50:10.631+0000] {dagbag.py:587} INFO - Filling up the DagBag from /home/airflow/.local/lib/python3.12/site-packages/airflow/example_dags/tutorial_taskflow_api_virtualenv.py
[2024-09-03T16:50:10.817+0000] {processor.py:925} INFO - DAG(s) 'tutorial_taskflow_api_virtualenv' retrieved from /home/airflow/.local/lib/python3.12/site-packages/airflow/example_dags/tutorial_taskflow_api_virtualenv.py
[2024-09-03T16:50:10.942+0000] {logging_mixin.py:190} INFO - [2024-09-03T16:50:10.942+0000] {dag.py:3211} INFO - Sync 1 DAGs
[2024-09-03T16:50:10.957+0000] {logging_mixin.py:190} INFO - [2024-09-03T16:50:10.956+0000] {dag.py:4138} INFO - Setting next_dagrun for tutorial_taskflow_api_virtualenv to None, run_after=None
[2024-09-03T16:50:10.969+0000] {processor.py:208} INFO - Processing /home/airflow/.local/lib/python3.12/site-packages/airflow/example_dags/tutorial_taskflow_api_virtualenv.py took 0.371 seconds
[2024-09-03T16:50:41.162+0000] {processor.py:186} INFO - Started process (PID=179) to work on /home/airflow/.local/lib/python3.12/site-packages/airflow/example_dags/tutorial_taskflow_api_virtualenv.py
[2024-09-03T16:50:41.163+0000] {processor.py:914} INFO - Processing file /home/airflow/.local/lib/python3.12/site-packages/airflow/example_dags/tutorial_taskflow_api_virtualenv.py for tasks to queue
[2024-09-03T16:50:41.165+0000] {logging_mixin.py:190} INFO - [2024-09-03T16:50:41.165+0000] {dagbag.py:587} INFO - Filling up the DagBag from /home/airflow/.local/lib/python3.12/site-packages/airflow/example_dags/tutorial_taskflow_api_virtualenv.py
[2024-09-03T16:50:41.175+0000] {processor.py:925} INFO - DAG(s) 'tutorial_taskflow_api_virtualenv' retrieved from /home/airflow/.local/lib/python3.12/site-packages/airflow/example_dags/tutorial_taskflow_api_virtualenv.py
[2024-09-03T16:50:41.191+0000] {logging_mixin.py:190} INFO - [2024-09-03T16:50:41.190+0000] {dag.py:3211} INFO - Sync 1 DAGs
[2024-09-03T16:50:41.198+0000] {logging_mixin.py:190} INFO - [2024-09-03T16:50:41.198+0000] {dag.py:4138} INFO - Setting next_dagrun for tutorial_taskflow_api_virtualenv to None, run_after=None
[2024-09-03T16:50:41.213+0000] {processor.py:208} INFO - Processing /home/airflow/.local/lib/python3.12/site-packages/airflow/example_dags/tutorial_taskflow_api_virtualenv.py took 0.055 seconds
[2024-09-03T16:51:11.842+0000] {processor.py:186} INFO - Started process (PID=242) to work on /home/airflow/.local/lib/python3.12/site-packages/airflow/example_dags/tutorial_taskflow_api_virtualenv.py
[2024-09-03T16:51:11.843+0000] {processor.py:914} INFO - Processing file /home/airflow/.local/lib/python3.12/site-packages/airflow/example_dags/tutorial_taskflow_api_virtualenv.py for tasks to queue
[2024-09-03T16:51:11.845+0000] {logging_mixin.py:190} INFO - [2024-09-03T16:51:11.845+0000] {dagbag.py:587} INFO - Filling up the DagBag from /home/airflow/.local/lib/python3.12/site-packages/airflow/example_dags/tutorial_taskflow_api_virtualenv.py
[2024-09-03T16:51:11.853+0000] {processor.py:925} INFO - DAG(s) 'tutorial_taskflow_api_virtualenv' retrieved from /home/airflow/.local/lib/python3.12/site-packages/airflow/example_dags/tutorial_taskflow_api_virtualenv.py
[2024-09-03T16:51:11.868+0000] {logging_mixin.py:190} INFO - [2024-09-03T16:51:11.868+0000] {dag.py:3211} INFO - Sync 1 DAGs
[2024-09-03T16:51:11.876+0000] {logging_mixin.py:190} INFO - [2024-09-03T16:51:11.876+0000] {dag.py:4138} INFO - Setting next_dagrun for tutorial_taskflow_api_virtualenv to None, run_after=None
[2024-09-03T16:51:11.890+0000] {processor.py:208} INFO - Processing /home/airflow/.local/lib/python3.12/site-packages/airflow/example_dags/tutorial_taskflow_api_virtualenv.py took 0.052 seconds
[2024-09-03T16:51:43.503+0000] {processor.py:186} INFO - Started process (PID=305) to work on /home/airflow/.local/lib/python3.12/site-packages/airflow/example_dags/tutorial_taskflow_api_virtualenv.py
[2024-09-03T16:51:43.508+0000] {processor.py:914} INFO - Processing file /home/airflow/.local/lib/python3.12/site-packages/airflow/example_dags/tutorial_taskflow_api_virtualenv.py for tasks to queue
[2024-09-03T16:51:43.544+0000] {logging_mixin.py:190} INFO - [2024-09-03T16:51:43.544+0000] {dagbag.py:587} INFO - Filling up the DagBag from /home/airflow/.local/lib/python3.12/site-packages/airflow/example_dags/tutorial_taskflow_api_virtualenv.py
[2024-09-03T16:51:43.624+0000] {processor.py:925} INFO - DAG(s) 'tutorial_taskflow_api_virtualenv' retrieved from /home/airflow/.local/lib/python3.12/site-packages/airflow/example_dags/tutorial_taskflow_api_virtualenv.py
[2024-09-03T16:51:43.713+0000] {logging_mixin.py:190} INFO - [2024-09-03T16:51:43.712+0000] {dag.py:3211} INFO - Sync 1 DAGs
[2024-09-03T16:51:43.911+0000] {logging_mixin.py:190} INFO - [2024-09-03T16:51:43.909+0000] {dag.py:4138} INFO - Setting next_dagrun for tutorial_taskflow_api_virtualenv to None, run_after=None
[2024-09-03T16:51:44.072+0000] {processor.py:208} INFO - Processing /home/airflow/.local/lib/python3.12/site-packages/airflow/example_dags/tutorial_taskflow_api_virtualenv.py took 0.598 seconds
[2024-09-03T16:52:14.447+0000] {processor.py:186} INFO - Started process (PID=367) to work on /home/airflow/.local/lib/python3.12/site-packages/airflow/example_dags/tutorial_taskflow_api_virtualenv.py
[2024-09-03T16:52:14.449+0000] {processor.py:914} INFO - Processing file /home/airflow/.local/lib/python3.12/site-packages/airflow/example_dags/tutorial_taskflow_api_virtualenv.py for tasks to queue
[2024-09-03T16:52:14.453+0000] {logging_mixin.py:190} INFO - [2024-09-03T16:52:14.452+0000] {dagbag.py:587} INFO - Filling up the DagBag from /home/airflow/.local/lib/python3.12/site-packages/airflow/example_dags/tutorial_taskflow_api_virtualenv.py
[2024-09-03T16:52:14.470+0000] {processor.py:925} INFO - DAG(s) 'tutorial_taskflow_api_virtualenv' retrieved from /home/airflow/.local/lib/python3.12/site-packages/airflow/example_dags/tutorial_taskflow_api_virtualenv.py
[2024-09-03T16:52:14.491+0000] {logging_mixin.py:190} INFO - [2024-09-03T16:52:14.491+0000] {dag.py:3211} INFO - Sync 1 DAGs
[2024-09-03T16:52:14.500+0000] {logging_mixin.py:190} INFO - [2024-09-03T16:52:14.500+0000] {dag.py:4138} INFO - Setting next_dagrun for tutorial_taskflow_api_virtualenv to None, run_after=None
[2024-09-03T16:52:14.512+0000] {processor.py:208} INFO - Processing /home/airflow/.local/lib/python3.12/site-packages/airflow/example_dags/tutorial_taskflow_api_virtualenv.py took 0.069 seconds
[2024-09-03T16:52:44.937+0000] {processor.py:186} INFO - Started process (PID=430) to work on /home/airflow/.local/lib/python3.12/site-packages/airflow/example_dags/tutorial_taskflow_api_virtualenv.py
[2024-09-03T16:52:44.938+0000] {processor.py:914} INFO - Processing file /home/airflow/.local/lib/python3.12/site-packages/airflow/example_dags/tutorial_taskflow_api_virtualenv.py for tasks to queue
[2024-09-03T16:52:44.940+0000] {logging_mixin.py:190} INFO - [2024-09-03T16:52:44.940+0000] {dagbag.py:587} INFO - Filling up the DagBag from /home/airflow/.local/lib/python3.12/site-packages/airflow/example_dags/tutorial_taskflow_api_virtualenv.py
[2024-09-03T16:52:44.962+0000] {processor.py:925} INFO - DAG(s) 'tutorial_taskflow_api_virtualenv' retrieved from /home/airflow/.local/lib/python3.12/site-packages/airflow/example_dags/tutorial_taskflow_api_virtualenv.py
[2024-09-03T16:52:44.981+0000] {logging_mixin.py:190} INFO - [2024-09-03T16:52:44.981+0000] {dag.py:3211} INFO - Sync 1 DAGs
[2024-09-03T16:52:44.990+0000] {logging_mixin.py:190} INFO - [2024-09-03T16:52:44.990+0000] {dag.py:4138} INFO - Setting next_dagrun for tutorial_taskflow_api_virtualenv to None, run_after=None
[2024-09-03T16:52:45.005+0000] {processor.py:208} INFO - Processing /home/airflow/.local/lib/python3.12/site-packages/airflow/example_dags/tutorial_taskflow_api_virtualenv.py took 0.073 seconds
[2024-09-03T16:53:15.327+0000] {processor.py:186} INFO - Started process (PID=493) to work on /home/airflow/.local/lib/python3.12/site-packages/airflow/example_dags/tutorial_taskflow_api_virtualenv.py
[2024-09-03T16:53:15.329+0000] {processor.py:914} INFO - Processing file /home/airflow/.local/lib/python3.12/site-packages/airflow/example_dags/tutorial_taskflow_api_virtualenv.py for tasks to queue
[2024-09-03T16:53:15.332+0000] {logging_mixin.py:190} INFO - [2024-09-03T16:53:15.332+0000] {dagbag.py:587} INFO - Filling up the DagBag from /home/airflow/.local/lib/python3.12/site-packages/airflow/example_dags/tutorial_taskflow_api_virtualenv.py
[2024-09-03T16:53:15.346+0000] {processor.py:925} INFO - DAG(s) 'tutorial_taskflow_api_virtualenv' retrieved from /home/airflow/.local/lib/python3.12/site-packages/airflow/example_dags/tutorial_taskflow_api_virtualenv.py
[2024-09-03T16:53:15.365+0000] {logging_mixin.py:190} INFO - [2024-09-03T16:53:15.364+0000] {dag.py:3211} INFO - Sync 1 DAGs
[2024-09-03T16:53:15.373+0000] {logging_mixin.py:190} INFO - [2024-09-03T16:53:15.373+0000] {dag.py:4138} INFO - Setting next_dagrun for tutorial_taskflow_api_virtualenv to None, run_after=None
[2024-09-03T16:53:15.389+0000] {processor.py:208} INFO - Processing /home/airflow/.local/lib/python3.12/site-packages/airflow/example_dags/tutorial_taskflow_api_virtualenv.py took 0.071 seconds
[2024-09-03T16:53:46.317+0000] {processor.py:186} INFO - Started process (PID=558) to work on /home/airflow/.local/lib/python3.12/site-packages/airflow/example_dags/tutorial_taskflow_api_virtualenv.py
[2024-09-03T16:53:46.320+0000] {processor.py:914} INFO - Processing file /home/airflow/.local/lib/python3.12/site-packages/airflow/example_dags/tutorial_taskflow_api_virtualenv.py for tasks to queue
[2024-09-03T16:53:46.325+0000] {logging_mixin.py:190} INFO - [2024-09-03T16:53:46.324+0000] {dagbag.py:587} INFO - Filling up the DagBag from /home/airflow/.local/lib/python3.12/site-packages/airflow/example_dags/tutorial_taskflow_api_virtualenv.py
[2024-09-03T16:53:46.412+0000] {processor.py:925} INFO - DAG(s) 'tutorial_taskflow_api_virtualenv' retrieved from /home/airflow/.local/lib/python3.12/site-packages/airflow/example_dags/tutorial_taskflow_api_virtualenv.py
[2024-09-03T16:53:46.456+0000] {logging_mixin.py:190} INFO - [2024-09-03T16:53:46.456+0000] {dag.py:3211} INFO - Sync 1 DAGs
[2024-09-03T16:53:46.472+0000] {logging_mixin.py:190} INFO - [2024-09-03T16:53:46.471+0000] {dag.py:4138} INFO - Setting next_dagrun for tutorial_taskflow_api_virtualenv to None, run_after=None
[2024-09-03T16:53:46.485+0000] {processor.py:208} INFO - Processing /home/airflow/.local/lib/python3.12/site-packages/airflow/example_dags/tutorial_taskflow_api_virtualenv.py took 0.179 seconds
[2024-09-03T16:54:16.854+0000] {processor.py:186} INFO - Started process (PID=621) to work on /home/airflow/.local/lib/python3.12/site-packages/airflow/example_dags/tutorial_taskflow_api_virtualenv.py
[2024-09-03T16:54:16.856+0000] {processor.py:914} INFO - Processing file /home/airflow/.local/lib/python3.12/site-packages/airflow/example_dags/tutorial_taskflow_api_virtualenv.py for tasks to queue
[2024-09-03T16:54:16.860+0000] {logging_mixin.py:190} INFO - [2024-09-03T16:54:16.860+0000] {dagbag.py:587} INFO - Filling up the DagBag from /home/airflow/.local/lib/python3.12/site-packages/airflow/example_dags/tutorial_taskflow_api_virtualenv.py
[2024-09-03T16:54:16.888+0000] {processor.py:925} INFO - DAG(s) 'tutorial_taskflow_api_virtualenv' retrieved from /home/airflow/.local/lib/python3.12/site-packages/airflow/example_dags/tutorial_taskflow_api_virtualenv.py
[2024-09-03T16:54:16.963+0000] {logging_mixin.py:190} INFO - [2024-09-03T16:54:16.962+0000] {dag.py:3211} INFO - Sync 1 DAGs
[2024-09-03T16:54:16.987+0000] {logging_mixin.py:190} INFO - [2024-09-03T16:54:16.987+0000] {dag.py:4138} INFO - Setting next_dagrun for tutorial_taskflow_api_virtualenv to None, run_after=None
[2024-09-03T16:54:17.034+0000] {processor.py:208} INFO - Processing /home/airflow/.local/lib/python3.12/site-packages/airflow/example_dags/tutorial_taskflow_api_virtualenv.py took 0.187 seconds
[2024-09-03T16:54:47.785+0000] {processor.py:186} INFO - Started process (PID=684) to work on /home/airflow/.local/lib/python3.12/site-packages/airflow/example_dags/tutorial_taskflow_api_virtualenv.py
[2024-09-03T16:54:47.787+0000] {processor.py:914} INFO - Processing file /home/airflow/.local/lib/python3.12/site-packages/airflow/example_dags/tutorial_taskflow_api_virtualenv.py for tasks to queue
[2024-09-03T16:54:47.789+0000] {logging_mixin.py:190} INFO - [2024-09-03T16:54:47.789+0000] {dagbag.py:587} INFO - Filling up the DagBag from /home/airflow/.local/lib/python3.12/site-packages/airflow/example_dags/tutorial_taskflow_api_virtualenv.py
[2024-09-03T16:54:47.798+0000] {processor.py:925} INFO - DAG(s) 'tutorial_taskflow_api_virtualenv' retrieved from /home/airflow/.local/lib/python3.12/site-packages/airflow/example_dags/tutorial_taskflow_api_virtualenv.py
[2024-09-03T16:54:47.818+0000] {logging_mixin.py:190} INFO - [2024-09-03T16:54:47.818+0000] {dag.py:3211} INFO - Sync 1 DAGs
[2024-09-03T16:54:47.833+0000] {logging_mixin.py:190} INFO - [2024-09-03T16:54:47.833+0000] {dag.py:4138} INFO - Setting next_dagrun for tutorial_taskflow_api_virtualenv to None, run_after=None
[2024-09-03T16:54:47.846+0000] {processor.py:208} INFO - Processing /home/airflow/.local/lib/python3.12/site-packages/airflow/example_dags/tutorial_taskflow_api_virtualenv.py took 0.067 seconds
[2024-09-03T16:55:18.332+0000] {processor.py:186} INFO - Started process (PID=747) to work on /home/airflow/.local/lib/python3.12/site-packages/airflow/example_dags/tutorial_taskflow_api_virtualenv.py
[2024-09-03T16:55:18.333+0000] {processor.py:914} INFO - Processing file /home/airflow/.local/lib/python3.12/site-packages/airflow/example_dags/tutorial_taskflow_api_virtualenv.py for tasks to queue
[2024-09-03T16:55:18.335+0000] {logging_mixin.py:190} INFO - [2024-09-03T16:55:18.334+0000] {dagbag.py:587} INFO - Filling up the DagBag from /home/airflow/.local/lib/python3.12/site-packages/airflow/example_dags/tutorial_taskflow_api_virtualenv.py
[2024-09-03T16:55:18.344+0000] {processor.py:925} INFO - DAG(s) 'tutorial_taskflow_api_virtualenv' retrieved from /home/airflow/.local/lib/python3.12/site-packages/airflow/example_dags/tutorial_taskflow_api_virtualenv.py
[2024-09-03T16:55:18.359+0000] {logging_mixin.py:190} INFO - [2024-09-03T16:55:18.359+0000] {dag.py:3211} INFO - Sync 1 DAGs
[2024-09-03T16:55:18.366+0000] {logging_mixin.py:190} INFO - [2024-09-03T16:55:18.366+0000] {dag.py:4138} INFO - Setting next_dagrun for tutorial_taskflow_api_virtualenv to None, run_after=None
[2024-09-03T16:55:18.375+0000] {processor.py:208} INFO - Processing /home/airflow/.local/lib/python3.12/site-packages/airflow/example_dags/tutorial_taskflow_api_virtualenv.py took 0.047 seconds
[2024-09-03T16:55:49.306+0000] {processor.py:186} INFO - Started process (PID=810) to work on /home/airflow/.local/lib/python3.12/site-packages/airflow/example_dags/tutorial_taskflow_api_virtualenv.py
[2024-09-03T16:55:49.307+0000] {processor.py:914} INFO - Processing file /home/airflow/.local/lib/python3.12/site-packages/airflow/example_dags/tutorial_taskflow_api_virtualenv.py for tasks to queue
[2024-09-03T16:55:49.309+0000] {logging_mixin.py:190} INFO - [2024-09-03T16:55:49.309+0000] {dagbag.py:587} INFO - Filling up the DagBag from /home/airflow/.local/lib/python3.12/site-packages/airflow/example_dags/tutorial_taskflow_api_virtualenv.py
[2024-09-03T16:55:49.319+0000] {processor.py:925} INFO - DAG(s) 'tutorial_taskflow_api_virtualenv' retrieved from /home/airflow/.local/lib/python3.12/site-packages/airflow/example_dags/tutorial_taskflow_api_virtualenv.py
[2024-09-03T16:55:49.338+0000] {logging_mixin.py:190} INFO - [2024-09-03T16:55:49.337+0000] {dag.py:3211} INFO - Sync 1 DAGs
[2024-09-03T16:55:49.346+0000] {logging_mixin.py:190} INFO - [2024-09-03T16:55:49.345+0000] {dag.py:4138} INFO - Setting next_dagrun for tutorial_taskflow_api_virtualenv to None, run_after=None
[2024-09-03T16:55:49.355+0000] {processor.py:208} INFO - Processing /home/airflow/.local/lib/python3.12/site-packages/airflow/example_dags/tutorial_taskflow_api_virtualenv.py took 0.053 seconds
[2024-09-03T16:56:20.081+0000] {processor.py:186} INFO - Started process (PID=873) to work on /home/airflow/.local/lib/python3.12/site-packages/airflow/example_dags/tutorial_taskflow_api_virtualenv.py
[2024-09-03T16:56:20.082+0000] {processor.py:914} INFO - Processing file /home/airflow/.local/lib/python3.12/site-packages/airflow/example_dags/tutorial_taskflow_api_virtualenv.py for tasks to queue
[2024-09-03T16:56:20.084+0000] {logging_mixin.py:190} INFO - [2024-09-03T16:56:20.084+0000] {dagbag.py:587} INFO - Filling up the DagBag from /home/airflow/.local/lib/python3.12/site-packages/airflow/example_dags/tutorial_taskflow_api_virtualenv.py
[2024-09-03T16:56:20.098+0000] {processor.py:925} INFO - DAG(s) 'tutorial_taskflow_api_virtualenv' retrieved from /home/airflow/.local/lib/python3.12/site-packages/airflow/example_dags/tutorial_taskflow_api_virtualenv.py
[2024-09-03T16:56:20.117+0000] {logging_mixin.py:190} INFO - [2024-09-03T16:56:20.117+0000] {dag.py:3211} INFO - Sync 1 DAGs
[2024-09-03T16:56:20.126+0000] {logging_mixin.py:190} INFO - [2024-09-03T16:56:20.125+0000] {dag.py:4138} INFO - Setting next_dagrun for tutorial_taskflow_api_virtualenv to None, run_after=None
[2024-09-03T16:56:20.138+0000] {processor.py:208} INFO - Processing /home/airflow/.local/lib/python3.12/site-packages/airflow/example_dags/tutorial_taskflow_api_virtualenv.py took 0.062 seconds
[2024-09-03T16:56:51.042+0000] {processor.py:186} INFO - Started process (PID=936) to work on /home/airflow/.local/lib/python3.12/site-packages/airflow/example_dags/tutorial_taskflow_api_virtualenv.py
[2024-09-03T16:56:51.044+0000] {processor.py:914} INFO - Processing file /home/airflow/.local/lib/python3.12/site-packages/airflow/example_dags/tutorial_taskflow_api_virtualenv.py for tasks to queue
[2024-09-03T16:56:51.046+0000] {logging_mixin.py:190} INFO - [2024-09-03T16:56:51.045+0000] {dagbag.py:587} INFO - Filling up the DagBag from /home/airflow/.local/lib/python3.12/site-packages/airflow/example_dags/tutorial_taskflow_api_virtualenv.py
[2024-09-03T16:56:51.057+0000] {processor.py:925} INFO - DAG(s) 'tutorial_taskflow_api_virtualenv' retrieved from /home/airflow/.local/lib/python3.12/site-packages/airflow/example_dags/tutorial_taskflow_api_virtualenv.py
[2024-09-03T16:56:51.075+0000] {logging_mixin.py:190} INFO - [2024-09-03T16:56:51.075+0000] {dag.py:3211} INFO - Sync 1 DAGs
[2024-09-03T16:56:51.084+0000] {logging_mixin.py:190} INFO - [2024-09-03T16:56:51.084+0000] {dag.py:4138} INFO - Setting next_dagrun for tutorial_taskflow_api_virtualenv to None, run_after=None
[2024-09-03T16:56:51.096+0000] {processor.py:208} INFO - Processing /home/airflow/.local/lib/python3.12/site-packages/airflow/example_dags/tutorial_taskflow_api_virtualenv.py took 0.058 seconds
[2024-09-03T16:57:22.124+0000] {processor.py:186} INFO - Started process (PID=1000) to work on /home/airflow/.local/lib/python3.12/site-packages/airflow/example_dags/tutorial_taskflow_api_virtualenv.py
[2024-09-03T16:57:22.125+0000] {processor.py:914} INFO - Processing file /home/airflow/.local/lib/python3.12/site-packages/airflow/example_dags/tutorial_taskflow_api_virtualenv.py for tasks to queue
[2024-09-03T16:57:22.127+0000] {logging_mixin.py:190} INFO - [2024-09-03T16:57:22.127+0000] {dagbag.py:587} INFO - Filling up the DagBag from /home/airflow/.local/lib/python3.12/site-packages/airflow/example_dags/tutorial_taskflow_api_virtualenv.py
[2024-09-03T16:57:22.136+0000] {processor.py:925} INFO - DAG(s) 'tutorial_taskflow_api_virtualenv' retrieved from /home/airflow/.local/lib/python3.12/site-packages/airflow/example_dags/tutorial_taskflow_api_virtualenv.py
[2024-09-03T16:57:22.151+0000] {logging_mixin.py:190} INFO - [2024-09-03T16:57:22.151+0000] {dag.py:3211} INFO - Sync 1 DAGs
[2024-09-03T16:57:22.162+0000] {logging_mixin.py:190} INFO - [2024-09-03T16:57:22.162+0000] {dag.py:4138} INFO - Setting next_dagrun for tutorial_taskflow_api_virtualenv to None, run_after=None
[2024-09-03T16:57:22.172+0000] {processor.py:208} INFO - Processing /home/airflow/.local/lib/python3.12/site-packages/airflow/example_dags/tutorial_taskflow_api_virtualenv.py took 0.052 seconds
[2024-09-03T16:57:53.413+0000] {processor.py:186} INFO - Started process (PID=1063) to work on /home/airflow/.local/lib/python3.12/site-packages/airflow/example_dags/tutorial_taskflow_api_virtualenv.py
[2024-09-03T16:57:53.414+0000] {processor.py:914} INFO - Processing file /home/airflow/.local/lib/python3.12/site-packages/airflow/example_dags/tutorial_taskflow_api_virtualenv.py for tasks to queue
[2024-09-03T16:57:53.417+0000] {logging_mixin.py:190} INFO - [2024-09-03T16:57:53.417+0000] {dagbag.py:587} INFO - Filling up the DagBag from /home/airflow/.local/lib/python3.12/site-packages/airflow/example_dags/tutorial_taskflow_api_virtualenv.py
[2024-09-03T16:57:53.430+0000] {processor.py:925} INFO - DAG(s) 'tutorial_taskflow_api_virtualenv' retrieved from /home/airflow/.local/lib/python3.12/site-packages/airflow/example_dags/tutorial_taskflow_api_virtualenv.py
[2024-09-03T16:57:53.448+0000] {logging_mixin.py:190} INFO - [2024-09-03T16:57:53.448+0000] {dag.py:3211} INFO - Sync 1 DAGs
[2024-09-03T16:57:53.457+0000] {logging_mixin.py:190} INFO - [2024-09-03T16:57:53.457+0000] {dag.py:4138} INFO - Setting next_dagrun for tutorial_taskflow_api_virtualenv to None, run_after=None
[2024-09-03T16:57:53.468+0000] {processor.py:208} INFO - Processing /home/airflow/.local/lib/python3.12/site-packages/airflow/example_dags/tutorial_taskflow_api_virtualenv.py took 0.061 seconds
[2024-09-03T16:58:24.441+0000] {processor.py:186} INFO - Started process (PID=1126) to work on /home/airflow/.local/lib/python3.12/site-packages/airflow/example_dags/tutorial_taskflow_api_virtualenv.py
[2024-09-03T16:58:24.443+0000] {processor.py:914} INFO - Processing file /home/airflow/.local/lib/python3.12/site-packages/airflow/example_dags/tutorial_taskflow_api_virtualenv.py for tasks to queue
[2024-09-03T16:58:24.446+0000] {logging_mixin.py:190} INFO - [2024-09-03T16:58:24.446+0000] {dagbag.py:587} INFO - Filling up the DagBag from /home/airflow/.local/lib/python3.12/site-packages/airflow/example_dags/tutorial_taskflow_api_virtualenv.py
[2024-09-03T16:58:24.456+0000] {processor.py:925} INFO - DAG(s) 'tutorial_taskflow_api_virtualenv' retrieved from /home/airflow/.local/lib/python3.12/site-packages/airflow/example_dags/tutorial_taskflow_api_virtualenv.py
[2024-09-03T16:58:24.473+0000] {logging_mixin.py:190} INFO - [2024-09-03T16:58:24.473+0000] {dag.py:3211} INFO - Sync 1 DAGs
[2024-09-03T16:58:24.481+0000] {logging_mixin.py:190} INFO - [2024-09-03T16:58:24.481+0000] {dag.py:4138} INFO - Setting next_dagrun for tutorial_taskflow_api_virtualenv to None, run_after=None
[2024-09-03T16:58:24.503+0000] {processor.py:208} INFO - Processing /home/airflow/.local/lib/python3.12/site-packages/airflow/example_dags/tutorial_taskflow_api_virtualenv.py took 0.068 seconds
