[2024-09-03T16:49:57.520+0000] {processor.py:186} INFO - Started process (PID=81) to work on /home/airflow/.local/lib/python3.12/site-packages/airflow/example_dags/tutorial.py
[2024-09-03T16:49:57.525+0000] {processor.py:914} INFO - Processing file /home/airflow/.local/lib/python3.12/site-packages/airflow/example_dags/tutorial.py for tasks to queue
[2024-09-03T16:49:57.552+0000] {logging_mixin.py:190} INFO - [2024-09-03T16:49:57.550+0000] {dagbag.py:587} INFO - Filling up the DagBag from /home/airflow/.local/lib/python3.12/site-packages/airflow/example_dags/tutorial.py
[2024-09-03T16:49:57.701+0000] {processor.py:925} INFO - DAG(s) 'tutorial' retrieved from /home/airflow/.local/lib/python3.12/site-packages/airflow/example_dags/tutorial.py
[2024-09-03T16:49:58.335+0000] {logging_mixin.py:190} INFO - [2024-09-03T16:49:58.332+0000] {override.py:1858} INFO - Created Permission View: can delete on DAG:tutorial
[2024-09-03T16:49:58.349+0000] {logging_mixin.py:190} INFO - [2024-09-03T16:49:58.349+0000] {override.py:1858} INFO - Created Permission View: can edit on DAG:tutorial
[2024-09-03T16:49:58.356+0000] {logging_mixin.py:190} INFO - [2024-09-03T16:49:58.355+0000] {override.py:1858} INFO - Created Permission View: can read on DAG:tutorial
[2024-09-03T16:49:58.358+0000] {logging_mixin.py:190} INFO - [2024-09-03T16:49:58.358+0000] {dag.py:3211} INFO - Sync 1 DAGs
[2024-09-03T16:49:58.459+0000] {logging_mixin.py:190} INFO - [2024-09-03T16:49:58.459+0000] {dag.py:3234} INFO - Creating ORM DAG for tutorial
[2024-09-03T16:49:58.531+0000] {logging_mixin.py:190} INFO - [2024-09-03T16:49:58.530+0000] {dag.py:4138} INFO - Setting next_dagrun for tutorial to 2024-09-02 00:00:00+00:00, run_after=2024-09-03 00:00:00+00:00
[2024-09-03T16:49:58.589+0000] {processor.py:208} INFO - Processing /home/airflow/.local/lib/python3.12/site-packages/airflow/example_dags/tutorial.py took 1.206 seconds
[2024-09-03T16:50:29.521+0000] {processor.py:186} INFO - Started process (PID=144) to work on /home/airflow/.local/lib/python3.12/site-packages/airflow/example_dags/tutorial.py
[2024-09-03T16:50:29.523+0000] {processor.py:914} INFO - Processing file /home/airflow/.local/lib/python3.12/site-packages/airflow/example_dags/tutorial.py for tasks to queue
[2024-09-03T16:50:29.527+0000] {logging_mixin.py:190} INFO - [2024-09-03T16:50:29.526+0000] {dagbag.py:587} INFO - Filling up the DagBag from /home/airflow/.local/lib/python3.12/site-packages/airflow/example_dags/tutorial.py
[2024-09-03T16:50:29.541+0000] {processor.py:925} INFO - DAG(s) 'tutorial' retrieved from /home/airflow/.local/lib/python3.12/site-packages/airflow/example_dags/tutorial.py
[2024-09-03T16:50:29.573+0000] {logging_mixin.py:190} INFO - [2024-09-03T16:50:29.573+0000] {dag.py:3211} INFO - Sync 1 DAGs
[2024-09-03T16:50:29.594+0000] {logging_mixin.py:190} INFO - [2024-09-03T16:50:29.594+0000] {dag.py:4138} INFO - Setting next_dagrun for tutorial to 2024-09-02 00:00:00+00:00, run_after=2024-09-03 00:00:00+00:00
[2024-09-03T16:50:29.612+0000] {processor.py:208} INFO - Processing /home/airflow/.local/lib/python3.12/site-packages/airflow/example_dags/tutorial.py took 0.110 seconds
[2024-09-03T16:51:00.483+0000] {processor.py:186} INFO - Started process (PID=207) to work on /home/airflow/.local/lib/python3.12/site-packages/airflow/example_dags/tutorial.py
[2024-09-03T16:51:00.484+0000] {processor.py:914} INFO - Processing file /home/airflow/.local/lib/python3.12/site-packages/airflow/example_dags/tutorial.py for tasks to queue
[2024-09-03T16:51:00.488+0000] {logging_mixin.py:190} INFO - [2024-09-03T16:51:00.487+0000] {dagbag.py:587} INFO - Filling up the DagBag from /home/airflow/.local/lib/python3.12/site-packages/airflow/example_dags/tutorial.py
[2024-09-03T16:51:00.503+0000] {processor.py:925} INFO - DAG(s) 'tutorial' retrieved from /home/airflow/.local/lib/python3.12/site-packages/airflow/example_dags/tutorial.py
[2024-09-03T16:51:00.541+0000] {logging_mixin.py:190} INFO - [2024-09-03T16:51:00.540+0000] {dag.py:3211} INFO - Sync 1 DAGs
[2024-09-03T16:51:00.558+0000] {logging_mixin.py:190} INFO - [2024-09-03T16:51:00.558+0000] {dag.py:4138} INFO - Setting next_dagrun for tutorial to 2024-09-02 00:00:00+00:00, run_after=2024-09-03 00:00:00+00:00
[2024-09-03T16:51:00.577+0000] {processor.py:208} INFO - Processing /home/airflow/.local/lib/python3.12/site-packages/airflow/example_dags/tutorial.py took 0.102 seconds
[2024-09-03T16:51:30.790+0000] {processor.py:186} INFO - Started process (PID=269) to work on /home/airflow/.local/lib/python3.12/site-packages/airflow/example_dags/tutorial.py
[2024-09-03T16:51:30.793+0000] {processor.py:914} INFO - Processing file /home/airflow/.local/lib/python3.12/site-packages/airflow/example_dags/tutorial.py for tasks to queue
[2024-09-03T16:51:30.817+0000] {logging_mixin.py:190} INFO - [2024-09-03T16:51:30.815+0000] {dagbag.py:587} INFO - Filling up the DagBag from /home/airflow/.local/lib/python3.12/site-packages/airflow/example_dags/tutorial.py
[2024-09-03T16:51:30.858+0000] {processor.py:925} INFO - DAG(s) 'tutorial' retrieved from /home/airflow/.local/lib/python3.12/site-packages/airflow/example_dags/tutorial.py
[2024-09-03T16:51:30.917+0000] {logging_mixin.py:190} INFO - [2024-09-03T16:51:30.917+0000] {dag.py:3211} INFO - Sync 1 DAGs
[2024-09-03T16:51:30.958+0000] {logging_mixin.py:190} INFO - [2024-09-03T16:51:30.957+0000] {dag.py:4138} INFO - Setting next_dagrun for tutorial to 2024-09-02 00:00:00+00:00, run_after=2024-09-03 00:00:00+00:00
[2024-09-03T16:51:30.989+0000] {processor.py:208} INFO - Processing /home/airflow/.local/lib/python3.12/site-packages/airflow/example_dags/tutorial.py took 0.212 seconds
[2024-09-03T16:52:01.362+0000] {processor.py:186} INFO - Started process (PID=332) to work on /home/airflow/.local/lib/python3.12/site-packages/airflow/example_dags/tutorial.py
[2024-09-03T16:52:01.366+0000] {processor.py:914} INFO - Processing file /home/airflow/.local/lib/python3.12/site-packages/airflow/example_dags/tutorial.py for tasks to queue
[2024-09-03T16:52:01.373+0000] {logging_mixin.py:190} INFO - [2024-09-03T16:52:01.372+0000] {dagbag.py:587} INFO - Filling up the DagBag from /home/airflow/.local/lib/python3.12/site-packages/airflow/example_dags/tutorial.py
[2024-09-03T16:52:01.438+0000] {processor.py:925} INFO - DAG(s) 'tutorial' retrieved from /home/airflow/.local/lib/python3.12/site-packages/airflow/example_dags/tutorial.py
[2024-09-03T16:52:01.498+0000] {logging_mixin.py:190} INFO - [2024-09-03T16:52:01.498+0000] {dag.py:3211} INFO - Sync 1 DAGs
[2024-09-03T16:52:01.558+0000] {logging_mixin.py:190} INFO - [2024-09-03T16:52:01.557+0000] {dag.py:4138} INFO - Setting next_dagrun for tutorial to 2024-09-02 00:00:00+00:00, run_after=2024-09-03 00:00:00+00:00
[2024-09-03T16:52:01.593+0000] {processor.py:208} INFO - Processing /home/airflow/.local/lib/python3.12/site-packages/airflow/example_dags/tutorial.py took 0.247 seconds
[2024-09-03T16:52:32.094+0000] {processor.py:186} INFO - Started process (PID=395) to work on /home/airflow/.local/lib/python3.12/site-packages/airflow/example_dags/tutorial.py
[2024-09-03T16:52:32.102+0000] {processor.py:914} INFO - Processing file /home/airflow/.local/lib/python3.12/site-packages/airflow/example_dags/tutorial.py for tasks to queue
[2024-09-03T16:52:32.116+0000] {logging_mixin.py:190} INFO - [2024-09-03T16:52:32.115+0000] {dagbag.py:587} INFO - Filling up the DagBag from /home/airflow/.local/lib/python3.12/site-packages/airflow/example_dags/tutorial.py
[2024-09-03T16:52:32.172+0000] {processor.py:925} INFO - DAG(s) 'tutorial' retrieved from /home/airflow/.local/lib/python3.12/site-packages/airflow/example_dags/tutorial.py
[2024-09-03T16:52:32.257+0000] {logging_mixin.py:190} INFO - [2024-09-03T16:52:32.257+0000] {dag.py:3211} INFO - Sync 1 DAGs
[2024-09-03T16:52:32.315+0000] {logging_mixin.py:190} INFO - [2024-09-03T16:52:32.315+0000] {dag.py:4138} INFO - Setting next_dagrun for tutorial to 2024-09-02 00:00:00+00:00, run_after=2024-09-03 00:00:00+00:00
[2024-09-03T16:52:32.365+0000] {processor.py:208} INFO - Processing /home/airflow/.local/lib/python3.12/site-packages/airflow/example_dags/tutorial.py took 0.300 seconds
[2024-09-03T16:53:03.244+0000] {processor.py:186} INFO - Started process (PID=458) to work on /home/airflow/.local/lib/python3.12/site-packages/airflow/example_dags/tutorial.py
[2024-09-03T16:53:03.247+0000] {processor.py:914} INFO - Processing file /home/airflow/.local/lib/python3.12/site-packages/airflow/example_dags/tutorial.py for tasks to queue
[2024-09-03T16:53:03.252+0000] {logging_mixin.py:190} INFO - [2024-09-03T16:53:03.252+0000] {dagbag.py:587} INFO - Filling up the DagBag from /home/airflow/.local/lib/python3.12/site-packages/airflow/example_dags/tutorial.py
[2024-09-03T16:53:03.263+0000] {processor.py:925} INFO - DAG(s) 'tutorial' retrieved from /home/airflow/.local/lib/python3.12/site-packages/airflow/example_dags/tutorial.py
[2024-09-03T16:53:03.286+0000] {logging_mixin.py:190} INFO - [2024-09-03T16:53:03.286+0000] {dag.py:3211} INFO - Sync 1 DAGs
[2024-09-03T16:53:03.301+0000] {logging_mixin.py:190} INFO - [2024-09-03T16:53:03.301+0000] {dag.py:4138} INFO - Setting next_dagrun for tutorial to 2024-09-02 00:00:00+00:00, run_after=2024-09-03 00:00:00+00:00
[2024-09-03T16:53:03.314+0000] {processor.py:208} INFO - Processing /home/airflow/.local/lib/python3.12/site-packages/airflow/example_dags/tutorial.py took 0.088 seconds
[2024-09-03T16:53:33.344+0000] {processor.py:186} INFO - Started process (PID=522) to work on /home/airflow/.local/lib/python3.12/site-packages/airflow/example_dags/tutorial.py
[2024-09-03T16:53:33.345+0000] {processor.py:914} INFO - Processing file /home/airflow/.local/lib/python3.12/site-packages/airflow/example_dags/tutorial.py for tasks to queue
[2024-09-03T16:53:33.347+0000] {logging_mixin.py:190} INFO - [2024-09-03T16:53:33.346+0000] {dagbag.py:587} INFO - Filling up the DagBag from /home/airflow/.local/lib/python3.12/site-packages/airflow/example_dags/tutorial.py
[2024-09-03T16:53:33.352+0000] {processor.py:925} INFO - DAG(s) 'tutorial' retrieved from /home/airflow/.local/lib/python3.12/site-packages/airflow/example_dags/tutorial.py
[2024-09-03T16:53:33.368+0000] {logging_mixin.py:190} INFO - [2024-09-03T16:53:33.367+0000] {dag.py:3211} INFO - Sync 1 DAGs
[2024-09-03T16:53:33.380+0000] {logging_mixin.py:190} INFO - [2024-09-03T16:53:33.380+0000] {dag.py:4138} INFO - Setting next_dagrun for tutorial to 2024-09-02 00:00:00+00:00, run_after=2024-09-03 00:00:00+00:00
[2024-09-03T16:53:33.389+0000] {processor.py:208} INFO - Processing /home/airflow/.local/lib/python3.12/site-packages/airflow/example_dags/tutorial.py took 0.048 seconds
[2024-09-03T16:54:03.621+0000] {processor.py:186} INFO - Started process (PID=585) to work on /home/airflow/.local/lib/python3.12/site-packages/airflow/example_dags/tutorial.py
[2024-09-03T16:54:03.622+0000] {processor.py:914} INFO - Processing file /home/airflow/.local/lib/python3.12/site-packages/airflow/example_dags/tutorial.py for tasks to queue
[2024-09-03T16:54:03.623+0000] {logging_mixin.py:190} INFO - [2024-09-03T16:54:03.623+0000] {dagbag.py:587} INFO - Filling up the DagBag from /home/airflow/.local/lib/python3.12/site-packages/airflow/example_dags/tutorial.py
[2024-09-03T16:54:03.630+0000] {processor.py:925} INFO - DAG(s) 'tutorial' retrieved from /home/airflow/.local/lib/python3.12/site-packages/airflow/example_dags/tutorial.py
[2024-09-03T16:54:03.652+0000] {logging_mixin.py:190} INFO - [2024-09-03T16:54:03.651+0000] {dag.py:3211} INFO - Sync 1 DAGs
[2024-09-03T16:54:03.670+0000] {logging_mixin.py:190} INFO - [2024-09-03T16:54:03.670+0000] {dag.py:4138} INFO - Setting next_dagrun for tutorial to 2024-09-02 00:00:00+00:00, run_after=2024-09-03 00:00:00+00:00
[2024-09-03T16:54:03.683+0000] {processor.py:208} INFO - Processing /home/airflow/.local/lib/python3.12/site-packages/airflow/example_dags/tutorial.py took 0.067 seconds
[2024-09-03T16:54:34.458+0000] {processor.py:186} INFO - Started process (PID=648) to work on /home/airflow/.local/lib/python3.12/site-packages/airflow/example_dags/tutorial.py
[2024-09-03T16:54:34.459+0000] {processor.py:914} INFO - Processing file /home/airflow/.local/lib/python3.12/site-packages/airflow/example_dags/tutorial.py for tasks to queue
[2024-09-03T16:54:34.460+0000] {logging_mixin.py:190} INFO - [2024-09-03T16:54:34.460+0000] {dagbag.py:587} INFO - Filling up the DagBag from /home/airflow/.local/lib/python3.12/site-packages/airflow/example_dags/tutorial.py
[2024-09-03T16:54:34.466+0000] {processor.py:925} INFO - DAG(s) 'tutorial' retrieved from /home/airflow/.local/lib/python3.12/site-packages/airflow/example_dags/tutorial.py
[2024-09-03T16:54:34.482+0000] {logging_mixin.py:190} INFO - [2024-09-03T16:54:34.482+0000] {dag.py:3211} INFO - Sync 1 DAGs
[2024-09-03T16:54:34.495+0000] {logging_mixin.py:190} INFO - [2024-09-03T16:54:34.495+0000] {dag.py:4138} INFO - Setting next_dagrun for tutorial to 2024-09-02 00:00:00+00:00, run_after=2024-09-03 00:00:00+00:00
[2024-09-03T16:54:34.504+0000] {processor.py:208} INFO - Processing /home/airflow/.local/lib/python3.12/site-packages/airflow/example_dags/tutorial.py took 0.051 seconds
[2024-09-03T16:55:05.065+0000] {processor.py:186} INFO - Started process (PID=711) to work on /home/airflow/.local/lib/python3.12/site-packages/airflow/example_dags/tutorial.py
[2024-09-03T16:55:05.066+0000] {processor.py:914} INFO - Processing file /home/airflow/.local/lib/python3.12/site-packages/airflow/example_dags/tutorial.py for tasks to queue
[2024-09-03T16:55:05.068+0000] {logging_mixin.py:190} INFO - [2024-09-03T16:55:05.068+0000] {dagbag.py:587} INFO - Filling up the DagBag from /home/airflow/.local/lib/python3.12/site-packages/airflow/example_dags/tutorial.py
[2024-09-03T16:55:05.074+0000] {processor.py:925} INFO - DAG(s) 'tutorial' retrieved from /home/airflow/.local/lib/python3.12/site-packages/airflow/example_dags/tutorial.py
[2024-09-03T16:55:05.088+0000] {logging_mixin.py:190} INFO - [2024-09-03T16:55:05.088+0000] {dag.py:3211} INFO - Sync 1 DAGs
[2024-09-03T16:55:05.100+0000] {logging_mixin.py:190} INFO - [2024-09-03T16:55:05.100+0000] {dag.py:4138} INFO - Setting next_dagrun for tutorial to 2024-09-02 00:00:00+00:00, run_after=2024-09-03 00:00:00+00:00
[2024-09-03T16:55:05.108+0000] {processor.py:208} INFO - Processing /home/airflow/.local/lib/python3.12/site-packages/airflow/example_dags/tutorial.py took 0.047 seconds
[2024-09-03T16:55:35.310+0000] {processor.py:186} INFO - Started process (PID=774) to work on /home/airflow/.local/lib/python3.12/site-packages/airflow/example_dags/tutorial.py
[2024-09-03T16:55:35.311+0000] {processor.py:914} INFO - Processing file /home/airflow/.local/lib/python3.12/site-packages/airflow/example_dags/tutorial.py for tasks to queue
[2024-09-03T16:55:35.312+0000] {logging_mixin.py:190} INFO - [2024-09-03T16:55:35.312+0000] {dagbag.py:587} INFO - Filling up the DagBag from /home/airflow/.local/lib/python3.12/site-packages/airflow/example_dags/tutorial.py
[2024-09-03T16:55:35.318+0000] {processor.py:925} INFO - DAG(s) 'tutorial' retrieved from /home/airflow/.local/lib/python3.12/site-packages/airflow/example_dags/tutorial.py
[2024-09-03T16:55:35.333+0000] {logging_mixin.py:190} INFO - [2024-09-03T16:55:35.333+0000] {dag.py:3211} INFO - Sync 1 DAGs
[2024-09-03T16:55:35.347+0000] {logging_mixin.py:190} INFO - [2024-09-03T16:55:35.347+0000] {dag.py:4138} INFO - Setting next_dagrun for tutorial to 2024-09-02 00:00:00+00:00, run_after=2024-09-03 00:00:00+00:00
[2024-09-03T16:55:35.360+0000] {processor.py:208} INFO - Processing /home/airflow/.local/lib/python3.12/site-packages/airflow/example_dags/tutorial.py took 0.054 seconds
[2024-09-03T16:56:06.461+0000] {processor.py:186} INFO - Started process (PID=837) to work on /home/airflow/.local/lib/python3.12/site-packages/airflow/example_dags/tutorial.py
[2024-09-03T16:56:06.463+0000] {processor.py:914} INFO - Processing file /home/airflow/.local/lib/python3.12/site-packages/airflow/example_dags/tutorial.py for tasks to queue
[2024-09-03T16:56:06.466+0000] {logging_mixin.py:190} INFO - [2024-09-03T16:56:06.465+0000] {dagbag.py:587} INFO - Filling up the DagBag from /home/airflow/.local/lib/python3.12/site-packages/airflow/example_dags/tutorial.py
[2024-09-03T16:56:06.474+0000] {processor.py:925} INFO - DAG(s) 'tutorial' retrieved from /home/airflow/.local/lib/python3.12/site-packages/airflow/example_dags/tutorial.py
[2024-09-03T16:56:06.512+0000] {logging_mixin.py:190} INFO - [2024-09-03T16:56:06.511+0000] {dag.py:3211} INFO - Sync 1 DAGs
[2024-09-03T16:56:06.549+0000] {logging_mixin.py:190} INFO - [2024-09-03T16:56:06.549+0000] {dag.py:4138} INFO - Setting next_dagrun for tutorial to 2024-09-02 00:00:00+00:00, run_after=2024-09-03 00:00:00+00:00
[2024-09-03T16:56:06.586+0000] {processor.py:208} INFO - Processing /home/airflow/.local/lib/python3.12/site-packages/airflow/example_dags/tutorial.py took 0.133 seconds
[2024-09-03T16:56:37.245+0000] {processor.py:186} INFO - Started process (PID=900) to work on /home/airflow/.local/lib/python3.12/site-packages/airflow/example_dags/tutorial.py
[2024-09-03T16:56:37.246+0000] {processor.py:914} INFO - Processing file /home/airflow/.local/lib/python3.12/site-packages/airflow/example_dags/tutorial.py for tasks to queue
[2024-09-03T16:56:37.248+0000] {logging_mixin.py:190} INFO - [2024-09-03T16:56:37.248+0000] {dagbag.py:587} INFO - Filling up the DagBag from /home/airflow/.local/lib/python3.12/site-packages/airflow/example_dags/tutorial.py
[2024-09-03T16:56:37.255+0000] {processor.py:925} INFO - DAG(s) 'tutorial' retrieved from /home/airflow/.local/lib/python3.12/site-packages/airflow/example_dags/tutorial.py
[2024-09-03T16:56:37.274+0000] {logging_mixin.py:190} INFO - [2024-09-03T16:56:37.273+0000] {dag.py:3211} INFO - Sync 1 DAGs
[2024-09-03T16:56:37.295+0000] {logging_mixin.py:190} INFO - [2024-09-03T16:56:37.294+0000] {dag.py:4138} INFO - Setting next_dagrun for tutorial to 2024-09-02 00:00:00+00:00, run_after=2024-09-03 00:00:00+00:00
[2024-09-03T16:56:37.309+0000] {processor.py:208} INFO - Processing /home/airflow/.local/lib/python3.12/site-packages/airflow/example_dags/tutorial.py took 0.068 seconds
[2024-09-03T16:57:07.593+0000] {processor.py:186} INFO - Started process (PID=964) to work on /home/airflow/.local/lib/python3.12/site-packages/airflow/example_dags/tutorial.py
[2024-09-03T16:57:07.595+0000] {processor.py:914} INFO - Processing file /home/airflow/.local/lib/python3.12/site-packages/airflow/example_dags/tutorial.py for tasks to queue
[2024-09-03T16:57:07.596+0000] {logging_mixin.py:190} INFO - [2024-09-03T16:57:07.596+0000] {dagbag.py:587} INFO - Filling up the DagBag from /home/airflow/.local/lib/python3.12/site-packages/airflow/example_dags/tutorial.py
[2024-09-03T16:57:07.605+0000] {processor.py:925} INFO - DAG(s) 'tutorial' retrieved from /home/airflow/.local/lib/python3.12/site-packages/airflow/example_dags/tutorial.py
[2024-09-03T16:57:07.623+0000] {logging_mixin.py:190} INFO - [2024-09-03T16:57:07.623+0000] {dag.py:3211} INFO - Sync 1 DAGs
[2024-09-03T16:57:07.637+0000] {logging_mixin.py:190} INFO - [2024-09-03T16:57:07.637+0000] {dag.py:4138} INFO - Setting next_dagrun for tutorial to 2024-09-02 00:00:00+00:00, run_after=2024-09-03 00:00:00+00:00
[2024-09-03T16:57:07.651+0000] {processor.py:208} INFO - Processing /home/airflow/.local/lib/python3.12/site-packages/airflow/example_dags/tutorial.py took 0.063 seconds
[2024-09-03T16:57:38.650+0000] {processor.py:186} INFO - Started process (PID=1027) to work on /home/airflow/.local/lib/python3.12/site-packages/airflow/example_dags/tutorial.py
[2024-09-03T16:57:38.651+0000] {processor.py:914} INFO - Processing file /home/airflow/.local/lib/python3.12/site-packages/airflow/example_dags/tutorial.py for tasks to queue
[2024-09-03T16:57:38.652+0000] {logging_mixin.py:190} INFO - [2024-09-03T16:57:38.652+0000] {dagbag.py:587} INFO - Filling up the DagBag from /home/airflow/.local/lib/python3.12/site-packages/airflow/example_dags/tutorial.py
[2024-09-03T16:57:38.658+0000] {processor.py:925} INFO - DAG(s) 'tutorial' retrieved from /home/airflow/.local/lib/python3.12/site-packages/airflow/example_dags/tutorial.py
[2024-09-03T16:57:38.676+0000] {logging_mixin.py:190} INFO - [2024-09-03T16:57:38.676+0000] {dag.py:3211} INFO - Sync 1 DAGs
[2024-09-03T16:57:38.690+0000] {logging_mixin.py:190} INFO - [2024-09-03T16:57:38.689+0000] {dag.py:4138} INFO - Setting next_dagrun for tutorial to 2024-09-02 00:00:00+00:00, run_after=2024-09-03 00:00:00+00:00
[2024-09-03T16:57:38.700+0000] {processor.py:208} INFO - Processing /home/airflow/.local/lib/python3.12/site-packages/airflow/example_dags/tutorial.py took 0.055 seconds
[2024-09-03T16:58:09.979+0000] {processor.py:186} INFO - Started process (PID=1090) to work on /home/airflow/.local/lib/python3.12/site-packages/airflow/example_dags/tutorial.py
[2024-09-03T16:58:09.987+0000] {processor.py:914} INFO - Processing file /home/airflow/.local/lib/python3.12/site-packages/airflow/example_dags/tutorial.py for tasks to queue
[2024-09-03T16:58:09.995+0000] {logging_mixin.py:190} INFO - [2024-09-03T16:58:09.994+0000] {dagbag.py:587} INFO - Filling up the DagBag from /home/airflow/.local/lib/python3.12/site-packages/airflow/example_dags/tutorial.py
[2024-09-03T16:58:10.013+0000] {processor.py:925} INFO - DAG(s) 'tutorial' retrieved from /home/airflow/.local/lib/python3.12/site-packages/airflow/example_dags/tutorial.py
[2024-09-03T16:58:10.065+0000] {logging_mixin.py:190} INFO - [2024-09-03T16:58:10.065+0000] {dag.py:3211} INFO - Sync 1 DAGs
[2024-09-03T16:58:10.091+0000] {logging_mixin.py:190} INFO - [2024-09-03T16:58:10.091+0000] {dag.py:4138} INFO - Setting next_dagrun for tutorial to 2024-09-02 00:00:00+00:00, run_after=2024-09-03 00:00:00+00:00
[2024-09-03T16:58:10.123+0000] {processor.py:208} INFO - Processing /home/airflow/.local/lib/python3.12/site-packages/airflow/example_dags/tutorial.py took 0.160 seconds
