[2024-09-03T16:49:53.216+0000] {processor.py:186} INFO - Started process (PID=71) to work on /home/airflow/.local/lib/python3.12/site-packages/airflow/example_dags/tutorial_dag.py
[2024-09-03T16:49:53.255+0000] {processor.py:914} INFO - Processing file /home/airflow/.local/lib/python3.12/site-packages/airflow/example_dags/tutorial_dag.py for tasks to queue
[2024-09-03T16:49:53.333+0000] {logging_mixin.py:190} INFO - [2024-09-03T16:49:53.325+0000] {dagbag.py:587} INFO - Filling up the DagBag from /home/airflow/.local/lib/python3.12/site-packages/airflow/example_dags/tutorial_dag.py
[2024-09-03T16:49:53.502+0000] {processor.py:925} INFO - DAG(s) 'tutorial_dag' retrieved from /home/airflow/.local/lib/python3.12/site-packages/airflow/example_dags/tutorial_dag.py
[2024-09-03T16:49:55.747+0000] {logging_mixin.py:190} INFO - [2024-09-03T16:49:55.739+0000] {override.py:1858} INFO - Created Permission View: can delete on DAG:tutorial_dag
[2024-09-03T16:49:55.777+0000] {logging_mixin.py:190} INFO - [2024-09-03T16:49:55.776+0000] {override.py:1858} INFO - Created Permission View: can edit on DAG:tutorial_dag
[2024-09-03T16:49:55.782+0000] {logging_mixin.py:190} INFO - [2024-09-03T16:49:55.781+0000] {override.py:1858} INFO - Created Permission View: can read on DAG:tutorial_dag
[2024-09-03T16:49:55.785+0000] {logging_mixin.py:190} INFO - [2024-09-03T16:49:55.785+0000] {dag.py:3211} INFO - Sync 1 DAGs
[2024-09-03T16:49:55.957+0000] {logging_mixin.py:190} INFO - [2024-09-03T16:49:55.957+0000] {dag.py:3234} INFO - Creating ORM DAG for tutorial_dag
[2024-09-03T16:49:55.965+0000] {logging_mixin.py:190} INFO - [2024-09-03T16:49:55.965+0000] {dag.py:4138} INFO - Setting next_dagrun for tutorial_dag to None, run_after=None
[2024-09-03T16:49:56.056+0000] {processor.py:208} INFO - Processing /home/airflow/.local/lib/python3.12/site-packages/airflow/example_dags/tutorial_dag.py took 3.006 seconds
[2024-09-03T16:50:26.377+0000] {processor.py:186} INFO - Started process (PID=140) to work on /home/airflow/.local/lib/python3.12/site-packages/airflow/example_dags/tutorial_dag.py
[2024-09-03T16:50:26.379+0000] {processor.py:914} INFO - Processing file /home/airflow/.local/lib/python3.12/site-packages/airflow/example_dags/tutorial_dag.py for tasks to queue
[2024-09-03T16:50:26.383+0000] {logging_mixin.py:190} INFO - [2024-09-03T16:50:26.382+0000] {dagbag.py:587} INFO - Filling up the DagBag from /home/airflow/.local/lib/python3.12/site-packages/airflow/example_dags/tutorial_dag.py
[2024-09-03T16:50:26.397+0000] {processor.py:925} INFO - DAG(s) 'tutorial_dag' retrieved from /home/airflow/.local/lib/python3.12/site-packages/airflow/example_dags/tutorial_dag.py
[2024-09-03T16:50:26.453+0000] {logging_mixin.py:190} INFO - [2024-09-03T16:50:26.452+0000] {dag.py:3211} INFO - Sync 1 DAGs
[2024-09-03T16:50:26.470+0000] {logging_mixin.py:190} INFO - [2024-09-03T16:50:26.470+0000] {dag.py:4138} INFO - Setting next_dagrun for tutorial_dag to None, run_after=None
[2024-09-03T16:50:26.485+0000] {processor.py:208} INFO - Processing /home/airflow/.local/lib/python3.12/site-packages/airflow/example_dags/tutorial_dag.py took 0.116 seconds
[2024-09-03T16:50:57.245+0000] {processor.py:186} INFO - Started process (PID=203) to work on /home/airflow/.local/lib/python3.12/site-packages/airflow/example_dags/tutorial_dag.py
[2024-09-03T16:50:57.246+0000] {processor.py:914} INFO - Processing file /home/airflow/.local/lib/python3.12/site-packages/airflow/example_dags/tutorial_dag.py for tasks to queue
[2024-09-03T16:50:57.251+0000] {logging_mixin.py:190} INFO - [2024-09-03T16:50:57.251+0000] {dagbag.py:587} INFO - Filling up the DagBag from /home/airflow/.local/lib/python3.12/site-packages/airflow/example_dags/tutorial_dag.py
[2024-09-03T16:50:57.266+0000] {processor.py:925} INFO - DAG(s) 'tutorial_dag' retrieved from /home/airflow/.local/lib/python3.12/site-packages/airflow/example_dags/tutorial_dag.py
[2024-09-03T16:50:57.306+0000] {logging_mixin.py:190} INFO - [2024-09-03T16:50:57.305+0000] {dag.py:3211} INFO - Sync 1 DAGs
[2024-09-03T16:50:57.318+0000] {logging_mixin.py:190} INFO - [2024-09-03T16:50:57.317+0000] {dag.py:4138} INFO - Setting next_dagrun for tutorial_dag to None, run_after=None
[2024-09-03T16:50:57.330+0000] {processor.py:208} INFO - Processing /home/airflow/.local/lib/python3.12/site-packages/airflow/example_dags/tutorial_dag.py took 0.099 seconds
[2024-09-03T16:51:27.509+0000] {processor.py:186} INFO - Started process (PID=266) to work on /home/airflow/.local/lib/python3.12/site-packages/airflow/example_dags/tutorial_dag.py
[2024-09-03T16:51:27.511+0000] {processor.py:914} INFO - Processing file /home/airflow/.local/lib/python3.12/site-packages/airflow/example_dags/tutorial_dag.py for tasks to queue
[2024-09-03T16:51:27.518+0000] {logging_mixin.py:190} INFO - [2024-09-03T16:51:27.517+0000] {dagbag.py:587} INFO - Filling up the DagBag from /home/airflow/.local/lib/python3.12/site-packages/airflow/example_dags/tutorial_dag.py
[2024-09-03T16:51:27.534+0000] {processor.py:925} INFO - DAG(s) 'tutorial_dag' retrieved from /home/airflow/.local/lib/python3.12/site-packages/airflow/example_dags/tutorial_dag.py
[2024-09-03T16:51:27.587+0000] {logging_mixin.py:190} INFO - [2024-09-03T16:51:27.586+0000] {dag.py:3211} INFO - Sync 1 DAGs
[2024-09-03T16:51:27.606+0000] {logging_mixin.py:190} INFO - [2024-09-03T16:51:27.605+0000] {dag.py:4138} INFO - Setting next_dagrun for tutorial_dag to None, run_after=None
[2024-09-03T16:51:27.628+0000] {processor.py:208} INFO - Processing /home/airflow/.local/lib/python3.12/site-packages/airflow/example_dags/tutorial_dag.py took 0.127 seconds
[2024-09-03T16:51:58.639+0000] {processor.py:186} INFO - Started process (PID=329) to work on /home/airflow/.local/lib/python3.12/site-packages/airflow/example_dags/tutorial_dag.py
[2024-09-03T16:51:58.648+0000] {processor.py:914} INFO - Processing file /home/airflow/.local/lib/python3.12/site-packages/airflow/example_dags/tutorial_dag.py for tasks to queue
[2024-09-03T16:51:58.662+0000] {logging_mixin.py:190} INFO - [2024-09-03T16:51:58.660+0000] {dagbag.py:587} INFO - Filling up the DagBag from /home/airflow/.local/lib/python3.12/site-packages/airflow/example_dags/tutorial_dag.py
[2024-09-03T16:51:58.708+0000] {processor.py:925} INFO - DAG(s) 'tutorial_dag' retrieved from /home/airflow/.local/lib/python3.12/site-packages/airflow/example_dags/tutorial_dag.py
[2024-09-03T16:51:58.921+0000] {logging_mixin.py:190} INFO - [2024-09-03T16:51:58.920+0000] {dag.py:3211} INFO - Sync 1 DAGs
[2024-09-03T16:51:58.998+0000] {logging_mixin.py:190} INFO - [2024-09-03T16:51:58.998+0000] {dag.py:4138} INFO - Setting next_dagrun for tutorial_dag to None, run_after=None
[2024-09-03T16:51:59.049+0000] {processor.py:208} INFO - Processing /home/airflow/.local/lib/python3.12/site-packages/airflow/example_dags/tutorial_dag.py took 0.452 seconds
[2024-09-03T16:52:29.967+0000] {processor.py:186} INFO - Started process (PID=392) to work on /home/airflow/.local/lib/python3.12/site-packages/airflow/example_dags/tutorial_dag.py
[2024-09-03T16:52:29.969+0000] {processor.py:914} INFO - Processing file /home/airflow/.local/lib/python3.12/site-packages/airflow/example_dags/tutorial_dag.py for tasks to queue
[2024-09-03T16:52:29.983+0000] {logging_mixin.py:190} INFO - [2024-09-03T16:52:29.982+0000] {dagbag.py:587} INFO - Filling up the DagBag from /home/airflow/.local/lib/python3.12/site-packages/airflow/example_dags/tutorial_dag.py
[2024-09-03T16:52:30.163+0000] {processor.py:925} INFO - DAG(s) 'tutorial_dag' retrieved from /home/airflow/.local/lib/python3.12/site-packages/airflow/example_dags/tutorial_dag.py
[2024-09-03T16:52:30.376+0000] {logging_mixin.py:190} INFO - [2024-09-03T16:52:30.375+0000] {dag.py:3211} INFO - Sync 1 DAGs
[2024-09-03T16:52:30.476+0000] {logging_mixin.py:190} INFO - [2024-09-03T16:52:30.476+0000] {dag.py:4138} INFO - Setting next_dagrun for tutorial_dag to None, run_after=None
[2024-09-03T16:52:30.515+0000] {processor.py:208} INFO - Processing /home/airflow/.local/lib/python3.12/site-packages/airflow/example_dags/tutorial_dag.py took 0.577 seconds
[2024-09-03T16:53:00.981+0000] {processor.py:186} INFO - Started process (PID=455) to work on /home/airflow/.local/lib/python3.12/site-packages/airflow/example_dags/tutorial_dag.py
[2024-09-03T16:53:00.985+0000] {processor.py:914} INFO - Processing file /home/airflow/.local/lib/python3.12/site-packages/airflow/example_dags/tutorial_dag.py for tasks to queue
[2024-09-03T16:53:01.002+0000] {logging_mixin.py:190} INFO - [2024-09-03T16:53:01.000+0000] {dagbag.py:587} INFO - Filling up the DagBag from /home/airflow/.local/lib/python3.12/site-packages/airflow/example_dags/tutorial_dag.py
[2024-09-03T16:53:01.026+0000] {processor.py:925} INFO - DAG(s) 'tutorial_dag' retrieved from /home/airflow/.local/lib/python3.12/site-packages/airflow/example_dags/tutorial_dag.py
[2024-09-03T16:53:01.065+0000] {logging_mixin.py:190} INFO - [2024-09-03T16:53:01.064+0000] {dag.py:3211} INFO - Sync 1 DAGs
[2024-09-03T16:53:01.096+0000] {logging_mixin.py:190} INFO - [2024-09-03T16:53:01.096+0000] {dag.py:4138} INFO - Setting next_dagrun for tutorial_dag to None, run_after=None
[2024-09-03T16:53:01.138+0000] {processor.py:208} INFO - Processing /home/airflow/.local/lib/python3.12/site-packages/airflow/example_dags/tutorial_dag.py took 0.166 seconds
[2024-09-03T16:53:31.825+0000] {processor.py:186} INFO - Started process (PID=519) to work on /home/airflow/.local/lib/python3.12/site-packages/airflow/example_dags/tutorial_dag.py
[2024-09-03T16:53:31.832+0000] {processor.py:914} INFO - Processing file /home/airflow/.local/lib/python3.12/site-packages/airflow/example_dags/tutorial_dag.py for tasks to queue
[2024-09-03T16:53:31.838+0000] {logging_mixin.py:190} INFO - [2024-09-03T16:53:31.837+0000] {dagbag.py:587} INFO - Filling up the DagBag from /home/airflow/.local/lib/python3.12/site-packages/airflow/example_dags/tutorial_dag.py
[2024-09-03T16:53:31.856+0000] {processor.py:925} INFO - DAG(s) 'tutorial_dag' retrieved from /home/airflow/.local/lib/python3.12/site-packages/airflow/example_dags/tutorial_dag.py
[2024-09-03T16:53:31.929+0000] {logging_mixin.py:190} INFO - [2024-09-03T16:53:31.928+0000] {dag.py:3211} INFO - Sync 1 DAGs
[2024-09-03T16:53:31.965+0000] {logging_mixin.py:190} INFO - [2024-09-03T16:53:31.964+0000] {dag.py:4138} INFO - Setting next_dagrun for tutorial_dag to None, run_after=None
[2024-09-03T16:53:31.984+0000] {processor.py:208} INFO - Processing /home/airflow/.local/lib/python3.12/site-packages/airflow/example_dags/tutorial_dag.py took 0.186 seconds
[2024-09-03T16:54:02.386+0000] {processor.py:186} INFO - Started process (PID=582) to work on /home/airflow/.local/lib/python3.12/site-packages/airflow/example_dags/tutorial_dag.py
[2024-09-03T16:54:02.388+0000] {processor.py:914} INFO - Processing file /home/airflow/.local/lib/python3.12/site-packages/airflow/example_dags/tutorial_dag.py for tasks to queue
[2024-09-03T16:54:02.392+0000] {logging_mixin.py:190} INFO - [2024-09-03T16:54:02.391+0000] {dagbag.py:587} INFO - Filling up the DagBag from /home/airflow/.local/lib/python3.12/site-packages/airflow/example_dags/tutorial_dag.py
[2024-09-03T16:54:02.425+0000] {processor.py:925} INFO - DAG(s) 'tutorial_dag' retrieved from /home/airflow/.local/lib/python3.12/site-packages/airflow/example_dags/tutorial_dag.py
[2024-09-03T16:54:02.526+0000] {logging_mixin.py:190} INFO - [2024-09-03T16:54:02.526+0000] {dag.py:3211} INFO - Sync 1 DAGs
[2024-09-03T16:54:02.548+0000] {logging_mixin.py:190} INFO - [2024-09-03T16:54:02.548+0000] {dag.py:4138} INFO - Setting next_dagrun for tutorial_dag to None, run_after=None
[2024-09-03T16:54:02.571+0000] {processor.py:208} INFO - Processing /home/airflow/.local/lib/python3.12/site-packages/airflow/example_dags/tutorial_dag.py took 0.195 seconds
[2024-09-03T16:54:33.093+0000] {processor.py:186} INFO - Started process (PID=645) to work on /home/airflow/.local/lib/python3.12/site-packages/airflow/example_dags/tutorial_dag.py
[2024-09-03T16:54:33.094+0000] {processor.py:914} INFO - Processing file /home/airflow/.local/lib/python3.12/site-packages/airflow/example_dags/tutorial_dag.py for tasks to queue
[2024-09-03T16:54:33.098+0000] {logging_mixin.py:190} INFO - [2024-09-03T16:54:33.097+0000] {dagbag.py:587} INFO - Filling up the DagBag from /home/airflow/.local/lib/python3.12/site-packages/airflow/example_dags/tutorial_dag.py
[2024-09-03T16:54:33.110+0000] {processor.py:925} INFO - DAG(s) 'tutorial_dag' retrieved from /home/airflow/.local/lib/python3.12/site-packages/airflow/example_dags/tutorial_dag.py
[2024-09-03T16:54:33.152+0000] {logging_mixin.py:190} INFO - [2024-09-03T16:54:33.152+0000] {dag.py:3211} INFO - Sync 1 DAGs
[2024-09-03T16:54:33.180+0000] {logging_mixin.py:190} INFO - [2024-09-03T16:54:33.180+0000] {dag.py:4138} INFO - Setting next_dagrun for tutorial_dag to None, run_after=None
[2024-09-03T16:54:33.198+0000] {processor.py:208} INFO - Processing /home/airflow/.local/lib/python3.12/site-packages/airflow/example_dags/tutorial_dag.py took 0.127 seconds
[2024-09-03T16:55:03.951+0000] {processor.py:186} INFO - Started process (PID=708) to work on /home/airflow/.local/lib/python3.12/site-packages/airflow/example_dags/tutorial_dag.py
[2024-09-03T16:55:03.953+0000] {processor.py:914} INFO - Processing file /home/airflow/.local/lib/python3.12/site-packages/airflow/example_dags/tutorial_dag.py for tasks to queue
[2024-09-03T16:55:03.957+0000] {logging_mixin.py:190} INFO - [2024-09-03T16:55:03.957+0000] {dagbag.py:587} INFO - Filling up the DagBag from /home/airflow/.local/lib/python3.12/site-packages/airflow/example_dags/tutorial_dag.py
[2024-09-03T16:55:03.973+0000] {processor.py:925} INFO - DAG(s) 'tutorial_dag' retrieved from /home/airflow/.local/lib/python3.12/site-packages/airflow/example_dags/tutorial_dag.py
[2024-09-03T16:55:04.007+0000] {logging_mixin.py:190} INFO - [2024-09-03T16:55:04.007+0000] {dag.py:3211} INFO - Sync 1 DAGs
[2024-09-03T16:55:04.027+0000] {logging_mixin.py:190} INFO - [2024-09-03T16:55:04.027+0000] {dag.py:4138} INFO - Setting next_dagrun for tutorial_dag to None, run_after=None
[2024-09-03T16:55:04.040+0000] {processor.py:208} INFO - Processing /home/airflow/.local/lib/python3.12/site-packages/airflow/example_dags/tutorial_dag.py took 0.106 seconds
[2024-09-03T16:55:35.082+0000] {processor.py:186} INFO - Started process (PID=771) to work on /home/airflow/.local/lib/python3.12/site-packages/airflow/example_dags/tutorial_dag.py
[2024-09-03T16:55:35.084+0000] {processor.py:914} INFO - Processing file /home/airflow/.local/lib/python3.12/site-packages/airflow/example_dags/tutorial_dag.py for tasks to queue
[2024-09-03T16:55:35.089+0000] {logging_mixin.py:190} INFO - [2024-09-03T16:55:35.088+0000] {dagbag.py:587} INFO - Filling up the DagBag from /home/airflow/.local/lib/python3.12/site-packages/airflow/example_dags/tutorial_dag.py
[2024-09-03T16:55:35.113+0000] {processor.py:925} INFO - DAG(s) 'tutorial_dag' retrieved from /home/airflow/.local/lib/python3.12/site-packages/airflow/example_dags/tutorial_dag.py
[2024-09-03T16:55:35.164+0000] {logging_mixin.py:190} INFO - [2024-09-03T16:55:35.163+0000] {dag.py:3211} INFO - Sync 1 DAGs
[2024-09-03T16:55:35.178+0000] {logging_mixin.py:190} INFO - [2024-09-03T16:55:35.178+0000] {dag.py:4138} INFO - Setting next_dagrun for tutorial_dag to None, run_after=None
[2024-09-03T16:55:35.195+0000] {processor.py:208} INFO - Processing /home/airflow/.local/lib/python3.12/site-packages/airflow/example_dags/tutorial_dag.py took 0.119 seconds
[2024-09-03T16:56:06.093+0000] {processor.py:186} INFO - Started process (PID=834) to work on /home/airflow/.local/lib/python3.12/site-packages/airflow/example_dags/tutorial_dag.py
[2024-09-03T16:56:06.097+0000] {processor.py:914} INFO - Processing file /home/airflow/.local/lib/python3.12/site-packages/airflow/example_dags/tutorial_dag.py for tasks to queue
[2024-09-03T16:56:06.105+0000] {logging_mixin.py:190} INFO - [2024-09-03T16:56:06.102+0000] {dagbag.py:587} INFO - Filling up the DagBag from /home/airflow/.local/lib/python3.12/site-packages/airflow/example_dags/tutorial_dag.py
[2024-09-03T16:56:06.136+0000] {processor.py:925} INFO - DAG(s) 'tutorial_dag' retrieved from /home/airflow/.local/lib/python3.12/site-packages/airflow/example_dags/tutorial_dag.py
[2024-09-03T16:56:06.176+0000] {logging_mixin.py:190} INFO - [2024-09-03T16:56:06.176+0000] {dag.py:3211} INFO - Sync 1 DAGs
[2024-09-03T16:56:06.204+0000] {logging_mixin.py:190} INFO - [2024-09-03T16:56:06.204+0000] {dag.py:4138} INFO - Setting next_dagrun for tutorial_dag to None, run_after=None
[2024-09-03T16:56:06.221+0000] {processor.py:208} INFO - Processing /home/airflow/.local/lib/python3.12/site-packages/airflow/example_dags/tutorial_dag.py took 0.139 seconds
[2024-09-03T16:56:36.976+0000] {processor.py:186} INFO - Started process (PID=897) to work on /home/airflow/.local/lib/python3.12/site-packages/airflow/example_dags/tutorial_dag.py
[2024-09-03T16:56:36.978+0000] {processor.py:914} INFO - Processing file /home/airflow/.local/lib/python3.12/site-packages/airflow/example_dags/tutorial_dag.py for tasks to queue
[2024-09-03T16:56:36.983+0000] {logging_mixin.py:190} INFO - [2024-09-03T16:56:36.982+0000] {dagbag.py:587} INFO - Filling up the DagBag from /home/airflow/.local/lib/python3.12/site-packages/airflow/example_dags/tutorial_dag.py
[2024-09-03T16:56:37.000+0000] {processor.py:925} INFO - DAG(s) 'tutorial_dag' retrieved from /home/airflow/.local/lib/python3.12/site-packages/airflow/example_dags/tutorial_dag.py
[2024-09-03T16:56:37.052+0000] {logging_mixin.py:190} INFO - [2024-09-03T16:56:37.052+0000] {dag.py:3211} INFO - Sync 1 DAGs
[2024-09-03T16:56:37.090+0000] {logging_mixin.py:190} INFO - [2024-09-03T16:56:37.090+0000] {dag.py:4138} INFO - Setting next_dagrun for tutorial_dag to None, run_after=None
[2024-09-03T16:56:37.118+0000] {processor.py:208} INFO - Processing /home/airflow/.local/lib/python3.12/site-packages/airflow/example_dags/tutorial_dag.py took 0.168 seconds
[2024-09-03T16:57:07.375+0000] {processor.py:186} INFO - Started process (PID=961) to work on /home/airflow/.local/lib/python3.12/site-packages/airflow/example_dags/tutorial_dag.py
[2024-09-03T16:57:07.377+0000] {processor.py:914} INFO - Processing file /home/airflow/.local/lib/python3.12/site-packages/airflow/example_dags/tutorial_dag.py for tasks to queue
[2024-09-03T16:57:07.380+0000] {logging_mixin.py:190} INFO - [2024-09-03T16:57:07.379+0000] {dagbag.py:587} INFO - Filling up the DagBag from /home/airflow/.local/lib/python3.12/site-packages/airflow/example_dags/tutorial_dag.py
[2024-09-03T16:57:07.408+0000] {processor.py:925} INFO - DAG(s) 'tutorial_dag' retrieved from /home/airflow/.local/lib/python3.12/site-packages/airflow/example_dags/tutorial_dag.py
[2024-09-03T16:57:07.435+0000] {logging_mixin.py:190} INFO - [2024-09-03T16:57:07.435+0000] {dag.py:3211} INFO - Sync 1 DAGs
[2024-09-03T16:57:07.452+0000] {logging_mixin.py:190} INFO - [2024-09-03T16:57:07.452+0000] {dag.py:4138} INFO - Setting next_dagrun for tutorial_dag to None, run_after=None
[2024-09-03T16:57:07.473+0000] {processor.py:208} INFO - Processing /home/airflow/.local/lib/python3.12/site-packages/airflow/example_dags/tutorial_dag.py took 0.104 seconds
[2024-09-03T16:57:38.433+0000] {processor.py:186} INFO - Started process (PID=1024) to work on /home/airflow/.local/lib/python3.12/site-packages/airflow/example_dags/tutorial_dag.py
[2024-09-03T16:57:38.436+0000] {processor.py:914} INFO - Processing file /home/airflow/.local/lib/python3.12/site-packages/airflow/example_dags/tutorial_dag.py for tasks to queue
[2024-09-03T16:57:38.443+0000] {logging_mixin.py:190} INFO - [2024-09-03T16:57:38.442+0000] {dagbag.py:587} INFO - Filling up the DagBag from /home/airflow/.local/lib/python3.12/site-packages/airflow/example_dags/tutorial_dag.py
[2024-09-03T16:57:38.459+0000] {processor.py:925} INFO - DAG(s) 'tutorial_dag' retrieved from /home/airflow/.local/lib/python3.12/site-packages/airflow/example_dags/tutorial_dag.py
[2024-09-03T16:57:38.490+0000] {logging_mixin.py:190} INFO - [2024-09-03T16:57:38.490+0000] {dag.py:3211} INFO - Sync 1 DAGs
[2024-09-03T16:57:38.512+0000] {logging_mixin.py:190} INFO - [2024-09-03T16:57:38.511+0000] {dag.py:4138} INFO - Setting next_dagrun for tutorial_dag to None, run_after=None
[2024-09-03T16:57:38.530+0000] {processor.py:208} INFO - Processing /home/airflow/.local/lib/python3.12/site-packages/airflow/example_dags/tutorial_dag.py took 0.104 seconds
[2024-09-03T16:58:09.388+0000] {processor.py:186} INFO - Started process (PID=1087) to work on /home/airflow/.local/lib/python3.12/site-packages/airflow/example_dags/tutorial_dag.py
[2024-09-03T16:58:09.393+0000] {processor.py:914} INFO - Processing file /home/airflow/.local/lib/python3.12/site-packages/airflow/example_dags/tutorial_dag.py for tasks to queue
[2024-09-03T16:58:09.401+0000] {logging_mixin.py:190} INFO - [2024-09-03T16:58:09.400+0000] {dagbag.py:587} INFO - Filling up the DagBag from /home/airflow/.local/lib/python3.12/site-packages/airflow/example_dags/tutorial_dag.py
[2024-09-03T16:58:09.434+0000] {processor.py:925} INFO - DAG(s) 'tutorial_dag' retrieved from /home/airflow/.local/lib/python3.12/site-packages/airflow/example_dags/tutorial_dag.py
[2024-09-03T16:58:09.524+0000] {logging_mixin.py:190} INFO - [2024-09-03T16:58:09.524+0000] {dag.py:3211} INFO - Sync 1 DAGs
[2024-09-03T16:58:09.573+0000] {logging_mixin.py:190} INFO - [2024-09-03T16:58:09.573+0000] {dag.py:4138} INFO - Setting next_dagrun for tutorial_dag to None, run_after=None
[2024-09-03T16:58:09.630+0000] {processor.py:208} INFO - Processing /home/airflow/.local/lib/python3.12/site-packages/airflow/example_dags/tutorial_dag.py took 0.271 seconds
