[2024-09-03T15:48:40.359+0000] {processor.py:186} INFO - Started process (PID=65) to work on /home/airflow/.local/lib/python3.12/site-packages/airflow/example_dags/example_external_task_marker_dag.py
[2024-09-03T15:48:40.360+0000] {processor.py:914} INFO - Processing file /home/airflow/.local/lib/python3.12/site-packages/airflow/example_dags/example_external_task_marker_dag.py for tasks to queue
[2024-09-03T15:48:40.363+0000] {logging_mixin.py:190} INFO - [2024-09-03T15:48:40.362+0000] {dagbag.py:587} INFO - Filling up the DagBag from /home/airflow/.local/lib/python3.12/site-packages/airflow/example_dags/example_external_task_marker_dag.py
[2024-09-03T15:48:40.369+0000] {processor.py:925} INFO - DAG(s) 'example_external_task_marker_child', 'example_external_task_marker_parent' retrieved from /home/airflow/.local/lib/python3.12/site-packages/airflow/example_dags/example_external_task_marker_dag.py
[2024-09-03T15:48:40.432+0000] {logging_mixin.py:190} INFO - [2024-09-03T15:48:40.431+0000] {override.py:1858} INFO - Created Permission View: can edit on DAG:example_external_task_marker_child
[2024-09-03T15:48:40.437+0000] {logging_mixin.py:190} INFO - [2024-09-03T15:48:40.436+0000] {override.py:1858} INFO - Created Permission View: can read on DAG:example_external_task_marker_child
[2024-09-03T15:48:40.441+0000] {logging_mixin.py:190} INFO - [2024-09-03T15:48:40.441+0000] {override.py:1858} INFO - Created Permission View: can delete on DAG:example_external_task_marker_child
[2024-09-03T15:48:40.450+0000] {logging_mixin.py:190} INFO - [2024-09-03T15:48:40.449+0000] {override.py:1858} INFO - Created Permission View: can edit on DAG:example_external_task_marker_parent
[2024-09-03T15:48:40.453+0000] {logging_mixin.py:190} INFO - [2024-09-03T15:48:40.453+0000] {override.py:1858} INFO - Created Permission View: can read on DAG:example_external_task_marker_parent
[2024-09-03T15:48:40.456+0000] {logging_mixin.py:190} INFO - [2024-09-03T15:48:40.456+0000] {override.py:1858} INFO - Created Permission View: can delete on DAG:example_external_task_marker_parent
[2024-09-03T15:48:40.457+0000] {logging_mixin.py:190} INFO - [2024-09-03T15:48:40.457+0000] {dag.py:3211} INFO - Sync 2 DAGs
[2024-09-03T15:48:40.465+0000] {logging_mixin.py:190} INFO - [2024-09-03T15:48:40.465+0000] {dag.py:3234} INFO - Creating ORM DAG for example_external_task_marker_parent
[2024-09-03T15:48:40.466+0000] {logging_mixin.py:190} INFO - [2024-09-03T15:48:40.466+0000] {dag.py:3234} INFO - Creating ORM DAG for example_external_task_marker_child
[2024-09-03T15:48:40.466+0000] {logging_mixin.py:190} INFO - [2024-09-03T15:48:40.466+0000] {dag.py:4138} INFO - Setting next_dagrun for example_external_task_marker_child to None, run_after=None
[2024-09-03T15:48:40.467+0000] {logging_mixin.py:190} INFO - [2024-09-03T15:48:40.467+0000] {dag.py:4138} INFO - Setting next_dagrun for example_external_task_marker_parent to None, run_after=None
[2024-09-03T15:48:40.483+0000] {processor.py:208} INFO - Processing /home/airflow/.local/lib/python3.12/site-packages/airflow/example_dags/example_external_task_marker_dag.py took 0.129 seconds
[2024-09-03T15:49:11.306+0000] {processor.py:186} INFO - Started process (PID=127) to work on /home/airflow/.local/lib/python3.12/site-packages/airflow/example_dags/example_external_task_marker_dag.py
[2024-09-03T15:49:11.307+0000] {processor.py:914} INFO - Processing file /home/airflow/.local/lib/python3.12/site-packages/airflow/example_dags/example_external_task_marker_dag.py for tasks to queue
[2024-09-03T15:49:11.309+0000] {logging_mixin.py:190} INFO - [2024-09-03T15:49:11.309+0000] {dagbag.py:587} INFO - Filling up the DagBag from /home/airflow/.local/lib/python3.12/site-packages/airflow/example_dags/example_external_task_marker_dag.py
[2024-09-03T15:49:11.316+0000] {processor.py:925} INFO - DAG(s) 'example_external_task_marker_parent', 'example_external_task_marker_child' retrieved from /home/airflow/.local/lib/python3.12/site-packages/airflow/example_dags/example_external_task_marker_dag.py
[2024-09-03T15:49:11.337+0000] {logging_mixin.py:190} INFO - [2024-09-03T15:49:11.337+0000] {dag.py:3211} INFO - Sync 2 DAGs
[2024-09-03T15:49:11.349+0000] {logging_mixin.py:190} INFO - [2024-09-03T15:49:11.349+0000] {dag.py:4138} INFO - Setting next_dagrun for example_external_task_marker_child to None, run_after=None
[2024-09-03T15:49:11.351+0000] {logging_mixin.py:190} INFO - [2024-09-03T15:49:11.351+0000] {dag.py:4138} INFO - Setting next_dagrun for example_external_task_marker_parent to None, run_after=None
[2024-09-03T15:49:11.361+0000] {processor.py:208} INFO - Processing /home/airflow/.local/lib/python3.12/site-packages/airflow/example_dags/example_external_task_marker_dag.py took 0.060 seconds
[2024-09-03T15:49:42.313+0000] {processor.py:186} INFO - Started process (PID=190) to work on /home/airflow/.local/lib/python3.12/site-packages/airflow/example_dags/example_external_task_marker_dag.py
[2024-09-03T15:49:42.314+0000] {processor.py:914} INFO - Processing file /home/airflow/.local/lib/python3.12/site-packages/airflow/example_dags/example_external_task_marker_dag.py for tasks to queue
[2024-09-03T15:49:42.317+0000] {logging_mixin.py:190} INFO - [2024-09-03T15:49:42.317+0000] {dagbag.py:587} INFO - Filling up the DagBag from /home/airflow/.local/lib/python3.12/site-packages/airflow/example_dags/example_external_task_marker_dag.py
[2024-09-03T15:49:42.327+0000] {processor.py:925} INFO - DAG(s) 'example_external_task_marker_parent', 'example_external_task_marker_child' retrieved from /home/airflow/.local/lib/python3.12/site-packages/airflow/example_dags/example_external_task_marker_dag.py
[2024-09-03T15:49:42.349+0000] {logging_mixin.py:190} INFO - [2024-09-03T15:49:42.349+0000] {dag.py:3211} INFO - Sync 2 DAGs
[2024-09-03T15:49:42.359+0000] {logging_mixin.py:190} INFO - [2024-09-03T15:49:42.359+0000] {dag.py:4138} INFO - Setting next_dagrun for example_external_task_marker_child to None, run_after=None
[2024-09-03T15:49:42.362+0000] {logging_mixin.py:190} INFO - [2024-09-03T15:49:42.362+0000] {dag.py:4138} INFO - Setting next_dagrun for example_external_task_marker_parent to None, run_after=None
[2024-09-03T15:49:42.370+0000] {processor.py:208} INFO - Processing /home/airflow/.local/lib/python3.12/site-packages/airflow/example_dags/example_external_task_marker_dag.py took 0.067 seconds
[2024-09-03T15:50:13.401+0000] {processor.py:186} INFO - Started process (PID=252) to work on /home/airflow/.local/lib/python3.12/site-packages/airflow/example_dags/example_external_task_marker_dag.py
[2024-09-03T15:50:13.402+0000] {processor.py:914} INFO - Processing file /home/airflow/.local/lib/python3.12/site-packages/airflow/example_dags/example_external_task_marker_dag.py for tasks to queue
[2024-09-03T15:50:13.405+0000] {logging_mixin.py:190} INFO - [2024-09-03T15:50:13.405+0000] {dagbag.py:587} INFO - Filling up the DagBag from /home/airflow/.local/lib/python3.12/site-packages/airflow/example_dags/example_external_task_marker_dag.py
[2024-09-03T15:50:13.417+0000] {processor.py:925} INFO - DAG(s) 'example_external_task_marker_child', 'example_external_task_marker_parent' retrieved from /home/airflow/.local/lib/python3.12/site-packages/airflow/example_dags/example_external_task_marker_dag.py
[2024-09-03T15:50:13.463+0000] {logging_mixin.py:190} INFO - [2024-09-03T15:50:13.462+0000] {dag.py:3211} INFO - Sync 2 DAGs
[2024-09-03T15:50:13.480+0000] {logging_mixin.py:190} INFO - [2024-09-03T15:50:13.480+0000] {dag.py:4138} INFO - Setting next_dagrun for example_external_task_marker_child to None, run_after=None
[2024-09-03T15:50:13.483+0000] {logging_mixin.py:190} INFO - [2024-09-03T15:50:13.483+0000] {dag.py:4138} INFO - Setting next_dagrun for example_external_task_marker_parent to None, run_after=None
[2024-09-03T15:50:13.494+0000] {processor.py:208} INFO - Processing /home/airflow/.local/lib/python3.12/site-packages/airflow/example_dags/example_external_task_marker_dag.py took 0.102 seconds
[2024-09-03T15:50:43.614+0000] {processor.py:186} INFO - Started process (PID=314) to work on /home/airflow/.local/lib/python3.12/site-packages/airflow/example_dags/example_external_task_marker_dag.py
[2024-09-03T15:50:43.616+0000] {processor.py:914} INFO - Processing file /home/airflow/.local/lib/python3.12/site-packages/airflow/example_dags/example_external_task_marker_dag.py for tasks to queue
[2024-09-03T15:50:43.619+0000] {logging_mixin.py:190} INFO - [2024-09-03T15:50:43.618+0000] {dagbag.py:587} INFO - Filling up the DagBag from /home/airflow/.local/lib/python3.12/site-packages/airflow/example_dags/example_external_task_marker_dag.py
[2024-09-03T15:50:43.628+0000] {processor.py:925} INFO - DAG(s) 'example_external_task_marker_parent', 'example_external_task_marker_child' retrieved from /home/airflow/.local/lib/python3.12/site-packages/airflow/example_dags/example_external_task_marker_dag.py
[2024-09-03T15:50:43.648+0000] {logging_mixin.py:190} INFO - [2024-09-03T15:50:43.648+0000] {dag.py:3211} INFO - Sync 2 DAGs
[2024-09-03T15:50:43.657+0000] {logging_mixin.py:190} INFO - [2024-09-03T15:50:43.657+0000] {dag.py:4138} INFO - Setting next_dagrun for example_external_task_marker_child to None, run_after=None
[2024-09-03T15:50:43.659+0000] {logging_mixin.py:190} INFO - [2024-09-03T15:50:43.659+0000] {dag.py:4138} INFO - Setting next_dagrun for example_external_task_marker_parent to None, run_after=None
[2024-09-03T15:50:43.668+0000] {processor.py:208} INFO - Processing /home/airflow/.local/lib/python3.12/site-packages/airflow/example_dags/example_external_task_marker_dag.py took 0.062 seconds
[2024-09-03T15:51:14.619+0000] {processor.py:186} INFO - Started process (PID=377) to work on /home/airflow/.local/lib/python3.12/site-packages/airflow/example_dags/example_external_task_marker_dag.py
[2024-09-03T15:51:14.621+0000] {processor.py:914} INFO - Processing file /home/airflow/.local/lib/python3.12/site-packages/airflow/example_dags/example_external_task_marker_dag.py for tasks to queue
[2024-09-03T15:51:14.624+0000] {logging_mixin.py:190} INFO - [2024-09-03T15:51:14.624+0000] {dagbag.py:587} INFO - Filling up the DagBag from /home/airflow/.local/lib/python3.12/site-packages/airflow/example_dags/example_external_task_marker_dag.py
[2024-09-03T15:51:14.630+0000] {processor.py:925} INFO - DAG(s) 'example_external_task_marker_parent', 'example_external_task_marker_child' retrieved from /home/airflow/.local/lib/python3.12/site-packages/airflow/example_dags/example_external_task_marker_dag.py
[2024-09-03T15:51:14.650+0000] {logging_mixin.py:190} INFO - [2024-09-03T15:51:14.650+0000] {dag.py:3211} INFO - Sync 2 DAGs
[2024-09-03T15:51:14.660+0000] {logging_mixin.py:190} INFO - [2024-09-03T15:51:14.660+0000] {dag.py:4138} INFO - Setting next_dagrun for example_external_task_marker_child to None, run_after=None
[2024-09-03T15:51:14.663+0000] {logging_mixin.py:190} INFO - [2024-09-03T15:51:14.663+0000] {dag.py:4138} INFO - Setting next_dagrun for example_external_task_marker_parent to None, run_after=None
[2024-09-03T15:51:14.677+0000] {processor.py:208} INFO - Processing /home/airflow/.local/lib/python3.12/site-packages/airflow/example_dags/example_external_task_marker_dag.py took 0.064 seconds
[2024-09-03T15:51:45.660+0000] {processor.py:186} INFO - Started process (PID=439) to work on /home/airflow/.local/lib/python3.12/site-packages/airflow/example_dags/example_external_task_marker_dag.py
[2024-09-03T15:51:45.663+0000] {processor.py:914} INFO - Processing file /home/airflow/.local/lib/python3.12/site-packages/airflow/example_dags/example_external_task_marker_dag.py for tasks to queue
[2024-09-03T15:51:45.667+0000] {logging_mixin.py:190} INFO - [2024-09-03T15:51:45.666+0000] {dagbag.py:587} INFO - Filling up the DagBag from /home/airflow/.local/lib/python3.12/site-packages/airflow/example_dags/example_external_task_marker_dag.py
[2024-09-03T15:51:45.677+0000] {processor.py:925} INFO - DAG(s) 'example_external_task_marker_parent', 'example_external_task_marker_child' retrieved from /home/airflow/.local/lib/python3.12/site-packages/airflow/example_dags/example_external_task_marker_dag.py
[2024-09-03T15:51:45.697+0000] {logging_mixin.py:190} INFO - [2024-09-03T15:51:45.697+0000] {dag.py:3211} INFO - Sync 2 DAGs
[2024-09-03T15:51:45.706+0000] {logging_mixin.py:190} INFO - [2024-09-03T15:51:45.705+0000] {dag.py:4138} INFO - Setting next_dagrun for example_external_task_marker_child to None, run_after=None
[2024-09-03T15:51:45.708+0000] {logging_mixin.py:190} INFO - [2024-09-03T15:51:45.708+0000] {dag.py:4138} INFO - Setting next_dagrun for example_external_task_marker_parent to None, run_after=None
[2024-09-03T15:51:45.716+0000] {processor.py:208} INFO - Processing /home/airflow/.local/lib/python3.12/site-packages/airflow/example_dags/example_external_task_marker_dag.py took 0.065 seconds
[2024-09-03T15:52:15.977+0000] {processor.py:186} INFO - Started process (PID=501) to work on /home/airflow/.local/lib/python3.12/site-packages/airflow/example_dags/example_external_task_marker_dag.py
[2024-09-03T15:52:15.980+0000] {processor.py:914} INFO - Processing file /home/airflow/.local/lib/python3.12/site-packages/airflow/example_dags/example_external_task_marker_dag.py for tasks to queue
[2024-09-03T15:52:15.982+0000] {logging_mixin.py:190} INFO - [2024-09-03T15:52:15.982+0000] {dagbag.py:587} INFO - Filling up the DagBag from /home/airflow/.local/lib/python3.12/site-packages/airflow/example_dags/example_external_task_marker_dag.py
[2024-09-03T15:52:15.990+0000] {processor.py:925} INFO - DAG(s) 'example_external_task_marker_child', 'example_external_task_marker_parent' retrieved from /home/airflow/.local/lib/python3.12/site-packages/airflow/example_dags/example_external_task_marker_dag.py
[2024-09-03T15:52:16.009+0000] {logging_mixin.py:190} INFO - [2024-09-03T15:52:16.009+0000] {dag.py:3211} INFO - Sync 2 DAGs
[2024-09-03T15:52:16.018+0000] {logging_mixin.py:190} INFO - [2024-09-03T15:52:16.018+0000] {dag.py:4138} INFO - Setting next_dagrun for example_external_task_marker_child to None, run_after=None
[2024-09-03T15:52:16.020+0000] {logging_mixin.py:190} INFO - [2024-09-03T15:52:16.020+0000] {dag.py:4138} INFO - Setting next_dagrun for example_external_task_marker_parent to None, run_after=None
[2024-09-03T15:52:16.028+0000] {processor.py:208} INFO - Processing /home/airflow/.local/lib/python3.12/site-packages/airflow/example_dags/example_external_task_marker_dag.py took 0.059 seconds
[2024-09-03T15:52:46.809+0000] {processor.py:186} INFO - Started process (PID=563) to work on /home/airflow/.local/lib/python3.12/site-packages/airflow/example_dags/example_external_task_marker_dag.py
[2024-09-03T15:52:46.811+0000] {processor.py:914} INFO - Processing file /home/airflow/.local/lib/python3.12/site-packages/airflow/example_dags/example_external_task_marker_dag.py for tasks to queue
[2024-09-03T15:52:46.814+0000] {logging_mixin.py:190} INFO - [2024-09-03T15:52:46.814+0000] {dagbag.py:587} INFO - Filling up the DagBag from /home/airflow/.local/lib/python3.12/site-packages/airflow/example_dags/example_external_task_marker_dag.py
[2024-09-03T15:52:46.821+0000] {processor.py:925} INFO - DAG(s) 'example_external_task_marker_parent', 'example_external_task_marker_child' retrieved from /home/airflow/.local/lib/python3.12/site-packages/airflow/example_dags/example_external_task_marker_dag.py
[2024-09-03T15:52:46.839+0000] {logging_mixin.py:190} INFO - [2024-09-03T15:52:46.839+0000] {dag.py:3211} INFO - Sync 2 DAGs
[2024-09-03T15:52:46.847+0000] {logging_mixin.py:190} INFO - [2024-09-03T15:52:46.847+0000] {dag.py:4138} INFO - Setting next_dagrun for example_external_task_marker_child to None, run_after=None
[2024-09-03T15:52:46.849+0000] {logging_mixin.py:190} INFO - [2024-09-03T15:52:46.849+0000] {dag.py:4138} INFO - Setting next_dagrun for example_external_task_marker_parent to None, run_after=None
[2024-09-03T15:52:46.857+0000] {processor.py:208} INFO - Processing /home/airflow/.local/lib/python3.12/site-packages/airflow/example_dags/example_external_task_marker_dag.py took 0.055 seconds
[2024-09-03T15:53:17.049+0000] {processor.py:186} INFO - Started process (PID=624) to work on /home/airflow/.local/lib/python3.12/site-packages/airflow/example_dags/example_external_task_marker_dag.py
[2024-09-03T15:53:17.051+0000] {processor.py:914} INFO - Processing file /home/airflow/.local/lib/python3.12/site-packages/airflow/example_dags/example_external_task_marker_dag.py for tasks to queue
[2024-09-03T15:53:17.053+0000] {logging_mixin.py:190} INFO - [2024-09-03T15:53:17.053+0000] {dagbag.py:587} INFO - Filling up the DagBag from /home/airflow/.local/lib/python3.12/site-packages/airflow/example_dags/example_external_task_marker_dag.py
[2024-09-03T15:53:17.071+0000] {processor.py:925} INFO - DAG(s) 'example_external_task_marker_parent', 'example_external_task_marker_child' retrieved from /home/airflow/.local/lib/python3.12/site-packages/airflow/example_dags/example_external_task_marker_dag.py
[2024-09-03T15:53:17.097+0000] {logging_mixin.py:190} INFO - [2024-09-03T15:53:17.097+0000] {dag.py:3211} INFO - Sync 2 DAGs
[2024-09-03T15:53:17.114+0000] {logging_mixin.py:190} INFO - [2024-09-03T15:53:17.114+0000] {dag.py:4138} INFO - Setting next_dagrun for example_external_task_marker_child to None, run_after=None
[2024-09-03T15:53:17.121+0000] {logging_mixin.py:190} INFO - [2024-09-03T15:53:17.121+0000] {dag.py:4138} INFO - Setting next_dagrun for example_external_task_marker_parent to None, run_after=None
[2024-09-03T15:53:17.134+0000] {processor.py:208} INFO - Processing /home/airflow/.local/lib/python3.12/site-packages/airflow/example_dags/example_external_task_marker_dag.py took 0.091 seconds
[2024-09-03T15:53:47.199+0000] {processor.py:186} INFO - Started process (PID=686) to work on /home/airflow/.local/lib/python3.12/site-packages/airflow/example_dags/example_external_task_marker_dag.py
[2024-09-03T15:53:47.200+0000] {processor.py:914} INFO - Processing file /home/airflow/.local/lib/python3.12/site-packages/airflow/example_dags/example_external_task_marker_dag.py for tasks to queue
[2024-09-03T15:53:47.201+0000] {logging_mixin.py:190} INFO - [2024-09-03T15:53:47.201+0000] {dagbag.py:587} INFO - Filling up the DagBag from /home/airflow/.local/lib/python3.12/site-packages/airflow/example_dags/example_external_task_marker_dag.py
[2024-09-03T15:53:47.207+0000] {processor.py:925} INFO - DAG(s) 'example_external_task_marker_parent', 'example_external_task_marker_child' retrieved from /home/airflow/.local/lib/python3.12/site-packages/airflow/example_dags/example_external_task_marker_dag.py
[2024-09-03T15:53:47.222+0000] {logging_mixin.py:190} INFO - [2024-09-03T15:53:47.222+0000] {dag.py:3211} INFO - Sync 2 DAGs
[2024-09-03T15:53:47.230+0000] {logging_mixin.py:190} INFO - [2024-09-03T15:53:47.230+0000] {dag.py:4138} INFO - Setting next_dagrun for example_external_task_marker_child to None, run_after=None
[2024-09-03T15:53:47.232+0000] {logging_mixin.py:190} INFO - [2024-09-03T15:53:47.232+0000] {dag.py:4138} INFO - Setting next_dagrun for example_external_task_marker_parent to None, run_after=None
[2024-09-03T15:53:47.239+0000] {processor.py:208} INFO - Processing /home/airflow/.local/lib/python3.12/site-packages/airflow/example_dags/example_external_task_marker_dag.py took 0.044 seconds
[2024-09-03T15:54:17.488+0000] {processor.py:186} INFO - Started process (PID=748) to work on /home/airflow/.local/lib/python3.12/site-packages/airflow/example_dags/example_external_task_marker_dag.py
[2024-09-03T15:54:17.489+0000] {processor.py:914} INFO - Processing file /home/airflow/.local/lib/python3.12/site-packages/airflow/example_dags/example_external_task_marker_dag.py for tasks to queue
[2024-09-03T15:54:17.492+0000] {logging_mixin.py:190} INFO - [2024-09-03T15:54:17.491+0000] {dagbag.py:587} INFO - Filling up the DagBag from /home/airflow/.local/lib/python3.12/site-packages/airflow/example_dags/example_external_task_marker_dag.py
[2024-09-03T15:54:17.501+0000] {processor.py:925} INFO - DAG(s) 'example_external_task_marker_child', 'example_external_task_marker_parent' retrieved from /home/airflow/.local/lib/python3.12/site-packages/airflow/example_dags/example_external_task_marker_dag.py
[2024-09-03T15:54:17.520+0000] {logging_mixin.py:190} INFO - [2024-09-03T15:54:17.520+0000] {dag.py:3211} INFO - Sync 2 DAGs
[2024-09-03T15:54:17.530+0000] {logging_mixin.py:190} INFO - [2024-09-03T15:54:17.530+0000] {dag.py:4138} INFO - Setting next_dagrun for example_external_task_marker_child to None, run_after=None
[2024-09-03T15:54:17.532+0000] {logging_mixin.py:190} INFO - [2024-09-03T15:54:17.532+0000] {dag.py:4138} INFO - Setting next_dagrun for example_external_task_marker_parent to None, run_after=None
[2024-09-03T15:54:17.541+0000] {processor.py:208} INFO - Processing /home/airflow/.local/lib/python3.12/site-packages/airflow/example_dags/example_external_task_marker_dag.py took 0.059 seconds
[2024-09-03T15:54:47.898+0000] {processor.py:186} INFO - Started process (PID=809) to work on /home/airflow/.local/lib/python3.12/site-packages/airflow/example_dags/example_external_task_marker_dag.py
[2024-09-03T15:54:47.899+0000] {processor.py:914} INFO - Processing file /home/airflow/.local/lib/python3.12/site-packages/airflow/example_dags/example_external_task_marker_dag.py for tasks to queue
[2024-09-03T15:54:47.901+0000] {logging_mixin.py:190} INFO - [2024-09-03T15:54:47.901+0000] {dagbag.py:587} INFO - Filling up the DagBag from /home/airflow/.local/lib/python3.12/site-packages/airflow/example_dags/example_external_task_marker_dag.py
[2024-09-03T15:54:47.906+0000] {processor.py:925} INFO - DAG(s) 'example_external_task_marker_child', 'example_external_task_marker_parent' retrieved from /home/airflow/.local/lib/python3.12/site-packages/airflow/example_dags/example_external_task_marker_dag.py
[2024-09-03T15:54:47.925+0000] {logging_mixin.py:190} INFO - [2024-09-03T15:54:47.925+0000] {dag.py:3211} INFO - Sync 2 DAGs
[2024-09-03T15:54:47.934+0000] {logging_mixin.py:190} INFO - [2024-09-03T15:54:47.934+0000] {dag.py:4138} INFO - Setting next_dagrun for example_external_task_marker_child to None, run_after=None
[2024-09-03T15:54:47.937+0000] {logging_mixin.py:190} INFO - [2024-09-03T15:54:47.936+0000] {dag.py:4138} INFO - Setting next_dagrun for example_external_task_marker_parent to None, run_after=None
[2024-09-03T15:54:47.953+0000] {processor.py:208} INFO - Processing /home/airflow/.local/lib/python3.12/site-packages/airflow/example_dags/example_external_task_marker_dag.py took 0.058 seconds
