[2024-09-03T15:48:40.960+0000] {processor.py:186} INFO - Started process (PID=73) to work on /home/airflow/.local/lib/python3.12/site-packages/airflow/example_dags/example_dataset_alias.py
[2024-09-03T15:48:40.961+0000] {processor.py:914} INFO - Processing file /home/airflow/.local/lib/python3.12/site-packages/airflow/example_dags/example_dataset_alias.py for tasks to queue
[2024-09-03T15:48:40.964+0000] {logging_mixin.py:190} INFO - [2024-09-03T15:48:40.963+0000] {dagbag.py:587} INFO - Filling up the DagBag from /home/airflow/.local/lib/python3.12/site-packages/airflow/example_dags/example_dataset_alias.py
[2024-09-03T15:48:41.155+0000] {processor.py:925} INFO - DAG(s) 'dataset_alias_example_alias_producer', 'dataset_alias_example_alias_consumer', 'dataset_s3_bucket_producer', 'dataset_s3_bucket_consumer' retrieved from /home/airflow/.local/lib/python3.12/site-packages/airflow/example_dags/example_dataset_alias.py
[2024-09-03T15:48:41.268+0000] {logging_mixin.py:190} INFO - [2024-09-03T15:48:41.267+0000] {override.py:1858} INFO - Created Permission View: can edit on DAG:dataset_alias_example_alias_producer
[2024-09-03T15:48:41.273+0000] {logging_mixin.py:190} INFO - [2024-09-03T15:48:41.273+0000] {override.py:1858} INFO - Created Permission View: can read on DAG:dataset_alias_example_alias_producer
[2024-09-03T15:48:41.276+0000] {logging_mixin.py:190} INFO - [2024-09-03T15:48:41.276+0000] {override.py:1858} INFO - Created Permission View: can delete on DAG:dataset_alias_example_alias_producer
[2024-09-03T15:48:41.282+0000] {logging_mixin.py:190} INFO - [2024-09-03T15:48:41.282+0000] {override.py:1858} INFO - Created Permission View: can edit on DAG:dataset_alias_example_alias_consumer
[2024-09-03T15:48:41.285+0000] {logging_mixin.py:190} INFO - [2024-09-03T15:48:41.284+0000] {override.py:1858} INFO - Created Permission View: can read on DAG:dataset_alias_example_alias_consumer
[2024-09-03T15:48:41.288+0000] {logging_mixin.py:190} INFO - [2024-09-03T15:48:41.288+0000] {override.py:1858} INFO - Created Permission View: can delete on DAG:dataset_alias_example_alias_consumer
[2024-09-03T15:48:41.294+0000] {logging_mixin.py:190} INFO - [2024-09-03T15:48:41.294+0000] {override.py:1858} INFO - Created Permission View: can edit on DAG:dataset_s3_bucket_producer
[2024-09-03T15:48:41.300+0000] {logging_mixin.py:190} INFO - [2024-09-03T15:48:41.299+0000] {override.py:1858} INFO - Created Permission View: can read on DAG:dataset_s3_bucket_producer
[2024-09-03T15:48:41.307+0000] {logging_mixin.py:190} INFO - [2024-09-03T15:48:41.306+0000] {override.py:1858} INFO - Created Permission View: can delete on DAG:dataset_s3_bucket_producer
[2024-09-03T15:48:41.315+0000] {logging_mixin.py:190} INFO - [2024-09-03T15:48:41.314+0000] {override.py:1858} INFO - Created Permission View: can edit on DAG:dataset_s3_bucket_consumer
[2024-09-03T15:48:41.319+0000] {logging_mixin.py:190} INFO - [2024-09-03T15:48:41.319+0000] {override.py:1858} INFO - Created Permission View: can read on DAG:dataset_s3_bucket_consumer
[2024-09-03T15:48:41.323+0000] {logging_mixin.py:190} INFO - [2024-09-03T15:48:41.323+0000] {override.py:1858} INFO - Created Permission View: can delete on DAG:dataset_s3_bucket_consumer
[2024-09-03T15:48:41.324+0000] {logging_mixin.py:190} INFO - [2024-09-03T15:48:41.324+0000] {dag.py:3211} INFO - Sync 4 DAGs
[2024-09-03T15:48:41.334+0000] {logging_mixin.py:190} INFO - [2024-09-03T15:48:41.334+0000] {dag.py:3234} INFO - Creating ORM DAG for dataset_s3_bucket_consumer
[2024-09-03T15:48:41.335+0000] {logging_mixin.py:190} INFO - [2024-09-03T15:48:41.335+0000] {dag.py:3234} INFO - Creating ORM DAG for dataset_alias_example_alias_producer
[2024-09-03T15:48:41.335+0000] {logging_mixin.py:190} INFO - [2024-09-03T15:48:41.335+0000] {dag.py:3234} INFO - Creating ORM DAG for dataset_alias_example_alias_consumer
[2024-09-03T15:48:41.336+0000] {logging_mixin.py:190} INFO - [2024-09-03T15:48:41.336+0000] {dag.py:3234} INFO - Creating ORM DAG for dataset_s3_bucket_producer
[2024-09-03T15:48:41.343+0000] {logging_mixin.py:190} INFO - [2024-09-03T15:48:41.343+0000] {dag.py:4138} INFO - Setting next_dagrun for dataset_alias_example_alias_consumer to None, run_after=None
[2024-09-03T15:48:41.343+0000] {logging_mixin.py:190} INFO - [2024-09-03T15:48:41.343+0000] {dag.py:4138} INFO - Setting next_dagrun for dataset_alias_example_alias_producer to None, run_after=None
[2024-09-03T15:48:41.344+0000] {logging_mixin.py:190} INFO - [2024-09-03T15:48:41.344+0000] {dag.py:4138} INFO - Setting next_dagrun for dataset_s3_bucket_consumer to None, run_after=None
[2024-09-03T15:48:41.344+0000] {logging_mixin.py:190} INFO - [2024-09-03T15:48:41.344+0000] {dag.py:4138} INFO - Setting next_dagrun for dataset_s3_bucket_producer to None, run_after=None
[2024-09-03T15:48:41.383+0000] {processor.py:208} INFO - Processing /home/airflow/.local/lib/python3.12/site-packages/airflow/example_dags/example_dataset_alias.py took 0.430 seconds
[2024-09-03T15:49:11.639+0000] {processor.py:186} INFO - Started process (PID=135) to work on /home/airflow/.local/lib/python3.12/site-packages/airflow/example_dags/example_dataset_alias.py
[2024-09-03T15:49:11.640+0000] {processor.py:914} INFO - Processing file /home/airflow/.local/lib/python3.12/site-packages/airflow/example_dags/example_dataset_alias.py for tasks to queue
[2024-09-03T15:49:11.641+0000] {logging_mixin.py:190} INFO - [2024-09-03T15:49:11.641+0000] {dagbag.py:587} INFO - Filling up the DagBag from /home/airflow/.local/lib/python3.12/site-packages/airflow/example_dags/example_dataset_alias.py
[2024-09-03T15:49:11.779+0000] {processor.py:925} INFO - DAG(s) 'dataset_alias_example_alias_producer', 'dataset_s3_bucket_producer', 'dataset_alias_example_alias_consumer', 'dataset_s3_bucket_consumer' retrieved from /home/airflow/.local/lib/python3.12/site-packages/airflow/example_dags/example_dataset_alias.py
[2024-09-03T15:49:11.792+0000] {logging_mixin.py:190} INFO - [2024-09-03T15:49:11.792+0000] {dag.py:3211} INFO - Sync 4 DAGs
[2024-09-03T15:49:11.806+0000] {logging_mixin.py:190} INFO - [2024-09-03T15:49:11.806+0000] {dag.py:4138} INFO - Setting next_dagrun for dataset_alias_example_alias_consumer to None, run_after=None
[2024-09-03T15:49:11.807+0000] {logging_mixin.py:190} INFO - [2024-09-03T15:49:11.807+0000] {dag.py:4138} INFO - Setting next_dagrun for dataset_alias_example_alias_producer to None, run_after=None
[2024-09-03T15:49:11.808+0000] {logging_mixin.py:190} INFO - [2024-09-03T15:49:11.808+0000] {dag.py:4138} INFO - Setting next_dagrun for dataset_s3_bucket_consumer to None, run_after=None
[2024-09-03T15:49:11.809+0000] {logging_mixin.py:190} INFO - [2024-09-03T15:49:11.809+0000] {dag.py:4138} INFO - Setting next_dagrun for dataset_s3_bucket_producer to None, run_after=None
[2024-09-03T15:49:11.819+0000] {processor.py:208} INFO - Processing /home/airflow/.local/lib/python3.12/site-packages/airflow/example_dags/example_dataset_alias.py took 0.184 seconds
[2024-09-03T15:49:42.637+0000] {processor.py:186} INFO - Started process (PID=198) to work on /home/airflow/.local/lib/python3.12/site-packages/airflow/example_dags/example_dataset_alias.py
[2024-09-03T15:49:42.638+0000] {processor.py:914} INFO - Processing file /home/airflow/.local/lib/python3.12/site-packages/airflow/example_dags/example_dataset_alias.py for tasks to queue
[2024-09-03T15:49:42.639+0000] {logging_mixin.py:190} INFO - [2024-09-03T15:49:42.639+0000] {dagbag.py:587} INFO - Filling up the DagBag from /home/airflow/.local/lib/python3.12/site-packages/airflow/example_dags/example_dataset_alias.py
[2024-09-03T15:49:42.760+0000] {processor.py:925} INFO - DAG(s) 'dataset_alias_example_alias_producer', 'dataset_s3_bucket_consumer', 'dataset_s3_bucket_producer', 'dataset_alias_example_alias_consumer' retrieved from /home/airflow/.local/lib/python3.12/site-packages/airflow/example_dags/example_dataset_alias.py
[2024-09-03T15:49:42.771+0000] {logging_mixin.py:190} INFO - [2024-09-03T15:49:42.771+0000] {dag.py:3211} INFO - Sync 4 DAGs
[2024-09-03T15:49:42.784+0000] {logging_mixin.py:190} INFO - [2024-09-03T15:49:42.784+0000] {dag.py:4138} INFO - Setting next_dagrun for dataset_alias_example_alias_consumer to None, run_after=None
[2024-09-03T15:49:42.785+0000] {logging_mixin.py:190} INFO - [2024-09-03T15:49:42.785+0000] {dag.py:4138} INFO - Setting next_dagrun for dataset_alias_example_alias_producer to None, run_after=None
[2024-09-03T15:49:42.786+0000] {logging_mixin.py:190} INFO - [2024-09-03T15:49:42.786+0000] {dag.py:4138} INFO - Setting next_dagrun for dataset_s3_bucket_consumer to None, run_after=None
[2024-09-03T15:49:42.787+0000] {logging_mixin.py:190} INFO - [2024-09-03T15:49:42.787+0000] {dag.py:4138} INFO - Setting next_dagrun for dataset_s3_bucket_producer to None, run_after=None
[2024-09-03T15:49:42.797+0000] {processor.py:208} INFO - Processing /home/airflow/.local/lib/python3.12/site-packages/airflow/example_dags/example_dataset_alias.py took 0.164 seconds
[2024-09-03T15:50:13.831+0000] {processor.py:186} INFO - Started process (PID=260) to work on /home/airflow/.local/lib/python3.12/site-packages/airflow/example_dags/example_dataset_alias.py
[2024-09-03T15:50:13.832+0000] {processor.py:914} INFO - Processing file /home/airflow/.local/lib/python3.12/site-packages/airflow/example_dags/example_dataset_alias.py for tasks to queue
[2024-09-03T15:50:13.835+0000] {logging_mixin.py:190} INFO - [2024-09-03T15:50:13.834+0000] {dagbag.py:587} INFO - Filling up the DagBag from /home/airflow/.local/lib/python3.12/site-packages/airflow/example_dags/example_dataset_alias.py
[2024-09-03T15:50:13.985+0000] {processor.py:925} INFO - DAG(s) 'dataset_alias_example_alias_producer', 'dataset_s3_bucket_producer', 'dataset_s3_bucket_consumer', 'dataset_alias_example_alias_consumer' retrieved from /home/airflow/.local/lib/python3.12/site-packages/airflow/example_dags/example_dataset_alias.py
[2024-09-03T15:50:14.001+0000] {logging_mixin.py:190} INFO - [2024-09-03T15:50:14.001+0000] {dag.py:3211} INFO - Sync 4 DAGs
[2024-09-03T15:50:14.014+0000] {logging_mixin.py:190} INFO - [2024-09-03T15:50:14.014+0000] {dag.py:4138} INFO - Setting next_dagrun for dataset_alias_example_alias_consumer to None, run_after=None
[2024-09-03T15:50:14.016+0000] {logging_mixin.py:190} INFO - [2024-09-03T15:50:14.016+0000] {dag.py:4138} INFO - Setting next_dagrun for dataset_alias_example_alias_producer to None, run_after=None
[2024-09-03T15:50:14.017+0000] {logging_mixin.py:190} INFO - [2024-09-03T15:50:14.016+0000] {dag.py:4138} INFO - Setting next_dagrun for dataset_s3_bucket_consumer to None, run_after=None
[2024-09-03T15:50:14.017+0000] {logging_mixin.py:190} INFO - [2024-09-03T15:50:14.017+0000] {dag.py:4138} INFO - Setting next_dagrun for dataset_s3_bucket_producer to None, run_after=None
[2024-09-03T15:50:14.038+0000] {processor.py:208} INFO - Processing /home/airflow/.local/lib/python3.12/site-packages/airflow/example_dags/example_dataset_alias.py took 0.213 seconds
[2024-09-03T15:50:45.001+0000] {processor.py:186} INFO - Started process (PID=322) to work on /home/airflow/.local/lib/python3.12/site-packages/airflow/example_dags/example_dataset_alias.py
[2024-09-03T15:50:45.004+0000] {processor.py:914} INFO - Processing file /home/airflow/.local/lib/python3.12/site-packages/airflow/example_dags/example_dataset_alias.py for tasks to queue
[2024-09-03T15:50:45.007+0000] {logging_mixin.py:190} INFO - [2024-09-03T15:50:45.007+0000] {dagbag.py:587} INFO - Filling up the DagBag from /home/airflow/.local/lib/python3.12/site-packages/airflow/example_dags/example_dataset_alias.py
[2024-09-03T15:50:45.144+0000] {processor.py:925} INFO - DAG(s) 'dataset_s3_bucket_consumer', 'dataset_alias_example_alias_producer', 'dataset_s3_bucket_producer', 'dataset_alias_example_alias_consumer' retrieved from /home/airflow/.local/lib/python3.12/site-packages/airflow/example_dags/example_dataset_alias.py
[2024-09-03T15:50:45.155+0000] {logging_mixin.py:190} INFO - [2024-09-03T15:50:45.155+0000] {dag.py:3211} INFO - Sync 4 DAGs
[2024-09-03T15:50:45.168+0000] {logging_mixin.py:190} INFO - [2024-09-03T15:50:45.168+0000] {dag.py:4138} INFO - Setting next_dagrun for dataset_alias_example_alias_consumer to None, run_after=None
[2024-09-03T15:50:45.169+0000] {logging_mixin.py:190} INFO - [2024-09-03T15:50:45.169+0000] {dag.py:4138} INFO - Setting next_dagrun for dataset_alias_example_alias_producer to None, run_after=None
[2024-09-03T15:50:45.170+0000] {logging_mixin.py:190} INFO - [2024-09-03T15:50:45.170+0000] {dag.py:4138} INFO - Setting next_dagrun for dataset_s3_bucket_consumer to None, run_after=None
[2024-09-03T15:50:45.170+0000] {logging_mixin.py:190} INFO - [2024-09-03T15:50:45.170+0000] {dag.py:4138} INFO - Setting next_dagrun for dataset_s3_bucket_producer to None, run_after=None
[2024-09-03T15:50:45.185+0000] {processor.py:208} INFO - Processing /home/airflow/.local/lib/python3.12/site-packages/airflow/example_dags/example_dataset_alias.py took 0.198 seconds
[2024-09-03T15:51:16.000+0000] {processor.py:186} INFO - Started process (PID=385) to work on /home/airflow/.local/lib/python3.12/site-packages/airflow/example_dags/example_dataset_alias.py
[2024-09-03T15:51:16.002+0000] {processor.py:914} INFO - Processing file /home/airflow/.local/lib/python3.12/site-packages/airflow/example_dags/example_dataset_alias.py for tasks to queue
[2024-09-03T15:51:16.006+0000] {logging_mixin.py:190} INFO - [2024-09-03T15:51:16.006+0000] {dagbag.py:587} INFO - Filling up the DagBag from /home/airflow/.local/lib/python3.12/site-packages/airflow/example_dags/example_dataset_alias.py
[2024-09-03T15:51:16.150+0000] {processor.py:925} INFO - DAG(s) 'dataset_alias_example_alias_consumer', 'dataset_s3_bucket_producer', 'dataset_s3_bucket_consumer', 'dataset_alias_example_alias_producer' retrieved from /home/airflow/.local/lib/python3.12/site-packages/airflow/example_dags/example_dataset_alias.py
[2024-09-03T15:51:16.161+0000] {logging_mixin.py:190} INFO - [2024-09-03T15:51:16.160+0000] {dag.py:3211} INFO - Sync 4 DAGs
[2024-09-03T15:51:16.173+0000] {logging_mixin.py:190} INFO - [2024-09-03T15:51:16.173+0000] {dag.py:4138} INFO - Setting next_dagrun for dataset_alias_example_alias_consumer to None, run_after=None
[2024-09-03T15:51:16.175+0000] {logging_mixin.py:190} INFO - [2024-09-03T15:51:16.175+0000] {dag.py:4138} INFO - Setting next_dagrun for dataset_alias_example_alias_producer to None, run_after=None
[2024-09-03T15:51:16.175+0000] {logging_mixin.py:190} INFO - [2024-09-03T15:51:16.175+0000] {dag.py:4138} INFO - Setting next_dagrun for dataset_s3_bucket_consumer to None, run_after=None
[2024-09-03T15:51:16.176+0000] {logging_mixin.py:190} INFO - [2024-09-03T15:51:16.176+0000] {dag.py:4138} INFO - Setting next_dagrun for dataset_s3_bucket_producer to None, run_after=None
[2024-09-03T15:51:16.188+0000] {processor.py:208} INFO - Processing /home/airflow/.local/lib/python3.12/site-packages/airflow/example_dags/example_dataset_alias.py took 0.202 seconds
[2024-09-03T15:51:47.183+0000] {processor.py:186} INFO - Started process (PID=447) to work on /home/airflow/.local/lib/python3.12/site-packages/airflow/example_dags/example_dataset_alias.py
[2024-09-03T15:51:47.184+0000] {processor.py:914} INFO - Processing file /home/airflow/.local/lib/python3.12/site-packages/airflow/example_dags/example_dataset_alias.py for tasks to queue
[2024-09-03T15:51:47.188+0000] {logging_mixin.py:190} INFO - [2024-09-03T15:51:47.187+0000] {dagbag.py:587} INFO - Filling up the DagBag from /home/airflow/.local/lib/python3.12/site-packages/airflow/example_dags/example_dataset_alias.py
[2024-09-03T15:51:47.405+0000] {processor.py:925} INFO - DAG(s) 'dataset_s3_bucket_consumer', 'dataset_alias_example_alias_producer', 'dataset_alias_example_alias_consumer', 'dataset_s3_bucket_producer' retrieved from /home/airflow/.local/lib/python3.12/site-packages/airflow/example_dags/example_dataset_alias.py
[2024-09-03T15:51:47.421+0000] {logging_mixin.py:190} INFO - [2024-09-03T15:51:47.421+0000] {dag.py:3211} INFO - Sync 4 DAGs
[2024-09-03T15:51:47.437+0000] {logging_mixin.py:190} INFO - [2024-09-03T15:51:47.437+0000] {dag.py:4138} INFO - Setting next_dagrun for dataset_alias_example_alias_consumer to None, run_after=None
[2024-09-03T15:51:47.439+0000] {logging_mixin.py:190} INFO - [2024-09-03T15:51:47.439+0000] {dag.py:4138} INFO - Setting next_dagrun for dataset_alias_example_alias_producer to None, run_after=None
[2024-09-03T15:51:47.442+0000] {logging_mixin.py:190} INFO - [2024-09-03T15:51:47.441+0000] {dag.py:4138} INFO - Setting next_dagrun for dataset_s3_bucket_consumer to None, run_after=None
[2024-09-03T15:51:47.443+0000] {logging_mixin.py:190} INFO - [2024-09-03T15:51:47.443+0000] {dag.py:4138} INFO - Setting next_dagrun for dataset_s3_bucket_producer to None, run_after=None
[2024-09-03T15:51:47.464+0000] {processor.py:208} INFO - Processing /home/airflow/.local/lib/python3.12/site-packages/airflow/example_dags/example_dataset_alias.py took 0.309 seconds
[2024-09-03T15:52:18.393+0000] {processor.py:186} INFO - Started process (PID=509) to work on /home/airflow/.local/lib/python3.12/site-packages/airflow/example_dags/example_dataset_alias.py
[2024-09-03T15:52:18.399+0000] {processor.py:914} INFO - Processing file /home/airflow/.local/lib/python3.12/site-packages/airflow/example_dags/example_dataset_alias.py for tasks to queue
[2024-09-03T15:52:18.408+0000] {logging_mixin.py:190} INFO - [2024-09-03T15:52:18.407+0000] {dagbag.py:587} INFO - Filling up the DagBag from /home/airflow/.local/lib/python3.12/site-packages/airflow/example_dags/example_dataset_alias.py
[2024-09-03T15:52:18.569+0000] {processor.py:925} INFO - DAG(s) 'dataset_alias_example_alias_consumer', 'dataset_alias_example_alias_producer', 'dataset_s3_bucket_consumer', 'dataset_s3_bucket_producer' retrieved from /home/airflow/.local/lib/python3.12/site-packages/airflow/example_dags/example_dataset_alias.py
[2024-09-03T15:52:18.582+0000] {logging_mixin.py:190} INFO - [2024-09-03T15:52:18.582+0000] {dag.py:3211} INFO - Sync 4 DAGs
[2024-09-03T15:52:18.594+0000] {logging_mixin.py:190} INFO - [2024-09-03T15:52:18.594+0000] {dag.py:4138} INFO - Setting next_dagrun for dataset_alias_example_alias_consumer to None, run_after=None
[2024-09-03T15:52:18.596+0000] {logging_mixin.py:190} INFO - [2024-09-03T15:52:18.595+0000] {dag.py:4138} INFO - Setting next_dagrun for dataset_alias_example_alias_producer to None, run_after=None
[2024-09-03T15:52:18.596+0000] {logging_mixin.py:190} INFO - [2024-09-03T15:52:18.596+0000] {dag.py:4138} INFO - Setting next_dagrun for dataset_s3_bucket_consumer to None, run_after=None
[2024-09-03T15:52:18.597+0000] {logging_mixin.py:190} INFO - [2024-09-03T15:52:18.597+0000] {dag.py:4138} INFO - Setting next_dagrun for dataset_s3_bucket_producer to None, run_after=None
[2024-09-03T15:52:18.608+0000] {processor.py:208} INFO - Processing /home/airflow/.local/lib/python3.12/site-packages/airflow/example_dags/example_dataset_alias.py took 0.235 seconds
[2024-09-03T15:52:49.269+0000] {processor.py:186} INFO - Started process (PID=571) to work on /home/airflow/.local/lib/python3.12/site-packages/airflow/example_dags/example_dataset_alias.py
[2024-09-03T15:52:49.273+0000] {processor.py:914} INFO - Processing file /home/airflow/.local/lib/python3.12/site-packages/airflow/example_dags/example_dataset_alias.py for tasks to queue
[2024-09-03T15:52:49.276+0000] {logging_mixin.py:190} INFO - [2024-09-03T15:52:49.276+0000] {dagbag.py:587} INFO - Filling up the DagBag from /home/airflow/.local/lib/python3.12/site-packages/airflow/example_dags/example_dataset_alias.py
[2024-09-03T15:52:49.447+0000] {processor.py:925} INFO - DAG(s) 'dataset_s3_bucket_consumer', 'dataset_alias_example_alias_producer', 'dataset_s3_bucket_producer', 'dataset_alias_example_alias_consumer' retrieved from /home/airflow/.local/lib/python3.12/site-packages/airflow/example_dags/example_dataset_alias.py
[2024-09-03T15:52:49.462+0000] {logging_mixin.py:190} INFO - [2024-09-03T15:52:49.462+0000] {dag.py:3211} INFO - Sync 4 DAGs
[2024-09-03T15:52:49.476+0000] {logging_mixin.py:190} INFO - [2024-09-03T15:52:49.476+0000] {dag.py:4138} INFO - Setting next_dagrun for dataset_alias_example_alias_consumer to None, run_after=None
[2024-09-03T15:52:49.477+0000] {logging_mixin.py:190} INFO - [2024-09-03T15:52:49.477+0000] {dag.py:4138} INFO - Setting next_dagrun for dataset_alias_example_alias_producer to None, run_after=None
[2024-09-03T15:52:49.478+0000] {logging_mixin.py:190} INFO - [2024-09-03T15:52:49.478+0000] {dag.py:4138} INFO - Setting next_dagrun for dataset_s3_bucket_consumer to None, run_after=None
[2024-09-03T15:52:49.479+0000] {logging_mixin.py:190} INFO - [2024-09-03T15:52:49.479+0000] {dag.py:4138} INFO - Setting next_dagrun for dataset_s3_bucket_producer to None, run_after=None
[2024-09-03T15:52:49.495+0000] {processor.py:208} INFO - Processing /home/airflow/.local/lib/python3.12/site-packages/airflow/example_dags/example_dataset_alias.py took 0.236 seconds
[2024-09-03T15:53:19.610+0000] {processor.py:186} INFO - Started process (PID=633) to work on /home/airflow/.local/lib/python3.12/site-packages/airflow/example_dags/example_dataset_alias.py
[2024-09-03T15:53:19.611+0000] {processor.py:914} INFO - Processing file /home/airflow/.local/lib/python3.12/site-packages/airflow/example_dags/example_dataset_alias.py for tasks to queue
[2024-09-03T15:53:19.615+0000] {logging_mixin.py:190} INFO - [2024-09-03T15:53:19.614+0000] {dagbag.py:587} INFO - Filling up the DagBag from /home/airflow/.local/lib/python3.12/site-packages/airflow/example_dags/example_dataset_alias.py
[2024-09-03T15:53:19.791+0000] {processor.py:925} INFO - DAG(s) 'dataset_alias_example_alias_consumer', 'dataset_s3_bucket_producer', 'dataset_s3_bucket_consumer', 'dataset_alias_example_alias_producer' retrieved from /home/airflow/.local/lib/python3.12/site-packages/airflow/example_dags/example_dataset_alias.py
[2024-09-03T15:53:19.813+0000] {logging_mixin.py:190} INFO - [2024-09-03T15:53:19.813+0000] {dag.py:3211} INFO - Sync 4 DAGs
[2024-09-03T15:53:19.827+0000] {logging_mixin.py:190} INFO - [2024-09-03T15:53:19.826+0000] {dag.py:4138} INFO - Setting next_dagrun for dataset_alias_example_alias_consumer to None, run_after=None
[2024-09-03T15:53:19.828+0000] {logging_mixin.py:190} INFO - [2024-09-03T15:53:19.828+0000] {dag.py:4138} INFO - Setting next_dagrun for dataset_alias_example_alias_producer to None, run_after=None
[2024-09-03T15:53:19.829+0000] {logging_mixin.py:190} INFO - [2024-09-03T15:53:19.829+0000] {dag.py:4138} INFO - Setting next_dagrun for dataset_s3_bucket_consumer to None, run_after=None
[2024-09-03T15:53:19.829+0000] {logging_mixin.py:190} INFO - [2024-09-03T15:53:19.829+0000] {dag.py:4138} INFO - Setting next_dagrun for dataset_s3_bucket_producer to None, run_after=None
[2024-09-03T15:53:19.843+0000] {processor.py:208} INFO - Processing /home/airflow/.local/lib/python3.12/site-packages/airflow/example_dags/example_dataset_alias.py took 0.247 seconds
[2024-09-03T15:53:50.625+0000] {processor.py:186} INFO - Started process (PID=694) to work on /home/airflow/.local/lib/python3.12/site-packages/airflow/example_dags/example_dataset_alias.py
[2024-09-03T15:53:50.628+0000] {processor.py:914} INFO - Processing file /home/airflow/.local/lib/python3.12/site-packages/airflow/example_dags/example_dataset_alias.py for tasks to queue
[2024-09-03T15:53:50.633+0000] {logging_mixin.py:190} INFO - [2024-09-03T15:53:50.633+0000] {dagbag.py:587} INFO - Filling up the DagBag from /home/airflow/.local/lib/python3.12/site-packages/airflow/example_dags/example_dataset_alias.py
[2024-09-03T15:53:50.789+0000] {processor.py:925} INFO - DAG(s) 'dataset_alias_example_alias_consumer', 'dataset_s3_bucket_consumer', 'dataset_alias_example_alias_producer', 'dataset_s3_bucket_producer' retrieved from /home/airflow/.local/lib/python3.12/site-packages/airflow/example_dags/example_dataset_alias.py
[2024-09-03T15:53:50.801+0000] {logging_mixin.py:190} INFO - [2024-09-03T15:53:50.801+0000] {dag.py:3211} INFO - Sync 4 DAGs
[2024-09-03T15:53:50.814+0000] {logging_mixin.py:190} INFO - [2024-09-03T15:53:50.813+0000] {dag.py:4138} INFO - Setting next_dagrun for dataset_alias_example_alias_consumer to None, run_after=None
[2024-09-03T15:53:50.815+0000] {logging_mixin.py:190} INFO - [2024-09-03T15:53:50.815+0000] {dag.py:4138} INFO - Setting next_dagrun for dataset_alias_example_alias_producer to None, run_after=None
[2024-09-03T15:53:50.816+0000] {logging_mixin.py:190} INFO - [2024-09-03T15:53:50.816+0000] {dag.py:4138} INFO - Setting next_dagrun for dataset_s3_bucket_consumer to None, run_after=None
[2024-09-03T15:53:50.816+0000] {logging_mixin.py:190} INFO - [2024-09-03T15:53:50.816+0000] {dag.py:4138} INFO - Setting next_dagrun for dataset_s3_bucket_producer to None, run_after=None
[2024-09-03T15:53:50.828+0000] {processor.py:208} INFO - Processing /home/airflow/.local/lib/python3.12/site-packages/airflow/example_dags/example_dataset_alias.py took 0.219 seconds
[2024-09-03T15:54:20.882+0000] {processor.py:186} INFO - Started process (PID=757) to work on /home/airflow/.local/lib/python3.12/site-packages/airflow/example_dags/example_dataset_alias.py
[2024-09-03T15:54:20.885+0000] {processor.py:914} INFO - Processing file /home/airflow/.local/lib/python3.12/site-packages/airflow/example_dags/example_dataset_alias.py for tasks to queue
[2024-09-03T15:54:20.889+0000] {logging_mixin.py:190} INFO - [2024-09-03T15:54:20.888+0000] {dagbag.py:587} INFO - Filling up the DagBag from /home/airflow/.local/lib/python3.12/site-packages/airflow/example_dags/example_dataset_alias.py
[2024-09-03T15:54:21.097+0000] {processor.py:925} INFO - DAG(s) 'dataset_alias_example_alias_consumer', 'dataset_alias_example_alias_producer', 'dataset_s3_bucket_consumer', 'dataset_s3_bucket_producer' retrieved from /home/airflow/.local/lib/python3.12/site-packages/airflow/example_dags/example_dataset_alias.py
[2024-09-03T15:54:21.131+0000] {logging_mixin.py:190} INFO - [2024-09-03T15:54:21.131+0000] {dag.py:3211} INFO - Sync 4 DAGs
[2024-09-03T15:54:21.154+0000] {logging_mixin.py:190} INFO - [2024-09-03T15:54:21.153+0000] {dag.py:4138} INFO - Setting next_dagrun for dataset_alias_example_alias_consumer to None, run_after=None
[2024-09-03T15:54:21.157+0000] {logging_mixin.py:190} INFO - [2024-09-03T15:54:21.157+0000] {dag.py:4138} INFO - Setting next_dagrun for dataset_alias_example_alias_producer to None, run_after=None
[2024-09-03T15:54:21.159+0000] {logging_mixin.py:190} INFO - [2024-09-03T15:54:21.158+0000] {dag.py:4138} INFO - Setting next_dagrun for dataset_s3_bucket_consumer to None, run_after=None
[2024-09-03T15:54:21.159+0000] {logging_mixin.py:190} INFO - [2024-09-03T15:54:21.159+0000] {dag.py:4138} INFO - Setting next_dagrun for dataset_s3_bucket_producer to None, run_after=None
[2024-09-03T15:54:21.204+0000] {processor.py:208} INFO - Processing /home/airflow/.local/lib/python3.12/site-packages/airflow/example_dags/example_dataset_alias.py took 0.341 seconds
[2024-09-03T15:54:51.421+0000] {processor.py:186} INFO - Started process (PID=817) to work on /home/airflow/.local/lib/python3.12/site-packages/airflow/example_dags/example_dataset_alias.py
[2024-09-03T15:54:51.430+0000] {processor.py:914} INFO - Processing file /home/airflow/.local/lib/python3.12/site-packages/airflow/example_dags/example_dataset_alias.py for tasks to queue
[2024-09-03T15:54:51.436+0000] {logging_mixin.py:190} INFO - [2024-09-03T15:54:51.436+0000] {dagbag.py:587} INFO - Filling up the DagBag from /home/airflow/.local/lib/python3.12/site-packages/airflow/example_dags/example_dataset_alias.py
[2024-09-03T15:54:51.620+0000] {processor.py:925} INFO - DAG(s) 'dataset_s3_bucket_producer', 'dataset_s3_bucket_consumer', 'dataset_alias_example_alias_consumer', 'dataset_alias_example_alias_producer' retrieved from /home/airflow/.local/lib/python3.12/site-packages/airflow/example_dags/example_dataset_alias.py
[2024-09-03T15:54:51.631+0000] {logging_mixin.py:190} INFO - [2024-09-03T15:54:51.630+0000] {dag.py:3211} INFO - Sync 4 DAGs
[2024-09-03T15:54:51.643+0000] {logging_mixin.py:190} INFO - [2024-09-03T15:54:51.643+0000] {dag.py:4138} INFO - Setting next_dagrun for dataset_alias_example_alias_consumer to None, run_after=None
[2024-09-03T15:54:51.645+0000] {logging_mixin.py:190} INFO - [2024-09-03T15:54:51.645+0000] {dag.py:4138} INFO - Setting next_dagrun for dataset_alias_example_alias_producer to None, run_after=None
[2024-09-03T15:54:51.646+0000] {logging_mixin.py:190} INFO - [2024-09-03T15:54:51.646+0000] {dag.py:4138} INFO - Setting next_dagrun for dataset_s3_bucket_consumer to None, run_after=None
[2024-09-03T15:54:51.646+0000] {logging_mixin.py:190} INFO - [2024-09-03T15:54:51.646+0000] {dag.py:4138} INFO - Setting next_dagrun for dataset_s3_bucket_producer to None, run_after=None
[2024-09-03T15:54:51.660+0000] {processor.py:208} INFO - Processing /home/airflow/.local/lib/python3.12/site-packages/airflow/example_dags/example_dataset_alias.py took 0.260 seconds
