[2024-09-03T15:48:38.319+0000] {processor.py:186} INFO - Started process (PID=50) to work on /home/airflow/.local/lib/python3.12/site-packages/airflow/example_dags/example_python_operator.py
[2024-09-03T15:48:38.320+0000] {processor.py:914} INFO - Processing file /home/airflow/.local/lib/python3.12/site-packages/airflow/example_dags/example_python_operator.py for tasks to queue
[2024-09-03T15:48:38.322+0000] {logging_mixin.py:190} INFO - [2024-09-03T15:48:38.321+0000] {dagbag.py:587} INFO - Filling up the DagBag from /home/airflow/.local/lib/python3.12/site-packages/airflow/example_dags/example_python_operator.py
[2024-09-03T15:48:38.332+0000] {processor.py:925} INFO - DAG(s) 'example_python_operator' retrieved from /home/airflow/.local/lib/python3.12/site-packages/airflow/example_dags/example_python_operator.py
[2024-09-03T15:48:38.438+0000] {logging_mixin.py:190} INFO - [2024-09-03T15:48:38.438+0000] {override.py:1858} INFO - Created Permission View: can edit on DAG:example_python_operator
[2024-09-03T15:48:38.444+0000] {logging_mixin.py:190} INFO - [2024-09-03T15:48:38.444+0000] {override.py:1858} INFO - Created Permission View: can read on DAG:example_python_operator
[2024-09-03T15:48:38.448+0000] {logging_mixin.py:190} INFO - [2024-09-03T15:48:38.448+0000] {override.py:1858} INFO - Created Permission View: can delete on DAG:example_python_operator
[2024-09-03T15:48:38.449+0000] {logging_mixin.py:190} INFO - [2024-09-03T15:48:38.448+0000] {dag.py:3211} INFO - Sync 1 DAGs
[2024-09-03T15:48:38.457+0000] {logging_mixin.py:190} INFO - [2024-09-03T15:48:38.457+0000] {dag.py:3234} INFO - Creating ORM DAG for example_python_operator
[2024-09-03T15:48:38.458+0000] {logging_mixin.py:190} INFO - [2024-09-03T15:48:38.457+0000] {dag.py:4138} INFO - Setting next_dagrun for example_python_operator to None, run_after=None
[2024-09-03T15:48:38.482+0000] {processor.py:208} INFO - Processing /home/airflow/.local/lib/python3.12/site-packages/airflow/example_dags/example_python_operator.py took 0.167 seconds
[2024-09-03T15:49:08.719+0000] {processor.py:186} INFO - Started process (PID=112) to work on /home/airflow/.local/lib/python3.12/site-packages/airflow/example_dags/example_python_operator.py
[2024-09-03T15:49:08.720+0000] {processor.py:914} INFO - Processing file /home/airflow/.local/lib/python3.12/site-packages/airflow/example_dags/example_python_operator.py for tasks to queue
[2024-09-03T15:49:08.722+0000] {logging_mixin.py:190} INFO - [2024-09-03T15:49:08.722+0000] {dagbag.py:587} INFO - Filling up the DagBag from /home/airflow/.local/lib/python3.12/site-packages/airflow/example_dags/example_python_operator.py
[2024-09-03T15:49:08.731+0000] {processor.py:925} INFO - DAG(s) 'example_python_operator' retrieved from /home/airflow/.local/lib/python3.12/site-packages/airflow/example_dags/example_python_operator.py
[2024-09-03T15:49:08.746+0000] {logging_mixin.py:190} INFO - [2024-09-03T15:49:08.746+0000] {dag.py:3211} INFO - Sync 1 DAGs
[2024-09-03T15:49:08.754+0000] {logging_mixin.py:190} INFO - [2024-09-03T15:49:08.753+0000] {dag.py:4138} INFO - Setting next_dagrun for example_python_operator to None, run_after=None
[2024-09-03T15:49:08.763+0000] {processor.py:208} INFO - Processing /home/airflow/.local/lib/python3.12/site-packages/airflow/example_dags/example_python_operator.py took 0.048 seconds
[2024-09-03T15:49:39.580+0000] {processor.py:186} INFO - Started process (PID=175) to work on /home/airflow/.local/lib/python3.12/site-packages/airflow/example_dags/example_python_operator.py
[2024-09-03T15:49:39.580+0000] {processor.py:914} INFO - Processing file /home/airflow/.local/lib/python3.12/site-packages/airflow/example_dags/example_python_operator.py for tasks to queue
[2024-09-03T15:49:39.582+0000] {logging_mixin.py:190} INFO - [2024-09-03T15:49:39.582+0000] {dagbag.py:587} INFO - Filling up the DagBag from /home/airflow/.local/lib/python3.12/site-packages/airflow/example_dags/example_python_operator.py
[2024-09-03T15:49:39.589+0000] {processor.py:925} INFO - DAG(s) 'example_python_operator' retrieved from /home/airflow/.local/lib/python3.12/site-packages/airflow/example_dags/example_python_operator.py
[2024-09-03T15:49:39.604+0000] {logging_mixin.py:190} INFO - [2024-09-03T15:49:39.604+0000] {dag.py:3211} INFO - Sync 1 DAGs
[2024-09-03T15:49:39.611+0000] {logging_mixin.py:190} INFO - [2024-09-03T15:49:39.611+0000] {dag.py:4138} INFO - Setting next_dagrun for example_python_operator to None, run_after=None
[2024-09-03T15:49:39.620+0000] {processor.py:208} INFO - Processing /home/airflow/.local/lib/python3.12/site-packages/airflow/example_dags/example_python_operator.py took 0.045 seconds
[2024-09-03T15:50:10.558+0000] {processor.py:186} INFO - Started process (PID=237) to work on /home/airflow/.local/lib/python3.12/site-packages/airflow/example_dags/example_python_operator.py
[2024-09-03T15:50:10.558+0000] {processor.py:914} INFO - Processing file /home/airflow/.local/lib/python3.12/site-packages/airflow/example_dags/example_python_operator.py for tasks to queue
[2024-09-03T15:50:10.560+0000] {logging_mixin.py:190} INFO - [2024-09-03T15:50:10.560+0000] {dagbag.py:587} INFO - Filling up the DagBag from /home/airflow/.local/lib/python3.12/site-packages/airflow/example_dags/example_python_operator.py
[2024-09-03T15:50:10.567+0000] {processor.py:925} INFO - DAG(s) 'example_python_operator' retrieved from /home/airflow/.local/lib/python3.12/site-packages/airflow/example_dags/example_python_operator.py
[2024-09-03T15:50:10.582+0000] {logging_mixin.py:190} INFO - [2024-09-03T15:50:10.582+0000] {dag.py:3211} INFO - Sync 1 DAGs
[2024-09-03T15:50:10.589+0000] {logging_mixin.py:190} INFO - [2024-09-03T15:50:10.589+0000] {dag.py:4138} INFO - Setting next_dagrun for example_python_operator to None, run_after=None
[2024-09-03T15:50:10.598+0000] {processor.py:208} INFO - Processing /home/airflow/.local/lib/python3.12/site-packages/airflow/example_dags/example_python_operator.py took 0.044 seconds
[2024-09-03T15:50:41.021+0000] {processor.py:186} INFO - Started process (PID=299) to work on /home/airflow/.local/lib/python3.12/site-packages/airflow/example_dags/example_python_operator.py
[2024-09-03T15:50:41.022+0000] {processor.py:914} INFO - Processing file /home/airflow/.local/lib/python3.12/site-packages/airflow/example_dags/example_python_operator.py for tasks to queue
[2024-09-03T15:50:41.024+0000] {logging_mixin.py:190} INFO - [2024-09-03T15:50:41.024+0000] {dagbag.py:587} INFO - Filling up the DagBag from /home/airflow/.local/lib/python3.12/site-packages/airflow/example_dags/example_python_operator.py
[2024-09-03T15:50:41.032+0000] {processor.py:925} INFO - DAG(s) 'example_python_operator' retrieved from /home/airflow/.local/lib/python3.12/site-packages/airflow/example_dags/example_python_operator.py
[2024-09-03T15:50:41.047+0000] {logging_mixin.py:190} INFO - [2024-09-03T15:50:41.046+0000] {dag.py:3211} INFO - Sync 1 DAGs
[2024-09-03T15:50:41.054+0000] {logging_mixin.py:190} INFO - [2024-09-03T15:50:41.054+0000] {dag.py:4138} INFO - Setting next_dagrun for example_python_operator to None, run_after=None
[2024-09-03T15:50:41.062+0000] {processor.py:208} INFO - Processing /home/airflow/.local/lib/python3.12/site-packages/airflow/example_dags/example_python_operator.py took 0.046 seconds
[2024-09-03T15:51:11.928+0000] {processor.py:186} INFO - Started process (PID=362) to work on /home/airflow/.local/lib/python3.12/site-packages/airflow/example_dags/example_python_operator.py
[2024-09-03T15:51:11.929+0000] {processor.py:914} INFO - Processing file /home/airflow/.local/lib/python3.12/site-packages/airflow/example_dags/example_python_operator.py for tasks to queue
[2024-09-03T15:51:11.931+0000] {logging_mixin.py:190} INFO - [2024-09-03T15:51:11.931+0000] {dagbag.py:587} INFO - Filling up the DagBag from /home/airflow/.local/lib/python3.12/site-packages/airflow/example_dags/example_python_operator.py
[2024-09-03T15:51:11.939+0000] {processor.py:925} INFO - DAG(s) 'example_python_operator' retrieved from /home/airflow/.local/lib/python3.12/site-packages/airflow/example_dags/example_python_operator.py
[2024-09-03T15:51:11.955+0000] {logging_mixin.py:190} INFO - [2024-09-03T15:51:11.955+0000] {dag.py:3211} INFO - Sync 1 DAGs
[2024-09-03T15:51:11.962+0000] {logging_mixin.py:190} INFO - [2024-09-03T15:51:11.962+0000] {dag.py:4138} INFO - Setting next_dagrun for example_python_operator to None, run_after=None
[2024-09-03T15:51:11.971+0000] {processor.py:208} INFO - Processing /home/airflow/.local/lib/python3.12/site-packages/airflow/example_dags/example_python_operator.py took 0.047 seconds
[2024-09-03T15:51:43.078+0000] {processor.py:186} INFO - Started process (PID=424) to work on /home/airflow/.local/lib/python3.12/site-packages/airflow/example_dags/example_python_operator.py
[2024-09-03T15:51:43.079+0000] {processor.py:914} INFO - Processing file /home/airflow/.local/lib/python3.12/site-packages/airflow/example_dags/example_python_operator.py for tasks to queue
[2024-09-03T15:51:43.081+0000] {logging_mixin.py:190} INFO - [2024-09-03T15:51:43.080+0000] {dagbag.py:587} INFO - Filling up the DagBag from /home/airflow/.local/lib/python3.12/site-packages/airflow/example_dags/example_python_operator.py
[2024-09-03T15:51:43.087+0000] {processor.py:925} INFO - DAG(s) 'example_python_operator' retrieved from /home/airflow/.local/lib/python3.12/site-packages/airflow/example_dags/example_python_operator.py
[2024-09-03T15:51:43.103+0000] {logging_mixin.py:190} INFO - [2024-09-03T15:51:43.103+0000] {dag.py:3211} INFO - Sync 1 DAGs
[2024-09-03T15:51:43.111+0000] {logging_mixin.py:190} INFO - [2024-09-03T15:51:43.111+0000] {dag.py:4138} INFO - Setting next_dagrun for example_python_operator to None, run_after=None
[2024-09-03T15:51:43.120+0000] {processor.py:208} INFO - Processing /home/airflow/.local/lib/python3.12/site-packages/airflow/example_dags/example_python_operator.py took 0.046 seconds
[2024-09-03T15:52:13.292+0000] {processor.py:186} INFO - Started process (PID=486) to work on /home/airflow/.local/lib/python3.12/site-packages/airflow/example_dags/example_python_operator.py
[2024-09-03T15:52:13.293+0000] {processor.py:914} INFO - Processing file /home/airflow/.local/lib/python3.12/site-packages/airflow/example_dags/example_python_operator.py for tasks to queue
[2024-09-03T15:52:13.295+0000] {logging_mixin.py:190} INFO - [2024-09-03T15:52:13.295+0000] {dagbag.py:587} INFO - Filling up the DagBag from /home/airflow/.local/lib/python3.12/site-packages/airflow/example_dags/example_python_operator.py
[2024-09-03T15:52:13.302+0000] {processor.py:925} INFO - DAG(s) 'example_python_operator' retrieved from /home/airflow/.local/lib/python3.12/site-packages/airflow/example_dags/example_python_operator.py
[2024-09-03T15:52:13.317+0000] {logging_mixin.py:190} INFO - [2024-09-03T15:52:13.317+0000] {dag.py:3211} INFO - Sync 1 DAGs
[2024-09-03T15:52:13.324+0000] {logging_mixin.py:190} INFO - [2024-09-03T15:52:13.324+0000] {dag.py:4138} INFO - Setting next_dagrun for example_python_operator to None, run_after=None
[2024-09-03T15:52:13.332+0000] {processor.py:208} INFO - Processing /home/airflow/.local/lib/python3.12/site-packages/airflow/example_dags/example_python_operator.py took 0.044 seconds
[2024-09-03T15:52:44.242+0000] {processor.py:186} INFO - Started process (PID=548) to work on /home/airflow/.local/lib/python3.12/site-packages/airflow/example_dags/example_python_operator.py
[2024-09-03T15:52:44.243+0000] {processor.py:914} INFO - Processing file /home/airflow/.local/lib/python3.12/site-packages/airflow/example_dags/example_python_operator.py for tasks to queue
[2024-09-03T15:52:44.245+0000] {logging_mixin.py:190} INFO - [2024-09-03T15:52:44.244+0000] {dagbag.py:587} INFO - Filling up the DagBag from /home/airflow/.local/lib/python3.12/site-packages/airflow/example_dags/example_python_operator.py
[2024-09-03T15:52:44.252+0000] {processor.py:925} INFO - DAG(s) 'example_python_operator' retrieved from /home/airflow/.local/lib/python3.12/site-packages/airflow/example_dags/example_python_operator.py
[2024-09-03T15:52:44.267+0000] {logging_mixin.py:190} INFO - [2024-09-03T15:52:44.267+0000] {dag.py:3211} INFO - Sync 1 DAGs
[2024-09-03T15:52:44.274+0000] {logging_mixin.py:190} INFO - [2024-09-03T15:52:44.274+0000] {dag.py:4138} INFO - Setting next_dagrun for example_python_operator to None, run_after=None
[2024-09-03T15:52:44.285+0000] {processor.py:208} INFO - Processing /home/airflow/.local/lib/python3.12/site-packages/airflow/example_dags/example_python_operator.py took 0.047 seconds
[2024-09-03T15:53:15.309+0000] {processor.py:186} INFO - Started process (PID=609) to work on /home/airflow/.local/lib/python3.12/site-packages/airflow/example_dags/example_python_operator.py
[2024-09-03T15:53:15.310+0000] {processor.py:914} INFO - Processing file /home/airflow/.local/lib/python3.12/site-packages/airflow/example_dags/example_python_operator.py for tasks to queue
[2024-09-03T15:53:15.312+0000] {logging_mixin.py:190} INFO - [2024-09-03T15:53:15.312+0000] {dagbag.py:587} INFO - Filling up the DagBag from /home/airflow/.local/lib/python3.12/site-packages/airflow/example_dags/example_python_operator.py
[2024-09-03T15:53:15.320+0000] {processor.py:925} INFO - DAG(s) 'example_python_operator' retrieved from /home/airflow/.local/lib/python3.12/site-packages/airflow/example_dags/example_python_operator.py
[2024-09-03T15:53:15.339+0000] {logging_mixin.py:190} INFO - [2024-09-03T15:53:15.339+0000] {dag.py:3211} INFO - Sync 1 DAGs
[2024-09-03T15:53:15.348+0000] {logging_mixin.py:190} INFO - [2024-09-03T15:53:15.348+0000] {dag.py:4138} INFO - Setting next_dagrun for example_python_operator to None, run_after=None
[2024-09-03T15:53:15.362+0000] {processor.py:208} INFO - Processing /home/airflow/.local/lib/python3.12/site-packages/airflow/example_dags/example_python_operator.py took 0.057 seconds
[2024-09-03T15:53:45.945+0000] {processor.py:186} INFO - Started process (PID=671) to work on /home/airflow/.local/lib/python3.12/site-packages/airflow/example_dags/example_python_operator.py
[2024-09-03T15:53:45.946+0000] {processor.py:914} INFO - Processing file /home/airflow/.local/lib/python3.12/site-packages/airflow/example_dags/example_python_operator.py for tasks to queue
[2024-09-03T15:53:45.948+0000] {logging_mixin.py:190} INFO - [2024-09-03T15:53:45.948+0000] {dagbag.py:587} INFO - Filling up the DagBag from /home/airflow/.local/lib/python3.12/site-packages/airflow/example_dags/example_python_operator.py
[2024-09-03T15:53:45.958+0000] {processor.py:925} INFO - DAG(s) 'example_python_operator' retrieved from /home/airflow/.local/lib/python3.12/site-packages/airflow/example_dags/example_python_operator.py
[2024-09-03T15:53:45.987+0000] {logging_mixin.py:190} INFO - [2024-09-03T15:53:45.987+0000] {dag.py:3211} INFO - Sync 1 DAGs
[2024-09-03T15:53:45.998+0000] {logging_mixin.py:190} INFO - [2024-09-03T15:53:45.998+0000] {dag.py:4138} INFO - Setting next_dagrun for example_python_operator to None, run_after=None
[2024-09-03T15:53:46.011+0000] {processor.py:208} INFO - Processing /home/airflow/.local/lib/python3.12/site-packages/airflow/example_dags/example_python_operator.py took 0.071 seconds
[2024-09-03T15:54:16.809+0000] {processor.py:186} INFO - Started process (PID=733) to work on /home/airflow/.local/lib/python3.12/site-packages/airflow/example_dags/example_python_operator.py
[2024-09-03T15:54:16.810+0000] {processor.py:914} INFO - Processing file /home/airflow/.local/lib/python3.12/site-packages/airflow/example_dags/example_python_operator.py for tasks to queue
[2024-09-03T15:54:16.811+0000] {logging_mixin.py:190} INFO - [2024-09-03T15:54:16.811+0000] {dagbag.py:587} INFO - Filling up the DagBag from /home/airflow/.local/lib/python3.12/site-packages/airflow/example_dags/example_python_operator.py
[2024-09-03T15:54:16.819+0000] {processor.py:925} INFO - DAG(s) 'example_python_operator' retrieved from /home/airflow/.local/lib/python3.12/site-packages/airflow/example_dags/example_python_operator.py
[2024-09-03T15:54:16.833+0000] {logging_mixin.py:190} INFO - [2024-09-03T15:54:16.833+0000] {dag.py:3211} INFO - Sync 1 DAGs
[2024-09-03T15:54:16.840+0000] {logging_mixin.py:190} INFO - [2024-09-03T15:54:16.840+0000] {dag.py:4138} INFO - Setting next_dagrun for example_python_operator to None, run_after=None
[2024-09-03T15:54:16.849+0000] {processor.py:208} INFO - Processing /home/airflow/.local/lib/python3.12/site-packages/airflow/example_dags/example_python_operator.py took 0.044 seconds
[2024-09-03T15:54:47.229+0000] {processor.py:186} INFO - Started process (PID=794) to work on /home/airflow/.local/lib/python3.12/site-packages/airflow/example_dags/example_python_operator.py
[2024-09-03T15:54:47.230+0000] {processor.py:914} INFO - Processing file /home/airflow/.local/lib/python3.12/site-packages/airflow/example_dags/example_python_operator.py for tasks to queue
[2024-09-03T15:54:47.231+0000] {logging_mixin.py:190} INFO - [2024-09-03T15:54:47.231+0000] {dagbag.py:587} INFO - Filling up the DagBag from /home/airflow/.local/lib/python3.12/site-packages/airflow/example_dags/example_python_operator.py
[2024-09-03T15:54:47.239+0000] {processor.py:925} INFO - DAG(s) 'example_python_operator' retrieved from /home/airflow/.local/lib/python3.12/site-packages/airflow/example_dags/example_python_operator.py
[2024-09-03T15:54:47.254+0000] {logging_mixin.py:190} INFO - [2024-09-03T15:54:47.254+0000] {dag.py:3211} INFO - Sync 1 DAGs
[2024-09-03T15:54:47.261+0000] {logging_mixin.py:190} INFO - [2024-09-03T15:54:47.261+0000] {dag.py:4138} INFO - Setting next_dagrun for example_python_operator to None, run_after=None
[2024-09-03T15:54:47.271+0000] {processor.py:208} INFO - Processing /home/airflow/.local/lib/python3.12/site-packages/airflow/example_dags/example_python_operator.py took 0.046 seconds
