[2024-09-03T15:48:36.877+0000] {processor.py:186} INFO - Started process (PID=34) to work on /home/airflow/.local/lib/python3.12/site-packages/airflow/example_dags/example_dag_decorator.py
[2024-09-03T15:48:36.878+0000] {processor.py:914} INFO - Processing file /home/airflow/.local/lib/python3.12/site-packages/airflow/example_dags/example_dag_decorator.py for tasks to queue
[2024-09-03T15:48:36.880+0000] {logging_mixin.py:190} INFO - [2024-09-03T15:48:36.879+0000] {dagbag.py:587} INFO - Filling up the DagBag from /home/airflow/.local/lib/python3.12/site-packages/airflow/example_dags/example_dag_decorator.py
[2024-09-03T15:48:36.894+0000] {processor.py:925} INFO - DAG(s) 'example_dag_decorator' retrieved from /home/airflow/.local/lib/python3.12/site-packages/airflow/example_dags/example_dag_decorator.py
[2024-09-03T15:48:36.975+0000] {logging_mixin.py:190} INFO - [2024-09-03T15:48:36.974+0000] {override.py:1858} INFO - Created Permission View: can edit on DAG:example_dag_decorator
[2024-09-03T15:48:36.980+0000] {logging_mixin.py:190} INFO - [2024-09-03T15:48:36.980+0000] {override.py:1858} INFO - Created Permission View: can read on DAG:example_dag_decorator
[2024-09-03T15:48:36.982+0000] {logging_mixin.py:190} INFO - [2024-09-03T15:48:36.982+0000] {override.py:1858} INFO - Created Permission View: can delete on DAG:example_dag_decorator
[2024-09-03T15:48:36.983+0000] {logging_mixin.py:190} INFO - [2024-09-03T15:48:36.983+0000] {dag.py:3211} INFO - Sync 1 DAGs
[2024-09-03T15:48:36.989+0000] {logging_mixin.py:190} INFO - [2024-09-03T15:48:36.989+0000] {dag.py:3234} INFO - Creating ORM DAG for example_dag_decorator
[2024-09-03T15:48:36.990+0000] {logging_mixin.py:190} INFO - [2024-09-03T15:48:36.990+0000] {dag.py:4138} INFO - Setting next_dagrun for example_dag_decorator to None, run_after=None
[2024-09-03T15:48:36.998+0000] {processor.py:208} INFO - Processing /home/airflow/.local/lib/python3.12/site-packages/airflow/example_dags/example_dag_decorator.py took 0.124 seconds
[2024-09-03T15:49:07.125+0000] {processor.py:186} INFO - Started process (PID=96) to work on /home/airflow/.local/lib/python3.12/site-packages/airflow/example_dags/example_dag_decorator.py
[2024-09-03T15:49:07.126+0000] {processor.py:914} INFO - Processing file /home/airflow/.local/lib/python3.12/site-packages/airflow/example_dags/example_dag_decorator.py for tasks to queue
[2024-09-03T15:49:07.127+0000] {logging_mixin.py:190} INFO - [2024-09-03T15:49:07.127+0000] {dagbag.py:587} INFO - Filling up the DagBag from /home/airflow/.local/lib/python3.12/site-packages/airflow/example_dags/example_dag_decorator.py
[2024-09-03T15:49:07.137+0000] {processor.py:925} INFO - DAG(s) 'example_dag_decorator' retrieved from /home/airflow/.local/lib/python3.12/site-packages/airflow/example_dags/example_dag_decorator.py
[2024-09-03T15:49:07.199+0000] {logging_mixin.py:190} INFO - [2024-09-03T15:49:07.199+0000] {dag.py:3211} INFO - Sync 1 DAGs
[2024-09-03T15:49:07.206+0000] {logging_mixin.py:190} INFO - [2024-09-03T15:49:07.205+0000] {dag.py:4138} INFO - Setting next_dagrun for example_dag_decorator to None, run_after=None
[2024-09-03T15:49:07.214+0000] {processor.py:208} INFO - Processing /home/airflow/.local/lib/python3.12/site-packages/airflow/example_dags/example_dag_decorator.py took 0.096 seconds
[2024-09-03T15:49:37.874+0000] {processor.py:186} INFO - Started process (PID=159) to work on /home/airflow/.local/lib/python3.12/site-packages/airflow/example_dags/example_dag_decorator.py
[2024-09-03T15:49:37.875+0000] {processor.py:914} INFO - Processing file /home/airflow/.local/lib/python3.12/site-packages/airflow/example_dags/example_dag_decorator.py for tasks to queue
[2024-09-03T15:49:37.876+0000] {logging_mixin.py:190} INFO - [2024-09-03T15:49:37.876+0000] {dagbag.py:587} INFO - Filling up the DagBag from /home/airflow/.local/lib/python3.12/site-packages/airflow/example_dags/example_dag_decorator.py
[2024-09-03T15:49:37.884+0000] {processor.py:925} INFO - DAG(s) 'example_dag_decorator' retrieved from /home/airflow/.local/lib/python3.12/site-packages/airflow/example_dags/example_dag_decorator.py
[2024-09-03T15:49:37.960+0000] {logging_mixin.py:190} INFO - [2024-09-03T15:49:37.960+0000] {dag.py:3211} INFO - Sync 1 DAGs
[2024-09-03T15:49:37.968+0000] {logging_mixin.py:190} INFO - [2024-09-03T15:49:37.968+0000] {dag.py:4138} INFO - Setting next_dagrun for example_dag_decorator to None, run_after=None
[2024-09-03T15:49:37.977+0000] {processor.py:208} INFO - Processing /home/airflow/.local/lib/python3.12/site-packages/airflow/example_dags/example_dag_decorator.py took 0.107 seconds
[2024-09-03T15:50:08.894+0000] {processor.py:186} INFO - Started process (PID=221) to work on /home/airflow/.local/lib/python3.12/site-packages/airflow/example_dags/example_dag_decorator.py
[2024-09-03T15:50:08.895+0000] {processor.py:914} INFO - Processing file /home/airflow/.local/lib/python3.12/site-packages/airflow/example_dags/example_dag_decorator.py for tasks to queue
[2024-09-03T15:50:08.897+0000] {logging_mixin.py:190} INFO - [2024-09-03T15:50:08.896+0000] {dagbag.py:587} INFO - Filling up the DagBag from /home/airflow/.local/lib/python3.12/site-packages/airflow/example_dags/example_dag_decorator.py
[2024-09-03T15:50:08.904+0000] {processor.py:925} INFO - DAG(s) 'example_dag_decorator' retrieved from /home/airflow/.local/lib/python3.12/site-packages/airflow/example_dags/example_dag_decorator.py
[2024-09-03T15:50:08.969+0000] {logging_mixin.py:190} INFO - [2024-09-03T15:50:08.969+0000] {dag.py:3211} INFO - Sync 1 DAGs
[2024-09-03T15:50:08.975+0000] {logging_mixin.py:190} INFO - [2024-09-03T15:50:08.975+0000] {dag.py:4138} INFO - Setting next_dagrun for example_dag_decorator to None, run_after=None
[2024-09-03T15:50:08.983+0000] {processor.py:208} INFO - Processing /home/airflow/.local/lib/python3.12/site-packages/airflow/example_dags/example_dag_decorator.py took 0.093 seconds
[2024-09-03T15:50:39.346+0000] {processor.py:186} INFO - Started process (PID=283) to work on /home/airflow/.local/lib/python3.12/site-packages/airflow/example_dags/example_dag_decorator.py
[2024-09-03T15:50:39.347+0000] {processor.py:914} INFO - Processing file /home/airflow/.local/lib/python3.12/site-packages/airflow/example_dags/example_dag_decorator.py for tasks to queue
[2024-09-03T15:50:39.349+0000] {logging_mixin.py:190} INFO - [2024-09-03T15:50:39.348+0000] {dagbag.py:587} INFO - Filling up the DagBag from /home/airflow/.local/lib/python3.12/site-packages/airflow/example_dags/example_dag_decorator.py
[2024-09-03T15:50:39.356+0000] {processor.py:925} INFO - DAG(s) 'example_dag_decorator' retrieved from /home/airflow/.local/lib/python3.12/site-packages/airflow/example_dags/example_dag_decorator.py
[2024-09-03T15:50:39.417+0000] {logging_mixin.py:190} INFO - [2024-09-03T15:50:39.417+0000] {dag.py:3211} INFO - Sync 1 DAGs
[2024-09-03T15:50:39.424+0000] {logging_mixin.py:190} INFO - [2024-09-03T15:50:39.424+0000] {dag.py:4138} INFO - Setting next_dagrun for example_dag_decorator to None, run_after=None
[2024-09-03T15:50:39.434+0000] {processor.py:208} INFO - Processing /home/airflow/.local/lib/python3.12/site-packages/airflow/example_dags/example_dag_decorator.py took 0.091 seconds
[2024-09-03T15:51:10.288+0000] {processor.py:186} INFO - Started process (PID=346) to work on /home/airflow/.local/lib/python3.12/site-packages/airflow/example_dags/example_dag_decorator.py
[2024-09-03T15:51:10.289+0000] {processor.py:914} INFO - Processing file /home/airflow/.local/lib/python3.12/site-packages/airflow/example_dags/example_dag_decorator.py for tasks to queue
[2024-09-03T15:51:10.291+0000] {logging_mixin.py:190} INFO - [2024-09-03T15:51:10.290+0000] {dagbag.py:587} INFO - Filling up the DagBag from /home/airflow/.local/lib/python3.12/site-packages/airflow/example_dags/example_dag_decorator.py
[2024-09-03T15:51:10.299+0000] {processor.py:925} INFO - DAG(s) 'example_dag_decorator' retrieved from /home/airflow/.local/lib/python3.12/site-packages/airflow/example_dags/example_dag_decorator.py
[2024-09-03T15:51:10.364+0000] {logging_mixin.py:190} INFO - [2024-09-03T15:51:10.364+0000] {dag.py:3211} INFO - Sync 1 DAGs
[2024-09-03T15:51:10.370+0000] {logging_mixin.py:190} INFO - [2024-09-03T15:51:10.370+0000] {dag.py:4138} INFO - Setting next_dagrun for example_dag_decorator to None, run_after=None
[2024-09-03T15:51:10.379+0000] {processor.py:208} INFO - Processing /home/airflow/.local/lib/python3.12/site-packages/airflow/example_dags/example_dag_decorator.py took 0.095 seconds
[2024-09-03T15:51:41.316+0000] {processor.py:186} INFO - Started process (PID=408) to work on /home/airflow/.local/lib/python3.12/site-packages/airflow/example_dags/example_dag_decorator.py
[2024-09-03T15:51:41.317+0000] {processor.py:914} INFO - Processing file /home/airflow/.local/lib/python3.12/site-packages/airflow/example_dags/example_dag_decorator.py for tasks to queue
[2024-09-03T15:51:41.319+0000] {logging_mixin.py:190} INFO - [2024-09-03T15:51:41.319+0000] {dagbag.py:587} INFO - Filling up the DagBag from /home/airflow/.local/lib/python3.12/site-packages/airflow/example_dags/example_dag_decorator.py
[2024-09-03T15:51:41.331+0000] {processor.py:925} INFO - DAG(s) 'example_dag_decorator' retrieved from /home/airflow/.local/lib/python3.12/site-packages/airflow/example_dags/example_dag_decorator.py
[2024-09-03T15:51:41.465+0000] {logging_mixin.py:190} INFO - [2024-09-03T15:51:41.465+0000] {dag.py:3211} INFO - Sync 1 DAGs
[2024-09-03T15:51:41.471+0000] {logging_mixin.py:190} INFO - [2024-09-03T15:51:41.471+0000] {dag.py:4138} INFO - Setting next_dagrun for example_dag_decorator to None, run_after=None
[2024-09-03T15:51:41.480+0000] {processor.py:208} INFO - Processing /home/airflow/.local/lib/python3.12/site-packages/airflow/example_dags/example_dag_decorator.py took 0.170 seconds
[2024-09-03T15:52:11.630+0000] {processor.py:186} INFO - Started process (PID=470) to work on /home/airflow/.local/lib/python3.12/site-packages/airflow/example_dags/example_dag_decorator.py
[2024-09-03T15:52:11.631+0000] {processor.py:914} INFO - Processing file /home/airflow/.local/lib/python3.12/site-packages/airflow/example_dags/example_dag_decorator.py for tasks to queue
[2024-09-03T15:52:11.633+0000] {logging_mixin.py:190} INFO - [2024-09-03T15:52:11.633+0000] {dagbag.py:587} INFO - Filling up the DagBag from /home/airflow/.local/lib/python3.12/site-packages/airflow/example_dags/example_dag_decorator.py
[2024-09-03T15:52:11.642+0000] {processor.py:925} INFO - DAG(s) 'example_dag_decorator' retrieved from /home/airflow/.local/lib/python3.12/site-packages/airflow/example_dags/example_dag_decorator.py
[2024-09-03T15:52:11.732+0000] {logging_mixin.py:190} INFO - [2024-09-03T15:52:11.732+0000] {dag.py:3211} INFO - Sync 1 DAGs
[2024-09-03T15:52:11.739+0000] {logging_mixin.py:190} INFO - [2024-09-03T15:52:11.739+0000] {dag.py:4138} INFO - Setting next_dagrun for example_dag_decorator to None, run_after=None
[2024-09-03T15:52:11.752+0000] {processor.py:208} INFO - Processing /home/airflow/.local/lib/python3.12/site-packages/airflow/example_dags/example_dag_decorator.py took 0.127 seconds
[2024-09-03T15:52:42.630+0000] {processor.py:186} INFO - Started process (PID=532) to work on /home/airflow/.local/lib/python3.12/site-packages/airflow/example_dags/example_dag_decorator.py
[2024-09-03T15:52:42.631+0000] {processor.py:914} INFO - Processing file /home/airflow/.local/lib/python3.12/site-packages/airflow/example_dags/example_dag_decorator.py for tasks to queue
[2024-09-03T15:52:42.633+0000] {logging_mixin.py:190} INFO - [2024-09-03T15:52:42.632+0000] {dagbag.py:587} INFO - Filling up the DagBag from /home/airflow/.local/lib/python3.12/site-packages/airflow/example_dags/example_dag_decorator.py
[2024-09-03T15:52:42.640+0000] {processor.py:925} INFO - DAG(s) 'example_dag_decorator' retrieved from /home/airflow/.local/lib/python3.12/site-packages/airflow/example_dags/example_dag_decorator.py
[2024-09-03T15:52:42.702+0000] {logging_mixin.py:190} INFO - [2024-09-03T15:52:42.702+0000] {dag.py:3211} INFO - Sync 1 DAGs
[2024-09-03T15:52:42.708+0000] {logging_mixin.py:190} INFO - [2024-09-03T15:52:42.708+0000] {dag.py:4138} INFO - Setting next_dagrun for example_dag_decorator to None, run_after=None
[2024-09-03T15:52:42.717+0000] {processor.py:208} INFO - Processing /home/airflow/.local/lib/python3.12/site-packages/airflow/example_dags/example_dag_decorator.py took 0.091 seconds
[2024-09-03T15:53:13.625+0000] {processor.py:186} INFO - Started process (PID=593) to work on /home/airflow/.local/lib/python3.12/site-packages/airflow/example_dags/example_dag_decorator.py
[2024-09-03T15:53:13.626+0000] {processor.py:914} INFO - Processing file /home/airflow/.local/lib/python3.12/site-packages/airflow/example_dags/example_dag_decorator.py for tasks to queue
[2024-09-03T15:53:13.629+0000] {logging_mixin.py:190} INFO - [2024-09-03T15:53:13.629+0000] {dagbag.py:587} INFO - Filling up the DagBag from /home/airflow/.local/lib/python3.12/site-packages/airflow/example_dags/example_dag_decorator.py
[2024-09-03T15:53:13.641+0000] {processor.py:925} INFO - DAG(s) 'example_dag_decorator' retrieved from /home/airflow/.local/lib/python3.12/site-packages/airflow/example_dags/example_dag_decorator.py
[2024-09-03T15:53:13.728+0000] {logging_mixin.py:190} INFO - [2024-09-03T15:53:13.727+0000] {dag.py:3211} INFO - Sync 1 DAGs
[2024-09-03T15:53:13.735+0000] {logging_mixin.py:190} INFO - [2024-09-03T15:53:13.734+0000] {dag.py:4138} INFO - Setting next_dagrun for example_dag_decorator to None, run_after=None
[2024-09-03T15:53:13.745+0000] {processor.py:208} INFO - Processing /home/airflow/.local/lib/python3.12/site-packages/airflow/example_dags/example_dag_decorator.py took 0.123 seconds
[2024-09-03T15:53:43.957+0000] {processor.py:186} INFO - Started process (PID=655) to work on /home/airflow/.local/lib/python3.12/site-packages/airflow/example_dags/example_dag_decorator.py
[2024-09-03T15:53:43.957+0000] {processor.py:914} INFO - Processing file /home/airflow/.local/lib/python3.12/site-packages/airflow/example_dags/example_dag_decorator.py for tasks to queue
[2024-09-03T15:53:43.959+0000] {logging_mixin.py:190} INFO - [2024-09-03T15:53:43.959+0000] {dagbag.py:587} INFO - Filling up the DagBag from /home/airflow/.local/lib/python3.12/site-packages/airflow/example_dags/example_dag_decorator.py
[2024-09-03T15:53:43.966+0000] {processor.py:925} INFO - DAG(s) 'example_dag_decorator' retrieved from /home/airflow/.local/lib/python3.12/site-packages/airflow/example_dags/example_dag_decorator.py
[2024-09-03T15:53:44.043+0000] {logging_mixin.py:190} INFO - [2024-09-03T15:53:44.043+0000] {dag.py:3211} INFO - Sync 1 DAGs
[2024-09-03T15:53:44.049+0000] {logging_mixin.py:190} INFO - [2024-09-03T15:53:44.049+0000] {dag.py:4138} INFO - Setting next_dagrun for example_dag_decorator to None, run_after=None
[2024-09-03T15:53:44.058+0000] {processor.py:208} INFO - Processing /home/airflow/.local/lib/python3.12/site-packages/airflow/example_dags/example_dag_decorator.py took 0.105 seconds
[2024-09-03T15:54:15.050+0000] {processor.py:186} INFO - Started process (PID=717) to work on /home/airflow/.local/lib/python3.12/site-packages/airflow/example_dags/example_dag_decorator.py
[2024-09-03T15:54:15.051+0000] {processor.py:914} INFO - Processing file /home/airflow/.local/lib/python3.12/site-packages/airflow/example_dags/example_dag_decorator.py for tasks to queue
[2024-09-03T15:54:15.053+0000] {logging_mixin.py:190} INFO - [2024-09-03T15:54:15.053+0000] {dagbag.py:587} INFO - Filling up the DagBag from /home/airflow/.local/lib/python3.12/site-packages/airflow/example_dags/example_dag_decorator.py
[2024-09-03T15:54:15.061+0000] {processor.py:925} INFO - DAG(s) 'example_dag_decorator' retrieved from /home/airflow/.local/lib/python3.12/site-packages/airflow/example_dags/example_dag_decorator.py
[2024-09-03T15:54:15.077+0000] {logging_mixin.py:190} INFO - [2024-09-03T15:54:15.077+0000] {dag.py:3211} INFO - Sync 1 DAGs
[2024-09-03T15:54:15.085+0000] {logging_mixin.py:190} INFO - [2024-09-03T15:54:15.085+0000] {dag.py:4138} INFO - Setting next_dagrun for example_dag_decorator to None, run_after=None
[2024-09-03T15:54:15.143+0000] {processor.py:208} INFO - Processing /home/airflow/.local/lib/python3.12/site-packages/airflow/example_dags/example_dag_decorator.py took 0.098 seconds
[2024-09-03T15:54:45.574+0000] {processor.py:186} INFO - Started process (PID=778) to work on /home/airflow/.local/lib/python3.12/site-packages/airflow/example_dags/example_dag_decorator.py
[2024-09-03T15:54:45.575+0000] {processor.py:914} INFO - Processing file /home/airflow/.local/lib/python3.12/site-packages/airflow/example_dags/example_dag_decorator.py for tasks to queue
[2024-09-03T15:54:45.577+0000] {logging_mixin.py:190} INFO - [2024-09-03T15:54:45.576+0000] {dagbag.py:587} INFO - Filling up the DagBag from /home/airflow/.local/lib/python3.12/site-packages/airflow/example_dags/example_dag_decorator.py
[2024-09-03T15:54:45.584+0000] {processor.py:925} INFO - DAG(s) 'example_dag_decorator' retrieved from /home/airflow/.local/lib/python3.12/site-packages/airflow/example_dags/example_dag_decorator.py
[2024-09-03T15:54:45.643+0000] {logging_mixin.py:190} INFO - [2024-09-03T15:54:45.643+0000] {dag.py:3211} INFO - Sync 1 DAGs
[2024-09-03T15:54:45.648+0000] {logging_mixin.py:190} INFO - [2024-09-03T15:54:45.648+0000] {dag.py:4138} INFO - Setting next_dagrun for example_dag_decorator to None, run_after=None
[2024-09-03T15:54:45.657+0000] {processor.py:208} INFO - Processing /home/airflow/.local/lib/python3.12/site-packages/airflow/example_dags/example_dag_decorator.py took 0.086 seconds
