[2024-09-03T15:48:40.035+0000] {processor.py:186} INFO - Started process (PID=63) to work on /home/airflow/.local/lib/python3.12/site-packages/airflow/example_dags/example_sensor_decorator.py
[2024-09-03T15:48:40.036+0000] {processor.py:914} INFO - Processing file /home/airflow/.local/lib/python3.12/site-packages/airflow/example_dags/example_sensor_decorator.py for tasks to queue
[2024-09-03T15:48:40.038+0000] {logging_mixin.py:190} INFO - [2024-09-03T15:48:40.038+0000] {dagbag.py:587} INFO - Filling up the DagBag from /home/airflow/.local/lib/python3.12/site-packages/airflow/example_dags/example_sensor_decorator.py
[2024-09-03T15:48:40.053+0000] {processor.py:925} INFO - DAG(s) 'example_sensor_decorator' retrieved from /home/airflow/.local/lib/python3.12/site-packages/airflow/example_dags/example_sensor_decorator.py
[2024-09-03T15:48:40.160+0000] {logging_mixin.py:190} INFO - [2024-09-03T15:48:40.160+0000] {override.py:1858} INFO - Created Permission View: can edit on DAG:example_sensor_decorator
[2024-09-03T15:48:40.166+0000] {logging_mixin.py:190} INFO - [2024-09-03T15:48:40.166+0000] {override.py:1858} INFO - Created Permission View: can read on DAG:example_sensor_decorator
[2024-09-03T15:48:40.170+0000] {logging_mixin.py:190} INFO - [2024-09-03T15:48:40.169+0000] {override.py:1858} INFO - Created Permission View: can delete on DAG:example_sensor_decorator
[2024-09-03T15:48:40.170+0000] {logging_mixin.py:190} INFO - [2024-09-03T15:48:40.170+0000] {dag.py:3211} INFO - Sync 1 DAGs
[2024-09-03T15:48:40.179+0000] {logging_mixin.py:190} INFO - [2024-09-03T15:48:40.178+0000] {dag.py:3234} INFO - Creating ORM DAG for example_sensor_decorator
[2024-09-03T15:48:40.179+0000] {logging_mixin.py:190} INFO - [2024-09-03T15:48:40.179+0000] {dag.py:4138} INFO - Setting next_dagrun for example_sensor_decorator to None, run_after=None
[2024-09-03T15:48:40.189+0000] {processor.py:208} INFO - Processing /home/airflow/.local/lib/python3.12/site-packages/airflow/example_dags/example_sensor_decorator.py took 0.158 seconds
[2024-09-03T15:49:10.222+0000] {processor.py:186} INFO - Started process (PID=125) to work on /home/airflow/.local/lib/python3.12/site-packages/airflow/example_dags/example_sensor_decorator.py
[2024-09-03T15:49:10.223+0000] {processor.py:914} INFO - Processing file /home/airflow/.local/lib/python3.12/site-packages/airflow/example_dags/example_sensor_decorator.py for tasks to queue
[2024-09-03T15:49:10.224+0000] {logging_mixin.py:190} INFO - [2024-09-03T15:49:10.224+0000] {dagbag.py:587} INFO - Filling up the DagBag from /home/airflow/.local/lib/python3.12/site-packages/airflow/example_dags/example_sensor_decorator.py
[2024-09-03T15:49:10.230+0000] {processor.py:925} INFO - DAG(s) 'example_sensor_decorator' retrieved from /home/airflow/.local/lib/python3.12/site-packages/airflow/example_dags/example_sensor_decorator.py
[2024-09-03T15:49:10.245+0000] {logging_mixin.py:190} INFO - [2024-09-03T15:49:10.244+0000] {dag.py:3211} INFO - Sync 1 DAGs
[2024-09-03T15:49:10.253+0000] {logging_mixin.py:190} INFO - [2024-09-03T15:49:10.253+0000] {dag.py:4138} INFO - Setting next_dagrun for example_sensor_decorator to None, run_after=None
[2024-09-03T15:49:10.265+0000] {processor.py:208} INFO - Processing /home/airflow/.local/lib/python3.12/site-packages/airflow/example_dags/example_sensor_decorator.py took 0.047 seconds
[2024-09-03T15:49:41.238+0000] {processor.py:186} INFO - Started process (PID=188) to work on /home/airflow/.local/lib/python3.12/site-packages/airflow/example_dags/example_sensor_decorator.py
[2024-09-03T15:49:41.239+0000] {processor.py:914} INFO - Processing file /home/airflow/.local/lib/python3.12/site-packages/airflow/example_dags/example_sensor_decorator.py for tasks to queue
[2024-09-03T15:49:41.241+0000] {logging_mixin.py:190} INFO - [2024-09-03T15:49:41.241+0000] {dagbag.py:587} INFO - Filling up the DagBag from /home/airflow/.local/lib/python3.12/site-packages/airflow/example_dags/example_sensor_decorator.py
[2024-09-03T15:49:41.248+0000] {processor.py:925} INFO - DAG(s) 'example_sensor_decorator' retrieved from /home/airflow/.local/lib/python3.12/site-packages/airflow/example_dags/example_sensor_decorator.py
[2024-09-03T15:49:41.267+0000] {logging_mixin.py:190} INFO - [2024-09-03T15:49:41.267+0000] {dag.py:3211} INFO - Sync 1 DAGs
[2024-09-03T15:49:41.277+0000] {logging_mixin.py:190} INFO - [2024-09-03T15:49:41.277+0000] {dag.py:4138} INFO - Setting next_dagrun for example_sensor_decorator to None, run_after=None
[2024-09-03T15:49:41.290+0000] {processor.py:208} INFO - Processing /home/airflow/.local/lib/python3.12/site-packages/airflow/example_dags/example_sensor_decorator.py took 0.058 seconds
[2024-09-03T15:50:12.326+0000] {processor.py:186} INFO - Started process (PID=250) to work on /home/airflow/.local/lib/python3.12/site-packages/airflow/example_dags/example_sensor_decorator.py
[2024-09-03T15:50:12.327+0000] {processor.py:914} INFO - Processing file /home/airflow/.local/lib/python3.12/site-packages/airflow/example_dags/example_sensor_decorator.py for tasks to queue
[2024-09-03T15:50:12.329+0000] {logging_mixin.py:190} INFO - [2024-09-03T15:50:12.329+0000] {dagbag.py:587} INFO - Filling up the DagBag from /home/airflow/.local/lib/python3.12/site-packages/airflow/example_dags/example_sensor_decorator.py
[2024-09-03T15:50:12.335+0000] {processor.py:925} INFO - DAG(s) 'example_sensor_decorator' retrieved from /home/airflow/.local/lib/python3.12/site-packages/airflow/example_dags/example_sensor_decorator.py
[2024-09-03T15:50:12.349+0000] {logging_mixin.py:190} INFO - [2024-09-03T15:50:12.349+0000] {dag.py:3211} INFO - Sync 1 DAGs
[2024-09-03T15:50:12.357+0000] {logging_mixin.py:190} INFO - [2024-09-03T15:50:12.357+0000] {dag.py:4138} INFO - Setting next_dagrun for example_sensor_decorator to None, run_after=None
[2024-09-03T15:50:12.365+0000] {processor.py:208} INFO - Processing /home/airflow/.local/lib/python3.12/site-packages/airflow/example_dags/example_sensor_decorator.py took 0.044 seconds
[2024-09-03T15:50:42.550+0000] {processor.py:186} INFO - Started process (PID=312) to work on /home/airflow/.local/lib/python3.12/site-packages/airflow/example_dags/example_sensor_decorator.py
[2024-09-03T15:50:42.551+0000] {processor.py:914} INFO - Processing file /home/airflow/.local/lib/python3.12/site-packages/airflow/example_dags/example_sensor_decorator.py for tasks to queue
[2024-09-03T15:50:42.553+0000] {logging_mixin.py:190} INFO - [2024-09-03T15:50:42.553+0000] {dagbag.py:587} INFO - Filling up the DagBag from /home/airflow/.local/lib/python3.12/site-packages/airflow/example_dags/example_sensor_decorator.py
[2024-09-03T15:50:42.559+0000] {processor.py:925} INFO - DAG(s) 'example_sensor_decorator' retrieved from /home/airflow/.local/lib/python3.12/site-packages/airflow/example_dags/example_sensor_decorator.py
[2024-09-03T15:50:42.574+0000] {logging_mixin.py:190} INFO - [2024-09-03T15:50:42.574+0000] {dag.py:3211} INFO - Sync 1 DAGs
[2024-09-03T15:50:42.583+0000] {logging_mixin.py:190} INFO - [2024-09-03T15:50:42.583+0000] {dag.py:4138} INFO - Setting next_dagrun for example_sensor_decorator to None, run_after=None
[2024-09-03T15:50:42.593+0000] {processor.py:208} INFO - Processing /home/airflow/.local/lib/python3.12/site-packages/airflow/example_dags/example_sensor_decorator.py took 0.047 seconds
[2024-09-03T15:51:13.514+0000] {processor.py:186} INFO - Started process (PID=375) to work on /home/airflow/.local/lib/python3.12/site-packages/airflow/example_dags/example_sensor_decorator.py
[2024-09-03T15:51:13.515+0000] {processor.py:914} INFO - Processing file /home/airflow/.local/lib/python3.12/site-packages/airflow/example_dags/example_sensor_decorator.py for tasks to queue
[2024-09-03T15:51:13.517+0000] {logging_mixin.py:190} INFO - [2024-09-03T15:51:13.517+0000] {dagbag.py:587} INFO - Filling up the DagBag from /home/airflow/.local/lib/python3.12/site-packages/airflow/example_dags/example_sensor_decorator.py
[2024-09-03T15:51:13.523+0000] {processor.py:925} INFO - DAG(s) 'example_sensor_decorator' retrieved from /home/airflow/.local/lib/python3.12/site-packages/airflow/example_dags/example_sensor_decorator.py
[2024-09-03T15:51:13.536+0000] {logging_mixin.py:190} INFO - [2024-09-03T15:51:13.536+0000] {dag.py:3211} INFO - Sync 1 DAGs
[2024-09-03T15:51:13.543+0000] {logging_mixin.py:190} INFO - [2024-09-03T15:51:13.543+0000] {dag.py:4138} INFO - Setting next_dagrun for example_sensor_decorator to None, run_after=None
[2024-09-03T15:51:13.554+0000] {processor.py:208} INFO - Processing /home/airflow/.local/lib/python3.12/site-packages/airflow/example_dags/example_sensor_decorator.py took 0.044 seconds
[2024-09-03T15:51:44.581+0000] {processor.py:186} INFO - Started process (PID=437) to work on /home/airflow/.local/lib/python3.12/site-packages/airflow/example_dags/example_sensor_decorator.py
[2024-09-03T15:51:44.582+0000] {processor.py:914} INFO - Processing file /home/airflow/.local/lib/python3.12/site-packages/airflow/example_dags/example_sensor_decorator.py for tasks to queue
[2024-09-03T15:51:44.584+0000] {logging_mixin.py:190} INFO - [2024-09-03T15:51:44.583+0000] {dagbag.py:587} INFO - Filling up the DagBag from /home/airflow/.local/lib/python3.12/site-packages/airflow/example_dags/example_sensor_decorator.py
[2024-09-03T15:51:44.590+0000] {processor.py:925} INFO - DAG(s) 'example_sensor_decorator' retrieved from /home/airflow/.local/lib/python3.12/site-packages/airflow/example_dags/example_sensor_decorator.py
[2024-09-03T15:51:44.603+0000] {logging_mixin.py:190} INFO - [2024-09-03T15:51:44.603+0000] {dag.py:3211} INFO - Sync 1 DAGs
[2024-09-03T15:51:44.610+0000] {logging_mixin.py:190} INFO - [2024-09-03T15:51:44.610+0000] {dag.py:4138} INFO - Setting next_dagrun for example_sensor_decorator to None, run_after=None
[2024-09-03T15:51:44.619+0000] {processor.py:208} INFO - Processing /home/airflow/.local/lib/python3.12/site-packages/airflow/example_dags/example_sensor_decorator.py took 0.042 seconds
[2024-09-03T15:52:14.924+0000] {processor.py:186} INFO - Started process (PID=499) to work on /home/airflow/.local/lib/python3.12/site-packages/airflow/example_dags/example_sensor_decorator.py
[2024-09-03T15:52:14.925+0000] {processor.py:914} INFO - Processing file /home/airflow/.local/lib/python3.12/site-packages/airflow/example_dags/example_sensor_decorator.py for tasks to queue
[2024-09-03T15:52:14.926+0000] {logging_mixin.py:190} INFO - [2024-09-03T15:52:14.926+0000] {dagbag.py:587} INFO - Filling up the DagBag from /home/airflow/.local/lib/python3.12/site-packages/airflow/example_dags/example_sensor_decorator.py
[2024-09-03T15:52:14.931+0000] {processor.py:925} INFO - DAG(s) 'example_sensor_decorator' retrieved from /home/airflow/.local/lib/python3.12/site-packages/airflow/example_dags/example_sensor_decorator.py
[2024-09-03T15:52:14.945+0000] {logging_mixin.py:190} INFO - [2024-09-03T15:52:14.945+0000] {dag.py:3211} INFO - Sync 1 DAGs
[2024-09-03T15:52:14.951+0000] {logging_mixin.py:190} INFO - [2024-09-03T15:52:14.951+0000] {dag.py:4138} INFO - Setting next_dagrun for example_sensor_decorator to None, run_after=None
[2024-09-03T15:52:14.960+0000] {processor.py:208} INFO - Processing /home/airflow/.local/lib/python3.12/site-packages/airflow/example_dags/example_sensor_decorator.py took 0.039 seconds
[2024-09-03T15:52:45.741+0000] {processor.py:186} INFO - Started process (PID=561) to work on /home/airflow/.local/lib/python3.12/site-packages/airflow/example_dags/example_sensor_decorator.py
[2024-09-03T15:52:45.741+0000] {processor.py:914} INFO - Processing file /home/airflow/.local/lib/python3.12/site-packages/airflow/example_dags/example_sensor_decorator.py for tasks to queue
[2024-09-03T15:52:45.743+0000] {logging_mixin.py:190} INFO - [2024-09-03T15:52:45.743+0000] {dagbag.py:587} INFO - Filling up the DagBag from /home/airflow/.local/lib/python3.12/site-packages/airflow/example_dags/example_sensor_decorator.py
[2024-09-03T15:52:45.748+0000] {processor.py:925} INFO - DAG(s) 'example_sensor_decorator' retrieved from /home/airflow/.local/lib/python3.12/site-packages/airflow/example_dags/example_sensor_decorator.py
[2024-09-03T15:52:45.761+0000] {logging_mixin.py:190} INFO - [2024-09-03T15:52:45.761+0000] {dag.py:3211} INFO - Sync 1 DAGs
[2024-09-03T15:52:45.768+0000] {logging_mixin.py:190} INFO - [2024-09-03T15:52:45.767+0000] {dag.py:4138} INFO - Setting next_dagrun for example_sensor_decorator to None, run_after=None
[2024-09-03T15:52:45.776+0000] {processor.py:208} INFO - Processing /home/airflow/.local/lib/python3.12/site-packages/airflow/example_dags/example_sensor_decorator.py took 0.039 seconds
[2024-09-03T15:53:15.960+0000] {processor.py:186} INFO - Started process (PID=622) to work on /home/airflow/.local/lib/python3.12/site-packages/airflow/example_dags/example_sensor_decorator.py
[2024-09-03T15:53:15.962+0000] {processor.py:914} INFO - Processing file /home/airflow/.local/lib/python3.12/site-packages/airflow/example_dags/example_sensor_decorator.py for tasks to queue
[2024-09-03T15:53:15.963+0000] {logging_mixin.py:190} INFO - [2024-09-03T15:53:15.963+0000] {dagbag.py:587} INFO - Filling up the DagBag from /home/airflow/.local/lib/python3.12/site-packages/airflow/example_dags/example_sensor_decorator.py
[2024-09-03T15:53:15.968+0000] {processor.py:925} INFO - DAG(s) 'example_sensor_decorator' retrieved from /home/airflow/.local/lib/python3.12/site-packages/airflow/example_dags/example_sensor_decorator.py
[2024-09-03T15:53:15.981+0000] {logging_mixin.py:190} INFO - [2024-09-03T15:53:15.981+0000] {dag.py:3211} INFO - Sync 1 DAGs
[2024-09-03T15:53:15.988+0000] {logging_mixin.py:190} INFO - [2024-09-03T15:53:15.988+0000] {dag.py:4138} INFO - Setting next_dagrun for example_sensor_decorator to None, run_after=None
[2024-09-03T15:53:15.997+0000] {processor.py:208} INFO - Processing /home/airflow/.local/lib/python3.12/site-packages/airflow/example_dags/example_sensor_decorator.py took 0.040 seconds
[2024-09-03T15:53:47.136+0000] {processor.py:186} INFO - Started process (PID=684) to work on /home/airflow/.local/lib/python3.12/site-packages/airflow/example_dags/example_sensor_decorator.py
[2024-09-03T15:53:47.137+0000] {processor.py:914} INFO - Processing file /home/airflow/.local/lib/python3.12/site-packages/airflow/example_dags/example_sensor_decorator.py for tasks to queue
[2024-09-03T15:53:47.139+0000] {logging_mixin.py:190} INFO - [2024-09-03T15:53:47.138+0000] {dagbag.py:587} INFO - Filling up the DagBag from /home/airflow/.local/lib/python3.12/site-packages/airflow/example_dags/example_sensor_decorator.py
[2024-09-03T15:53:47.145+0000] {processor.py:925} INFO - DAG(s) 'example_sensor_decorator' retrieved from /home/airflow/.local/lib/python3.12/site-packages/airflow/example_dags/example_sensor_decorator.py
[2024-09-03T15:53:47.159+0000] {logging_mixin.py:190} INFO - [2024-09-03T15:53:47.159+0000] {dag.py:3211} INFO - Sync 1 DAGs
[2024-09-03T15:53:47.168+0000] {logging_mixin.py:190} INFO - [2024-09-03T15:53:47.167+0000] {dag.py:4138} INFO - Setting next_dagrun for example_sensor_decorator to None, run_after=None
[2024-09-03T15:53:47.178+0000] {processor.py:208} INFO - Processing /home/airflow/.local/lib/python3.12/site-packages/airflow/example_dags/example_sensor_decorator.py took 0.046 seconds
[2024-09-03T15:54:17.422+0000] {processor.py:186} INFO - Started process (PID=746) to work on /home/airflow/.local/lib/python3.12/site-packages/airflow/example_dags/example_sensor_decorator.py
[2024-09-03T15:54:17.423+0000] {processor.py:914} INFO - Processing file /home/airflow/.local/lib/python3.12/site-packages/airflow/example_dags/example_sensor_decorator.py for tasks to queue
[2024-09-03T15:54:17.425+0000] {logging_mixin.py:190} INFO - [2024-09-03T15:54:17.425+0000] {dagbag.py:587} INFO - Filling up the DagBag from /home/airflow/.local/lib/python3.12/site-packages/airflow/example_dags/example_sensor_decorator.py
[2024-09-03T15:54:17.431+0000] {processor.py:925} INFO - DAG(s) 'example_sensor_decorator' retrieved from /home/airflow/.local/lib/python3.12/site-packages/airflow/example_dags/example_sensor_decorator.py
[2024-09-03T15:54:17.446+0000] {logging_mixin.py:190} INFO - [2024-09-03T15:54:17.446+0000] {dag.py:3211} INFO - Sync 1 DAGs
[2024-09-03T15:54:17.456+0000] {logging_mixin.py:190} INFO - [2024-09-03T15:54:17.456+0000] {dag.py:4138} INFO - Setting next_dagrun for example_sensor_decorator to None, run_after=None
[2024-09-03T15:54:17.466+0000] {processor.py:208} INFO - Processing /home/airflow/.local/lib/python3.12/site-packages/airflow/example_dags/example_sensor_decorator.py took 0.048 seconds
[2024-09-03T15:54:47.832+0000] {processor.py:186} INFO - Started process (PID=807) to work on /home/airflow/.local/lib/python3.12/site-packages/airflow/example_dags/example_sensor_decorator.py
[2024-09-03T15:54:47.833+0000] {processor.py:914} INFO - Processing file /home/airflow/.local/lib/python3.12/site-packages/airflow/example_dags/example_sensor_decorator.py for tasks to queue
[2024-09-03T15:54:47.834+0000] {logging_mixin.py:190} INFO - [2024-09-03T15:54:47.834+0000] {dagbag.py:587} INFO - Filling up the DagBag from /home/airflow/.local/lib/python3.12/site-packages/airflow/example_dags/example_sensor_decorator.py
[2024-09-03T15:54:47.839+0000] {processor.py:925} INFO - DAG(s) 'example_sensor_decorator' retrieved from /home/airflow/.local/lib/python3.12/site-packages/airflow/example_dags/example_sensor_decorator.py
[2024-09-03T15:54:47.856+0000] {logging_mixin.py:190} INFO - [2024-09-03T15:54:47.856+0000] {dag.py:3211} INFO - Sync 1 DAGs
[2024-09-03T15:54:47.866+0000] {logging_mixin.py:190} INFO - [2024-09-03T15:54:47.865+0000] {dag.py:4138} INFO - Setting next_dagrun for example_sensor_decorator to None, run_after=None
[2024-09-03T15:54:47.877+0000] {processor.py:208} INFO - Processing /home/airflow/.local/lib/python3.12/site-packages/airflow/example_dags/example_sensor_decorator.py took 0.049 seconds
