[2024-09-03T15:48:38.333+0000] {processor.py:186} INFO - Started process (PID=51) to work on /home/airflow/.local/lib/python3.12/site-packages/airflow/example_dags/example_datasets.py
[2024-09-03T15:48:38.333+0000] {processor.py:914} INFO - Processing file /home/airflow/.local/lib/python3.12/site-packages/airflow/example_dags/example_datasets.py for tasks to queue
[2024-09-03T15:48:38.335+0000] {logging_mixin.py:190} INFO - [2024-09-03T15:48:38.335+0000] {dagbag.py:587} INFO - Filling up the DagBag from /home/airflow/.local/lib/python3.12/site-packages/airflow/example_dags/example_datasets.py
[2024-09-03T15:48:38.490+0000] {processor.py:925} INFO - DAG(s) 'dataset_consumes_1_never_scheduled', 'conditional_dataset_and_time_based_timetable', 'dataset_produces_2', 'dataset_consumes_1', 'dataset_produces_1', 'dataset_consumes_1_and_2', 'consume_1_or_both_2_and_3_with_dataset_expressions', 'consume_1_and_2_with_dataset_expressions', 'dataset_consumes_unknown_never_scheduled', 'consume_1_or_2_with_dataset_expressions' retrieved from /home/airflow/.local/lib/python3.12/site-packages/airflow/example_dags/example_datasets.py
[2024-09-03T15:48:38.599+0000] {logging_mixin.py:190} INFO - [2024-09-03T15:48:38.599+0000] {override.py:1858} INFO - Created Permission View: can edit on DAG:dataset_consumes_1_never_scheduled
[2024-09-03T15:48:38.606+0000] {logging_mixin.py:190} INFO - [2024-09-03T15:48:38.606+0000] {override.py:1858} INFO - Created Permission View: can read on DAG:dataset_consumes_1_never_scheduled
[2024-09-03T15:48:38.612+0000] {logging_mixin.py:190} INFO - [2024-09-03T15:48:38.612+0000] {override.py:1858} INFO - Created Permission View: can delete on DAG:dataset_consumes_1_never_scheduled
[2024-09-03T15:48:38.639+0000] {logging_mixin.py:190} INFO - [2024-09-03T15:48:38.639+0000] {override.py:1858} INFO - Created Permission View: can edit on DAG:conditional_dataset_and_time_based_timetable
[2024-09-03T15:48:38.648+0000] {logging_mixin.py:190} INFO - [2024-09-03T15:48:38.647+0000] {override.py:1858} INFO - Created Permission View: can read on DAG:conditional_dataset_and_time_based_timetable
[2024-09-03T15:48:38.652+0000] {logging_mixin.py:190} INFO - [2024-09-03T15:48:38.652+0000] {override.py:1858} INFO - Created Permission View: can delete on DAG:conditional_dataset_and_time_based_timetable
[2024-09-03T15:48:38.660+0000] {logging_mixin.py:190} INFO - [2024-09-03T15:48:38.660+0000] {override.py:1858} INFO - Created Permission View: can edit on DAG:dataset_produces_2
[2024-09-03T15:48:38.663+0000] {logging_mixin.py:190} INFO - [2024-09-03T15:48:38.663+0000] {override.py:1858} INFO - Created Permission View: can read on DAG:dataset_produces_2
[2024-09-03T15:48:38.666+0000] {logging_mixin.py:190} INFO - [2024-09-03T15:48:38.666+0000] {override.py:1858} INFO - Created Permission View: can delete on DAG:dataset_produces_2
[2024-09-03T15:48:38.672+0000] {logging_mixin.py:190} INFO - [2024-09-03T15:48:38.672+0000] {override.py:1858} INFO - Created Permission View: can edit on DAG:dataset_consumes_1
[2024-09-03T15:48:38.675+0000] {logging_mixin.py:190} INFO - [2024-09-03T15:48:38.675+0000] {override.py:1858} INFO - Created Permission View: can read on DAG:dataset_consumes_1
[2024-09-03T15:48:38.680+0000] {logging_mixin.py:190} INFO - [2024-09-03T15:48:38.680+0000] {override.py:1858} INFO - Created Permission View: can delete on DAG:dataset_consumes_1
[2024-09-03T15:48:38.686+0000] {logging_mixin.py:190} INFO - [2024-09-03T15:48:38.686+0000] {override.py:1858} INFO - Created Permission View: can edit on DAG:dataset_produces_1
[2024-09-03T15:48:38.689+0000] {logging_mixin.py:190} INFO - [2024-09-03T15:48:38.689+0000] {override.py:1858} INFO - Created Permission View: can read on DAG:dataset_produces_1
[2024-09-03T15:48:38.693+0000] {logging_mixin.py:190} INFO - [2024-09-03T15:48:38.693+0000] {override.py:1858} INFO - Created Permission View: can delete on DAG:dataset_produces_1
[2024-09-03T15:48:38.700+0000] {logging_mixin.py:190} INFO - [2024-09-03T15:48:38.699+0000] {override.py:1858} INFO - Created Permission View: can edit on DAG:dataset_consumes_1_and_2
[2024-09-03T15:48:38.703+0000] {logging_mixin.py:190} INFO - [2024-09-03T15:48:38.703+0000] {override.py:1858} INFO - Created Permission View: can read on DAG:dataset_consumes_1_and_2
[2024-09-03T15:48:38.707+0000] {logging_mixin.py:190} INFO - [2024-09-03T15:48:38.707+0000] {override.py:1858} INFO - Created Permission View: can delete on DAG:dataset_consumes_1_and_2
[2024-09-03T15:48:38.713+0000] {logging_mixin.py:190} INFO - [2024-09-03T15:48:38.713+0000] {override.py:1858} INFO - Created Permission View: can edit on DAG:consume_1_or_both_2_and_3_with_dataset_expressions
[2024-09-03T15:48:38.718+0000] {logging_mixin.py:190} INFO - [2024-09-03T15:48:38.717+0000] {override.py:1858} INFO - Created Permission View: can read on DAG:consume_1_or_both_2_and_3_with_dataset_expressions
[2024-09-03T15:48:38.721+0000] {logging_mixin.py:190} INFO - [2024-09-03T15:48:38.721+0000] {override.py:1858} INFO - Created Permission View: can delete on DAG:consume_1_or_both_2_and_3_with_dataset_expressions
[2024-09-03T15:48:38.728+0000] {logging_mixin.py:190} INFO - [2024-09-03T15:48:38.727+0000] {override.py:1858} INFO - Created Permission View: can edit on DAG:consume_1_and_2_with_dataset_expressions
[2024-09-03T15:48:38.731+0000] {logging_mixin.py:190} INFO - [2024-09-03T15:48:38.731+0000] {override.py:1858} INFO - Created Permission View: can read on DAG:consume_1_and_2_with_dataset_expressions
[2024-09-03T15:48:38.734+0000] {logging_mixin.py:190} INFO - [2024-09-03T15:48:38.734+0000] {override.py:1858} INFO - Created Permission View: can delete on DAG:consume_1_and_2_with_dataset_expressions
[2024-09-03T15:48:38.740+0000] {logging_mixin.py:190} INFO - [2024-09-03T15:48:38.740+0000] {override.py:1858} INFO - Created Permission View: can edit on DAG:dataset_consumes_unknown_never_scheduled
[2024-09-03T15:48:38.743+0000] {logging_mixin.py:190} INFO - [2024-09-03T15:48:38.743+0000] {override.py:1858} INFO - Created Permission View: can read on DAG:dataset_consumes_unknown_never_scheduled
[2024-09-03T15:48:38.746+0000] {logging_mixin.py:190} INFO - [2024-09-03T15:48:38.746+0000] {override.py:1858} INFO - Created Permission View: can delete on DAG:dataset_consumes_unknown_never_scheduled
[2024-09-03T15:48:38.753+0000] {logging_mixin.py:190} INFO - [2024-09-03T15:48:38.752+0000] {override.py:1858} INFO - Created Permission View: can edit on DAG:consume_1_or_2_with_dataset_expressions
[2024-09-03T15:48:38.756+0000] {logging_mixin.py:190} INFO - [2024-09-03T15:48:38.755+0000] {override.py:1858} INFO - Created Permission View: can read on DAG:consume_1_or_2_with_dataset_expressions
[2024-09-03T15:48:38.759+0000] {logging_mixin.py:190} INFO - [2024-09-03T15:48:38.759+0000] {override.py:1858} INFO - Created Permission View: can delete on DAG:consume_1_or_2_with_dataset_expressions
[2024-09-03T15:48:38.759+0000] {logging_mixin.py:190} INFO - [2024-09-03T15:48:38.759+0000] {dag.py:3211} INFO - Sync 10 DAGs
[2024-09-03T15:48:38.768+0000] {logging_mixin.py:190} INFO - [2024-09-03T15:48:38.768+0000] {dag.py:3234} INFO - Creating ORM DAG for dataset_consumes_unknown_never_scheduled
[2024-09-03T15:48:38.770+0000] {logging_mixin.py:190} INFO - [2024-09-03T15:48:38.769+0000] {dag.py:3234} INFO - Creating ORM DAG for dataset_consumes_1_never_scheduled
[2024-09-03T15:48:38.771+0000] {logging_mixin.py:190} INFO - [2024-09-03T15:48:38.771+0000] {dag.py:3234} INFO - Creating ORM DAG for dataset_consumes_1
[2024-09-03T15:48:38.772+0000] {logging_mixin.py:190} INFO - [2024-09-03T15:48:38.772+0000] {dag.py:3234} INFO - Creating ORM DAG for dataset_produces_2
[2024-09-03T15:48:38.773+0000] {logging_mixin.py:190} INFO - [2024-09-03T15:48:38.773+0000] {dag.py:3234} INFO - Creating ORM DAG for consume_1_or_both_2_and_3_with_dataset_expressions
[2024-09-03T15:48:38.775+0000] {logging_mixin.py:190} INFO - [2024-09-03T15:48:38.774+0000] {dag.py:3234} INFO - Creating ORM DAG for dataset_produces_1
[2024-09-03T15:48:38.776+0000] {logging_mixin.py:190} INFO - [2024-09-03T15:48:38.776+0000] {dag.py:3234} INFO - Creating ORM DAG for conditional_dataset_and_time_based_timetable
[2024-09-03T15:48:38.778+0000] {logging_mixin.py:190} INFO - [2024-09-03T15:48:38.778+0000] {dag.py:3234} INFO - Creating ORM DAG for consume_1_and_2_with_dataset_expressions
[2024-09-03T15:48:38.781+0000] {logging_mixin.py:190} INFO - [2024-09-03T15:48:38.780+0000] {dag.py:3234} INFO - Creating ORM DAG for dataset_consumes_1_and_2
[2024-09-03T15:48:38.781+0000] {logging_mixin.py:190} INFO - [2024-09-03T15:48:38.781+0000] {dag.py:3234} INFO - Creating ORM DAG for consume_1_or_2_with_dataset_expressions
[2024-09-03T15:48:38.790+0000] {logging_mixin.py:190} INFO - [2024-09-03T15:48:38.790+0000] {dag.py:4138} INFO - Setting next_dagrun for conditional_dataset_and_time_based_timetable to 2024-08-28 01:00:00+00:00, run_after=2024-08-28 01:00:00+00:00
[2024-09-03T15:48:38.791+0000] {logging_mixin.py:190} INFO - [2024-09-03T15:48:38.791+0000] {dag.py:4138} INFO - Setting next_dagrun for consume_1_and_2_with_dataset_expressions to None, run_after=None
[2024-09-03T15:48:38.791+0000] {logging_mixin.py:190} INFO - [2024-09-03T15:48:38.791+0000] {dag.py:4138} INFO - Setting next_dagrun for consume_1_or_2_with_dataset_expressions to None, run_after=None
[2024-09-03T15:48:38.792+0000] {logging_mixin.py:190} INFO - [2024-09-03T15:48:38.791+0000] {dag.py:4138} INFO - Setting next_dagrun for consume_1_or_both_2_and_3_with_dataset_expressions to None, run_after=None
[2024-09-03T15:48:38.792+0000] {logging_mixin.py:190} INFO - [2024-09-03T15:48:38.792+0000] {dag.py:4138} INFO - Setting next_dagrun for dataset_consumes_1 to None, run_after=None
[2024-09-03T15:48:38.792+0000] {logging_mixin.py:190} INFO - [2024-09-03T15:48:38.792+0000] {dag.py:4138} INFO - Setting next_dagrun for dataset_consumes_1_and_2 to None, run_after=None
[2024-09-03T15:48:38.793+0000] {logging_mixin.py:190} INFO - [2024-09-03T15:48:38.793+0000] {dag.py:4138} INFO - Setting next_dagrun for dataset_consumes_1_never_scheduled to None, run_after=None
[2024-09-03T15:48:38.793+0000] {logging_mixin.py:190} INFO - [2024-09-03T15:48:38.793+0000] {dag.py:4138} INFO - Setting next_dagrun for dataset_consumes_unknown_never_scheduled to None, run_after=None
[2024-09-03T15:48:38.794+0000] {logging_mixin.py:190} INFO - [2024-09-03T15:48:38.794+0000] {dag.py:4138} INFO - Setting next_dagrun for dataset_produces_1 to 2024-09-02 00:00:00+00:00, run_after=2024-09-03 00:00:00+00:00
[2024-09-03T15:48:38.794+0000] {logging_mixin.py:190} INFO - [2024-09-03T15:48:38.794+0000] {dag.py:4138} INFO - Setting next_dagrun for dataset_produces_2 to None, run_after=None
[2024-09-03T15:48:38.823+0000] {processor.py:208} INFO - Processing /home/airflow/.local/lib/python3.12/site-packages/airflow/example_dags/example_datasets.py took 0.495 seconds
[2024-09-03T15:49:09.810+0000] {processor.py:186} INFO - Started process (PID=114) to work on /home/airflow/.local/lib/python3.12/site-packages/airflow/example_dags/example_datasets.py
[2024-09-03T15:49:09.812+0000] {processor.py:914} INFO - Processing file /home/airflow/.local/lib/python3.12/site-packages/airflow/example_dags/example_datasets.py for tasks to queue
[2024-09-03T15:49:09.815+0000] {logging_mixin.py:190} INFO - [2024-09-03T15:49:09.814+0000] {dagbag.py:587} INFO - Filling up the DagBag from /home/airflow/.local/lib/python3.12/site-packages/airflow/example_dags/example_datasets.py
[2024-09-03T15:49:09.902+0000] {processor.py:925} INFO - DAG(s) 'dataset_produces_1', 'dataset_consumes_1_and_2', 'consume_1_or_2_with_dataset_expressions', 'consume_1_and_2_with_dataset_expressions', 'dataset_consumes_1_never_scheduled', 'dataset_produces_2', 'conditional_dataset_and_time_based_timetable', 'dataset_consumes_1', 'consume_1_or_both_2_and_3_with_dataset_expressions', 'dataset_consumes_unknown_never_scheduled' retrieved from /home/airflow/.local/lib/python3.12/site-packages/airflow/example_dags/example_datasets.py
[2024-09-03T15:49:09.925+0000] {logging_mixin.py:190} INFO - [2024-09-03T15:49:09.925+0000] {dag.py:3211} INFO - Sync 10 DAGs
[2024-09-03T15:49:09.939+0000] {logging_mixin.py:190} INFO - [2024-09-03T15:49:09.939+0000] {dag.py:4138} INFO - Setting next_dagrun for conditional_dataset_and_time_based_timetable to 2024-08-28 01:00:00+00:00, run_after=2024-08-28 01:00:00+00:00
[2024-09-03T15:49:09.941+0000] {logging_mixin.py:190} INFO - [2024-09-03T15:49:09.941+0000] {dag.py:4138} INFO - Setting next_dagrun for consume_1_and_2_with_dataset_expressions to None, run_after=None
[2024-09-03T15:49:09.942+0000] {logging_mixin.py:190} INFO - [2024-09-03T15:49:09.942+0000] {dag.py:4138} INFO - Setting next_dagrun for consume_1_or_2_with_dataset_expressions to None, run_after=None
[2024-09-03T15:49:09.942+0000] {logging_mixin.py:190} INFO - [2024-09-03T15:49:09.942+0000] {dag.py:4138} INFO - Setting next_dagrun for consume_1_or_both_2_and_3_with_dataset_expressions to None, run_after=None
[2024-09-03T15:49:09.943+0000] {logging_mixin.py:190} INFO - [2024-09-03T15:49:09.943+0000] {dag.py:4138} INFO - Setting next_dagrun for dataset_consumes_1 to None, run_after=None
[2024-09-03T15:49:09.943+0000] {logging_mixin.py:190} INFO - [2024-09-03T15:49:09.943+0000] {dag.py:4138} INFO - Setting next_dagrun for dataset_consumes_1_and_2 to None, run_after=None
[2024-09-03T15:49:09.944+0000] {logging_mixin.py:190} INFO - [2024-09-03T15:49:09.944+0000] {dag.py:4138} INFO - Setting next_dagrun for dataset_consumes_1_never_scheduled to None, run_after=None
[2024-09-03T15:49:09.945+0000] {logging_mixin.py:190} INFO - [2024-09-03T15:49:09.945+0000] {dag.py:4138} INFO - Setting next_dagrun for dataset_consumes_unknown_never_scheduled to None, run_after=None
[2024-09-03T15:49:09.946+0000] {logging_mixin.py:190} INFO - [2024-09-03T15:49:09.946+0000] {dag.py:4138} INFO - Setting next_dagrun for dataset_produces_1 to 2024-09-02 00:00:00+00:00, run_after=2024-09-03 00:00:00+00:00
[2024-09-03T15:49:09.946+0000] {logging_mixin.py:190} INFO - [2024-09-03T15:49:09.946+0000] {dag.py:4138} INFO - Setting next_dagrun for dataset_produces_2 to None, run_after=None
[2024-09-03T15:49:09.962+0000] {processor.py:208} INFO - Processing /home/airflow/.local/lib/python3.12/site-packages/airflow/example_dags/example_datasets.py took 0.159 seconds
[2024-09-03T15:49:40.667+0000] {processor.py:186} INFO - Started process (PID=177) to work on /home/airflow/.local/lib/python3.12/site-packages/airflow/example_dags/example_datasets.py
[2024-09-03T15:49:40.669+0000] {processor.py:914} INFO - Processing file /home/airflow/.local/lib/python3.12/site-packages/airflow/example_dags/example_datasets.py for tasks to queue
[2024-09-03T15:49:40.672+0000] {logging_mixin.py:190} INFO - [2024-09-03T15:49:40.672+0000] {dagbag.py:587} INFO - Filling up the DagBag from /home/airflow/.local/lib/python3.12/site-packages/airflow/example_dags/example_datasets.py
[2024-09-03T15:49:40.772+0000] {processor.py:925} INFO - DAG(s) 'dataset_consumes_unknown_never_scheduled', 'consume_1_and_2_with_dataset_expressions', 'consume_1_or_2_with_dataset_expressions', 'dataset_consumes_1_never_scheduled', 'dataset_produces_2', 'dataset_produces_1', 'consume_1_or_both_2_and_3_with_dataset_expressions', 'dataset_consumes_1_and_2', 'conditional_dataset_and_time_based_timetable', 'dataset_consumes_1' retrieved from /home/airflow/.local/lib/python3.12/site-packages/airflow/example_dags/example_datasets.py
[2024-09-03T15:49:40.801+0000] {logging_mixin.py:190} INFO - [2024-09-03T15:49:40.801+0000] {dag.py:3211} INFO - Sync 10 DAGs
[2024-09-03T15:49:40.819+0000] {logging_mixin.py:190} INFO - [2024-09-03T15:49:40.819+0000] {dag.py:4138} INFO - Setting next_dagrun for conditional_dataset_and_time_based_timetable to 2024-08-28 01:00:00+00:00, run_after=2024-08-28 01:00:00+00:00
[2024-09-03T15:49:40.823+0000] {logging_mixin.py:190} INFO - [2024-09-03T15:49:40.823+0000] {dag.py:4138} INFO - Setting next_dagrun for consume_1_and_2_with_dataset_expressions to None, run_after=None
[2024-09-03T15:49:40.825+0000] {logging_mixin.py:190} INFO - [2024-09-03T15:49:40.825+0000] {dag.py:4138} INFO - Setting next_dagrun for consume_1_or_2_with_dataset_expressions to None, run_after=None
[2024-09-03T15:49:40.826+0000] {logging_mixin.py:190} INFO - [2024-09-03T15:49:40.826+0000] {dag.py:4138} INFO - Setting next_dagrun for consume_1_or_both_2_and_3_with_dataset_expressions to None, run_after=None
[2024-09-03T15:49:40.829+0000] {logging_mixin.py:190} INFO - [2024-09-03T15:49:40.828+0000] {dag.py:4138} INFO - Setting next_dagrun for dataset_consumes_1 to None, run_after=None
[2024-09-03T15:49:40.831+0000] {logging_mixin.py:190} INFO - [2024-09-03T15:49:40.830+0000] {dag.py:4138} INFO - Setting next_dagrun for dataset_consumes_1_and_2 to None, run_after=None
[2024-09-03T15:49:40.832+0000] {logging_mixin.py:190} INFO - [2024-09-03T15:49:40.832+0000] {dag.py:4138} INFO - Setting next_dagrun for dataset_consumes_1_never_scheduled to None, run_after=None
[2024-09-03T15:49:40.834+0000] {logging_mixin.py:190} INFO - [2024-09-03T15:49:40.833+0000] {dag.py:4138} INFO - Setting next_dagrun for dataset_consumes_unknown_never_scheduled to None, run_after=None
[2024-09-03T15:49:40.836+0000] {logging_mixin.py:190} INFO - [2024-09-03T15:49:40.836+0000] {dag.py:4138} INFO - Setting next_dagrun for dataset_produces_1 to 2024-09-02 00:00:00+00:00, run_after=2024-09-03 00:00:00+00:00
[2024-09-03T15:49:40.837+0000] {logging_mixin.py:190} INFO - [2024-09-03T15:49:40.837+0000] {dag.py:4138} INFO - Setting next_dagrun for dataset_produces_2 to None, run_after=None
[2024-09-03T15:49:40.865+0000] {processor.py:208} INFO - Processing /home/airflow/.local/lib/python3.12/site-packages/airflow/example_dags/example_datasets.py took 0.207 seconds
[2024-09-03T15:50:11.635+0000] {processor.py:186} INFO - Started process (PID=239) to work on /home/airflow/.local/lib/python3.12/site-packages/airflow/example_dags/example_datasets.py
[2024-09-03T15:50:11.636+0000] {processor.py:914} INFO - Processing file /home/airflow/.local/lib/python3.12/site-packages/airflow/example_dags/example_datasets.py for tasks to queue
[2024-09-03T15:50:11.663+0000] {logging_mixin.py:190} INFO - [2024-09-03T15:50:11.657+0000] {dagbag.py:587} INFO - Filling up the DagBag from /home/airflow/.local/lib/python3.12/site-packages/airflow/example_dags/example_datasets.py
[2024-09-03T15:50:11.863+0000] {processor.py:925} INFO - DAG(s) 'consume_1_or_2_with_dataset_expressions', 'dataset_produces_2', 'consume_1_or_both_2_and_3_with_dataset_expressions', 'dataset_produces_1', 'consume_1_and_2_with_dataset_expressions', 'dataset_consumes_1_never_scheduled', 'dataset_consumes_1_and_2', 'conditional_dataset_and_time_based_timetable', 'dataset_consumes_unknown_never_scheduled', 'dataset_consumes_1' retrieved from /home/airflow/.local/lib/python3.12/site-packages/airflow/example_dags/example_datasets.py
[2024-09-03T15:50:11.893+0000] {logging_mixin.py:190} INFO - [2024-09-03T15:50:11.893+0000] {dag.py:3211} INFO - Sync 10 DAGs
[2024-09-03T15:50:11.909+0000] {logging_mixin.py:190} INFO - [2024-09-03T15:50:11.909+0000] {dag.py:4138} INFO - Setting next_dagrun for conditional_dataset_and_time_based_timetable to 2024-08-28 01:00:00+00:00, run_after=2024-08-28 01:00:00+00:00
[2024-09-03T15:50:11.911+0000] {logging_mixin.py:190} INFO - [2024-09-03T15:50:11.911+0000] {dag.py:4138} INFO - Setting next_dagrun for consume_1_and_2_with_dataset_expressions to None, run_after=None
[2024-09-03T15:50:11.913+0000] {logging_mixin.py:190} INFO - [2024-09-03T15:50:11.913+0000] {dag.py:4138} INFO - Setting next_dagrun for consume_1_or_2_with_dataset_expressions to None, run_after=None
[2024-09-03T15:50:11.914+0000] {logging_mixin.py:190} INFO - [2024-09-03T15:50:11.914+0000] {dag.py:4138} INFO - Setting next_dagrun for consume_1_or_both_2_and_3_with_dataset_expressions to None, run_after=None
[2024-09-03T15:50:11.916+0000] {logging_mixin.py:190} INFO - [2024-09-03T15:50:11.916+0000] {dag.py:4138} INFO - Setting next_dagrun for dataset_consumes_1 to None, run_after=None
[2024-09-03T15:50:11.917+0000] {logging_mixin.py:190} INFO - [2024-09-03T15:50:11.917+0000] {dag.py:4138} INFO - Setting next_dagrun for dataset_consumes_1_and_2 to None, run_after=None
[2024-09-03T15:50:11.918+0000] {logging_mixin.py:190} INFO - [2024-09-03T15:50:11.918+0000] {dag.py:4138} INFO - Setting next_dagrun for dataset_consumes_1_never_scheduled to None, run_after=None
[2024-09-03T15:50:11.920+0000] {logging_mixin.py:190} INFO - [2024-09-03T15:50:11.920+0000] {dag.py:4138} INFO - Setting next_dagrun for dataset_consumes_unknown_never_scheduled to None, run_after=None
[2024-09-03T15:50:11.922+0000] {logging_mixin.py:190} INFO - [2024-09-03T15:50:11.921+0000] {dag.py:4138} INFO - Setting next_dagrun for dataset_produces_1 to 2024-09-02 00:00:00+00:00, run_after=2024-09-03 00:00:00+00:00
[2024-09-03T15:50:11.923+0000] {logging_mixin.py:190} INFO - [2024-09-03T15:50:11.922+0000] {dag.py:4138} INFO - Setting next_dagrun for dataset_produces_2 to None, run_after=None
[2024-09-03T15:50:11.942+0000] {processor.py:208} INFO - Processing /home/airflow/.local/lib/python3.12/site-packages/airflow/example_dags/example_datasets.py took 0.315 seconds
[2024-09-03T15:50:42.093+0000] {processor.py:186} INFO - Started process (PID=301) to work on /home/airflow/.local/lib/python3.12/site-packages/airflow/example_dags/example_datasets.py
[2024-09-03T15:50:42.094+0000] {processor.py:914} INFO - Processing file /home/airflow/.local/lib/python3.12/site-packages/airflow/example_dags/example_datasets.py for tasks to queue
[2024-09-03T15:50:42.096+0000] {logging_mixin.py:190} INFO - [2024-09-03T15:50:42.096+0000] {dagbag.py:587} INFO - Filling up the DagBag from /home/airflow/.local/lib/python3.12/site-packages/airflow/example_dags/example_datasets.py
[2024-09-03T15:50:42.183+0000] {processor.py:925} INFO - DAG(s) 'dataset_consumes_1', 'consume_1_or_2_with_dataset_expressions', 'dataset_consumes_1_never_scheduled', 'dataset_produces_2', 'consume_1_or_both_2_and_3_with_dataset_expressions', 'consume_1_and_2_with_dataset_expressions', 'dataset_produces_1', 'dataset_consumes_unknown_never_scheduled', 'conditional_dataset_and_time_based_timetable', 'dataset_consumes_1_and_2' retrieved from /home/airflow/.local/lib/python3.12/site-packages/airflow/example_dags/example_datasets.py
[2024-09-03T15:50:42.208+0000] {logging_mixin.py:190} INFO - [2024-09-03T15:50:42.208+0000] {dag.py:3211} INFO - Sync 10 DAGs
[2024-09-03T15:50:42.221+0000] {logging_mixin.py:190} INFO - [2024-09-03T15:50:42.221+0000] {dag.py:4138} INFO - Setting next_dagrun for conditional_dataset_and_time_based_timetable to 2024-08-28 01:00:00+00:00, run_after=2024-08-28 01:00:00+00:00
[2024-09-03T15:50:42.223+0000] {logging_mixin.py:190} INFO - [2024-09-03T15:50:42.223+0000] {dag.py:4138} INFO - Setting next_dagrun for consume_1_and_2_with_dataset_expressions to None, run_after=None
[2024-09-03T15:50:42.224+0000] {logging_mixin.py:190} INFO - [2024-09-03T15:50:42.224+0000] {dag.py:4138} INFO - Setting next_dagrun for consume_1_or_2_with_dataset_expressions to None, run_after=None
[2024-09-03T15:50:42.225+0000] {logging_mixin.py:190} INFO - [2024-09-03T15:50:42.225+0000] {dag.py:4138} INFO - Setting next_dagrun for consume_1_or_both_2_and_3_with_dataset_expressions to None, run_after=None
[2024-09-03T15:50:42.225+0000] {logging_mixin.py:190} INFO - [2024-09-03T15:50:42.225+0000] {dag.py:4138} INFO - Setting next_dagrun for dataset_consumes_1 to None, run_after=None
[2024-09-03T15:50:42.226+0000] {logging_mixin.py:190} INFO - [2024-09-03T15:50:42.226+0000] {dag.py:4138} INFO - Setting next_dagrun for dataset_consumes_1_and_2 to None, run_after=None
[2024-09-03T15:50:42.226+0000] {logging_mixin.py:190} INFO - [2024-09-03T15:50:42.226+0000] {dag.py:4138} INFO - Setting next_dagrun for dataset_consumes_1_never_scheduled to None, run_after=None
[2024-09-03T15:50:42.227+0000] {logging_mixin.py:190} INFO - [2024-09-03T15:50:42.227+0000] {dag.py:4138} INFO - Setting next_dagrun for dataset_consumes_unknown_never_scheduled to None, run_after=None
[2024-09-03T15:50:42.228+0000] {logging_mixin.py:190} INFO - [2024-09-03T15:50:42.228+0000] {dag.py:4138} INFO - Setting next_dagrun for dataset_produces_1 to 2024-09-02 00:00:00+00:00, run_after=2024-09-03 00:00:00+00:00
[2024-09-03T15:50:42.229+0000] {logging_mixin.py:190} INFO - [2024-09-03T15:50:42.229+0000] {dag.py:4138} INFO - Setting next_dagrun for dataset_produces_2 to None, run_after=None
[2024-09-03T15:50:42.245+0000] {processor.py:208} INFO - Processing /home/airflow/.local/lib/python3.12/site-packages/airflow/example_dags/example_datasets.py took 0.157 seconds
[2024-09-03T15:51:13.017+0000] {processor.py:186} INFO - Started process (PID=364) to work on /home/airflow/.local/lib/python3.12/site-packages/airflow/example_dags/example_datasets.py
[2024-09-03T15:51:13.020+0000] {processor.py:914} INFO - Processing file /home/airflow/.local/lib/python3.12/site-packages/airflow/example_dags/example_datasets.py for tasks to queue
[2024-09-03T15:51:13.023+0000] {logging_mixin.py:190} INFO - [2024-09-03T15:51:13.023+0000] {dagbag.py:587} INFO - Filling up the DagBag from /home/airflow/.local/lib/python3.12/site-packages/airflow/example_dags/example_datasets.py
[2024-09-03T15:51:13.154+0000] {processor.py:925} INFO - DAG(s) 'dataset_consumes_1_never_scheduled', 'consume_1_or_2_with_dataset_expressions', 'conditional_dataset_and_time_based_timetable', 'consume_1_and_2_with_dataset_expressions', 'dataset_produces_1', 'dataset_consumes_1_and_2', 'consume_1_or_both_2_and_3_with_dataset_expressions', 'dataset_produces_2', 'dataset_consumes_1', 'dataset_consumes_unknown_never_scheduled' retrieved from /home/airflow/.local/lib/python3.12/site-packages/airflow/example_dags/example_datasets.py
[2024-09-03T15:51:13.183+0000] {logging_mixin.py:190} INFO - [2024-09-03T15:51:13.183+0000] {dag.py:3211} INFO - Sync 10 DAGs
[2024-09-03T15:51:13.201+0000] {logging_mixin.py:190} INFO - [2024-09-03T15:51:13.201+0000] {dag.py:4138} INFO - Setting next_dagrun for conditional_dataset_and_time_based_timetable to 2024-08-28 01:00:00+00:00, run_after=2024-08-28 01:00:00+00:00
[2024-09-03T15:51:13.205+0000] {logging_mixin.py:190} INFO - [2024-09-03T15:51:13.205+0000] {dag.py:4138} INFO - Setting next_dagrun for consume_1_and_2_with_dataset_expressions to None, run_after=None
[2024-09-03T15:51:13.207+0000] {logging_mixin.py:190} INFO - [2024-09-03T15:51:13.207+0000] {dag.py:4138} INFO - Setting next_dagrun for consume_1_or_2_with_dataset_expressions to None, run_after=None
[2024-09-03T15:51:13.208+0000] {logging_mixin.py:190} INFO - [2024-09-03T15:51:13.208+0000] {dag.py:4138} INFO - Setting next_dagrun for consume_1_or_both_2_and_3_with_dataset_expressions to None, run_after=None
[2024-09-03T15:51:13.209+0000] {logging_mixin.py:190} INFO - [2024-09-03T15:51:13.208+0000] {dag.py:4138} INFO - Setting next_dagrun for dataset_consumes_1 to None, run_after=None
[2024-09-03T15:51:13.209+0000] {logging_mixin.py:190} INFO - [2024-09-03T15:51:13.209+0000] {dag.py:4138} INFO - Setting next_dagrun for dataset_consumes_1_and_2 to None, run_after=None
[2024-09-03T15:51:13.210+0000] {logging_mixin.py:190} INFO - [2024-09-03T15:51:13.210+0000] {dag.py:4138} INFO - Setting next_dagrun for dataset_consumes_1_never_scheduled to None, run_after=None
[2024-09-03T15:51:13.211+0000] {logging_mixin.py:190} INFO - [2024-09-03T15:51:13.211+0000] {dag.py:4138} INFO - Setting next_dagrun for dataset_consumes_unknown_never_scheduled to None, run_after=None
[2024-09-03T15:51:13.212+0000] {logging_mixin.py:190} INFO - [2024-09-03T15:51:13.212+0000] {dag.py:4138} INFO - Setting next_dagrun for dataset_produces_1 to 2024-09-02 00:00:00+00:00, run_after=2024-09-03 00:00:00+00:00
[2024-09-03T15:51:13.213+0000] {logging_mixin.py:190} INFO - [2024-09-03T15:51:13.213+0000] {dag.py:4138} INFO - Setting next_dagrun for dataset_produces_2 to None, run_after=None
[2024-09-03T15:51:13.233+0000] {processor.py:208} INFO - Processing /home/airflow/.local/lib/python3.12/site-packages/airflow/example_dags/example_datasets.py took 0.222 seconds
[2024-09-03T15:51:44.200+0000] {processor.py:186} INFO - Started process (PID=427) to work on /home/airflow/.local/lib/python3.12/site-packages/airflow/example_dags/example_datasets.py
[2024-09-03T15:51:44.202+0000] {processor.py:914} INFO - Processing file /home/airflow/.local/lib/python3.12/site-packages/airflow/example_dags/example_datasets.py for tasks to queue
[2024-09-03T15:51:44.203+0000] {logging_mixin.py:190} INFO - [2024-09-03T15:51:44.203+0000] {dagbag.py:587} INFO - Filling up the DagBag from /home/airflow/.local/lib/python3.12/site-packages/airflow/example_dags/example_datasets.py
[2024-09-03T15:51:44.292+0000] {processor.py:925} INFO - DAG(s) 'dataset_produces_1', 'conditional_dataset_and_time_based_timetable', 'dataset_produces_2', 'dataset_consumes_1_never_scheduled', 'dataset_consumes_unknown_never_scheduled', 'consume_1_and_2_with_dataset_expressions', 'consume_1_or_2_with_dataset_expressions', 'dataset_consumes_1', 'dataset_consumes_1_and_2', 'consume_1_or_both_2_and_3_with_dataset_expressions' retrieved from /home/airflow/.local/lib/python3.12/site-packages/airflow/example_dags/example_datasets.py
[2024-09-03T15:51:44.320+0000] {logging_mixin.py:190} INFO - [2024-09-03T15:51:44.320+0000] {dag.py:3211} INFO - Sync 10 DAGs
[2024-09-03T15:51:44.335+0000] {logging_mixin.py:190} INFO - [2024-09-03T15:51:44.335+0000] {dag.py:4138} INFO - Setting next_dagrun for conditional_dataset_and_time_based_timetable to 2024-08-28 01:00:00+00:00, run_after=2024-08-28 01:00:00+00:00
[2024-09-03T15:51:44.337+0000] {logging_mixin.py:190} INFO - [2024-09-03T15:51:44.337+0000] {dag.py:4138} INFO - Setting next_dagrun for consume_1_and_2_with_dataset_expressions to None, run_after=None
[2024-09-03T15:51:44.338+0000] {logging_mixin.py:190} INFO - [2024-09-03T15:51:44.338+0000] {dag.py:4138} INFO - Setting next_dagrun for consume_1_or_2_with_dataset_expressions to None, run_after=None
[2024-09-03T15:51:44.339+0000] {logging_mixin.py:190} INFO - [2024-09-03T15:51:44.339+0000] {dag.py:4138} INFO - Setting next_dagrun for consume_1_or_both_2_and_3_with_dataset_expressions to None, run_after=None
[2024-09-03T15:51:44.339+0000] {logging_mixin.py:190} INFO - [2024-09-03T15:51:44.339+0000] {dag.py:4138} INFO - Setting next_dagrun for dataset_consumes_1 to None, run_after=None
[2024-09-03T15:51:44.340+0000] {logging_mixin.py:190} INFO - [2024-09-03T15:51:44.340+0000] {dag.py:4138} INFO - Setting next_dagrun for dataset_consumes_1_and_2 to None, run_after=None
[2024-09-03T15:51:44.340+0000] {logging_mixin.py:190} INFO - [2024-09-03T15:51:44.340+0000] {dag.py:4138} INFO - Setting next_dagrun for dataset_consumes_1_never_scheduled to None, run_after=None
[2024-09-03T15:51:44.341+0000] {logging_mixin.py:190} INFO - [2024-09-03T15:51:44.341+0000] {dag.py:4138} INFO - Setting next_dagrun for dataset_consumes_unknown_never_scheduled to None, run_after=None
[2024-09-03T15:51:44.342+0000] {logging_mixin.py:190} INFO - [2024-09-03T15:51:44.342+0000] {dag.py:4138} INFO - Setting next_dagrun for dataset_produces_1 to 2024-09-02 00:00:00+00:00, run_after=2024-09-03 00:00:00+00:00
[2024-09-03T15:51:44.343+0000] {logging_mixin.py:190} INFO - [2024-09-03T15:51:44.343+0000] {dag.py:4138} INFO - Setting next_dagrun for dataset_produces_2 to None, run_after=None
[2024-09-03T15:51:44.360+0000] {processor.py:208} INFO - Processing /home/airflow/.local/lib/python3.12/site-packages/airflow/example_dags/example_datasets.py took 0.165 seconds
[2024-09-03T15:52:14.417+0000] {processor.py:186} INFO - Started process (PID=489) to work on /home/airflow/.local/lib/python3.12/site-packages/airflow/example_dags/example_datasets.py
[2024-09-03T15:52:14.419+0000] {processor.py:914} INFO - Processing file /home/airflow/.local/lib/python3.12/site-packages/airflow/example_dags/example_datasets.py for tasks to queue
[2024-09-03T15:52:14.421+0000] {logging_mixin.py:190} INFO - [2024-09-03T15:52:14.421+0000] {dagbag.py:587} INFO - Filling up the DagBag from /home/airflow/.local/lib/python3.12/site-packages/airflow/example_dags/example_datasets.py
[2024-09-03T15:52:14.550+0000] {processor.py:925} INFO - DAG(s) 'conditional_dataset_and_time_based_timetable', 'consume_1_and_2_with_dataset_expressions', 'dataset_consumes_1_never_scheduled', 'consume_1_or_2_with_dataset_expressions', 'dataset_consumes_1_and_2', 'dataset_produces_1', 'consume_1_or_both_2_and_3_with_dataset_expressions', 'dataset_consumes_unknown_never_scheduled', 'dataset_consumes_1', 'dataset_produces_2' retrieved from /home/airflow/.local/lib/python3.12/site-packages/airflow/example_dags/example_datasets.py
[2024-09-03T15:52:14.580+0000] {logging_mixin.py:190} INFO - [2024-09-03T15:52:14.580+0000] {dag.py:3211} INFO - Sync 10 DAGs
[2024-09-03T15:52:14.602+0000] {logging_mixin.py:190} INFO - [2024-09-03T15:52:14.601+0000] {dag.py:4138} INFO - Setting next_dagrun for conditional_dataset_and_time_based_timetable to 2024-08-28 01:00:00+00:00, run_after=2024-08-28 01:00:00+00:00
[2024-09-03T15:52:14.608+0000] {logging_mixin.py:190} INFO - [2024-09-03T15:52:14.608+0000] {dag.py:4138} INFO - Setting next_dagrun for consume_1_and_2_with_dataset_expressions to None, run_after=None
[2024-09-03T15:52:14.610+0000] {logging_mixin.py:190} INFO - [2024-09-03T15:52:14.610+0000] {dag.py:4138} INFO - Setting next_dagrun for consume_1_or_2_with_dataset_expressions to None, run_after=None
[2024-09-03T15:52:14.611+0000] {logging_mixin.py:190} INFO - [2024-09-03T15:52:14.611+0000] {dag.py:4138} INFO - Setting next_dagrun for consume_1_or_both_2_and_3_with_dataset_expressions to None, run_after=None
[2024-09-03T15:52:14.612+0000] {logging_mixin.py:190} INFO - [2024-09-03T15:52:14.612+0000] {dag.py:4138} INFO - Setting next_dagrun for dataset_consumes_1 to None, run_after=None
[2024-09-03T15:52:14.613+0000] {logging_mixin.py:190} INFO - [2024-09-03T15:52:14.613+0000] {dag.py:4138} INFO - Setting next_dagrun for dataset_consumes_1_and_2 to None, run_after=None
[2024-09-03T15:52:14.614+0000] {logging_mixin.py:190} INFO - [2024-09-03T15:52:14.614+0000] {dag.py:4138} INFO - Setting next_dagrun for dataset_consumes_1_never_scheduled to None, run_after=None
[2024-09-03T15:52:14.616+0000] {logging_mixin.py:190} INFO - [2024-09-03T15:52:14.616+0000] {dag.py:4138} INFO - Setting next_dagrun for dataset_consumes_unknown_never_scheduled to None, run_after=None
[2024-09-03T15:52:14.618+0000] {logging_mixin.py:190} INFO - [2024-09-03T15:52:14.618+0000] {dag.py:4138} INFO - Setting next_dagrun for dataset_produces_1 to 2024-09-02 00:00:00+00:00, run_after=2024-09-03 00:00:00+00:00
[2024-09-03T15:52:14.620+0000] {logging_mixin.py:190} INFO - [2024-09-03T15:52:14.620+0000] {dag.py:4138} INFO - Setting next_dagrun for dataset_produces_2 to None, run_after=None
[2024-09-03T15:52:14.665+0000] {processor.py:208} INFO - Processing /home/airflow/.local/lib/python3.12/site-packages/airflow/example_dags/example_datasets.py took 0.253 seconds
[2024-09-03T15:52:45.377+0000] {processor.py:186} INFO - Started process (PID=551) to work on /home/airflow/.local/lib/python3.12/site-packages/airflow/example_dags/example_datasets.py
[2024-09-03T15:52:45.379+0000] {processor.py:914} INFO - Processing file /home/airflow/.local/lib/python3.12/site-packages/airflow/example_dags/example_datasets.py for tasks to queue
[2024-09-03T15:52:45.381+0000] {logging_mixin.py:190} INFO - [2024-09-03T15:52:45.381+0000] {dagbag.py:587} INFO - Filling up the DagBag from /home/airflow/.local/lib/python3.12/site-packages/airflow/example_dags/example_datasets.py
[2024-09-03T15:52:45.467+0000] {processor.py:925} INFO - DAG(s) 'dataset_consumes_1_and_2', 'dataset_produces_2', 'consume_1_or_both_2_and_3_with_dataset_expressions', 'conditional_dataset_and_time_based_timetable', 'dataset_consumes_1_never_scheduled', 'dataset_consumes_1', 'dataset_produces_1', 'consume_1_or_2_with_dataset_expressions', 'dataset_consumes_unknown_never_scheduled', 'consume_1_and_2_with_dataset_expressions' retrieved from /home/airflow/.local/lib/python3.12/site-packages/airflow/example_dags/example_datasets.py
[2024-09-03T15:52:45.490+0000] {logging_mixin.py:190} INFO - [2024-09-03T15:52:45.490+0000] {dag.py:3211} INFO - Sync 10 DAGs
[2024-09-03T15:52:45.504+0000] {logging_mixin.py:190} INFO - [2024-09-03T15:52:45.504+0000] {dag.py:4138} INFO - Setting next_dagrun for conditional_dataset_and_time_based_timetable to 2024-08-28 01:00:00+00:00, run_after=2024-08-28 01:00:00+00:00
[2024-09-03T15:52:45.506+0000] {logging_mixin.py:190} INFO - [2024-09-03T15:52:45.506+0000] {dag.py:4138} INFO - Setting next_dagrun for consume_1_and_2_with_dataset_expressions to None, run_after=None
[2024-09-03T15:52:45.507+0000] {logging_mixin.py:190} INFO - [2024-09-03T15:52:45.507+0000] {dag.py:4138} INFO - Setting next_dagrun for consume_1_or_2_with_dataset_expressions to None, run_after=None
[2024-09-03T15:52:45.507+0000] {logging_mixin.py:190} INFO - [2024-09-03T15:52:45.507+0000] {dag.py:4138} INFO - Setting next_dagrun for consume_1_or_both_2_and_3_with_dataset_expressions to None, run_after=None
[2024-09-03T15:52:45.508+0000] {logging_mixin.py:190} INFO - [2024-09-03T15:52:45.508+0000] {dag.py:4138} INFO - Setting next_dagrun for dataset_consumes_1 to None, run_after=None
[2024-09-03T15:52:45.508+0000] {logging_mixin.py:190} INFO - [2024-09-03T15:52:45.508+0000] {dag.py:4138} INFO - Setting next_dagrun for dataset_consumes_1_and_2 to None, run_after=None
[2024-09-03T15:52:45.509+0000] {logging_mixin.py:190} INFO - [2024-09-03T15:52:45.509+0000] {dag.py:4138} INFO - Setting next_dagrun for dataset_consumes_1_never_scheduled to None, run_after=None
[2024-09-03T15:52:45.509+0000] {logging_mixin.py:190} INFO - [2024-09-03T15:52:45.509+0000] {dag.py:4138} INFO - Setting next_dagrun for dataset_consumes_unknown_never_scheduled to None, run_after=None
[2024-09-03T15:52:45.510+0000] {logging_mixin.py:190} INFO - [2024-09-03T15:52:45.510+0000] {dag.py:4138} INFO - Setting next_dagrun for dataset_produces_1 to 2024-09-02 00:00:00+00:00, run_after=2024-09-03 00:00:00+00:00
[2024-09-03T15:52:45.511+0000] {logging_mixin.py:190} INFO - [2024-09-03T15:52:45.511+0000] {dag.py:4138} INFO - Setting next_dagrun for dataset_produces_2 to None, run_after=None
[2024-09-03T15:52:45.525+0000] {processor.py:208} INFO - Processing /home/airflow/.local/lib/python3.12/site-packages/airflow/example_dags/example_datasets.py took 0.154 seconds
[2024-09-03T15:53:15.587+0000] {processor.py:186} INFO - Started process (PID=614) to work on /home/airflow/.local/lib/python3.12/site-packages/airflow/example_dags/example_datasets.py
[2024-09-03T15:53:15.588+0000] {processor.py:914} INFO - Processing file /home/airflow/.local/lib/python3.12/site-packages/airflow/example_dags/example_datasets.py for tasks to queue
[2024-09-03T15:53:15.590+0000] {logging_mixin.py:190} INFO - [2024-09-03T15:53:15.589+0000] {dagbag.py:587} INFO - Filling up the DagBag from /home/airflow/.local/lib/python3.12/site-packages/airflow/example_dags/example_datasets.py
[2024-09-03T15:53:15.690+0000] {processor.py:925} INFO - DAG(s) 'consume_1_or_2_with_dataset_expressions', 'dataset_produces_1', 'conditional_dataset_and_time_based_timetable', 'consume_1_or_both_2_and_3_with_dataset_expressions', 'dataset_consumes_1_never_scheduled', 'consume_1_and_2_with_dataset_expressions', 'dataset_consumes_unknown_never_scheduled', 'dataset_consumes_1_and_2', 'dataset_consumes_1', 'dataset_produces_2' retrieved from /home/airflow/.local/lib/python3.12/site-packages/airflow/example_dags/example_datasets.py
[2024-09-03T15:53:15.725+0000] {logging_mixin.py:190} INFO - [2024-09-03T15:53:15.725+0000] {dag.py:3211} INFO - Sync 10 DAGs
[2024-09-03T15:53:15.745+0000] {logging_mixin.py:190} INFO - [2024-09-03T15:53:15.744+0000] {dag.py:4138} INFO - Setting next_dagrun for conditional_dataset_and_time_based_timetable to 2024-08-28 01:00:00+00:00, run_after=2024-08-28 01:00:00+00:00
[2024-09-03T15:53:15.747+0000] {logging_mixin.py:190} INFO - [2024-09-03T15:53:15.747+0000] {dag.py:4138} INFO - Setting next_dagrun for consume_1_and_2_with_dataset_expressions to None, run_after=None
[2024-09-03T15:53:15.748+0000] {logging_mixin.py:190} INFO - [2024-09-03T15:53:15.748+0000] {dag.py:4138} INFO - Setting next_dagrun for consume_1_or_2_with_dataset_expressions to None, run_after=None
[2024-09-03T15:53:15.749+0000] {logging_mixin.py:190} INFO - [2024-09-03T15:53:15.749+0000] {dag.py:4138} INFO - Setting next_dagrun for consume_1_or_both_2_and_3_with_dataset_expressions to None, run_after=None
[2024-09-03T15:53:15.750+0000] {logging_mixin.py:190} INFO - [2024-09-03T15:53:15.750+0000] {dag.py:4138} INFO - Setting next_dagrun for dataset_consumes_1 to None, run_after=None
[2024-09-03T15:53:15.751+0000] {logging_mixin.py:190} INFO - [2024-09-03T15:53:15.751+0000] {dag.py:4138} INFO - Setting next_dagrun for dataset_consumes_1_and_2 to None, run_after=None
[2024-09-03T15:53:15.752+0000] {logging_mixin.py:190} INFO - [2024-09-03T15:53:15.752+0000] {dag.py:4138} INFO - Setting next_dagrun for dataset_consumes_1_never_scheduled to None, run_after=None
[2024-09-03T15:53:15.753+0000] {logging_mixin.py:190} INFO - [2024-09-03T15:53:15.752+0000] {dag.py:4138} INFO - Setting next_dagrun for dataset_consumes_unknown_never_scheduled to None, run_after=None
[2024-09-03T15:53:15.754+0000] {logging_mixin.py:190} INFO - [2024-09-03T15:53:15.754+0000] {dag.py:4138} INFO - Setting next_dagrun for dataset_produces_1 to 2024-09-02 00:00:00+00:00, run_after=2024-09-03 00:00:00+00:00
[2024-09-03T15:53:15.754+0000] {logging_mixin.py:190} INFO - [2024-09-03T15:53:15.754+0000] {dag.py:4138} INFO - Setting next_dagrun for dataset_produces_2 to None, run_after=None
[2024-09-03T15:53:15.771+0000] {processor.py:208} INFO - Processing /home/airflow/.local/lib/python3.12/site-packages/airflow/example_dags/example_datasets.py took 0.189 seconds
[2024-09-03T15:53:46.645+0000] {processor.py:186} INFO - Started process (PID=676) to work on /home/airflow/.local/lib/python3.12/site-packages/airflow/example_dags/example_datasets.py
[2024-09-03T15:53:46.646+0000] {processor.py:914} INFO - Processing file /home/airflow/.local/lib/python3.12/site-packages/airflow/example_dags/example_datasets.py for tasks to queue
[2024-09-03T15:53:46.648+0000] {logging_mixin.py:190} INFO - [2024-09-03T15:53:46.648+0000] {dagbag.py:587} INFO - Filling up the DagBag from /home/airflow/.local/lib/python3.12/site-packages/airflow/example_dags/example_datasets.py
[2024-09-03T15:53:46.816+0000] {processor.py:925} INFO - DAG(s) 'dataset_consumes_1_and_2', 'dataset_consumes_unknown_never_scheduled', 'dataset_consumes_1', 'dataset_produces_1', 'dataset_produces_2', 'consume_1_and_2_with_dataset_expressions', 'consume_1_or_both_2_and_3_with_dataset_expressions', 'dataset_consumes_1_never_scheduled', 'consume_1_or_2_with_dataset_expressions', 'conditional_dataset_and_time_based_timetable' retrieved from /home/airflow/.local/lib/python3.12/site-packages/airflow/example_dags/example_datasets.py
[2024-09-03T15:53:46.846+0000] {logging_mixin.py:190} INFO - [2024-09-03T15:53:46.846+0000] {dag.py:3211} INFO - Sync 10 DAGs
[2024-09-03T15:53:46.865+0000] {logging_mixin.py:190} INFO - [2024-09-03T15:53:46.865+0000] {dag.py:4138} INFO - Setting next_dagrun for conditional_dataset_and_time_based_timetable to 2024-08-28 01:00:00+00:00, run_after=2024-08-28 01:00:00+00:00
[2024-09-03T15:53:46.867+0000] {logging_mixin.py:190} INFO - [2024-09-03T15:53:46.867+0000] {dag.py:4138} INFO - Setting next_dagrun for consume_1_and_2_with_dataset_expressions to None, run_after=None
[2024-09-03T15:53:46.868+0000] {logging_mixin.py:190} INFO - [2024-09-03T15:53:46.868+0000] {dag.py:4138} INFO - Setting next_dagrun for consume_1_or_2_with_dataset_expressions to None, run_after=None
[2024-09-03T15:53:46.869+0000] {logging_mixin.py:190} INFO - [2024-09-03T15:53:46.869+0000] {dag.py:4138} INFO - Setting next_dagrun for consume_1_or_both_2_and_3_with_dataset_expressions to None, run_after=None
[2024-09-03T15:53:46.869+0000] {logging_mixin.py:190} INFO - [2024-09-03T15:53:46.869+0000] {dag.py:4138} INFO - Setting next_dagrun for dataset_consumes_1 to None, run_after=None
[2024-09-03T15:53:46.870+0000] {logging_mixin.py:190} INFO - [2024-09-03T15:53:46.870+0000] {dag.py:4138} INFO - Setting next_dagrun for dataset_consumes_1_and_2 to None, run_after=None
[2024-09-03T15:53:46.871+0000] {logging_mixin.py:190} INFO - [2024-09-03T15:53:46.871+0000] {dag.py:4138} INFO - Setting next_dagrun for dataset_consumes_1_never_scheduled to None, run_after=None
[2024-09-03T15:53:46.871+0000] {logging_mixin.py:190} INFO - [2024-09-03T15:53:46.871+0000] {dag.py:4138} INFO - Setting next_dagrun for dataset_consumes_unknown_never_scheduled to None, run_after=None
[2024-09-03T15:53:46.873+0000] {logging_mixin.py:190} INFO - [2024-09-03T15:53:46.872+0000] {dag.py:4138} INFO - Setting next_dagrun for dataset_produces_1 to 2024-09-02 00:00:00+00:00, run_after=2024-09-03 00:00:00+00:00
[2024-09-03T15:53:46.873+0000] {logging_mixin.py:190} INFO - [2024-09-03T15:53:46.873+0000] {dag.py:4138} INFO - Setting next_dagrun for dataset_produces_2 to None, run_after=None
[2024-09-03T15:53:46.921+0000] {processor.py:208} INFO - Processing /home/airflow/.local/lib/python3.12/site-packages/airflow/example_dags/example_datasets.py took 0.281 seconds
[2024-09-03T15:54:17.120+0000] {processor.py:186} INFO - Started process (PID=740) to work on /home/airflow/.local/lib/python3.12/site-packages/airflow/example_dags/example_datasets.py
[2024-09-03T15:54:17.122+0000] {processor.py:914} INFO - Processing file /home/airflow/.local/lib/python3.12/site-packages/airflow/example_dags/example_datasets.py for tasks to queue
[2024-09-03T15:54:17.123+0000] {logging_mixin.py:190} INFO - [2024-09-03T15:54:17.123+0000] {dagbag.py:587} INFO - Filling up the DagBag from /home/airflow/.local/lib/python3.12/site-packages/airflow/example_dags/example_datasets.py
[2024-09-03T15:54:17.231+0000] {processor.py:925} INFO - DAG(s) 'dataset_consumes_1_never_scheduled', 'dataset_consumes_1_and_2', 'consume_1_or_both_2_and_3_with_dataset_expressions', 'dataset_consumes_unknown_never_scheduled', 'dataset_produces_2', 'conditional_dataset_and_time_based_timetable', 'dataset_produces_1', 'consume_1_or_2_with_dataset_expressions', 'consume_1_and_2_with_dataset_expressions', 'dataset_consumes_1' retrieved from /home/airflow/.local/lib/python3.12/site-packages/airflow/example_dags/example_datasets.py
[2024-09-03T15:54:17.266+0000] {logging_mixin.py:190} INFO - [2024-09-03T15:54:17.266+0000] {dag.py:3211} INFO - Sync 10 DAGs
[2024-09-03T15:54:17.288+0000] {logging_mixin.py:190} INFO - [2024-09-03T15:54:17.288+0000] {dag.py:4138} INFO - Setting next_dagrun for conditional_dataset_and_time_based_timetable to 2024-08-28 01:00:00+00:00, run_after=2024-08-28 01:00:00+00:00
[2024-09-03T15:54:17.291+0000] {logging_mixin.py:190} INFO - [2024-09-03T15:54:17.291+0000] {dag.py:4138} INFO - Setting next_dagrun for consume_1_and_2_with_dataset_expressions to None, run_after=None
[2024-09-03T15:54:17.292+0000] {logging_mixin.py:190} INFO - [2024-09-03T15:54:17.292+0000] {dag.py:4138} INFO - Setting next_dagrun for consume_1_or_2_with_dataset_expressions to None, run_after=None
[2024-09-03T15:54:17.293+0000] {logging_mixin.py:190} INFO - [2024-09-03T15:54:17.293+0000] {dag.py:4138} INFO - Setting next_dagrun for consume_1_or_both_2_and_3_with_dataset_expressions to None, run_after=None
[2024-09-03T15:54:17.293+0000] {logging_mixin.py:190} INFO - [2024-09-03T15:54:17.293+0000] {dag.py:4138} INFO - Setting next_dagrun for dataset_consumes_1 to None, run_after=None
[2024-09-03T15:54:17.294+0000] {logging_mixin.py:190} INFO - [2024-09-03T15:54:17.294+0000] {dag.py:4138} INFO - Setting next_dagrun for dataset_consumes_1_and_2 to None, run_after=None
[2024-09-03T15:54:17.295+0000] {logging_mixin.py:190} INFO - [2024-09-03T15:54:17.295+0000] {dag.py:4138} INFO - Setting next_dagrun for dataset_consumes_1_never_scheduled to None, run_after=None
[2024-09-03T15:54:17.296+0000] {logging_mixin.py:190} INFO - [2024-09-03T15:54:17.296+0000] {dag.py:4138} INFO - Setting next_dagrun for dataset_consumes_unknown_never_scheduled to None, run_after=None
[2024-09-03T15:54:17.297+0000] {logging_mixin.py:190} INFO - [2024-09-03T15:54:17.297+0000] {dag.py:4138} INFO - Setting next_dagrun for dataset_produces_1 to 2024-09-02 00:00:00+00:00, run_after=2024-09-03 00:00:00+00:00
[2024-09-03T15:54:17.298+0000] {logging_mixin.py:190} INFO - [2024-09-03T15:54:17.298+0000] {dag.py:4138} INFO - Setting next_dagrun for dataset_produces_2 to None, run_after=None
[2024-09-03T15:54:17.320+0000] {processor.py:208} INFO - Processing /home/airflow/.local/lib/python3.12/site-packages/airflow/example_dags/example_datasets.py took 0.204 seconds
[2024-09-03T15:54:47.421+0000] {processor.py:186} INFO - Started process (PID=800) to work on /home/airflow/.local/lib/python3.12/site-packages/airflow/example_dags/example_datasets.py
[2024-09-03T15:54:47.424+0000] {processor.py:914} INFO - Processing file /home/airflow/.local/lib/python3.12/site-packages/airflow/example_dags/example_datasets.py for tasks to queue
[2024-09-03T15:54:47.426+0000] {logging_mixin.py:190} INFO - [2024-09-03T15:54:47.426+0000] {dagbag.py:587} INFO - Filling up the DagBag from /home/airflow/.local/lib/python3.12/site-packages/airflow/example_dags/example_datasets.py
[2024-09-03T15:54:47.521+0000] {processor.py:925} INFO - DAG(s) 'consume_1_or_2_with_dataset_expressions', 'dataset_consumes_1_and_2', 'consume_1_or_both_2_and_3_with_dataset_expressions', 'consume_1_and_2_with_dataset_expressions', 'dataset_consumes_1', 'dataset_produces_1', 'dataset_consumes_1_never_scheduled', 'dataset_consumes_unknown_never_scheduled', 'conditional_dataset_and_time_based_timetable', 'dataset_produces_2' retrieved from /home/airflow/.local/lib/python3.12/site-packages/airflow/example_dags/example_datasets.py
[2024-09-03T15:54:47.575+0000] {logging_mixin.py:190} INFO - [2024-09-03T15:54:47.575+0000] {dag.py:3211} INFO - Sync 10 DAGs
[2024-09-03T15:54:47.591+0000] {logging_mixin.py:190} INFO - [2024-09-03T15:54:47.590+0000] {dag.py:4138} INFO - Setting next_dagrun for conditional_dataset_and_time_based_timetable to 2024-08-28 01:00:00+00:00, run_after=2024-08-28 01:00:00+00:00
[2024-09-03T15:54:47.593+0000] {logging_mixin.py:190} INFO - [2024-09-03T15:54:47.592+0000] {dag.py:4138} INFO - Setting next_dagrun for consume_1_and_2_with_dataset_expressions to None, run_after=None
[2024-09-03T15:54:47.593+0000] {logging_mixin.py:190} INFO - [2024-09-03T15:54:47.593+0000] {dag.py:4138} INFO - Setting next_dagrun for consume_1_or_2_with_dataset_expressions to None, run_after=None
[2024-09-03T15:54:47.594+0000] {logging_mixin.py:190} INFO - [2024-09-03T15:54:47.594+0000] {dag.py:4138} INFO - Setting next_dagrun for consume_1_or_both_2_and_3_with_dataset_expressions to None, run_after=None
[2024-09-03T15:54:47.595+0000] {logging_mixin.py:190} INFO - [2024-09-03T15:54:47.595+0000] {dag.py:4138} INFO - Setting next_dagrun for dataset_consumes_1 to None, run_after=None
[2024-09-03T15:54:47.595+0000] {logging_mixin.py:190} INFO - [2024-09-03T15:54:47.595+0000] {dag.py:4138} INFO - Setting next_dagrun for dataset_consumes_1_and_2 to None, run_after=None
[2024-09-03T15:54:47.596+0000] {logging_mixin.py:190} INFO - [2024-09-03T15:54:47.596+0000] {dag.py:4138} INFO - Setting next_dagrun for dataset_consumes_1_never_scheduled to None, run_after=None
[2024-09-03T15:54:47.596+0000] {logging_mixin.py:190} INFO - [2024-09-03T15:54:47.596+0000] {dag.py:4138} INFO - Setting next_dagrun for dataset_consumes_unknown_never_scheduled to None, run_after=None
[2024-09-03T15:54:47.598+0000] {logging_mixin.py:190} INFO - [2024-09-03T15:54:47.598+0000] {dag.py:4138} INFO - Setting next_dagrun for dataset_produces_1 to 2024-09-02 00:00:00+00:00, run_after=2024-09-03 00:00:00+00:00
[2024-09-03T15:54:47.598+0000] {logging_mixin.py:190} INFO - [2024-09-03T15:54:47.598+0000] {dag.py:4138} INFO - Setting next_dagrun for dataset_produces_2 to None, run_after=None
[2024-09-03T15:54:47.627+0000] {processor.py:208} INFO - Processing /home/airflow/.local/lib/python3.12/site-packages/airflow/example_dags/example_datasets.py took 0.210 seconds
