[2024-09-03T15:48:35.367+0000] {processor.py:186} INFO - Started process (PID=31) to work on /home/airflow/.local/lib/python3.12/site-packages/airflow/example_dags/example_dataset_alias_with_no_taskflow.py
[2024-09-03T15:48:35.368+0000] {processor.py:914} INFO - Processing file /home/airflow/.local/lib/python3.12/site-packages/airflow/example_dags/example_dataset_alias_with_no_taskflow.py for tasks to queue
[2024-09-03T15:48:35.371+0000] {logging_mixin.py:190} INFO - [2024-09-03T15:48:35.371+0000] {dagbag.py:587} INFO - Filling up the DagBag from /home/airflow/.local/lib/python3.12/site-packages/airflow/example_dags/example_dataset_alias_with_no_taskflow.py
[2024-09-03T15:48:36.165+0000] {processor.py:925} INFO - DAG(s) 'dataset_alias_example_alias_producer_with_no_taskflow', 'dataset_s3_bucket_consumer_with_no_taskflow', 'dataset_s3_bucket_producer_with_no_taskflow', 'dataset_alias_example_alias_consumer_with_no_taskflow' retrieved from /home/airflow/.local/lib/python3.12/site-packages/airflow/example_dags/example_dataset_alias_with_no_taskflow.py
[2024-09-03T15:48:36.447+0000] {logging_mixin.py:190} INFO - [2024-09-03T15:48:36.446+0000] {override.py:1858} INFO - Created Permission View: can edit on DAG:dataset_alias_example_alias_producer_with_no_taskflow
[2024-09-03T15:48:36.463+0000] {logging_mixin.py:190} INFO - [2024-09-03T15:48:36.463+0000] {override.py:1858} INFO - Created Permission View: can read on DAG:dataset_alias_example_alias_producer_with_no_taskflow
[2024-09-03T15:48:36.475+0000] {logging_mixin.py:190} INFO - [2024-09-03T15:48:36.474+0000] {override.py:1858} INFO - Created Permission View: can delete on DAG:dataset_alias_example_alias_producer_with_no_taskflow
[2024-09-03T15:48:36.488+0000] {logging_mixin.py:190} INFO - [2024-09-03T15:48:36.488+0000] {override.py:1858} INFO - Created Permission View: can edit on DAG:dataset_s3_bucket_consumer_with_no_taskflow
[2024-09-03T15:48:36.494+0000] {logging_mixin.py:190} INFO - [2024-09-03T15:48:36.494+0000] {override.py:1858} INFO - Created Permission View: can read on DAG:dataset_s3_bucket_consumer_with_no_taskflow
[2024-09-03T15:48:36.498+0000] {logging_mixin.py:190} INFO - [2024-09-03T15:48:36.498+0000] {override.py:1858} INFO - Created Permission View: can delete on DAG:dataset_s3_bucket_consumer_with_no_taskflow
[2024-09-03T15:48:36.518+0000] {logging_mixin.py:190} INFO - [2024-09-03T15:48:36.517+0000] {override.py:1858} INFO - Created Permission View: can edit on DAG:dataset_s3_bucket_producer_with_no_taskflow
[2024-09-03T15:48:36.525+0000] {logging_mixin.py:190} INFO - [2024-09-03T15:48:36.524+0000] {override.py:1858} INFO - Created Permission View: can read on DAG:dataset_s3_bucket_producer_with_no_taskflow
[2024-09-03T15:48:36.534+0000] {logging_mixin.py:190} INFO - [2024-09-03T15:48:36.534+0000] {override.py:1858} INFO - Created Permission View: can delete on DAG:dataset_s3_bucket_producer_with_no_taskflow
[2024-09-03T15:48:36.548+0000] {logging_mixin.py:190} INFO - [2024-09-03T15:48:36.548+0000] {override.py:1858} INFO - Created Permission View: can edit on DAG:dataset_alias_example_alias_consumer_with_no_taskflow
[2024-09-03T15:48:36.553+0000] {logging_mixin.py:190} INFO - [2024-09-03T15:48:36.552+0000] {override.py:1858} INFO - Created Permission View: can read on DAG:dataset_alias_example_alias_consumer_with_no_taskflow
[2024-09-03T15:48:36.557+0000] {logging_mixin.py:190} INFO - [2024-09-03T15:48:36.557+0000] {override.py:1858} INFO - Created Permission View: can delete on DAG:dataset_alias_example_alias_consumer_with_no_taskflow
[2024-09-03T15:48:36.558+0000] {logging_mixin.py:190} INFO - [2024-09-03T15:48:36.558+0000] {dag.py:3211} INFO - Sync 4 DAGs
[2024-09-03T15:48:36.581+0000] {logging_mixin.py:190} INFO - [2024-09-03T15:48:36.581+0000] {dag.py:3234} INFO - Creating ORM DAG for dataset_s3_bucket_producer_with_no_taskflow
[2024-09-03T15:48:36.582+0000] {logging_mixin.py:190} INFO - [2024-09-03T15:48:36.582+0000] {dag.py:3234} INFO - Creating ORM DAG for dataset_s3_bucket_consumer_with_no_taskflow
[2024-09-03T15:48:36.583+0000] {logging_mixin.py:190} INFO - [2024-09-03T15:48:36.583+0000] {dag.py:3234} INFO - Creating ORM DAG for dataset_alias_example_alias_consumer_with_no_taskflow
[2024-09-03T15:48:36.584+0000] {logging_mixin.py:190} INFO - [2024-09-03T15:48:36.583+0000] {dag.py:3234} INFO - Creating ORM DAG for dataset_alias_example_alias_producer_with_no_taskflow
[2024-09-03T15:48:36.591+0000] {logging_mixin.py:190} INFO - [2024-09-03T15:48:36.591+0000] {dag.py:4138} INFO - Setting next_dagrun for dataset_alias_example_alias_consumer_with_no_taskflow to None, run_after=None
[2024-09-03T15:48:36.592+0000] {logging_mixin.py:190} INFO - [2024-09-03T15:48:36.592+0000] {dag.py:4138} INFO - Setting next_dagrun for dataset_alias_example_alias_producer_with_no_taskflow to None, run_after=None
[2024-09-03T15:48:36.593+0000] {logging_mixin.py:190} INFO - [2024-09-03T15:48:36.593+0000] {dag.py:4138} INFO - Setting next_dagrun for dataset_s3_bucket_consumer_with_no_taskflow to None, run_after=None
[2024-09-03T15:48:36.593+0000] {logging_mixin.py:190} INFO - [2024-09-03T15:48:36.593+0000] {dag.py:4138} INFO - Setting next_dagrun for dataset_s3_bucket_producer_with_no_taskflow to None, run_after=None
[2024-09-03T15:48:36.643+0000] {processor.py:208} INFO - Processing /home/airflow/.local/lib/python3.12/site-packages/airflow/example_dags/example_dataset_alias_with_no_taskflow.py took 1.283 seconds
[2024-09-03T15:49:06.725+0000] {processor.py:186} INFO - Started process (PID=93) to work on /home/airflow/.local/lib/python3.12/site-packages/airflow/example_dags/example_dataset_alias_with_no_taskflow.py
[2024-09-03T15:49:06.727+0000] {processor.py:914} INFO - Processing file /home/airflow/.local/lib/python3.12/site-packages/airflow/example_dags/example_dataset_alias_with_no_taskflow.py for tasks to queue
[2024-09-03T15:49:06.734+0000] {logging_mixin.py:190} INFO - [2024-09-03T15:49:06.733+0000] {dagbag.py:587} INFO - Filling up the DagBag from /home/airflow/.local/lib/python3.12/site-packages/airflow/example_dags/example_dataset_alias_with_no_taskflow.py
[2024-09-03T15:49:06.910+0000] {processor.py:925} INFO - DAG(s) 'dataset_alias_example_alias_producer_with_no_taskflow', 'dataset_s3_bucket_producer_with_no_taskflow', 'dataset_s3_bucket_consumer_with_no_taskflow', 'dataset_alias_example_alias_consumer_with_no_taskflow' retrieved from /home/airflow/.local/lib/python3.12/site-packages/airflow/example_dags/example_dataset_alias_with_no_taskflow.py
[2024-09-03T15:49:06.929+0000] {logging_mixin.py:190} INFO - [2024-09-03T15:49:06.929+0000] {dag.py:3211} INFO - Sync 4 DAGs
[2024-09-03T15:49:06.950+0000] {logging_mixin.py:190} INFO - [2024-09-03T15:49:06.950+0000] {dag.py:4138} INFO - Setting next_dagrun for dataset_alias_example_alias_consumer_with_no_taskflow to None, run_after=None
[2024-09-03T15:49:06.951+0000] {logging_mixin.py:190} INFO - [2024-09-03T15:49:06.951+0000] {dag.py:4138} INFO - Setting next_dagrun for dataset_alias_example_alias_producer_with_no_taskflow to None, run_after=None
[2024-09-03T15:49:06.952+0000] {logging_mixin.py:190} INFO - [2024-09-03T15:49:06.952+0000] {dag.py:4138} INFO - Setting next_dagrun for dataset_s3_bucket_consumer_with_no_taskflow to None, run_after=None
[2024-09-03T15:49:06.952+0000] {logging_mixin.py:190} INFO - [2024-09-03T15:49:06.952+0000] {dag.py:4138} INFO - Setting next_dagrun for dataset_s3_bucket_producer_with_no_taskflow to None, run_after=None
[2024-09-03T15:49:06.966+0000] {processor.py:208} INFO - Processing /home/airflow/.local/lib/python3.12/site-packages/airflow/example_dags/example_dataset_alias_with_no_taskflow.py took 0.252 seconds
[2024-09-03T15:49:37.554+0000] {processor.py:186} INFO - Started process (PID=156) to work on /home/airflow/.local/lib/python3.12/site-packages/airflow/example_dags/example_dataset_alias_with_no_taskflow.py
[2024-09-03T15:49:37.555+0000] {processor.py:914} INFO - Processing file /home/airflow/.local/lib/python3.12/site-packages/airflow/example_dags/example_dataset_alias_with_no_taskflow.py for tasks to queue
[2024-09-03T15:49:37.558+0000] {logging_mixin.py:190} INFO - [2024-09-03T15:49:37.557+0000] {dagbag.py:587} INFO - Filling up the DagBag from /home/airflow/.local/lib/python3.12/site-packages/airflow/example_dags/example_dataset_alias_with_no_taskflow.py
[2024-09-03T15:49:37.743+0000] {processor.py:925} INFO - DAG(s) 'dataset_alias_example_alias_consumer_with_no_taskflow', 'dataset_s3_bucket_consumer_with_no_taskflow', 'dataset_alias_example_alias_producer_with_no_taskflow', 'dataset_s3_bucket_producer_with_no_taskflow' retrieved from /home/airflow/.local/lib/python3.12/site-packages/airflow/example_dags/example_dataset_alias_with_no_taskflow.py
[2024-09-03T15:49:37.758+0000] {logging_mixin.py:190} INFO - [2024-09-03T15:49:37.758+0000] {dag.py:3211} INFO - Sync 4 DAGs
[2024-09-03T15:49:37.773+0000] {logging_mixin.py:190} INFO - [2024-09-03T15:49:37.773+0000] {dag.py:4138} INFO - Setting next_dagrun for dataset_alias_example_alias_consumer_with_no_taskflow to None, run_after=None
[2024-09-03T15:49:37.774+0000] {logging_mixin.py:190} INFO - [2024-09-03T15:49:37.774+0000] {dag.py:4138} INFO - Setting next_dagrun for dataset_alias_example_alias_producer_with_no_taskflow to None, run_after=None
[2024-09-03T15:49:37.775+0000] {logging_mixin.py:190} INFO - [2024-09-03T15:49:37.775+0000] {dag.py:4138} INFO - Setting next_dagrun for dataset_s3_bucket_consumer_with_no_taskflow to None, run_after=None
[2024-09-03T15:49:37.776+0000] {logging_mixin.py:190} INFO - [2024-09-03T15:49:37.776+0000] {dag.py:4138} INFO - Setting next_dagrun for dataset_s3_bucket_producer_with_no_taskflow to None, run_after=None
[2024-09-03T15:49:37.790+0000] {processor.py:208} INFO - Processing /home/airflow/.local/lib/python3.12/site-packages/airflow/example_dags/example_dataset_alias_with_no_taskflow.py took 0.246 seconds
[2024-09-03T15:50:08.589+0000] {processor.py:186} INFO - Started process (PID=218) to work on /home/airflow/.local/lib/python3.12/site-packages/airflow/example_dags/example_dataset_alias_with_no_taskflow.py
[2024-09-03T15:50:08.590+0000] {processor.py:914} INFO - Processing file /home/airflow/.local/lib/python3.12/site-packages/airflow/example_dags/example_dataset_alias_with_no_taskflow.py for tasks to queue
[2024-09-03T15:50:08.592+0000] {logging_mixin.py:190} INFO - [2024-09-03T15:50:08.592+0000] {dagbag.py:587} INFO - Filling up the DagBag from /home/airflow/.local/lib/python3.12/site-packages/airflow/example_dags/example_dataset_alias_with_no_taskflow.py
[2024-09-03T15:50:08.755+0000] {processor.py:925} INFO - DAG(s) 'dataset_alias_example_alias_consumer_with_no_taskflow', 'dataset_alias_example_alias_producer_with_no_taskflow', 'dataset_s3_bucket_producer_with_no_taskflow', 'dataset_s3_bucket_consumer_with_no_taskflow' retrieved from /home/airflow/.local/lib/python3.12/site-packages/airflow/example_dags/example_dataset_alias_with_no_taskflow.py
[2024-09-03T15:50:08.773+0000] {logging_mixin.py:190} INFO - [2024-09-03T15:50:08.773+0000] {dag.py:3211} INFO - Sync 4 DAGs
[2024-09-03T15:50:08.793+0000] {logging_mixin.py:190} INFO - [2024-09-03T15:50:08.793+0000] {dag.py:4138} INFO - Setting next_dagrun for dataset_alias_example_alias_consumer_with_no_taskflow to None, run_after=None
[2024-09-03T15:50:08.796+0000] {logging_mixin.py:190} INFO - [2024-09-03T15:50:08.796+0000] {dag.py:4138} INFO - Setting next_dagrun for dataset_alias_example_alias_producer_with_no_taskflow to None, run_after=None
[2024-09-03T15:50:08.797+0000] {logging_mixin.py:190} INFO - [2024-09-03T15:50:08.797+0000] {dag.py:4138} INFO - Setting next_dagrun for dataset_s3_bucket_consumer_with_no_taskflow to None, run_after=None
[2024-09-03T15:50:08.798+0000] {logging_mixin.py:190} INFO - [2024-09-03T15:50:08.798+0000] {dag.py:4138} INFO - Setting next_dagrun for dataset_s3_bucket_producer_with_no_taskflow to None, run_after=None
[2024-09-03T15:50:08.816+0000] {processor.py:208} INFO - Processing /home/airflow/.local/lib/python3.12/site-packages/airflow/example_dags/example_dataset_alias_with_no_taskflow.py took 0.234 seconds
[2024-09-03T15:50:38.996+0000] {processor.py:186} INFO - Started process (PID=280) to work on /home/airflow/.local/lib/python3.12/site-packages/airflow/example_dags/example_dataset_alias_with_no_taskflow.py
[2024-09-03T15:50:38.998+0000] {processor.py:914} INFO - Processing file /home/airflow/.local/lib/python3.12/site-packages/airflow/example_dags/example_dataset_alias_with_no_taskflow.py for tasks to queue
[2024-09-03T15:50:39.004+0000] {logging_mixin.py:190} INFO - [2024-09-03T15:50:39.002+0000] {dagbag.py:587} INFO - Filling up the DagBag from /home/airflow/.local/lib/python3.12/site-packages/airflow/example_dags/example_dataset_alias_with_no_taskflow.py
[2024-09-03T15:50:39.157+0000] {processor.py:925} INFO - DAG(s) 'dataset_alias_example_alias_consumer_with_no_taskflow', 'dataset_s3_bucket_consumer_with_no_taskflow', 'dataset_alias_example_alias_producer_with_no_taskflow', 'dataset_s3_bucket_producer_with_no_taskflow' retrieved from /home/airflow/.local/lib/python3.12/site-packages/airflow/example_dags/example_dataset_alias_with_no_taskflow.py
[2024-09-03T15:50:39.169+0000] {logging_mixin.py:190} INFO - [2024-09-03T15:50:39.169+0000] {dag.py:3211} INFO - Sync 4 DAGs
[2024-09-03T15:50:39.191+0000] {logging_mixin.py:190} INFO - [2024-09-03T15:50:39.191+0000] {dag.py:4138} INFO - Setting next_dagrun for dataset_alias_example_alias_consumer_with_no_taskflow to None, run_after=None
[2024-09-03T15:50:39.193+0000] {logging_mixin.py:190} INFO - [2024-09-03T15:50:39.193+0000] {dag.py:4138} INFO - Setting next_dagrun for dataset_alias_example_alias_producer_with_no_taskflow to None, run_after=None
[2024-09-03T15:50:39.194+0000] {logging_mixin.py:190} INFO - [2024-09-03T15:50:39.194+0000] {dag.py:4138} INFO - Setting next_dagrun for dataset_s3_bucket_consumer_with_no_taskflow to None, run_after=None
[2024-09-03T15:50:39.195+0000] {logging_mixin.py:190} INFO - [2024-09-03T15:50:39.194+0000] {dag.py:4138} INFO - Setting next_dagrun for dataset_s3_bucket_producer_with_no_taskflow to None, run_after=None
[2024-09-03T15:50:39.208+0000] {processor.py:208} INFO - Processing /home/airflow/.local/lib/python3.12/site-packages/airflow/example_dags/example_dataset_alias_with_no_taskflow.py took 0.220 seconds
[2024-09-03T15:51:09.991+0000] {processor.py:186} INFO - Started process (PID=343) to work on /home/airflow/.local/lib/python3.12/site-packages/airflow/example_dags/example_dataset_alias_with_no_taskflow.py
[2024-09-03T15:51:09.992+0000] {processor.py:914} INFO - Processing file /home/airflow/.local/lib/python3.12/site-packages/airflow/example_dags/example_dataset_alias_with_no_taskflow.py for tasks to queue
[2024-09-03T15:51:09.996+0000] {logging_mixin.py:190} INFO - [2024-09-03T15:51:09.995+0000] {dagbag.py:587} INFO - Filling up the DagBag from /home/airflow/.local/lib/python3.12/site-packages/airflow/example_dags/example_dataset_alias_with_no_taskflow.py
[2024-09-03T15:51:10.160+0000] {processor.py:925} INFO - DAG(s) 'dataset_alias_example_alias_producer_with_no_taskflow', 'dataset_s3_bucket_consumer_with_no_taskflow', 'dataset_s3_bucket_producer_with_no_taskflow', 'dataset_alias_example_alias_consumer_with_no_taskflow' retrieved from /home/airflow/.local/lib/python3.12/site-packages/airflow/example_dags/example_dataset_alias_with_no_taskflow.py
[2024-09-03T15:51:10.173+0000] {logging_mixin.py:190} INFO - [2024-09-03T15:51:10.173+0000] {dag.py:3211} INFO - Sync 4 DAGs
[2024-09-03T15:51:10.187+0000] {logging_mixin.py:190} INFO - [2024-09-03T15:51:10.186+0000] {dag.py:4138} INFO - Setting next_dagrun for dataset_alias_example_alias_consumer_with_no_taskflow to None, run_after=None
[2024-09-03T15:51:10.188+0000] {logging_mixin.py:190} INFO - [2024-09-03T15:51:10.188+0000] {dag.py:4138} INFO - Setting next_dagrun for dataset_alias_example_alias_producer_with_no_taskflow to None, run_after=None
[2024-09-03T15:51:10.189+0000] {logging_mixin.py:190} INFO - [2024-09-03T15:51:10.188+0000] {dag.py:4138} INFO - Setting next_dagrun for dataset_s3_bucket_consumer_with_no_taskflow to None, run_after=None
[2024-09-03T15:51:10.189+0000] {logging_mixin.py:190} INFO - [2024-09-03T15:51:10.189+0000] {dag.py:4138} INFO - Setting next_dagrun for dataset_s3_bucket_producer_with_no_taskflow to None, run_after=None
[2024-09-03T15:51:10.200+0000] {processor.py:208} INFO - Processing /home/airflow/.local/lib/python3.12/site-packages/airflow/example_dags/example_dataset_alias_with_no_taskflow.py took 0.215 seconds
[2024-09-03T15:51:41.004+0000] {processor.py:186} INFO - Started process (PID=405) to work on /home/airflow/.local/lib/python3.12/site-packages/airflow/example_dags/example_dataset_alias_with_no_taskflow.py
[2024-09-03T15:51:41.005+0000] {processor.py:914} INFO - Processing file /home/airflow/.local/lib/python3.12/site-packages/airflow/example_dags/example_dataset_alias_with_no_taskflow.py for tasks to queue
[2024-09-03T15:51:41.008+0000] {logging_mixin.py:190} INFO - [2024-09-03T15:51:41.008+0000] {dagbag.py:587} INFO - Filling up the DagBag from /home/airflow/.local/lib/python3.12/site-packages/airflow/example_dags/example_dataset_alias_with_no_taskflow.py
[2024-09-03T15:51:41.149+0000] {processor.py:925} INFO - DAG(s) 'dataset_alias_example_alias_consumer_with_no_taskflow', 'dataset_alias_example_alias_producer_with_no_taskflow', 'dataset_s3_bucket_consumer_with_no_taskflow', 'dataset_s3_bucket_producer_with_no_taskflow' retrieved from /home/airflow/.local/lib/python3.12/site-packages/airflow/example_dags/example_dataset_alias_with_no_taskflow.py
[2024-09-03T15:51:41.164+0000] {logging_mixin.py:190} INFO - [2024-09-03T15:51:41.164+0000] {dag.py:3211} INFO - Sync 4 DAGs
[2024-09-03T15:51:41.186+0000] {logging_mixin.py:190} INFO - [2024-09-03T15:51:41.186+0000] {dag.py:4138} INFO - Setting next_dagrun for dataset_alias_example_alias_consumer_with_no_taskflow to None, run_after=None
[2024-09-03T15:51:41.188+0000] {logging_mixin.py:190} INFO - [2024-09-03T15:51:41.188+0000] {dag.py:4138} INFO - Setting next_dagrun for dataset_alias_example_alias_producer_with_no_taskflow to None, run_after=None
[2024-09-03T15:51:41.189+0000] {logging_mixin.py:190} INFO - [2024-09-03T15:51:41.189+0000] {dag.py:4138} INFO - Setting next_dagrun for dataset_s3_bucket_consumer_with_no_taskflow to None, run_after=None
[2024-09-03T15:51:41.189+0000] {logging_mixin.py:190} INFO - [2024-09-03T15:51:41.189+0000] {dag.py:4138} INFO - Setting next_dagrun for dataset_s3_bucket_producer_with_no_taskflow to None, run_after=None
[2024-09-03T15:51:41.202+0000] {processor.py:208} INFO - Processing /home/airflow/.local/lib/python3.12/site-packages/airflow/example_dags/example_dataset_alias_with_no_taskflow.py took 0.207 seconds
[2024-09-03T15:52:11.317+0000] {processor.py:186} INFO - Started process (PID=467) to work on /home/airflow/.local/lib/python3.12/site-packages/airflow/example_dags/example_dataset_alias_with_no_taskflow.py
[2024-09-03T15:52:11.319+0000] {processor.py:914} INFO - Processing file /home/airflow/.local/lib/python3.12/site-packages/airflow/example_dags/example_dataset_alias_with_no_taskflow.py for tasks to queue
[2024-09-03T15:52:11.321+0000] {logging_mixin.py:190} INFO - [2024-09-03T15:52:11.321+0000] {dagbag.py:587} INFO - Filling up the DagBag from /home/airflow/.local/lib/python3.12/site-packages/airflow/example_dags/example_dataset_alias_with_no_taskflow.py
[2024-09-03T15:52:11.491+0000] {processor.py:925} INFO - DAG(s) 'dataset_s3_bucket_producer_with_no_taskflow', 'dataset_alias_example_alias_consumer_with_no_taskflow', 'dataset_s3_bucket_consumer_with_no_taskflow', 'dataset_alias_example_alias_producer_with_no_taskflow' retrieved from /home/airflow/.local/lib/python3.12/site-packages/airflow/example_dags/example_dataset_alias_with_no_taskflow.py
[2024-09-03T15:52:11.505+0000] {logging_mixin.py:190} INFO - [2024-09-03T15:52:11.505+0000] {dag.py:3211} INFO - Sync 4 DAGs
[2024-09-03T15:52:11.530+0000] {logging_mixin.py:190} INFO - [2024-09-03T15:52:11.530+0000] {dag.py:4138} INFO - Setting next_dagrun for dataset_alias_example_alias_consumer_with_no_taskflow to None, run_after=None
[2024-09-03T15:52:11.532+0000] {logging_mixin.py:190} INFO - [2024-09-03T15:52:11.532+0000] {dag.py:4138} INFO - Setting next_dagrun for dataset_alias_example_alias_producer_with_no_taskflow to None, run_after=None
[2024-09-03T15:52:11.533+0000] {logging_mixin.py:190} INFO - [2024-09-03T15:52:11.532+0000] {dag.py:4138} INFO - Setting next_dagrun for dataset_s3_bucket_consumer_with_no_taskflow to None, run_after=None
[2024-09-03T15:52:11.533+0000] {logging_mixin.py:190} INFO - [2024-09-03T15:52:11.533+0000] {dag.py:4138} INFO - Setting next_dagrun for dataset_s3_bucket_producer_with_no_taskflow to None, run_after=None
[2024-09-03T15:52:11.545+0000] {processor.py:208} INFO - Processing /home/airflow/.local/lib/python3.12/site-packages/airflow/example_dags/example_dataset_alias_with_no_taskflow.py took 0.234 seconds
[2024-09-03T15:52:42.364+0000] {processor.py:186} INFO - Started process (PID=529) to work on /home/airflow/.local/lib/python3.12/site-packages/airflow/example_dags/example_dataset_alias_with_no_taskflow.py
[2024-09-03T15:52:42.365+0000] {processor.py:914} INFO - Processing file /home/airflow/.local/lib/python3.12/site-packages/airflow/example_dags/example_dataset_alias_with_no_taskflow.py for tasks to queue
[2024-09-03T15:52:42.377+0000] {logging_mixin.py:190} INFO - [2024-09-03T15:52:42.377+0000] {dagbag.py:587} INFO - Filling up the DagBag from /home/airflow/.local/lib/python3.12/site-packages/airflow/example_dags/example_dataset_alias_with_no_taskflow.py
[2024-09-03T15:52:42.501+0000] {processor.py:925} INFO - DAG(s) 'dataset_alias_example_alias_consumer_with_no_taskflow', 'dataset_s3_bucket_producer_with_no_taskflow', 'dataset_s3_bucket_consumer_with_no_taskflow', 'dataset_alias_example_alias_producer_with_no_taskflow' retrieved from /home/airflow/.local/lib/python3.12/site-packages/airflow/example_dags/example_dataset_alias_with_no_taskflow.py
[2024-09-03T15:52:42.513+0000] {logging_mixin.py:190} INFO - [2024-09-03T15:52:42.513+0000] {dag.py:3211} INFO - Sync 4 DAGs
[2024-09-03T15:52:42.533+0000] {logging_mixin.py:190} INFO - [2024-09-03T15:52:42.533+0000] {dag.py:4138} INFO - Setting next_dagrun for dataset_alias_example_alias_consumer_with_no_taskflow to None, run_after=None
[2024-09-03T15:52:42.534+0000] {logging_mixin.py:190} INFO - [2024-09-03T15:52:42.534+0000] {dag.py:4138} INFO - Setting next_dagrun for dataset_alias_example_alias_producer_with_no_taskflow to None, run_after=None
[2024-09-03T15:52:42.535+0000] {logging_mixin.py:190} INFO - [2024-09-03T15:52:42.535+0000] {dag.py:4138} INFO - Setting next_dagrun for dataset_s3_bucket_consumer_with_no_taskflow to None, run_after=None
[2024-09-03T15:52:42.536+0000] {logging_mixin.py:190} INFO - [2024-09-03T15:52:42.536+0000] {dag.py:4138} INFO - Setting next_dagrun for dataset_s3_bucket_producer_with_no_taskflow to None, run_after=None
[2024-09-03T15:52:42.549+0000] {processor.py:208} INFO - Processing /home/airflow/.local/lib/python3.12/site-packages/airflow/example_dags/example_dataset_alias_with_no_taskflow.py took 0.190 seconds
[2024-09-03T15:53:13.315+0000] {processor.py:186} INFO - Started process (PID=590) to work on /home/airflow/.local/lib/python3.12/site-packages/airflow/example_dags/example_dataset_alias_with_no_taskflow.py
[2024-09-03T15:53:13.317+0000] {processor.py:914} INFO - Processing file /home/airflow/.local/lib/python3.12/site-packages/airflow/example_dags/example_dataset_alias_with_no_taskflow.py for tasks to queue
[2024-09-03T15:53:13.326+0000] {logging_mixin.py:190} INFO - [2024-09-03T15:53:13.325+0000] {dagbag.py:587} INFO - Filling up the DagBag from /home/airflow/.local/lib/python3.12/site-packages/airflow/example_dags/example_dataset_alias_with_no_taskflow.py
[2024-09-03T15:53:13.495+0000] {processor.py:925} INFO - DAG(s) 'dataset_alias_example_alias_producer_with_no_taskflow', 'dataset_s3_bucket_producer_with_no_taskflow', 'dataset_alias_example_alias_consumer_with_no_taskflow', 'dataset_s3_bucket_consumer_with_no_taskflow' retrieved from /home/airflow/.local/lib/python3.12/site-packages/airflow/example_dags/example_dataset_alias_with_no_taskflow.py
[2024-09-03T15:53:13.513+0000] {logging_mixin.py:190} INFO - [2024-09-03T15:53:13.512+0000] {dag.py:3211} INFO - Sync 4 DAGs
[2024-09-03T15:53:13.529+0000] {logging_mixin.py:190} INFO - [2024-09-03T15:53:13.528+0000] {dag.py:4138} INFO - Setting next_dagrun for dataset_alias_example_alias_consumer_with_no_taskflow to None, run_after=None
[2024-09-03T15:53:13.530+0000] {logging_mixin.py:190} INFO - [2024-09-03T15:53:13.530+0000] {dag.py:4138} INFO - Setting next_dagrun for dataset_alias_example_alias_producer_with_no_taskflow to None, run_after=None
[2024-09-03T15:53:13.531+0000] {logging_mixin.py:190} INFO - [2024-09-03T15:53:13.531+0000] {dag.py:4138} INFO - Setting next_dagrun for dataset_s3_bucket_consumer_with_no_taskflow to None, run_after=None
[2024-09-03T15:53:13.531+0000] {logging_mixin.py:190} INFO - [2024-09-03T15:53:13.531+0000] {dag.py:4138} INFO - Setting next_dagrun for dataset_s3_bucket_producer_with_no_taskflow to None, run_after=None
[2024-09-03T15:53:13.543+0000] {processor.py:208} INFO - Processing /home/airflow/.local/lib/python3.12/site-packages/airflow/example_dags/example_dataset_alias_with_no_taskflow.py took 0.236 seconds
[2024-09-03T15:53:43.647+0000] {processor.py:186} INFO - Started process (PID=652) to work on /home/airflow/.local/lib/python3.12/site-packages/airflow/example_dags/example_dataset_alias_with_no_taskflow.py
[2024-09-03T15:53:43.648+0000] {processor.py:914} INFO - Processing file /home/airflow/.local/lib/python3.12/site-packages/airflow/example_dags/example_dataset_alias_with_no_taskflow.py for tasks to queue
[2024-09-03T15:53:43.650+0000] {logging_mixin.py:190} INFO - [2024-09-03T15:53:43.649+0000] {dagbag.py:587} INFO - Filling up the DagBag from /home/airflow/.local/lib/python3.12/site-packages/airflow/example_dags/example_dataset_alias_with_no_taskflow.py
[2024-09-03T15:53:43.807+0000] {processor.py:925} INFO - DAG(s) 'dataset_alias_example_alias_consumer_with_no_taskflow', 'dataset_alias_example_alias_producer_with_no_taskflow', 'dataset_s3_bucket_producer_with_no_taskflow', 'dataset_s3_bucket_consumer_with_no_taskflow' retrieved from /home/airflow/.local/lib/python3.12/site-packages/airflow/example_dags/example_dataset_alias_with_no_taskflow.py
[2024-09-03T15:53:43.821+0000] {logging_mixin.py:190} INFO - [2024-09-03T15:53:43.820+0000] {dag.py:3211} INFO - Sync 4 DAGs
[2024-09-03T15:53:43.834+0000] {logging_mixin.py:190} INFO - [2024-09-03T15:53:43.833+0000] {dag.py:4138} INFO - Setting next_dagrun for dataset_alias_example_alias_consumer_with_no_taskflow to None, run_after=None
[2024-09-03T15:53:43.835+0000] {logging_mixin.py:190} INFO - [2024-09-03T15:53:43.835+0000] {dag.py:4138} INFO - Setting next_dagrun for dataset_alias_example_alias_producer_with_no_taskflow to None, run_after=None
[2024-09-03T15:53:43.836+0000] {logging_mixin.py:190} INFO - [2024-09-03T15:53:43.835+0000] {dag.py:4138} INFO - Setting next_dagrun for dataset_s3_bucket_consumer_with_no_taskflow to None, run_after=None
[2024-09-03T15:53:43.836+0000] {logging_mixin.py:190} INFO - [2024-09-03T15:53:43.836+0000] {dag.py:4138} INFO - Setting next_dagrun for dataset_s3_bucket_producer_with_no_taskflow to None, run_after=None
[2024-09-03T15:53:43.851+0000] {processor.py:208} INFO - Processing /home/airflow/.local/lib/python3.12/site-packages/airflow/example_dags/example_dataset_alias_with_no_taskflow.py took 0.209 seconds
[2024-09-03T15:54:14.750+0000] {processor.py:186} INFO - Started process (PID=714) to work on /home/airflow/.local/lib/python3.12/site-packages/airflow/example_dags/example_dataset_alias_with_no_taskflow.py
[2024-09-03T15:54:14.752+0000] {processor.py:914} INFO - Processing file /home/airflow/.local/lib/python3.12/site-packages/airflow/example_dags/example_dataset_alias_with_no_taskflow.py for tasks to queue
[2024-09-03T15:54:14.754+0000] {logging_mixin.py:190} INFO - [2024-09-03T15:54:14.754+0000] {dagbag.py:587} INFO - Filling up the DagBag from /home/airflow/.local/lib/python3.12/site-packages/airflow/example_dags/example_dataset_alias_with_no_taskflow.py
[2024-09-03T15:54:14.907+0000] {processor.py:925} INFO - DAG(s) 'dataset_alias_example_alias_producer_with_no_taskflow', 'dataset_s3_bucket_consumer_with_no_taskflow', 'dataset_s3_bucket_producer_with_no_taskflow', 'dataset_alias_example_alias_consumer_with_no_taskflow' retrieved from /home/airflow/.local/lib/python3.12/site-packages/airflow/example_dags/example_dataset_alias_with_no_taskflow.py
[2024-09-03T15:54:14.923+0000] {logging_mixin.py:190} INFO - [2024-09-03T15:54:14.923+0000] {dag.py:3211} INFO - Sync 4 DAGs
[2024-09-03T15:54:14.938+0000] {logging_mixin.py:190} INFO - [2024-09-03T15:54:14.938+0000] {dag.py:4138} INFO - Setting next_dagrun for dataset_alias_example_alias_consumer_with_no_taskflow to None, run_after=None
[2024-09-03T15:54:14.940+0000] {logging_mixin.py:190} INFO - [2024-09-03T15:54:14.940+0000] {dag.py:4138} INFO - Setting next_dagrun for dataset_alias_example_alias_producer_with_no_taskflow to None, run_after=None
[2024-09-03T15:54:14.941+0000] {logging_mixin.py:190} INFO - [2024-09-03T15:54:14.941+0000] {dag.py:4138} INFO - Setting next_dagrun for dataset_s3_bucket_consumer_with_no_taskflow to None, run_after=None
[2024-09-03T15:54:14.942+0000] {logging_mixin.py:190} INFO - [2024-09-03T15:54:14.941+0000] {dag.py:4138} INFO - Setting next_dagrun for dataset_s3_bucket_producer_with_no_taskflow to None, run_after=None
[2024-09-03T15:54:14.954+0000] {processor.py:208} INFO - Processing /home/airflow/.local/lib/python3.12/site-packages/airflow/example_dags/example_dataset_alias_with_no_taskflow.py took 0.215 seconds
[2024-09-03T15:54:45.123+0000] {processor.py:186} INFO - Started process (PID=775) to work on /home/airflow/.local/lib/python3.12/site-packages/airflow/example_dags/example_dataset_alias_with_no_taskflow.py
[2024-09-03T15:54:45.128+0000] {processor.py:914} INFO - Processing file /home/airflow/.local/lib/python3.12/site-packages/airflow/example_dags/example_dataset_alias_with_no_taskflow.py for tasks to queue
[2024-09-03T15:54:45.135+0000] {logging_mixin.py:190} INFO - [2024-09-03T15:54:45.134+0000] {dagbag.py:587} INFO - Filling up the DagBag from /home/airflow/.local/lib/python3.12/site-packages/airflow/example_dags/example_dataset_alias_with_no_taskflow.py
[2024-09-03T15:54:45.440+0000] {processor.py:925} INFO - DAG(s) 'dataset_alias_example_alias_producer_with_no_taskflow', 'dataset_s3_bucket_consumer_with_no_taskflow', 'dataset_alias_example_alias_consumer_with_no_taskflow', 'dataset_s3_bucket_producer_with_no_taskflow' retrieved from /home/airflow/.local/lib/python3.12/site-packages/airflow/example_dags/example_dataset_alias_with_no_taskflow.py
[2024-09-03T15:54:45.453+0000] {logging_mixin.py:190} INFO - [2024-09-03T15:54:45.453+0000] {dag.py:3211} INFO - Sync 4 DAGs
[2024-09-03T15:54:45.466+0000] {logging_mixin.py:190} INFO - [2024-09-03T15:54:45.466+0000] {dag.py:4138} INFO - Setting next_dagrun for dataset_alias_example_alias_consumer_with_no_taskflow to None, run_after=None
[2024-09-03T15:54:45.468+0000] {logging_mixin.py:190} INFO - [2024-09-03T15:54:45.468+0000] {dag.py:4138} INFO - Setting next_dagrun for dataset_alias_example_alias_producer_with_no_taskflow to None, run_after=None
[2024-09-03T15:54:45.469+0000] {logging_mixin.py:190} INFO - [2024-09-03T15:54:45.468+0000] {dag.py:4138} INFO - Setting next_dagrun for dataset_s3_bucket_consumer_with_no_taskflow to None, run_after=None
[2024-09-03T15:54:45.469+0000] {logging_mixin.py:190} INFO - [2024-09-03T15:54:45.469+0000] {dag.py:4138} INFO - Setting next_dagrun for dataset_s3_bucket_producer_with_no_taskflow to None, run_after=None
[2024-09-03T15:54:45.481+0000] {processor.py:208} INFO - Processing /home/airflow/.local/lib/python3.12/site-packages/airflow/example_dags/example_dataset_alias_with_no_taskflow.py took 0.367 seconds
