[2024-09-03T15:48:38.726+0000] {processor.py:186} INFO - Started process (PID=53) to work on /home/airflow/.local/lib/python3.12/site-packages/airflow/example_dags/example_nested_branch_dag.py
[2024-09-03T15:48:38.727+0000] {processor.py:914} INFO - Processing file /home/airflow/.local/lib/python3.12/site-packages/airflow/example_dags/example_nested_branch_dag.py for tasks to queue
[2024-09-03T15:48:38.729+0000] {logging_mixin.py:190} INFO - [2024-09-03T15:48:38.728+0000] {dagbag.py:587} INFO - Filling up the DagBag from /home/airflow/.local/lib/python3.12/site-packages/airflow/example_dags/example_nested_branch_dag.py
[2024-09-03T15:48:38.737+0000] {processor.py:925} INFO - DAG(s) 'example_nested_branch_dag' retrieved from /home/airflow/.local/lib/python3.12/site-packages/airflow/example_dags/example_nested_branch_dag.py
[2024-09-03T15:48:38.827+0000] {logging_mixin.py:190} INFO - [2024-09-03T15:48:38.826+0000] {override.py:1858} INFO - Created Permission View: can edit on DAG:example_nested_branch_dag
[2024-09-03T15:48:38.832+0000] {logging_mixin.py:190} INFO - [2024-09-03T15:48:38.832+0000] {override.py:1858} INFO - Created Permission View: can read on DAG:example_nested_branch_dag
[2024-09-03T15:48:38.836+0000] {logging_mixin.py:190} INFO - [2024-09-03T15:48:38.836+0000] {override.py:1858} INFO - Created Permission View: can delete on DAG:example_nested_branch_dag
[2024-09-03T15:48:38.837+0000] {logging_mixin.py:190} INFO - [2024-09-03T15:48:38.836+0000] {dag.py:3211} INFO - Sync 1 DAGs
[2024-09-03T15:48:38.843+0000] {logging_mixin.py:190} INFO - [2024-09-03T15:48:38.843+0000] {dag.py:3234} INFO - Creating ORM DAG for example_nested_branch_dag
[2024-09-03T15:48:38.853+0000] {logging_mixin.py:190} INFO - [2024-09-03T15:48:38.853+0000] {dag.py:4138} INFO - Setting next_dagrun for example_nested_branch_dag to 2024-09-02 00:00:00+00:00, run_after=2024-09-03 00:00:00+00:00
[2024-09-03T15:48:38.868+0000] {processor.py:208} INFO - Processing /home/airflow/.local/lib/python3.12/site-packages/airflow/example_dags/example_nested_branch_dag.py took 0.146 seconds
[2024-09-03T15:49:09.813+0000] {processor.py:186} INFO - Started process (PID=115) to work on /home/airflow/.local/lib/python3.12/site-packages/airflow/example_dags/example_nested_branch_dag.py
[2024-09-03T15:49:09.814+0000] {processor.py:914} INFO - Processing file /home/airflow/.local/lib/python3.12/site-packages/airflow/example_dags/example_nested_branch_dag.py for tasks to queue
[2024-09-03T15:49:09.815+0000] {logging_mixin.py:190} INFO - [2024-09-03T15:49:09.815+0000] {dagbag.py:587} INFO - Filling up the DagBag from /home/airflow/.local/lib/python3.12/site-packages/airflow/example_dags/example_nested_branch_dag.py
[2024-09-03T15:49:09.824+0000] {processor.py:925} INFO - DAG(s) 'example_nested_branch_dag' retrieved from /home/airflow/.local/lib/python3.12/site-packages/airflow/example_dags/example_nested_branch_dag.py
[2024-09-03T15:49:09.839+0000] {logging_mixin.py:190} INFO - [2024-09-03T15:49:09.839+0000] {dag.py:3211} INFO - Sync 1 DAGs
[2024-09-03T15:49:09.852+0000] {logging_mixin.py:190} INFO - [2024-09-03T15:49:09.851+0000] {dag.py:4138} INFO - Setting next_dagrun for example_nested_branch_dag to 2024-09-02 00:00:00+00:00, run_after=2024-09-03 00:00:00+00:00
[2024-09-03T15:49:09.861+0000] {processor.py:208} INFO - Processing /home/airflow/.local/lib/python3.12/site-packages/airflow/example_dags/example_nested_branch_dag.py took 0.054 seconds
[2024-09-03T15:49:40.673+0000] {processor.py:186} INFO - Started process (PID=178) to work on /home/airflow/.local/lib/python3.12/site-packages/airflow/example_dags/example_nested_branch_dag.py
[2024-09-03T15:49:40.674+0000] {processor.py:914} INFO - Processing file /home/airflow/.local/lib/python3.12/site-packages/airflow/example_dags/example_nested_branch_dag.py for tasks to queue
[2024-09-03T15:49:40.676+0000] {logging_mixin.py:190} INFO - [2024-09-03T15:49:40.676+0000] {dagbag.py:587} INFO - Filling up the DagBag from /home/airflow/.local/lib/python3.12/site-packages/airflow/example_dags/example_nested_branch_dag.py
[2024-09-03T15:49:40.687+0000] {processor.py:925} INFO - DAG(s) 'example_nested_branch_dag' retrieved from /home/airflow/.local/lib/python3.12/site-packages/airflow/example_dags/example_nested_branch_dag.py
[2024-09-03T15:49:40.704+0000] {logging_mixin.py:190} INFO - [2024-09-03T15:49:40.704+0000] {dag.py:3211} INFO - Sync 1 DAGs
[2024-09-03T15:49:40.720+0000] {logging_mixin.py:190} INFO - [2024-09-03T15:49:40.719+0000] {dag.py:4138} INFO - Setting next_dagrun for example_nested_branch_dag to 2024-09-02 00:00:00+00:00, run_after=2024-09-03 00:00:00+00:00
[2024-09-03T15:49:40.734+0000] {processor.py:208} INFO - Processing /home/airflow/.local/lib/python3.12/site-packages/airflow/example_dags/example_nested_branch_dag.py took 0.068 seconds
[2024-09-03T15:50:11.654+0000] {processor.py:186} INFO - Started process (PID=240) to work on /home/airflow/.local/lib/python3.12/site-packages/airflow/example_dags/example_nested_branch_dag.py
[2024-09-03T15:50:11.660+0000] {processor.py:914} INFO - Processing file /home/airflow/.local/lib/python3.12/site-packages/airflow/example_dags/example_nested_branch_dag.py for tasks to queue
[2024-09-03T15:50:11.672+0000] {logging_mixin.py:190} INFO - [2024-09-03T15:50:11.671+0000] {dagbag.py:587} INFO - Filling up the DagBag from /home/airflow/.local/lib/python3.12/site-packages/airflow/example_dags/example_nested_branch_dag.py
[2024-09-03T15:50:11.690+0000] {processor.py:925} INFO - DAG(s) 'example_nested_branch_dag' retrieved from /home/airflow/.local/lib/python3.12/site-packages/airflow/example_dags/example_nested_branch_dag.py
[2024-09-03T15:50:11.739+0000] {logging_mixin.py:190} INFO - [2024-09-03T15:50:11.739+0000] {dag.py:3211} INFO - Sync 1 DAGs
[2024-09-03T15:50:11.778+0000] {logging_mixin.py:190} INFO - [2024-09-03T15:50:11.778+0000] {dag.py:4138} INFO - Setting next_dagrun for example_nested_branch_dag to 2024-09-02 00:00:00+00:00, run_after=2024-09-03 00:00:00+00:00
[2024-09-03T15:50:11.799+0000] {processor.py:208} INFO - Processing /home/airflow/.local/lib/python3.12/site-packages/airflow/example_dags/example_nested_branch_dag.py took 0.165 seconds
[2024-09-03T15:50:42.096+0000] {processor.py:186} INFO - Started process (PID=302) to work on /home/airflow/.local/lib/python3.12/site-packages/airflow/example_dags/example_nested_branch_dag.py
[2024-09-03T15:50:42.098+0000] {processor.py:914} INFO - Processing file /home/airflow/.local/lib/python3.12/site-packages/airflow/example_dags/example_nested_branch_dag.py for tasks to queue
[2024-09-03T15:50:42.099+0000] {logging_mixin.py:190} INFO - [2024-09-03T15:50:42.099+0000] {dagbag.py:587} INFO - Filling up the DagBag from /home/airflow/.local/lib/python3.12/site-packages/airflow/example_dags/example_nested_branch_dag.py
[2024-09-03T15:50:42.106+0000] {processor.py:925} INFO - DAG(s) 'example_nested_branch_dag' retrieved from /home/airflow/.local/lib/python3.12/site-packages/airflow/example_dags/example_nested_branch_dag.py
[2024-09-03T15:50:42.123+0000] {logging_mixin.py:190} INFO - [2024-09-03T15:50:42.123+0000] {dag.py:3211} INFO - Sync 1 DAGs
[2024-09-03T15:50:42.136+0000] {logging_mixin.py:190} INFO - [2024-09-03T15:50:42.136+0000] {dag.py:4138} INFO - Setting next_dagrun for example_nested_branch_dag to 2024-09-02 00:00:00+00:00, run_after=2024-09-03 00:00:00+00:00
[2024-09-03T15:50:42.146+0000] {processor.py:208} INFO - Processing /home/airflow/.local/lib/python3.12/site-packages/airflow/example_dags/example_nested_branch_dag.py took 0.054 seconds
[2024-09-03T15:51:13.020+0000] {processor.py:186} INFO - Started process (PID=365) to work on /home/airflow/.local/lib/python3.12/site-packages/airflow/example_dags/example_nested_branch_dag.py
[2024-09-03T15:51:13.022+0000] {processor.py:914} INFO - Processing file /home/airflow/.local/lib/python3.12/site-packages/airflow/example_dags/example_nested_branch_dag.py for tasks to queue
[2024-09-03T15:51:13.024+0000] {logging_mixin.py:190} INFO - [2024-09-03T15:51:13.024+0000] {dagbag.py:587} INFO - Filling up the DagBag from /home/airflow/.local/lib/python3.12/site-packages/airflow/example_dags/example_nested_branch_dag.py
[2024-09-03T15:51:13.037+0000] {processor.py:925} INFO - DAG(s) 'example_nested_branch_dag' retrieved from /home/airflow/.local/lib/python3.12/site-packages/airflow/example_dags/example_nested_branch_dag.py
[2024-09-03T15:51:13.065+0000] {logging_mixin.py:190} INFO - [2024-09-03T15:51:13.065+0000] {dag.py:3211} INFO - Sync 1 DAGs
[2024-09-03T15:51:13.089+0000] {logging_mixin.py:190} INFO - [2024-09-03T15:51:13.089+0000] {dag.py:4138} INFO - Setting next_dagrun for example_nested_branch_dag to 2024-09-02 00:00:00+00:00, run_after=2024-09-03 00:00:00+00:00
[2024-09-03T15:51:13.103+0000] {processor.py:208} INFO - Processing /home/airflow/.local/lib/python3.12/site-packages/airflow/example_dags/example_nested_branch_dag.py took 0.088 seconds
[2024-09-03T15:51:43.139+0000] {processor.py:186} INFO - Started process (PID=426) to work on /home/airflow/.local/lib/python3.12/site-packages/airflow/example_dags/example_nested_branch_dag.py
[2024-09-03T15:51:43.140+0000] {processor.py:914} INFO - Processing file /home/airflow/.local/lib/python3.12/site-packages/airflow/example_dags/example_nested_branch_dag.py for tasks to queue
[2024-09-03T15:51:43.141+0000] {logging_mixin.py:190} INFO - [2024-09-03T15:51:43.141+0000] {dagbag.py:587} INFO - Filling up the DagBag from /home/airflow/.local/lib/python3.12/site-packages/airflow/example_dags/example_nested_branch_dag.py
[2024-09-03T15:51:43.148+0000] {processor.py:925} INFO - DAG(s) 'example_nested_branch_dag' retrieved from /home/airflow/.local/lib/python3.12/site-packages/airflow/example_dags/example_nested_branch_dag.py
[2024-09-03T15:51:43.164+0000] {logging_mixin.py:190} INFO - [2024-09-03T15:51:43.164+0000] {dag.py:3211} INFO - Sync 1 DAGs
[2024-09-03T15:51:43.177+0000] {logging_mixin.py:190} INFO - [2024-09-03T15:51:43.177+0000] {dag.py:4138} INFO - Setting next_dagrun for example_nested_branch_dag to 2024-09-02 00:00:00+00:00, run_after=2024-09-03 00:00:00+00:00
[2024-09-03T15:51:43.185+0000] {processor.py:208} INFO - Processing /home/airflow/.local/lib/python3.12/site-packages/airflow/example_dags/example_nested_branch_dag.py took 0.050 seconds
[2024-09-03T15:52:13.350+0000] {processor.py:186} INFO - Started process (PID=488) to work on /home/airflow/.local/lib/python3.12/site-packages/airflow/example_dags/example_nested_branch_dag.py
[2024-09-03T15:52:13.351+0000] {processor.py:914} INFO - Processing file /home/airflow/.local/lib/python3.12/site-packages/airflow/example_dags/example_nested_branch_dag.py for tasks to queue
[2024-09-03T15:52:13.352+0000] {logging_mixin.py:190} INFO - [2024-09-03T15:52:13.352+0000] {dagbag.py:587} INFO - Filling up the DagBag from /home/airflow/.local/lib/python3.12/site-packages/airflow/example_dags/example_nested_branch_dag.py
[2024-09-03T15:52:13.359+0000] {processor.py:925} INFO - DAG(s) 'example_nested_branch_dag' retrieved from /home/airflow/.local/lib/python3.12/site-packages/airflow/example_dags/example_nested_branch_dag.py
[2024-09-03T15:52:13.373+0000] {logging_mixin.py:190} INFO - [2024-09-03T15:52:13.373+0000] {dag.py:3211} INFO - Sync 1 DAGs
[2024-09-03T15:52:13.384+0000] {logging_mixin.py:190} INFO - [2024-09-03T15:52:13.384+0000] {dag.py:4138} INFO - Setting next_dagrun for example_nested_branch_dag to 2024-09-02 00:00:00+00:00, run_after=2024-09-03 00:00:00+00:00
[2024-09-03T15:52:13.393+0000] {processor.py:208} INFO - Processing /home/airflow/.local/lib/python3.12/site-packages/airflow/example_dags/example_nested_branch_dag.py took 0.046 seconds
[2024-09-03T15:52:44.306+0000] {processor.py:186} INFO - Started process (PID=550) to work on /home/airflow/.local/lib/python3.12/site-packages/airflow/example_dags/example_nested_branch_dag.py
[2024-09-03T15:52:44.307+0000] {processor.py:914} INFO - Processing file /home/airflow/.local/lib/python3.12/site-packages/airflow/example_dags/example_nested_branch_dag.py for tasks to queue
[2024-09-03T15:52:44.309+0000] {logging_mixin.py:190} INFO - [2024-09-03T15:52:44.309+0000] {dagbag.py:587} INFO - Filling up the DagBag from /home/airflow/.local/lib/python3.12/site-packages/airflow/example_dags/example_nested_branch_dag.py
[2024-09-03T15:52:44.316+0000] {processor.py:925} INFO - DAG(s) 'example_nested_branch_dag' retrieved from /home/airflow/.local/lib/python3.12/site-packages/airflow/example_dags/example_nested_branch_dag.py
[2024-09-03T15:52:44.330+0000] {logging_mixin.py:190} INFO - [2024-09-03T15:52:44.330+0000] {dag.py:3211} INFO - Sync 1 DAGs
[2024-09-03T15:52:44.343+0000] {logging_mixin.py:190} INFO - [2024-09-03T15:52:44.343+0000] {dag.py:4138} INFO - Setting next_dagrun for example_nested_branch_dag to 2024-09-02 00:00:00+00:00, run_after=2024-09-03 00:00:00+00:00
[2024-09-03T15:52:44.352+0000] {processor.py:208} INFO - Processing /home/airflow/.local/lib/python3.12/site-packages/airflow/example_dags/example_nested_branch_dag.py took 0.050 seconds
[2024-09-03T15:53:15.386+0000] {processor.py:186} INFO - Started process (PID=611) to work on /home/airflow/.local/lib/python3.12/site-packages/airflow/example_dags/example_nested_branch_dag.py
[2024-09-03T15:53:15.386+0000] {processor.py:914} INFO - Processing file /home/airflow/.local/lib/python3.12/site-packages/airflow/example_dags/example_nested_branch_dag.py for tasks to queue
[2024-09-03T15:53:15.388+0000] {logging_mixin.py:190} INFO - [2024-09-03T15:53:15.388+0000] {dagbag.py:587} INFO - Filling up the DagBag from /home/airflow/.local/lib/python3.12/site-packages/airflow/example_dags/example_nested_branch_dag.py
[2024-09-03T15:53:15.396+0000] {processor.py:925} INFO - DAG(s) 'example_nested_branch_dag' retrieved from /home/airflow/.local/lib/python3.12/site-packages/airflow/example_dags/example_nested_branch_dag.py
[2024-09-03T15:53:15.412+0000] {logging_mixin.py:190} INFO - [2024-09-03T15:53:15.412+0000] {dag.py:3211} INFO - Sync 1 DAGs
[2024-09-03T15:53:15.424+0000] {logging_mixin.py:190} INFO - [2024-09-03T15:53:15.424+0000] {dag.py:4138} INFO - Setting next_dagrun for example_nested_branch_dag to 2024-09-02 00:00:00+00:00, run_after=2024-09-03 00:00:00+00:00
[2024-09-03T15:53:15.433+0000] {processor.py:208} INFO - Processing /home/airflow/.local/lib/python3.12/site-packages/airflow/example_dags/example_nested_branch_dag.py took 0.051 seconds
[2024-09-03T15:53:46.277+0000] {processor.py:186} INFO - Started process (PID=673) to work on /home/airflow/.local/lib/python3.12/site-packages/airflow/example_dags/example_nested_branch_dag.py
[2024-09-03T15:53:46.278+0000] {processor.py:914} INFO - Processing file /home/airflow/.local/lib/python3.12/site-packages/airflow/example_dags/example_nested_branch_dag.py for tasks to queue
[2024-09-03T15:53:46.289+0000] {logging_mixin.py:190} INFO - [2024-09-03T15:53:46.287+0000] {dagbag.py:587} INFO - Filling up the DagBag from /home/airflow/.local/lib/python3.12/site-packages/airflow/example_dags/example_nested_branch_dag.py
[2024-09-03T15:53:46.316+0000] {processor.py:925} INFO - DAG(s) 'example_nested_branch_dag' retrieved from /home/airflow/.local/lib/python3.12/site-packages/airflow/example_dags/example_nested_branch_dag.py
[2024-09-03T15:53:46.354+0000] {logging_mixin.py:190} INFO - [2024-09-03T15:53:46.353+0000] {dag.py:3211} INFO - Sync 1 DAGs
[2024-09-03T15:53:46.372+0000] {logging_mixin.py:190} INFO - [2024-09-03T15:53:46.372+0000] {dag.py:4138} INFO - Setting next_dagrun for example_nested_branch_dag to 2024-09-02 00:00:00+00:00, run_after=2024-09-03 00:00:00+00:00
[2024-09-03T15:53:46.409+0000] {processor.py:208} INFO - Processing /home/airflow/.local/lib/python3.12/site-packages/airflow/example_dags/example_nested_branch_dag.py took 0.142 seconds
[2024-09-03T15:54:16.868+0000] {processor.py:186} INFO - Started process (PID=735) to work on /home/airflow/.local/lib/python3.12/site-packages/airflow/example_dags/example_nested_branch_dag.py
[2024-09-03T15:54:16.869+0000] {processor.py:914} INFO - Processing file /home/airflow/.local/lib/python3.12/site-packages/airflow/example_dags/example_nested_branch_dag.py for tasks to queue
[2024-09-03T15:54:16.870+0000] {logging_mixin.py:190} INFO - [2024-09-03T15:54:16.870+0000] {dagbag.py:587} INFO - Filling up the DagBag from /home/airflow/.local/lib/python3.12/site-packages/airflow/example_dags/example_nested_branch_dag.py
[2024-09-03T15:54:16.877+0000] {processor.py:925} INFO - DAG(s) 'example_nested_branch_dag' retrieved from /home/airflow/.local/lib/python3.12/site-packages/airflow/example_dags/example_nested_branch_dag.py
[2024-09-03T15:54:16.891+0000] {logging_mixin.py:190} INFO - [2024-09-03T15:54:16.891+0000] {dag.py:3211} INFO - Sync 1 DAGs
[2024-09-03T15:54:16.902+0000] {logging_mixin.py:190} INFO - [2024-09-03T15:54:16.902+0000] {dag.py:4138} INFO - Setting next_dagrun for example_nested_branch_dag to 2024-09-02 00:00:00+00:00, run_after=2024-09-03 00:00:00+00:00
[2024-09-03T15:54:16.911+0000] {processor.py:208} INFO - Processing /home/airflow/.local/lib/python3.12/site-packages/airflow/example_dags/example_nested_branch_dag.py took 0.047 seconds
[2024-09-03T15:54:47.291+0000] {processor.py:186} INFO - Started process (PID=796) to work on /home/airflow/.local/lib/python3.12/site-packages/airflow/example_dags/example_nested_branch_dag.py
[2024-09-03T15:54:47.291+0000] {processor.py:914} INFO - Processing file /home/airflow/.local/lib/python3.12/site-packages/airflow/example_dags/example_nested_branch_dag.py for tasks to queue
[2024-09-03T15:54:47.293+0000] {logging_mixin.py:190} INFO - [2024-09-03T15:54:47.293+0000] {dagbag.py:587} INFO - Filling up the DagBag from /home/airflow/.local/lib/python3.12/site-packages/airflow/example_dags/example_nested_branch_dag.py
[2024-09-03T15:54:47.300+0000] {processor.py:925} INFO - DAG(s) 'example_nested_branch_dag' retrieved from /home/airflow/.local/lib/python3.12/site-packages/airflow/example_dags/example_nested_branch_dag.py
[2024-09-03T15:54:47.314+0000] {logging_mixin.py:190} INFO - [2024-09-03T15:54:47.314+0000] {dag.py:3211} INFO - Sync 1 DAGs
[2024-09-03T15:54:47.327+0000] {logging_mixin.py:190} INFO - [2024-09-03T15:54:47.326+0000] {dag.py:4138} INFO - Setting next_dagrun for example_nested_branch_dag to 2024-09-02 00:00:00+00:00, run_after=2024-09-03 00:00:00+00:00
[2024-09-03T15:54:47.335+0000] {processor.py:208} INFO - Processing /home/airflow/.local/lib/python3.12/site-packages/airflow/example_dags/example_nested_branch_dag.py took 0.049 seconds
