[2024-09-03T15:48:39.129+0000] {processor.py:186} INFO - Started process (PID=56) to work on /home/airflow/.local/lib/python3.12/site-packages/airflow/example_dags/example_xcomargs.py
[2024-09-03T15:48:39.130+0000] {processor.py:914} INFO - Processing file /home/airflow/.local/lib/python3.12/site-packages/airflow/example_dags/example_xcomargs.py for tasks to queue
[2024-09-03T15:48:39.134+0000] {logging_mixin.py:190} INFO - [2024-09-03T15:48:39.134+0000] {dagbag.py:587} INFO - Filling up the DagBag from /home/airflow/.local/lib/python3.12/site-packages/airflow/example_dags/example_xcomargs.py
[2024-09-03T15:48:39.147+0000] {processor.py:925} INFO - DAG(s) 'example_xcom_args', 'example_xcom_args_with_operators' retrieved from /home/airflow/.local/lib/python3.12/site-packages/airflow/example_dags/example_xcomargs.py
[2024-09-03T15:48:39.261+0000] {logging_mixin.py:190} INFO - [2024-09-03T15:48:39.260+0000] {override.py:1858} INFO - Created Permission View: can edit on DAG:example_xcom_args
[2024-09-03T15:48:39.278+0000] {logging_mixin.py:190} INFO - [2024-09-03T15:48:39.278+0000] {override.py:1858} INFO - Created Permission View: can read on DAG:example_xcom_args
[2024-09-03T15:48:39.286+0000] {logging_mixin.py:190} INFO - [2024-09-03T15:48:39.286+0000] {override.py:1858} INFO - Created Permission View: can delete on DAG:example_xcom_args
[2024-09-03T15:48:39.301+0000] {logging_mixin.py:190} INFO - [2024-09-03T15:48:39.301+0000] {override.py:1858} INFO - Created Permission View: can edit on DAG:example_xcom_args_with_operators
[2024-09-03T15:48:39.307+0000] {logging_mixin.py:190} INFO - [2024-09-03T15:48:39.306+0000] {override.py:1858} INFO - Created Permission View: can read on DAG:example_xcom_args_with_operators
[2024-09-03T15:48:39.311+0000] {logging_mixin.py:190} INFO - [2024-09-03T15:48:39.311+0000] {override.py:1858} INFO - Created Permission View: can delete on DAG:example_xcom_args_with_operators
[2024-09-03T15:48:39.312+0000] {logging_mixin.py:190} INFO - [2024-09-03T15:48:39.312+0000] {dag.py:3211} INFO - Sync 2 DAGs
[2024-09-03T15:48:39.324+0000] {logging_mixin.py:190} INFO - [2024-09-03T15:48:39.324+0000] {dag.py:3234} INFO - Creating ORM DAG for example_xcom_args_with_operators
[2024-09-03T15:48:39.325+0000] {logging_mixin.py:190} INFO - [2024-09-03T15:48:39.325+0000] {dag.py:3234} INFO - Creating ORM DAG for example_xcom_args
[2024-09-03T15:48:39.325+0000] {logging_mixin.py:190} INFO - [2024-09-03T15:48:39.325+0000] {dag.py:4138} INFO - Setting next_dagrun for example_xcom_args to None, run_after=None
[2024-09-03T15:48:39.326+0000] {logging_mixin.py:190} INFO - [2024-09-03T15:48:39.326+0000] {dag.py:4138} INFO - Setting next_dagrun for example_xcom_args_with_operators to None, run_after=None
[2024-09-03T15:48:39.350+0000] {processor.py:208} INFO - Processing /home/airflow/.local/lib/python3.12/site-packages/airflow/example_dags/example_xcomargs.py took 0.226 seconds
[2024-09-03T15:49:09.981+0000] {processor.py:186} INFO - Started process (PID=118) to work on /home/airflow/.local/lib/python3.12/site-packages/airflow/example_dags/example_xcomargs.py
[2024-09-03T15:49:09.982+0000] {processor.py:914} INFO - Processing file /home/airflow/.local/lib/python3.12/site-packages/airflow/example_dags/example_xcomargs.py for tasks to queue
[2024-09-03T15:49:09.983+0000] {logging_mixin.py:190} INFO - [2024-09-03T15:49:09.983+0000] {dagbag.py:587} INFO - Filling up the DagBag from /home/airflow/.local/lib/python3.12/site-packages/airflow/example_dags/example_xcomargs.py
[2024-09-03T15:49:09.990+0000] {processor.py:925} INFO - DAG(s) 'example_xcom_args', 'example_xcom_args_with_operators' retrieved from /home/airflow/.local/lib/python3.12/site-packages/airflow/example_dags/example_xcomargs.py
[2024-09-03T15:49:10.005+0000] {logging_mixin.py:190} INFO - [2024-09-03T15:49:10.005+0000] {dag.py:3211} INFO - Sync 2 DAGs
[2024-09-03T15:49:10.013+0000] {logging_mixin.py:190} INFO - [2024-09-03T15:49:10.013+0000] {dag.py:4138} INFO - Setting next_dagrun for example_xcom_args to None, run_after=None
[2024-09-03T15:49:10.015+0000] {logging_mixin.py:190} INFO - [2024-09-03T15:49:10.015+0000] {dag.py:4138} INFO - Setting next_dagrun for example_xcom_args_with_operators to None, run_after=None
[2024-09-03T15:49:10.023+0000] {processor.py:208} INFO - Processing /home/airflow/.local/lib/python3.12/site-packages/airflow/example_dags/example_xcomargs.py took 0.046 seconds
[2024-09-03T15:49:40.889+0000] {processor.py:186} INFO - Started process (PID=181) to work on /home/airflow/.local/lib/python3.12/site-packages/airflow/example_dags/example_xcomargs.py
[2024-09-03T15:49:40.890+0000] {processor.py:914} INFO - Processing file /home/airflow/.local/lib/python3.12/site-packages/airflow/example_dags/example_xcomargs.py for tasks to queue
[2024-09-03T15:49:40.892+0000] {logging_mixin.py:190} INFO - [2024-09-03T15:49:40.892+0000] {dagbag.py:587} INFO - Filling up the DagBag from /home/airflow/.local/lib/python3.12/site-packages/airflow/example_dags/example_xcomargs.py
[2024-09-03T15:49:40.900+0000] {processor.py:925} INFO - DAG(s) 'example_xcom_args', 'example_xcom_args_with_operators' retrieved from /home/airflow/.local/lib/python3.12/site-packages/airflow/example_dags/example_xcomargs.py
[2024-09-03T15:49:40.921+0000] {logging_mixin.py:190} INFO - [2024-09-03T15:49:40.921+0000] {dag.py:3211} INFO - Sync 2 DAGs
[2024-09-03T15:49:40.931+0000] {logging_mixin.py:190} INFO - [2024-09-03T15:49:40.931+0000] {dag.py:4138} INFO - Setting next_dagrun for example_xcom_args to None, run_after=None
[2024-09-03T15:49:40.933+0000] {logging_mixin.py:190} INFO - [2024-09-03T15:49:40.933+0000] {dag.py:4138} INFO - Setting next_dagrun for example_xcom_args_with_operators to None, run_after=None
[2024-09-03T15:49:40.946+0000] {processor.py:208} INFO - Processing /home/airflow/.local/lib/python3.12/site-packages/airflow/example_dags/example_xcomargs.py took 0.062 seconds
[2024-09-03T15:50:11.976+0000] {processor.py:186} INFO - Started process (PID=243) to work on /home/airflow/.local/lib/python3.12/site-packages/airflow/example_dags/example_xcomargs.py
[2024-09-03T15:50:11.977+0000] {processor.py:914} INFO - Processing file /home/airflow/.local/lib/python3.12/site-packages/airflow/example_dags/example_xcomargs.py for tasks to queue
[2024-09-03T15:50:11.979+0000] {logging_mixin.py:190} INFO - [2024-09-03T15:50:11.979+0000] {dagbag.py:587} INFO - Filling up the DagBag from /home/airflow/.local/lib/python3.12/site-packages/airflow/example_dags/example_xcomargs.py
[2024-09-03T15:50:11.990+0000] {processor.py:925} INFO - DAG(s) 'example_xcom_args', 'example_xcom_args_with_operators' retrieved from /home/airflow/.local/lib/python3.12/site-packages/airflow/example_dags/example_xcomargs.py
[2024-09-03T15:50:12.009+0000] {logging_mixin.py:190} INFO - [2024-09-03T15:50:12.009+0000] {dag.py:3211} INFO - Sync 2 DAGs
[2024-09-03T15:50:12.019+0000] {logging_mixin.py:190} INFO - [2024-09-03T15:50:12.018+0000] {dag.py:4138} INFO - Setting next_dagrun for example_xcom_args to None, run_after=None
[2024-09-03T15:50:12.021+0000] {logging_mixin.py:190} INFO - [2024-09-03T15:50:12.021+0000] {dag.py:4138} INFO - Setting next_dagrun for example_xcom_args_with_operators to None, run_after=None
[2024-09-03T15:50:12.034+0000] {processor.py:208} INFO - Processing /home/airflow/.local/lib/python3.12/site-packages/airflow/example_dags/example_xcomargs.py took 0.063 seconds
[2024-09-03T15:50:42.264+0000] {processor.py:186} INFO - Started process (PID=305) to work on /home/airflow/.local/lib/python3.12/site-packages/airflow/example_dags/example_xcomargs.py
[2024-09-03T15:50:42.265+0000] {processor.py:914} INFO - Processing file /home/airflow/.local/lib/python3.12/site-packages/airflow/example_dags/example_xcomargs.py for tasks to queue
[2024-09-03T15:50:42.267+0000] {logging_mixin.py:190} INFO - [2024-09-03T15:50:42.266+0000] {dagbag.py:587} INFO - Filling up the DagBag from /home/airflow/.local/lib/python3.12/site-packages/airflow/example_dags/example_xcomargs.py
[2024-09-03T15:50:42.273+0000] {processor.py:925} INFO - DAG(s) 'example_xcom_args_with_operators', 'example_xcom_args' retrieved from /home/airflow/.local/lib/python3.12/site-packages/airflow/example_dags/example_xcomargs.py
[2024-09-03T15:50:42.288+0000] {logging_mixin.py:190} INFO - [2024-09-03T15:50:42.288+0000] {dag.py:3211} INFO - Sync 2 DAGs
[2024-09-03T15:50:42.298+0000] {logging_mixin.py:190} INFO - [2024-09-03T15:50:42.297+0000] {dag.py:4138} INFO - Setting next_dagrun for example_xcom_args to None, run_after=None
[2024-09-03T15:50:42.302+0000] {logging_mixin.py:190} INFO - [2024-09-03T15:50:42.301+0000] {dag.py:4138} INFO - Setting next_dagrun for example_xcom_args_with_operators to None, run_after=None
[2024-09-03T15:50:42.311+0000] {processor.py:208} INFO - Processing /home/airflow/.local/lib/python3.12/site-packages/airflow/example_dags/example_xcomargs.py took 0.051 seconds
[2024-09-03T15:51:13.255+0000] {processor.py:186} INFO - Started process (PID=368) to work on /home/airflow/.local/lib/python3.12/site-packages/airflow/example_dags/example_xcomargs.py
[2024-09-03T15:51:13.256+0000] {processor.py:914} INFO - Processing file /home/airflow/.local/lib/python3.12/site-packages/airflow/example_dags/example_xcomargs.py for tasks to queue
[2024-09-03T15:51:13.257+0000] {logging_mixin.py:190} INFO - [2024-09-03T15:51:13.257+0000] {dagbag.py:587} INFO - Filling up the DagBag from /home/airflow/.local/lib/python3.12/site-packages/airflow/example_dags/example_xcomargs.py
[2024-09-03T15:51:13.265+0000] {processor.py:925} INFO - DAG(s) 'example_xcom_args_with_operators', 'example_xcom_args' retrieved from /home/airflow/.local/lib/python3.12/site-packages/airflow/example_dags/example_xcomargs.py
[2024-09-03T15:51:13.282+0000] {logging_mixin.py:190} INFO - [2024-09-03T15:51:13.282+0000] {dag.py:3211} INFO - Sync 2 DAGs
[2024-09-03T15:51:13.290+0000] {logging_mixin.py:190} INFO - [2024-09-03T15:51:13.290+0000] {dag.py:4138} INFO - Setting next_dagrun for example_xcom_args to None, run_after=None
[2024-09-03T15:51:13.293+0000] {logging_mixin.py:190} INFO - [2024-09-03T15:51:13.293+0000] {dag.py:4138} INFO - Setting next_dagrun for example_xcom_args_with_operators to None, run_after=None
[2024-09-03T15:51:13.301+0000] {processor.py:208} INFO - Processing /home/airflow/.local/lib/python3.12/site-packages/airflow/example_dags/example_xcomargs.py took 0.051 seconds
[2024-09-03T15:51:44.348+0000] {processor.py:186} INFO - Started process (PID=430) to work on /home/airflow/.local/lib/python3.12/site-packages/airflow/example_dags/example_xcomargs.py
[2024-09-03T15:51:44.349+0000] {processor.py:914} INFO - Processing file /home/airflow/.local/lib/python3.12/site-packages/airflow/example_dags/example_xcomargs.py for tasks to queue
[2024-09-03T15:51:44.351+0000] {logging_mixin.py:190} INFO - [2024-09-03T15:51:44.351+0000] {dagbag.py:587} INFO - Filling up the DagBag from /home/airflow/.local/lib/python3.12/site-packages/airflow/example_dags/example_xcomargs.py
[2024-09-03T15:51:44.358+0000] {processor.py:925} INFO - DAG(s) 'example_xcom_args', 'example_xcom_args_with_operators' retrieved from /home/airflow/.local/lib/python3.12/site-packages/airflow/example_dags/example_xcomargs.py
[2024-09-03T15:51:44.374+0000] {logging_mixin.py:190} INFO - [2024-09-03T15:51:44.374+0000] {dag.py:3211} INFO - Sync 2 DAGs
[2024-09-03T15:51:44.383+0000] {logging_mixin.py:190} INFO - [2024-09-03T15:51:44.382+0000] {dag.py:4138} INFO - Setting next_dagrun for example_xcom_args to None, run_after=None
[2024-09-03T15:51:44.385+0000] {logging_mixin.py:190} INFO - [2024-09-03T15:51:44.385+0000] {dag.py:4138} INFO - Setting next_dagrun for example_xcom_args_with_operators to None, run_after=None
[2024-09-03T15:51:44.392+0000] {processor.py:208} INFO - Processing /home/airflow/.local/lib/python3.12/site-packages/airflow/example_dags/example_xcomargs.py took 0.049 seconds
[2024-09-03T15:52:14.611+0000] {processor.py:186} INFO - Started process (PID=492) to work on /home/airflow/.local/lib/python3.12/site-packages/airflow/example_dags/example_xcomargs.py
[2024-09-03T15:52:14.612+0000] {processor.py:914} INFO - Processing file /home/airflow/.local/lib/python3.12/site-packages/airflow/example_dags/example_xcomargs.py for tasks to queue
[2024-09-03T15:52:14.614+0000] {logging_mixin.py:190} INFO - [2024-09-03T15:52:14.614+0000] {dagbag.py:587} INFO - Filling up the DagBag from /home/airflow/.local/lib/python3.12/site-packages/airflow/example_dags/example_xcomargs.py
[2024-09-03T15:52:14.624+0000] {processor.py:925} INFO - DAG(s) 'example_xcom_args', 'example_xcom_args_with_operators' retrieved from /home/airflow/.local/lib/python3.12/site-packages/airflow/example_dags/example_xcomargs.py
[2024-09-03T15:52:14.656+0000] {logging_mixin.py:190} INFO - [2024-09-03T15:52:14.655+0000] {dag.py:3211} INFO - Sync 2 DAGs
[2024-09-03T15:52:14.669+0000] {logging_mixin.py:190} INFO - [2024-09-03T15:52:14.668+0000] {dag.py:4138} INFO - Setting next_dagrun for example_xcom_args to None, run_after=None
[2024-09-03T15:52:14.674+0000] {logging_mixin.py:190} INFO - [2024-09-03T15:52:14.674+0000] {dag.py:4138} INFO - Setting next_dagrun for example_xcom_args_with_operators to None, run_after=None
[2024-09-03T15:52:14.684+0000] {processor.py:208} INFO - Processing /home/airflow/.local/lib/python3.12/site-packages/airflow/example_dags/example_xcomargs.py took 0.077 seconds
[2024-09-03T15:52:45.510+0000] {processor.py:186} INFO - Started process (PID=554) to work on /home/airflow/.local/lib/python3.12/site-packages/airflow/example_dags/example_xcomargs.py
[2024-09-03T15:52:45.510+0000] {processor.py:914} INFO - Processing file /home/airflow/.local/lib/python3.12/site-packages/airflow/example_dags/example_xcomargs.py for tasks to queue
[2024-09-03T15:52:45.512+0000] {logging_mixin.py:190} INFO - [2024-09-03T15:52:45.512+0000] {dagbag.py:587} INFO - Filling up the DagBag from /home/airflow/.local/lib/python3.12/site-packages/airflow/example_dags/example_xcomargs.py
[2024-09-03T15:52:45.518+0000] {processor.py:925} INFO - DAG(s) 'example_xcom_args', 'example_xcom_args_with_operators' retrieved from /home/airflow/.local/lib/python3.12/site-packages/airflow/example_dags/example_xcomargs.py
[2024-09-03T15:52:45.533+0000] {logging_mixin.py:190} INFO - [2024-09-03T15:52:45.533+0000] {dag.py:3211} INFO - Sync 2 DAGs
[2024-09-03T15:52:45.541+0000] {logging_mixin.py:190} INFO - [2024-09-03T15:52:45.541+0000] {dag.py:4138} INFO - Setting next_dagrun for example_xcom_args to None, run_after=None
[2024-09-03T15:52:45.543+0000] {logging_mixin.py:190} INFO - [2024-09-03T15:52:45.543+0000] {dag.py:4138} INFO - Setting next_dagrun for example_xcom_args_with_operators to None, run_after=None
[2024-09-03T15:52:45.551+0000] {processor.py:208} INFO - Processing /home/airflow/.local/lib/python3.12/site-packages/airflow/example_dags/example_xcomargs.py took 0.044 seconds
[2024-09-03T15:53:15.591+0000] {processor.py:186} INFO - Started process (PID=615) to work on /home/airflow/.local/lib/python3.12/site-packages/airflow/example_dags/example_xcomargs.py
[2024-09-03T15:53:15.593+0000] {processor.py:914} INFO - Processing file /home/airflow/.local/lib/python3.12/site-packages/airflow/example_dags/example_xcomargs.py for tasks to queue
[2024-09-03T15:53:15.595+0000] {logging_mixin.py:190} INFO - [2024-09-03T15:53:15.595+0000] {dagbag.py:587} INFO - Filling up the DagBag from /home/airflow/.local/lib/python3.12/site-packages/airflow/example_dags/example_xcomargs.py
[2024-09-03T15:53:15.601+0000] {processor.py:925} INFO - DAG(s) 'example_xcom_args_with_operators', 'example_xcom_args' retrieved from /home/airflow/.local/lib/python3.12/site-packages/airflow/example_dags/example_xcomargs.py
[2024-09-03T15:53:15.620+0000] {logging_mixin.py:190} INFO - [2024-09-03T15:53:15.620+0000] {dag.py:3211} INFO - Sync 2 DAGs
[2024-09-03T15:53:15.630+0000] {logging_mixin.py:190} INFO - [2024-09-03T15:53:15.630+0000] {dag.py:4138} INFO - Setting next_dagrun for example_xcom_args to None, run_after=None
[2024-09-03T15:53:15.632+0000] {logging_mixin.py:190} INFO - [2024-09-03T15:53:15.632+0000] {dag.py:4138} INFO - Setting next_dagrun for example_xcom_args_with_operators to None, run_after=None
[2024-09-03T15:53:15.643+0000] {processor.py:208} INFO - Processing /home/airflow/.local/lib/python3.12/site-packages/airflow/example_dags/example_xcomargs.py took 0.056 seconds
[2024-09-03T15:53:46.649+0000] {processor.py:186} INFO - Started process (PID=677) to work on /home/airflow/.local/lib/python3.12/site-packages/airflow/example_dags/example_xcomargs.py
[2024-09-03T15:53:46.650+0000] {processor.py:914} INFO - Processing file /home/airflow/.local/lib/python3.12/site-packages/airflow/example_dags/example_xcomargs.py for tasks to queue
[2024-09-03T15:53:46.651+0000] {logging_mixin.py:190} INFO - [2024-09-03T15:53:46.651+0000] {dagbag.py:587} INFO - Filling up the DagBag from /home/airflow/.local/lib/python3.12/site-packages/airflow/example_dags/example_xcomargs.py
[2024-09-03T15:53:46.667+0000] {processor.py:925} INFO - DAG(s) 'example_xcom_args_with_operators', 'example_xcom_args' retrieved from /home/airflow/.local/lib/python3.12/site-packages/airflow/example_dags/example_xcomargs.py
[2024-09-03T15:53:46.697+0000] {logging_mixin.py:190} INFO - [2024-09-03T15:53:46.697+0000] {dag.py:3211} INFO - Sync 2 DAGs
[2024-09-03T15:53:46.709+0000] {logging_mixin.py:190} INFO - [2024-09-03T15:53:46.708+0000] {dag.py:4138} INFO - Setting next_dagrun for example_xcom_args to None, run_after=None
[2024-09-03T15:53:46.711+0000] {logging_mixin.py:190} INFO - [2024-09-03T15:53:46.711+0000] {dag.py:4138} INFO - Setting next_dagrun for example_xcom_args_with_operators to None, run_after=None
[2024-09-03T15:53:46.722+0000] {processor.py:208} INFO - Processing /home/airflow/.local/lib/python3.12/site-packages/airflow/example_dags/example_xcomargs.py took 0.077 seconds
[2024-09-03T15:54:16.998+0000] {processor.py:186} INFO - Started process (PID=738) to work on /home/airflow/.local/lib/python3.12/site-packages/airflow/example_dags/example_xcomargs.py
[2024-09-03T15:54:16.998+0000] {processor.py:914} INFO - Processing file /home/airflow/.local/lib/python3.12/site-packages/airflow/example_dags/example_xcomargs.py for tasks to queue
[2024-09-03T15:54:17.000+0000] {logging_mixin.py:190} INFO - [2024-09-03T15:54:17.000+0000] {dagbag.py:587} INFO - Filling up the DagBag from /home/airflow/.local/lib/python3.12/site-packages/airflow/example_dags/example_xcomargs.py
[2024-09-03T15:54:17.006+0000] {processor.py:925} INFO - DAG(s) 'example_xcom_args', 'example_xcom_args_with_operators' retrieved from /home/airflow/.local/lib/python3.12/site-packages/airflow/example_dags/example_xcomargs.py
[2024-09-03T15:54:17.024+0000] {logging_mixin.py:190} INFO - [2024-09-03T15:54:17.024+0000] {dag.py:3211} INFO - Sync 2 DAGs
[2024-09-03T15:54:17.032+0000] {logging_mixin.py:190} INFO - [2024-09-03T15:54:17.032+0000] {dag.py:4138} INFO - Setting next_dagrun for example_xcom_args to None, run_after=None
[2024-09-03T15:54:17.034+0000] {logging_mixin.py:190} INFO - [2024-09-03T15:54:17.034+0000] {dag.py:4138} INFO - Setting next_dagrun for example_xcom_args_with_operators to None, run_after=None
[2024-09-03T15:54:17.042+0000] {processor.py:208} INFO - Processing /home/airflow/.local/lib/python3.12/site-packages/airflow/example_dags/example_xcomargs.py took 0.048 seconds
[2024-09-03T15:54:47.408+0000] {processor.py:186} INFO - Started process (PID=799) to work on /home/airflow/.local/lib/python3.12/site-packages/airflow/example_dags/example_xcomargs.py
[2024-09-03T15:54:47.409+0000] {processor.py:914} INFO - Processing file /home/airflow/.local/lib/python3.12/site-packages/airflow/example_dags/example_xcomargs.py for tasks to queue
[2024-09-03T15:54:47.411+0000] {logging_mixin.py:190} INFO - [2024-09-03T15:54:47.411+0000] {dagbag.py:587} INFO - Filling up the DagBag from /home/airflow/.local/lib/python3.12/site-packages/airflow/example_dags/example_xcomargs.py
[2024-09-03T15:54:47.418+0000] {processor.py:925} INFO - DAG(s) 'example_xcom_args_with_operators', 'example_xcom_args' retrieved from /home/airflow/.local/lib/python3.12/site-packages/airflow/example_dags/example_xcomargs.py
[2024-09-03T15:54:47.434+0000] {logging_mixin.py:190} INFO - [2024-09-03T15:54:47.434+0000] {dag.py:3211} INFO - Sync 2 DAGs
[2024-09-03T15:54:47.444+0000] {logging_mixin.py:190} INFO - [2024-09-03T15:54:47.443+0000] {dag.py:4138} INFO - Setting next_dagrun for example_xcom_args to None, run_after=None
[2024-09-03T15:54:47.446+0000] {logging_mixin.py:190} INFO - [2024-09-03T15:54:47.446+0000] {dag.py:4138} INFO - Setting next_dagrun for example_xcom_args_with_operators to None, run_after=None
[2024-09-03T15:54:47.455+0000] {processor.py:208} INFO - Processing /home/airflow/.local/lib/python3.12/site-packages/airflow/example_dags/example_xcomargs.py took 0.050 seconds
