[2024-09-03T15:48:37.654+0000] {processor.py:186} INFO - Started process (PID=42) to work on /home/airflow/.local/lib/python3.12/site-packages/airflow/example_dags/example_short_circuit_operator.py
[2024-09-03T15:48:37.655+0000] {processor.py:914} INFO - Processing file /home/airflow/.local/lib/python3.12/site-packages/airflow/example_dags/example_short_circuit_operator.py for tasks to queue
[2024-09-03T15:48:37.656+0000] {logging_mixin.py:190} INFO - [2024-09-03T15:48:37.656+0000] {dagbag.py:587} INFO - Filling up the DagBag from /home/airflow/.local/lib/python3.12/site-packages/airflow/example_dags/example_short_circuit_operator.py
[2024-09-03T15:48:37.664+0000] {processor.py:925} INFO - DAG(s) 'example_short_circuit_operator' retrieved from /home/airflow/.local/lib/python3.12/site-packages/airflow/example_dags/example_short_circuit_operator.py
[2024-09-03T15:48:37.776+0000] {logging_mixin.py:190} INFO - [2024-09-03T15:48:37.775+0000] {override.py:1858} INFO - Created Permission View: can edit on DAG:example_short_circuit_operator
[2024-09-03T15:48:37.785+0000] {logging_mixin.py:190} INFO - [2024-09-03T15:48:37.785+0000] {override.py:1858} INFO - Created Permission View: can read on DAG:example_short_circuit_operator
[2024-09-03T15:48:37.792+0000] {logging_mixin.py:190} INFO - [2024-09-03T15:48:37.791+0000] {override.py:1858} INFO - Created Permission View: can delete on DAG:example_short_circuit_operator
[2024-09-03T15:48:37.792+0000] {logging_mixin.py:190} INFO - [2024-09-03T15:48:37.792+0000] {dag.py:3211} INFO - Sync 1 DAGs
[2024-09-03T15:48:37.803+0000] {logging_mixin.py:190} INFO - [2024-09-03T15:48:37.803+0000] {dag.py:3234} INFO - Creating ORM DAG for example_short_circuit_operator
[2024-09-03T15:48:37.810+0000] {logging_mixin.py:190} INFO - [2024-09-03T15:48:37.809+0000] {dag.py:4138} INFO - Setting next_dagrun for example_short_circuit_operator to 2024-09-02 00:00:00+00:00, run_after=2024-09-03 00:00:00+00:00
[2024-09-03T15:48:37.818+0000] {processor.py:208} INFO - Processing /home/airflow/.local/lib/python3.12/site-packages/airflow/example_dags/example_short_circuit_operator.py took 0.168 seconds
[2024-09-03T15:49:08.467+0000] {processor.py:186} INFO - Started process (PID=104) to work on /home/airflow/.local/lib/python3.12/site-packages/airflow/example_dags/example_short_circuit_operator.py
[2024-09-03T15:49:08.467+0000] {processor.py:914} INFO - Processing file /home/airflow/.local/lib/python3.12/site-packages/airflow/example_dags/example_short_circuit_operator.py for tasks to queue
[2024-09-03T15:49:08.469+0000] {logging_mixin.py:190} INFO - [2024-09-03T15:49:08.468+0000] {dagbag.py:587} INFO - Filling up the DagBag from /home/airflow/.local/lib/python3.12/site-packages/airflow/example_dags/example_short_circuit_operator.py
[2024-09-03T15:49:08.474+0000] {processor.py:925} INFO - DAG(s) 'example_short_circuit_operator' retrieved from /home/airflow/.local/lib/python3.12/site-packages/airflow/example_dags/example_short_circuit_operator.py
[2024-09-03T15:49:08.489+0000] {logging_mixin.py:190} INFO - [2024-09-03T15:49:08.489+0000] {dag.py:3211} INFO - Sync 1 DAGs
[2024-09-03T15:49:08.500+0000] {logging_mixin.py:190} INFO - [2024-09-03T15:49:08.500+0000] {dag.py:4138} INFO - Setting next_dagrun for example_short_circuit_operator to 2024-09-02 00:00:00+00:00, run_after=2024-09-03 00:00:00+00:00
[2024-09-03T15:49:08.510+0000] {processor.py:208} INFO - Processing /home/airflow/.local/lib/python3.12/site-packages/airflow/example_dags/example_short_circuit_operator.py took 0.047 seconds
[2024-09-03T15:49:39.274+0000] {processor.py:186} INFO - Started process (PID=167) to work on /home/airflow/.local/lib/python3.12/site-packages/airflow/example_dags/example_short_circuit_operator.py
[2024-09-03T15:49:39.275+0000] {processor.py:914} INFO - Processing file /home/airflow/.local/lib/python3.12/site-packages/airflow/example_dags/example_short_circuit_operator.py for tasks to queue
[2024-09-03T15:49:39.276+0000] {logging_mixin.py:190} INFO - [2024-09-03T15:49:39.276+0000] {dagbag.py:587} INFO - Filling up the DagBag from /home/airflow/.local/lib/python3.12/site-packages/airflow/example_dags/example_short_circuit_operator.py
[2024-09-03T15:49:39.282+0000] {processor.py:925} INFO - DAG(s) 'example_short_circuit_operator' retrieved from /home/airflow/.local/lib/python3.12/site-packages/airflow/example_dags/example_short_circuit_operator.py
[2024-09-03T15:49:39.298+0000] {logging_mixin.py:190} INFO - [2024-09-03T15:49:39.298+0000] {dag.py:3211} INFO - Sync 1 DAGs
[2024-09-03T15:49:39.310+0000] {logging_mixin.py:190} INFO - [2024-09-03T15:49:39.310+0000] {dag.py:4138} INFO - Setting next_dagrun for example_short_circuit_operator to 2024-09-02 00:00:00+00:00, run_after=2024-09-03 00:00:00+00:00
[2024-09-03T15:49:39.320+0000] {processor.py:208} INFO - Processing /home/airflow/.local/lib/python3.12/site-packages/airflow/example_dags/example_short_circuit_operator.py took 0.050 seconds
[2024-09-03T15:50:10.224+0000] {processor.py:186} INFO - Started process (PID=229) to work on /home/airflow/.local/lib/python3.12/site-packages/airflow/example_dags/example_short_circuit_operator.py
[2024-09-03T15:50:10.225+0000] {processor.py:914} INFO - Processing file /home/airflow/.local/lib/python3.12/site-packages/airflow/example_dags/example_short_circuit_operator.py for tasks to queue
[2024-09-03T15:50:10.227+0000] {logging_mixin.py:190} INFO - [2024-09-03T15:50:10.227+0000] {dagbag.py:587} INFO - Filling up the DagBag from /home/airflow/.local/lib/python3.12/site-packages/airflow/example_dags/example_short_circuit_operator.py
[2024-09-03T15:50:10.233+0000] {processor.py:925} INFO - DAG(s) 'example_short_circuit_operator' retrieved from /home/airflow/.local/lib/python3.12/site-packages/airflow/example_dags/example_short_circuit_operator.py
[2024-09-03T15:50:10.252+0000] {logging_mixin.py:190} INFO - [2024-09-03T15:50:10.252+0000] {dag.py:3211} INFO - Sync 1 DAGs
[2024-09-03T15:50:10.275+0000] {logging_mixin.py:190} INFO - [2024-09-03T15:50:10.274+0000] {dag.py:4138} INFO - Setting next_dagrun for example_short_circuit_operator to 2024-09-02 00:00:00+00:00, run_after=2024-09-03 00:00:00+00:00
[2024-09-03T15:50:10.291+0000] {processor.py:208} INFO - Processing /home/airflow/.local/lib/python3.12/site-packages/airflow/example_dags/example_short_circuit_operator.py took 0.071 seconds
[2024-09-03T15:50:40.760+0000] {processor.py:186} INFO - Started process (PID=291) to work on /home/airflow/.local/lib/python3.12/site-packages/airflow/example_dags/example_short_circuit_operator.py
[2024-09-03T15:50:40.761+0000] {processor.py:914} INFO - Processing file /home/airflow/.local/lib/python3.12/site-packages/airflow/example_dags/example_short_circuit_operator.py for tasks to queue
[2024-09-03T15:50:40.763+0000] {logging_mixin.py:190} INFO - [2024-09-03T15:50:40.763+0000] {dagbag.py:587} INFO - Filling up the DagBag from /home/airflow/.local/lib/python3.12/site-packages/airflow/example_dags/example_short_circuit_operator.py
[2024-09-03T15:50:40.770+0000] {processor.py:925} INFO - DAG(s) 'example_short_circuit_operator' retrieved from /home/airflow/.local/lib/python3.12/site-packages/airflow/example_dags/example_short_circuit_operator.py
[2024-09-03T15:50:40.787+0000] {logging_mixin.py:190} INFO - [2024-09-03T15:50:40.787+0000] {dag.py:3211} INFO - Sync 1 DAGs
[2024-09-03T15:50:40.801+0000] {logging_mixin.py:190} INFO - [2024-09-03T15:50:40.801+0000] {dag.py:4138} INFO - Setting next_dagrun for example_short_circuit_operator to 2024-09-02 00:00:00+00:00, run_after=2024-09-03 00:00:00+00:00
[2024-09-03T15:50:40.810+0000] {processor.py:208} INFO - Processing /home/airflow/.local/lib/python3.12/site-packages/airflow/example_dags/example_short_circuit_operator.py took 0.053 seconds
[2024-09-03T15:51:11.673+0000] {processor.py:186} INFO - Started process (PID=354) to work on /home/airflow/.local/lib/python3.12/site-packages/airflow/example_dags/example_short_circuit_operator.py
[2024-09-03T15:51:11.674+0000] {processor.py:914} INFO - Processing file /home/airflow/.local/lib/python3.12/site-packages/airflow/example_dags/example_short_circuit_operator.py for tasks to queue
[2024-09-03T15:51:11.676+0000] {logging_mixin.py:190} INFO - [2024-09-03T15:51:11.675+0000] {dagbag.py:587} INFO - Filling up the DagBag from /home/airflow/.local/lib/python3.12/site-packages/airflow/example_dags/example_short_circuit_operator.py
[2024-09-03T15:51:11.681+0000] {processor.py:925} INFO - DAG(s) 'example_short_circuit_operator' retrieved from /home/airflow/.local/lib/python3.12/site-packages/airflow/example_dags/example_short_circuit_operator.py
[2024-09-03T15:51:11.697+0000] {logging_mixin.py:190} INFO - [2024-09-03T15:51:11.696+0000] {dag.py:3211} INFO - Sync 1 DAGs
[2024-09-03T15:51:11.711+0000] {logging_mixin.py:190} INFO - [2024-09-03T15:51:11.711+0000] {dag.py:4138} INFO - Setting next_dagrun for example_short_circuit_operator to 2024-09-02 00:00:00+00:00, run_after=2024-09-03 00:00:00+00:00
[2024-09-03T15:51:11.720+0000] {processor.py:208} INFO - Processing /home/airflow/.local/lib/python3.12/site-packages/airflow/example_dags/example_short_circuit_operator.py took 0.051 seconds
[2024-09-03T15:51:42.825+0000] {processor.py:186} INFO - Started process (PID=416) to work on /home/airflow/.local/lib/python3.12/site-packages/airflow/example_dags/example_short_circuit_operator.py
[2024-09-03T15:51:42.826+0000] {processor.py:914} INFO - Processing file /home/airflow/.local/lib/python3.12/site-packages/airflow/example_dags/example_short_circuit_operator.py for tasks to queue
[2024-09-03T15:51:42.827+0000] {logging_mixin.py:190} INFO - [2024-09-03T15:51:42.827+0000] {dagbag.py:587} INFO - Filling up the DagBag from /home/airflow/.local/lib/python3.12/site-packages/airflow/example_dags/example_short_circuit_operator.py
[2024-09-03T15:51:42.833+0000] {processor.py:925} INFO - DAG(s) 'example_short_circuit_operator' retrieved from /home/airflow/.local/lib/python3.12/site-packages/airflow/example_dags/example_short_circuit_operator.py
[2024-09-03T15:51:42.849+0000] {logging_mixin.py:190} INFO - [2024-09-03T15:51:42.848+0000] {dag.py:3211} INFO - Sync 1 DAGs
[2024-09-03T15:51:42.861+0000] {logging_mixin.py:190} INFO - [2024-09-03T15:51:42.861+0000] {dag.py:4138} INFO - Setting next_dagrun for example_short_circuit_operator to 2024-09-02 00:00:00+00:00, run_after=2024-09-03 00:00:00+00:00
[2024-09-03T15:51:42.871+0000] {processor.py:208} INFO - Processing /home/airflow/.local/lib/python3.12/site-packages/airflow/example_dags/example_short_circuit_operator.py took 0.050 seconds
[2024-09-03T15:52:12.994+0000] {processor.py:186} INFO - Started process (PID=478) to work on /home/airflow/.local/lib/python3.12/site-packages/airflow/example_dags/example_short_circuit_operator.py
[2024-09-03T15:52:12.995+0000] {processor.py:914} INFO - Processing file /home/airflow/.local/lib/python3.12/site-packages/airflow/example_dags/example_short_circuit_operator.py for tasks to queue
[2024-09-03T15:52:12.996+0000] {logging_mixin.py:190} INFO - [2024-09-03T15:52:12.996+0000] {dagbag.py:587} INFO - Filling up the DagBag from /home/airflow/.local/lib/python3.12/site-packages/airflow/example_dags/example_short_circuit_operator.py
[2024-09-03T15:52:13.001+0000] {processor.py:925} INFO - DAG(s) 'example_short_circuit_operator' retrieved from /home/airflow/.local/lib/python3.12/site-packages/airflow/example_dags/example_short_circuit_operator.py
[2024-09-03T15:52:13.017+0000] {logging_mixin.py:190} INFO - [2024-09-03T15:52:13.017+0000] {dag.py:3211} INFO - Sync 1 DAGs
[2024-09-03T15:52:13.029+0000] {logging_mixin.py:190} INFO - [2024-09-03T15:52:13.029+0000] {dag.py:4138} INFO - Setting next_dagrun for example_short_circuit_operator to 2024-09-02 00:00:00+00:00, run_after=2024-09-03 00:00:00+00:00
[2024-09-03T15:52:13.038+0000] {processor.py:208} INFO - Processing /home/airflow/.local/lib/python3.12/site-packages/airflow/example_dags/example_short_circuit_operator.py took 0.047 seconds
[2024-09-03T15:52:43.994+0000] {processor.py:186} INFO - Started process (PID=540) to work on /home/airflow/.local/lib/python3.12/site-packages/airflow/example_dags/example_short_circuit_operator.py
[2024-09-03T15:52:43.994+0000] {processor.py:914} INFO - Processing file /home/airflow/.local/lib/python3.12/site-packages/airflow/example_dags/example_short_circuit_operator.py for tasks to queue
[2024-09-03T15:52:43.996+0000] {logging_mixin.py:190} INFO - [2024-09-03T15:52:43.996+0000] {dagbag.py:587} INFO - Filling up the DagBag from /home/airflow/.local/lib/python3.12/site-packages/airflow/example_dags/example_short_circuit_operator.py
[2024-09-03T15:52:44.001+0000] {processor.py:925} INFO - DAG(s) 'example_short_circuit_operator' retrieved from /home/airflow/.local/lib/python3.12/site-packages/airflow/example_dags/example_short_circuit_operator.py
[2024-09-03T15:52:44.017+0000] {logging_mixin.py:190} INFO - [2024-09-03T15:52:44.017+0000] {dag.py:3211} INFO - Sync 1 DAGs
[2024-09-03T15:52:44.029+0000] {logging_mixin.py:190} INFO - [2024-09-03T15:52:44.029+0000] {dag.py:4138} INFO - Setting next_dagrun for example_short_circuit_operator to 2024-09-02 00:00:00+00:00, run_after=2024-09-03 00:00:00+00:00
[2024-09-03T15:52:44.038+0000] {processor.py:208} INFO - Processing /home/airflow/.local/lib/python3.12/site-packages/airflow/example_dags/example_short_circuit_operator.py took 0.049 seconds
[2024-09-03T15:53:14.960+0000] {processor.py:186} INFO - Started process (PID=601) to work on /home/airflow/.local/lib/python3.12/site-packages/airflow/example_dags/example_short_circuit_operator.py
[2024-09-03T15:53:14.962+0000] {processor.py:914} INFO - Processing file /home/airflow/.local/lib/python3.12/site-packages/airflow/example_dags/example_short_circuit_operator.py for tasks to queue
[2024-09-03T15:53:14.963+0000] {logging_mixin.py:190} INFO - [2024-09-03T15:53:14.963+0000] {dagbag.py:587} INFO - Filling up the DagBag from /home/airflow/.local/lib/python3.12/site-packages/airflow/example_dags/example_short_circuit_operator.py
[2024-09-03T15:53:14.968+0000] {processor.py:925} INFO - DAG(s) 'example_short_circuit_operator' retrieved from /home/airflow/.local/lib/python3.12/site-packages/airflow/example_dags/example_short_circuit_operator.py
[2024-09-03T15:53:14.983+0000] {logging_mixin.py:190} INFO - [2024-09-03T15:53:14.983+0000] {dag.py:3211} INFO - Sync 1 DAGs
[2024-09-03T15:53:14.996+0000] {logging_mixin.py:190} INFO - [2024-09-03T15:53:14.996+0000] {dag.py:4138} INFO - Setting next_dagrun for example_short_circuit_operator to 2024-09-02 00:00:00+00:00, run_after=2024-09-03 00:00:00+00:00
[2024-09-03T15:53:15.005+0000] {processor.py:208} INFO - Processing /home/airflow/.local/lib/python3.12/site-packages/airflow/example_dags/example_short_circuit_operator.py took 0.048 seconds
[2024-09-03T15:53:45.352+0000] {processor.py:186} INFO - Started process (PID=663) to work on /home/airflow/.local/lib/python3.12/site-packages/airflow/example_dags/example_short_circuit_operator.py
[2024-09-03T15:53:45.353+0000] {processor.py:914} INFO - Processing file /home/airflow/.local/lib/python3.12/site-packages/airflow/example_dags/example_short_circuit_operator.py for tasks to queue
[2024-09-03T15:53:45.355+0000] {logging_mixin.py:190} INFO - [2024-09-03T15:53:45.354+0000] {dagbag.py:587} INFO - Filling up the DagBag from /home/airflow/.local/lib/python3.12/site-packages/airflow/example_dags/example_short_circuit_operator.py
[2024-09-03T15:53:45.360+0000] {processor.py:925} INFO - DAG(s) 'example_short_circuit_operator' retrieved from /home/airflow/.local/lib/python3.12/site-packages/airflow/example_dags/example_short_circuit_operator.py
[2024-09-03T15:53:45.375+0000] {logging_mixin.py:190} INFO - [2024-09-03T15:53:45.375+0000] {dag.py:3211} INFO - Sync 1 DAGs
[2024-09-03T15:53:45.393+0000] {logging_mixin.py:190} INFO - [2024-09-03T15:53:45.392+0000] {dag.py:4138} INFO - Setting next_dagrun for example_short_circuit_operator to 2024-09-02 00:00:00+00:00, run_after=2024-09-03 00:00:00+00:00
[2024-09-03T15:53:45.406+0000] {processor.py:208} INFO - Processing /home/airflow/.local/lib/python3.12/site-packages/airflow/example_dags/example_short_circuit_operator.py took 0.059 seconds
[2024-09-03T15:54:16.491+0000] {processor.py:186} INFO - Started process (PID=725) to work on /home/airflow/.local/lib/python3.12/site-packages/airflow/example_dags/example_short_circuit_operator.py
[2024-09-03T15:54:16.492+0000] {processor.py:914} INFO - Processing file /home/airflow/.local/lib/python3.12/site-packages/airflow/example_dags/example_short_circuit_operator.py for tasks to queue
[2024-09-03T15:54:16.493+0000] {logging_mixin.py:190} INFO - [2024-09-03T15:54:16.493+0000] {dagbag.py:587} INFO - Filling up the DagBag from /home/airflow/.local/lib/python3.12/site-packages/airflow/example_dags/example_short_circuit_operator.py
[2024-09-03T15:54:16.500+0000] {processor.py:925} INFO - DAG(s) 'example_short_circuit_operator' retrieved from /home/airflow/.local/lib/python3.12/site-packages/airflow/example_dags/example_short_circuit_operator.py
[2024-09-03T15:54:16.517+0000] {logging_mixin.py:190} INFO - [2024-09-03T15:54:16.516+0000] {dag.py:3211} INFO - Sync 1 DAGs
[2024-09-03T15:54:16.530+0000] {logging_mixin.py:190} INFO - [2024-09-03T15:54:16.530+0000] {dag.py:4138} INFO - Setting next_dagrun for example_short_circuit_operator to 2024-09-02 00:00:00+00:00, run_after=2024-09-03 00:00:00+00:00
[2024-09-03T15:54:16.541+0000] {processor.py:208} INFO - Processing /home/airflow/.local/lib/python3.12/site-packages/airflow/example_dags/example_short_circuit_operator.py took 0.054 seconds
[2024-09-03T15:54:46.947+0000] {processor.py:186} INFO - Started process (PID=786) to work on /home/airflow/.local/lib/python3.12/site-packages/airflow/example_dags/example_short_circuit_operator.py
[2024-09-03T15:54:46.948+0000] {processor.py:914} INFO - Processing file /home/airflow/.local/lib/python3.12/site-packages/airflow/example_dags/example_short_circuit_operator.py for tasks to queue
[2024-09-03T15:54:46.950+0000] {logging_mixin.py:190} INFO - [2024-09-03T15:54:46.950+0000] {dagbag.py:587} INFO - Filling up the DagBag from /home/airflow/.local/lib/python3.12/site-packages/airflow/example_dags/example_short_circuit_operator.py
[2024-09-03T15:54:46.955+0000] {processor.py:925} INFO - DAG(s) 'example_short_circuit_operator' retrieved from /home/airflow/.local/lib/python3.12/site-packages/airflow/example_dags/example_short_circuit_operator.py
[2024-09-03T15:54:46.971+0000] {logging_mixin.py:190} INFO - [2024-09-03T15:54:46.971+0000] {dag.py:3211} INFO - Sync 1 DAGs
[2024-09-03T15:54:46.983+0000] {logging_mixin.py:190} INFO - [2024-09-03T15:54:46.983+0000] {dag.py:4138} INFO - Setting next_dagrun for example_short_circuit_operator to 2024-09-02 00:00:00+00:00, run_after=2024-09-03 00:00:00+00:00
[2024-09-03T15:54:46.992+0000] {processor.py:208} INFO - Processing /home/airflow/.local/lib/python3.12/site-packages/airflow/example_dags/example_short_circuit_operator.py took 0.048 seconds
