[2024-09-03T15:48:37.879+0000] {processor.py:186} INFO - Started process (PID=45) to work on /home/airflow/.local/lib/python3.12/site-packages/airflow/example_dags/example_python_decorator.py
[2024-09-03T15:48:37.880+0000] {processor.py:914} INFO - Processing file /home/airflow/.local/lib/python3.12/site-packages/airflow/example_dags/example_python_decorator.py for tasks to queue
[2024-09-03T15:48:37.882+0000] {logging_mixin.py:190} INFO - [2024-09-03T15:48:37.881+0000] {dagbag.py:587} INFO - Filling up the DagBag from /home/airflow/.local/lib/python3.12/site-packages/airflow/example_dags/example_python_decorator.py
[2024-09-03T15:48:37.900+0000] {processor.py:925} INFO - DAG(s) 'example_python_decorator' retrieved from /home/airflow/.local/lib/python3.12/site-packages/airflow/example_dags/example_python_decorator.py
[2024-09-03T15:48:37.973+0000] {logging_mixin.py:190} INFO - [2024-09-03T15:48:37.972+0000] {override.py:1858} INFO - Created Permission View: can edit on DAG:example_python_decorator
[2024-09-03T15:48:37.978+0000] {logging_mixin.py:190} INFO - [2024-09-03T15:48:37.978+0000] {override.py:1858} INFO - Created Permission View: can read on DAG:example_python_decorator
[2024-09-03T15:48:37.982+0000] {logging_mixin.py:190} INFO - [2024-09-03T15:48:37.982+0000] {override.py:1858} INFO - Created Permission View: can delete on DAG:example_python_decorator
[2024-09-03T15:48:37.982+0000] {logging_mixin.py:190} INFO - [2024-09-03T15:48:37.982+0000] {dag.py:3211} INFO - Sync 1 DAGs
[2024-09-03T15:48:37.991+0000] {logging_mixin.py:190} INFO - [2024-09-03T15:48:37.991+0000] {dag.py:3234} INFO - Creating ORM DAG for example_python_decorator
[2024-09-03T15:48:37.993+0000] {logging_mixin.py:190} INFO - [2024-09-03T15:48:37.992+0000] {dag.py:4138} INFO - Setting next_dagrun for example_python_decorator to None, run_after=None
[2024-09-03T15:48:38.013+0000] {processor.py:208} INFO - Processing /home/airflow/.local/lib/python3.12/site-packages/airflow/example_dags/example_python_decorator.py took 0.137 seconds
[2024-09-03T15:49:08.580+0000] {processor.py:186} INFO - Started process (PID=107) to work on /home/airflow/.local/lib/python3.12/site-packages/airflow/example_dags/example_python_decorator.py
[2024-09-03T15:49:08.581+0000] {processor.py:914} INFO - Processing file /home/airflow/.local/lib/python3.12/site-packages/airflow/example_dags/example_python_decorator.py for tasks to queue
[2024-09-03T15:49:08.582+0000] {logging_mixin.py:190} INFO - [2024-09-03T15:49:08.582+0000] {dagbag.py:587} INFO - Filling up the DagBag from /home/airflow/.local/lib/python3.12/site-packages/airflow/example_dags/example_python_decorator.py
[2024-09-03T15:49:08.591+0000] {processor.py:925} INFO - DAG(s) 'example_python_decorator' retrieved from /home/airflow/.local/lib/python3.12/site-packages/airflow/example_dags/example_python_decorator.py
[2024-09-03T15:49:08.605+0000] {logging_mixin.py:190} INFO - [2024-09-03T15:49:08.605+0000] {dag.py:3211} INFO - Sync 1 DAGs
[2024-09-03T15:49:08.612+0000] {logging_mixin.py:190} INFO - [2024-09-03T15:49:08.612+0000] {dag.py:4138} INFO - Setting next_dagrun for example_python_decorator to None, run_after=None
[2024-09-03T15:49:08.621+0000] {processor.py:208} INFO - Processing /home/airflow/.local/lib/python3.12/site-packages/airflow/example_dags/example_python_decorator.py took 0.044 seconds
[2024-09-03T15:49:39.399+0000] {processor.py:186} INFO - Started process (PID=170) to work on /home/airflow/.local/lib/python3.12/site-packages/airflow/example_dags/example_python_decorator.py
[2024-09-03T15:49:39.399+0000] {processor.py:914} INFO - Processing file /home/airflow/.local/lib/python3.12/site-packages/airflow/example_dags/example_python_decorator.py for tasks to queue
[2024-09-03T15:49:39.401+0000] {logging_mixin.py:190} INFO - [2024-09-03T15:49:39.401+0000] {dagbag.py:587} INFO - Filling up the DagBag from /home/airflow/.local/lib/python3.12/site-packages/airflow/example_dags/example_python_decorator.py
[2024-09-03T15:49:39.412+0000] {processor.py:925} INFO - DAG(s) 'example_python_decorator' retrieved from /home/airflow/.local/lib/python3.12/site-packages/airflow/example_dags/example_python_decorator.py
[2024-09-03T15:49:39.429+0000] {logging_mixin.py:190} INFO - [2024-09-03T15:49:39.429+0000] {dag.py:3211} INFO - Sync 1 DAGs
[2024-09-03T15:49:39.436+0000] {logging_mixin.py:190} INFO - [2024-09-03T15:49:39.436+0000] {dag.py:4138} INFO - Setting next_dagrun for example_python_decorator to None, run_after=None
[2024-09-03T15:49:39.444+0000] {processor.py:208} INFO - Processing /home/airflow/.local/lib/python3.12/site-packages/airflow/example_dags/example_python_decorator.py took 0.049 seconds
[2024-09-03T15:50:10.379+0000] {processor.py:186} INFO - Started process (PID=232) to work on /home/airflow/.local/lib/python3.12/site-packages/airflow/example_dags/example_python_decorator.py
[2024-09-03T15:50:10.380+0000] {processor.py:914} INFO - Processing file /home/airflow/.local/lib/python3.12/site-packages/airflow/example_dags/example_python_decorator.py for tasks to queue
[2024-09-03T15:50:10.382+0000] {logging_mixin.py:190} INFO - [2024-09-03T15:50:10.382+0000] {dagbag.py:587} INFO - Filling up the DagBag from /home/airflow/.local/lib/python3.12/site-packages/airflow/example_dags/example_python_decorator.py
[2024-09-03T15:50:10.392+0000] {processor.py:925} INFO - DAG(s) 'example_python_decorator' retrieved from /home/airflow/.local/lib/python3.12/site-packages/airflow/example_dags/example_python_decorator.py
[2024-09-03T15:50:10.415+0000] {logging_mixin.py:190} INFO - [2024-09-03T15:50:10.414+0000] {dag.py:3211} INFO - Sync 1 DAGs
[2024-09-03T15:50:10.423+0000] {logging_mixin.py:190} INFO - [2024-09-03T15:50:10.423+0000] {dag.py:4138} INFO - Setting next_dagrun for example_python_decorator to None, run_after=None
[2024-09-03T15:50:10.436+0000] {processor.py:208} INFO - Processing /home/airflow/.local/lib/python3.12/site-packages/airflow/example_dags/example_python_decorator.py took 0.061 seconds
[2024-09-03T15:50:40.845+0000] {processor.py:186} INFO - Started process (PID=294) to work on /home/airflow/.local/lib/python3.12/site-packages/airflow/example_dags/example_python_decorator.py
[2024-09-03T15:50:40.846+0000] {processor.py:914} INFO - Processing file /home/airflow/.local/lib/python3.12/site-packages/airflow/example_dags/example_python_decorator.py for tasks to queue
[2024-09-03T15:50:40.848+0000] {logging_mixin.py:190} INFO - [2024-09-03T15:50:40.848+0000] {dagbag.py:587} INFO - Filling up the DagBag from /home/airflow/.local/lib/python3.12/site-packages/airflow/example_dags/example_python_decorator.py
[2024-09-03T15:50:40.857+0000] {processor.py:925} INFO - DAG(s) 'example_python_decorator' retrieved from /home/airflow/.local/lib/python3.12/site-packages/airflow/example_dags/example_python_decorator.py
[2024-09-03T15:50:40.872+0000] {logging_mixin.py:190} INFO - [2024-09-03T15:50:40.872+0000] {dag.py:3211} INFO - Sync 1 DAGs
[2024-09-03T15:50:40.880+0000] {logging_mixin.py:190} INFO - [2024-09-03T15:50:40.880+0000] {dag.py:4138} INFO - Setting next_dagrun for example_python_decorator to None, run_after=None
[2024-09-03T15:50:40.889+0000] {processor.py:208} INFO - Processing /home/airflow/.local/lib/python3.12/site-packages/airflow/example_dags/example_python_decorator.py took 0.048 seconds
[2024-09-03T15:51:11.793+0000] {processor.py:186} INFO - Started process (PID=357) to work on /home/airflow/.local/lib/python3.12/site-packages/airflow/example_dags/example_python_decorator.py
[2024-09-03T15:51:11.794+0000] {processor.py:914} INFO - Processing file /home/airflow/.local/lib/python3.12/site-packages/airflow/example_dags/example_python_decorator.py for tasks to queue
[2024-09-03T15:51:11.796+0000] {logging_mixin.py:190} INFO - [2024-09-03T15:51:11.795+0000] {dagbag.py:587} INFO - Filling up the DagBag from /home/airflow/.local/lib/python3.12/site-packages/airflow/example_dags/example_python_decorator.py
[2024-09-03T15:51:11.808+0000] {processor.py:925} INFO - DAG(s) 'example_python_decorator' retrieved from /home/airflow/.local/lib/python3.12/site-packages/airflow/example_dags/example_python_decorator.py
[2024-09-03T15:51:11.824+0000] {logging_mixin.py:190} INFO - [2024-09-03T15:51:11.824+0000] {dag.py:3211} INFO - Sync 1 DAGs
[2024-09-03T15:51:11.832+0000] {logging_mixin.py:190} INFO - [2024-09-03T15:51:11.832+0000] {dag.py:4138} INFO - Setting next_dagrun for example_python_decorator to None, run_after=None
[2024-09-03T15:51:11.841+0000] {processor.py:208} INFO - Processing /home/airflow/.local/lib/python3.12/site-packages/airflow/example_dags/example_python_decorator.py took 0.052 seconds
[2024-09-03T15:51:42.932+0000] {processor.py:186} INFO - Started process (PID=419) to work on /home/airflow/.local/lib/python3.12/site-packages/airflow/example_dags/example_python_decorator.py
[2024-09-03T15:51:42.933+0000] {processor.py:914} INFO - Processing file /home/airflow/.local/lib/python3.12/site-packages/airflow/example_dags/example_python_decorator.py for tasks to queue
[2024-09-03T15:51:42.935+0000] {logging_mixin.py:190} INFO - [2024-09-03T15:51:42.934+0000] {dagbag.py:587} INFO - Filling up the DagBag from /home/airflow/.local/lib/python3.12/site-packages/airflow/example_dags/example_python_decorator.py
[2024-09-03T15:51:42.943+0000] {processor.py:925} INFO - DAG(s) 'example_python_decorator' retrieved from /home/airflow/.local/lib/python3.12/site-packages/airflow/example_dags/example_python_decorator.py
[2024-09-03T15:51:42.958+0000] {logging_mixin.py:190} INFO - [2024-09-03T15:51:42.958+0000] {dag.py:3211} INFO - Sync 1 DAGs
[2024-09-03T15:51:42.967+0000] {logging_mixin.py:190} INFO - [2024-09-03T15:51:42.966+0000] {dag.py:4138} INFO - Setting next_dagrun for example_python_decorator to None, run_after=None
[2024-09-03T15:51:42.976+0000] {processor.py:208} INFO - Processing /home/airflow/.local/lib/python3.12/site-packages/airflow/example_dags/example_python_decorator.py took 0.048 seconds
[2024-09-03T15:52:13.111+0000] {processor.py:186} INFO - Started process (PID=481) to work on /home/airflow/.local/lib/python3.12/site-packages/airflow/example_dags/example_python_decorator.py
[2024-09-03T15:52:13.112+0000] {processor.py:914} INFO - Processing file /home/airflow/.local/lib/python3.12/site-packages/airflow/example_dags/example_python_decorator.py for tasks to queue
[2024-09-03T15:52:13.114+0000] {logging_mixin.py:190} INFO - [2024-09-03T15:52:13.114+0000] {dagbag.py:587} INFO - Filling up the DagBag from /home/airflow/.local/lib/python3.12/site-packages/airflow/example_dags/example_python_decorator.py
[2024-09-03T15:52:13.122+0000] {processor.py:925} INFO - DAG(s) 'example_python_decorator' retrieved from /home/airflow/.local/lib/python3.12/site-packages/airflow/example_dags/example_python_decorator.py
[2024-09-03T15:52:13.136+0000] {logging_mixin.py:190} INFO - [2024-09-03T15:52:13.136+0000] {dag.py:3211} INFO - Sync 1 DAGs
[2024-09-03T15:52:13.143+0000] {logging_mixin.py:190} INFO - [2024-09-03T15:52:13.143+0000] {dag.py:4138} INFO - Setting next_dagrun for example_python_decorator to None, run_after=None
[2024-09-03T15:52:13.151+0000] {processor.py:208} INFO - Processing /home/airflow/.local/lib/python3.12/site-packages/airflow/example_dags/example_python_decorator.py took 0.043 seconds
[2024-09-03T15:52:44.113+0000] {processor.py:186} INFO - Started process (PID=543) to work on /home/airflow/.local/lib/python3.12/site-packages/airflow/example_dags/example_python_decorator.py
[2024-09-03T15:52:44.113+0000] {processor.py:914} INFO - Processing file /home/airflow/.local/lib/python3.12/site-packages/airflow/example_dags/example_python_decorator.py for tasks to queue
[2024-09-03T15:52:44.115+0000] {logging_mixin.py:190} INFO - [2024-09-03T15:52:44.115+0000] {dagbag.py:587} INFO - Filling up the DagBag from /home/airflow/.local/lib/python3.12/site-packages/airflow/example_dags/example_python_decorator.py
[2024-09-03T15:52:44.124+0000] {processor.py:925} INFO - DAG(s) 'example_python_decorator' retrieved from /home/airflow/.local/lib/python3.12/site-packages/airflow/example_dags/example_python_decorator.py
[2024-09-03T15:52:44.138+0000] {logging_mixin.py:190} INFO - [2024-09-03T15:52:44.138+0000] {dag.py:3211} INFO - Sync 1 DAGs
[2024-09-03T15:52:44.146+0000] {logging_mixin.py:190} INFO - [2024-09-03T15:52:44.146+0000] {dag.py:4138} INFO - Setting next_dagrun for example_python_decorator to None, run_after=None
[2024-09-03T15:52:44.154+0000] {processor.py:208} INFO - Processing /home/airflow/.local/lib/python3.12/site-packages/airflow/example_dags/example_python_decorator.py took 0.045 seconds
[2024-09-03T15:53:15.078+0000] {processor.py:186} INFO - Started process (PID=604) to work on /home/airflow/.local/lib/python3.12/site-packages/airflow/example_dags/example_python_decorator.py
[2024-09-03T15:53:15.079+0000] {processor.py:914} INFO - Processing file /home/airflow/.local/lib/python3.12/site-packages/airflow/example_dags/example_python_decorator.py for tasks to queue
[2024-09-03T15:53:15.081+0000] {logging_mixin.py:190} INFO - [2024-09-03T15:53:15.081+0000] {dagbag.py:587} INFO - Filling up the DagBag from /home/airflow/.local/lib/python3.12/site-packages/airflow/example_dags/example_python_decorator.py
[2024-09-03T15:53:15.093+0000] {processor.py:925} INFO - DAG(s) 'example_python_decorator' retrieved from /home/airflow/.local/lib/python3.12/site-packages/airflow/example_dags/example_python_decorator.py
[2024-09-03T15:53:15.110+0000] {logging_mixin.py:190} INFO - [2024-09-03T15:53:15.110+0000] {dag.py:3211} INFO - Sync 1 DAGs
[2024-09-03T15:53:15.121+0000] {logging_mixin.py:190} INFO - [2024-09-03T15:53:15.121+0000] {dag.py:4138} INFO - Setting next_dagrun for example_python_decorator to None, run_after=None
[2024-09-03T15:53:15.134+0000] {processor.py:208} INFO - Processing /home/airflow/.local/lib/python3.12/site-packages/airflow/example_dags/example_python_decorator.py took 0.060 seconds
[2024-09-03T15:53:45.654+0000] {processor.py:186} INFO - Started process (PID=666) to work on /home/airflow/.local/lib/python3.12/site-packages/airflow/example_dags/example_python_decorator.py
[2024-09-03T15:53:45.655+0000] {processor.py:914} INFO - Processing file /home/airflow/.local/lib/python3.12/site-packages/airflow/example_dags/example_python_decorator.py for tasks to queue
[2024-09-03T15:53:45.658+0000] {logging_mixin.py:190} INFO - [2024-09-03T15:53:45.657+0000] {dagbag.py:587} INFO - Filling up the DagBag from /home/airflow/.local/lib/python3.12/site-packages/airflow/example_dags/example_python_decorator.py
[2024-09-03T15:53:45.676+0000] {processor.py:925} INFO - DAG(s) 'example_python_decorator' retrieved from /home/airflow/.local/lib/python3.12/site-packages/airflow/example_dags/example_python_decorator.py
[2024-09-03T15:53:45.701+0000] {logging_mixin.py:190} INFO - [2024-09-03T15:53:45.701+0000] {dag.py:3211} INFO - Sync 1 DAGs
[2024-09-03T15:53:45.711+0000] {logging_mixin.py:190} INFO - [2024-09-03T15:53:45.711+0000] {dag.py:4138} INFO - Setting next_dagrun for example_python_decorator to None, run_after=None
[2024-09-03T15:53:45.729+0000] {processor.py:208} INFO - Processing /home/airflow/.local/lib/python3.12/site-packages/airflow/example_dags/example_python_decorator.py took 0.079 seconds
[2024-09-03T15:54:16.626+0000] {processor.py:186} INFO - Started process (PID=728) to work on /home/airflow/.local/lib/python3.12/site-packages/airflow/example_dags/example_python_decorator.py
[2024-09-03T15:54:16.627+0000] {processor.py:914} INFO - Processing file /home/airflow/.local/lib/python3.12/site-packages/airflow/example_dags/example_python_decorator.py for tasks to queue
[2024-09-03T15:54:16.628+0000] {logging_mixin.py:190} INFO - [2024-09-03T15:54:16.628+0000] {dagbag.py:587} INFO - Filling up the DagBag from /home/airflow/.local/lib/python3.12/site-packages/airflow/example_dags/example_python_decorator.py
[2024-09-03T15:54:16.636+0000] {processor.py:925} INFO - DAG(s) 'example_python_decorator' retrieved from /home/airflow/.local/lib/python3.12/site-packages/airflow/example_dags/example_python_decorator.py
[2024-09-03T15:54:16.650+0000] {logging_mixin.py:190} INFO - [2024-09-03T15:54:16.650+0000] {dag.py:3211} INFO - Sync 1 DAGs
[2024-09-03T15:54:16.657+0000] {logging_mixin.py:190} INFO - [2024-09-03T15:54:16.657+0000] {dag.py:4138} INFO - Setting next_dagrun for example_python_decorator to None, run_after=None
[2024-09-03T15:54:16.666+0000] {processor.py:208} INFO - Processing /home/airflow/.local/lib/python3.12/site-packages/airflow/example_dags/example_python_decorator.py took 0.044 seconds
[2024-09-03T15:54:47.075+0000] {processor.py:186} INFO - Started process (PID=789) to work on /home/airflow/.local/lib/python3.12/site-packages/airflow/example_dags/example_python_decorator.py
[2024-09-03T15:54:47.076+0000] {processor.py:914} INFO - Processing file /home/airflow/.local/lib/python3.12/site-packages/airflow/example_dags/example_python_decorator.py for tasks to queue
[2024-09-03T15:54:47.077+0000] {logging_mixin.py:190} INFO - [2024-09-03T15:54:47.077+0000] {dagbag.py:587} INFO - Filling up the DagBag from /home/airflow/.local/lib/python3.12/site-packages/airflow/example_dags/example_python_decorator.py
[2024-09-03T15:54:47.087+0000] {processor.py:925} INFO - DAG(s) 'example_python_decorator' retrieved from /home/airflow/.local/lib/python3.12/site-packages/airflow/example_dags/example_python_decorator.py
[2024-09-03T15:54:47.106+0000] {logging_mixin.py:190} INFO - [2024-09-03T15:54:47.106+0000] {dag.py:3211} INFO - Sync 1 DAGs
[2024-09-03T15:54:47.114+0000] {logging_mixin.py:190} INFO - [2024-09-03T15:54:47.114+0000] {dag.py:4138} INFO - Setting next_dagrun for example_python_decorator to None, run_after=None
[2024-09-03T15:54:47.123+0000] {processor.py:208} INFO - Processing /home/airflow/.local/lib/python3.12/site-packages/airflow/example_dags/example_python_decorator.py took 0.052 seconds
