[2024-09-03T15:48:37.531+0000] {processor.py:186} INFO - Started process (PID=41) to work on /home/airflow/.local/lib/python3.12/site-packages/airflow/example_dags/example_task_group.py
[2024-09-03T15:48:37.532+0000] {processor.py:914} INFO - Processing file /home/airflow/.local/lib/python3.12/site-packages/airflow/example_dags/example_task_group.py for tasks to queue
[2024-09-03T15:48:37.534+0000] {logging_mixin.py:190} INFO - [2024-09-03T15:48:37.533+0000] {dagbag.py:587} INFO - Filling up the DagBag from /home/airflow/.local/lib/python3.12/site-packages/airflow/example_dags/example_task_group.py
[2024-09-03T15:48:37.541+0000] {processor.py:925} INFO - DAG(s) 'example_task_group' retrieved from /home/airflow/.local/lib/python3.12/site-packages/airflow/example_dags/example_task_group.py
[2024-09-03T15:48:37.628+0000] {logging_mixin.py:190} INFO - [2024-09-03T15:48:37.628+0000] {override.py:1858} INFO - Created Permission View: can edit on DAG:example_task_group
[2024-09-03T15:48:37.634+0000] {logging_mixin.py:190} INFO - [2024-09-03T15:48:37.633+0000] {override.py:1858} INFO - Created Permission View: can read on DAG:example_task_group
[2024-09-03T15:48:37.638+0000] {logging_mixin.py:190} INFO - [2024-09-03T15:48:37.638+0000] {override.py:1858} INFO - Created Permission View: can delete on DAG:example_task_group
[2024-09-03T15:48:37.638+0000] {logging_mixin.py:190} INFO - [2024-09-03T15:48:37.638+0000] {dag.py:3211} INFO - Sync 1 DAGs
[2024-09-03T15:48:37.645+0000] {logging_mixin.py:190} INFO - [2024-09-03T15:48:37.645+0000] {dag.py:3234} INFO - Creating ORM DAG for example_task_group
[2024-09-03T15:48:37.652+0000] {logging_mixin.py:190} INFO - [2024-09-03T15:48:37.652+0000] {dag.py:4138} INFO - Setting next_dagrun for example_task_group to 2024-09-02 00:00:00+00:00, run_after=2024-09-03 00:00:00+00:00
[2024-09-03T15:48:37.660+0000] {processor.py:208} INFO - Processing /home/airflow/.local/lib/python3.12/site-packages/airflow/example_dags/example_task_group.py took 0.133 seconds
[2024-09-03T15:49:08.453+0000] {processor.py:186} INFO - Started process (PID=103) to work on /home/airflow/.local/lib/python3.12/site-packages/airflow/example_dags/example_task_group.py
[2024-09-03T15:49:08.454+0000] {processor.py:914} INFO - Processing file /home/airflow/.local/lib/python3.12/site-packages/airflow/example_dags/example_task_group.py for tasks to queue
[2024-09-03T15:49:08.456+0000] {logging_mixin.py:190} INFO - [2024-09-03T15:49:08.456+0000] {dagbag.py:587} INFO - Filling up the DagBag from /home/airflow/.local/lib/python3.12/site-packages/airflow/example_dags/example_task_group.py
[2024-09-03T15:49:08.461+0000] {processor.py:925} INFO - DAG(s) 'example_task_group' retrieved from /home/airflow/.local/lib/python3.12/site-packages/airflow/example_dags/example_task_group.py
[2024-09-03T15:49:08.475+0000] {logging_mixin.py:190} INFO - [2024-09-03T15:49:08.475+0000] {dag.py:3211} INFO - Sync 1 DAGs
[2024-09-03T15:49:08.487+0000] {logging_mixin.py:190} INFO - [2024-09-03T15:49:08.487+0000] {dag.py:4138} INFO - Setting next_dagrun for example_task_group to 2024-09-02 00:00:00+00:00, run_after=2024-09-03 00:00:00+00:00
[2024-09-03T15:49:08.495+0000] {processor.py:208} INFO - Processing /home/airflow/.local/lib/python3.12/site-packages/airflow/example_dags/example_task_group.py took 0.045 seconds
[2024-09-03T15:49:39.264+0000] {processor.py:186} INFO - Started process (PID=166) to work on /home/airflow/.local/lib/python3.12/site-packages/airflow/example_dags/example_task_group.py
[2024-09-03T15:49:39.265+0000] {processor.py:914} INFO - Processing file /home/airflow/.local/lib/python3.12/site-packages/airflow/example_dags/example_task_group.py for tasks to queue
[2024-09-03T15:49:39.267+0000] {logging_mixin.py:190} INFO - [2024-09-03T15:49:39.266+0000] {dagbag.py:587} INFO - Filling up the DagBag from /home/airflow/.local/lib/python3.12/site-packages/airflow/example_dags/example_task_group.py
[2024-09-03T15:49:39.273+0000] {processor.py:925} INFO - DAG(s) 'example_task_group' retrieved from /home/airflow/.local/lib/python3.12/site-packages/airflow/example_dags/example_task_group.py
[2024-09-03T15:49:39.289+0000] {logging_mixin.py:190} INFO - [2024-09-03T15:49:39.289+0000] {dag.py:3211} INFO - Sync 1 DAGs
[2024-09-03T15:49:39.301+0000] {logging_mixin.py:190} INFO - [2024-09-03T15:49:39.301+0000] {dag.py:4138} INFO - Setting next_dagrun for example_task_group to 2024-09-02 00:00:00+00:00, run_after=2024-09-03 00:00:00+00:00
[2024-09-03T15:49:39.311+0000] {processor.py:208} INFO - Processing /home/airflow/.local/lib/python3.12/site-packages/airflow/example_dags/example_task_group.py took 0.050 seconds
[2024-09-03T15:50:10.213+0000] {processor.py:186} INFO - Started process (PID=228) to work on /home/airflow/.local/lib/python3.12/site-packages/airflow/example_dags/example_task_group.py
[2024-09-03T15:50:10.214+0000] {processor.py:914} INFO - Processing file /home/airflow/.local/lib/python3.12/site-packages/airflow/example_dags/example_task_group.py for tasks to queue
[2024-09-03T15:50:10.215+0000] {logging_mixin.py:190} INFO - [2024-09-03T15:50:10.215+0000] {dagbag.py:587} INFO - Filling up the DagBag from /home/airflow/.local/lib/python3.12/site-packages/airflow/example_dags/example_task_group.py
[2024-09-03T15:50:10.222+0000] {processor.py:925} INFO - DAG(s) 'example_task_group' retrieved from /home/airflow/.local/lib/python3.12/site-packages/airflow/example_dags/example_task_group.py
[2024-09-03T15:50:10.238+0000] {logging_mixin.py:190} INFO - [2024-09-03T15:50:10.238+0000] {dag.py:3211} INFO - Sync 1 DAGs
[2024-09-03T15:50:10.253+0000] {logging_mixin.py:190} INFO - [2024-09-03T15:50:10.253+0000] {dag.py:4138} INFO - Setting next_dagrun for example_task_group to 2024-09-02 00:00:00+00:00, run_after=2024-09-03 00:00:00+00:00
[2024-09-03T15:50:10.274+0000] {processor.py:208} INFO - Processing /home/airflow/.local/lib/python3.12/site-packages/airflow/example_dags/example_task_group.py took 0.065 seconds
[2024-09-03T15:50:40.704+0000] {processor.py:186} INFO - Started process (PID=290) to work on /home/airflow/.local/lib/python3.12/site-packages/airflow/example_dags/example_task_group.py
[2024-09-03T15:50:40.705+0000] {processor.py:914} INFO - Processing file /home/airflow/.local/lib/python3.12/site-packages/airflow/example_dags/example_task_group.py for tasks to queue
[2024-09-03T15:50:40.706+0000] {logging_mixin.py:190} INFO - [2024-09-03T15:50:40.706+0000] {dagbag.py:587} INFO - Filling up the DagBag from /home/airflow/.local/lib/python3.12/site-packages/airflow/example_dags/example_task_group.py
[2024-09-03T15:50:40.711+0000] {processor.py:925} INFO - DAG(s) 'example_task_group' retrieved from /home/airflow/.local/lib/python3.12/site-packages/airflow/example_dags/example_task_group.py
[2024-09-03T15:50:40.725+0000] {logging_mixin.py:190} INFO - [2024-09-03T15:50:40.725+0000] {dag.py:3211} INFO - Sync 1 DAGs
[2024-09-03T15:50:40.736+0000] {logging_mixin.py:190} INFO - [2024-09-03T15:50:40.735+0000] {dag.py:4138} INFO - Setting next_dagrun for example_task_group to 2024-09-02 00:00:00+00:00, run_after=2024-09-03 00:00:00+00:00
[2024-09-03T15:50:40.743+0000] {processor.py:208} INFO - Processing /home/airflow/.local/lib/python3.12/site-packages/airflow/example_dags/example_task_group.py took 0.043 seconds
[2024-09-03T15:51:11.658+0000] {processor.py:186} INFO - Started process (PID=353) to work on /home/airflow/.local/lib/python3.12/site-packages/airflow/example_dags/example_task_group.py
[2024-09-03T15:51:11.659+0000] {processor.py:914} INFO - Processing file /home/airflow/.local/lib/python3.12/site-packages/airflow/example_dags/example_task_group.py for tasks to queue
[2024-09-03T15:51:11.661+0000] {logging_mixin.py:190} INFO - [2024-09-03T15:51:11.661+0000] {dagbag.py:587} INFO - Filling up the DagBag from /home/airflow/.local/lib/python3.12/site-packages/airflow/example_dags/example_task_group.py
[2024-09-03T15:51:11.667+0000] {processor.py:925} INFO - DAG(s) 'example_task_group' retrieved from /home/airflow/.local/lib/python3.12/site-packages/airflow/example_dags/example_task_group.py
[2024-09-03T15:51:11.681+0000] {logging_mixin.py:190} INFO - [2024-09-03T15:51:11.681+0000] {dag.py:3211} INFO - Sync 1 DAGs
[2024-09-03T15:51:11.693+0000] {logging_mixin.py:190} INFO - [2024-09-03T15:51:11.693+0000] {dag.py:4138} INFO - Setting next_dagrun for example_task_group to 2024-09-02 00:00:00+00:00, run_after=2024-09-03 00:00:00+00:00
[2024-09-03T15:51:11.703+0000] {processor.py:208} INFO - Processing /home/airflow/.local/lib/python3.12/site-packages/airflow/example_dags/example_task_group.py took 0.048 seconds
[2024-09-03T15:51:42.800+0000] {processor.py:186} INFO - Started process (PID=415) to work on /home/airflow/.local/lib/python3.12/site-packages/airflow/example_dags/example_task_group.py
[2024-09-03T15:51:42.801+0000] {processor.py:914} INFO - Processing file /home/airflow/.local/lib/python3.12/site-packages/airflow/example_dags/example_task_group.py for tasks to queue
[2024-09-03T15:51:42.803+0000] {logging_mixin.py:190} INFO - [2024-09-03T15:51:42.803+0000] {dagbag.py:587} INFO - Filling up the DagBag from /home/airflow/.local/lib/python3.12/site-packages/airflow/example_dags/example_task_group.py
[2024-09-03T15:51:42.809+0000] {processor.py:925} INFO - DAG(s) 'example_task_group' retrieved from /home/airflow/.local/lib/python3.12/site-packages/airflow/example_dags/example_task_group.py
[2024-09-03T15:51:42.824+0000] {logging_mixin.py:190} INFO - [2024-09-03T15:51:42.823+0000] {dag.py:3211} INFO - Sync 1 DAGs
[2024-09-03T15:51:42.836+0000] {logging_mixin.py:190} INFO - [2024-09-03T15:51:42.836+0000] {dag.py:4138} INFO - Setting next_dagrun for example_task_group to 2024-09-02 00:00:00+00:00, run_after=2024-09-03 00:00:00+00:00
[2024-09-03T15:51:42.845+0000] {processor.py:208} INFO - Processing /home/airflow/.local/lib/python3.12/site-packages/airflow/example_dags/example_task_group.py took 0.048 seconds
[2024-09-03T15:52:12.983+0000] {processor.py:186} INFO - Started process (PID=477) to work on /home/airflow/.local/lib/python3.12/site-packages/airflow/example_dags/example_task_group.py
[2024-09-03T15:52:12.984+0000] {processor.py:914} INFO - Processing file /home/airflow/.local/lib/python3.12/site-packages/airflow/example_dags/example_task_group.py for tasks to queue
[2024-09-03T15:52:12.986+0000] {logging_mixin.py:190} INFO - [2024-09-03T15:52:12.986+0000] {dagbag.py:587} INFO - Filling up the DagBag from /home/airflow/.local/lib/python3.12/site-packages/airflow/example_dags/example_task_group.py
[2024-09-03T15:52:12.992+0000] {processor.py:925} INFO - DAG(s) 'example_task_group' retrieved from /home/airflow/.local/lib/python3.12/site-packages/airflow/example_dags/example_task_group.py
[2024-09-03T15:52:13.007+0000] {logging_mixin.py:190} INFO - [2024-09-03T15:52:13.006+0000] {dag.py:3211} INFO - Sync 1 DAGs
[2024-09-03T15:52:13.019+0000] {logging_mixin.py:190} INFO - [2024-09-03T15:52:13.019+0000] {dag.py:4138} INFO - Setting next_dagrun for example_task_group to 2024-09-02 00:00:00+00:00, run_after=2024-09-03 00:00:00+00:00
[2024-09-03T15:52:13.027+0000] {processor.py:208} INFO - Processing /home/airflow/.local/lib/python3.12/site-packages/airflow/example_dags/example_task_group.py took 0.048 seconds
[2024-09-03T15:52:43.982+0000] {processor.py:186} INFO - Started process (PID=539) to work on /home/airflow/.local/lib/python3.12/site-packages/airflow/example_dags/example_task_group.py
[2024-09-03T15:52:43.983+0000] {processor.py:914} INFO - Processing file /home/airflow/.local/lib/python3.12/site-packages/airflow/example_dags/example_task_group.py for tasks to queue
[2024-09-03T15:52:43.984+0000] {logging_mixin.py:190} INFO - [2024-09-03T15:52:43.984+0000] {dagbag.py:587} INFO - Filling up the DagBag from /home/airflow/.local/lib/python3.12/site-packages/airflow/example_dags/example_task_group.py
[2024-09-03T15:52:43.990+0000] {processor.py:925} INFO - DAG(s) 'example_task_group' retrieved from /home/airflow/.local/lib/python3.12/site-packages/airflow/example_dags/example_task_group.py
[2024-09-03T15:52:44.005+0000] {logging_mixin.py:190} INFO - [2024-09-03T15:52:44.005+0000] {dag.py:3211} INFO - Sync 1 DAGs
[2024-09-03T15:52:44.017+0000] {logging_mixin.py:190} INFO - [2024-09-03T15:52:44.017+0000] {dag.py:4138} INFO - Setting next_dagrun for example_task_group to 2024-09-02 00:00:00+00:00, run_after=2024-09-03 00:00:00+00:00
[2024-09-03T15:52:44.025+0000] {processor.py:208} INFO - Processing /home/airflow/.local/lib/python3.12/site-packages/airflow/example_dags/example_task_group.py took 0.047 seconds
[2024-09-03T15:53:14.949+0000] {processor.py:186} INFO - Started process (PID=600) to work on /home/airflow/.local/lib/python3.12/site-packages/airflow/example_dags/example_task_group.py
[2024-09-03T15:53:14.950+0000] {processor.py:914} INFO - Processing file /home/airflow/.local/lib/python3.12/site-packages/airflow/example_dags/example_task_group.py for tasks to queue
[2024-09-03T15:53:14.951+0000] {logging_mixin.py:190} INFO - [2024-09-03T15:53:14.951+0000] {dagbag.py:587} INFO - Filling up the DagBag from /home/airflow/.local/lib/python3.12/site-packages/airflow/example_dags/example_task_group.py
[2024-09-03T15:53:14.957+0000] {processor.py:925} INFO - DAG(s) 'example_task_group' retrieved from /home/airflow/.local/lib/python3.12/site-packages/airflow/example_dags/example_task_group.py
[2024-09-03T15:53:14.971+0000] {logging_mixin.py:190} INFO - [2024-09-03T15:53:14.971+0000] {dag.py:3211} INFO - Sync 1 DAGs
[2024-09-03T15:53:14.983+0000] {logging_mixin.py:190} INFO - [2024-09-03T15:53:14.982+0000] {dag.py:4138} INFO - Setting next_dagrun for example_task_group to 2024-09-02 00:00:00+00:00, run_after=2024-09-03 00:00:00+00:00
[2024-09-03T15:53:14.991+0000] {processor.py:208} INFO - Processing /home/airflow/.local/lib/python3.12/site-packages/airflow/example_dags/example_task_group.py took 0.046 seconds
[2024-09-03T15:53:45.337+0000] {processor.py:186} INFO - Started process (PID=662) to work on /home/airflow/.local/lib/python3.12/site-packages/airflow/example_dags/example_task_group.py
[2024-09-03T15:53:45.338+0000] {processor.py:914} INFO - Processing file /home/airflow/.local/lib/python3.12/site-packages/airflow/example_dags/example_task_group.py for tasks to queue
[2024-09-03T15:53:45.339+0000] {logging_mixin.py:190} INFO - [2024-09-03T15:53:45.339+0000] {dagbag.py:587} INFO - Filling up the DagBag from /home/airflow/.local/lib/python3.12/site-packages/airflow/example_dags/example_task_group.py
[2024-09-03T15:53:45.345+0000] {processor.py:925} INFO - DAG(s) 'example_task_group' retrieved from /home/airflow/.local/lib/python3.12/site-packages/airflow/example_dags/example_task_group.py
[2024-09-03T15:53:45.361+0000] {logging_mixin.py:190} INFO - [2024-09-03T15:53:45.361+0000] {dag.py:3211} INFO - Sync 1 DAGs
[2024-09-03T15:53:45.373+0000] {logging_mixin.py:190} INFO - [2024-09-03T15:53:45.373+0000] {dag.py:4138} INFO - Setting next_dagrun for example_task_group to 2024-09-02 00:00:00+00:00, run_after=2024-09-03 00:00:00+00:00
[2024-09-03T15:53:45.383+0000] {processor.py:208} INFO - Processing /home/airflow/.local/lib/python3.12/site-packages/airflow/example_dags/example_task_group.py took 0.050 seconds
[2024-09-03T15:54:16.477+0000] {processor.py:186} INFO - Started process (PID=724) to work on /home/airflow/.local/lib/python3.12/site-packages/airflow/example_dags/example_task_group.py
[2024-09-03T15:54:16.479+0000] {processor.py:914} INFO - Processing file /home/airflow/.local/lib/python3.12/site-packages/airflow/example_dags/example_task_group.py for tasks to queue
[2024-09-03T15:54:16.482+0000] {logging_mixin.py:190} INFO - [2024-09-03T15:54:16.482+0000] {dagbag.py:587} INFO - Filling up the DagBag from /home/airflow/.local/lib/python3.12/site-packages/airflow/example_dags/example_task_group.py
[2024-09-03T15:54:16.489+0000] {processor.py:925} INFO - DAG(s) 'example_task_group' retrieved from /home/airflow/.local/lib/python3.12/site-packages/airflow/example_dags/example_task_group.py
[2024-09-03T15:54:16.505+0000] {logging_mixin.py:190} INFO - [2024-09-03T15:54:16.504+0000] {dag.py:3211} INFO - Sync 1 DAGs
[2024-09-03T15:54:16.518+0000] {logging_mixin.py:190} INFO - [2024-09-03T15:54:16.518+0000] {dag.py:4138} INFO - Setting next_dagrun for example_task_group to 2024-09-02 00:00:00+00:00, run_after=2024-09-03 00:00:00+00:00
[2024-09-03T15:54:16.528+0000] {processor.py:208} INFO - Processing /home/airflow/.local/lib/python3.12/site-packages/airflow/example_dags/example_task_group.py took 0.057 seconds
[2024-09-03T15:54:46.931+0000] {processor.py:186} INFO - Started process (PID=785) to work on /home/airflow/.local/lib/python3.12/site-packages/airflow/example_dags/example_task_group.py
[2024-09-03T15:54:46.932+0000] {processor.py:914} INFO - Processing file /home/airflow/.local/lib/python3.12/site-packages/airflow/example_dags/example_task_group.py for tasks to queue
[2024-09-03T15:54:46.934+0000] {logging_mixin.py:190} INFO - [2024-09-03T15:54:46.934+0000] {dagbag.py:587} INFO - Filling up the DagBag from /home/airflow/.local/lib/python3.12/site-packages/airflow/example_dags/example_task_group.py
[2024-09-03T15:54:46.940+0000] {processor.py:925} INFO - DAG(s) 'example_task_group' retrieved from /home/airflow/.local/lib/python3.12/site-packages/airflow/example_dags/example_task_group.py
[2024-09-03T15:54:46.954+0000] {logging_mixin.py:190} INFO - [2024-09-03T15:54:46.954+0000] {dag.py:3211} INFO - Sync 1 DAGs
[2024-09-03T15:54:46.967+0000] {logging_mixin.py:190} INFO - [2024-09-03T15:54:46.967+0000] {dag.py:4138} INFO - Setting next_dagrun for example_task_group to 2024-09-02 00:00:00+00:00, run_after=2024-09-03 00:00:00+00:00
[2024-09-03T15:54:46.976+0000] {processor.py:208} INFO - Processing /home/airflow/.local/lib/python3.12/site-packages/airflow/example_dags/example_task_group.py took 0.049 seconds
