[2024-09-03T15:48:37.852+0000] {processor.py:186} INFO - Started process (PID=44) to work on /home/airflow/.local/lib/python3.12/site-packages/airflow/example_dags/example_sensors.py
[2024-09-03T15:48:37.852+0000] {processor.py:914} INFO - Processing file /home/airflow/.local/lib/python3.12/site-packages/airflow/example_dags/example_sensors.py for tasks to queue
[2024-09-03T15:48:37.854+0000] {logging_mixin.py:190} INFO - [2024-09-03T15:48:37.854+0000] {dagbag.py:587} INFO - Filling up the DagBag from /home/airflow/.local/lib/python3.12/site-packages/airflow/example_dags/example_sensors.py
[2024-09-03T15:48:37.863+0000] {processor.py:925} INFO - DAG(s) 'example_sensors' retrieved from /home/airflow/.local/lib/python3.12/site-packages/airflow/example_dags/example_sensors.py
[2024-09-03T15:48:37.943+0000] {logging_mixin.py:190} INFO - [2024-09-03T15:48:37.942+0000] {override.py:1858} INFO - Created Permission View: can edit on DAG:example_sensors
[2024-09-03T15:48:37.947+0000] {logging_mixin.py:190} INFO - [2024-09-03T15:48:37.947+0000] {override.py:1858} INFO - Created Permission View: can read on DAG:example_sensors
[2024-09-03T15:48:37.950+0000] {logging_mixin.py:190} INFO - [2024-09-03T15:48:37.950+0000] {override.py:1858} INFO - Created Permission View: can delete on DAG:example_sensors
[2024-09-03T15:48:37.960+0000] {logging_mixin.py:190} INFO - [2024-09-03T15:48:37.960+0000] {dag.py:3211} INFO - Sync 1 DAGs
[2024-09-03T15:48:37.967+0000] {logging_mixin.py:190} INFO - [2024-09-03T15:48:37.967+0000] {dag.py:3234} INFO - Creating ORM DAG for example_sensors
[2024-09-03T15:48:37.968+0000] {logging_mixin.py:190} INFO - [2024-09-03T15:48:37.967+0000] {dag.py:4138} INFO - Setting next_dagrun for example_sensors to None, run_after=None
[2024-09-03T15:48:37.976+0000] {processor.py:208} INFO - Processing /home/airflow/.local/lib/python3.12/site-packages/airflow/example_dags/example_sensors.py took 0.129 seconds
[2024-09-03T15:49:08.528+0000] {processor.py:186} INFO - Started process (PID=106) to work on /home/airflow/.local/lib/python3.12/site-packages/airflow/example_dags/example_sensors.py
[2024-09-03T15:49:08.529+0000] {processor.py:914} INFO - Processing file /home/airflow/.local/lib/python3.12/site-packages/airflow/example_dags/example_sensors.py for tasks to queue
[2024-09-03T15:49:08.531+0000] {logging_mixin.py:190} INFO - [2024-09-03T15:49:08.530+0000] {dagbag.py:587} INFO - Filling up the DagBag from /home/airflow/.local/lib/python3.12/site-packages/airflow/example_dags/example_sensors.py
[2024-09-03T15:49:08.537+0000] {processor.py:925} INFO - DAG(s) 'example_sensors' retrieved from /home/airflow/.local/lib/python3.12/site-packages/airflow/example_dags/example_sensors.py
[2024-09-03T15:49:08.554+0000] {logging_mixin.py:190} INFO - [2024-09-03T15:49:08.553+0000] {dag.py:3211} INFO - Sync 1 DAGs
[2024-09-03T15:49:08.561+0000] {logging_mixin.py:190} INFO - [2024-09-03T15:49:08.560+0000] {dag.py:4138} INFO - Setting next_dagrun for example_sensors to None, run_after=None
[2024-09-03T15:49:08.569+0000] {processor.py:208} INFO - Processing /home/airflow/.local/lib/python3.12/site-packages/airflow/example_dags/example_sensors.py took 0.045 seconds
[2024-09-03T15:49:39.340+0000] {processor.py:186} INFO - Started process (PID=169) to work on /home/airflow/.local/lib/python3.12/site-packages/airflow/example_dags/example_sensors.py
[2024-09-03T15:49:39.340+0000] {processor.py:914} INFO - Processing file /home/airflow/.local/lib/python3.12/site-packages/airflow/example_dags/example_sensors.py for tasks to queue
[2024-09-03T15:49:39.342+0000] {logging_mixin.py:190} INFO - [2024-09-03T15:49:39.342+0000] {dagbag.py:587} INFO - Filling up the DagBag from /home/airflow/.local/lib/python3.12/site-packages/airflow/example_dags/example_sensors.py
[2024-09-03T15:49:39.348+0000] {processor.py:925} INFO - DAG(s) 'example_sensors' retrieved from /home/airflow/.local/lib/python3.12/site-packages/airflow/example_dags/example_sensors.py
[2024-09-03T15:49:39.367+0000] {logging_mixin.py:190} INFO - [2024-09-03T15:49:39.367+0000] {dag.py:3211} INFO - Sync 1 DAGs
[2024-09-03T15:49:39.374+0000] {logging_mixin.py:190} INFO - [2024-09-03T15:49:39.374+0000] {dag.py:4138} INFO - Setting next_dagrun for example_sensors to None, run_after=None
[2024-09-03T15:49:39.382+0000] {processor.py:208} INFO - Processing /home/airflow/.local/lib/python3.12/site-packages/airflow/example_dags/example_sensors.py took 0.046 seconds
[2024-09-03T15:50:10.318+0000] {processor.py:186} INFO - Started process (PID=231) to work on /home/airflow/.local/lib/python3.12/site-packages/airflow/example_dags/example_sensors.py
[2024-09-03T15:50:10.320+0000] {processor.py:914} INFO - Processing file /home/airflow/.local/lib/python3.12/site-packages/airflow/example_dags/example_sensors.py for tasks to queue
[2024-09-03T15:50:10.323+0000] {logging_mixin.py:190} INFO - [2024-09-03T15:50:10.322+0000] {dagbag.py:587} INFO - Filling up the DagBag from /home/airflow/.local/lib/python3.12/site-packages/airflow/example_dags/example_sensors.py
[2024-09-03T15:50:10.332+0000] {processor.py:925} INFO - DAG(s) 'example_sensors' retrieved from /home/airflow/.local/lib/python3.12/site-packages/airflow/example_dags/example_sensors.py
[2024-09-03T15:50:10.350+0000] {logging_mixin.py:190} INFO - [2024-09-03T15:50:10.350+0000] {dag.py:3211} INFO - Sync 1 DAGs
[2024-09-03T15:50:10.360+0000] {logging_mixin.py:190} INFO - [2024-09-03T15:50:10.360+0000] {dag.py:4138} INFO - Setting next_dagrun for example_sensors to None, run_after=None
[2024-09-03T15:50:10.370+0000] {processor.py:208} INFO - Processing /home/airflow/.local/lib/python3.12/site-packages/airflow/example_dags/example_sensors.py took 0.056 seconds
[2024-09-03T15:50:40.833+0000] {processor.py:186} INFO - Started process (PID=293) to work on /home/airflow/.local/lib/python3.12/site-packages/airflow/example_dags/example_sensors.py
[2024-09-03T15:50:40.834+0000] {processor.py:914} INFO - Processing file /home/airflow/.local/lib/python3.12/site-packages/airflow/example_dags/example_sensors.py for tasks to queue
[2024-09-03T15:50:40.836+0000] {logging_mixin.py:190} INFO - [2024-09-03T15:50:40.836+0000] {dagbag.py:587} INFO - Filling up the DagBag from /home/airflow/.local/lib/python3.12/site-packages/airflow/example_dags/example_sensors.py
[2024-09-03T15:50:40.844+0000] {processor.py:925} INFO - DAG(s) 'example_sensors' retrieved from /home/airflow/.local/lib/python3.12/site-packages/airflow/example_dags/example_sensors.py
[2024-09-03T15:50:40.862+0000] {logging_mixin.py:190} INFO - [2024-09-03T15:50:40.862+0000] {dag.py:3211} INFO - Sync 1 DAGs
[2024-09-03T15:50:40.869+0000] {logging_mixin.py:190} INFO - [2024-09-03T15:50:40.869+0000] {dag.py:4138} INFO - Setting next_dagrun for example_sensors to None, run_after=None
[2024-09-03T15:50:40.878+0000] {processor.py:208} INFO - Processing /home/airflow/.local/lib/python3.12/site-packages/airflow/example_dags/example_sensors.py took 0.050 seconds
[2024-09-03T15:51:11.740+0000] {processor.py:186} INFO - Started process (PID=356) to work on /home/airflow/.local/lib/python3.12/site-packages/airflow/example_dags/example_sensors.py
[2024-09-03T15:51:11.741+0000] {processor.py:914} INFO - Processing file /home/airflow/.local/lib/python3.12/site-packages/airflow/example_dags/example_sensors.py for tasks to queue
[2024-09-03T15:51:11.743+0000] {logging_mixin.py:190} INFO - [2024-09-03T15:51:11.743+0000] {dagbag.py:587} INFO - Filling up the DagBag from /home/airflow/.local/lib/python3.12/site-packages/airflow/example_dags/example_sensors.py
[2024-09-03T15:51:11.749+0000] {processor.py:925} INFO - DAG(s) 'example_sensors' retrieved from /home/airflow/.local/lib/python3.12/site-packages/airflow/example_dags/example_sensors.py
[2024-09-03T15:51:11.766+0000] {logging_mixin.py:190} INFO - [2024-09-03T15:51:11.766+0000] {dag.py:3211} INFO - Sync 1 DAGs
[2024-09-03T15:51:11.773+0000] {logging_mixin.py:190} INFO - [2024-09-03T15:51:11.773+0000] {dag.py:4138} INFO - Setting next_dagrun for example_sensors to None, run_after=None
[2024-09-03T15:51:11.782+0000] {processor.py:208} INFO - Processing /home/airflow/.local/lib/python3.12/site-packages/airflow/example_dags/example_sensors.py took 0.046 seconds
[2024-09-03T15:51:42.889+0000] {processor.py:186} INFO - Started process (PID=418) to work on /home/airflow/.local/lib/python3.12/site-packages/airflow/example_dags/example_sensors.py
[2024-09-03T15:51:42.890+0000] {processor.py:914} INFO - Processing file /home/airflow/.local/lib/python3.12/site-packages/airflow/example_dags/example_sensors.py for tasks to queue
[2024-09-03T15:51:42.892+0000] {logging_mixin.py:190} INFO - [2024-09-03T15:51:42.892+0000] {dagbag.py:587} INFO - Filling up the DagBag from /home/airflow/.local/lib/python3.12/site-packages/airflow/example_dags/example_sensors.py
[2024-09-03T15:51:42.898+0000] {processor.py:925} INFO - DAG(s) 'example_sensors' retrieved from /home/airflow/.local/lib/python3.12/site-packages/airflow/example_dags/example_sensors.py
[2024-09-03T15:51:42.915+0000] {logging_mixin.py:190} INFO - [2024-09-03T15:51:42.914+0000] {dag.py:3211} INFO - Sync 1 DAGs
[2024-09-03T15:51:42.922+0000] {logging_mixin.py:190} INFO - [2024-09-03T15:51:42.922+0000] {dag.py:4138} INFO - Setting next_dagrun for example_sensors to None, run_after=None
[2024-09-03T15:51:42.932+0000] {processor.py:208} INFO - Processing /home/airflow/.local/lib/python3.12/site-packages/airflow/example_dags/example_sensors.py took 0.046 seconds
[2024-09-03T15:52:13.057+0000] {processor.py:186} INFO - Started process (PID=480) to work on /home/airflow/.local/lib/python3.12/site-packages/airflow/example_dags/example_sensors.py
[2024-09-03T15:52:13.058+0000] {processor.py:914} INFO - Processing file /home/airflow/.local/lib/python3.12/site-packages/airflow/example_dags/example_sensors.py for tasks to queue
[2024-09-03T15:52:13.059+0000] {logging_mixin.py:190} INFO - [2024-09-03T15:52:13.059+0000] {dagbag.py:587} INFO - Filling up the DagBag from /home/airflow/.local/lib/python3.12/site-packages/airflow/example_dags/example_sensors.py
[2024-09-03T15:52:13.066+0000] {processor.py:925} INFO - DAG(s) 'example_sensors' retrieved from /home/airflow/.local/lib/python3.12/site-packages/airflow/example_dags/example_sensors.py
[2024-09-03T15:52:13.082+0000] {logging_mixin.py:190} INFO - [2024-09-03T15:52:13.082+0000] {dag.py:3211} INFO - Sync 1 DAGs
[2024-09-03T15:52:13.089+0000] {logging_mixin.py:190} INFO - [2024-09-03T15:52:13.089+0000] {dag.py:4138} INFO - Setting next_dagrun for example_sensors to None, run_after=None
[2024-09-03T15:52:13.098+0000] {processor.py:208} INFO - Processing /home/airflow/.local/lib/python3.12/site-packages/airflow/example_dags/example_sensors.py took 0.044 seconds
[2024-09-03T15:52:44.058+0000] {processor.py:186} INFO - Started process (PID=542) to work on /home/airflow/.local/lib/python3.12/site-packages/airflow/example_dags/example_sensors.py
[2024-09-03T15:52:44.059+0000] {processor.py:914} INFO - Processing file /home/airflow/.local/lib/python3.12/site-packages/airflow/example_dags/example_sensors.py for tasks to queue
[2024-09-03T15:52:44.061+0000] {logging_mixin.py:190} INFO - [2024-09-03T15:52:44.060+0000] {dagbag.py:587} INFO - Filling up the DagBag from /home/airflow/.local/lib/python3.12/site-packages/airflow/example_dags/example_sensors.py
[2024-09-03T15:52:44.067+0000] {processor.py:925} INFO - DAG(s) 'example_sensors' retrieved from /home/airflow/.local/lib/python3.12/site-packages/airflow/example_dags/example_sensors.py
[2024-09-03T15:52:44.086+0000] {logging_mixin.py:190} INFO - [2024-09-03T15:52:44.086+0000] {dag.py:3211} INFO - Sync 1 DAGs
[2024-09-03T15:52:44.093+0000] {logging_mixin.py:190} INFO - [2024-09-03T15:52:44.093+0000] {dag.py:4138} INFO - Setting next_dagrun for example_sensors to None, run_after=None
[2024-09-03T15:52:44.103+0000] {processor.py:208} INFO - Processing /home/airflow/.local/lib/python3.12/site-packages/airflow/example_dags/example_sensors.py took 0.048 seconds
[2024-09-03T15:53:15.025+0000] {processor.py:186} INFO - Started process (PID=603) to work on /home/airflow/.local/lib/python3.12/site-packages/airflow/example_dags/example_sensors.py
[2024-09-03T15:53:15.026+0000] {processor.py:914} INFO - Processing file /home/airflow/.local/lib/python3.12/site-packages/airflow/example_dags/example_sensors.py for tasks to queue
[2024-09-03T15:53:15.027+0000] {logging_mixin.py:190} INFO - [2024-09-03T15:53:15.027+0000] {dagbag.py:587} INFO - Filling up the DagBag from /home/airflow/.local/lib/python3.12/site-packages/airflow/example_dags/example_sensors.py
[2024-09-03T15:53:15.034+0000] {processor.py:925} INFO - DAG(s) 'example_sensors' retrieved from /home/airflow/.local/lib/python3.12/site-packages/airflow/example_dags/example_sensors.py
[2024-09-03T15:53:15.051+0000] {logging_mixin.py:190} INFO - [2024-09-03T15:53:15.051+0000] {dag.py:3211} INFO - Sync 1 DAGs
[2024-09-03T15:53:15.059+0000] {logging_mixin.py:190} INFO - [2024-09-03T15:53:15.058+0000] {dag.py:4138} INFO - Setting next_dagrun for example_sensors to None, run_after=None
[2024-09-03T15:53:15.067+0000] {processor.py:208} INFO - Processing /home/airflow/.local/lib/python3.12/site-packages/airflow/example_dags/example_sensors.py took 0.046 seconds
[2024-09-03T15:53:45.430+0000] {processor.py:186} INFO - Started process (PID=665) to work on /home/airflow/.local/lib/python3.12/site-packages/airflow/example_dags/example_sensors.py
[2024-09-03T15:53:45.431+0000] {processor.py:914} INFO - Processing file /home/airflow/.local/lib/python3.12/site-packages/airflow/example_dags/example_sensors.py for tasks to queue
[2024-09-03T15:53:45.433+0000] {logging_mixin.py:190} INFO - [2024-09-03T15:53:45.433+0000] {dagbag.py:587} INFO - Filling up the DagBag from /home/airflow/.local/lib/python3.12/site-packages/airflow/example_dags/example_sensors.py
[2024-09-03T15:53:45.443+0000] {processor.py:925} INFO - DAG(s) 'example_sensors' retrieved from /home/airflow/.local/lib/python3.12/site-packages/airflow/example_dags/example_sensors.py
[2024-09-03T15:53:45.578+0000] {logging_mixin.py:190} INFO - [2024-09-03T15:53:45.577+0000] {dag.py:3211} INFO - Sync 1 DAGs
[2024-09-03T15:53:45.614+0000] {logging_mixin.py:190} INFO - [2024-09-03T15:53:45.613+0000] {dag.py:4138} INFO - Setting next_dagrun for example_sensors to None, run_after=None
[2024-09-03T15:53:45.632+0000] {processor.py:208} INFO - Processing /home/airflow/.local/lib/python3.12/site-packages/airflow/example_dags/example_sensors.py took 0.209 seconds
[2024-09-03T15:54:16.562+0000] {processor.py:186} INFO - Started process (PID=727) to work on /home/airflow/.local/lib/python3.12/site-packages/airflow/example_dags/example_sensors.py
[2024-09-03T15:54:16.563+0000] {processor.py:914} INFO - Processing file /home/airflow/.local/lib/python3.12/site-packages/airflow/example_dags/example_sensors.py for tasks to queue
[2024-09-03T15:54:16.565+0000] {logging_mixin.py:190} INFO - [2024-09-03T15:54:16.565+0000] {dagbag.py:587} INFO - Filling up the DagBag from /home/airflow/.local/lib/python3.12/site-packages/airflow/example_dags/example_sensors.py
[2024-09-03T15:54:16.572+0000] {processor.py:925} INFO - DAG(s) 'example_sensors' retrieved from /home/airflow/.local/lib/python3.12/site-packages/airflow/example_dags/example_sensors.py
[2024-09-03T15:54:16.592+0000] {logging_mixin.py:190} INFO - [2024-09-03T15:54:16.592+0000] {dag.py:3211} INFO - Sync 1 DAGs
[2024-09-03T15:54:16.600+0000] {logging_mixin.py:190} INFO - [2024-09-03T15:54:16.600+0000] {dag.py:4138} INFO - Setting next_dagrun for example_sensors to None, run_after=None
[2024-09-03T15:54:16.612+0000] {processor.py:208} INFO - Processing /home/airflow/.local/lib/python3.12/site-packages/airflow/example_dags/example_sensors.py took 0.053 seconds
[2024-09-03T15:54:47.019+0000] {processor.py:186} INFO - Started process (PID=788) to work on /home/airflow/.local/lib/python3.12/site-packages/airflow/example_dags/example_sensors.py
[2024-09-03T15:54:47.020+0000] {processor.py:914} INFO - Processing file /home/airflow/.local/lib/python3.12/site-packages/airflow/example_dags/example_sensors.py for tasks to queue
[2024-09-03T15:54:47.022+0000] {logging_mixin.py:190} INFO - [2024-09-03T15:54:47.021+0000] {dagbag.py:587} INFO - Filling up the DagBag from /home/airflow/.local/lib/python3.12/site-packages/airflow/example_dags/example_sensors.py
[2024-09-03T15:54:47.029+0000] {processor.py:925} INFO - DAG(s) 'example_sensors' retrieved from /home/airflow/.local/lib/python3.12/site-packages/airflow/example_dags/example_sensors.py
[2024-09-03T15:54:47.048+0000] {logging_mixin.py:190} INFO - [2024-09-03T15:54:47.048+0000] {dag.py:3211} INFO - Sync 1 DAGs
[2024-09-03T15:54:47.056+0000] {logging_mixin.py:190} INFO - [2024-09-03T15:54:47.055+0000] {dag.py:4138} INFO - Setting next_dagrun for example_sensors to None, run_after=None
[2024-09-03T15:54:47.065+0000] {processor.py:208} INFO - Processing /home/airflow/.local/lib/python3.12/site-packages/airflow/example_dags/example_sensors.py took 0.051 seconds
