[2024-09-03T15:48:38.847+0000] {processor.py:186} INFO - Started process (PID=54) to work on /home/airflow/.local/lib/python3.12/site-packages/airflow/example_dags/example_local_kubernetes_executor.py
[2024-09-03T15:48:38.848+0000] {processor.py:914} INFO - Processing file /home/airflow/.local/lib/python3.12/site-packages/airflow/example_dags/example_local_kubernetes_executor.py for tasks to queue
[2024-09-03T15:48:38.850+0000] {logging_mixin.py:190} INFO - [2024-09-03T15:48:38.850+0000] {dagbag.py:587} INFO - Filling up the DagBag from /home/airflow/.local/lib/python3.12/site-packages/airflow/example_dags/example_local_kubernetes_executor.py
[2024-09-03T15:48:38.865+0000] {processor.py:925} INFO - DAG(s) 'example_local_kubernetes_executor' retrieved from /home/airflow/.local/lib/python3.12/site-packages/airflow/example_dags/example_local_kubernetes_executor.py
[2024-09-03T15:48:39.035+0000] {logging_mixin.py:190} INFO - [2024-09-03T15:48:39.034+0000] {override.py:1858} INFO - Created Permission View: can edit on DAG:example_local_kubernetes_executor
[2024-09-03T15:48:39.045+0000] {logging_mixin.py:190} INFO - [2024-09-03T15:48:39.045+0000] {override.py:1858} INFO - Created Permission View: can read on DAG:example_local_kubernetes_executor
[2024-09-03T15:48:39.056+0000] {logging_mixin.py:190} INFO - [2024-09-03T15:48:39.055+0000] {override.py:1858} INFO - Created Permission View: can delete on DAG:example_local_kubernetes_executor
[2024-09-03T15:48:39.057+0000] {logging_mixin.py:190} INFO - [2024-09-03T15:48:39.056+0000] {dag.py:3211} INFO - Sync 1 DAGs
[2024-09-03T15:48:39.071+0000] {logging_mixin.py:190} INFO - [2024-09-03T15:48:39.071+0000] {dag.py:3234} INFO - Creating ORM DAG for example_local_kubernetes_executor
[2024-09-03T15:48:39.074+0000] {logging_mixin.py:190} INFO - [2024-09-03T15:48:39.073+0000] {dag.py:4138} INFO - Setting next_dagrun for example_local_kubernetes_executor to None, run_after=None
[2024-09-03T15:48:39.095+0000] {processor.py:208} INFO - Processing /home/airflow/.local/lib/python3.12/site-packages/airflow/example_dags/example_local_kubernetes_executor.py took 0.253 seconds
[2024-09-03T15:49:09.879+0000] {processor.py:186} INFO - Started process (PID=116) to work on /home/airflow/.local/lib/python3.12/site-packages/airflow/example_dags/example_local_kubernetes_executor.py
[2024-09-03T15:49:09.879+0000] {processor.py:914} INFO - Processing file /home/airflow/.local/lib/python3.12/site-packages/airflow/example_dags/example_local_kubernetes_executor.py for tasks to queue
[2024-09-03T15:49:09.881+0000] {logging_mixin.py:190} INFO - [2024-09-03T15:49:09.881+0000] {dagbag.py:587} INFO - Filling up the DagBag from /home/airflow/.local/lib/python3.12/site-packages/airflow/example_dags/example_local_kubernetes_executor.py
[2024-09-03T15:49:09.888+0000] {processor.py:925} INFO - DAG(s) 'example_local_kubernetes_executor' retrieved from /home/airflow/.local/lib/python3.12/site-packages/airflow/example_dags/example_local_kubernetes_executor.py
[2024-09-03T15:49:09.909+0000] {logging_mixin.py:190} INFO - [2024-09-03T15:49:09.909+0000] {dag.py:3211} INFO - Sync 1 DAGs
[2024-09-03T15:49:09.917+0000] {logging_mixin.py:190} INFO - [2024-09-03T15:49:09.917+0000] {dag.py:4138} INFO - Setting next_dagrun for example_local_kubernetes_executor to None, run_after=None
[2024-09-03T15:49:09.926+0000] {processor.py:208} INFO - Processing /home/airflow/.local/lib/python3.12/site-packages/airflow/example_dags/example_local_kubernetes_executor.py took 0.051 seconds
[2024-09-03T15:49:40.755+0000] {processor.py:186} INFO - Started process (PID=179) to work on /home/airflow/.local/lib/python3.12/site-packages/airflow/example_dags/example_local_kubernetes_executor.py
[2024-09-03T15:49:40.756+0000] {processor.py:914} INFO - Processing file /home/airflow/.local/lib/python3.12/site-packages/airflow/example_dags/example_local_kubernetes_executor.py for tasks to queue
[2024-09-03T15:49:40.758+0000] {logging_mixin.py:190} INFO - [2024-09-03T15:49:40.758+0000] {dagbag.py:587} INFO - Filling up the DagBag from /home/airflow/.local/lib/python3.12/site-packages/airflow/example_dags/example_local_kubernetes_executor.py
[2024-09-03T15:49:40.766+0000] {processor.py:925} INFO - DAG(s) 'example_local_kubernetes_executor' retrieved from /home/airflow/.local/lib/python3.12/site-packages/airflow/example_dags/example_local_kubernetes_executor.py
[2024-09-03T15:49:40.791+0000] {logging_mixin.py:190} INFO - [2024-09-03T15:49:40.791+0000] {dag.py:3211} INFO - Sync 1 DAGs
[2024-09-03T15:49:40.800+0000] {logging_mixin.py:190} INFO - [2024-09-03T15:49:40.800+0000] {dag.py:4138} INFO - Setting next_dagrun for example_local_kubernetes_executor to None, run_after=None
[2024-09-03T15:49:40.811+0000] {processor.py:208} INFO - Processing /home/airflow/.local/lib/python3.12/site-packages/airflow/example_dags/example_local_kubernetes_executor.py took 0.061 seconds
[2024-09-03T15:50:11.834+0000] {processor.py:186} INFO - Started process (PID=241) to work on /home/airflow/.local/lib/python3.12/site-packages/airflow/example_dags/example_local_kubernetes_executor.py
[2024-09-03T15:50:11.835+0000] {processor.py:914} INFO - Processing file /home/airflow/.local/lib/python3.12/site-packages/airflow/example_dags/example_local_kubernetes_executor.py for tasks to queue
[2024-09-03T15:50:11.838+0000] {logging_mixin.py:190} INFO - [2024-09-03T15:50:11.837+0000] {dagbag.py:587} INFO - Filling up the DagBag from /home/airflow/.local/lib/python3.12/site-packages/airflow/example_dags/example_local_kubernetes_executor.py
[2024-09-03T15:50:11.845+0000] {processor.py:925} INFO - DAG(s) 'example_local_kubernetes_executor' retrieved from /home/airflow/.local/lib/python3.12/site-packages/airflow/example_dags/example_local_kubernetes_executor.py
[2024-09-03T15:50:11.874+0000] {logging_mixin.py:190} INFO - [2024-09-03T15:50:11.874+0000] {dag.py:3211} INFO - Sync 1 DAGs
[2024-09-03T15:50:11.884+0000] {logging_mixin.py:190} INFO - [2024-09-03T15:50:11.884+0000] {dag.py:4138} INFO - Setting next_dagrun for example_local_kubernetes_executor to None, run_after=None
[2024-09-03T15:50:11.895+0000] {processor.py:208} INFO - Processing /home/airflow/.local/lib/python3.12/site-packages/airflow/example_dags/example_local_kubernetes_executor.py took 0.078 seconds
[2024-09-03T15:50:42.163+0000] {processor.py:186} INFO - Started process (PID=303) to work on /home/airflow/.local/lib/python3.12/site-packages/airflow/example_dags/example_local_kubernetes_executor.py
[2024-09-03T15:50:42.164+0000] {processor.py:914} INFO - Processing file /home/airflow/.local/lib/python3.12/site-packages/airflow/example_dags/example_local_kubernetes_executor.py for tasks to queue
[2024-09-03T15:50:42.165+0000] {logging_mixin.py:190} INFO - [2024-09-03T15:50:42.165+0000] {dagbag.py:587} INFO - Filling up the DagBag from /home/airflow/.local/lib/python3.12/site-packages/airflow/example_dags/example_local_kubernetes_executor.py
[2024-09-03T15:50:42.171+0000] {processor.py:925} INFO - DAG(s) 'example_local_kubernetes_executor' retrieved from /home/airflow/.local/lib/python3.12/site-packages/airflow/example_dags/example_local_kubernetes_executor.py
[2024-09-03T15:50:42.193+0000] {logging_mixin.py:190} INFO - [2024-09-03T15:50:42.192+0000] {dag.py:3211} INFO - Sync 1 DAGs
[2024-09-03T15:50:42.201+0000] {logging_mixin.py:190} INFO - [2024-09-03T15:50:42.200+0000] {dag.py:4138} INFO - Setting next_dagrun for example_local_kubernetes_executor to None, run_after=None
[2024-09-03T15:50:42.210+0000] {processor.py:208} INFO - Processing /home/airflow/.local/lib/python3.12/site-packages/airflow/example_dags/example_local_kubernetes_executor.py took 0.051 seconds
[2024-09-03T15:51:13.126+0000] {processor.py:186} INFO - Started process (PID=366) to work on /home/airflow/.local/lib/python3.12/site-packages/airflow/example_dags/example_local_kubernetes_executor.py
[2024-09-03T15:51:13.127+0000] {processor.py:914} INFO - Processing file /home/airflow/.local/lib/python3.12/site-packages/airflow/example_dags/example_local_kubernetes_executor.py for tasks to queue
[2024-09-03T15:51:13.129+0000] {logging_mixin.py:190} INFO - [2024-09-03T15:51:13.129+0000] {dagbag.py:587} INFO - Filling up the DagBag from /home/airflow/.local/lib/python3.12/site-packages/airflow/example_dags/example_local_kubernetes_executor.py
[2024-09-03T15:51:13.137+0000] {processor.py:925} INFO - DAG(s) 'example_local_kubernetes_executor' retrieved from /home/airflow/.local/lib/python3.12/site-packages/airflow/example_dags/example_local_kubernetes_executor.py
[2024-09-03T15:51:13.164+0000] {logging_mixin.py:190} INFO - [2024-09-03T15:51:13.164+0000] {dag.py:3211} INFO - Sync 1 DAGs
[2024-09-03T15:51:13.174+0000] {logging_mixin.py:190} INFO - [2024-09-03T15:51:13.174+0000] {dag.py:4138} INFO - Setting next_dagrun for example_local_kubernetes_executor to None, run_after=None
[2024-09-03T15:51:13.187+0000] {processor.py:208} INFO - Processing /home/airflow/.local/lib/python3.12/site-packages/airflow/example_dags/example_local_kubernetes_executor.py took 0.065 seconds
[2024-09-03T15:51:44.204+0000] {processor.py:186} INFO - Started process (PID=428) to work on /home/airflow/.local/lib/python3.12/site-packages/airflow/example_dags/example_local_kubernetes_executor.py
[2024-09-03T15:51:44.205+0000] {processor.py:914} INFO - Processing file /home/airflow/.local/lib/python3.12/site-packages/airflow/example_dags/example_local_kubernetes_executor.py for tasks to queue
[2024-09-03T15:51:44.207+0000] {logging_mixin.py:190} INFO - [2024-09-03T15:51:44.207+0000] {dagbag.py:587} INFO - Filling up the DagBag from /home/airflow/.local/lib/python3.12/site-packages/airflow/example_dags/example_local_kubernetes_executor.py
[2024-09-03T15:51:44.217+0000] {processor.py:925} INFO - DAG(s) 'example_local_kubernetes_executor' retrieved from /home/airflow/.local/lib/python3.12/site-packages/airflow/example_dags/example_local_kubernetes_executor.py
[2024-09-03T15:51:44.243+0000] {logging_mixin.py:190} INFO - [2024-09-03T15:51:44.243+0000] {dag.py:3211} INFO - Sync 1 DAGs
[2024-09-03T15:51:44.251+0000] {logging_mixin.py:190} INFO - [2024-09-03T15:51:44.251+0000] {dag.py:4138} INFO - Setting next_dagrun for example_local_kubernetes_executor to None, run_after=None
[2024-09-03T15:51:44.261+0000] {processor.py:208} INFO - Processing /home/airflow/.local/lib/python3.12/site-packages/airflow/example_dags/example_local_kubernetes_executor.py took 0.061 seconds
[2024-09-03T15:52:14.422+0000] {processor.py:186} INFO - Started process (PID=490) to work on /home/airflow/.local/lib/python3.12/site-packages/airflow/example_dags/example_local_kubernetes_executor.py
[2024-09-03T15:52:14.423+0000] {processor.py:914} INFO - Processing file /home/airflow/.local/lib/python3.12/site-packages/airflow/example_dags/example_local_kubernetes_executor.py for tasks to queue
[2024-09-03T15:52:14.425+0000] {logging_mixin.py:190} INFO - [2024-09-03T15:52:14.425+0000] {dagbag.py:587} INFO - Filling up the DagBag from /home/airflow/.local/lib/python3.12/site-packages/airflow/example_dags/example_local_kubernetes_executor.py
[2024-09-03T15:52:14.433+0000] {processor.py:925} INFO - DAG(s) 'example_local_kubernetes_executor' retrieved from /home/airflow/.local/lib/python3.12/site-packages/airflow/example_dags/example_local_kubernetes_executor.py
[2024-09-03T15:52:14.464+0000] {logging_mixin.py:190} INFO - [2024-09-03T15:52:14.463+0000] {dag.py:3211} INFO - Sync 1 DAGs
[2024-09-03T15:52:14.474+0000] {logging_mixin.py:190} INFO - [2024-09-03T15:52:14.474+0000] {dag.py:4138} INFO - Setting next_dagrun for example_local_kubernetes_executor to None, run_after=None
[2024-09-03T15:52:14.487+0000] {processor.py:208} INFO - Processing /home/airflow/.local/lib/python3.12/site-packages/airflow/example_dags/example_local_kubernetes_executor.py took 0.070 seconds
[2024-09-03T15:52:45.382+0000] {processor.py:186} INFO - Started process (PID=552) to work on /home/airflow/.local/lib/python3.12/site-packages/airflow/example_dags/example_local_kubernetes_executor.py
[2024-09-03T15:52:45.383+0000] {processor.py:914} INFO - Processing file /home/airflow/.local/lib/python3.12/site-packages/airflow/example_dags/example_local_kubernetes_executor.py for tasks to queue
[2024-09-03T15:52:45.385+0000] {logging_mixin.py:190} INFO - [2024-09-03T15:52:45.385+0000] {dagbag.py:587} INFO - Filling up the DagBag from /home/airflow/.local/lib/python3.12/site-packages/airflow/example_dags/example_local_kubernetes_executor.py
[2024-09-03T15:52:45.393+0000] {processor.py:925} INFO - DAG(s) 'example_local_kubernetes_executor' retrieved from /home/airflow/.local/lib/python3.12/site-packages/airflow/example_dags/example_local_kubernetes_executor.py
[2024-09-03T15:52:45.415+0000] {logging_mixin.py:190} INFO - [2024-09-03T15:52:45.414+0000] {dag.py:3211} INFO - Sync 1 DAGs
[2024-09-03T15:52:45.422+0000] {logging_mixin.py:190} INFO - [2024-09-03T15:52:45.422+0000] {dag.py:4138} INFO - Setting next_dagrun for example_local_kubernetes_executor to None, run_after=None
[2024-09-03T15:52:45.432+0000] {processor.py:208} INFO - Processing /home/airflow/.local/lib/python3.12/site-packages/airflow/example_dags/example_local_kubernetes_executor.py took 0.055 seconds
[2024-09-03T15:53:15.451+0000] {processor.py:186} INFO - Started process (PID=612) to work on /home/airflow/.local/lib/python3.12/site-packages/airflow/example_dags/example_local_kubernetes_executor.py
[2024-09-03T15:53:15.452+0000] {processor.py:914} INFO - Processing file /home/airflow/.local/lib/python3.12/site-packages/airflow/example_dags/example_local_kubernetes_executor.py for tasks to queue
[2024-09-03T15:53:15.454+0000] {logging_mixin.py:190} INFO - [2024-09-03T15:53:15.453+0000] {dagbag.py:587} INFO - Filling up the DagBag from /home/airflow/.local/lib/python3.12/site-packages/airflow/example_dags/example_local_kubernetes_executor.py
[2024-09-03T15:53:15.460+0000] {processor.py:925} INFO - DAG(s) 'example_local_kubernetes_executor' retrieved from /home/airflow/.local/lib/python3.12/site-packages/airflow/example_dags/example_local_kubernetes_executor.py
[2024-09-03T15:53:15.482+0000] {logging_mixin.py:190} INFO - [2024-09-03T15:53:15.482+0000] {dag.py:3211} INFO - Sync 1 DAGs
[2024-09-03T15:53:15.490+0000] {logging_mixin.py:190} INFO - [2024-09-03T15:53:15.490+0000] {dag.py:4138} INFO - Setting next_dagrun for example_local_kubernetes_executor to None, run_after=None
[2024-09-03T15:53:15.500+0000] {processor.py:208} INFO - Processing /home/airflow/.local/lib/python3.12/site-packages/airflow/example_dags/example_local_kubernetes_executor.py took 0.053 seconds
[2024-09-03T15:53:46.470+0000] {processor.py:186} INFO - Started process (PID=674) to work on /home/airflow/.local/lib/python3.12/site-packages/airflow/example_dags/example_local_kubernetes_executor.py
[2024-09-03T15:53:46.471+0000] {processor.py:914} INFO - Processing file /home/airflow/.local/lib/python3.12/site-packages/airflow/example_dags/example_local_kubernetes_executor.py for tasks to queue
[2024-09-03T15:53:46.473+0000] {logging_mixin.py:190} INFO - [2024-09-03T15:53:46.473+0000] {dagbag.py:587} INFO - Filling up the DagBag from /home/airflow/.local/lib/python3.12/site-packages/airflow/example_dags/example_local_kubernetes_executor.py
[2024-09-03T15:53:46.491+0000] {processor.py:925} INFO - DAG(s) 'example_local_kubernetes_executor' retrieved from /home/airflow/.local/lib/python3.12/site-packages/airflow/example_dags/example_local_kubernetes_executor.py
[2024-09-03T15:53:46.520+0000] {logging_mixin.py:190} INFO - [2024-09-03T15:53:46.520+0000] {dag.py:3211} INFO - Sync 1 DAGs
[2024-09-03T15:53:46.528+0000] {logging_mixin.py:190} INFO - [2024-09-03T15:53:46.528+0000] {dag.py:4138} INFO - Setting next_dagrun for example_local_kubernetes_executor to None, run_after=None
[2024-09-03T15:53:46.540+0000] {processor.py:208} INFO - Processing /home/airflow/.local/lib/python3.12/site-packages/airflow/example_dags/example_local_kubernetes_executor.py took 0.076 seconds
[2024-09-03T15:54:16.921+0000] {processor.py:186} INFO - Started process (PID=736) to work on /home/airflow/.local/lib/python3.12/site-packages/airflow/example_dags/example_local_kubernetes_executor.py
[2024-09-03T15:54:16.922+0000] {processor.py:914} INFO - Processing file /home/airflow/.local/lib/python3.12/site-packages/airflow/example_dags/example_local_kubernetes_executor.py for tasks to queue
[2024-09-03T15:54:16.924+0000] {logging_mixin.py:190} INFO - [2024-09-03T15:54:16.923+0000] {dagbag.py:587} INFO - Filling up the DagBag from /home/airflow/.local/lib/python3.12/site-packages/airflow/example_dags/example_local_kubernetes_executor.py
[2024-09-03T15:54:16.931+0000] {processor.py:925} INFO - DAG(s) 'example_local_kubernetes_executor' retrieved from /home/airflow/.local/lib/python3.12/site-packages/airflow/example_dags/example_local_kubernetes_executor.py
[2024-09-03T15:54:16.951+0000] {logging_mixin.py:190} INFO - [2024-09-03T15:54:16.951+0000] {dag.py:3211} INFO - Sync 1 DAGs
[2024-09-03T15:54:16.959+0000] {logging_mixin.py:190} INFO - [2024-09-03T15:54:16.959+0000] {dag.py:4138} INFO - Setting next_dagrun for example_local_kubernetes_executor to None, run_after=None
[2024-09-03T15:54:16.978+0000] {processor.py:208} INFO - Processing /home/airflow/.local/lib/python3.12/site-packages/airflow/example_dags/example_local_kubernetes_executor.py took 0.060 seconds
[2024-09-03T15:54:47.341+0000] {processor.py:186} INFO - Started process (PID=797) to work on /home/airflow/.local/lib/python3.12/site-packages/airflow/example_dags/example_local_kubernetes_executor.py
[2024-09-03T15:54:47.341+0000] {processor.py:914} INFO - Processing file /home/airflow/.local/lib/python3.12/site-packages/airflow/example_dags/example_local_kubernetes_executor.py for tasks to queue
[2024-09-03T15:54:47.343+0000] {logging_mixin.py:190} INFO - [2024-09-03T15:54:47.343+0000] {dagbag.py:587} INFO - Filling up the DagBag from /home/airflow/.local/lib/python3.12/site-packages/airflow/example_dags/example_local_kubernetes_executor.py
[2024-09-03T15:54:47.350+0000] {processor.py:925} INFO - DAG(s) 'example_local_kubernetes_executor' retrieved from /home/airflow/.local/lib/python3.12/site-packages/airflow/example_dags/example_local_kubernetes_executor.py
[2024-09-03T15:54:47.372+0000] {logging_mixin.py:190} INFO - [2024-09-03T15:54:47.372+0000] {dag.py:3211} INFO - Sync 1 DAGs
[2024-09-03T15:54:47.379+0000] {logging_mixin.py:190} INFO - [2024-09-03T15:54:47.379+0000] {dag.py:4138} INFO - Setting next_dagrun for example_local_kubernetes_executor to None, run_after=None
[2024-09-03T15:54:47.389+0000] {processor.py:208} INFO - Processing /home/airflow/.local/lib/python3.12/site-packages/airflow/example_dags/example_local_kubernetes_executor.py took 0.053 seconds
