[2024-09-03T15:48:39.851+0000] {processor.py:186} INFO - Started process (PID=61) to work on /home/airflow/.local/lib/python3.12/site-packages/airflow/example_dags/example_branch_datetime_operator.py
[2024-09-03T15:48:39.852+0000] {processor.py:914} INFO - Processing file /home/airflow/.local/lib/python3.12/site-packages/airflow/example_dags/example_branch_datetime_operator.py for tasks to queue
[2024-09-03T15:48:39.854+0000] {logging_mixin.py:190} INFO - [2024-09-03T15:48:39.854+0000] {dagbag.py:587} INFO - Filling up the DagBag from /home/airflow/.local/lib/python3.12/site-packages/airflow/example_dags/example_branch_datetime_operator.py
[2024-09-03T15:48:39.863+0000] {processor.py:925} INFO - DAG(s) 'example_branch_datetime_operator_2', 'example_branch_datetime_operator', 'example_branch_datetime_operator_3' retrieved from /home/airflow/.local/lib/python3.12/site-packages/airflow/example_dags/example_branch_datetime_operator.py
[2024-09-03T15:48:39.943+0000] {logging_mixin.py:190} INFO - [2024-09-03T15:48:39.942+0000] {override.py:1858} INFO - Created Permission View: can edit on DAG:example_branch_datetime_operator_2
[2024-09-03T15:48:39.951+0000] {logging_mixin.py:190} INFO - [2024-09-03T15:48:39.950+0000] {override.py:1858} INFO - Created Permission View: can read on DAG:example_branch_datetime_operator_2
[2024-09-03T15:48:39.954+0000] {logging_mixin.py:190} INFO - [2024-09-03T15:48:39.954+0000] {override.py:1858} INFO - Created Permission View: can delete on DAG:example_branch_datetime_operator_2
[2024-09-03T15:48:39.962+0000] {logging_mixin.py:190} INFO - [2024-09-03T15:48:39.962+0000] {override.py:1858} INFO - Created Permission View: can edit on DAG:example_branch_datetime_operator
[2024-09-03T15:48:39.966+0000] {logging_mixin.py:190} INFO - [2024-09-03T15:48:39.965+0000] {override.py:1858} INFO - Created Permission View: can read on DAG:example_branch_datetime_operator
[2024-09-03T15:48:39.969+0000] {logging_mixin.py:190} INFO - [2024-09-03T15:48:39.968+0000] {override.py:1858} INFO - Created Permission View: can delete on DAG:example_branch_datetime_operator
[2024-09-03T15:48:39.975+0000] {logging_mixin.py:190} INFO - [2024-09-03T15:48:39.975+0000] {override.py:1858} INFO - Created Permission View: can edit on DAG:example_branch_datetime_operator_3
[2024-09-03T15:48:39.978+0000] {logging_mixin.py:190} INFO - [2024-09-03T15:48:39.978+0000] {override.py:1858} INFO - Created Permission View: can read on DAG:example_branch_datetime_operator_3
[2024-09-03T15:48:39.981+0000] {logging_mixin.py:190} INFO - [2024-09-03T15:48:39.981+0000] {override.py:1858} INFO - Created Permission View: can delete on DAG:example_branch_datetime_operator_3
[2024-09-03T15:48:39.981+0000] {logging_mixin.py:190} INFO - [2024-09-03T15:48:39.981+0000] {dag.py:3211} INFO - Sync 3 DAGs
[2024-09-03T15:48:39.989+0000] {logging_mixin.py:190} INFO - [2024-09-03T15:48:39.989+0000] {dag.py:3234} INFO - Creating ORM DAG for example_branch_datetime_operator
[2024-09-03T15:48:39.990+0000] {logging_mixin.py:190} INFO - [2024-09-03T15:48:39.990+0000] {dag.py:3234} INFO - Creating ORM DAG for example_branch_datetime_operator_2
[2024-09-03T15:48:39.990+0000] {logging_mixin.py:190} INFO - [2024-09-03T15:48:39.990+0000] {dag.py:3234} INFO - Creating ORM DAG for example_branch_datetime_operator_3
[2024-09-03T15:48:39.997+0000] {logging_mixin.py:190} INFO - [2024-09-03T15:48:39.997+0000] {dag.py:4138} INFO - Setting next_dagrun for example_branch_datetime_operator to 2024-09-02 00:00:00+00:00, run_after=2024-09-03 00:00:00+00:00
[2024-09-03T15:48:39.998+0000] {logging_mixin.py:190} INFO - [2024-09-03T15:48:39.998+0000] {dag.py:4138} INFO - Setting next_dagrun for example_branch_datetime_operator_2 to 2024-09-02 00:00:00+00:00, run_after=2024-09-03 00:00:00+00:00
[2024-09-03T15:48:39.998+0000] {logging_mixin.py:190} INFO - [2024-09-03T15:48:39.998+0000] {dag.py:4138} INFO - Setting next_dagrun for example_branch_datetime_operator_3 to 2024-09-02 00:00:00+00:00, run_after=2024-09-03 00:00:00+00:00
[2024-09-03T15:48:40.008+0000] {processor.py:208} INFO - Processing /home/airflow/.local/lib/python3.12/site-packages/airflow/example_dags/example_branch_datetime_operator.py took 0.162 seconds
[2024-09-03T15:49:10.131+0000] {processor.py:186} INFO - Started process (PID=123) to work on /home/airflow/.local/lib/python3.12/site-packages/airflow/example_dags/example_branch_datetime_operator.py
[2024-09-03T15:49:10.132+0000] {processor.py:914} INFO - Processing file /home/airflow/.local/lib/python3.12/site-packages/airflow/example_dags/example_branch_datetime_operator.py for tasks to queue
[2024-09-03T15:49:10.134+0000] {logging_mixin.py:190} INFO - [2024-09-03T15:49:10.134+0000] {dagbag.py:587} INFO - Filling up the DagBag from /home/airflow/.local/lib/python3.12/site-packages/airflow/example_dags/example_branch_datetime_operator.py
[2024-09-03T15:49:10.141+0000] {processor.py:925} INFO - DAG(s) 'example_branch_datetime_operator_3', 'example_branch_datetime_operator_2', 'example_branch_datetime_operator' retrieved from /home/airflow/.local/lib/python3.12/site-packages/airflow/example_dags/example_branch_datetime_operator.py
[2024-09-03T15:49:10.166+0000] {logging_mixin.py:190} INFO - [2024-09-03T15:49:10.165+0000] {dag.py:3211} INFO - Sync 3 DAGs
[2024-09-03T15:49:10.183+0000] {logging_mixin.py:190} INFO - [2024-09-03T15:49:10.182+0000] {dag.py:4138} INFO - Setting next_dagrun for example_branch_datetime_operator to 2024-09-02 00:00:00+00:00, run_after=2024-09-03 00:00:00+00:00
[2024-09-03T15:49:10.186+0000] {logging_mixin.py:190} INFO - [2024-09-03T15:49:10.186+0000] {dag.py:4138} INFO - Setting next_dagrun for example_branch_datetime_operator_2 to 2024-09-02 00:00:00+00:00, run_after=2024-09-03 00:00:00+00:00
[2024-09-03T15:49:10.187+0000] {logging_mixin.py:190} INFO - [2024-09-03T15:49:10.187+0000] {dag.py:4138} INFO - Setting next_dagrun for example_branch_datetime_operator_3 to 2024-09-02 00:00:00+00:00, run_after=2024-09-03 00:00:00+00:00
[2024-09-03T15:49:10.199+0000] {processor.py:208} INFO - Processing /home/airflow/.local/lib/python3.12/site-packages/airflow/example_dags/example_branch_datetime_operator.py took 0.074 seconds
[2024-09-03T15:49:41.144+0000] {processor.py:186} INFO - Started process (PID=186) to work on /home/airflow/.local/lib/python3.12/site-packages/airflow/example_dags/example_branch_datetime_operator.py
[2024-09-03T15:49:41.146+0000] {processor.py:914} INFO - Processing file /home/airflow/.local/lib/python3.12/site-packages/airflow/example_dags/example_branch_datetime_operator.py for tasks to queue
[2024-09-03T15:49:41.148+0000] {logging_mixin.py:190} INFO - [2024-09-03T15:49:41.148+0000] {dagbag.py:587} INFO - Filling up the DagBag from /home/airflow/.local/lib/python3.12/site-packages/airflow/example_dags/example_branch_datetime_operator.py
[2024-09-03T15:49:41.156+0000] {processor.py:925} INFO - DAG(s) 'example_branch_datetime_operator_3', 'example_branch_datetime_operator_2', 'example_branch_datetime_operator' retrieved from /home/airflow/.local/lib/python3.12/site-packages/airflow/example_dags/example_branch_datetime_operator.py
[2024-09-03T15:49:41.178+0000] {logging_mixin.py:190} INFO - [2024-09-03T15:49:41.178+0000] {dag.py:3211} INFO - Sync 3 DAGs
[2024-09-03T15:49:41.196+0000] {logging_mixin.py:190} INFO - [2024-09-03T15:49:41.196+0000] {dag.py:4138} INFO - Setting next_dagrun for example_branch_datetime_operator to 2024-09-02 00:00:00+00:00, run_after=2024-09-03 00:00:00+00:00
[2024-09-03T15:49:41.199+0000] {logging_mixin.py:190} INFO - [2024-09-03T15:49:41.199+0000] {dag.py:4138} INFO - Setting next_dagrun for example_branch_datetime_operator_2 to 2024-09-02 00:00:00+00:00, run_after=2024-09-03 00:00:00+00:00
[2024-09-03T15:49:41.200+0000] {logging_mixin.py:190} INFO - [2024-09-03T15:49:41.200+0000] {dag.py:4138} INFO - Setting next_dagrun for example_branch_datetime_operator_3 to 2024-09-02 00:00:00+00:00, run_after=2024-09-03 00:00:00+00:00
[2024-09-03T15:49:41.211+0000] {processor.py:208} INFO - Processing /home/airflow/.local/lib/python3.12/site-packages/airflow/example_dags/example_branch_datetime_operator.py took 0.071 seconds
[2024-09-03T15:50:12.212+0000] {processor.py:186} INFO - Started process (PID=248) to work on /home/airflow/.local/lib/python3.12/site-packages/airflow/example_dags/example_branch_datetime_operator.py
[2024-09-03T15:50:12.213+0000] {processor.py:914} INFO - Processing file /home/airflow/.local/lib/python3.12/site-packages/airflow/example_dags/example_branch_datetime_operator.py for tasks to queue
[2024-09-03T15:50:12.216+0000] {logging_mixin.py:190} INFO - [2024-09-03T15:50:12.215+0000] {dagbag.py:587} INFO - Filling up the DagBag from /home/airflow/.local/lib/python3.12/site-packages/airflow/example_dags/example_branch_datetime_operator.py
[2024-09-03T15:50:12.225+0000] {processor.py:925} INFO - DAG(s) 'example_branch_datetime_operator_2', 'example_branch_datetime_operator', 'example_branch_datetime_operator_3' retrieved from /home/airflow/.local/lib/python3.12/site-packages/airflow/example_dags/example_branch_datetime_operator.py
[2024-09-03T15:50:12.249+0000] {logging_mixin.py:190} INFO - [2024-09-03T15:50:12.249+0000] {dag.py:3211} INFO - Sync 3 DAGs
[2024-09-03T15:50:12.286+0000] {logging_mixin.py:190} INFO - [2024-09-03T15:50:12.286+0000] {dag.py:4138} INFO - Setting next_dagrun for example_branch_datetime_operator to 2024-09-02 00:00:00+00:00, run_after=2024-09-03 00:00:00+00:00
[2024-09-03T15:50:12.292+0000] {logging_mixin.py:190} INFO - [2024-09-03T15:50:12.292+0000] {dag.py:4138} INFO - Setting next_dagrun for example_branch_datetime_operator_2 to 2024-09-02 00:00:00+00:00, run_after=2024-09-03 00:00:00+00:00
[2024-09-03T15:50:12.294+0000] {logging_mixin.py:190} INFO - [2024-09-03T15:50:12.294+0000] {dag.py:4138} INFO - Setting next_dagrun for example_branch_datetime_operator_3 to 2024-09-02 00:00:00+00:00, run_after=2024-09-03 00:00:00+00:00
[2024-09-03T15:50:12.305+0000] {processor.py:208} INFO - Processing /home/airflow/.local/lib/python3.12/site-packages/airflow/example_dags/example_branch_datetime_operator.py took 0.101 seconds
[2024-09-03T15:50:42.463+0000] {processor.py:186} INFO - Started process (PID=310) to work on /home/airflow/.local/lib/python3.12/site-packages/airflow/example_dags/example_branch_datetime_operator.py
[2024-09-03T15:50:42.465+0000] {processor.py:914} INFO - Processing file /home/airflow/.local/lib/python3.12/site-packages/airflow/example_dags/example_branch_datetime_operator.py for tasks to queue
[2024-09-03T15:50:42.467+0000] {logging_mixin.py:190} INFO - [2024-09-03T15:50:42.467+0000] {dagbag.py:587} INFO - Filling up the DagBag from /home/airflow/.local/lib/python3.12/site-packages/airflow/example_dags/example_branch_datetime_operator.py
[2024-09-03T15:50:42.476+0000] {processor.py:925} INFO - DAG(s) 'example_branch_datetime_operator', 'example_branch_datetime_operator_2', 'example_branch_datetime_operator_3' retrieved from /home/airflow/.local/lib/python3.12/site-packages/airflow/example_dags/example_branch_datetime_operator.py
[2024-09-03T15:50:42.497+0000] {logging_mixin.py:190} INFO - [2024-09-03T15:50:42.497+0000] {dag.py:3211} INFO - Sync 3 DAGs
[2024-09-03T15:50:42.512+0000] {logging_mixin.py:190} INFO - [2024-09-03T15:50:42.512+0000] {dag.py:4138} INFO - Setting next_dagrun for example_branch_datetime_operator to 2024-09-02 00:00:00+00:00, run_after=2024-09-03 00:00:00+00:00
[2024-09-03T15:50:42.515+0000] {logging_mixin.py:190} INFO - [2024-09-03T15:50:42.515+0000] {dag.py:4138} INFO - Setting next_dagrun for example_branch_datetime_operator_2 to 2024-09-02 00:00:00+00:00, run_after=2024-09-03 00:00:00+00:00
[2024-09-03T15:50:42.516+0000] {logging_mixin.py:190} INFO - [2024-09-03T15:50:42.516+0000] {dag.py:4138} INFO - Setting next_dagrun for example_branch_datetime_operator_3 to 2024-09-02 00:00:00+00:00, run_after=2024-09-03 00:00:00+00:00
[2024-09-03T15:50:42.527+0000] {processor.py:208} INFO - Processing /home/airflow/.local/lib/python3.12/site-packages/airflow/example_dags/example_branch_datetime_operator.py took 0.068 seconds
[2024-09-03T15:51:13.428+0000] {processor.py:186} INFO - Started process (PID=373) to work on /home/airflow/.local/lib/python3.12/site-packages/airflow/example_dags/example_branch_datetime_operator.py
[2024-09-03T15:51:13.429+0000] {processor.py:914} INFO - Processing file /home/airflow/.local/lib/python3.12/site-packages/airflow/example_dags/example_branch_datetime_operator.py for tasks to queue
[2024-09-03T15:51:13.431+0000] {logging_mixin.py:190} INFO - [2024-09-03T15:51:13.431+0000] {dagbag.py:587} INFO - Filling up the DagBag from /home/airflow/.local/lib/python3.12/site-packages/airflow/example_dags/example_branch_datetime_operator.py
[2024-09-03T15:51:13.439+0000] {processor.py:925} INFO - DAG(s) 'example_branch_datetime_operator', 'example_branch_datetime_operator_2', 'example_branch_datetime_operator_3' retrieved from /home/airflow/.local/lib/python3.12/site-packages/airflow/example_dags/example_branch_datetime_operator.py
[2024-09-03T15:51:13.457+0000] {logging_mixin.py:190} INFO - [2024-09-03T15:51:13.457+0000] {dag.py:3211} INFO - Sync 3 DAGs
[2024-09-03T15:51:13.479+0000] {logging_mixin.py:190} INFO - [2024-09-03T15:51:13.479+0000] {dag.py:4138} INFO - Setting next_dagrun for example_branch_datetime_operator to 2024-09-02 00:00:00+00:00, run_after=2024-09-03 00:00:00+00:00
[2024-09-03T15:51:13.486+0000] {logging_mixin.py:190} INFO - [2024-09-03T15:51:13.485+0000] {dag.py:4138} INFO - Setting next_dagrun for example_branch_datetime_operator_2 to 2024-09-02 00:00:00+00:00, run_after=2024-09-03 00:00:00+00:00
[2024-09-03T15:51:13.488+0000] {logging_mixin.py:190} INFO - [2024-09-03T15:51:13.487+0000] {dag.py:4138} INFO - Setting next_dagrun for example_branch_datetime_operator_3 to 2024-09-02 00:00:00+00:00, run_after=2024-09-03 00:00:00+00:00
[2024-09-03T15:51:13.496+0000] {processor.py:208} INFO - Processing /home/airflow/.local/lib/python3.12/site-packages/airflow/example_dags/example_branch_datetime_operator.py took 0.072 seconds
[2024-09-03T15:51:44.504+0000] {processor.py:186} INFO - Started process (PID=435) to work on /home/airflow/.local/lib/python3.12/site-packages/airflow/example_dags/example_branch_datetime_operator.py
[2024-09-03T15:51:44.506+0000] {processor.py:914} INFO - Processing file /home/airflow/.local/lib/python3.12/site-packages/airflow/example_dags/example_branch_datetime_operator.py for tasks to queue
[2024-09-03T15:51:44.507+0000] {logging_mixin.py:190} INFO - [2024-09-03T15:51:44.507+0000] {dagbag.py:587} INFO - Filling up the DagBag from /home/airflow/.local/lib/python3.12/site-packages/airflow/example_dags/example_branch_datetime_operator.py
[2024-09-03T15:51:44.514+0000] {processor.py:925} INFO - DAG(s) 'example_branch_datetime_operator', 'example_branch_datetime_operator_2', 'example_branch_datetime_operator_3' retrieved from /home/airflow/.local/lib/python3.12/site-packages/airflow/example_dags/example_branch_datetime_operator.py
[2024-09-03T15:51:44.533+0000] {logging_mixin.py:190} INFO - [2024-09-03T15:51:44.533+0000] {dag.py:3211} INFO - Sync 3 DAGs
[2024-09-03T15:51:44.548+0000] {logging_mixin.py:190} INFO - [2024-09-03T15:51:44.547+0000] {dag.py:4138} INFO - Setting next_dagrun for example_branch_datetime_operator to 2024-09-02 00:00:00+00:00, run_after=2024-09-03 00:00:00+00:00
[2024-09-03T15:51:44.550+0000] {logging_mixin.py:190} INFO - [2024-09-03T15:51:44.550+0000] {dag.py:4138} INFO - Setting next_dagrun for example_branch_datetime_operator_2 to 2024-09-02 00:00:00+00:00, run_after=2024-09-03 00:00:00+00:00
[2024-09-03T15:51:44.551+0000] {logging_mixin.py:190} INFO - [2024-09-03T15:51:44.551+0000] {dag.py:4138} INFO - Setting next_dagrun for example_branch_datetime_operator_3 to 2024-09-02 00:00:00+00:00, run_after=2024-09-03 00:00:00+00:00
[2024-09-03T15:51:44.560+0000] {processor.py:208} INFO - Processing /home/airflow/.local/lib/python3.12/site-packages/airflow/example_dags/example_branch_datetime_operator.py took 0.060 seconds
[2024-09-03T15:52:14.854+0000] {processor.py:186} INFO - Started process (PID=497) to work on /home/airflow/.local/lib/python3.12/site-packages/airflow/example_dags/example_branch_datetime_operator.py
[2024-09-03T15:52:14.855+0000] {processor.py:914} INFO - Processing file /home/airflow/.local/lib/python3.12/site-packages/airflow/example_dags/example_branch_datetime_operator.py for tasks to queue
[2024-09-03T15:52:14.857+0000] {logging_mixin.py:190} INFO - [2024-09-03T15:52:14.857+0000] {dagbag.py:587} INFO - Filling up the DagBag from /home/airflow/.local/lib/python3.12/site-packages/airflow/example_dags/example_branch_datetime_operator.py
[2024-09-03T15:52:14.864+0000] {processor.py:925} INFO - DAG(s) 'example_branch_datetime_operator_2', 'example_branch_datetime_operator_3', 'example_branch_datetime_operator' retrieved from /home/airflow/.local/lib/python3.12/site-packages/airflow/example_dags/example_branch_datetime_operator.py
[2024-09-03T15:52:14.882+0000] {logging_mixin.py:190} INFO - [2024-09-03T15:52:14.881+0000] {dag.py:3211} INFO - Sync 3 DAGs
[2024-09-03T15:52:14.895+0000] {logging_mixin.py:190} INFO - [2024-09-03T15:52:14.895+0000] {dag.py:4138} INFO - Setting next_dagrun for example_branch_datetime_operator to 2024-09-02 00:00:00+00:00, run_after=2024-09-03 00:00:00+00:00
[2024-09-03T15:52:14.898+0000] {logging_mixin.py:190} INFO - [2024-09-03T15:52:14.898+0000] {dag.py:4138} INFO - Setting next_dagrun for example_branch_datetime_operator_2 to 2024-09-02 00:00:00+00:00, run_after=2024-09-03 00:00:00+00:00
[2024-09-03T15:52:14.899+0000] {logging_mixin.py:190} INFO - [2024-09-03T15:52:14.899+0000] {dag.py:4138} INFO - Setting next_dagrun for example_branch_datetime_operator_3 to 2024-09-02 00:00:00+00:00, run_after=2024-09-03 00:00:00+00:00
[2024-09-03T15:52:14.906+0000] {processor.py:208} INFO - Processing /home/airflow/.local/lib/python3.12/site-packages/airflow/example_dags/example_branch_datetime_operator.py took 0.057 seconds
[2024-09-03T15:52:45.668+0000] {processor.py:186} INFO - Started process (PID=559) to work on /home/airflow/.local/lib/python3.12/site-packages/airflow/example_dags/example_branch_datetime_operator.py
[2024-09-03T15:52:45.669+0000] {processor.py:914} INFO - Processing file /home/airflow/.local/lib/python3.12/site-packages/airflow/example_dags/example_branch_datetime_operator.py for tasks to queue
[2024-09-03T15:52:45.671+0000] {logging_mixin.py:190} INFO - [2024-09-03T15:52:45.670+0000] {dagbag.py:587} INFO - Filling up the DagBag from /home/airflow/.local/lib/python3.12/site-packages/airflow/example_dags/example_branch_datetime_operator.py
[2024-09-03T15:52:45.680+0000] {processor.py:925} INFO - DAG(s) 'example_branch_datetime_operator', 'example_branch_datetime_operator_2', 'example_branch_datetime_operator_3' retrieved from /home/airflow/.local/lib/python3.12/site-packages/airflow/example_dags/example_branch_datetime_operator.py
[2024-09-03T15:52:45.698+0000] {logging_mixin.py:190} INFO - [2024-09-03T15:52:45.698+0000] {dag.py:3211} INFO - Sync 3 DAGs
[2024-09-03T15:52:45.712+0000] {logging_mixin.py:190} INFO - [2024-09-03T15:52:45.712+0000] {dag.py:4138} INFO - Setting next_dagrun for example_branch_datetime_operator to 2024-09-02 00:00:00+00:00, run_after=2024-09-03 00:00:00+00:00
[2024-09-03T15:52:45.714+0000] {logging_mixin.py:190} INFO - [2024-09-03T15:52:45.714+0000] {dag.py:4138} INFO - Setting next_dagrun for example_branch_datetime_operator_2 to 2024-09-02 00:00:00+00:00, run_after=2024-09-03 00:00:00+00:00
[2024-09-03T15:52:45.715+0000] {logging_mixin.py:190} INFO - [2024-09-03T15:52:45.715+0000] {dag.py:4138} INFO - Setting next_dagrun for example_branch_datetime_operator_3 to 2024-09-02 00:00:00+00:00, run_after=2024-09-03 00:00:00+00:00
[2024-09-03T15:52:45.723+0000] {processor.py:208} INFO - Processing /home/airflow/.local/lib/python3.12/site-packages/airflow/example_dags/example_branch_datetime_operator.py took 0.060 seconds
[2024-09-03T15:53:15.889+0000] {processor.py:186} INFO - Started process (PID=620) to work on /home/airflow/.local/lib/python3.12/site-packages/airflow/example_dags/example_branch_datetime_operator.py
[2024-09-03T15:53:15.890+0000] {processor.py:914} INFO - Processing file /home/airflow/.local/lib/python3.12/site-packages/airflow/example_dags/example_branch_datetime_operator.py for tasks to queue
[2024-09-03T15:53:15.892+0000] {logging_mixin.py:190} INFO - [2024-09-03T15:53:15.892+0000] {dagbag.py:587} INFO - Filling up the DagBag from /home/airflow/.local/lib/python3.12/site-packages/airflow/example_dags/example_branch_datetime_operator.py
[2024-09-03T15:53:15.900+0000] {processor.py:925} INFO - DAG(s) 'example_branch_datetime_operator_2', 'example_branch_datetime_operator', 'example_branch_datetime_operator_3' retrieved from /home/airflow/.local/lib/python3.12/site-packages/airflow/example_dags/example_branch_datetime_operator.py
[2024-09-03T15:53:15.916+0000] {logging_mixin.py:190} INFO - [2024-09-03T15:53:15.916+0000] {dag.py:3211} INFO - Sync 3 DAGs
[2024-09-03T15:53:15.929+0000] {logging_mixin.py:190} INFO - [2024-09-03T15:53:15.928+0000] {dag.py:4138} INFO - Setting next_dagrun for example_branch_datetime_operator to 2024-09-02 00:00:00+00:00, run_after=2024-09-03 00:00:00+00:00
[2024-09-03T15:53:15.931+0000] {logging_mixin.py:190} INFO - [2024-09-03T15:53:15.931+0000] {dag.py:4138} INFO - Setting next_dagrun for example_branch_datetime_operator_2 to 2024-09-02 00:00:00+00:00, run_after=2024-09-03 00:00:00+00:00
[2024-09-03T15:53:15.932+0000] {logging_mixin.py:190} INFO - [2024-09-03T15:53:15.932+0000] {dag.py:4138} INFO - Setting next_dagrun for example_branch_datetime_operator_3 to 2024-09-02 00:00:00+00:00, run_after=2024-09-03 00:00:00+00:00
[2024-09-03T15:53:15.939+0000] {processor.py:208} INFO - Processing /home/airflow/.local/lib/python3.12/site-packages/airflow/example_dags/example_branch_datetime_operator.py took 0.053 seconds
[2024-09-03T15:53:47.049+0000] {processor.py:186} INFO - Started process (PID=682) to work on /home/airflow/.local/lib/python3.12/site-packages/airflow/example_dags/example_branch_datetime_operator.py
[2024-09-03T15:53:47.050+0000] {processor.py:914} INFO - Processing file /home/airflow/.local/lib/python3.12/site-packages/airflow/example_dags/example_branch_datetime_operator.py for tasks to queue
[2024-09-03T15:53:47.051+0000] {logging_mixin.py:190} INFO - [2024-09-03T15:53:47.051+0000] {dagbag.py:587} INFO - Filling up the DagBag from /home/airflow/.local/lib/python3.12/site-packages/airflow/example_dags/example_branch_datetime_operator.py
[2024-09-03T15:53:47.059+0000] {processor.py:925} INFO - DAG(s) 'example_branch_datetime_operator_3', 'example_branch_datetime_operator_2', 'example_branch_datetime_operator' retrieved from /home/airflow/.local/lib/python3.12/site-packages/airflow/example_dags/example_branch_datetime_operator.py
[2024-09-03T15:53:47.079+0000] {logging_mixin.py:190} INFO - [2024-09-03T15:53:47.079+0000] {dag.py:3211} INFO - Sync 3 DAGs
[2024-09-03T15:53:47.101+0000] {logging_mixin.py:190} INFO - [2024-09-03T15:53:47.101+0000] {dag.py:4138} INFO - Setting next_dagrun for example_branch_datetime_operator to 2024-09-02 00:00:00+00:00, run_after=2024-09-03 00:00:00+00:00
[2024-09-03T15:53:47.104+0000] {logging_mixin.py:190} INFO - [2024-09-03T15:53:47.104+0000] {dag.py:4138} INFO - Setting next_dagrun for example_branch_datetime_operator_2 to 2024-09-02 00:00:00+00:00, run_after=2024-09-03 00:00:00+00:00
[2024-09-03T15:53:47.105+0000] {logging_mixin.py:190} INFO - [2024-09-03T15:53:47.105+0000] {dag.py:4138} INFO - Setting next_dagrun for example_branch_datetime_operator_3 to 2024-09-02 00:00:00+00:00, run_after=2024-09-03 00:00:00+00:00
[2024-09-03T15:53:47.115+0000] {processor.py:208} INFO - Processing /home/airflow/.local/lib/python3.12/site-packages/airflow/example_dags/example_branch_datetime_operator.py took 0.070 seconds
[2024-09-03T15:54:17.343+0000] {processor.py:186} INFO - Started process (PID=744) to work on /home/airflow/.local/lib/python3.12/site-packages/airflow/example_dags/example_branch_datetime_operator.py
[2024-09-03T15:54:17.344+0000] {processor.py:914} INFO - Processing file /home/airflow/.local/lib/python3.12/site-packages/airflow/example_dags/example_branch_datetime_operator.py for tasks to queue
[2024-09-03T15:54:17.346+0000] {logging_mixin.py:190} INFO - [2024-09-03T15:54:17.346+0000] {dagbag.py:587} INFO - Filling up the DagBag from /home/airflow/.local/lib/python3.12/site-packages/airflow/example_dags/example_branch_datetime_operator.py
[2024-09-03T15:54:17.355+0000] {processor.py:925} INFO - DAG(s) 'example_branch_datetime_operator', 'example_branch_datetime_operator_2', 'example_branch_datetime_operator_3' retrieved from /home/airflow/.local/lib/python3.12/site-packages/airflow/example_dags/example_branch_datetime_operator.py
[2024-09-03T15:54:17.374+0000] {logging_mixin.py:190} INFO - [2024-09-03T15:54:17.374+0000] {dag.py:3211} INFO - Sync 3 DAGs
[2024-09-03T15:54:17.389+0000] {logging_mixin.py:190} INFO - [2024-09-03T15:54:17.389+0000] {dag.py:4138} INFO - Setting next_dagrun for example_branch_datetime_operator to 2024-09-02 00:00:00+00:00, run_after=2024-09-03 00:00:00+00:00
[2024-09-03T15:54:17.392+0000] {logging_mixin.py:190} INFO - [2024-09-03T15:54:17.391+0000] {dag.py:4138} INFO - Setting next_dagrun for example_branch_datetime_operator_2 to 2024-09-02 00:00:00+00:00, run_after=2024-09-03 00:00:00+00:00
[2024-09-03T15:54:17.393+0000] {logging_mixin.py:190} INFO - [2024-09-03T15:54:17.393+0000] {dag.py:4138} INFO - Setting next_dagrun for example_branch_datetime_operator_3 to 2024-09-02 00:00:00+00:00, run_after=2024-09-03 00:00:00+00:00
[2024-09-03T15:54:17.402+0000] {processor.py:208} INFO - Processing /home/airflow/.local/lib/python3.12/site-packages/airflow/example_dags/example_branch_datetime_operator.py took 0.063 seconds
[2024-09-03T15:54:47.734+0000] {processor.py:186} INFO - Started process (PID=805) to work on /home/airflow/.local/lib/python3.12/site-packages/airflow/example_dags/example_branch_datetime_operator.py
[2024-09-03T15:54:47.736+0000] {processor.py:914} INFO - Processing file /home/airflow/.local/lib/python3.12/site-packages/airflow/example_dags/example_branch_datetime_operator.py for tasks to queue
[2024-09-03T15:54:47.739+0000] {logging_mixin.py:190} INFO - [2024-09-03T15:54:47.738+0000] {dagbag.py:587} INFO - Filling up the DagBag from /home/airflow/.local/lib/python3.12/site-packages/airflow/example_dags/example_branch_datetime_operator.py
[2024-09-03T15:54:47.750+0000] {processor.py:925} INFO - DAG(s) 'example_branch_datetime_operator', 'example_branch_datetime_operator_2', 'example_branch_datetime_operator_3' retrieved from /home/airflow/.local/lib/python3.12/site-packages/airflow/example_dags/example_branch_datetime_operator.py
[2024-09-03T15:54:47.776+0000] {logging_mixin.py:190} INFO - [2024-09-03T15:54:47.776+0000] {dag.py:3211} INFO - Sync 3 DAGs
[2024-09-03T15:54:47.795+0000] {logging_mixin.py:190} INFO - [2024-09-03T15:54:47.795+0000] {dag.py:4138} INFO - Setting next_dagrun for example_branch_datetime_operator to 2024-09-02 00:00:00+00:00, run_after=2024-09-03 00:00:00+00:00
[2024-09-03T15:54:47.798+0000] {logging_mixin.py:190} INFO - [2024-09-03T15:54:47.798+0000] {dag.py:4138} INFO - Setting next_dagrun for example_branch_datetime_operator_2 to 2024-09-02 00:00:00+00:00, run_after=2024-09-03 00:00:00+00:00
[2024-09-03T15:54:47.800+0000] {logging_mixin.py:190} INFO - [2024-09-03T15:54:47.800+0000] {dag.py:4138} INFO - Setting next_dagrun for example_branch_datetime_operator_3 to 2024-09-02 00:00:00+00:00, run_after=2024-09-03 00:00:00+00:00
[2024-09-03T15:54:47.811+0000] {processor.py:208} INFO - Processing /home/airflow/.local/lib/python3.12/site-packages/airflow/example_dags/example_branch_datetime_operator.py took 0.081 seconds
