[2024-09-03T15:48:39.184+0000] {processor.py:186} INFO - Started process (PID=57) to work on /home/airflow/.local/lib/python3.12/site-packages/airflow/example_dags/example_time_delta_sensor_async.py
[2024-09-03T15:48:39.186+0000] {processor.py:914} INFO - Processing file /home/airflow/.local/lib/python3.12/site-packages/airflow/example_dags/example_time_delta_sensor_async.py for tasks to queue
[2024-09-03T15:48:39.192+0000] {logging_mixin.py:190} INFO - [2024-09-03T15:48:39.191+0000] {dagbag.py:587} INFO - Filling up the DagBag from /home/airflow/.local/lib/python3.12/site-packages/airflow/example_dags/example_time_delta_sensor_async.py
[2024-09-03T15:48:39.202+0000] {processor.py:925} INFO - DAG(s) 'example_time_delta_sensor_async' retrieved from /home/airflow/.local/lib/python3.12/site-packages/airflow/example_dags/example_time_delta_sensor_async.py
[2024-09-03T15:48:39.306+0000] {logging_mixin.py:190} INFO - [2024-09-03T15:48:39.306+0000] {override.py:1858} INFO - Created Permission View: can edit on DAG:example_time_delta_sensor_async
[2024-09-03T15:48:39.315+0000] {logging_mixin.py:190} INFO - [2024-09-03T15:48:39.315+0000] {override.py:1858} INFO - Created Permission View: can read on DAG:example_time_delta_sensor_async
[2024-09-03T15:48:39.321+0000] {logging_mixin.py:190} INFO - [2024-09-03T15:48:39.321+0000] {override.py:1858} INFO - Created Permission View: can delete on DAG:example_time_delta_sensor_async
[2024-09-03T15:48:39.321+0000] {logging_mixin.py:190} INFO - [2024-09-03T15:48:39.321+0000] {dag.py:3211} INFO - Sync 1 DAGs
[2024-09-03T15:48:39.331+0000] {logging_mixin.py:190} INFO - [2024-09-03T15:48:39.331+0000] {dag.py:3234} INFO - Creating ORM DAG for example_time_delta_sensor_async
[2024-09-03T15:48:39.334+0000] {logging_mixin.py:190} INFO - [2024-09-03T15:48:39.334+0000] {dag.py:4138} INFO - Setting next_dagrun for example_time_delta_sensor_async to None, run_after=None
[2024-09-03T15:48:39.357+0000] {processor.py:208} INFO - Processing /home/airflow/.local/lib/python3.12/site-packages/airflow/example_dags/example_time_delta_sensor_async.py took 0.184 seconds
[2024-09-03T15:49:10.004+0000] {processor.py:186} INFO - Started process (PID=119) to work on /home/airflow/.local/lib/python3.12/site-packages/airflow/example_dags/example_time_delta_sensor_async.py
[2024-09-03T15:49:10.005+0000] {processor.py:914} INFO - Processing file /home/airflow/.local/lib/python3.12/site-packages/airflow/example_dags/example_time_delta_sensor_async.py for tasks to queue
[2024-09-03T15:49:10.006+0000] {logging_mixin.py:190} INFO - [2024-09-03T15:49:10.006+0000] {dagbag.py:587} INFO - Filling up the DagBag from /home/airflow/.local/lib/python3.12/site-packages/airflow/example_dags/example_time_delta_sensor_async.py
[2024-09-03T15:49:10.010+0000] {processor.py:925} INFO - DAG(s) 'example_time_delta_sensor_async' retrieved from /home/airflow/.local/lib/python3.12/site-packages/airflow/example_dags/example_time_delta_sensor_async.py
[2024-09-03T15:49:10.024+0000] {logging_mixin.py:190} INFO - [2024-09-03T15:49:10.024+0000] {dag.py:3211} INFO - Sync 1 DAGs
[2024-09-03T15:49:10.031+0000] {logging_mixin.py:190} INFO - [2024-09-03T15:49:10.031+0000] {dag.py:4138} INFO - Setting next_dagrun for example_time_delta_sensor_async to None, run_after=None
[2024-09-03T15:49:10.040+0000] {processor.py:208} INFO - Processing /home/airflow/.local/lib/python3.12/site-packages/airflow/example_dags/example_time_delta_sensor_async.py took 0.040 seconds
[2024-09-03T15:49:40.926+0000] {processor.py:186} INFO - Started process (PID=182) to work on /home/airflow/.local/lib/python3.12/site-packages/airflow/example_dags/example_time_delta_sensor_async.py
[2024-09-03T15:49:40.927+0000] {processor.py:914} INFO - Processing file /home/airflow/.local/lib/python3.12/site-packages/airflow/example_dags/example_time_delta_sensor_async.py for tasks to queue
[2024-09-03T15:49:40.929+0000] {logging_mixin.py:190} INFO - [2024-09-03T15:49:40.929+0000] {dagbag.py:587} INFO - Filling up the DagBag from /home/airflow/.local/lib/python3.12/site-packages/airflow/example_dags/example_time_delta_sensor_async.py
[2024-09-03T15:49:40.934+0000] {processor.py:925} INFO - DAG(s) 'example_time_delta_sensor_async' retrieved from /home/airflow/.local/lib/python3.12/site-packages/airflow/example_dags/example_time_delta_sensor_async.py
[2024-09-03T15:49:40.953+0000] {logging_mixin.py:190} INFO - [2024-09-03T15:49:40.953+0000] {dag.py:3211} INFO - Sync 1 DAGs
[2024-09-03T15:49:40.963+0000] {logging_mixin.py:190} INFO - [2024-09-03T15:49:40.963+0000] {dag.py:4138} INFO - Setting next_dagrun for example_time_delta_sensor_async to None, run_after=None
[2024-09-03T15:49:40.983+0000] {processor.py:208} INFO - Processing /home/airflow/.local/lib/python3.12/site-packages/airflow/example_dags/example_time_delta_sensor_async.py took 0.060 seconds
[2024-09-03T15:50:12.008+0000] {processor.py:186} INFO - Started process (PID=244) to work on /home/airflow/.local/lib/python3.12/site-packages/airflow/example_dags/example_time_delta_sensor_async.py
[2024-09-03T15:50:12.009+0000] {processor.py:914} INFO - Processing file /home/airflow/.local/lib/python3.12/site-packages/airflow/example_dags/example_time_delta_sensor_async.py for tasks to queue
[2024-09-03T15:50:12.012+0000] {logging_mixin.py:190} INFO - [2024-09-03T15:50:12.011+0000] {dagbag.py:587} INFO - Filling up the DagBag from /home/airflow/.local/lib/python3.12/site-packages/airflow/example_dags/example_time_delta_sensor_async.py
[2024-09-03T15:50:12.016+0000] {processor.py:925} INFO - DAG(s) 'example_time_delta_sensor_async' retrieved from /home/airflow/.local/lib/python3.12/site-packages/airflow/example_dags/example_time_delta_sensor_async.py
[2024-09-03T15:50:12.035+0000] {logging_mixin.py:190} INFO - [2024-09-03T15:50:12.035+0000] {dag.py:3211} INFO - Sync 1 DAGs
[2024-09-03T15:50:12.045+0000] {logging_mixin.py:190} INFO - [2024-09-03T15:50:12.044+0000] {dag.py:4138} INFO - Setting next_dagrun for example_time_delta_sensor_async to None, run_after=None
[2024-09-03T15:50:12.058+0000] {processor.py:208} INFO - Processing /home/airflow/.local/lib/python3.12/site-packages/airflow/example_dags/example_time_delta_sensor_async.py took 0.053 seconds
[2024-09-03T15:50:42.290+0000] {processor.py:186} INFO - Started process (PID=306) to work on /home/airflow/.local/lib/python3.12/site-packages/airflow/example_dags/example_time_delta_sensor_async.py
[2024-09-03T15:50:42.291+0000] {processor.py:914} INFO - Processing file /home/airflow/.local/lib/python3.12/site-packages/airflow/example_dags/example_time_delta_sensor_async.py for tasks to queue
[2024-09-03T15:50:42.293+0000] {logging_mixin.py:190} INFO - [2024-09-03T15:50:42.293+0000] {dagbag.py:587} INFO - Filling up the DagBag from /home/airflow/.local/lib/python3.12/site-packages/airflow/example_dags/example_time_delta_sensor_async.py
[2024-09-03T15:50:42.300+0000] {processor.py:925} INFO - DAG(s) 'example_time_delta_sensor_async' retrieved from /home/airflow/.local/lib/python3.12/site-packages/airflow/example_dags/example_time_delta_sensor_async.py
[2024-09-03T15:50:42.315+0000] {logging_mixin.py:190} INFO - [2024-09-03T15:50:42.315+0000] {dag.py:3211} INFO - Sync 1 DAGs
[2024-09-03T15:50:42.324+0000] {logging_mixin.py:190} INFO - [2024-09-03T15:50:42.324+0000] {dag.py:4138} INFO - Setting next_dagrun for example_time_delta_sensor_async to None, run_after=None
[2024-09-03T15:50:42.339+0000] {processor.py:208} INFO - Processing /home/airflow/.local/lib/python3.12/site-packages/airflow/example_dags/example_time_delta_sensor_async.py took 0.052 seconds
[2024-09-03T15:51:13.281+0000] {processor.py:186} INFO - Started process (PID=369) to work on /home/airflow/.local/lib/python3.12/site-packages/airflow/example_dags/example_time_delta_sensor_async.py
[2024-09-03T15:51:13.282+0000] {processor.py:914} INFO - Processing file /home/airflow/.local/lib/python3.12/site-packages/airflow/example_dags/example_time_delta_sensor_async.py for tasks to queue
[2024-09-03T15:51:13.284+0000] {logging_mixin.py:190} INFO - [2024-09-03T15:51:13.283+0000] {dagbag.py:587} INFO - Filling up the DagBag from /home/airflow/.local/lib/python3.12/site-packages/airflow/example_dags/example_time_delta_sensor_async.py
[2024-09-03T15:51:13.288+0000] {processor.py:925} INFO - DAG(s) 'example_time_delta_sensor_async' retrieved from /home/airflow/.local/lib/python3.12/site-packages/airflow/example_dags/example_time_delta_sensor_async.py
[2024-09-03T15:51:13.303+0000] {logging_mixin.py:190} INFO - [2024-09-03T15:51:13.303+0000] {dag.py:3211} INFO - Sync 1 DAGs
[2024-09-03T15:51:13.312+0000] {logging_mixin.py:190} INFO - [2024-09-03T15:51:13.312+0000] {dag.py:4138} INFO - Setting next_dagrun for example_time_delta_sensor_async to None, run_after=None
[2024-09-03T15:51:13.327+0000] {processor.py:208} INFO - Processing /home/airflow/.local/lib/python3.12/site-packages/airflow/example_dags/example_time_delta_sensor_async.py took 0.051 seconds
[2024-09-03T15:51:44.379+0000] {processor.py:186} INFO - Started process (PID=431) to work on /home/airflow/.local/lib/python3.12/site-packages/airflow/example_dags/example_time_delta_sensor_async.py
[2024-09-03T15:51:44.380+0000] {processor.py:914} INFO - Processing file /home/airflow/.local/lib/python3.12/site-packages/airflow/example_dags/example_time_delta_sensor_async.py for tasks to queue
[2024-09-03T15:51:44.382+0000] {logging_mixin.py:190} INFO - [2024-09-03T15:51:44.382+0000] {dagbag.py:587} INFO - Filling up the DagBag from /home/airflow/.local/lib/python3.12/site-packages/airflow/example_dags/example_time_delta_sensor_async.py
[2024-09-03T15:51:44.386+0000] {processor.py:925} INFO - DAG(s) 'example_time_delta_sensor_async' retrieved from /home/airflow/.local/lib/python3.12/site-packages/airflow/example_dags/example_time_delta_sensor_async.py
[2024-09-03T15:51:44.400+0000] {logging_mixin.py:190} INFO - [2024-09-03T15:51:44.400+0000] {dag.py:3211} INFO - Sync 1 DAGs
[2024-09-03T15:51:44.408+0000] {logging_mixin.py:190} INFO - [2024-09-03T15:51:44.408+0000] {dag.py:4138} INFO - Setting next_dagrun for example_time_delta_sensor_async to None, run_after=None
[2024-09-03T15:51:44.417+0000] {processor.py:208} INFO - Processing /home/airflow/.local/lib/python3.12/site-packages/airflow/example_dags/example_time_delta_sensor_async.py took 0.041 seconds
[2024-09-03T15:52:14.689+0000] {processor.py:186} INFO - Started process (PID=493) to work on /home/airflow/.local/lib/python3.12/site-packages/airflow/example_dags/example_time_delta_sensor_async.py
[2024-09-03T15:52:14.690+0000] {processor.py:914} INFO - Processing file /home/airflow/.local/lib/python3.12/site-packages/airflow/example_dags/example_time_delta_sensor_async.py for tasks to queue
[2024-09-03T15:52:14.692+0000] {logging_mixin.py:190} INFO - [2024-09-03T15:52:14.692+0000] {dagbag.py:587} INFO - Filling up the DagBag from /home/airflow/.local/lib/python3.12/site-packages/airflow/example_dags/example_time_delta_sensor_async.py
[2024-09-03T15:52:14.697+0000] {processor.py:925} INFO - DAG(s) 'example_time_delta_sensor_async' retrieved from /home/airflow/.local/lib/python3.12/site-packages/airflow/example_dags/example_time_delta_sensor_async.py
[2024-09-03T15:52:14.715+0000] {logging_mixin.py:190} INFO - [2024-09-03T15:52:14.715+0000] {dag.py:3211} INFO - Sync 1 DAGs
[2024-09-03T15:52:14.727+0000] {logging_mixin.py:190} INFO - [2024-09-03T15:52:14.727+0000] {dag.py:4138} INFO - Setting next_dagrun for example_time_delta_sensor_async to None, run_after=None
[2024-09-03T15:52:14.740+0000] {processor.py:208} INFO - Processing /home/airflow/.local/lib/python3.12/site-packages/airflow/example_dags/example_time_delta_sensor_async.py took 0.056 seconds
[2024-09-03T15:52:45.543+0000] {processor.py:186} INFO - Started process (PID=555) to work on /home/airflow/.local/lib/python3.12/site-packages/airflow/example_dags/example_time_delta_sensor_async.py
[2024-09-03T15:52:45.545+0000] {processor.py:914} INFO - Processing file /home/airflow/.local/lib/python3.12/site-packages/airflow/example_dags/example_time_delta_sensor_async.py for tasks to queue
[2024-09-03T15:52:45.546+0000] {logging_mixin.py:190} INFO - [2024-09-03T15:52:45.546+0000] {dagbag.py:587} INFO - Filling up the DagBag from /home/airflow/.local/lib/python3.12/site-packages/airflow/example_dags/example_time_delta_sensor_async.py
[2024-09-03T15:52:45.550+0000] {processor.py:925} INFO - DAG(s) 'example_time_delta_sensor_async' retrieved from /home/airflow/.local/lib/python3.12/site-packages/airflow/example_dags/example_time_delta_sensor_async.py
[2024-09-03T15:52:45.564+0000] {logging_mixin.py:190} INFO - [2024-09-03T15:52:45.564+0000] {dag.py:3211} INFO - Sync 1 DAGs
[2024-09-03T15:52:45.572+0000] {logging_mixin.py:190} INFO - [2024-09-03T15:52:45.572+0000] {dag.py:4138} INFO - Setting next_dagrun for example_time_delta_sensor_async to None, run_after=None
[2024-09-03T15:52:45.581+0000] {processor.py:208} INFO - Processing /home/airflow/.local/lib/python3.12/site-packages/airflow/example_dags/example_time_delta_sensor_async.py took 0.041 seconds
[2024-09-03T15:53:15.664+0000] {processor.py:186} INFO - Started process (PID=616) to work on /home/airflow/.local/lib/python3.12/site-packages/airflow/example_dags/example_time_delta_sensor_async.py
[2024-09-03T15:53:15.665+0000] {processor.py:914} INFO - Processing file /home/airflow/.local/lib/python3.12/site-packages/airflow/example_dags/example_time_delta_sensor_async.py for tasks to queue
[2024-09-03T15:53:15.667+0000] {logging_mixin.py:190} INFO - [2024-09-03T15:53:15.667+0000] {dagbag.py:587} INFO - Filling up the DagBag from /home/airflow/.local/lib/python3.12/site-packages/airflow/example_dags/example_time_delta_sensor_async.py
[2024-09-03T15:53:15.672+0000] {processor.py:925} INFO - DAG(s) 'example_time_delta_sensor_async' retrieved from /home/airflow/.local/lib/python3.12/site-packages/airflow/example_dags/example_time_delta_sensor_async.py
[2024-09-03T15:53:15.699+0000] {logging_mixin.py:190} INFO - [2024-09-03T15:53:15.698+0000] {dag.py:3211} INFO - Sync 1 DAGs
[2024-09-03T15:53:15.713+0000] {logging_mixin.py:190} INFO - [2024-09-03T15:53:15.712+0000] {dag.py:4138} INFO - Setting next_dagrun for example_time_delta_sensor_async to None, run_after=None
[2024-09-03T15:53:15.724+0000] {processor.py:208} INFO - Processing /home/airflow/.local/lib/python3.12/site-packages/airflow/example_dags/example_time_delta_sensor_async.py took 0.064 seconds
[2024-09-03T15:53:46.750+0000] {processor.py:186} INFO - Started process (PID=678) to work on /home/airflow/.local/lib/python3.12/site-packages/airflow/example_dags/example_time_delta_sensor_async.py
[2024-09-03T15:53:46.751+0000] {processor.py:914} INFO - Processing file /home/airflow/.local/lib/python3.12/site-packages/airflow/example_dags/example_time_delta_sensor_async.py for tasks to queue
[2024-09-03T15:53:46.753+0000] {logging_mixin.py:190} INFO - [2024-09-03T15:53:46.753+0000] {dagbag.py:587} INFO - Filling up the DagBag from /home/airflow/.local/lib/python3.12/site-packages/airflow/example_dags/example_time_delta_sensor_async.py
[2024-09-03T15:53:46.759+0000] {processor.py:925} INFO - DAG(s) 'example_time_delta_sensor_async' retrieved from /home/airflow/.local/lib/python3.12/site-packages/airflow/example_dags/example_time_delta_sensor_async.py
[2024-09-03T15:53:46.781+0000] {logging_mixin.py:190} INFO - [2024-09-03T15:53:46.781+0000] {dag.py:3211} INFO - Sync 1 DAGs
[2024-09-03T15:53:46.790+0000] {logging_mixin.py:190} INFO - [2024-09-03T15:53:46.790+0000] {dag.py:4138} INFO - Setting next_dagrun for example_time_delta_sensor_async to None, run_after=None
[2024-09-03T15:53:46.813+0000] {processor.py:208} INFO - Processing /home/airflow/.local/lib/python3.12/site-packages/airflow/example_dags/example_time_delta_sensor_async.py took 0.068 seconds
[2024-09-03T15:54:17.061+0000] {processor.py:186} INFO - Started process (PID=739) to work on /home/airflow/.local/lib/python3.12/site-packages/airflow/example_dags/example_time_delta_sensor_async.py
[2024-09-03T15:54:17.062+0000] {processor.py:914} INFO - Processing file /home/airflow/.local/lib/python3.12/site-packages/airflow/example_dags/example_time_delta_sensor_async.py for tasks to queue
[2024-09-03T15:54:17.064+0000] {logging_mixin.py:190} INFO - [2024-09-03T15:54:17.063+0000] {dagbag.py:587} INFO - Filling up the DagBag from /home/airflow/.local/lib/python3.12/site-packages/airflow/example_dags/example_time_delta_sensor_async.py
[2024-09-03T15:54:17.068+0000] {processor.py:925} INFO - DAG(s) 'example_time_delta_sensor_async' retrieved from /home/airflow/.local/lib/python3.12/site-packages/airflow/example_dags/example_time_delta_sensor_async.py
[2024-09-03T15:54:17.083+0000] {logging_mixin.py:190} INFO - [2024-09-03T15:54:17.083+0000] {dag.py:3211} INFO - Sync 1 DAGs
[2024-09-03T15:54:17.091+0000] {logging_mixin.py:190} INFO - [2024-09-03T15:54:17.091+0000] {dag.py:4138} INFO - Setting next_dagrun for example_time_delta_sensor_async to None, run_after=None
[2024-09-03T15:54:17.100+0000] {processor.py:208} INFO - Processing /home/airflow/.local/lib/python3.12/site-packages/airflow/example_dags/example_time_delta_sensor_async.py took 0.043 seconds
[2024-09-03T15:54:47.475+0000] {processor.py:186} INFO - Started process (PID=801) to work on /home/airflow/.local/lib/python3.12/site-packages/airflow/example_dags/example_time_delta_sensor_async.py
[2024-09-03T15:54:47.476+0000] {processor.py:914} INFO - Processing file /home/airflow/.local/lib/python3.12/site-packages/airflow/example_dags/example_time_delta_sensor_async.py for tasks to queue
[2024-09-03T15:54:47.477+0000] {logging_mixin.py:190} INFO - [2024-09-03T15:54:47.477+0000] {dagbag.py:587} INFO - Filling up the DagBag from /home/airflow/.local/lib/python3.12/site-packages/airflow/example_dags/example_time_delta_sensor_async.py
[2024-09-03T15:54:47.482+0000] {processor.py:925} INFO - DAG(s) 'example_time_delta_sensor_async' retrieved from /home/airflow/.local/lib/python3.12/site-packages/airflow/example_dags/example_time_delta_sensor_async.py
[2024-09-03T15:54:47.496+0000] {logging_mixin.py:190} INFO - [2024-09-03T15:54:47.496+0000] {dag.py:3211} INFO - Sync 1 DAGs
[2024-09-03T15:54:47.504+0000] {logging_mixin.py:190} INFO - [2024-09-03T15:54:47.504+0000] {dag.py:4138} INFO - Setting next_dagrun for example_time_delta_sensor_async to None, run_after=None
[2024-09-03T15:54:47.515+0000] {processor.py:208} INFO - Processing /home/airflow/.local/lib/python3.12/site-packages/airflow/example_dags/example_time_delta_sensor_async.py took 0.044 seconds
