[2024-09-03T15:48:39.536+0000] {processor.py:186} INFO - Started process (PID=59) to work on /home/airflow/.local/lib/python3.12/site-packages/airflow/example_dags/example_kubernetes_executor.py
[2024-09-03T15:48:39.536+0000] {processor.py:914} INFO - Processing file /home/airflow/.local/lib/python3.12/site-packages/airflow/example_dags/example_kubernetes_executor.py for tasks to queue
[2024-09-03T15:48:39.539+0000] {logging_mixin.py:190} INFO - [2024-09-03T15:48:39.538+0000] {dagbag.py:587} INFO - Filling up the DagBag from /home/airflow/.local/lib/python3.12/site-packages/airflow/example_dags/example_kubernetes_executor.py
[2024-09-03T15:48:39.550+0000] {processor.py:925} INFO - DAG(s) 'example_kubernetes_executor' retrieved from /home/airflow/.local/lib/python3.12/site-packages/airflow/example_dags/example_kubernetes_executor.py
[2024-09-03T15:48:39.764+0000] {logging_mixin.py:190} INFO - [2024-09-03T15:48:39.764+0000] {override.py:1858} INFO - Created Permission View: can edit on DAG:example_kubernetes_executor
[2024-09-03T15:48:39.781+0000] {logging_mixin.py:190} INFO - [2024-09-03T15:48:39.780+0000] {override.py:1858} INFO - Created Permission View: can read on DAG:example_kubernetes_executor
[2024-09-03T15:48:39.791+0000] {logging_mixin.py:190} INFO - [2024-09-03T15:48:39.790+0000] {override.py:1858} INFO - Created Permission View: can delete on DAG:example_kubernetes_executor
[2024-09-03T15:48:39.791+0000] {logging_mixin.py:190} INFO - [2024-09-03T15:48:39.791+0000] {dag.py:3211} INFO - Sync 1 DAGs
[2024-09-03T15:48:39.804+0000] {logging_mixin.py:190} INFO - [2024-09-03T15:48:39.803+0000] {dag.py:3234} INFO - Creating ORM DAG for example_kubernetes_executor
[2024-09-03T15:48:39.805+0000] {logging_mixin.py:190} INFO - [2024-09-03T15:48:39.805+0000] {dag.py:4138} INFO - Setting next_dagrun for example_kubernetes_executor to None, run_after=None
[2024-09-03T15:48:39.819+0000] {processor.py:208} INFO - Processing /home/airflow/.local/lib/python3.12/site-packages/airflow/example_dags/example_kubernetes_executor.py took 0.287 seconds
[2024-09-03T15:49:10.059+0000] {processor.py:186} INFO - Started process (PID=121) to work on /home/airflow/.local/lib/python3.12/site-packages/airflow/example_dags/example_kubernetes_executor.py
[2024-09-03T15:49:10.060+0000] {processor.py:914} INFO - Processing file /home/airflow/.local/lib/python3.12/site-packages/airflow/example_dags/example_kubernetes_executor.py for tasks to queue
[2024-09-03T15:49:10.062+0000] {logging_mixin.py:190} INFO - [2024-09-03T15:49:10.062+0000] {dagbag.py:587} INFO - Filling up the DagBag from /home/airflow/.local/lib/python3.12/site-packages/airflow/example_dags/example_kubernetes_executor.py
[2024-09-03T15:49:10.070+0000] {processor.py:925} INFO - DAG(s) 'example_kubernetes_executor' retrieved from /home/airflow/.local/lib/python3.12/site-packages/airflow/example_dags/example_kubernetes_executor.py
[2024-09-03T15:49:10.091+0000] {logging_mixin.py:190} INFO - [2024-09-03T15:49:10.091+0000] {dag.py:3211} INFO - Sync 1 DAGs
[2024-09-03T15:49:10.099+0000] {logging_mixin.py:190} INFO - [2024-09-03T15:49:10.099+0000] {dag.py:4138} INFO - Setting next_dagrun for example_kubernetes_executor to None, run_after=None
[2024-09-03T15:49:10.108+0000] {processor.py:208} INFO - Processing /home/airflow/.local/lib/python3.12/site-packages/airflow/example_dags/example_kubernetes_executor.py took 0.053 seconds
[2024-09-03T15:49:41.022+0000] {processor.py:186} INFO - Started process (PID=184) to work on /home/airflow/.local/lib/python3.12/site-packages/airflow/example_dags/example_kubernetes_executor.py
[2024-09-03T15:49:41.023+0000] {processor.py:914} INFO - Processing file /home/airflow/.local/lib/python3.12/site-packages/airflow/example_dags/example_kubernetes_executor.py for tasks to queue
[2024-09-03T15:49:41.025+0000] {logging_mixin.py:190} INFO - [2024-09-03T15:49:41.025+0000] {dagbag.py:587} INFO - Filling up the DagBag from /home/airflow/.local/lib/python3.12/site-packages/airflow/example_dags/example_kubernetes_executor.py
[2024-09-03T15:49:41.037+0000] {processor.py:925} INFO - DAG(s) 'example_kubernetes_executor' retrieved from /home/airflow/.local/lib/python3.12/site-packages/airflow/example_dags/example_kubernetes_executor.py
[2024-09-03T15:49:41.075+0000] {logging_mixin.py:190} INFO - [2024-09-03T15:49:41.075+0000] {dag.py:3211} INFO - Sync 1 DAGs
[2024-09-03T15:49:41.102+0000] {logging_mixin.py:190} INFO - [2024-09-03T15:49:41.102+0000] {dag.py:4138} INFO - Setting next_dagrun for example_kubernetes_executor to None, run_after=None
[2024-09-03T15:49:41.117+0000] {processor.py:208} INFO - Processing /home/airflow/.local/lib/python3.12/site-packages/airflow/example_dags/example_kubernetes_executor.py took 0.100 seconds
[2024-09-03T15:50:12.089+0000] {processor.py:186} INFO - Started process (PID=246) to work on /home/airflow/.local/lib/python3.12/site-packages/airflow/example_dags/example_kubernetes_executor.py
[2024-09-03T15:50:12.090+0000] {processor.py:914} INFO - Processing file /home/airflow/.local/lib/python3.12/site-packages/airflow/example_dags/example_kubernetes_executor.py for tasks to queue
[2024-09-03T15:50:12.092+0000] {logging_mixin.py:190} INFO - [2024-09-03T15:50:12.092+0000] {dagbag.py:587} INFO - Filling up the DagBag from /home/airflow/.local/lib/python3.12/site-packages/airflow/example_dags/example_kubernetes_executor.py
[2024-09-03T15:50:12.103+0000] {processor.py:925} INFO - DAG(s) 'example_kubernetes_executor' retrieved from /home/airflow/.local/lib/python3.12/site-packages/airflow/example_dags/example_kubernetes_executor.py
[2024-09-03T15:50:12.130+0000] {logging_mixin.py:190} INFO - [2024-09-03T15:50:12.130+0000] {dag.py:3211} INFO - Sync 1 DAGs
[2024-09-03T15:50:12.139+0000] {logging_mixin.py:190} INFO - [2024-09-03T15:50:12.139+0000] {dag.py:4138} INFO - Setting next_dagrun for example_kubernetes_executor to None, run_after=None
[2024-09-03T15:50:12.150+0000] {processor.py:208} INFO - Processing /home/airflow/.local/lib/python3.12/site-packages/airflow/example_dags/example_kubernetes_executor.py took 0.067 seconds
[2024-09-03T15:50:42.377+0000] {processor.py:186} INFO - Started process (PID=308) to work on /home/airflow/.local/lib/python3.12/site-packages/airflow/example_dags/example_kubernetes_executor.py
[2024-09-03T15:50:42.378+0000] {processor.py:914} INFO - Processing file /home/airflow/.local/lib/python3.12/site-packages/airflow/example_dags/example_kubernetes_executor.py for tasks to queue
[2024-09-03T15:50:42.381+0000] {logging_mixin.py:190} INFO - [2024-09-03T15:50:42.381+0000] {dagbag.py:587} INFO - Filling up the DagBag from /home/airflow/.local/lib/python3.12/site-packages/airflow/example_dags/example_kubernetes_executor.py
[2024-09-03T15:50:42.393+0000] {processor.py:925} INFO - DAG(s) 'example_kubernetes_executor' retrieved from /home/airflow/.local/lib/python3.12/site-packages/airflow/example_dags/example_kubernetes_executor.py
[2024-09-03T15:50:42.419+0000] {logging_mixin.py:190} INFO - [2024-09-03T15:50:42.419+0000] {dag.py:3211} INFO - Sync 1 DAGs
[2024-09-03T15:50:42.428+0000] {logging_mixin.py:190} INFO - [2024-09-03T15:50:42.428+0000] {dag.py:4138} INFO - Setting next_dagrun for example_kubernetes_executor to None, run_after=None
[2024-09-03T15:50:42.440+0000] {processor.py:208} INFO - Processing /home/airflow/.local/lib/python3.12/site-packages/airflow/example_dags/example_kubernetes_executor.py took 0.070 seconds
[2024-09-03T15:51:13.352+0000] {processor.py:186} INFO - Started process (PID=371) to work on /home/airflow/.local/lib/python3.12/site-packages/airflow/example_dags/example_kubernetes_executor.py
[2024-09-03T15:51:13.353+0000] {processor.py:914} INFO - Processing file /home/airflow/.local/lib/python3.12/site-packages/airflow/example_dags/example_kubernetes_executor.py for tasks to queue
[2024-09-03T15:51:13.354+0000] {logging_mixin.py:190} INFO - [2024-09-03T15:51:13.354+0000] {dagbag.py:587} INFO - Filling up the DagBag from /home/airflow/.local/lib/python3.12/site-packages/airflow/example_dags/example_kubernetes_executor.py
[2024-09-03T15:51:13.364+0000] {processor.py:925} INFO - DAG(s) 'example_kubernetes_executor' retrieved from /home/airflow/.local/lib/python3.12/site-packages/airflow/example_dags/example_kubernetes_executor.py
[2024-09-03T15:51:13.388+0000] {logging_mixin.py:190} INFO - [2024-09-03T15:51:13.388+0000] {dag.py:3211} INFO - Sync 1 DAGs
[2024-09-03T15:51:13.396+0000] {logging_mixin.py:190} INFO - [2024-09-03T15:51:13.396+0000] {dag.py:4138} INFO - Setting next_dagrun for example_kubernetes_executor to None, run_after=None
[2024-09-03T15:51:13.406+0000] {processor.py:208} INFO - Processing /home/airflow/.local/lib/python3.12/site-packages/airflow/example_dags/example_kubernetes_executor.py took 0.058 seconds
[2024-09-03T15:51:44.436+0000] {processor.py:186} INFO - Started process (PID=433) to work on /home/airflow/.local/lib/python3.12/site-packages/airflow/example_dags/example_kubernetes_executor.py
[2024-09-03T15:51:44.437+0000] {processor.py:914} INFO - Processing file /home/airflow/.local/lib/python3.12/site-packages/airflow/example_dags/example_kubernetes_executor.py for tasks to queue
[2024-09-03T15:51:44.438+0000] {logging_mixin.py:190} INFO - [2024-09-03T15:51:44.438+0000] {dagbag.py:587} INFO - Filling up the DagBag from /home/airflow/.local/lib/python3.12/site-packages/airflow/example_dags/example_kubernetes_executor.py
[2024-09-03T15:51:44.447+0000] {processor.py:925} INFO - DAG(s) 'example_kubernetes_executor' retrieved from /home/airflow/.local/lib/python3.12/site-packages/airflow/example_dags/example_kubernetes_executor.py
[2024-09-03T15:51:44.468+0000] {logging_mixin.py:190} INFO - [2024-09-03T15:51:44.468+0000] {dag.py:3211} INFO - Sync 1 DAGs
[2024-09-03T15:51:44.477+0000] {logging_mixin.py:190} INFO - [2024-09-03T15:51:44.477+0000] {dag.py:4138} INFO - Setting next_dagrun for example_kubernetes_executor to None, run_after=None
[2024-09-03T15:51:44.485+0000] {processor.py:208} INFO - Processing /home/airflow/.local/lib/python3.12/site-packages/airflow/example_dags/example_kubernetes_executor.py took 0.053 seconds
[2024-09-03T15:52:14.765+0000] {processor.py:186} INFO - Started process (PID=495) to work on /home/airflow/.local/lib/python3.12/site-packages/airflow/example_dags/example_kubernetes_executor.py
[2024-09-03T15:52:14.766+0000] {processor.py:914} INFO - Processing file /home/airflow/.local/lib/python3.12/site-packages/airflow/example_dags/example_kubernetes_executor.py for tasks to queue
[2024-09-03T15:52:14.767+0000] {logging_mixin.py:190} INFO - [2024-09-03T15:52:14.767+0000] {dagbag.py:587} INFO - Filling up the DagBag from /home/airflow/.local/lib/python3.12/site-packages/airflow/example_dags/example_kubernetes_executor.py
[2024-09-03T15:52:14.776+0000] {processor.py:925} INFO - DAG(s) 'example_kubernetes_executor' retrieved from /home/airflow/.local/lib/python3.12/site-packages/airflow/example_dags/example_kubernetes_executor.py
[2024-09-03T15:52:14.804+0000] {logging_mixin.py:190} INFO - [2024-09-03T15:52:14.804+0000] {dag.py:3211} INFO - Sync 1 DAGs
[2024-09-03T15:52:14.819+0000] {logging_mixin.py:190} INFO - [2024-09-03T15:52:14.818+0000] {dag.py:4138} INFO - Setting next_dagrun for example_kubernetes_executor to None, run_after=None
[2024-09-03T15:52:14.832+0000] {processor.py:208} INFO - Processing /home/airflow/.local/lib/python3.12/site-packages/airflow/example_dags/example_kubernetes_executor.py took 0.071 seconds
[2024-09-03T15:52:45.599+0000] {processor.py:186} INFO - Started process (PID=557) to work on /home/airflow/.local/lib/python3.12/site-packages/airflow/example_dags/example_kubernetes_executor.py
[2024-09-03T15:52:45.600+0000] {processor.py:914} INFO - Processing file /home/airflow/.local/lib/python3.12/site-packages/airflow/example_dags/example_kubernetes_executor.py for tasks to queue
[2024-09-03T15:52:45.601+0000] {logging_mixin.py:190} INFO - [2024-09-03T15:52:45.601+0000] {dagbag.py:587} INFO - Filling up the DagBag from /home/airflow/.local/lib/python3.12/site-packages/airflow/example_dags/example_kubernetes_executor.py
[2024-09-03T15:52:45.609+0000] {processor.py:925} INFO - DAG(s) 'example_kubernetes_executor' retrieved from /home/airflow/.local/lib/python3.12/site-packages/airflow/example_dags/example_kubernetes_executor.py
[2024-09-03T15:52:45.631+0000] {logging_mixin.py:190} INFO - [2024-09-03T15:52:45.631+0000] {dag.py:3211} INFO - Sync 1 DAGs
[2024-09-03T15:52:45.640+0000] {logging_mixin.py:190} INFO - [2024-09-03T15:52:45.639+0000] {dag.py:4138} INFO - Setting next_dagrun for example_kubernetes_executor to None, run_after=None
[2024-09-03T15:52:45.648+0000] {processor.py:208} INFO - Processing /home/airflow/.local/lib/python3.12/site-packages/airflow/example_dags/example_kubernetes_executor.py took 0.053 seconds
[2024-09-03T15:53:15.799+0000] {processor.py:186} INFO - Started process (PID=618) to work on /home/airflow/.local/lib/python3.12/site-packages/airflow/example_dags/example_kubernetes_executor.py
[2024-09-03T15:53:15.801+0000] {processor.py:914} INFO - Processing file /home/airflow/.local/lib/python3.12/site-packages/airflow/example_dags/example_kubernetes_executor.py for tasks to queue
[2024-09-03T15:53:15.804+0000] {logging_mixin.py:190} INFO - [2024-09-03T15:53:15.803+0000] {dagbag.py:587} INFO - Filling up the DagBag from /home/airflow/.local/lib/python3.12/site-packages/airflow/example_dags/example_kubernetes_executor.py
[2024-09-03T15:53:15.815+0000] {processor.py:925} INFO - DAG(s) 'example_kubernetes_executor' retrieved from /home/airflow/.local/lib/python3.12/site-packages/airflow/example_dags/example_kubernetes_executor.py
[2024-09-03T15:53:15.845+0000] {logging_mixin.py:190} INFO - [2024-09-03T15:53:15.844+0000] {dag.py:3211} INFO - Sync 1 DAGs
[2024-09-03T15:53:15.858+0000] {logging_mixin.py:190} INFO - [2024-09-03T15:53:15.857+0000] {dag.py:4138} INFO - Setting next_dagrun for example_kubernetes_executor to None, run_after=None
[2024-09-03T15:53:15.870+0000] {processor.py:208} INFO - Processing /home/airflow/.local/lib/python3.12/site-packages/airflow/example_dags/example_kubernetes_executor.py took 0.076 seconds
[2024-09-03T15:53:46.946+0000] {processor.py:186} INFO - Started process (PID=680) to work on /home/airflow/.local/lib/python3.12/site-packages/airflow/example_dags/example_kubernetes_executor.py
[2024-09-03T15:53:46.947+0000] {processor.py:914} INFO - Processing file /home/airflow/.local/lib/python3.12/site-packages/airflow/example_dags/example_kubernetes_executor.py for tasks to queue
[2024-09-03T15:53:46.950+0000] {logging_mixin.py:190} INFO - [2024-09-03T15:53:46.950+0000] {dagbag.py:587} INFO - Filling up the DagBag from /home/airflow/.local/lib/python3.12/site-packages/airflow/example_dags/example_kubernetes_executor.py
[2024-09-03T15:53:46.977+0000] {processor.py:925} INFO - DAG(s) 'example_kubernetes_executor' retrieved from /home/airflow/.local/lib/python3.12/site-packages/airflow/example_dags/example_kubernetes_executor.py
[2024-09-03T15:53:47.007+0000] {logging_mixin.py:190} INFO - [2024-09-03T15:53:47.007+0000] {dag.py:3211} INFO - Sync 1 DAGs
[2024-09-03T15:53:47.016+0000] {logging_mixin.py:190} INFO - [2024-09-03T15:53:47.016+0000] {dag.py:4138} INFO - Setting next_dagrun for example_kubernetes_executor to None, run_after=None
[2024-09-03T15:53:47.025+0000] {processor.py:208} INFO - Processing /home/airflow/.local/lib/python3.12/site-packages/airflow/example_dags/example_kubernetes_executor.py took 0.084 seconds
[2024-09-03T15:54:17.212+0000] {processor.py:186} INFO - Started process (PID=742) to work on /home/airflow/.local/lib/python3.12/site-packages/airflow/example_dags/example_kubernetes_executor.py
[2024-09-03T15:54:17.213+0000] {processor.py:914} INFO - Processing file /home/airflow/.local/lib/python3.12/site-packages/airflow/example_dags/example_kubernetes_executor.py for tasks to queue
[2024-09-03T15:54:17.216+0000] {logging_mixin.py:190} INFO - [2024-09-03T15:54:17.215+0000] {dagbag.py:587} INFO - Filling up the DagBag from /home/airflow/.local/lib/python3.12/site-packages/airflow/example_dags/example_kubernetes_executor.py
[2024-09-03T15:54:17.227+0000] {processor.py:925} INFO - DAG(s) 'example_kubernetes_executor' retrieved from /home/airflow/.local/lib/python3.12/site-packages/airflow/example_dags/example_kubernetes_executor.py
[2024-09-03T15:54:17.264+0000] {logging_mixin.py:190} INFO - [2024-09-03T15:54:17.263+0000] {dag.py:3211} INFO - Sync 1 DAGs
[2024-09-03T15:54:17.273+0000] {logging_mixin.py:190} INFO - [2024-09-03T15:54:17.273+0000] {dag.py:4138} INFO - Setting next_dagrun for example_kubernetes_executor to None, run_after=None
[2024-09-03T15:54:17.291+0000] {processor.py:208} INFO - Processing /home/airflow/.local/lib/python3.12/site-packages/airflow/example_dags/example_kubernetes_executor.py took 0.084 seconds
[2024-09-03T15:54:47.652+0000] {processor.py:186} INFO - Started process (PID=803) to work on /home/airflow/.local/lib/python3.12/site-packages/airflow/example_dags/example_kubernetes_executor.py
[2024-09-03T15:54:47.653+0000] {processor.py:914} INFO - Processing file /home/airflow/.local/lib/python3.12/site-packages/airflow/example_dags/example_kubernetes_executor.py for tasks to queue
[2024-09-03T15:54:47.655+0000] {logging_mixin.py:190} INFO - [2024-09-03T15:54:47.655+0000] {dagbag.py:587} INFO - Filling up the DagBag from /home/airflow/.local/lib/python3.12/site-packages/airflow/example_dags/example_kubernetes_executor.py
[2024-09-03T15:54:47.665+0000] {processor.py:925} INFO - DAG(s) 'example_kubernetes_executor' retrieved from /home/airflow/.local/lib/python3.12/site-packages/airflow/example_dags/example_kubernetes_executor.py
[2024-09-03T15:54:47.689+0000] {logging_mixin.py:190} INFO - [2024-09-03T15:54:47.689+0000] {dag.py:3211} INFO - Sync 1 DAGs
[2024-09-03T15:54:47.697+0000] {logging_mixin.py:190} INFO - [2024-09-03T15:54:47.696+0000] {dag.py:4138} INFO - Setting next_dagrun for example_kubernetes_executor to None, run_after=None
[2024-09-03T15:54:47.709+0000] {processor.py:208} INFO - Processing /home/airflow/.local/lib/python3.12/site-packages/airflow/example_dags/example_kubernetes_executor.py took 0.061 seconds
