[2024-09-03T15:48:40.213+0000] {processor.py:186} INFO - Started process (PID=64) to work on /home/airflow/.local/lib/python3.12/site-packages/airflow/example_dags/example_bash_operator.py
[2024-09-03T15:48:40.214+0000] {processor.py:914} INFO - Processing file /home/airflow/.local/lib/python3.12/site-packages/airflow/example_dags/example_bash_operator.py for tasks to queue
[2024-09-03T15:48:40.216+0000] {logging_mixin.py:190} INFO - [2024-09-03T15:48:40.215+0000] {dagbag.py:587} INFO - Filling up the DagBag from /home/airflow/.local/lib/python3.12/site-packages/airflow/example_dags/example_bash_operator.py
[2024-09-03T15:48:40.225+0000] {processor.py:925} INFO - DAG(s) 'example_bash_operator' retrieved from /home/airflow/.local/lib/python3.12/site-packages/airflow/example_dags/example_bash_operator.py
[2024-09-03T15:48:40.306+0000] {logging_mixin.py:190} INFO - [2024-09-03T15:48:40.306+0000] {override.py:1858} INFO - Created Permission View: can edit on DAG:example_bash_operator
[2024-09-03T15:48:40.311+0000] {logging_mixin.py:190} INFO - [2024-09-03T15:48:40.311+0000] {override.py:1858} INFO - Created Permission View: can read on DAG:example_bash_operator
[2024-09-03T15:48:40.314+0000] {logging_mixin.py:190} INFO - [2024-09-03T15:48:40.314+0000] {override.py:1858} INFO - Created Permission View: can delete on DAG:example_bash_operator
[2024-09-03T15:48:40.314+0000] {logging_mixin.py:190} INFO - [2024-09-03T15:48:40.314+0000] {dag.py:3211} INFO - Sync 1 DAGs
[2024-09-03T15:48:40.322+0000] {logging_mixin.py:190} INFO - [2024-09-03T15:48:40.321+0000] {dag.py:3234} INFO - Creating ORM DAG for example_bash_operator
[2024-09-03T15:48:40.327+0000] {logging_mixin.py:190} INFO - [2024-09-03T15:48:40.327+0000] {dag.py:4138} INFO - Setting next_dagrun for example_bash_operator to 2024-09-02 00:00:00+00:00, run_after=2024-09-03 00:00:00+00:00
[2024-09-03T15:48:40.336+0000] {processor.py:208} INFO - Processing /home/airflow/.local/lib/python3.12/site-packages/airflow/example_dags/example_bash_operator.py took 0.128 seconds
[2024-09-03T15:49:11.302+0000] {processor.py:186} INFO - Started process (PID=126) to work on /home/airflow/.local/lib/python3.12/site-packages/airflow/example_dags/example_bash_operator.py
[2024-09-03T15:49:11.305+0000] {processor.py:914} INFO - Processing file /home/airflow/.local/lib/python3.12/site-packages/airflow/example_dags/example_bash_operator.py for tasks to queue
[2024-09-03T15:49:11.307+0000] {logging_mixin.py:190} INFO - [2024-09-03T15:49:11.306+0000] {dagbag.py:587} INFO - Filling up the DagBag from /home/airflow/.local/lib/python3.12/site-packages/airflow/example_dags/example_bash_operator.py
[2024-09-03T15:49:11.318+0000] {processor.py:925} INFO - DAG(s) 'example_bash_operator' retrieved from /home/airflow/.local/lib/python3.12/site-packages/airflow/example_dags/example_bash_operator.py
[2024-09-03T15:49:11.338+0000] {logging_mixin.py:190} INFO - [2024-09-03T15:49:11.338+0000] {dag.py:3211} INFO - Sync 1 DAGs
[2024-09-03T15:49:11.354+0000] {logging_mixin.py:190} INFO - [2024-09-03T15:49:11.354+0000] {dag.py:4138} INFO - Setting next_dagrun for example_bash_operator to 2024-09-02 00:00:00+00:00, run_after=2024-09-03 00:00:00+00:00
[2024-09-03T15:49:11.364+0000] {processor.py:208} INFO - Processing /home/airflow/.local/lib/python3.12/site-packages/airflow/example_dags/example_bash_operator.py took 0.069 seconds
[2024-09-03T15:49:42.305+0000] {processor.py:186} INFO - Started process (PID=189) to work on /home/airflow/.local/lib/python3.12/site-packages/airflow/example_dags/example_bash_operator.py
[2024-09-03T15:49:42.307+0000] {processor.py:914} INFO - Processing file /home/airflow/.local/lib/python3.12/site-packages/airflow/example_dags/example_bash_operator.py for tasks to queue
[2024-09-03T15:49:42.312+0000] {logging_mixin.py:190} INFO - [2024-09-03T15:49:42.311+0000] {dagbag.py:587} INFO - Filling up the DagBag from /home/airflow/.local/lib/python3.12/site-packages/airflow/example_dags/example_bash_operator.py
[2024-09-03T15:49:42.327+0000] {processor.py:925} INFO - DAG(s) 'example_bash_operator' retrieved from /home/airflow/.local/lib/python3.12/site-packages/airflow/example_dags/example_bash_operator.py
[2024-09-03T15:49:42.351+0000] {logging_mixin.py:190} INFO - [2024-09-03T15:49:42.350+0000] {dag.py:3211} INFO - Sync 1 DAGs
[2024-09-03T15:49:42.364+0000] {logging_mixin.py:190} INFO - [2024-09-03T15:49:42.364+0000] {dag.py:4138} INFO - Setting next_dagrun for example_bash_operator to 2024-09-02 00:00:00+00:00, run_after=2024-09-03 00:00:00+00:00
[2024-09-03T15:49:42.374+0000] {processor.py:208} INFO - Processing /home/airflow/.local/lib/python3.12/site-packages/airflow/example_dags/example_bash_operator.py took 0.080 seconds
[2024-09-03T15:50:13.394+0000] {processor.py:186} INFO - Started process (PID=251) to work on /home/airflow/.local/lib/python3.12/site-packages/airflow/example_dags/example_bash_operator.py
[2024-09-03T15:50:13.396+0000] {processor.py:914} INFO - Processing file /home/airflow/.local/lib/python3.12/site-packages/airflow/example_dags/example_bash_operator.py for tasks to queue
[2024-09-03T15:50:13.400+0000] {logging_mixin.py:190} INFO - [2024-09-03T15:50:13.399+0000] {dagbag.py:587} INFO - Filling up the DagBag from /home/airflow/.local/lib/python3.12/site-packages/airflow/example_dags/example_bash_operator.py
[2024-09-03T15:50:13.418+0000] {processor.py:925} INFO - DAG(s) 'example_bash_operator' retrieved from /home/airflow/.local/lib/python3.12/site-packages/airflow/example_dags/example_bash_operator.py
[2024-09-03T15:50:13.466+0000] {logging_mixin.py:190} INFO - [2024-09-03T15:50:13.465+0000] {dag.py:3211} INFO - Sync 1 DAGs
[2024-09-03T15:50:13.488+0000] {logging_mixin.py:190} INFO - [2024-09-03T15:50:13.488+0000] {dag.py:4138} INFO - Setting next_dagrun for example_bash_operator to 2024-09-02 00:00:00+00:00, run_after=2024-09-03 00:00:00+00:00
[2024-09-03T15:50:13.499+0000] {processor.py:208} INFO - Processing /home/airflow/.local/lib/python3.12/site-packages/airflow/example_dags/example_bash_operator.py took 0.119 seconds
[2024-09-03T15:50:43.608+0000] {processor.py:186} INFO - Started process (PID=313) to work on /home/airflow/.local/lib/python3.12/site-packages/airflow/example_dags/example_bash_operator.py
[2024-09-03T15:50:43.609+0000] {processor.py:914} INFO - Processing file /home/airflow/.local/lib/python3.12/site-packages/airflow/example_dags/example_bash_operator.py for tasks to queue
[2024-09-03T15:50:43.614+0000] {logging_mixin.py:190} INFO - [2024-09-03T15:50:43.614+0000] {dagbag.py:587} INFO - Filling up the DagBag from /home/airflow/.local/lib/python3.12/site-packages/airflow/example_dags/example_bash_operator.py
[2024-09-03T15:50:43.630+0000] {processor.py:925} INFO - DAG(s) 'example_bash_operator' retrieved from /home/airflow/.local/lib/python3.12/site-packages/airflow/example_dags/example_bash_operator.py
[2024-09-03T15:50:43.649+0000] {logging_mixin.py:190} INFO - [2024-09-03T15:50:43.649+0000] {dag.py:3211} INFO - Sync 1 DAGs
[2024-09-03T15:50:43.663+0000] {logging_mixin.py:190} INFO - [2024-09-03T15:50:43.663+0000] {dag.py:4138} INFO - Setting next_dagrun for example_bash_operator to 2024-09-02 00:00:00+00:00, run_after=2024-09-03 00:00:00+00:00
[2024-09-03T15:50:43.672+0000] {processor.py:208} INFO - Processing /home/airflow/.local/lib/python3.12/site-packages/airflow/example_dags/example_bash_operator.py took 0.075 seconds
[2024-09-03T15:51:14.614+0000] {processor.py:186} INFO - Started process (PID=376) to work on /home/airflow/.local/lib/python3.12/site-packages/airflow/example_dags/example_bash_operator.py
[2024-09-03T15:51:14.615+0000] {processor.py:914} INFO - Processing file /home/airflow/.local/lib/python3.12/site-packages/airflow/example_dags/example_bash_operator.py for tasks to queue
[2024-09-03T15:51:14.618+0000] {logging_mixin.py:190} INFO - [2024-09-03T15:51:14.618+0000] {dagbag.py:587} INFO - Filling up the DagBag from /home/airflow/.local/lib/python3.12/site-packages/airflow/example_dags/example_bash_operator.py
[2024-09-03T15:51:14.631+0000] {processor.py:925} INFO - DAG(s) 'example_bash_operator' retrieved from /home/airflow/.local/lib/python3.12/site-packages/airflow/example_dags/example_bash_operator.py
[2024-09-03T15:51:14.652+0000] {logging_mixin.py:190} INFO - [2024-09-03T15:51:14.652+0000] {dag.py:3211} INFO - Sync 1 DAGs
[2024-09-03T15:51:14.668+0000] {logging_mixin.py:190} INFO - [2024-09-03T15:51:14.668+0000] {dag.py:4138} INFO - Setting next_dagrun for example_bash_operator to 2024-09-02 00:00:00+00:00, run_after=2024-09-03 00:00:00+00:00
[2024-09-03T15:51:14.683+0000] {processor.py:208} INFO - Processing /home/airflow/.local/lib/python3.12/site-packages/airflow/example_dags/example_bash_operator.py took 0.078 seconds
[2024-09-03T15:51:45.655+0000] {processor.py:186} INFO - Started process (PID=438) to work on /home/airflow/.local/lib/python3.12/site-packages/airflow/example_dags/example_bash_operator.py
[2024-09-03T15:51:45.657+0000] {processor.py:914} INFO - Processing file /home/airflow/.local/lib/python3.12/site-packages/airflow/example_dags/example_bash_operator.py for tasks to queue
[2024-09-03T15:51:45.662+0000] {logging_mixin.py:190} INFO - [2024-09-03T15:51:45.662+0000] {dagbag.py:587} INFO - Filling up the DagBag from /home/airflow/.local/lib/python3.12/site-packages/airflow/example_dags/example_bash_operator.py
[2024-09-03T15:51:45.678+0000] {processor.py:925} INFO - DAG(s) 'example_bash_operator' retrieved from /home/airflow/.local/lib/python3.12/site-packages/airflow/example_dags/example_bash_operator.py
[2024-09-03T15:51:45.698+0000] {logging_mixin.py:190} INFO - [2024-09-03T15:51:45.698+0000] {dag.py:3211} INFO - Sync 1 DAGs
[2024-09-03T15:51:45.711+0000] {logging_mixin.py:190} INFO - [2024-09-03T15:51:45.711+0000] {dag.py:4138} INFO - Setting next_dagrun for example_bash_operator to 2024-09-02 00:00:00+00:00, run_after=2024-09-03 00:00:00+00:00
[2024-09-03T15:51:45.720+0000] {processor.py:208} INFO - Processing /home/airflow/.local/lib/python3.12/site-packages/airflow/example_dags/example_bash_operator.py took 0.079 seconds
[2024-09-03T15:52:15.970+0000] {processor.py:186} INFO - Started process (PID=500) to work on /home/airflow/.local/lib/python3.12/site-packages/airflow/example_dags/example_bash_operator.py
[2024-09-03T15:52:15.972+0000] {processor.py:914} INFO - Processing file /home/airflow/.local/lib/python3.12/site-packages/airflow/example_dags/example_bash_operator.py for tasks to queue
[2024-09-03T15:52:15.976+0000] {logging_mixin.py:190} INFO - [2024-09-03T15:52:15.975+0000] {dagbag.py:587} INFO - Filling up the DagBag from /home/airflow/.local/lib/python3.12/site-packages/airflow/example_dags/example_bash_operator.py
[2024-09-03T15:52:15.989+0000] {processor.py:925} INFO - DAG(s) 'example_bash_operator' retrieved from /home/airflow/.local/lib/python3.12/site-packages/airflow/example_dags/example_bash_operator.py
[2024-09-03T15:52:16.010+0000] {logging_mixin.py:190} INFO - [2024-09-03T15:52:16.010+0000] {dag.py:3211} INFO - Sync 1 DAGs
[2024-09-03T15:52:16.023+0000] {logging_mixin.py:190} INFO - [2024-09-03T15:52:16.023+0000] {dag.py:4138} INFO - Setting next_dagrun for example_bash_operator to 2024-09-02 00:00:00+00:00, run_after=2024-09-03 00:00:00+00:00
[2024-09-03T15:52:16.033+0000] {processor.py:208} INFO - Processing /home/airflow/.local/lib/python3.12/site-packages/airflow/example_dags/example_bash_operator.py took 0.073 seconds
[2024-09-03T15:52:46.804+0000] {processor.py:186} INFO - Started process (PID=562) to work on /home/airflow/.local/lib/python3.12/site-packages/airflow/example_dags/example_bash_operator.py
[2024-09-03T15:52:46.806+0000] {processor.py:914} INFO - Processing file /home/airflow/.local/lib/python3.12/site-packages/airflow/example_dags/example_bash_operator.py for tasks to queue
[2024-09-03T15:52:46.808+0000] {logging_mixin.py:190} INFO - [2024-09-03T15:52:46.808+0000] {dagbag.py:587} INFO - Filling up the DagBag from /home/airflow/.local/lib/python3.12/site-packages/airflow/example_dags/example_bash_operator.py
[2024-09-03T15:52:46.821+0000] {processor.py:925} INFO - DAG(s) 'example_bash_operator' retrieved from /home/airflow/.local/lib/python3.12/site-packages/airflow/example_dags/example_bash_operator.py
[2024-09-03T15:52:46.840+0000] {logging_mixin.py:190} INFO - [2024-09-03T15:52:46.840+0000] {dag.py:3211} INFO - Sync 1 DAGs
[2024-09-03T15:52:46.852+0000] {logging_mixin.py:190} INFO - [2024-09-03T15:52:46.852+0000] {dag.py:4138} INFO - Setting next_dagrun for example_bash_operator to 2024-09-02 00:00:00+00:00, run_after=2024-09-03 00:00:00+00:00
[2024-09-03T15:52:46.861+0000] {processor.py:208} INFO - Processing /home/airflow/.local/lib/python3.12/site-packages/airflow/example_dags/example_bash_operator.py took 0.067 seconds
[2024-09-03T15:53:17.042+0000] {processor.py:186} INFO - Started process (PID=623) to work on /home/airflow/.local/lib/python3.12/site-packages/airflow/example_dags/example_bash_operator.py
[2024-09-03T15:53:17.044+0000] {processor.py:914} INFO - Processing file /home/airflow/.local/lib/python3.12/site-packages/airflow/example_dags/example_bash_operator.py for tasks to queue
[2024-09-03T15:53:17.047+0000] {logging_mixin.py:190} INFO - [2024-09-03T15:53:17.047+0000] {dagbag.py:587} INFO - Filling up the DagBag from /home/airflow/.local/lib/python3.12/site-packages/airflow/example_dags/example_bash_operator.py
[2024-09-03T15:53:17.072+0000] {processor.py:925} INFO - DAG(s) 'example_bash_operator' retrieved from /home/airflow/.local/lib/python3.12/site-packages/airflow/example_dags/example_bash_operator.py
[2024-09-03T15:53:17.097+0000] {logging_mixin.py:190} INFO - [2024-09-03T15:53:17.097+0000] {dag.py:3211} INFO - Sync 1 DAGs
[2024-09-03T15:53:17.126+0000] {logging_mixin.py:190} INFO - [2024-09-03T15:53:17.126+0000] {dag.py:4138} INFO - Setting next_dagrun for example_bash_operator to 2024-09-02 00:00:00+00:00, run_after=2024-09-03 00:00:00+00:00
[2024-09-03T15:53:17.137+0000] {processor.py:208} INFO - Processing /home/airflow/.local/lib/python3.12/site-packages/airflow/example_dags/example_bash_operator.py took 0.107 seconds
[2024-09-03T15:53:47.187+0000] {processor.py:186} INFO - Started process (PID=685) to work on /home/airflow/.local/lib/python3.12/site-packages/airflow/example_dags/example_bash_operator.py
[2024-09-03T15:53:47.188+0000] {processor.py:914} INFO - Processing file /home/airflow/.local/lib/python3.12/site-packages/airflow/example_dags/example_bash_operator.py for tasks to queue
[2024-09-03T15:53:47.190+0000] {logging_mixin.py:190} INFO - [2024-09-03T15:53:47.190+0000] {dagbag.py:587} INFO - Filling up the DagBag from /home/airflow/.local/lib/python3.12/site-packages/airflow/example_dags/example_bash_operator.py
[2024-09-03T15:53:47.199+0000] {processor.py:925} INFO - DAG(s) 'example_bash_operator' retrieved from /home/airflow/.local/lib/python3.12/site-packages/airflow/example_dags/example_bash_operator.py
[2024-09-03T15:53:47.216+0000] {logging_mixin.py:190} INFO - [2024-09-03T15:53:47.215+0000] {dag.py:3211} INFO - Sync 1 DAGs
[2024-09-03T15:53:47.228+0000] {logging_mixin.py:190} INFO - [2024-09-03T15:53:47.227+0000] {dag.py:4138} INFO - Setting next_dagrun for example_bash_operator to 2024-09-02 00:00:00+00:00, run_after=2024-09-03 00:00:00+00:00
[2024-09-03T15:53:47.236+0000] {processor.py:208} INFO - Processing /home/airflow/.local/lib/python3.12/site-packages/airflow/example_dags/example_bash_operator.py took 0.053 seconds
[2024-09-03T15:54:17.446+0000] {processor.py:186} INFO - Started process (PID=747) to work on /home/airflow/.local/lib/python3.12/site-packages/airflow/example_dags/example_bash_operator.py
[2024-09-03T15:54:17.447+0000] {processor.py:914} INFO - Processing file /home/airflow/.local/lib/python3.12/site-packages/airflow/example_dags/example_bash_operator.py for tasks to queue
[2024-09-03T15:54:17.449+0000] {logging_mixin.py:190} INFO - [2024-09-03T15:54:17.448+0000] {dagbag.py:587} INFO - Filling up the DagBag from /home/airflow/.local/lib/python3.12/site-packages/airflow/example_dags/example_bash_operator.py
[2024-09-03T15:54:17.457+0000] {processor.py:925} INFO - DAG(s) 'example_bash_operator' retrieved from /home/airflow/.local/lib/python3.12/site-packages/airflow/example_dags/example_bash_operator.py
[2024-09-03T15:54:17.475+0000] {logging_mixin.py:190} INFO - [2024-09-03T15:54:17.475+0000] {dag.py:3211} INFO - Sync 1 DAGs
[2024-09-03T15:54:17.495+0000] {logging_mixin.py:190} INFO - [2024-09-03T15:54:17.495+0000] {dag.py:4138} INFO - Setting next_dagrun for example_bash_operator to 2024-09-02 00:00:00+00:00, run_after=2024-09-03 00:00:00+00:00
[2024-09-03T15:54:17.508+0000] {processor.py:208} INFO - Processing /home/airflow/.local/lib/python3.12/site-packages/airflow/example_dags/example_bash_operator.py took 0.065 seconds
[2024-09-03T15:54:47.885+0000] {processor.py:186} INFO - Started process (PID=808) to work on /home/airflow/.local/lib/python3.12/site-packages/airflow/example_dags/example_bash_operator.py
[2024-09-03T15:54:47.886+0000] {processor.py:914} INFO - Processing file /home/airflow/.local/lib/python3.12/site-packages/airflow/example_dags/example_bash_operator.py for tasks to queue
[2024-09-03T15:54:47.888+0000] {logging_mixin.py:190} INFO - [2024-09-03T15:54:47.888+0000] {dagbag.py:587} INFO - Filling up the DagBag from /home/airflow/.local/lib/python3.12/site-packages/airflow/example_dags/example_bash_operator.py
[2024-09-03T15:54:47.897+0000] {processor.py:925} INFO - DAG(s) 'example_bash_operator' retrieved from /home/airflow/.local/lib/python3.12/site-packages/airflow/example_dags/example_bash_operator.py
[2024-09-03T15:54:47.915+0000] {logging_mixin.py:190} INFO - [2024-09-03T15:54:47.915+0000] {dag.py:3211} INFO - Sync 1 DAGs
[2024-09-03T15:54:47.929+0000] {logging_mixin.py:190} INFO - [2024-09-03T15:54:47.929+0000] {dag.py:4138} INFO - Setting next_dagrun for example_bash_operator to 2024-09-02 00:00:00+00:00, run_after=2024-09-03 00:00:00+00:00
[2024-09-03T15:54:47.941+0000] {processor.py:208} INFO - Processing /home/airflow/.local/lib/python3.12/site-packages/airflow/example_dags/example_bash_operator.py took 0.059 seconds
