[2024-09-03T15:48:39.381+0000] {processor.py:186} INFO - Started process (PID=58) to work on /home/airflow/.local/lib/python3.12/site-packages/airflow/example_dags/example_complex.py
[2024-09-03T15:48:39.382+0000] {processor.py:914} INFO - Processing file /home/airflow/.local/lib/python3.12/site-packages/airflow/example_dags/example_complex.py for tasks to queue
[2024-09-03T15:48:39.384+0000] {logging_mixin.py:190} INFO - [2024-09-03T15:48:39.384+0000] {dagbag.py:587} INFO - Filling up the DagBag from /home/airflow/.local/lib/python3.12/site-packages/airflow/example_dags/example_complex.py
[2024-09-03T15:48:39.396+0000] {processor.py:925} INFO - DAG(s) 'example_complex' retrieved from /home/airflow/.local/lib/python3.12/site-packages/airflow/example_dags/example_complex.py
[2024-09-03T15:48:39.481+0000] {logging_mixin.py:190} INFO - [2024-09-03T15:48:39.480+0000] {override.py:1858} INFO - Created Permission View: can edit on DAG:example_complex
[2024-09-03T15:48:39.486+0000] {logging_mixin.py:190} INFO - [2024-09-03T15:48:39.486+0000] {override.py:1858} INFO - Created Permission View: can read on DAG:example_complex
[2024-09-03T15:48:39.490+0000] {logging_mixin.py:190} INFO - [2024-09-03T15:48:39.490+0000] {override.py:1858} INFO - Created Permission View: can delete on DAG:example_complex
[2024-09-03T15:48:39.490+0000] {logging_mixin.py:190} INFO - [2024-09-03T15:48:39.490+0000] {dag.py:3211} INFO - Sync 1 DAGs
[2024-09-03T15:48:39.499+0000] {logging_mixin.py:190} INFO - [2024-09-03T15:48:39.499+0000] {dag.py:3234} INFO - Creating ORM DAG for example_complex
[2024-09-03T15:48:39.500+0000] {logging_mixin.py:190} INFO - [2024-09-03T15:48:39.500+0000] {dag.py:4138} INFO - Setting next_dagrun for example_complex to None, run_after=None
[2024-09-03T15:48:39.511+0000] {processor.py:208} INFO - Processing /home/airflow/.local/lib/python3.12/site-packages/airflow/example_dags/example_complex.py took 0.136 seconds
[2024-09-03T15:49:10.042+0000] {processor.py:186} INFO - Started process (PID=120) to work on /home/airflow/.local/lib/python3.12/site-packages/airflow/example_dags/example_complex.py
[2024-09-03T15:49:10.043+0000] {processor.py:914} INFO - Processing file /home/airflow/.local/lib/python3.12/site-packages/airflow/example_dags/example_complex.py for tasks to queue
[2024-09-03T15:49:10.044+0000] {logging_mixin.py:190} INFO - [2024-09-03T15:49:10.044+0000] {dagbag.py:587} INFO - Filling up the DagBag from /home/airflow/.local/lib/python3.12/site-packages/airflow/example_dags/example_complex.py
[2024-09-03T15:49:10.051+0000] {processor.py:925} INFO - DAG(s) 'example_complex' retrieved from /home/airflow/.local/lib/python3.12/site-packages/airflow/example_dags/example_complex.py
[2024-09-03T15:49:10.069+0000] {logging_mixin.py:190} INFO - [2024-09-03T15:49:10.069+0000] {dag.py:3211} INFO - Sync 1 DAGs
[2024-09-03T15:49:10.077+0000] {logging_mixin.py:190} INFO - [2024-09-03T15:49:10.077+0000] {dag.py:4138} INFO - Setting next_dagrun for example_complex to None, run_after=None
[2024-09-03T15:49:10.086+0000] {processor.py:208} INFO - Processing /home/airflow/.local/lib/python3.12/site-packages/airflow/example_dags/example_complex.py took 0.048 seconds
[2024-09-03T15:49:40.973+0000] {processor.py:186} INFO - Started process (PID=183) to work on /home/airflow/.local/lib/python3.12/site-packages/airflow/example_dags/example_complex.py
[2024-09-03T15:49:40.975+0000] {processor.py:914} INFO - Processing file /home/airflow/.local/lib/python3.12/site-packages/airflow/example_dags/example_complex.py for tasks to queue
[2024-09-03T15:49:40.977+0000] {logging_mixin.py:190} INFO - [2024-09-03T15:49:40.977+0000] {dagbag.py:587} INFO - Filling up the DagBag from /home/airflow/.local/lib/python3.12/site-packages/airflow/example_dags/example_complex.py
[2024-09-03T15:49:40.996+0000] {processor.py:925} INFO - DAG(s) 'example_complex' retrieved from /home/airflow/.local/lib/python3.12/site-packages/airflow/example_dags/example_complex.py
[2024-09-03T15:49:41.029+0000] {logging_mixin.py:190} INFO - [2024-09-03T15:49:41.029+0000] {dag.py:3211} INFO - Sync 1 DAGs
[2024-09-03T15:49:41.041+0000] {logging_mixin.py:190} INFO - [2024-09-03T15:49:41.040+0000] {dag.py:4138} INFO - Setting next_dagrun for example_complex to None, run_after=None
[2024-09-03T15:49:41.054+0000] {processor.py:208} INFO - Processing /home/airflow/.local/lib/python3.12/site-packages/airflow/example_dags/example_complex.py took 0.089 seconds
[2024-09-03T15:50:12.058+0000] {processor.py:186} INFO - Started process (PID=245) to work on /home/airflow/.local/lib/python3.12/site-packages/airflow/example_dags/example_complex.py
[2024-09-03T15:50:12.060+0000] {processor.py:914} INFO - Processing file /home/airflow/.local/lib/python3.12/site-packages/airflow/example_dags/example_complex.py for tasks to queue
[2024-09-03T15:50:12.063+0000] {logging_mixin.py:190} INFO - [2024-09-03T15:50:12.062+0000] {dagbag.py:587} INFO - Filling up the DagBag from /home/airflow/.local/lib/python3.12/site-packages/airflow/example_dags/example_complex.py
[2024-09-03T15:50:12.073+0000] {processor.py:925} INFO - DAG(s) 'example_complex' retrieved from /home/airflow/.local/lib/python3.12/site-packages/airflow/example_dags/example_complex.py
[2024-09-03T15:50:12.100+0000] {logging_mixin.py:190} INFO - [2024-09-03T15:50:12.100+0000] {dag.py:3211} INFO - Sync 1 DAGs
[2024-09-03T15:50:12.112+0000] {logging_mixin.py:190} INFO - [2024-09-03T15:50:12.111+0000] {dag.py:4138} INFO - Setting next_dagrun for example_complex to None, run_after=None
[2024-09-03T15:50:12.122+0000] {processor.py:208} INFO - Processing /home/airflow/.local/lib/python3.12/site-packages/airflow/example_dags/example_complex.py took 0.070 seconds
[2024-09-03T15:50:42.333+0000] {processor.py:186} INFO - Started process (PID=307) to work on /home/airflow/.local/lib/python3.12/site-packages/airflow/example_dags/example_complex.py
[2024-09-03T15:50:42.335+0000] {processor.py:914} INFO - Processing file /home/airflow/.local/lib/python3.12/site-packages/airflow/example_dags/example_complex.py for tasks to queue
[2024-09-03T15:50:42.337+0000] {logging_mixin.py:190} INFO - [2024-09-03T15:50:42.336+0000] {dagbag.py:587} INFO - Filling up the DagBag from /home/airflow/.local/lib/python3.12/site-packages/airflow/example_dags/example_complex.py
[2024-09-03T15:50:42.346+0000] {processor.py:925} INFO - DAG(s) 'example_complex' retrieved from /home/airflow/.local/lib/python3.12/site-packages/airflow/example_dags/example_complex.py
[2024-09-03T15:50:42.380+0000] {logging_mixin.py:190} INFO - [2024-09-03T15:50:42.380+0000] {dag.py:3211} INFO - Sync 1 DAGs
[2024-09-03T15:50:42.391+0000] {logging_mixin.py:190} INFO - [2024-09-03T15:50:42.391+0000] {dag.py:4138} INFO - Setting next_dagrun for example_complex to None, run_after=None
[2024-09-03T15:50:42.403+0000] {processor.py:208} INFO - Processing /home/airflow/.local/lib/python3.12/site-packages/airflow/example_dags/example_complex.py took 0.074 seconds
[2024-09-03T15:51:13.327+0000] {processor.py:186} INFO - Started process (PID=370) to work on /home/airflow/.local/lib/python3.12/site-packages/airflow/example_dags/example_complex.py
[2024-09-03T15:51:13.328+0000] {processor.py:914} INFO - Processing file /home/airflow/.local/lib/python3.12/site-packages/airflow/example_dags/example_complex.py for tasks to queue
[2024-09-03T15:51:13.330+0000] {logging_mixin.py:190} INFO - [2024-09-03T15:51:13.330+0000] {dagbag.py:587} INFO - Filling up the DagBag from /home/airflow/.local/lib/python3.12/site-packages/airflow/example_dags/example_complex.py
[2024-09-03T15:51:13.338+0000] {processor.py:925} INFO - DAG(s) 'example_complex' retrieved from /home/airflow/.local/lib/python3.12/site-packages/airflow/example_dags/example_complex.py
[2024-09-03T15:51:13.361+0000] {logging_mixin.py:190} INFO - [2024-09-03T15:51:13.360+0000] {dag.py:3211} INFO - Sync 1 DAGs
[2024-09-03T15:51:13.370+0000] {logging_mixin.py:190} INFO - [2024-09-03T15:51:13.370+0000] {dag.py:4138} INFO - Setting next_dagrun for example_complex to None, run_after=None
[2024-09-03T15:51:13.380+0000] {processor.py:208} INFO - Processing /home/airflow/.local/lib/python3.12/site-packages/airflow/example_dags/example_complex.py took 0.059 seconds
[2024-09-03T15:51:44.411+0000] {processor.py:186} INFO - Started process (PID=432) to work on /home/airflow/.local/lib/python3.12/site-packages/airflow/example_dags/example_complex.py
[2024-09-03T15:51:44.412+0000] {processor.py:914} INFO - Processing file /home/airflow/.local/lib/python3.12/site-packages/airflow/example_dags/example_complex.py for tasks to queue
[2024-09-03T15:51:44.413+0000] {logging_mixin.py:190} INFO - [2024-09-03T15:51:44.413+0000] {dagbag.py:587} INFO - Filling up the DagBag from /home/airflow/.local/lib/python3.12/site-packages/airflow/example_dags/example_complex.py
[2024-09-03T15:51:44.420+0000] {processor.py:925} INFO - DAG(s) 'example_complex' retrieved from /home/airflow/.local/lib/python3.12/site-packages/airflow/example_dags/example_complex.py
[2024-09-03T15:51:44.439+0000] {logging_mixin.py:190} INFO - [2024-09-03T15:51:44.439+0000] {dag.py:3211} INFO - Sync 1 DAGs
[2024-09-03T15:51:44.446+0000] {logging_mixin.py:190} INFO - [2024-09-03T15:51:44.446+0000] {dag.py:4138} INFO - Setting next_dagrun for example_complex to None, run_after=None
[2024-09-03T15:51:44.455+0000] {processor.py:208} INFO - Processing /home/airflow/.local/lib/python3.12/site-packages/airflow/example_dags/example_complex.py took 0.048 seconds
[2024-09-03T15:52:14.707+0000] {processor.py:186} INFO - Started process (PID=494) to work on /home/airflow/.local/lib/python3.12/site-packages/airflow/example_dags/example_complex.py
[2024-09-03T15:52:14.709+0000] {processor.py:914} INFO - Processing file /home/airflow/.local/lib/python3.12/site-packages/airflow/example_dags/example_complex.py for tasks to queue
[2024-09-03T15:52:14.711+0000] {logging_mixin.py:190} INFO - [2024-09-03T15:52:14.711+0000] {dagbag.py:587} INFO - Filling up the DagBag from /home/airflow/.local/lib/python3.12/site-packages/airflow/example_dags/example_complex.py
[2024-09-03T15:52:14.719+0000] {processor.py:925} INFO - DAG(s) 'example_complex' retrieved from /home/airflow/.local/lib/python3.12/site-packages/airflow/example_dags/example_complex.py
[2024-09-03T15:52:14.748+0000] {logging_mixin.py:190} INFO - [2024-09-03T15:52:14.748+0000] {dag.py:3211} INFO - Sync 1 DAGs
[2024-09-03T15:52:14.759+0000] {logging_mixin.py:190} INFO - [2024-09-03T15:52:14.759+0000] {dag.py:4138} INFO - Setting next_dagrun for example_complex to None, run_after=None
[2024-09-03T15:52:14.769+0000] {processor.py:208} INFO - Processing /home/airflow/.local/lib/python3.12/site-packages/airflow/example_dags/example_complex.py took 0.067 seconds
[2024-09-03T15:52:45.569+0000] {processor.py:186} INFO - Started process (PID=556) to work on /home/airflow/.local/lib/python3.12/site-packages/airflow/example_dags/example_complex.py
[2024-09-03T15:52:45.570+0000] {processor.py:914} INFO - Processing file /home/airflow/.local/lib/python3.12/site-packages/airflow/example_dags/example_complex.py for tasks to queue
[2024-09-03T15:52:45.571+0000] {logging_mixin.py:190} INFO - [2024-09-03T15:52:45.571+0000] {dagbag.py:587} INFO - Filling up the DagBag from /home/airflow/.local/lib/python3.12/site-packages/airflow/example_dags/example_complex.py
[2024-09-03T15:52:45.578+0000] {processor.py:925} INFO - DAG(s) 'example_complex' retrieved from /home/airflow/.local/lib/python3.12/site-packages/airflow/example_dags/example_complex.py
[2024-09-03T15:52:45.597+0000] {logging_mixin.py:190} INFO - [2024-09-03T15:52:45.597+0000] {dag.py:3211} INFO - Sync 1 DAGs
[2024-09-03T15:52:45.605+0000] {logging_mixin.py:190} INFO - [2024-09-03T15:52:45.605+0000] {dag.py:4138} INFO - Setting next_dagrun for example_complex to None, run_after=None
[2024-09-03T15:52:45.614+0000] {processor.py:208} INFO - Processing /home/airflow/.local/lib/python3.12/site-packages/airflow/example_dags/example_complex.py took 0.048 seconds
[2024-09-03T15:53:15.751+0000] {processor.py:186} INFO - Started process (PID=617) to work on /home/airflow/.local/lib/python3.12/site-packages/airflow/example_dags/example_complex.py
[2024-09-03T15:53:15.751+0000] {processor.py:914} INFO - Processing file /home/airflow/.local/lib/python3.12/site-packages/airflow/example_dags/example_complex.py for tasks to queue
[2024-09-03T15:53:15.753+0000] {logging_mixin.py:190} INFO - [2024-09-03T15:53:15.753+0000] {dagbag.py:587} INFO - Filling up the DagBag from /home/airflow/.local/lib/python3.12/site-packages/airflow/example_dags/example_complex.py
[2024-09-03T15:53:15.760+0000] {processor.py:925} INFO - DAG(s) 'example_complex' retrieved from /home/airflow/.local/lib/python3.12/site-packages/airflow/example_dags/example_complex.py
[2024-09-03T15:53:15.782+0000] {logging_mixin.py:190} INFO - [2024-09-03T15:53:15.782+0000] {dag.py:3211} INFO - Sync 1 DAGs
[2024-09-03T15:53:15.793+0000] {logging_mixin.py:190} INFO - [2024-09-03T15:53:15.793+0000] {dag.py:4138} INFO - Setting next_dagrun for example_complex to None, run_after=None
[2024-09-03T15:53:15.808+0000] {processor.py:208} INFO - Processing /home/airflow/.local/lib/python3.12/site-packages/airflow/example_dags/example_complex.py took 0.062 seconds
[2024-09-03T15:53:46.838+0000] {processor.py:186} INFO - Started process (PID=679) to work on /home/airflow/.local/lib/python3.12/site-packages/airflow/example_dags/example_complex.py
[2024-09-03T15:53:46.839+0000] {processor.py:914} INFO - Processing file /home/airflow/.local/lib/python3.12/site-packages/airflow/example_dags/example_complex.py for tasks to queue
[2024-09-03T15:53:46.841+0000] {logging_mixin.py:190} INFO - [2024-09-03T15:53:46.840+0000] {dagbag.py:587} INFO - Filling up the DagBag from /home/airflow/.local/lib/python3.12/site-packages/airflow/example_dags/example_complex.py
[2024-09-03T15:53:46.848+0000] {processor.py:925} INFO - DAG(s) 'example_complex' retrieved from /home/airflow/.local/lib/python3.12/site-packages/airflow/example_dags/example_complex.py
[2024-09-03T15:53:46.872+0000] {logging_mixin.py:190} INFO - [2024-09-03T15:53:46.872+0000] {dag.py:3211} INFO - Sync 1 DAGs
[2024-09-03T15:53:46.889+0000] {logging_mixin.py:190} INFO - [2024-09-03T15:53:46.889+0000] {dag.py:4138} INFO - Setting next_dagrun for example_complex to None, run_after=None
[2024-09-03T15:53:46.921+0000] {processor.py:208} INFO - Processing /home/airflow/.local/lib/python3.12/site-packages/airflow/example_dags/example_complex.py took 0.087 seconds
[2024-09-03T15:54:17.126+0000] {processor.py:186} INFO - Started process (PID=741) to work on /home/airflow/.local/lib/python3.12/site-packages/airflow/example_dags/example_complex.py
[2024-09-03T15:54:17.127+0000] {processor.py:914} INFO - Processing file /home/airflow/.local/lib/python3.12/site-packages/airflow/example_dags/example_complex.py for tasks to queue
[2024-09-03T15:54:17.129+0000] {logging_mixin.py:190} INFO - [2024-09-03T15:54:17.128+0000] {dagbag.py:587} INFO - Filling up the DagBag from /home/airflow/.local/lib/python3.12/site-packages/airflow/example_dags/example_complex.py
[2024-09-03T15:54:17.135+0000] {processor.py:925} INFO - DAG(s) 'example_complex' retrieved from /home/airflow/.local/lib/python3.12/site-packages/airflow/example_dags/example_complex.py
[2024-09-03T15:54:17.162+0000] {logging_mixin.py:190} INFO - [2024-09-03T15:54:17.162+0000] {dag.py:3211} INFO - Sync 1 DAGs
[2024-09-03T15:54:17.174+0000] {logging_mixin.py:190} INFO - [2024-09-03T15:54:17.174+0000] {dag.py:4138} INFO - Setting next_dagrun for example_complex to None, run_after=None
[2024-09-03T15:54:17.186+0000] {processor.py:208} INFO - Processing /home/airflow/.local/lib/python3.12/site-packages/airflow/example_dags/example_complex.py took 0.064 seconds
[2024-09-03T15:54:47.560+0000] {processor.py:186} INFO - Started process (PID=802) to work on /home/airflow/.local/lib/python3.12/site-packages/airflow/example_dags/example_complex.py
[2024-09-03T15:54:47.562+0000] {processor.py:914} INFO - Processing file /home/airflow/.local/lib/python3.12/site-packages/airflow/example_dags/example_complex.py for tasks to queue
[2024-09-03T15:54:47.564+0000] {logging_mixin.py:190} INFO - [2024-09-03T15:54:47.564+0000] {dagbag.py:587} INFO - Filling up the DagBag from /home/airflow/.local/lib/python3.12/site-packages/airflow/example_dags/example_complex.py
[2024-09-03T15:54:47.573+0000] {processor.py:925} INFO - DAG(s) 'example_complex' retrieved from /home/airflow/.local/lib/python3.12/site-packages/airflow/example_dags/example_complex.py
[2024-09-03T15:54:47.596+0000] {logging_mixin.py:190} INFO - [2024-09-03T15:54:47.596+0000] {dag.py:3211} INFO - Sync 1 DAGs
[2024-09-03T15:54:47.610+0000] {logging_mixin.py:190} INFO - [2024-09-03T15:54:47.610+0000] {dag.py:4138} INFO - Setting next_dagrun for example_complex to None, run_after=None
[2024-09-03T15:54:47.625+0000] {processor.py:208} INFO - Processing /home/airflow/.local/lib/python3.12/site-packages/airflow/example_dags/example_complex.py took 0.084 seconds
