[2024-09-03T15:48:37.205+0000] {processor.py:186} INFO - Started process (PID=37) to work on /home/airflow/.local/lib/python3.12/site-packages/airflow/example_dags/example_latest_only.py
[2024-09-03T15:48:37.206+0000] {processor.py:914} INFO - Processing file /home/airflow/.local/lib/python3.12/site-packages/airflow/example_dags/example_latest_only.py for tasks to queue
[2024-09-03T15:48:37.209+0000] {logging_mixin.py:190} INFO - [2024-09-03T15:48:37.209+0000] {dagbag.py:587} INFO - Filling up the DagBag from /home/airflow/.local/lib/python3.12/site-packages/airflow/example_dags/example_latest_only.py
[2024-09-03T15:48:37.216+0000] {processor.py:925} INFO - DAG(s) 'latest_only' retrieved from /home/airflow/.local/lib/python3.12/site-packages/airflow/example_dags/example_latest_only.py
[2024-09-03T15:48:37.331+0000] {logging_mixin.py:190} INFO - [2024-09-03T15:48:37.331+0000] {override.py:1858} INFO - Created Permission View: can edit on DAG:latest_only
[2024-09-03T15:48:37.338+0000] {logging_mixin.py:190} INFO - [2024-09-03T15:48:37.338+0000] {override.py:1858} INFO - Created Permission View: can read on DAG:latest_only
[2024-09-03T15:48:37.343+0000] {logging_mixin.py:190} INFO - [2024-09-03T15:48:37.343+0000] {override.py:1858} INFO - Created Permission View: can delete on DAG:latest_only
[2024-09-03T15:48:37.344+0000] {logging_mixin.py:190} INFO - [2024-09-03T15:48:37.344+0000] {dag.py:3211} INFO - Sync 1 DAGs
[2024-09-03T15:48:37.352+0000] {logging_mixin.py:190} INFO - [2024-09-03T15:48:37.352+0000] {dag.py:3234} INFO - Creating ORM DAG for latest_only
[2024-09-03T15:48:37.358+0000] {logging_mixin.py:190} INFO - [2024-09-03T15:48:37.358+0000] {dag.py:4138} INFO - Setting next_dagrun for latest_only to 2024-09-03 08:00:00+00:00, run_after=2024-09-03 12:00:00+00:00
[2024-09-03T15:48:37.367+0000] {processor.py:208} INFO - Processing /home/airflow/.local/lib/python3.12/site-packages/airflow/example_dags/example_latest_only.py took 0.167 seconds
[2024-09-03T15:49:08.266+0000] {processor.py:186} INFO - Started process (PID=99) to work on /home/airflow/.local/lib/python3.12/site-packages/airflow/example_dags/example_latest_only.py
[2024-09-03T15:49:08.267+0000] {processor.py:914} INFO - Processing file /home/airflow/.local/lib/python3.12/site-packages/airflow/example_dags/example_latest_only.py for tasks to queue
[2024-09-03T15:49:08.270+0000] {logging_mixin.py:190} INFO - [2024-09-03T15:49:08.269+0000] {dagbag.py:587} INFO - Filling up the DagBag from /home/airflow/.local/lib/python3.12/site-packages/airflow/example_dags/example_latest_only.py
[2024-09-03T15:49:08.278+0000] {processor.py:925} INFO - DAG(s) 'latest_only' retrieved from /home/airflow/.local/lib/python3.12/site-packages/airflow/example_dags/example_latest_only.py
[2024-09-03T15:49:08.297+0000] {logging_mixin.py:190} INFO - [2024-09-03T15:49:08.296+0000] {dag.py:3211} INFO - Sync 1 DAGs
[2024-09-03T15:49:08.310+0000] {logging_mixin.py:190} INFO - [2024-09-03T15:49:08.309+0000] {dag.py:4138} INFO - Setting next_dagrun for latest_only to 2024-09-03 08:00:00+00:00, run_after=2024-09-03 12:00:00+00:00
[2024-09-03T15:49:08.318+0000] {processor.py:208} INFO - Processing /home/airflow/.local/lib/python3.12/site-packages/airflow/example_dags/example_latest_only.py took 0.059 seconds
[2024-09-03T15:49:39.048+0000] {processor.py:186} INFO - Started process (PID=162) to work on /home/airflow/.local/lib/python3.12/site-packages/airflow/example_dags/example_latest_only.py
[2024-09-03T15:49:39.050+0000] {processor.py:914} INFO - Processing file /home/airflow/.local/lib/python3.12/site-packages/airflow/example_dags/example_latest_only.py for tasks to queue
[2024-09-03T15:49:39.055+0000] {logging_mixin.py:190} INFO - [2024-09-03T15:49:39.054+0000] {dagbag.py:587} INFO - Filling up the DagBag from /home/airflow/.local/lib/python3.12/site-packages/airflow/example_dags/example_latest_only.py
[2024-09-03T15:49:39.065+0000] {processor.py:925} INFO - DAG(s) 'latest_only' retrieved from /home/airflow/.local/lib/python3.12/site-packages/airflow/example_dags/example_latest_only.py
[2024-09-03T15:49:39.088+0000] {logging_mixin.py:190} INFO - [2024-09-03T15:49:39.088+0000] {dag.py:3211} INFO - Sync 1 DAGs
[2024-09-03T15:49:39.102+0000] {logging_mixin.py:190} INFO - [2024-09-03T15:49:39.102+0000] {dag.py:4138} INFO - Setting next_dagrun for latest_only to 2024-09-03 08:00:00+00:00, run_after=2024-09-03 12:00:00+00:00
[2024-09-03T15:49:39.111+0000] {processor.py:208} INFO - Processing /home/airflow/.local/lib/python3.12/site-packages/airflow/example_dags/example_latest_only.py took 0.075 seconds
[2024-09-03T15:50:10.025+0000] {processor.py:186} INFO - Started process (PID=224) to work on /home/airflow/.local/lib/python3.12/site-packages/airflow/example_dags/example_latest_only.py
[2024-09-03T15:50:10.027+0000] {processor.py:914} INFO - Processing file /home/airflow/.local/lib/python3.12/site-packages/airflow/example_dags/example_latest_only.py for tasks to queue
[2024-09-03T15:50:10.029+0000] {logging_mixin.py:190} INFO - [2024-09-03T15:50:10.029+0000] {dagbag.py:587} INFO - Filling up the DagBag from /home/airflow/.local/lib/python3.12/site-packages/airflow/example_dags/example_latest_only.py
[2024-09-03T15:50:10.036+0000] {processor.py:925} INFO - DAG(s) 'latest_only' retrieved from /home/airflow/.local/lib/python3.12/site-packages/airflow/example_dags/example_latest_only.py
[2024-09-03T15:50:10.052+0000] {logging_mixin.py:190} INFO - [2024-09-03T15:50:10.052+0000] {dag.py:3211} INFO - Sync 1 DAGs
[2024-09-03T15:50:10.064+0000] {logging_mixin.py:190} INFO - [2024-09-03T15:50:10.064+0000] {dag.py:4138} INFO - Setting next_dagrun for latest_only to 2024-09-03 08:00:00+00:00, run_after=2024-09-03 12:00:00+00:00
[2024-09-03T15:50:10.074+0000] {processor.py:208} INFO - Processing /home/airflow/.local/lib/python3.12/site-packages/airflow/example_dags/example_latest_only.py took 0.056 seconds
[2024-09-03T15:50:40.467+0000] {processor.py:186} INFO - Started process (PID=286) to work on /home/airflow/.local/lib/python3.12/site-packages/airflow/example_dags/example_latest_only.py
[2024-09-03T15:50:40.468+0000] {processor.py:914} INFO - Processing file /home/airflow/.local/lib/python3.12/site-packages/airflow/example_dags/example_latest_only.py for tasks to queue
[2024-09-03T15:50:40.471+0000] {logging_mixin.py:190} INFO - [2024-09-03T15:50:40.471+0000] {dagbag.py:587} INFO - Filling up the DagBag from /home/airflow/.local/lib/python3.12/site-packages/airflow/example_dags/example_latest_only.py
[2024-09-03T15:50:40.480+0000] {processor.py:925} INFO - DAG(s) 'latest_only' retrieved from /home/airflow/.local/lib/python3.12/site-packages/airflow/example_dags/example_latest_only.py
[2024-09-03T15:50:40.499+0000] {logging_mixin.py:190} INFO - [2024-09-03T15:50:40.499+0000] {dag.py:3211} INFO - Sync 1 DAGs
[2024-09-03T15:50:40.513+0000] {logging_mixin.py:190} INFO - [2024-09-03T15:50:40.513+0000] {dag.py:4138} INFO - Setting next_dagrun for latest_only to 2024-09-03 08:00:00+00:00, run_after=2024-09-03 12:00:00+00:00
[2024-09-03T15:50:40.521+0000] {processor.py:208} INFO - Processing /home/airflow/.local/lib/python3.12/site-packages/airflow/example_dags/example_latest_only.py took 0.062 seconds
[2024-09-03T15:51:11.449+0000] {processor.py:186} INFO - Started process (PID=349) to work on /home/airflow/.local/lib/python3.12/site-packages/airflow/example_dags/example_latest_only.py
[2024-09-03T15:51:11.451+0000] {processor.py:914} INFO - Processing file /home/airflow/.local/lib/python3.12/site-packages/airflow/example_dags/example_latest_only.py for tasks to queue
[2024-09-03T15:51:11.454+0000] {logging_mixin.py:190} INFO - [2024-09-03T15:51:11.454+0000] {dagbag.py:587} INFO - Filling up the DagBag from /home/airflow/.local/lib/python3.12/site-packages/airflow/example_dags/example_latest_only.py
[2024-09-03T15:51:11.463+0000] {processor.py:925} INFO - DAG(s) 'latest_only' retrieved from /home/airflow/.local/lib/python3.12/site-packages/airflow/example_dags/example_latest_only.py
[2024-09-03T15:51:11.481+0000] {logging_mixin.py:190} INFO - [2024-09-03T15:51:11.481+0000] {dag.py:3211} INFO - Sync 1 DAGs
[2024-09-03T15:51:11.495+0000] {logging_mixin.py:190} INFO - [2024-09-03T15:51:11.495+0000] {dag.py:4138} INFO - Setting next_dagrun for latest_only to 2024-09-03 08:00:00+00:00, run_after=2024-09-03 12:00:00+00:00
[2024-09-03T15:51:11.504+0000] {processor.py:208} INFO - Processing /home/airflow/.local/lib/python3.12/site-packages/airflow/example_dags/example_latest_only.py took 0.064 seconds
[2024-09-03T15:51:42.565+0000] {processor.py:186} INFO - Started process (PID=411) to work on /home/airflow/.local/lib/python3.12/site-packages/airflow/example_dags/example_latest_only.py
[2024-09-03T15:51:42.567+0000] {processor.py:914} INFO - Processing file /home/airflow/.local/lib/python3.12/site-packages/airflow/example_dags/example_latest_only.py for tasks to queue
[2024-09-03T15:51:42.569+0000] {logging_mixin.py:190} INFO - [2024-09-03T15:51:42.569+0000] {dagbag.py:587} INFO - Filling up the DagBag from /home/airflow/.local/lib/python3.12/site-packages/airflow/example_dags/example_latest_only.py
[2024-09-03T15:51:42.580+0000] {processor.py:925} INFO - DAG(s) 'latest_only' retrieved from /home/airflow/.local/lib/python3.12/site-packages/airflow/example_dags/example_latest_only.py
[2024-09-03T15:51:42.614+0000] {logging_mixin.py:190} INFO - [2024-09-03T15:51:42.614+0000] {dag.py:3211} INFO - Sync 1 DAGs
[2024-09-03T15:51:42.634+0000] {logging_mixin.py:190} INFO - [2024-09-03T15:51:42.634+0000] {dag.py:4138} INFO - Setting next_dagrun for latest_only to 2024-09-03 08:00:00+00:00, run_after=2024-09-03 12:00:00+00:00
[2024-09-03T15:51:42.646+0000] {processor.py:208} INFO - Processing /home/airflow/.local/lib/python3.12/site-packages/airflow/example_dags/example_latest_only.py took 0.088 seconds
[2024-09-03T15:52:12.796+0000] {processor.py:186} INFO - Started process (PID=473) to work on /home/airflow/.local/lib/python3.12/site-packages/airflow/example_dags/example_latest_only.py
[2024-09-03T15:52:12.798+0000] {processor.py:914} INFO - Processing file /home/airflow/.local/lib/python3.12/site-packages/airflow/example_dags/example_latest_only.py for tasks to queue
[2024-09-03T15:52:12.800+0000] {logging_mixin.py:190} INFO - [2024-09-03T15:52:12.800+0000] {dagbag.py:587} INFO - Filling up the DagBag from /home/airflow/.local/lib/python3.12/site-packages/airflow/example_dags/example_latest_only.py
[2024-09-03T15:52:12.806+0000] {processor.py:925} INFO - DAG(s) 'latest_only' retrieved from /home/airflow/.local/lib/python3.12/site-packages/airflow/example_dags/example_latest_only.py
[2024-09-03T15:52:12.823+0000] {logging_mixin.py:190} INFO - [2024-09-03T15:52:12.822+0000] {dag.py:3211} INFO - Sync 1 DAGs
[2024-09-03T15:52:12.835+0000] {logging_mixin.py:190} INFO - [2024-09-03T15:52:12.835+0000] {dag.py:4138} INFO - Setting next_dagrun for latest_only to 2024-09-03 08:00:00+00:00, run_after=2024-09-03 12:00:00+00:00
[2024-09-03T15:52:12.844+0000] {processor.py:208} INFO - Processing /home/airflow/.local/lib/python3.12/site-packages/airflow/example_dags/example_latest_only.py took 0.053 seconds
[2024-09-03T15:52:43.778+0000] {processor.py:186} INFO - Started process (PID=535) to work on /home/airflow/.local/lib/python3.12/site-packages/airflow/example_dags/example_latest_only.py
[2024-09-03T15:52:43.779+0000] {processor.py:914} INFO - Processing file /home/airflow/.local/lib/python3.12/site-packages/airflow/example_dags/example_latest_only.py for tasks to queue
[2024-09-03T15:52:43.782+0000] {logging_mixin.py:190} INFO - [2024-09-03T15:52:43.781+0000] {dagbag.py:587} INFO - Filling up the DagBag from /home/airflow/.local/lib/python3.12/site-packages/airflow/example_dags/example_latest_only.py
[2024-09-03T15:52:43.788+0000] {processor.py:925} INFO - DAG(s) 'latest_only' retrieved from /home/airflow/.local/lib/python3.12/site-packages/airflow/example_dags/example_latest_only.py
[2024-09-03T15:52:43.810+0000] {logging_mixin.py:190} INFO - [2024-09-03T15:52:43.809+0000] {dag.py:3211} INFO - Sync 1 DAGs
[2024-09-03T15:52:43.824+0000] {logging_mixin.py:190} INFO - [2024-09-03T15:52:43.824+0000] {dag.py:4138} INFO - Setting next_dagrun for latest_only to 2024-09-03 08:00:00+00:00, run_after=2024-09-03 12:00:00+00:00
[2024-09-03T15:52:43.834+0000] {processor.py:208} INFO - Processing /home/airflow/.local/lib/python3.12/site-packages/airflow/example_dags/example_latest_only.py took 0.062 seconds
[2024-09-03T15:53:14.747+0000] {processor.py:186} INFO - Started process (PID=596) to work on /home/airflow/.local/lib/python3.12/site-packages/airflow/example_dags/example_latest_only.py
[2024-09-03T15:53:14.748+0000] {processor.py:914} INFO - Processing file /home/airflow/.local/lib/python3.12/site-packages/airflow/example_dags/example_latest_only.py for tasks to queue
[2024-09-03T15:53:14.751+0000] {logging_mixin.py:190} INFO - [2024-09-03T15:53:14.751+0000] {dagbag.py:587} INFO - Filling up the DagBag from /home/airflow/.local/lib/python3.12/site-packages/airflow/example_dags/example_latest_only.py
[2024-09-03T15:53:14.759+0000] {processor.py:925} INFO - DAG(s) 'latest_only' retrieved from /home/airflow/.local/lib/python3.12/site-packages/airflow/example_dags/example_latest_only.py
[2024-09-03T15:53:14.777+0000] {logging_mixin.py:190} INFO - [2024-09-03T15:53:14.777+0000] {dag.py:3211} INFO - Sync 1 DAGs
[2024-09-03T15:53:14.790+0000] {logging_mixin.py:190} INFO - [2024-09-03T15:53:14.790+0000] {dag.py:4138} INFO - Setting next_dagrun for latest_only to 2024-09-03 08:00:00+00:00, run_after=2024-09-03 12:00:00+00:00
[2024-09-03T15:53:14.799+0000] {processor.py:208} INFO - Processing /home/airflow/.local/lib/python3.12/site-packages/airflow/example_dags/example_latest_only.py took 0.059 seconds
[2024-09-03T15:53:45.134+0000] {processor.py:186} INFO - Started process (PID=658) to work on /home/airflow/.local/lib/python3.12/site-packages/airflow/example_dags/example_latest_only.py
[2024-09-03T15:53:45.135+0000] {processor.py:914} INFO - Processing file /home/airflow/.local/lib/python3.12/site-packages/airflow/example_dags/example_latest_only.py for tasks to queue
[2024-09-03T15:53:45.139+0000] {logging_mixin.py:190} INFO - [2024-09-03T15:53:45.139+0000] {dagbag.py:587} INFO - Filling up the DagBag from /home/airflow/.local/lib/python3.12/site-packages/airflow/example_dags/example_latest_only.py
[2024-09-03T15:53:45.148+0000] {processor.py:925} INFO - DAG(s) 'latest_only' retrieved from /home/airflow/.local/lib/python3.12/site-packages/airflow/example_dags/example_latest_only.py
[2024-09-03T15:53:45.167+0000] {logging_mixin.py:190} INFO - [2024-09-03T15:53:45.167+0000] {dag.py:3211} INFO - Sync 1 DAGs
[2024-09-03T15:53:45.183+0000] {logging_mixin.py:190} INFO - [2024-09-03T15:53:45.183+0000] {dag.py:4138} INFO - Setting next_dagrun for latest_only to 2024-09-03 08:00:00+00:00, run_after=2024-09-03 12:00:00+00:00
[2024-09-03T15:53:45.192+0000] {processor.py:208} INFO - Processing /home/airflow/.local/lib/python3.12/site-packages/airflow/example_dags/example_latest_only.py took 0.066 seconds
[2024-09-03T15:54:16.209+0000] {processor.py:186} INFO - Started process (PID=720) to work on /home/airflow/.local/lib/python3.12/site-packages/airflow/example_dags/example_latest_only.py
[2024-09-03T15:54:16.211+0000] {processor.py:914} INFO - Processing file /home/airflow/.local/lib/python3.12/site-packages/airflow/example_dags/example_latest_only.py for tasks to queue
[2024-09-03T15:54:16.217+0000] {logging_mixin.py:190} INFO - [2024-09-03T15:54:16.216+0000] {dagbag.py:587} INFO - Filling up the DagBag from /home/airflow/.local/lib/python3.12/site-packages/airflow/example_dags/example_latest_only.py
[2024-09-03T15:54:16.233+0000] {processor.py:925} INFO - DAG(s) 'latest_only' retrieved from /home/airflow/.local/lib/python3.12/site-packages/airflow/example_dags/example_latest_only.py
[2024-09-03T15:54:16.258+0000] {logging_mixin.py:190} INFO - [2024-09-03T15:54:16.257+0000] {dag.py:3211} INFO - Sync 1 DAGs
[2024-09-03T15:54:16.272+0000] {logging_mixin.py:190} INFO - [2024-09-03T15:54:16.272+0000] {dag.py:4138} INFO - Setting next_dagrun for latest_only to 2024-09-03 08:00:00+00:00, run_after=2024-09-03 12:00:00+00:00
[2024-09-03T15:54:16.281+0000] {processor.py:208} INFO - Processing /home/airflow/.local/lib/python3.12/site-packages/airflow/example_dags/example_latest_only.py took 0.080 seconds
[2024-09-03T15:54:46.725+0000] {processor.py:186} INFO - Started process (PID=781) to work on /home/airflow/.local/lib/python3.12/site-packages/airflow/example_dags/example_latest_only.py
[2024-09-03T15:54:46.727+0000] {processor.py:914} INFO - Processing file /home/airflow/.local/lib/python3.12/site-packages/airflow/example_dags/example_latest_only.py for tasks to queue
[2024-09-03T15:54:46.730+0000] {logging_mixin.py:190} INFO - [2024-09-03T15:54:46.729+0000] {dagbag.py:587} INFO - Filling up the DagBag from /home/airflow/.local/lib/python3.12/site-packages/airflow/example_dags/example_latest_only.py
[2024-09-03T15:54:46.737+0000] {processor.py:925} INFO - DAG(s) 'latest_only' retrieved from /home/airflow/.local/lib/python3.12/site-packages/airflow/example_dags/example_latest_only.py
[2024-09-03T15:54:46.754+0000] {logging_mixin.py:190} INFO - [2024-09-03T15:54:46.754+0000] {dag.py:3211} INFO - Sync 1 DAGs
[2024-09-03T15:54:46.769+0000] {logging_mixin.py:190} INFO - [2024-09-03T15:54:46.769+0000] {dag.py:4138} INFO - Setting next_dagrun for latest_only to 2024-09-03 08:00:00+00:00, run_after=2024-09-03 12:00:00+00:00
[2024-09-03T15:54:46.779+0000] {processor.py:208} INFO - Processing /home/airflow/.local/lib/python3.12/site-packages/airflow/example_dags/example_latest_only.py took 0.062 seconds
