[2024-09-03T15:48:40.632+0000] {processor.py:186} INFO - Started process (PID=68) to work on /home/airflow/.local/lib/python3.12/site-packages/airflow/example_dags/example_subdag_operator.py
[2024-09-03T15:48:40.633+0000] {processor.py:914} INFO - Processing file /home/airflow/.local/lib/python3.12/site-packages/airflow/example_dags/example_subdag_operator.py for tasks to queue
[2024-09-03T15:48:40.638+0000] {logging_mixin.py:190} INFO - [2024-09-03T15:48:40.638+0000] {dagbag.py:587} INFO - Filling up the DagBag from /home/airflow/.local/lib/python3.12/site-packages/airflow/example_dags/example_subdag_operator.py
[2024-09-03T15:48:40.682+0000] {processor.py:925} INFO - DAG(s) 'example_subdag_operator.section-1', 'example_subdag_operator.section-2', 'example_subdag_operator' retrieved from /home/airflow/.local/lib/python3.12/site-packages/airflow/example_dags/example_subdag_operator.py
[2024-09-03T15:48:40.743+0000] {logging_mixin.py:190} INFO - [2024-09-03T15:48:40.742+0000] {override.py:1858} INFO - Created Permission View: can edit on DAG:example_subdag_operator
[2024-09-03T15:48:40.748+0000] {logging_mixin.py:190} INFO - [2024-09-03T15:48:40.747+0000] {override.py:1858} INFO - Created Permission View: can read on DAG:example_subdag_operator
[2024-09-03T15:48:40.750+0000] {logging_mixin.py:190} INFO - [2024-09-03T15:48:40.750+0000] {override.py:1858} INFO - Created Permission View: can delete on DAG:example_subdag_operator
[2024-09-03T15:48:40.751+0000] {logging_mixin.py:190} INFO - [2024-09-03T15:48:40.751+0000] {dag.py:3211} INFO - Sync 3 DAGs
[2024-09-03T15:48:40.758+0000] {logging_mixin.py:190} INFO - [2024-09-03T15:48:40.758+0000] {dag.py:3234} INFO - Creating ORM DAG for example_subdag_operator.section-2
[2024-09-03T15:48:40.759+0000] {logging_mixin.py:190} INFO - [2024-09-03T15:48:40.759+0000] {dag.py:3234} INFO - Creating ORM DAG for example_subdag_operator.section-1
[2024-09-03T15:48:40.759+0000] {logging_mixin.py:190} INFO - [2024-09-03T15:48:40.759+0000] {dag.py:3234} INFO - Creating ORM DAG for example_subdag_operator
[2024-09-03T15:48:40.771+0000] {logging_mixin.py:190} INFO - [2024-09-03T15:48:40.770+0000] {dag.py:4138} INFO - Setting next_dagrun for example_subdag_operator to 2022-01-01 00:00:00+00:00, run_after=2022-01-01 00:00:00+00:00
[2024-09-03T15:48:40.771+0000] {logging_mixin.py:190} INFO - [2024-09-03T15:48:40.771+0000] {dag.py:4138} INFO - Setting next_dagrun for example_subdag_operator.section-1 to None, run_after=None
[2024-09-03T15:48:40.772+0000] {logging_mixin.py:190} INFO - [2024-09-03T15:48:40.772+0000] {dag.py:4138} INFO - Setting next_dagrun for example_subdag_operator.section-2 to None, run_after=None
[2024-09-03T15:48:40.778+0000] {logging_mixin.py:190} INFO - [2024-09-03T15:48:40.778+0000] {dag.py:3211} INFO - Sync 2 DAGs
[2024-09-03T15:48:40.783+0000] {logging_mixin.py:190} INFO - [2024-09-03T15:48:40.783+0000] {dag.py:4138} INFO - Setting next_dagrun for example_subdag_operator.section-1 to None, run_after=None
[2024-09-03T15:48:40.785+0000] {logging_mixin.py:190} INFO - [2024-09-03T15:48:40.785+0000] {dag.py:4138} INFO - Setting next_dagrun for example_subdag_operator.section-2 to None, run_after=None
[2024-09-03T15:48:40.794+0000] {processor.py:208} INFO - Processing /home/airflow/.local/lib/python3.12/site-packages/airflow/example_dags/example_subdag_operator.py took 0.168 seconds
[2024-09-03T15:49:11.452+0000] {processor.py:186} INFO - Started process (PID=130) to work on /home/airflow/.local/lib/python3.12/site-packages/airflow/example_dags/example_subdag_operator.py
[2024-09-03T15:49:11.452+0000] {processor.py:914} INFO - Processing file /home/airflow/.local/lib/python3.12/site-packages/airflow/example_dags/example_subdag_operator.py for tasks to queue
[2024-09-03T15:49:11.454+0000] {logging_mixin.py:190} INFO - [2024-09-03T15:49:11.454+0000] {dagbag.py:587} INFO - Filling up the DagBag from /home/airflow/.local/lib/python3.12/site-packages/airflow/example_dags/example_subdag_operator.py
[2024-09-03T15:49:11.471+0000] {processor.py:925} INFO - DAG(s) 'example_subdag_operator.section-1', 'example_subdag_operator.section-2', 'example_subdag_operator' retrieved from /home/airflow/.local/lib/python3.12/site-packages/airflow/example_dags/example_subdag_operator.py
[2024-09-03T15:49:11.479+0000] {logging_mixin.py:190} INFO - [2024-09-03T15:49:11.479+0000] {dag.py:3211} INFO - Sync 3 DAGs
[2024-09-03T15:49:11.491+0000] {logging_mixin.py:190} INFO - [2024-09-03T15:49:11.490+0000] {dag.py:4138} INFO - Setting next_dagrun for example_subdag_operator to 2022-01-01 00:00:00+00:00, run_after=2022-01-01 00:00:00+00:00
[2024-09-03T15:49:11.492+0000] {logging_mixin.py:190} INFO - [2024-09-03T15:49:11.492+0000] {dag.py:4138} INFO - Setting next_dagrun for example_subdag_operator.section-1 to None, run_after=None
[2024-09-03T15:49:11.493+0000] {logging_mixin.py:190} INFO - [2024-09-03T15:49:11.493+0000] {dag.py:4138} INFO - Setting next_dagrun for example_subdag_operator.section-2 to None, run_after=None
[2024-09-03T15:49:11.497+0000] {logging_mixin.py:190} INFO - [2024-09-03T15:49:11.497+0000] {dag.py:3211} INFO - Sync 2 DAGs
[2024-09-03T15:49:11.500+0000] {logging_mixin.py:190} INFO - [2024-09-03T15:49:11.500+0000] {dag.py:4138} INFO - Setting next_dagrun for example_subdag_operator.section-1 to None, run_after=None
[2024-09-03T15:49:11.500+0000] {logging_mixin.py:190} INFO - [2024-09-03T15:49:11.500+0000] {dag.py:4138} INFO - Setting next_dagrun for example_subdag_operator.section-2 to None, run_after=None
[2024-09-03T15:49:11.505+0000] {processor.py:208} INFO - Processing /home/airflow/.local/lib/python3.12/site-packages/airflow/example_dags/example_subdag_operator.py took 0.058 seconds
[2024-09-03T15:49:42.457+0000] {processor.py:186} INFO - Started process (PID=193) to work on /home/airflow/.local/lib/python3.12/site-packages/airflow/example_dags/example_subdag_operator.py
[2024-09-03T15:49:42.457+0000] {processor.py:914} INFO - Processing file /home/airflow/.local/lib/python3.12/site-packages/airflow/example_dags/example_subdag_operator.py for tasks to queue
[2024-09-03T15:49:42.459+0000] {logging_mixin.py:190} INFO - [2024-09-03T15:49:42.459+0000] {dagbag.py:587} INFO - Filling up the DagBag from /home/airflow/.local/lib/python3.12/site-packages/airflow/example_dags/example_subdag_operator.py
[2024-09-03T15:49:42.475+0000] {processor.py:925} INFO - DAG(s) 'example_subdag_operator.section-1', 'example_subdag_operator.section-2', 'example_subdag_operator' retrieved from /home/airflow/.local/lib/python3.12/site-packages/airflow/example_dags/example_subdag_operator.py
[2024-09-03T15:49:42.483+0000] {logging_mixin.py:190} INFO - [2024-09-03T15:49:42.483+0000] {dag.py:3211} INFO - Sync 3 DAGs
[2024-09-03T15:49:42.495+0000] {logging_mixin.py:190} INFO - [2024-09-03T15:49:42.495+0000] {dag.py:4138} INFO - Setting next_dagrun for example_subdag_operator to 2022-01-01 00:00:00+00:00, run_after=2022-01-01 00:00:00+00:00
[2024-09-03T15:49:42.497+0000] {logging_mixin.py:190} INFO - [2024-09-03T15:49:42.497+0000] {dag.py:4138} INFO - Setting next_dagrun for example_subdag_operator.section-1 to None, run_after=None
[2024-09-03T15:49:42.498+0000] {logging_mixin.py:190} INFO - [2024-09-03T15:49:42.498+0000] {dag.py:4138} INFO - Setting next_dagrun for example_subdag_operator.section-2 to None, run_after=None
[2024-09-03T15:49:42.502+0000] {logging_mixin.py:190} INFO - [2024-09-03T15:49:42.501+0000] {dag.py:3211} INFO - Sync 2 DAGs
[2024-09-03T15:49:42.504+0000] {logging_mixin.py:190} INFO - [2024-09-03T15:49:42.504+0000] {dag.py:4138} INFO - Setting next_dagrun for example_subdag_operator.section-1 to None, run_after=None
[2024-09-03T15:49:42.505+0000] {logging_mixin.py:190} INFO - [2024-09-03T15:49:42.505+0000] {dag.py:4138} INFO - Setting next_dagrun for example_subdag_operator.section-2 to None, run_after=None
[2024-09-03T15:49:42.510+0000] {processor.py:208} INFO - Processing /home/airflow/.local/lib/python3.12/site-packages/airflow/example_dags/example_subdag_operator.py took 0.057 seconds
[2024-09-03T15:50:13.635+0000] {processor.py:186} INFO - Started process (PID=255) to work on /home/airflow/.local/lib/python3.12/site-packages/airflow/example_dags/example_subdag_operator.py
[2024-09-03T15:50:13.636+0000] {processor.py:914} INFO - Processing file /home/airflow/.local/lib/python3.12/site-packages/airflow/example_dags/example_subdag_operator.py for tasks to queue
[2024-09-03T15:50:13.638+0000] {logging_mixin.py:190} INFO - [2024-09-03T15:50:13.637+0000] {dagbag.py:587} INFO - Filling up the DagBag from /home/airflow/.local/lib/python3.12/site-packages/airflow/example_dags/example_subdag_operator.py
[2024-09-03T15:50:13.658+0000] {processor.py:925} INFO - DAG(s) 'example_subdag_operator.section-1', 'example_subdag_operator.section-2', 'example_subdag_operator' retrieved from /home/airflow/.local/lib/python3.12/site-packages/airflow/example_dags/example_subdag_operator.py
[2024-09-03T15:50:13.667+0000] {logging_mixin.py:190} INFO - [2024-09-03T15:50:13.666+0000] {dag.py:3211} INFO - Sync 3 DAGs
[2024-09-03T15:50:13.680+0000] {logging_mixin.py:190} INFO - [2024-09-03T15:50:13.680+0000] {dag.py:4138} INFO - Setting next_dagrun for example_subdag_operator to 2022-01-01 00:00:00+00:00, run_after=2022-01-01 00:00:00+00:00
[2024-09-03T15:50:13.682+0000] {logging_mixin.py:190} INFO - [2024-09-03T15:50:13.681+0000] {dag.py:4138} INFO - Setting next_dagrun for example_subdag_operator.section-1 to None, run_after=None
[2024-09-03T15:50:13.682+0000] {logging_mixin.py:190} INFO - [2024-09-03T15:50:13.682+0000] {dag.py:4138} INFO - Setting next_dagrun for example_subdag_operator.section-2 to None, run_after=None
[2024-09-03T15:50:13.690+0000] {logging_mixin.py:190} INFO - [2024-09-03T15:50:13.689+0000] {dag.py:3211} INFO - Sync 2 DAGs
[2024-09-03T15:50:13.696+0000] {logging_mixin.py:190} INFO - [2024-09-03T15:50:13.696+0000] {dag.py:4138} INFO - Setting next_dagrun for example_subdag_operator.section-1 to None, run_after=None
[2024-09-03T15:50:13.696+0000] {logging_mixin.py:190} INFO - [2024-09-03T15:50:13.696+0000] {dag.py:4138} INFO - Setting next_dagrun for example_subdag_operator.section-2 to None, run_after=None
[2024-09-03T15:50:13.701+0000] {processor.py:208} INFO - Processing /home/airflow/.local/lib/python3.12/site-packages/airflow/example_dags/example_subdag_operator.py took 0.074 seconds
[2024-09-03T15:50:43.749+0000] {processor.py:186} INFO - Started process (PID=317) to work on /home/airflow/.local/lib/python3.12/site-packages/airflow/example_dags/example_subdag_operator.py
[2024-09-03T15:50:43.750+0000] {processor.py:914} INFO - Processing file /home/airflow/.local/lib/python3.12/site-packages/airflow/example_dags/example_subdag_operator.py for tasks to queue
[2024-09-03T15:50:43.752+0000] {logging_mixin.py:190} INFO - [2024-09-03T15:50:43.751+0000] {dagbag.py:587} INFO - Filling up the DagBag from /home/airflow/.local/lib/python3.12/site-packages/airflow/example_dags/example_subdag_operator.py
[2024-09-03T15:50:43.768+0000] {processor.py:925} INFO - DAG(s) 'example_subdag_operator.section-1', 'example_subdag_operator.section-2', 'example_subdag_operator' retrieved from /home/airflow/.local/lib/python3.12/site-packages/airflow/example_dags/example_subdag_operator.py
[2024-09-03T15:50:43.777+0000] {logging_mixin.py:190} INFO - [2024-09-03T15:50:43.777+0000] {dag.py:3211} INFO - Sync 3 DAGs
[2024-09-03T15:50:43.791+0000] {logging_mixin.py:190} INFO - [2024-09-03T15:50:43.791+0000] {dag.py:4138} INFO - Setting next_dagrun for example_subdag_operator to 2022-01-01 00:00:00+00:00, run_after=2022-01-01 00:00:00+00:00
[2024-09-03T15:50:43.793+0000] {logging_mixin.py:190} INFO - [2024-09-03T15:50:43.793+0000] {dag.py:4138} INFO - Setting next_dagrun for example_subdag_operator.section-1 to None, run_after=None
[2024-09-03T15:50:43.794+0000] {logging_mixin.py:190} INFO - [2024-09-03T15:50:43.794+0000] {dag.py:4138} INFO - Setting next_dagrun for example_subdag_operator.section-2 to None, run_after=None
[2024-09-03T15:50:43.798+0000] {logging_mixin.py:190} INFO - [2024-09-03T15:50:43.798+0000] {dag.py:3211} INFO - Sync 2 DAGs
[2024-09-03T15:50:43.801+0000] {logging_mixin.py:190} INFO - [2024-09-03T15:50:43.801+0000] {dag.py:4138} INFO - Setting next_dagrun for example_subdag_operator.section-1 to None, run_after=None
[2024-09-03T15:50:43.801+0000] {logging_mixin.py:190} INFO - [2024-09-03T15:50:43.801+0000] {dag.py:4138} INFO - Setting next_dagrun for example_subdag_operator.section-2 to None, run_after=None
[2024-09-03T15:50:43.806+0000] {processor.py:208} INFO - Processing /home/airflow/.local/lib/python3.12/site-packages/airflow/example_dags/example_subdag_operator.py took 0.061 seconds
[2024-09-03T15:51:14.767+0000] {processor.py:186} INFO - Started process (PID=380) to work on /home/airflow/.local/lib/python3.12/site-packages/airflow/example_dags/example_subdag_operator.py
[2024-09-03T15:51:14.768+0000] {processor.py:914} INFO - Processing file /home/airflow/.local/lib/python3.12/site-packages/airflow/example_dags/example_subdag_operator.py for tasks to queue
[2024-09-03T15:51:14.770+0000] {logging_mixin.py:190} INFO - [2024-09-03T15:51:14.769+0000] {dagbag.py:587} INFO - Filling up the DagBag from /home/airflow/.local/lib/python3.12/site-packages/airflow/example_dags/example_subdag_operator.py
[2024-09-03T15:51:14.786+0000] {processor.py:925} INFO - DAG(s) 'example_subdag_operator.section-1', 'example_subdag_operator.section-2', 'example_subdag_operator' retrieved from /home/airflow/.local/lib/python3.12/site-packages/airflow/example_dags/example_subdag_operator.py
[2024-09-03T15:51:14.794+0000] {logging_mixin.py:190} INFO - [2024-09-03T15:51:14.794+0000] {dag.py:3211} INFO - Sync 3 DAGs
[2024-09-03T15:51:14.806+0000] {logging_mixin.py:190} INFO - [2024-09-03T15:51:14.805+0000] {dag.py:4138} INFO - Setting next_dagrun for example_subdag_operator to 2022-01-01 00:00:00+00:00, run_after=2022-01-01 00:00:00+00:00
[2024-09-03T15:51:14.807+0000] {logging_mixin.py:190} INFO - [2024-09-03T15:51:14.807+0000] {dag.py:4138} INFO - Setting next_dagrun for example_subdag_operator.section-1 to None, run_after=None
[2024-09-03T15:51:14.808+0000] {logging_mixin.py:190} INFO - [2024-09-03T15:51:14.808+0000] {dag.py:4138} INFO - Setting next_dagrun for example_subdag_operator.section-2 to None, run_after=None
[2024-09-03T15:51:14.811+0000] {logging_mixin.py:190} INFO - [2024-09-03T15:51:14.811+0000] {dag.py:3211} INFO - Sync 2 DAGs
[2024-09-03T15:51:14.814+0000] {logging_mixin.py:190} INFO - [2024-09-03T15:51:14.814+0000] {dag.py:4138} INFO - Setting next_dagrun for example_subdag_operator.section-1 to None, run_after=None
[2024-09-03T15:51:14.815+0000] {logging_mixin.py:190} INFO - [2024-09-03T15:51:14.815+0000] {dag.py:4138} INFO - Setting next_dagrun for example_subdag_operator.section-2 to None, run_after=None
[2024-09-03T15:51:14.820+0000] {processor.py:208} INFO - Processing /home/airflow/.local/lib/python3.12/site-packages/airflow/example_dags/example_subdag_operator.py took 0.056 seconds
[2024-09-03T15:51:45.795+0000] {processor.py:186} INFO - Started process (PID=442) to work on /home/airflow/.local/lib/python3.12/site-packages/airflow/example_dags/example_subdag_operator.py
[2024-09-03T15:51:45.796+0000] {processor.py:914} INFO - Processing file /home/airflow/.local/lib/python3.12/site-packages/airflow/example_dags/example_subdag_operator.py for tasks to queue
[2024-09-03T15:51:45.797+0000] {logging_mixin.py:190} INFO - [2024-09-03T15:51:45.797+0000] {dagbag.py:587} INFO - Filling up the DagBag from /home/airflow/.local/lib/python3.12/site-packages/airflow/example_dags/example_subdag_operator.py
[2024-09-03T15:51:45.813+0000] {processor.py:925} INFO - DAG(s) 'example_subdag_operator.section-1', 'example_subdag_operator.section-2', 'example_subdag_operator' retrieved from /home/airflow/.local/lib/python3.12/site-packages/airflow/example_dags/example_subdag_operator.py
[2024-09-03T15:51:45.821+0000] {logging_mixin.py:190} INFO - [2024-09-03T15:51:45.821+0000] {dag.py:3211} INFO - Sync 3 DAGs
[2024-09-03T15:51:45.832+0000] {logging_mixin.py:190} INFO - [2024-09-03T15:51:45.832+0000] {dag.py:4138} INFO - Setting next_dagrun for example_subdag_operator to 2022-01-01 00:00:00+00:00, run_after=2022-01-01 00:00:00+00:00
[2024-09-03T15:51:45.834+0000] {logging_mixin.py:190} INFO - [2024-09-03T15:51:45.834+0000] {dag.py:4138} INFO - Setting next_dagrun for example_subdag_operator.section-1 to None, run_after=None
[2024-09-03T15:51:45.835+0000] {logging_mixin.py:190} INFO - [2024-09-03T15:51:45.835+0000] {dag.py:4138} INFO - Setting next_dagrun for example_subdag_operator.section-2 to None, run_after=None
[2024-09-03T15:51:45.838+0000] {logging_mixin.py:190} INFO - [2024-09-03T15:51:45.838+0000] {dag.py:3211} INFO - Sync 2 DAGs
[2024-09-03T15:51:45.842+0000] {logging_mixin.py:190} INFO - [2024-09-03T15:51:45.842+0000] {dag.py:4138} INFO - Setting next_dagrun for example_subdag_operator.section-1 to None, run_after=None
[2024-09-03T15:51:45.842+0000] {logging_mixin.py:190} INFO - [2024-09-03T15:51:45.842+0000] {dag.py:4138} INFO - Setting next_dagrun for example_subdag_operator.section-2 to None, run_after=None
[2024-09-03T15:51:45.848+0000] {processor.py:208} INFO - Processing /home/airflow/.local/lib/python3.12/site-packages/airflow/example_dags/example_subdag_operator.py took 0.057 seconds
[2024-09-03T15:52:16.118+0000] {processor.py:186} INFO - Started process (PID=504) to work on /home/airflow/.local/lib/python3.12/site-packages/airflow/example_dags/example_subdag_operator.py
[2024-09-03T15:52:16.119+0000] {processor.py:914} INFO - Processing file /home/airflow/.local/lib/python3.12/site-packages/airflow/example_dags/example_subdag_operator.py for tasks to queue
[2024-09-03T15:52:16.121+0000] {logging_mixin.py:190} INFO - [2024-09-03T15:52:16.121+0000] {dagbag.py:587} INFO - Filling up the DagBag from /home/airflow/.local/lib/python3.12/site-packages/airflow/example_dags/example_subdag_operator.py
[2024-09-03T15:52:16.138+0000] {processor.py:925} INFO - DAG(s) 'example_subdag_operator.section-1', 'example_subdag_operator.section-2', 'example_subdag_operator' retrieved from /home/airflow/.local/lib/python3.12/site-packages/airflow/example_dags/example_subdag_operator.py
[2024-09-03T15:52:16.146+0000] {logging_mixin.py:190} INFO - [2024-09-03T15:52:16.145+0000] {dag.py:3211} INFO - Sync 3 DAGs
[2024-09-03T15:52:16.158+0000] {logging_mixin.py:190} INFO - [2024-09-03T15:52:16.158+0000] {dag.py:4138} INFO - Setting next_dagrun for example_subdag_operator to 2022-01-01 00:00:00+00:00, run_after=2022-01-01 00:00:00+00:00
[2024-09-03T15:52:16.160+0000] {logging_mixin.py:190} INFO - [2024-09-03T15:52:16.160+0000] {dag.py:4138} INFO - Setting next_dagrun for example_subdag_operator.section-1 to None, run_after=None
[2024-09-03T15:52:16.161+0000] {logging_mixin.py:190} INFO - [2024-09-03T15:52:16.160+0000] {dag.py:4138} INFO - Setting next_dagrun for example_subdag_operator.section-2 to None, run_after=None
[2024-09-03T15:52:16.165+0000] {logging_mixin.py:190} INFO - [2024-09-03T15:52:16.165+0000] {dag.py:3211} INFO - Sync 2 DAGs
[2024-09-03T15:52:16.168+0000] {logging_mixin.py:190} INFO - [2024-09-03T15:52:16.168+0000] {dag.py:4138} INFO - Setting next_dagrun for example_subdag_operator.section-1 to None, run_after=None
[2024-09-03T15:52:16.168+0000] {logging_mixin.py:190} INFO - [2024-09-03T15:52:16.168+0000] {dag.py:4138} INFO - Setting next_dagrun for example_subdag_operator.section-2 to None, run_after=None
[2024-09-03T15:52:16.173+0000] {processor.py:208} INFO - Processing /home/airflow/.local/lib/python3.12/site-packages/airflow/example_dags/example_subdag_operator.py took 0.058 seconds
[2024-09-03T15:52:46.944+0000] {processor.py:186} INFO - Started process (PID=566) to work on /home/airflow/.local/lib/python3.12/site-packages/airflow/example_dags/example_subdag_operator.py
[2024-09-03T15:52:46.945+0000] {processor.py:914} INFO - Processing file /home/airflow/.local/lib/python3.12/site-packages/airflow/example_dags/example_subdag_operator.py for tasks to queue
[2024-09-03T15:52:46.950+0000] {logging_mixin.py:190} INFO - [2024-09-03T15:52:46.949+0000] {dagbag.py:587} INFO - Filling up the DagBag from /home/airflow/.local/lib/python3.12/site-packages/airflow/example_dags/example_subdag_operator.py
[2024-09-03T15:52:46.976+0000] {processor.py:925} INFO - DAG(s) 'example_subdag_operator.section-1', 'example_subdag_operator.section-2', 'example_subdag_operator' retrieved from /home/airflow/.local/lib/python3.12/site-packages/airflow/example_dags/example_subdag_operator.py
[2024-09-03T15:52:46.987+0000] {logging_mixin.py:190} INFO - [2024-09-03T15:52:46.987+0000] {dag.py:3211} INFO - Sync 3 DAGs
[2024-09-03T15:52:47.003+0000] {logging_mixin.py:190} INFO - [2024-09-03T15:52:47.003+0000] {dag.py:4138} INFO - Setting next_dagrun for example_subdag_operator to 2022-01-01 00:00:00+00:00, run_after=2022-01-01 00:00:00+00:00
[2024-09-03T15:52:47.006+0000] {logging_mixin.py:190} INFO - [2024-09-03T15:52:47.006+0000] {dag.py:4138} INFO - Setting next_dagrun for example_subdag_operator.section-1 to None, run_after=None
[2024-09-03T15:52:47.007+0000] {logging_mixin.py:190} INFO - [2024-09-03T15:52:47.007+0000] {dag.py:4138} INFO - Setting next_dagrun for example_subdag_operator.section-2 to None, run_after=None
[2024-09-03T15:52:47.012+0000] {logging_mixin.py:190} INFO - [2024-09-03T15:52:47.012+0000] {dag.py:3211} INFO - Sync 2 DAGs
[2024-09-03T15:52:47.016+0000] {logging_mixin.py:190} INFO - [2024-09-03T15:52:47.016+0000] {dag.py:4138} INFO - Setting next_dagrun for example_subdag_operator.section-1 to None, run_after=None
[2024-09-03T15:52:47.017+0000] {logging_mixin.py:190} INFO - [2024-09-03T15:52:47.017+0000] {dag.py:4138} INFO - Setting next_dagrun for example_subdag_operator.section-2 to None, run_after=None
[2024-09-03T15:52:47.023+0000] {processor.py:208} INFO - Processing /home/airflow/.local/lib/python3.12/site-packages/airflow/example_dags/example_subdag_operator.py took 0.084 seconds
[2024-09-03T15:53:17.232+0000] {processor.py:186} INFO - Started process (PID=627) to work on /home/airflow/.local/lib/python3.12/site-packages/airflow/example_dags/example_subdag_operator.py
[2024-09-03T15:53:17.232+0000] {processor.py:914} INFO - Processing file /home/airflow/.local/lib/python3.12/site-packages/airflow/example_dags/example_subdag_operator.py for tasks to queue
[2024-09-03T15:53:17.234+0000] {logging_mixin.py:190} INFO - [2024-09-03T15:53:17.234+0000] {dagbag.py:587} INFO - Filling up the DagBag from /home/airflow/.local/lib/python3.12/site-packages/airflow/example_dags/example_subdag_operator.py
[2024-09-03T15:53:17.251+0000] {processor.py:925} INFO - DAG(s) 'example_subdag_operator.section-1', 'example_subdag_operator.section-2', 'example_subdag_operator' retrieved from /home/airflow/.local/lib/python3.12/site-packages/airflow/example_dags/example_subdag_operator.py
[2024-09-03T15:53:17.259+0000] {logging_mixin.py:190} INFO - [2024-09-03T15:53:17.259+0000] {dag.py:3211} INFO - Sync 3 DAGs
[2024-09-03T15:53:17.276+0000] {logging_mixin.py:190} INFO - [2024-09-03T15:53:17.276+0000] {dag.py:4138} INFO - Setting next_dagrun for example_subdag_operator to 2022-01-01 00:00:00+00:00, run_after=2022-01-01 00:00:00+00:00
[2024-09-03T15:53:17.279+0000] {logging_mixin.py:190} INFO - [2024-09-03T15:53:17.278+0000] {dag.py:4138} INFO - Setting next_dagrun for example_subdag_operator.section-1 to None, run_after=None
[2024-09-03T15:53:17.280+0000] {logging_mixin.py:190} INFO - [2024-09-03T15:53:17.280+0000] {dag.py:4138} INFO - Setting next_dagrun for example_subdag_operator.section-2 to None, run_after=None
[2024-09-03T15:53:17.287+0000] {logging_mixin.py:190} INFO - [2024-09-03T15:53:17.287+0000] {dag.py:3211} INFO - Sync 2 DAGs
[2024-09-03T15:53:17.290+0000] {logging_mixin.py:190} INFO - [2024-09-03T15:53:17.290+0000] {dag.py:4138} INFO - Setting next_dagrun for example_subdag_operator.section-1 to None, run_after=None
[2024-09-03T15:53:17.291+0000] {logging_mixin.py:190} INFO - [2024-09-03T15:53:17.291+0000] {dag.py:4138} INFO - Setting next_dagrun for example_subdag_operator.section-2 to None, run_after=None
[2024-09-03T15:53:17.301+0000] {processor.py:208} INFO - Processing /home/airflow/.local/lib/python3.12/site-packages/airflow/example_dags/example_subdag_operator.py took 0.073 seconds
[2024-09-03T15:53:47.330+0000] {processor.py:186} INFO - Started process (PID=689) to work on /home/airflow/.local/lib/python3.12/site-packages/airflow/example_dags/example_subdag_operator.py
[2024-09-03T15:53:47.332+0000] {processor.py:914} INFO - Processing file /home/airflow/.local/lib/python3.12/site-packages/airflow/example_dags/example_subdag_operator.py for tasks to queue
[2024-09-03T15:53:47.334+0000] {logging_mixin.py:190} INFO - [2024-09-03T15:53:47.333+0000] {dagbag.py:587} INFO - Filling up the DagBag from /home/airflow/.local/lib/python3.12/site-packages/airflow/example_dags/example_subdag_operator.py
[2024-09-03T15:53:47.351+0000] {processor.py:925} INFO - DAG(s) 'example_subdag_operator.section-1', 'example_subdag_operator.section-2', 'example_subdag_operator' retrieved from /home/airflow/.local/lib/python3.12/site-packages/airflow/example_dags/example_subdag_operator.py
[2024-09-03T15:53:47.359+0000] {logging_mixin.py:190} INFO - [2024-09-03T15:53:47.359+0000] {dag.py:3211} INFO - Sync 3 DAGs
[2024-09-03T15:53:47.372+0000] {logging_mixin.py:190} INFO - [2024-09-03T15:53:47.372+0000] {dag.py:4138} INFO - Setting next_dagrun for example_subdag_operator to 2022-01-01 00:00:00+00:00, run_after=2022-01-01 00:00:00+00:00
[2024-09-03T15:53:47.374+0000] {logging_mixin.py:190} INFO - [2024-09-03T15:53:47.374+0000] {dag.py:4138} INFO - Setting next_dagrun for example_subdag_operator.section-1 to None, run_after=None
[2024-09-03T15:53:47.374+0000] {logging_mixin.py:190} INFO - [2024-09-03T15:53:47.374+0000] {dag.py:4138} INFO - Setting next_dagrun for example_subdag_operator.section-2 to None, run_after=None
[2024-09-03T15:53:47.378+0000] {logging_mixin.py:190} INFO - [2024-09-03T15:53:47.378+0000] {dag.py:3211} INFO - Sync 2 DAGs
[2024-09-03T15:53:47.381+0000] {logging_mixin.py:190} INFO - [2024-09-03T15:53:47.381+0000] {dag.py:4138} INFO - Setting next_dagrun for example_subdag_operator.section-1 to None, run_after=None
[2024-09-03T15:53:47.381+0000] {logging_mixin.py:190} INFO - [2024-09-03T15:53:47.381+0000] {dag.py:4138} INFO - Setting next_dagrun for example_subdag_operator.section-2 to None, run_after=None
[2024-09-03T15:53:47.386+0000] {processor.py:208} INFO - Processing /home/airflow/.local/lib/python3.12/site-packages/airflow/example_dags/example_subdag_operator.py took 0.060 seconds
[2024-09-03T15:54:17.604+0000] {processor.py:186} INFO - Started process (PID=751) to work on /home/airflow/.local/lib/python3.12/site-packages/airflow/example_dags/example_subdag_operator.py
[2024-09-03T15:54:17.606+0000] {processor.py:914} INFO - Processing file /home/airflow/.local/lib/python3.12/site-packages/airflow/example_dags/example_subdag_operator.py for tasks to queue
[2024-09-03T15:54:17.607+0000] {logging_mixin.py:190} INFO - [2024-09-03T15:54:17.607+0000] {dagbag.py:587} INFO - Filling up the DagBag from /home/airflow/.local/lib/python3.12/site-packages/airflow/example_dags/example_subdag_operator.py
[2024-09-03T15:54:17.626+0000] {processor.py:925} INFO - DAG(s) 'example_subdag_operator.section-1', 'example_subdag_operator.section-2', 'example_subdag_operator' retrieved from /home/airflow/.local/lib/python3.12/site-packages/airflow/example_dags/example_subdag_operator.py
[2024-09-03T15:54:17.635+0000] {logging_mixin.py:190} INFO - [2024-09-03T15:54:17.634+0000] {dag.py:3211} INFO - Sync 3 DAGs
[2024-09-03T15:54:17.649+0000] {logging_mixin.py:190} INFO - [2024-09-03T15:54:17.649+0000] {dag.py:4138} INFO - Setting next_dagrun for example_subdag_operator to 2022-01-01 00:00:00+00:00, run_after=2022-01-01 00:00:00+00:00
[2024-09-03T15:54:17.651+0000] {logging_mixin.py:190} INFO - [2024-09-03T15:54:17.651+0000] {dag.py:4138} INFO - Setting next_dagrun for example_subdag_operator.section-1 to None, run_after=None
[2024-09-03T15:54:17.651+0000] {logging_mixin.py:190} INFO - [2024-09-03T15:54:17.651+0000] {dag.py:4138} INFO - Setting next_dagrun for example_subdag_operator.section-2 to None, run_after=None
[2024-09-03T15:54:17.655+0000] {logging_mixin.py:190} INFO - [2024-09-03T15:54:17.655+0000] {dag.py:3211} INFO - Sync 2 DAGs
[2024-09-03T15:54:17.658+0000] {logging_mixin.py:190} INFO - [2024-09-03T15:54:17.657+0000] {dag.py:4138} INFO - Setting next_dagrun for example_subdag_operator.section-1 to None, run_after=None
[2024-09-03T15:54:17.658+0000] {logging_mixin.py:190} INFO - [2024-09-03T15:54:17.658+0000] {dag.py:4138} INFO - Setting next_dagrun for example_subdag_operator.section-2 to None, run_after=None
[2024-09-03T15:54:17.663+0000] {processor.py:208} INFO - Processing /home/airflow/.local/lib/python3.12/site-packages/airflow/example_dags/example_subdag_operator.py took 0.063 seconds
[2024-09-03T15:54:48.050+0000] {processor.py:186} INFO - Started process (PID=812) to work on /home/airflow/.local/lib/python3.12/site-packages/airflow/example_dags/example_subdag_operator.py
[2024-09-03T15:54:48.052+0000] {processor.py:914} INFO - Processing file /home/airflow/.local/lib/python3.12/site-packages/airflow/example_dags/example_subdag_operator.py for tasks to queue
[2024-09-03T15:54:48.054+0000] {logging_mixin.py:190} INFO - [2024-09-03T15:54:48.054+0000] {dagbag.py:587} INFO - Filling up the DagBag from /home/airflow/.local/lib/python3.12/site-packages/airflow/example_dags/example_subdag_operator.py
[2024-09-03T15:54:48.072+0000] {processor.py:925} INFO - DAG(s) 'example_subdag_operator.section-1', 'example_subdag_operator.section-2', 'example_subdag_operator' retrieved from /home/airflow/.local/lib/python3.12/site-packages/airflow/example_dags/example_subdag_operator.py
[2024-09-03T15:54:48.082+0000] {logging_mixin.py:190} INFO - [2024-09-03T15:54:48.081+0000] {dag.py:3211} INFO - Sync 3 DAGs
[2024-09-03T15:54:48.096+0000] {logging_mixin.py:190} INFO - [2024-09-03T15:54:48.096+0000] {dag.py:4138} INFO - Setting next_dagrun for example_subdag_operator to 2022-01-01 00:00:00+00:00, run_after=2022-01-01 00:00:00+00:00
[2024-09-03T15:54:48.098+0000] {logging_mixin.py:190} INFO - [2024-09-03T15:54:48.098+0000] {dag.py:4138} INFO - Setting next_dagrun for example_subdag_operator.section-1 to None, run_after=None
[2024-09-03T15:54:48.099+0000] {logging_mixin.py:190} INFO - [2024-09-03T15:54:48.099+0000] {dag.py:4138} INFO - Setting next_dagrun for example_subdag_operator.section-2 to None, run_after=None
[2024-09-03T15:54:48.105+0000] {logging_mixin.py:190} INFO - [2024-09-03T15:54:48.104+0000] {dag.py:3211} INFO - Sync 2 DAGs
[2024-09-03T15:54:48.108+0000] {logging_mixin.py:190} INFO - [2024-09-03T15:54:48.108+0000] {dag.py:4138} INFO - Setting next_dagrun for example_subdag_operator.section-1 to None, run_after=None
[2024-09-03T15:54:48.109+0000] {logging_mixin.py:190} INFO - [2024-09-03T15:54:48.109+0000] {dag.py:4138} INFO - Setting next_dagrun for example_subdag_operator.section-2 to None, run_after=None
[2024-09-03T15:54:48.116+0000] {processor.py:208} INFO - Processing /home/airflow/.local/lib/python3.12/site-packages/airflow/example_dags/example_subdag_operator.py took 0.069 seconds
