[2024-09-03T15:48:37.363+0000] {processor.py:186} INFO - Started process (PID=38) to work on /home/airflow/.local/lib/python3.12/site-packages/airflow/example_dags/example_latest_only_with_trigger.py
[2024-09-03T15:48:37.363+0000] {processor.py:914} INFO - Processing file /home/airflow/.local/lib/python3.12/site-packages/airflow/example_dags/example_latest_only_with_trigger.py for tasks to queue
[2024-09-03T15:48:37.365+0000] {logging_mixin.py:190} INFO - [2024-09-03T15:48:37.365+0000] {dagbag.py:587} INFO - Filling up the DagBag from /home/airflow/.local/lib/python3.12/site-packages/airflow/example_dags/example_latest_only_with_trigger.py
[2024-09-03T15:48:37.372+0000] {processor.py:925} INFO - DAG(s) 'latest_only_with_trigger' retrieved from /home/airflow/.local/lib/python3.12/site-packages/airflow/example_dags/example_latest_only_with_trigger.py
[2024-09-03T15:48:37.436+0000] {logging_mixin.py:190} INFO - [2024-09-03T15:48:37.436+0000] {override.py:1858} INFO - Created Permission View: can edit on DAG:latest_only_with_trigger
[2024-09-03T15:48:37.448+0000] {logging_mixin.py:190} INFO - [2024-09-03T15:48:37.447+0000] {override.py:1858} INFO - Created Permission View: can read on DAG:latest_only_with_trigger
[2024-09-03T15:48:37.459+0000] {logging_mixin.py:190} INFO - [2024-09-03T15:48:37.459+0000] {override.py:1858} INFO - Created Permission View: can delete on DAG:latest_only_with_trigger
[2024-09-03T15:48:37.460+0000] {logging_mixin.py:190} INFO - [2024-09-03T15:48:37.460+0000] {dag.py:3211} INFO - Sync 1 DAGs
[2024-09-03T15:48:37.472+0000] {logging_mixin.py:190} INFO - [2024-09-03T15:48:37.471+0000] {dag.py:3234} INFO - Creating ORM DAG for latest_only_with_trigger
[2024-09-03T15:48:37.483+0000] {logging_mixin.py:190} INFO - [2024-09-03T15:48:37.483+0000] {dag.py:4138} INFO - Setting next_dagrun for latest_only_with_trigger to 2024-09-03 08:00:00+00:00, run_after=2024-09-03 12:00:00+00:00
[2024-09-03T15:48:37.491+0000] {processor.py:208} INFO - Processing /home/airflow/.local/lib/python3.12/site-packages/airflow/example_dags/example_latest_only_with_trigger.py took 0.133 seconds
[2024-09-03T15:49:08.334+0000] {processor.py:186} INFO - Started process (PID=100) to work on /home/airflow/.local/lib/python3.12/site-packages/airflow/example_dags/example_latest_only_with_trigger.py
[2024-09-03T15:49:08.335+0000] {processor.py:914} INFO - Processing file /home/airflow/.local/lib/python3.12/site-packages/airflow/example_dags/example_latest_only_with_trigger.py for tasks to queue
[2024-09-03T15:49:08.337+0000] {logging_mixin.py:190} INFO - [2024-09-03T15:49:08.337+0000] {dagbag.py:587} INFO - Filling up the DagBag from /home/airflow/.local/lib/python3.12/site-packages/airflow/example_dags/example_latest_only_with_trigger.py
[2024-09-03T15:49:08.341+0000] {processor.py:925} INFO - DAG(s) 'latest_only_with_trigger' retrieved from /home/airflow/.local/lib/python3.12/site-packages/airflow/example_dags/example_latest_only_with_trigger.py
[2024-09-03T15:49:08.356+0000] {logging_mixin.py:190} INFO - [2024-09-03T15:49:08.356+0000] {dag.py:3211} INFO - Sync 1 DAGs
[2024-09-03T15:49:08.368+0000] {logging_mixin.py:190} INFO - [2024-09-03T15:49:08.368+0000] {dag.py:4138} INFO - Setting next_dagrun for latest_only_with_trigger to 2024-09-03 08:00:00+00:00, run_after=2024-09-03 12:00:00+00:00
[2024-09-03T15:49:08.376+0000] {processor.py:208} INFO - Processing /home/airflow/.local/lib/python3.12/site-packages/airflow/example_dags/example_latest_only_with_trigger.py took 0.045 seconds
[2024-09-03T15:49:39.130+0000] {processor.py:186} INFO - Started process (PID=163) to work on /home/airflow/.local/lib/python3.12/site-packages/airflow/example_dags/example_latest_only_with_trigger.py
[2024-09-03T15:49:39.131+0000] {processor.py:914} INFO - Processing file /home/airflow/.local/lib/python3.12/site-packages/airflow/example_dags/example_latest_only_with_trigger.py for tasks to queue
[2024-09-03T15:49:39.132+0000] {logging_mixin.py:190} INFO - [2024-09-03T15:49:39.132+0000] {dagbag.py:587} INFO - Filling up the DagBag from /home/airflow/.local/lib/python3.12/site-packages/airflow/example_dags/example_latest_only_with_trigger.py
[2024-09-03T15:49:39.137+0000] {processor.py:925} INFO - DAG(s) 'latest_only_with_trigger' retrieved from /home/airflow/.local/lib/python3.12/site-packages/airflow/example_dags/example_latest_only_with_trigger.py
[2024-09-03T15:49:39.152+0000] {logging_mixin.py:190} INFO - [2024-09-03T15:49:39.152+0000] {dag.py:3211} INFO - Sync 1 DAGs
[2024-09-03T15:49:39.165+0000] {logging_mixin.py:190} INFO - [2024-09-03T15:49:39.165+0000] {dag.py:4138} INFO - Setting next_dagrun for latest_only_with_trigger to 2024-09-03 08:00:00+00:00, run_after=2024-09-03 12:00:00+00:00
[2024-09-03T15:49:39.173+0000] {processor.py:208} INFO - Processing /home/airflow/.local/lib/python3.12/site-packages/airflow/example_dags/example_latest_only_with_trigger.py took 0.048 seconds
[2024-09-03T15:50:10.090+0000] {processor.py:186} INFO - Started process (PID=225) to work on /home/airflow/.local/lib/python3.12/site-packages/airflow/example_dags/example_latest_only_with_trigger.py
[2024-09-03T15:50:10.091+0000] {processor.py:914} INFO - Processing file /home/airflow/.local/lib/python3.12/site-packages/airflow/example_dags/example_latest_only_with_trigger.py for tasks to queue
[2024-09-03T15:50:10.093+0000] {logging_mixin.py:190} INFO - [2024-09-03T15:50:10.093+0000] {dagbag.py:587} INFO - Filling up the DagBag from /home/airflow/.local/lib/python3.12/site-packages/airflow/example_dags/example_latest_only_with_trigger.py
[2024-09-03T15:50:10.098+0000] {processor.py:925} INFO - DAG(s) 'latest_only_with_trigger' retrieved from /home/airflow/.local/lib/python3.12/site-packages/airflow/example_dags/example_latest_only_with_trigger.py
[2024-09-03T15:50:10.113+0000] {logging_mixin.py:190} INFO - [2024-09-03T15:50:10.113+0000] {dag.py:3211} INFO - Sync 1 DAGs
[2024-09-03T15:50:10.125+0000] {logging_mixin.py:190} INFO - [2024-09-03T15:50:10.125+0000] {dag.py:4138} INFO - Setting next_dagrun for latest_only_with_trigger to 2024-09-03 08:00:00+00:00, run_after=2024-09-03 12:00:00+00:00
[2024-09-03T15:50:10.133+0000] {processor.py:208} INFO - Processing /home/airflow/.local/lib/python3.12/site-packages/airflow/example_dags/example_latest_only_with_trigger.py took 0.046 seconds
[2024-09-03T15:50:40.542+0000] {processor.py:186} INFO - Started process (PID=287) to work on /home/airflow/.local/lib/python3.12/site-packages/airflow/example_dags/example_latest_only_with_trigger.py
[2024-09-03T15:50:40.543+0000] {processor.py:914} INFO - Processing file /home/airflow/.local/lib/python3.12/site-packages/airflow/example_dags/example_latest_only_with_trigger.py for tasks to queue
[2024-09-03T15:50:40.544+0000] {logging_mixin.py:190} INFO - [2024-09-03T15:50:40.544+0000] {dagbag.py:587} INFO - Filling up the DagBag from /home/airflow/.local/lib/python3.12/site-packages/airflow/example_dags/example_latest_only_with_trigger.py
[2024-09-03T15:50:40.550+0000] {processor.py:925} INFO - DAG(s) 'latest_only_with_trigger' retrieved from /home/airflow/.local/lib/python3.12/site-packages/airflow/example_dags/example_latest_only_with_trigger.py
[2024-09-03T15:50:40.578+0000] {logging_mixin.py:190} INFO - [2024-09-03T15:50:40.578+0000] {dag.py:3211} INFO - Sync 1 DAGs
[2024-09-03T15:50:40.597+0000] {logging_mixin.py:190} INFO - [2024-09-03T15:50:40.597+0000] {dag.py:4138} INFO - Setting next_dagrun for latest_only_with_trigger to 2024-09-03 08:00:00+00:00, run_after=2024-09-03 12:00:00+00:00
[2024-09-03T15:50:40.609+0000] {processor.py:208} INFO - Processing /home/airflow/.local/lib/python3.12/site-packages/airflow/example_dags/example_latest_only_with_trigger.py took 0.071 seconds
[2024-09-03T15:51:11.525+0000] {processor.py:186} INFO - Started process (PID=350) to work on /home/airflow/.local/lib/python3.12/site-packages/airflow/example_dags/example_latest_only_with_trigger.py
[2024-09-03T15:51:11.526+0000] {processor.py:914} INFO - Processing file /home/airflow/.local/lib/python3.12/site-packages/airflow/example_dags/example_latest_only_with_trigger.py for tasks to queue
[2024-09-03T15:51:11.527+0000] {logging_mixin.py:190} INFO - [2024-09-03T15:51:11.527+0000] {dagbag.py:587} INFO - Filling up the DagBag from /home/airflow/.local/lib/python3.12/site-packages/airflow/example_dags/example_latest_only_with_trigger.py
[2024-09-03T15:51:11.532+0000] {processor.py:925} INFO - DAG(s) 'latest_only_with_trigger' retrieved from /home/airflow/.local/lib/python3.12/site-packages/airflow/example_dags/example_latest_only_with_trigger.py
[2024-09-03T15:51:11.552+0000] {logging_mixin.py:190} INFO - [2024-09-03T15:51:11.552+0000] {dag.py:3211} INFO - Sync 1 DAGs
[2024-09-03T15:51:11.567+0000] {logging_mixin.py:190} INFO - [2024-09-03T15:51:11.567+0000] {dag.py:4138} INFO - Setting next_dagrun for latest_only_with_trigger to 2024-09-03 08:00:00+00:00, run_after=2024-09-03 12:00:00+00:00
[2024-09-03T15:51:11.578+0000] {processor.py:208} INFO - Processing /home/airflow/.local/lib/python3.12/site-packages/airflow/example_dags/example_latest_only_with_trigger.py took 0.058 seconds
[2024-09-03T15:51:42.666+0000] {processor.py:186} INFO - Started process (PID=412) to work on /home/airflow/.local/lib/python3.12/site-packages/airflow/example_dags/example_latest_only_with_trigger.py
[2024-09-03T15:51:42.667+0000] {processor.py:914} INFO - Processing file /home/airflow/.local/lib/python3.12/site-packages/airflow/example_dags/example_latest_only_with_trigger.py for tasks to queue
[2024-09-03T15:51:42.669+0000] {logging_mixin.py:190} INFO - [2024-09-03T15:51:42.669+0000] {dagbag.py:587} INFO - Filling up the DagBag from /home/airflow/.local/lib/python3.12/site-packages/airflow/example_dags/example_latest_only_with_trigger.py
[2024-09-03T15:51:42.676+0000] {processor.py:925} INFO - DAG(s) 'latest_only_with_trigger' retrieved from /home/airflow/.local/lib/python3.12/site-packages/airflow/example_dags/example_latest_only_with_trigger.py
[2024-09-03T15:51:42.693+0000] {logging_mixin.py:190} INFO - [2024-09-03T15:51:42.693+0000] {dag.py:3211} INFO - Sync 1 DAGs
[2024-09-03T15:51:42.708+0000] {logging_mixin.py:190} INFO - [2024-09-03T15:51:42.708+0000] {dag.py:4138} INFO - Setting next_dagrun for latest_only_with_trigger to 2024-09-03 08:00:00+00:00, run_after=2024-09-03 12:00:00+00:00
[2024-09-03T15:51:42.718+0000] {processor.py:208} INFO - Processing /home/airflow/.local/lib/python3.12/site-packages/airflow/example_dags/example_latest_only_with_trigger.py took 0.057 seconds
[2024-09-03T15:52:12.861+0000] {processor.py:186} INFO - Started process (PID=474) to work on /home/airflow/.local/lib/python3.12/site-packages/airflow/example_dags/example_latest_only_with_trigger.py
[2024-09-03T15:52:12.862+0000] {processor.py:914} INFO - Processing file /home/airflow/.local/lib/python3.12/site-packages/airflow/example_dags/example_latest_only_with_trigger.py for tasks to queue
[2024-09-03T15:52:12.864+0000] {logging_mixin.py:190} INFO - [2024-09-03T15:52:12.863+0000] {dagbag.py:587} INFO - Filling up the DagBag from /home/airflow/.local/lib/python3.12/site-packages/airflow/example_dags/example_latest_only_with_trigger.py
[2024-09-03T15:52:12.868+0000] {processor.py:925} INFO - DAG(s) 'latest_only_with_trigger' retrieved from /home/airflow/.local/lib/python3.12/site-packages/airflow/example_dags/example_latest_only_with_trigger.py
[2024-09-03T15:52:12.883+0000] {logging_mixin.py:190} INFO - [2024-09-03T15:52:12.883+0000] {dag.py:3211} INFO - Sync 1 DAGs
[2024-09-03T15:52:12.895+0000] {logging_mixin.py:190} INFO - [2024-09-03T15:52:12.895+0000] {dag.py:4138} INFO - Setting next_dagrun for latest_only_with_trigger to 2024-09-03 08:00:00+00:00, run_after=2024-09-03 12:00:00+00:00
[2024-09-03T15:52:12.904+0000] {processor.py:208} INFO - Processing /home/airflow/.local/lib/python3.12/site-packages/airflow/example_dags/example_latest_only_with_trigger.py took 0.046 seconds
[2024-09-03T15:52:43.851+0000] {processor.py:186} INFO - Started process (PID=536) to work on /home/airflow/.local/lib/python3.12/site-packages/airflow/example_dags/example_latest_only_with_trigger.py
[2024-09-03T15:52:43.853+0000] {processor.py:914} INFO - Processing file /home/airflow/.local/lib/python3.12/site-packages/airflow/example_dags/example_latest_only_with_trigger.py for tasks to queue
[2024-09-03T15:52:43.854+0000] {logging_mixin.py:190} INFO - [2024-09-03T15:52:43.854+0000] {dagbag.py:587} INFO - Filling up the DagBag from /home/airflow/.local/lib/python3.12/site-packages/airflow/example_dags/example_latest_only_with_trigger.py
[2024-09-03T15:52:43.859+0000] {processor.py:925} INFO - DAG(s) 'latest_only_with_trigger' retrieved from /home/airflow/.local/lib/python3.12/site-packages/airflow/example_dags/example_latest_only_with_trigger.py
[2024-09-03T15:52:43.874+0000] {logging_mixin.py:190} INFO - [2024-09-03T15:52:43.874+0000] {dag.py:3211} INFO - Sync 1 DAGs
[2024-09-03T15:52:43.886+0000] {logging_mixin.py:190} INFO - [2024-09-03T15:52:43.885+0000] {dag.py:4138} INFO - Setting next_dagrun for latest_only_with_trigger to 2024-09-03 08:00:00+00:00, run_after=2024-09-03 12:00:00+00:00
[2024-09-03T15:52:43.895+0000] {processor.py:208} INFO - Processing /home/airflow/.local/lib/python3.12/site-packages/airflow/example_dags/example_latest_only_with_trigger.py took 0.048 seconds
[2024-09-03T15:53:14.817+0000] {processor.py:186} INFO - Started process (PID=597) to work on /home/airflow/.local/lib/python3.12/site-packages/airflow/example_dags/example_latest_only_with_trigger.py
[2024-09-03T15:53:14.819+0000] {processor.py:914} INFO - Processing file /home/airflow/.local/lib/python3.12/site-packages/airflow/example_dags/example_latest_only_with_trigger.py for tasks to queue
[2024-09-03T15:53:14.822+0000] {logging_mixin.py:190} INFO - [2024-09-03T15:53:14.821+0000] {dagbag.py:587} INFO - Filling up the DagBag from /home/airflow/.local/lib/python3.12/site-packages/airflow/example_dags/example_latest_only_with_trigger.py
[2024-09-03T15:53:14.828+0000] {processor.py:925} INFO - DAG(s) 'latest_only_with_trigger' retrieved from /home/airflow/.local/lib/python3.12/site-packages/airflow/example_dags/example_latest_only_with_trigger.py
[2024-09-03T15:53:14.845+0000] {logging_mixin.py:190} INFO - [2024-09-03T15:53:14.845+0000] {dag.py:3211} INFO - Sync 1 DAGs
[2024-09-03T15:53:14.859+0000] {logging_mixin.py:190} INFO - [2024-09-03T15:53:14.859+0000] {dag.py:4138} INFO - Setting next_dagrun for latest_only_with_trigger to 2024-09-03 08:00:00+00:00, run_after=2024-09-03 12:00:00+00:00
[2024-09-03T15:53:14.868+0000] {processor.py:208} INFO - Processing /home/airflow/.local/lib/python3.12/site-packages/airflow/example_dags/example_latest_only_with_trigger.py took 0.056 seconds
[2024-09-03T15:53:45.210+0000] {processor.py:186} INFO - Started process (PID=659) to work on /home/airflow/.local/lib/python3.12/site-packages/airflow/example_dags/example_latest_only_with_trigger.py
[2024-09-03T15:53:45.211+0000] {processor.py:914} INFO - Processing file /home/airflow/.local/lib/python3.12/site-packages/airflow/example_dags/example_latest_only_with_trigger.py for tasks to queue
[2024-09-03T15:53:45.213+0000] {logging_mixin.py:190} INFO - [2024-09-03T15:53:45.212+0000] {dagbag.py:587} INFO - Filling up the DagBag from /home/airflow/.local/lib/python3.12/site-packages/airflow/example_dags/example_latest_only_with_trigger.py
[2024-09-03T15:53:45.218+0000] {processor.py:925} INFO - DAG(s) 'latest_only_with_trigger' retrieved from /home/airflow/.local/lib/python3.12/site-packages/airflow/example_dags/example_latest_only_with_trigger.py
[2024-09-03T15:53:45.233+0000] {logging_mixin.py:190} INFO - [2024-09-03T15:53:45.233+0000] {dag.py:3211} INFO - Sync 1 DAGs
[2024-09-03T15:53:45.246+0000] {logging_mixin.py:190} INFO - [2024-09-03T15:53:45.246+0000] {dag.py:4138} INFO - Setting next_dagrun for latest_only_with_trigger to 2024-09-03 08:00:00+00:00, run_after=2024-09-03 12:00:00+00:00
[2024-09-03T15:53:45.254+0000] {processor.py:208} INFO - Processing /home/airflow/.local/lib/python3.12/site-packages/airflow/example_dags/example_latest_only_with_trigger.py took 0.048 seconds
[2024-09-03T15:54:16.302+0000] {processor.py:186} INFO - Started process (PID=721) to work on /home/airflow/.local/lib/python3.12/site-packages/airflow/example_dags/example_latest_only_with_trigger.py
[2024-09-03T15:54:16.303+0000] {processor.py:914} INFO - Processing file /home/airflow/.local/lib/python3.12/site-packages/airflow/example_dags/example_latest_only_with_trigger.py for tasks to queue
[2024-09-03T15:54:16.305+0000] {logging_mixin.py:190} INFO - [2024-09-03T15:54:16.305+0000] {dagbag.py:587} INFO - Filling up the DagBag from /home/airflow/.local/lib/python3.12/site-packages/airflow/example_dags/example_latest_only_with_trigger.py
[2024-09-03T15:54:16.310+0000] {processor.py:925} INFO - DAG(s) 'latest_only_with_trigger' retrieved from /home/airflow/.local/lib/python3.12/site-packages/airflow/example_dags/example_latest_only_with_trigger.py
[2024-09-03T15:54:16.327+0000] {logging_mixin.py:190} INFO - [2024-09-03T15:54:16.327+0000] {dag.py:3211} INFO - Sync 1 DAGs
[2024-09-03T15:54:16.342+0000] {logging_mixin.py:190} INFO - [2024-09-03T15:54:16.341+0000] {dag.py:4138} INFO - Setting next_dagrun for latest_only_with_trigger to 2024-09-03 08:00:00+00:00, run_after=2024-09-03 12:00:00+00:00
[2024-09-03T15:54:16.353+0000] {processor.py:208} INFO - Processing /home/airflow/.local/lib/python3.12/site-packages/airflow/example_dags/example_latest_only_with_trigger.py took 0.056 seconds
[2024-09-03T15:54:46.797+0000] {processor.py:186} INFO - Started process (PID=782) to work on /home/airflow/.local/lib/python3.12/site-packages/airflow/example_dags/example_latest_only_with_trigger.py
[2024-09-03T15:54:46.798+0000] {processor.py:914} INFO - Processing file /home/airflow/.local/lib/python3.12/site-packages/airflow/example_dags/example_latest_only_with_trigger.py for tasks to queue
[2024-09-03T15:54:46.799+0000] {logging_mixin.py:190} INFO - [2024-09-03T15:54:46.799+0000] {dagbag.py:587} INFO - Filling up the DagBag from /home/airflow/.local/lib/python3.12/site-packages/airflow/example_dags/example_latest_only_with_trigger.py
[2024-09-03T15:54:46.804+0000] {processor.py:925} INFO - DAG(s) 'latest_only_with_trigger' retrieved from /home/airflow/.local/lib/python3.12/site-packages/airflow/example_dags/example_latest_only_with_trigger.py
[2024-09-03T15:54:46.818+0000] {logging_mixin.py:190} INFO - [2024-09-03T15:54:46.818+0000] {dag.py:3211} INFO - Sync 1 DAGs
[2024-09-03T15:54:46.832+0000] {logging_mixin.py:190} INFO - [2024-09-03T15:54:46.832+0000] {dag.py:4138} INFO - Setting next_dagrun for latest_only_with_trigger to 2024-09-03 08:00:00+00:00, run_after=2024-09-03 12:00:00+00:00
[2024-09-03T15:54:46.842+0000] {processor.py:208} INFO - Processing /home/airflow/.local/lib/python3.12/site-packages/airflow/example_dags/example_latest_only_with_trigger.py took 0.050 seconds
