[2024-09-03T15:48:38.522+0000] {processor.py:186} INFO - Started process (PID=52) to work on /home/airflow/.local/lib/python3.12/site-packages/airflow/example_dags/example_branch_python_dop_operator_3.py
[2024-09-03T15:48:38.524+0000] {processor.py:914} INFO - Processing file /home/airflow/.local/lib/python3.12/site-packages/airflow/example_dags/example_branch_python_dop_operator_3.py for tasks to queue
[2024-09-03T15:48:38.527+0000] {logging_mixin.py:190} INFO - [2024-09-03T15:48:38.527+0000] {dagbag.py:587} INFO - Filling up the DagBag from /home/airflow/.local/lib/python3.12/site-packages/airflow/example_dags/example_branch_python_dop_operator_3.py
[2024-09-03T15:48:38.539+0000] {processor.py:925} INFO - DAG(s) 'example_branch_dop_operator_v3' retrieved from /home/airflow/.local/lib/python3.12/site-packages/airflow/example_dags/example_branch_python_dop_operator_3.py
[2024-09-03T15:48:38.659+0000] {logging_mixin.py:190} INFO - [2024-09-03T15:48:38.658+0000] {override.py:1858} INFO - Created Permission View: can edit on DAG:example_branch_dop_operator_v3
[2024-09-03T15:48:38.664+0000] {logging_mixin.py:190} INFO - [2024-09-03T15:48:38.664+0000] {override.py:1858} INFO - Created Permission View: can read on DAG:example_branch_dop_operator_v3
[2024-09-03T15:48:38.667+0000] {logging_mixin.py:190} INFO - [2024-09-03T15:48:38.667+0000] {override.py:1858} INFO - Created Permission View: can delete on DAG:example_branch_dop_operator_v3
[2024-09-03T15:48:38.667+0000] {logging_mixin.py:190} INFO - [2024-09-03T15:48:38.667+0000] {dag.py:3211} INFO - Sync 1 DAGs
[2024-09-03T15:48:38.675+0000] {logging_mixin.py:190} INFO - [2024-09-03T15:48:38.675+0000] {dag.py:3234} INFO - Creating ORM DAG for example_branch_dop_operator_v3
[2024-09-03T15:48:38.685+0000] {logging_mixin.py:190} INFO - [2024-09-03T15:48:38.685+0000] {dag.py:4138} INFO - Setting next_dagrun for example_branch_dop_operator_v3 to 2024-09-03 15:47:00+00:00, run_after=2024-09-03 15:48:00+00:00
[2024-09-03T15:48:38.695+0000] {processor.py:208} INFO - Processing /home/airflow/.local/lib/python3.12/site-packages/airflow/example_dags/example_branch_python_dop_operator_3.py took 0.183 seconds
[2024-09-03T15:49:08.768+0000] {processor.py:186} INFO - Started process (PID=113) to work on /home/airflow/.local/lib/python3.12/site-packages/airflow/example_dags/example_branch_python_dop_operator_3.py
[2024-09-03T15:49:08.769+0000] {processor.py:914} INFO - Processing file /home/airflow/.local/lib/python3.12/site-packages/airflow/example_dags/example_branch_python_dop_operator_3.py for tasks to queue
[2024-09-03T15:49:08.770+0000] {logging_mixin.py:190} INFO - [2024-09-03T15:49:08.770+0000] {dagbag.py:587} INFO - Filling up the DagBag from /home/airflow/.local/lib/python3.12/site-packages/airflow/example_dags/example_branch_python_dop_operator_3.py
[2024-09-03T15:49:08.777+0000] {processor.py:925} INFO - DAG(s) 'example_branch_dop_operator_v3' retrieved from /home/airflow/.local/lib/python3.12/site-packages/airflow/example_dags/example_branch_python_dop_operator_3.py
[2024-09-03T15:49:08.791+0000] {logging_mixin.py:190} INFO - [2024-09-03T15:49:08.791+0000] {dag.py:3211} INFO - Sync 1 DAGs
[2024-09-03T15:49:08.803+0000] {logging_mixin.py:190} INFO - [2024-09-03T15:49:08.803+0000] {dag.py:4138} INFO - Setting next_dagrun for example_branch_dop_operator_v3 to 2024-09-03 15:48:00+00:00, run_after=2024-09-03 15:49:00+00:00
[2024-09-03T15:49:08.811+0000] {processor.py:208} INFO - Processing /home/airflow/.local/lib/python3.12/site-packages/airflow/example_dags/example_branch_python_dop_operator_3.py took 0.047 seconds
[2024-09-03T15:49:39.630+0000] {processor.py:186} INFO - Started process (PID=176) to work on /home/airflow/.local/lib/python3.12/site-packages/airflow/example_dags/example_branch_python_dop_operator_3.py
[2024-09-03T15:49:39.631+0000] {processor.py:914} INFO - Processing file /home/airflow/.local/lib/python3.12/site-packages/airflow/example_dags/example_branch_python_dop_operator_3.py for tasks to queue
[2024-09-03T15:49:39.633+0000] {logging_mixin.py:190} INFO - [2024-09-03T15:49:39.632+0000] {dagbag.py:587} INFO - Filling up the DagBag from /home/airflow/.local/lib/python3.12/site-packages/airflow/example_dags/example_branch_python_dop_operator_3.py
[2024-09-03T15:49:39.638+0000] {processor.py:925} INFO - DAG(s) 'example_branch_dop_operator_v3' retrieved from /home/airflow/.local/lib/python3.12/site-packages/airflow/example_dags/example_branch_python_dop_operator_3.py
[2024-09-03T15:49:39.651+0000] {logging_mixin.py:190} INFO - [2024-09-03T15:49:39.651+0000] {dag.py:3211} INFO - Sync 1 DAGs
[2024-09-03T15:49:39.663+0000] {logging_mixin.py:190} INFO - [2024-09-03T15:49:39.663+0000] {dag.py:4138} INFO - Setting next_dagrun for example_branch_dop_operator_v3 to 2024-09-03 15:48:00+00:00, run_after=2024-09-03 15:49:00+00:00
[2024-09-03T15:49:39.671+0000] {processor.py:208} INFO - Processing /home/airflow/.local/lib/python3.12/site-packages/airflow/example_dags/example_branch_python_dop_operator_3.py took 0.044 seconds
[2024-09-03T15:50:10.604+0000] {processor.py:186} INFO - Started process (PID=238) to work on /home/airflow/.local/lib/python3.12/site-packages/airflow/example_dags/example_branch_python_dop_operator_3.py
[2024-09-03T15:50:10.605+0000] {processor.py:914} INFO - Processing file /home/airflow/.local/lib/python3.12/site-packages/airflow/example_dags/example_branch_python_dop_operator_3.py for tasks to queue
[2024-09-03T15:50:10.606+0000] {logging_mixin.py:190} INFO - [2024-09-03T15:50:10.606+0000] {dagbag.py:587} INFO - Filling up the DagBag from /home/airflow/.local/lib/python3.12/site-packages/airflow/example_dags/example_branch_python_dop_operator_3.py
[2024-09-03T15:50:10.612+0000] {processor.py:925} INFO - DAG(s) 'example_branch_dop_operator_v3' retrieved from /home/airflow/.local/lib/python3.12/site-packages/airflow/example_dags/example_branch_python_dop_operator_3.py
[2024-09-03T15:50:10.631+0000] {logging_mixin.py:190} INFO - [2024-09-03T15:50:10.630+0000] {dag.py:3211} INFO - Sync 1 DAGs
[2024-09-03T15:50:10.645+0000] {logging_mixin.py:190} INFO - [2024-09-03T15:50:10.645+0000] {dag.py:4138} INFO - Setting next_dagrun for example_branch_dop_operator_v3 to 2024-09-03 15:49:00+00:00, run_after=2024-09-03 15:50:00+00:00
[2024-09-03T15:50:10.654+0000] {processor.py:208} INFO - Processing /home/airflow/.local/lib/python3.12/site-packages/airflow/example_dags/example_branch_python_dop_operator_3.py took 0.054 seconds
[2024-09-03T15:50:41.033+0000] {processor.py:186} INFO - Started process (PID=300) to work on /home/airflow/.local/lib/python3.12/site-packages/airflow/example_dags/example_branch_python_dop_operator_3.py
[2024-09-03T15:50:41.034+0000] {processor.py:914} INFO - Processing file /home/airflow/.local/lib/python3.12/site-packages/airflow/example_dags/example_branch_python_dop_operator_3.py for tasks to queue
[2024-09-03T15:50:41.035+0000] {logging_mixin.py:190} INFO - [2024-09-03T15:50:41.035+0000] {dagbag.py:587} INFO - Filling up the DagBag from /home/airflow/.local/lib/python3.12/site-packages/airflow/example_dags/example_branch_python_dop_operator_3.py
[2024-09-03T15:50:41.041+0000] {processor.py:925} INFO - DAG(s) 'example_branch_dop_operator_v3' retrieved from /home/airflow/.local/lib/python3.12/site-packages/airflow/example_dags/example_branch_python_dop_operator_3.py
[2024-09-03T15:50:41.055+0000] {logging_mixin.py:190} INFO - [2024-09-03T15:50:41.055+0000] {dag.py:3211} INFO - Sync 1 DAGs
[2024-09-03T15:50:41.068+0000] {logging_mixin.py:190} INFO - [2024-09-03T15:50:41.067+0000] {dag.py:4138} INFO - Setting next_dagrun for example_branch_dop_operator_v3 to 2024-09-03 15:49:00+00:00, run_after=2024-09-03 15:50:00+00:00
[2024-09-03T15:50:41.076+0000] {processor.py:208} INFO - Processing /home/airflow/.local/lib/python3.12/site-packages/airflow/example_dags/example_branch_python_dop_operator_3.py took 0.047 seconds
[2024-09-03T15:51:11.978+0000] {processor.py:186} INFO - Started process (PID=363) to work on /home/airflow/.local/lib/python3.12/site-packages/airflow/example_dags/example_branch_python_dop_operator_3.py
[2024-09-03T15:51:11.979+0000] {processor.py:914} INFO - Processing file /home/airflow/.local/lib/python3.12/site-packages/airflow/example_dags/example_branch_python_dop_operator_3.py for tasks to queue
[2024-09-03T15:51:11.980+0000] {logging_mixin.py:190} INFO - [2024-09-03T15:51:11.980+0000] {dagbag.py:587} INFO - Filling up the DagBag from /home/airflow/.local/lib/python3.12/site-packages/airflow/example_dags/example_branch_python_dop_operator_3.py
[2024-09-03T15:51:11.986+0000] {processor.py:925} INFO - DAG(s) 'example_branch_dop_operator_v3' retrieved from /home/airflow/.local/lib/python3.12/site-packages/airflow/example_dags/example_branch_python_dop_operator_3.py
[2024-09-03T15:51:11.999+0000] {logging_mixin.py:190} INFO - [2024-09-03T15:51:11.999+0000] {dag.py:3211} INFO - Sync 1 DAGs
[2024-09-03T15:51:12.011+0000] {logging_mixin.py:190} INFO - [2024-09-03T15:51:12.011+0000] {dag.py:4138} INFO - Setting next_dagrun for example_branch_dop_operator_v3 to 2024-09-03 15:50:00+00:00, run_after=2024-09-03 15:51:00+00:00
[2024-09-03T15:51:12.019+0000] {processor.py:208} INFO - Processing /home/airflow/.local/lib/python3.12/site-packages/airflow/example_dags/example_branch_python_dop_operator_3.py took 0.045 seconds
[2024-09-03T15:51:43.116+0000] {processor.py:186} INFO - Started process (PID=425) to work on /home/airflow/.local/lib/python3.12/site-packages/airflow/example_dags/example_branch_python_dop_operator_3.py
[2024-09-03T15:51:43.117+0000] {processor.py:914} INFO - Processing file /home/airflow/.local/lib/python3.12/site-packages/airflow/example_dags/example_branch_python_dop_operator_3.py for tasks to queue
[2024-09-03T15:51:43.119+0000] {logging_mixin.py:190} INFO - [2024-09-03T15:51:43.119+0000] {dagbag.py:587} INFO - Filling up the DagBag from /home/airflow/.local/lib/python3.12/site-packages/airflow/example_dags/example_branch_python_dop_operator_3.py
[2024-09-03T15:51:43.125+0000] {processor.py:925} INFO - DAG(s) 'example_branch_dop_operator_v3' retrieved from /home/airflow/.local/lib/python3.12/site-packages/airflow/example_dags/example_branch_python_dop_operator_3.py
[2024-09-03T15:51:43.139+0000] {logging_mixin.py:190} INFO - [2024-09-03T15:51:43.139+0000] {dag.py:3211} INFO - Sync 1 DAGs
[2024-09-03T15:51:43.153+0000] {logging_mixin.py:190} INFO - [2024-09-03T15:51:43.153+0000] {dag.py:4138} INFO - Setting next_dagrun for example_branch_dop_operator_v3 to 2024-09-03 15:50:00+00:00, run_after=2024-09-03 15:51:00+00:00
[2024-09-03T15:51:43.162+0000] {processor.py:208} INFO - Processing /home/airflow/.local/lib/python3.12/site-packages/airflow/example_dags/example_branch_python_dop_operator_3.py took 0.049 seconds
[2024-09-03T15:52:13.342+0000] {processor.py:186} INFO - Started process (PID=487) to work on /home/airflow/.local/lib/python3.12/site-packages/airflow/example_dags/example_branch_python_dop_operator_3.py
[2024-09-03T15:52:13.344+0000] {processor.py:914} INFO - Processing file /home/airflow/.local/lib/python3.12/site-packages/airflow/example_dags/example_branch_python_dop_operator_3.py for tasks to queue
[2024-09-03T15:52:13.345+0000] {logging_mixin.py:190} INFO - [2024-09-03T15:52:13.345+0000] {dagbag.py:587} INFO - Filling up the DagBag from /home/airflow/.local/lib/python3.12/site-packages/airflow/example_dags/example_branch_python_dop_operator_3.py
[2024-09-03T15:52:13.351+0000] {processor.py:925} INFO - DAG(s) 'example_branch_dop_operator_v3' retrieved from /home/airflow/.local/lib/python3.12/site-packages/airflow/example_dags/example_branch_python_dop_operator_3.py
[2024-09-03T15:52:13.365+0000] {logging_mixin.py:190} INFO - [2024-09-03T15:52:13.364+0000] {dag.py:3211} INFO - Sync 1 DAGs
[2024-09-03T15:52:13.377+0000] {logging_mixin.py:190} INFO - [2024-09-03T15:52:13.377+0000] {dag.py:4138} INFO - Setting next_dagrun for example_branch_dop_operator_v3 to 2024-09-03 15:51:00+00:00, run_after=2024-09-03 15:52:00+00:00
[2024-09-03T15:52:13.385+0000] {processor.py:208} INFO - Processing /home/airflow/.local/lib/python3.12/site-packages/airflow/example_dags/example_branch_python_dop_operator_3.py took 0.047 seconds
[2024-09-03T15:52:44.292+0000] {processor.py:186} INFO - Started process (PID=549) to work on /home/airflow/.local/lib/python3.12/site-packages/airflow/example_dags/example_branch_python_dop_operator_3.py
[2024-09-03T15:52:44.293+0000] {processor.py:914} INFO - Processing file /home/airflow/.local/lib/python3.12/site-packages/airflow/example_dags/example_branch_python_dop_operator_3.py for tasks to queue
[2024-09-03T15:52:44.295+0000] {logging_mixin.py:190} INFO - [2024-09-03T15:52:44.294+0000] {dagbag.py:587} INFO - Filling up the DagBag from /home/airflow/.local/lib/python3.12/site-packages/airflow/example_dags/example_branch_python_dop_operator_3.py
[2024-09-03T15:52:44.302+0000] {processor.py:925} INFO - DAG(s) 'example_branch_dop_operator_v3' retrieved from /home/airflow/.local/lib/python3.12/site-packages/airflow/example_dags/example_branch_python_dop_operator_3.py
[2024-09-03T15:52:44.317+0000] {logging_mixin.py:190} INFO - [2024-09-03T15:52:44.317+0000] {dag.py:3211} INFO - Sync 1 DAGs
[2024-09-03T15:52:44.330+0000] {logging_mixin.py:190} INFO - [2024-09-03T15:52:44.330+0000] {dag.py:4138} INFO - Setting next_dagrun for example_branch_dop_operator_v3 to 2024-09-03 15:51:00+00:00, run_after=2024-09-03 15:52:00+00:00
[2024-09-03T15:52:44.339+0000] {processor.py:208} INFO - Processing /home/airflow/.local/lib/python3.12/site-packages/airflow/example_dags/example_branch_python_dop_operator_3.py took 0.051 seconds
[2024-09-03T15:53:15.314+0000] {processor.py:186} INFO - Started process (PID=610) to work on /home/airflow/.local/lib/python3.12/site-packages/airflow/example_dags/example_branch_python_dop_operator_3.py
[2024-09-03T15:53:15.314+0000] {processor.py:914} INFO - Processing file /home/airflow/.local/lib/python3.12/site-packages/airflow/example_dags/example_branch_python_dop_operator_3.py for tasks to queue
[2024-09-03T15:53:15.316+0000] {logging_mixin.py:190} INFO - [2024-09-03T15:53:15.316+0000] {dagbag.py:587} INFO - Filling up the DagBag from /home/airflow/.local/lib/python3.12/site-packages/airflow/example_dags/example_branch_python_dop_operator_3.py
[2024-09-03T15:53:15.324+0000] {processor.py:925} INFO - DAG(s) 'example_branch_dop_operator_v3' retrieved from /home/airflow/.local/lib/python3.12/site-packages/airflow/example_dags/example_branch_python_dop_operator_3.py
[2024-09-03T15:53:15.341+0000] {logging_mixin.py:190} INFO - [2024-09-03T15:53:15.341+0000] {dag.py:3211} INFO - Sync 1 DAGs
[2024-09-03T15:53:15.360+0000] {logging_mixin.py:190} INFO - [2024-09-03T15:53:15.359+0000] {dag.py:4138} INFO - Setting next_dagrun for example_branch_dop_operator_v3 to 2024-09-03 15:52:00+00:00, run_after=2024-09-03 15:53:00+00:00
[2024-09-03T15:53:15.373+0000] {processor.py:208} INFO - Processing /home/airflow/.local/lib/python3.12/site-packages/airflow/example_dags/example_branch_python_dop_operator_3.py took 0.063 seconds
[2024-09-03T15:53:46.196+0000] {processor.py:186} INFO - Started process (PID=672) to work on /home/airflow/.local/lib/python3.12/site-packages/airflow/example_dags/example_branch_python_dop_operator_3.py
[2024-09-03T15:53:46.201+0000] {processor.py:914} INFO - Processing file /home/airflow/.local/lib/python3.12/site-packages/airflow/example_dags/example_branch_python_dop_operator_3.py for tasks to queue
[2024-09-03T15:53:46.208+0000] {logging_mixin.py:190} INFO - [2024-09-03T15:53:46.207+0000] {dagbag.py:587} INFO - Filling up the DagBag from /home/airflow/.local/lib/python3.12/site-packages/airflow/example_dags/example_branch_python_dop_operator_3.py
[2024-09-03T15:53:46.276+0000] {processor.py:925} INFO - DAG(s) 'example_branch_dop_operator_v3' retrieved from /home/airflow/.local/lib/python3.12/site-packages/airflow/example_dags/example_branch_python_dop_operator_3.py
[2024-09-03T15:53:46.339+0000] {logging_mixin.py:190} INFO - [2024-09-03T15:53:46.339+0000] {dag.py:3211} INFO - Sync 1 DAGs
[2024-09-03T15:53:46.365+0000] {logging_mixin.py:190} INFO - [2024-09-03T15:53:46.365+0000] {dag.py:4138} INFO - Setting next_dagrun for example_branch_dop_operator_v3 to 2024-09-03 15:52:00+00:00, run_after=2024-09-03 15:53:00+00:00
[2024-09-03T15:53:46.387+0000] {processor.py:208} INFO - Processing /home/airflow/.local/lib/python3.12/site-packages/airflow/example_dags/example_branch_python_dop_operator_3.py took 0.225 seconds
[2024-09-03T15:54:16.860+0000] {processor.py:186} INFO - Started process (PID=734) to work on /home/airflow/.local/lib/python3.12/site-packages/airflow/example_dags/example_branch_python_dop_operator_3.py
[2024-09-03T15:54:16.861+0000] {processor.py:914} INFO - Processing file /home/airflow/.local/lib/python3.12/site-packages/airflow/example_dags/example_branch_python_dop_operator_3.py for tasks to queue
[2024-09-03T15:54:16.863+0000] {logging_mixin.py:190} INFO - [2024-09-03T15:54:16.863+0000] {dagbag.py:587} INFO - Filling up the DagBag from /home/airflow/.local/lib/python3.12/site-packages/airflow/example_dags/example_branch_python_dop_operator_3.py
[2024-09-03T15:54:16.869+0000] {processor.py:925} INFO - DAG(s) 'example_branch_dop_operator_v3' retrieved from /home/airflow/.local/lib/python3.12/site-packages/airflow/example_dags/example_branch_python_dop_operator_3.py
[2024-09-03T15:54:16.882+0000] {logging_mixin.py:190} INFO - [2024-09-03T15:54:16.882+0000] {dag.py:3211} INFO - Sync 1 DAGs
[2024-09-03T15:54:16.895+0000] {logging_mixin.py:190} INFO - [2024-09-03T15:54:16.895+0000] {dag.py:4138} INFO - Setting next_dagrun for example_branch_dop_operator_v3 to 2024-09-03 15:53:00+00:00, run_after=2024-09-03 15:54:00+00:00
[2024-09-03T15:54:16.903+0000] {processor.py:208} INFO - Processing /home/airflow/.local/lib/python3.12/site-packages/airflow/example_dags/example_branch_python_dop_operator_3.py took 0.047 seconds
[2024-09-03T15:54:47.277+0000] {processor.py:186} INFO - Started process (PID=795) to work on /home/airflow/.local/lib/python3.12/site-packages/airflow/example_dags/example_branch_python_dop_operator_3.py
[2024-09-03T15:54:47.279+0000] {processor.py:914} INFO - Processing file /home/airflow/.local/lib/python3.12/site-packages/airflow/example_dags/example_branch_python_dop_operator_3.py for tasks to queue
[2024-09-03T15:54:47.280+0000] {logging_mixin.py:190} INFO - [2024-09-03T15:54:47.280+0000] {dagbag.py:587} INFO - Filling up the DagBag from /home/airflow/.local/lib/python3.12/site-packages/airflow/example_dags/example_branch_python_dop_operator_3.py
[2024-09-03T15:54:47.287+0000] {processor.py:925} INFO - DAG(s) 'example_branch_dop_operator_v3' retrieved from /home/airflow/.local/lib/python3.12/site-packages/airflow/example_dags/example_branch_python_dop_operator_3.py
[2024-09-03T15:54:47.301+0000] {logging_mixin.py:190} INFO - [2024-09-03T15:54:47.301+0000] {dag.py:3211} INFO - Sync 1 DAGs
[2024-09-03T15:54:47.314+0000] {logging_mixin.py:190} INFO - [2024-09-03T15:54:47.314+0000] {dag.py:4138} INFO - Setting next_dagrun for example_branch_dop_operator_v3 to 2024-09-03 15:53:00+00:00, run_after=2024-09-03 15:54:00+00:00
[2024-09-03T15:54:47.322+0000] {processor.py:208} INFO - Processing /home/airflow/.local/lib/python3.12/site-packages/airflow/example_dags/example_branch_python_dop_operator_3.py took 0.049 seconds
