[2024-09-03T15:48:41.708+0000] {processor.py:186} INFO - Started process (PID=79) to work on /home/airflow/.local/lib/python3.12/site-packages/airflow/example_dags/example_sla_dag.py
[2024-09-03T15:48:41.709+0000] {processor.py:914} INFO - Processing file /home/airflow/.local/lib/python3.12/site-packages/airflow/example_dags/example_sla_dag.py for tasks to queue
[2024-09-03T15:48:41.711+0000] {logging_mixin.py:190} INFO - [2024-09-03T15:48:41.711+0000] {dagbag.py:587} INFO - Filling up the DagBag from /home/airflow/.local/lib/python3.12/site-packages/airflow/example_dags/example_sla_dag.py
[2024-09-03T15:48:41.720+0000] {processor.py:925} INFO - DAG(s) 'example_sla_dag' retrieved from /home/airflow/.local/lib/python3.12/site-packages/airflow/example_dags/example_sla_dag.py
[2024-09-03T15:48:41.808+0000] {logging_mixin.py:190} INFO - [2024-09-03T15:48:41.808+0000] {override.py:1858} INFO - Created Permission View: can edit on DAG:example_sla_dag
[2024-09-03T15:48:41.817+0000] {logging_mixin.py:190} INFO - [2024-09-03T15:48:41.816+0000] {override.py:1858} INFO - Created Permission View: can read on DAG:example_sla_dag
[2024-09-03T15:48:41.829+0000] {logging_mixin.py:190} INFO - [2024-09-03T15:48:41.828+0000] {override.py:1858} INFO - Created Permission View: can delete on DAG:example_sla_dag
[2024-09-03T15:48:41.829+0000] {logging_mixin.py:190} INFO - [2024-09-03T15:48:41.829+0000] {dag.py:3211} INFO - Sync 1 DAGs
[2024-09-03T15:48:41.839+0000] {logging_mixin.py:190} INFO - [2024-09-03T15:48:41.839+0000] {dag.py:3234} INFO - Creating ORM DAG for example_sla_dag
[2024-09-03T15:48:41.847+0000] {logging_mixin.py:190} INFO - [2024-09-03T15:48:41.847+0000] {dag.py:4138} INFO - Setting next_dagrun for example_sla_dag to 2024-09-03 15:46:00+00:00, run_after=2024-09-03 15:48:00+00:00
[2024-09-03T15:48:41.860+0000] {processor.py:208} INFO - Processing /home/airflow/.local/lib/python3.12/site-packages/airflow/example_dags/example_sla_dag.py took 0.156 seconds
[2024-09-03T15:49:11.938+0000] {processor.py:186} INFO - Started process (PID=141) to work on /home/airflow/.local/lib/python3.12/site-packages/airflow/example_dags/example_sla_dag.py
[2024-09-03T15:49:11.938+0000] {processor.py:914} INFO - Processing file /home/airflow/.local/lib/python3.12/site-packages/airflow/example_dags/example_sla_dag.py for tasks to queue
[2024-09-03T15:49:11.940+0000] {logging_mixin.py:190} INFO - [2024-09-03T15:49:11.940+0000] {dagbag.py:587} INFO - Filling up the DagBag from /home/airflow/.local/lib/python3.12/site-packages/airflow/example_dags/example_sla_dag.py
[2024-09-03T15:49:11.947+0000] {processor.py:925} INFO - DAG(s) 'example_sla_dag' retrieved from /home/airflow/.local/lib/python3.12/site-packages/airflow/example_dags/example_sla_dag.py
[2024-09-03T15:49:11.965+0000] {logging_mixin.py:190} INFO - [2024-09-03T15:49:11.964+0000] {dag.py:3211} INFO - Sync 1 DAGs
[2024-09-03T15:49:11.979+0000] {logging_mixin.py:190} INFO - [2024-09-03T15:49:11.979+0000] {dag.py:4138} INFO - Setting next_dagrun for example_sla_dag to 2024-09-03 15:46:00+00:00, run_after=2024-09-03 15:48:00+00:00
[2024-09-03T15:49:11.988+0000] {processor.py:208} INFO - Processing /home/airflow/.local/lib/python3.12/site-packages/airflow/example_dags/example_sla_dag.py took 0.054 seconds
[2024-09-03T15:49:42.899+0000] {processor.py:186} INFO - Started process (PID=204) to work on /home/airflow/.local/lib/python3.12/site-packages/airflow/example_dags/example_sla_dag.py
[2024-09-03T15:49:42.900+0000] {processor.py:914} INFO - Processing file /home/airflow/.local/lib/python3.12/site-packages/airflow/example_dags/example_sla_dag.py for tasks to queue
[2024-09-03T15:49:42.901+0000] {logging_mixin.py:190} INFO - [2024-09-03T15:49:42.901+0000] {dagbag.py:587} INFO - Filling up the DagBag from /home/airflow/.local/lib/python3.12/site-packages/airflow/example_dags/example_sla_dag.py
[2024-09-03T15:49:42.907+0000] {processor.py:925} INFO - DAG(s) 'example_sla_dag' retrieved from /home/airflow/.local/lib/python3.12/site-packages/airflow/example_dags/example_sla_dag.py
[2024-09-03T15:49:42.921+0000] {logging_mixin.py:190} INFO - [2024-09-03T15:49:42.921+0000] {dag.py:3211} INFO - Sync 1 DAGs
[2024-09-03T15:49:42.933+0000] {logging_mixin.py:190} INFO - [2024-09-03T15:49:42.933+0000] {dag.py:4138} INFO - Setting next_dagrun for example_sla_dag to 2024-09-03 15:46:00+00:00, run_after=2024-09-03 15:48:00+00:00
[2024-09-03T15:49:42.941+0000] {processor.py:208} INFO - Processing /home/airflow/.local/lib/python3.12/site-packages/airflow/example_dags/example_sla_dag.py took 0.046 seconds
[2024-09-03T15:50:14.310+0000] {processor.py:186} INFO - Started process (PID=266) to work on /home/airflow/.local/lib/python3.12/site-packages/airflow/example_dags/example_sla_dag.py
[2024-09-03T15:50:14.311+0000] {processor.py:914} INFO - Processing file /home/airflow/.local/lib/python3.12/site-packages/airflow/example_dags/example_sla_dag.py for tasks to queue
[2024-09-03T15:50:14.314+0000] {logging_mixin.py:190} INFO - [2024-09-03T15:50:14.313+0000] {dagbag.py:587} INFO - Filling up the DagBag from /home/airflow/.local/lib/python3.12/site-packages/airflow/example_dags/example_sla_dag.py
[2024-09-03T15:50:14.323+0000] {processor.py:925} INFO - DAG(s) 'example_sla_dag' retrieved from /home/airflow/.local/lib/python3.12/site-packages/airflow/example_dags/example_sla_dag.py
[2024-09-03T15:50:14.339+0000] {logging_mixin.py:190} INFO - [2024-09-03T15:50:14.339+0000] {dag.py:3211} INFO - Sync 1 DAGs
[2024-09-03T15:50:14.360+0000] {logging_mixin.py:190} INFO - [2024-09-03T15:50:14.360+0000] {dag.py:4138} INFO - Setting next_dagrun for example_sla_dag to 2024-09-03 15:48:00+00:00, run_after=2024-09-03 15:50:00+00:00
[2024-09-03T15:50:14.395+0000] {processor.py:208} INFO - Processing /home/airflow/.local/lib/python3.12/site-packages/airflow/example_dags/example_sla_dag.py took 0.092 seconds
[2024-09-03T15:50:45.317+0000] {processor.py:186} INFO - Started process (PID=328) to work on /home/airflow/.local/lib/python3.12/site-packages/airflow/example_dags/example_sla_dag.py
[2024-09-03T15:50:45.317+0000] {processor.py:914} INFO - Processing file /home/airflow/.local/lib/python3.12/site-packages/airflow/example_dags/example_sla_dag.py for tasks to queue
[2024-09-03T15:50:45.319+0000] {logging_mixin.py:190} INFO - [2024-09-03T15:50:45.318+0000] {dagbag.py:587} INFO - Filling up the DagBag from /home/airflow/.local/lib/python3.12/site-packages/airflow/example_dags/example_sla_dag.py
[2024-09-03T15:50:45.325+0000] {processor.py:925} INFO - DAG(s) 'example_sla_dag' retrieved from /home/airflow/.local/lib/python3.12/site-packages/airflow/example_dags/example_sla_dag.py
[2024-09-03T15:50:45.338+0000] {logging_mixin.py:190} INFO - [2024-09-03T15:50:45.338+0000] {dag.py:3211} INFO - Sync 1 DAGs
[2024-09-03T15:50:45.351+0000] {logging_mixin.py:190} INFO - [2024-09-03T15:50:45.351+0000] {dag.py:4138} INFO - Setting next_dagrun for example_sla_dag to 2024-09-03 15:48:00+00:00, run_after=2024-09-03 15:50:00+00:00
[2024-09-03T15:50:45.359+0000] {processor.py:208} INFO - Processing /home/airflow/.local/lib/python3.12/site-packages/airflow/example_dags/example_sla_dag.py took 0.045 seconds
[2024-09-03T15:51:16.339+0000] {processor.py:186} INFO - Started process (PID=391) to work on /home/airflow/.local/lib/python3.12/site-packages/airflow/example_dags/example_sla_dag.py
[2024-09-03T15:51:16.340+0000] {processor.py:914} INFO - Processing file /home/airflow/.local/lib/python3.12/site-packages/airflow/example_dags/example_sla_dag.py for tasks to queue
[2024-09-03T15:51:16.342+0000] {logging_mixin.py:190} INFO - [2024-09-03T15:51:16.342+0000] {dagbag.py:587} INFO - Filling up the DagBag from /home/airflow/.local/lib/python3.12/site-packages/airflow/example_dags/example_sla_dag.py
[2024-09-03T15:51:16.350+0000] {processor.py:925} INFO - DAG(s) 'example_sla_dag' retrieved from /home/airflow/.local/lib/python3.12/site-packages/airflow/example_dags/example_sla_dag.py
[2024-09-03T15:51:16.363+0000] {logging_mixin.py:190} INFO - [2024-09-03T15:51:16.363+0000] {dag.py:3211} INFO - Sync 1 DAGs
[2024-09-03T15:51:16.376+0000] {logging_mixin.py:190} INFO - [2024-09-03T15:51:16.376+0000] {dag.py:4138} INFO - Setting next_dagrun for example_sla_dag to 2024-09-03 15:48:00+00:00, run_after=2024-09-03 15:50:00+00:00
[2024-09-03T15:51:16.384+0000] {processor.py:208} INFO - Processing /home/airflow/.local/lib/python3.12/site-packages/airflow/example_dags/example_sla_dag.py took 0.048 seconds
[2024-09-03T15:51:47.632+0000] {processor.py:186} INFO - Started process (PID=453) to work on /home/airflow/.local/lib/python3.12/site-packages/airflow/example_dags/example_sla_dag.py
[2024-09-03T15:51:47.632+0000] {processor.py:914} INFO - Processing file /home/airflow/.local/lib/python3.12/site-packages/airflow/example_dags/example_sla_dag.py for tasks to queue
[2024-09-03T15:51:47.634+0000] {logging_mixin.py:190} INFO - [2024-09-03T15:51:47.634+0000] {dagbag.py:587} INFO - Filling up the DagBag from /home/airflow/.local/lib/python3.12/site-packages/airflow/example_dags/example_sla_dag.py
[2024-09-03T15:51:47.640+0000] {processor.py:925} INFO - DAG(s) 'example_sla_dag' retrieved from /home/airflow/.local/lib/python3.12/site-packages/airflow/example_dags/example_sla_dag.py
[2024-09-03T15:51:47.653+0000] {logging_mixin.py:190} INFO - [2024-09-03T15:51:47.653+0000] {dag.py:3211} INFO - Sync 1 DAGs
[2024-09-03T15:51:47.667+0000] {logging_mixin.py:190} INFO - [2024-09-03T15:51:47.667+0000] {dag.py:4138} INFO - Setting next_dagrun for example_sla_dag to 2024-09-03 15:48:00+00:00, run_after=2024-09-03 15:50:00+00:00
[2024-09-03T15:51:47.677+0000] {processor.py:208} INFO - Processing /home/airflow/.local/lib/python3.12/site-packages/airflow/example_dags/example_sla_dag.py took 0.049 seconds
[2024-09-03T15:52:18.753+0000] {processor.py:186} INFO - Started process (PID=515) to work on /home/airflow/.local/lib/python3.12/site-packages/airflow/example_dags/example_sla_dag.py
[2024-09-03T15:52:18.754+0000] {processor.py:914} INFO - Processing file /home/airflow/.local/lib/python3.12/site-packages/airflow/example_dags/example_sla_dag.py for tasks to queue
[2024-09-03T15:52:18.755+0000] {logging_mixin.py:190} INFO - [2024-09-03T15:52:18.755+0000] {dagbag.py:587} INFO - Filling up the DagBag from /home/airflow/.local/lib/python3.12/site-packages/airflow/example_dags/example_sla_dag.py
[2024-09-03T15:52:18.761+0000] {processor.py:925} INFO - DAG(s) 'example_sla_dag' retrieved from /home/airflow/.local/lib/python3.12/site-packages/airflow/example_dags/example_sla_dag.py
[2024-09-03T15:52:18.776+0000] {logging_mixin.py:190} INFO - [2024-09-03T15:52:18.776+0000] {dag.py:3211} INFO - Sync 1 DAGs
[2024-09-03T15:52:18.795+0000] {logging_mixin.py:190} INFO - [2024-09-03T15:52:18.794+0000] {dag.py:4138} INFO - Setting next_dagrun for example_sla_dag to 2024-09-03 15:50:00+00:00, run_after=2024-09-03 15:52:00+00:00
[2024-09-03T15:52:18.812+0000] {processor.py:208} INFO - Processing /home/airflow/.local/lib/python3.12/site-packages/airflow/example_dags/example_sla_dag.py took 0.064 seconds
[2024-09-03T15:52:49.650+0000] {processor.py:186} INFO - Started process (PID=577) to work on /home/airflow/.local/lib/python3.12/site-packages/airflow/example_dags/example_sla_dag.py
[2024-09-03T15:52:49.651+0000] {processor.py:914} INFO - Processing file /home/airflow/.local/lib/python3.12/site-packages/airflow/example_dags/example_sla_dag.py for tasks to queue
[2024-09-03T15:52:49.653+0000] {logging_mixin.py:190} INFO - [2024-09-03T15:52:49.653+0000] {dagbag.py:587} INFO - Filling up the DagBag from /home/airflow/.local/lib/python3.12/site-packages/airflow/example_dags/example_sla_dag.py
[2024-09-03T15:52:49.660+0000] {processor.py:925} INFO - DAG(s) 'example_sla_dag' retrieved from /home/airflow/.local/lib/python3.12/site-packages/airflow/example_dags/example_sla_dag.py
[2024-09-03T15:52:49.676+0000] {logging_mixin.py:190} INFO - [2024-09-03T15:52:49.676+0000] {dag.py:3211} INFO - Sync 1 DAGs
[2024-09-03T15:52:49.691+0000] {logging_mixin.py:190} INFO - [2024-09-03T15:52:49.691+0000] {dag.py:4138} INFO - Setting next_dagrun for example_sla_dag to 2024-09-03 15:50:00+00:00, run_after=2024-09-03 15:52:00+00:00
[2024-09-03T15:52:49.703+0000] {processor.py:208} INFO - Processing /home/airflow/.local/lib/python3.12/site-packages/airflow/example_dags/example_sla_dag.py took 0.058 seconds
[2024-09-03T15:53:20.010+0000] {processor.py:186} INFO - Started process (PID=638) to work on /home/airflow/.local/lib/python3.12/site-packages/airflow/example_dags/example_sla_dag.py
[2024-09-03T15:53:20.011+0000] {processor.py:914} INFO - Processing file /home/airflow/.local/lib/python3.12/site-packages/airflow/example_dags/example_sla_dag.py for tasks to queue
[2024-09-03T15:53:20.013+0000] {logging_mixin.py:190} INFO - [2024-09-03T15:53:20.012+0000] {dagbag.py:587} INFO - Filling up the DagBag from /home/airflow/.local/lib/python3.12/site-packages/airflow/example_dags/example_sla_dag.py
[2024-09-03T15:53:20.019+0000] {processor.py:925} INFO - DAG(s) 'example_sla_dag' retrieved from /home/airflow/.local/lib/python3.12/site-packages/airflow/example_dags/example_sla_dag.py
[2024-09-03T15:53:20.038+0000] {logging_mixin.py:190} INFO - [2024-09-03T15:53:20.038+0000] {dag.py:3211} INFO - Sync 1 DAGs
[2024-09-03T15:53:20.056+0000] {logging_mixin.py:190} INFO - [2024-09-03T15:53:20.056+0000] {dag.py:4138} INFO - Setting next_dagrun for example_sla_dag to 2024-09-03 15:50:00+00:00, run_after=2024-09-03 15:52:00+00:00
[2024-09-03T15:53:20.067+0000] {processor.py:208} INFO - Processing /home/airflow/.local/lib/python3.12/site-packages/airflow/example_dags/example_sla_dag.py took 0.060 seconds
[2024-09-03T15:53:50.977+0000] {processor.py:186} INFO - Started process (PID=700) to work on /home/airflow/.local/lib/python3.12/site-packages/airflow/example_dags/example_sla_dag.py
[2024-09-03T15:53:50.978+0000] {processor.py:914} INFO - Processing file /home/airflow/.local/lib/python3.12/site-packages/airflow/example_dags/example_sla_dag.py for tasks to queue
[2024-09-03T15:53:50.980+0000] {logging_mixin.py:190} INFO - [2024-09-03T15:53:50.979+0000] {dagbag.py:587} INFO - Filling up the DagBag from /home/airflow/.local/lib/python3.12/site-packages/airflow/example_dags/example_sla_dag.py
[2024-09-03T15:53:50.986+0000] {processor.py:925} INFO - DAG(s) 'example_sla_dag' retrieved from /home/airflow/.local/lib/python3.12/site-packages/airflow/example_dags/example_sla_dag.py
[2024-09-03T15:53:50.999+0000] {logging_mixin.py:190} INFO - [2024-09-03T15:53:50.999+0000] {dag.py:3211} INFO - Sync 1 DAGs
[2024-09-03T15:53:51.012+0000] {logging_mixin.py:190} INFO - [2024-09-03T15:53:51.012+0000] {dag.py:4138} INFO - Setting next_dagrun for example_sla_dag to 2024-09-03 15:50:00+00:00, run_after=2024-09-03 15:52:00+00:00
[2024-09-03T15:53:51.022+0000] {processor.py:208} INFO - Processing /home/airflow/.local/lib/python3.12/site-packages/airflow/example_dags/example_sla_dag.py took 0.048 seconds
[2024-09-03T15:54:21.482+0000] {processor.py:186} INFO - Started process (PID=767) to work on /home/airflow/.local/lib/python3.12/site-packages/airflow/example_dags/example_sla_dag.py
[2024-09-03T15:54:21.483+0000] {processor.py:914} INFO - Processing file /home/airflow/.local/lib/python3.12/site-packages/airflow/example_dags/example_sla_dag.py for tasks to queue
[2024-09-03T15:54:21.485+0000] {logging_mixin.py:190} INFO - [2024-09-03T15:54:21.485+0000] {dagbag.py:587} INFO - Filling up the DagBag from /home/airflow/.local/lib/python3.12/site-packages/airflow/example_dags/example_sla_dag.py
[2024-09-03T15:54:21.491+0000] {processor.py:925} INFO - DAG(s) 'example_sla_dag' retrieved from /home/airflow/.local/lib/python3.12/site-packages/airflow/example_dags/example_sla_dag.py
[2024-09-03T15:54:21.506+0000] {logging_mixin.py:190} INFO - [2024-09-03T15:54:21.506+0000] {dag.py:3211} INFO - Sync 1 DAGs
[2024-09-03T15:54:21.521+0000] {logging_mixin.py:190} INFO - [2024-09-03T15:54:21.521+0000] {dag.py:4138} INFO - Setting next_dagrun for example_sla_dag to 2024-09-03 15:52:00+00:00, run_after=2024-09-03 15:54:00+00:00
[2024-09-03T15:54:21.534+0000] {processor.py:208} INFO - Processing /home/airflow/.local/lib/python3.12/site-packages/airflow/example_dags/example_sla_dag.py took 0.056 seconds
[2024-09-03T15:54:51.815+0000] {processor.py:186} INFO - Started process (PID=829) to work on /home/airflow/.local/lib/python3.12/site-packages/airflow/example_dags/example_sla_dag.py
[2024-09-03T15:54:51.817+0000] {processor.py:914} INFO - Processing file /home/airflow/.local/lib/python3.12/site-packages/airflow/example_dags/example_sla_dag.py for tasks to queue
[2024-09-03T15:54:51.818+0000] {logging_mixin.py:190} INFO - [2024-09-03T15:54:51.818+0000] {dagbag.py:587} INFO - Filling up the DagBag from /home/airflow/.local/lib/python3.12/site-packages/airflow/example_dags/example_sla_dag.py
[2024-09-03T15:54:51.825+0000] {processor.py:925} INFO - DAG(s) 'example_sla_dag' retrieved from /home/airflow/.local/lib/python3.12/site-packages/airflow/example_dags/example_sla_dag.py
[2024-09-03T15:54:51.838+0000] {logging_mixin.py:190} INFO - [2024-09-03T15:54:51.838+0000] {dag.py:3211} INFO - Sync 1 DAGs
[2024-09-03T15:54:51.851+0000] {logging_mixin.py:190} INFO - [2024-09-03T15:54:51.850+0000] {dag.py:4138} INFO - Setting next_dagrun for example_sla_dag to 2024-09-03 15:52:00+00:00, run_after=2024-09-03 15:54:00+00:00
[2024-09-03T15:54:51.859+0000] {processor.py:208} INFO - Processing /home/airflow/.local/lib/python3.12/site-packages/airflow/example_dags/example_sla_dag.py took 0.047 seconds
