[2024-09-03T15:48:39.539+0000] {processor.py:186} INFO - Started process (PID=60) to work on /home/airflow/.local/lib/python3.12/site-packages/airflow/example_dags/example_display_name.py
[2024-09-03T15:48:39.540+0000] {processor.py:914} INFO - Processing file /home/airflow/.local/lib/python3.12/site-packages/airflow/example_dags/example_display_name.py for tasks to queue
[2024-09-03T15:48:39.542+0000] {logging_mixin.py:190} INFO - [2024-09-03T15:48:39.542+0000] {dagbag.py:587} INFO - Filling up the DagBag from /home/airflow/.local/lib/python3.12/site-packages/airflow/example_dags/example_display_name.py
[2024-09-03T15:48:39.549+0000] {processor.py:925} INFO - DAG(s) 'example_display_name' retrieved from /home/airflow/.local/lib/python3.12/site-packages/airflow/example_dags/example_display_name.py
[2024-09-03T15:48:39.763+0000] {logging_mixin.py:190} INFO - [2024-09-03T15:48:39.762+0000] {override.py:1858} INFO - Created Permission View: can edit on DAG:example_display_name
[2024-09-03T15:48:39.773+0000] {logging_mixin.py:190} INFO - [2024-09-03T15:48:39.771+0000] {override.py:1858} INFO - Created Permission View: can read on DAG:example_display_name
[2024-09-03T15:48:39.789+0000] {logging_mixin.py:190} INFO - [2024-09-03T15:48:39.789+0000] {override.py:1858} INFO - Created Permission View: can delete on DAG:example_display_name
[2024-09-03T15:48:39.790+0000] {logging_mixin.py:190} INFO - [2024-09-03T15:48:39.790+0000] {dag.py:3211} INFO - Sync 1 DAGs
[2024-09-03T15:48:39.803+0000] {logging_mixin.py:190} INFO - [2024-09-03T15:48:39.803+0000] {dag.py:3234} INFO - Creating ORM DAG for example_display_name
[2024-09-03T15:48:39.805+0000] {logging_mixin.py:190} INFO - [2024-09-03T15:48:39.805+0000] {dag.py:4138} INFO - Setting next_dagrun for example_display_name to None, run_after=None
[2024-09-03T15:48:39.821+0000] {processor.py:208} INFO - Processing /home/airflow/.local/lib/python3.12/site-packages/airflow/example_dags/example_display_name.py took 0.286 seconds
[2024-09-03T15:49:10.104+0000] {processor.py:186} INFO - Started process (PID=122) to work on /home/airflow/.local/lib/python3.12/site-packages/airflow/example_dags/example_display_name.py
[2024-09-03T15:49:10.105+0000] {processor.py:914} INFO - Processing file /home/airflow/.local/lib/python3.12/site-packages/airflow/example_dags/example_display_name.py for tasks to queue
[2024-09-03T15:49:10.106+0000] {logging_mixin.py:190} INFO - [2024-09-03T15:49:10.106+0000] {dagbag.py:587} INFO - Filling up the DagBag from /home/airflow/.local/lib/python3.12/site-packages/airflow/example_dags/example_display_name.py
[2024-09-03T15:49:10.111+0000] {processor.py:925} INFO - DAG(s) 'example_display_name' retrieved from /home/airflow/.local/lib/python3.12/site-packages/airflow/example_dags/example_display_name.py
[2024-09-03T15:49:10.129+0000] {logging_mixin.py:190} INFO - [2024-09-03T15:49:10.129+0000] {dag.py:3211} INFO - Sync 1 DAGs
[2024-09-03T15:49:10.139+0000] {logging_mixin.py:190} INFO - [2024-09-03T15:49:10.139+0000] {dag.py:4138} INFO - Setting next_dagrun for example_display_name to None, run_after=None
[2024-09-03T15:49:10.149+0000] {processor.py:208} INFO - Processing /home/airflow/.local/lib/python3.12/site-packages/airflow/example_dags/example_display_name.py took 0.049 seconds
[2024-09-03T15:49:41.103+0000] {processor.py:186} INFO - Started process (PID=185) to work on /home/airflow/.local/lib/python3.12/site-packages/airflow/example_dags/example_display_name.py
[2024-09-03T15:49:41.104+0000] {processor.py:914} INFO - Processing file /home/airflow/.local/lib/python3.12/site-packages/airflow/example_dags/example_display_name.py for tasks to queue
[2024-09-03T15:49:41.107+0000] {logging_mixin.py:190} INFO - [2024-09-03T15:49:41.106+0000] {dagbag.py:587} INFO - Filling up the DagBag from /home/airflow/.local/lib/python3.12/site-packages/airflow/example_dags/example_display_name.py
[2024-09-03T15:49:41.114+0000] {processor.py:925} INFO - DAG(s) 'example_display_name' retrieved from /home/airflow/.local/lib/python3.12/site-packages/airflow/example_dags/example_display_name.py
[2024-09-03T15:49:41.136+0000] {logging_mixin.py:190} INFO - [2024-09-03T15:49:41.136+0000] {dag.py:3211} INFO - Sync 1 DAGs
[2024-09-03T15:49:41.147+0000] {logging_mixin.py:190} INFO - [2024-09-03T15:49:41.147+0000] {dag.py:4138} INFO - Setting next_dagrun for example_display_name to None, run_after=None
[2024-09-03T15:49:41.158+0000] {processor.py:208} INFO - Processing /home/airflow/.local/lib/python3.12/site-packages/airflow/example_dags/example_display_name.py took 0.066 seconds
[2024-09-03T15:50:12.143+0000] {processor.py:186} INFO - Started process (PID=247) to work on /home/airflow/.local/lib/python3.12/site-packages/airflow/example_dags/example_display_name.py
[2024-09-03T15:50:12.144+0000] {processor.py:914} INFO - Processing file /home/airflow/.local/lib/python3.12/site-packages/airflow/example_dags/example_display_name.py for tasks to queue
[2024-09-03T15:50:12.146+0000] {logging_mixin.py:190} INFO - [2024-09-03T15:50:12.145+0000] {dagbag.py:587} INFO - Filling up the DagBag from /home/airflow/.local/lib/python3.12/site-packages/airflow/example_dags/example_display_name.py
[2024-09-03T15:50:12.153+0000] {processor.py:925} INFO - DAG(s) 'example_display_name' retrieved from /home/airflow/.local/lib/python3.12/site-packages/airflow/example_dags/example_display_name.py
[2024-09-03T15:50:12.203+0000] {logging_mixin.py:190} INFO - [2024-09-03T15:50:12.202+0000] {dag.py:3211} INFO - Sync 1 DAGs
[2024-09-03T15:50:12.219+0000] {logging_mixin.py:190} INFO - [2024-09-03T15:50:12.218+0000] {dag.py:4138} INFO - Setting next_dagrun for example_display_name to None, run_after=None
[2024-09-03T15:50:12.230+0000] {processor.py:208} INFO - Processing /home/airflow/.local/lib/python3.12/site-packages/airflow/example_dags/example_display_name.py took 0.091 seconds
[2024-09-03T15:50:42.425+0000] {processor.py:186} INFO - Started process (PID=309) to work on /home/airflow/.local/lib/python3.12/site-packages/airflow/example_dags/example_display_name.py
[2024-09-03T15:50:42.426+0000] {processor.py:914} INFO - Processing file /home/airflow/.local/lib/python3.12/site-packages/airflow/example_dags/example_display_name.py for tasks to queue
[2024-09-03T15:50:42.427+0000] {logging_mixin.py:190} INFO - [2024-09-03T15:50:42.427+0000] {dagbag.py:587} INFO - Filling up the DagBag from /home/airflow/.local/lib/python3.12/site-packages/airflow/example_dags/example_display_name.py
[2024-09-03T15:50:42.433+0000] {processor.py:925} INFO - DAG(s) 'example_display_name' retrieved from /home/airflow/.local/lib/python3.12/site-packages/airflow/example_dags/example_display_name.py
[2024-09-03T15:50:42.450+0000] {logging_mixin.py:190} INFO - [2024-09-03T15:50:42.450+0000] {dag.py:3211} INFO - Sync 1 DAGs
[2024-09-03T15:50:42.459+0000] {logging_mixin.py:190} INFO - [2024-09-03T15:50:42.458+0000] {dag.py:4138} INFO - Setting next_dagrun for example_display_name to None, run_after=None
[2024-09-03T15:50:42.471+0000] {processor.py:208} INFO - Processing /home/airflow/.local/lib/python3.12/site-packages/airflow/example_dags/example_display_name.py took 0.051 seconds
[2024-09-03T15:51:13.399+0000] {processor.py:186} INFO - Started process (PID=372) to work on /home/airflow/.local/lib/python3.12/site-packages/airflow/example_dags/example_display_name.py
[2024-09-03T15:51:13.400+0000] {processor.py:914} INFO - Processing file /home/airflow/.local/lib/python3.12/site-packages/airflow/example_dags/example_display_name.py for tasks to queue
[2024-09-03T15:51:13.402+0000] {logging_mixin.py:190} INFO - [2024-09-03T15:51:13.401+0000] {dagbag.py:587} INFO - Filling up the DagBag from /home/airflow/.local/lib/python3.12/site-packages/airflow/example_dags/example_display_name.py
[2024-09-03T15:51:13.407+0000] {processor.py:925} INFO - DAG(s) 'example_display_name' retrieved from /home/airflow/.local/lib/python3.12/site-packages/airflow/example_dags/example_display_name.py
[2024-09-03T15:51:13.424+0000] {logging_mixin.py:190} INFO - [2024-09-03T15:51:13.424+0000] {dag.py:3211} INFO - Sync 1 DAGs
[2024-09-03T15:51:13.432+0000] {logging_mixin.py:190} INFO - [2024-09-03T15:51:13.432+0000] {dag.py:4138} INFO - Setting next_dagrun for example_display_name to None, run_after=None
[2024-09-03T15:51:13.443+0000] {processor.py:208} INFO - Processing /home/airflow/.local/lib/python3.12/site-packages/airflow/example_dags/example_display_name.py took 0.048 seconds
[2024-09-03T15:51:44.473+0000] {processor.py:186} INFO - Started process (PID=434) to work on /home/airflow/.local/lib/python3.12/site-packages/airflow/example_dags/example_display_name.py
[2024-09-03T15:51:44.474+0000] {processor.py:914} INFO - Processing file /home/airflow/.local/lib/python3.12/site-packages/airflow/example_dags/example_display_name.py for tasks to queue
[2024-09-03T15:51:44.475+0000] {logging_mixin.py:190} INFO - [2024-09-03T15:51:44.475+0000] {dagbag.py:587} INFO - Filling up the DagBag from /home/airflow/.local/lib/python3.12/site-packages/airflow/example_dags/example_display_name.py
[2024-09-03T15:51:44.480+0000] {processor.py:925} INFO - DAG(s) 'example_display_name' retrieved from /home/airflow/.local/lib/python3.12/site-packages/airflow/example_dags/example_display_name.py
[2024-09-03T15:51:44.493+0000] {logging_mixin.py:190} INFO - [2024-09-03T15:51:44.493+0000] {dag.py:3211} INFO - Sync 1 DAGs
[2024-09-03T15:51:44.501+0000] {logging_mixin.py:190} INFO - [2024-09-03T15:51:44.501+0000] {dag.py:4138} INFO - Setting next_dagrun for example_display_name to None, run_after=None
[2024-09-03T15:51:44.510+0000] {processor.py:208} INFO - Processing /home/airflow/.local/lib/python3.12/site-packages/airflow/example_dags/example_display_name.py took 0.041 seconds
[2024-09-03T15:52:14.791+0000] {processor.py:186} INFO - Started process (PID=496) to work on /home/airflow/.local/lib/python3.12/site-packages/airflow/example_dags/example_display_name.py
[2024-09-03T15:52:14.792+0000] {processor.py:914} INFO - Processing file /home/airflow/.local/lib/python3.12/site-packages/airflow/example_dags/example_display_name.py for tasks to queue
[2024-09-03T15:52:14.794+0000] {logging_mixin.py:190} INFO - [2024-09-03T15:52:14.793+0000] {dagbag.py:587} INFO - Filling up the DagBag from /home/airflow/.local/lib/python3.12/site-packages/airflow/example_dags/example_display_name.py
[2024-09-03T15:52:14.800+0000] {processor.py:925} INFO - DAG(s) 'example_display_name' retrieved from /home/airflow/.local/lib/python3.12/site-packages/airflow/example_dags/example_display_name.py
[2024-09-03T15:52:14.822+0000] {logging_mixin.py:190} INFO - [2024-09-03T15:52:14.822+0000] {dag.py:3211} INFO - Sync 1 DAGs
[2024-09-03T15:52:14.832+0000] {logging_mixin.py:190} INFO - [2024-09-03T15:52:14.832+0000] {dag.py:4138} INFO - Setting next_dagrun for example_display_name to None, run_after=None
[2024-09-03T15:52:14.844+0000] {processor.py:208} INFO - Processing /home/airflow/.local/lib/python3.12/site-packages/airflow/example_dags/example_display_name.py took 0.058 seconds
[2024-09-03T15:52:45.631+0000] {processor.py:186} INFO - Started process (PID=558) to work on /home/airflow/.local/lib/python3.12/site-packages/airflow/example_dags/example_display_name.py
[2024-09-03T15:52:45.632+0000] {processor.py:914} INFO - Processing file /home/airflow/.local/lib/python3.12/site-packages/airflow/example_dags/example_display_name.py for tasks to queue
[2024-09-03T15:52:45.633+0000] {logging_mixin.py:190} INFO - [2024-09-03T15:52:45.633+0000] {dagbag.py:587} INFO - Filling up the DagBag from /home/airflow/.local/lib/python3.12/site-packages/airflow/example_dags/example_display_name.py
[2024-09-03T15:52:45.638+0000] {processor.py:925} INFO - DAG(s) 'example_display_name' retrieved from /home/airflow/.local/lib/python3.12/site-packages/airflow/example_dags/example_display_name.py
[2024-09-03T15:52:45.651+0000] {logging_mixin.py:190} INFO - [2024-09-03T15:52:45.651+0000] {dag.py:3211} INFO - Sync 1 DAGs
[2024-09-03T15:52:45.659+0000] {logging_mixin.py:190} INFO - [2024-09-03T15:52:45.659+0000] {dag.py:4138} INFO - Setting next_dagrun for example_display_name to None, run_after=None
[2024-09-03T15:52:45.670+0000] {processor.py:208} INFO - Processing /home/airflow/.local/lib/python3.12/site-packages/airflow/example_dags/example_display_name.py took 0.042 seconds
[2024-09-03T15:53:15.828+0000] {processor.py:186} INFO - Started process (PID=619) to work on /home/airflow/.local/lib/python3.12/site-packages/airflow/example_dags/example_display_name.py
[2024-09-03T15:53:15.828+0000] {processor.py:914} INFO - Processing file /home/airflow/.local/lib/python3.12/site-packages/airflow/example_dags/example_display_name.py for tasks to queue
[2024-09-03T15:53:15.830+0000] {logging_mixin.py:190} INFO - [2024-09-03T15:53:15.830+0000] {dagbag.py:587} INFO - Filling up the DagBag from /home/airflow/.local/lib/python3.12/site-packages/airflow/example_dags/example_display_name.py
[2024-09-03T15:53:15.837+0000] {processor.py:925} INFO - DAG(s) 'example_display_name' retrieved from /home/airflow/.local/lib/python3.12/site-packages/airflow/example_dags/example_display_name.py
[2024-09-03T15:53:15.856+0000] {logging_mixin.py:190} INFO - [2024-09-03T15:53:15.856+0000] {dag.py:3211} INFO - Sync 1 DAGs
[2024-09-03T15:53:15.866+0000] {logging_mixin.py:190} INFO - [2024-09-03T15:53:15.866+0000] {dag.py:4138} INFO - Setting next_dagrun for example_display_name to None, run_after=None
[2024-09-03T15:53:15.876+0000] {processor.py:208} INFO - Processing /home/airflow/.local/lib/python3.12/site-packages/airflow/example_dags/example_display_name.py took 0.053 seconds
[2024-09-03T15:53:47.046+0000] {processor.py:186} INFO - Started process (PID=681) to work on /home/airflow/.local/lib/python3.12/site-packages/airflow/example_dags/example_display_name.py
[2024-09-03T15:53:47.047+0000] {processor.py:914} INFO - Processing file /home/airflow/.local/lib/python3.12/site-packages/airflow/example_dags/example_display_name.py for tasks to queue
[2024-09-03T15:53:47.048+0000] {logging_mixin.py:190} INFO - [2024-09-03T15:53:47.048+0000] {dagbag.py:587} INFO - Filling up the DagBag from /home/airflow/.local/lib/python3.12/site-packages/airflow/example_dags/example_display_name.py
[2024-09-03T15:53:47.053+0000] {processor.py:925} INFO - DAG(s) 'example_display_name' retrieved from /home/airflow/.local/lib/python3.12/site-packages/airflow/example_dags/example_display_name.py
[2024-09-03T15:53:47.070+0000] {logging_mixin.py:190} INFO - [2024-09-03T15:53:47.070+0000] {dag.py:3211} INFO - Sync 1 DAGs
[2024-09-03T15:53:47.079+0000] {logging_mixin.py:190} INFO - [2024-09-03T15:53:47.079+0000] {dag.py:4138} INFO - Setting next_dagrun for example_display_name to None, run_after=None
[2024-09-03T15:53:47.094+0000] {processor.py:208} INFO - Processing /home/airflow/.local/lib/python3.12/site-packages/airflow/example_dags/example_display_name.py took 0.053 seconds
[2024-09-03T15:54:17.312+0000] {processor.py:186} INFO - Started process (PID=743) to work on /home/airflow/.local/lib/python3.12/site-packages/airflow/example_dags/example_display_name.py
[2024-09-03T15:54:17.313+0000] {processor.py:914} INFO - Processing file /home/airflow/.local/lib/python3.12/site-packages/airflow/example_dags/example_display_name.py for tasks to queue
[2024-09-03T15:54:17.315+0000] {logging_mixin.py:190} INFO - [2024-09-03T15:54:17.315+0000] {dagbag.py:587} INFO - Filling up the DagBag from /home/airflow/.local/lib/python3.12/site-packages/airflow/example_dags/example_display_name.py
[2024-09-03T15:54:17.321+0000] {processor.py:925} INFO - DAG(s) 'example_display_name' retrieved from /home/airflow/.local/lib/python3.12/site-packages/airflow/example_dags/example_display_name.py
[2024-09-03T15:54:17.336+0000] {logging_mixin.py:190} INFO - [2024-09-03T15:54:17.336+0000] {dag.py:3211} INFO - Sync 1 DAGs
[2024-09-03T15:54:17.346+0000] {logging_mixin.py:190} INFO - [2024-09-03T15:54:17.345+0000] {dag.py:4138} INFO - Setting next_dagrun for example_display_name to None, run_after=None
[2024-09-03T15:54:17.357+0000] {processor.py:208} INFO - Processing /home/airflow/.local/lib/python3.12/site-packages/airflow/example_dags/example_display_name.py took 0.049 seconds
[2024-09-03T15:54:47.728+0000] {processor.py:186} INFO - Started process (PID=804) to work on /home/airflow/.local/lib/python3.12/site-packages/airflow/example_dags/example_display_name.py
[2024-09-03T15:54:47.730+0000] {processor.py:914} INFO - Processing file /home/airflow/.local/lib/python3.12/site-packages/airflow/example_dags/example_display_name.py for tasks to queue
[2024-09-03T15:54:47.732+0000] {logging_mixin.py:190} INFO - [2024-09-03T15:54:47.732+0000] {dagbag.py:587} INFO - Filling up the DagBag from /home/airflow/.local/lib/python3.12/site-packages/airflow/example_dags/example_display_name.py
[2024-09-03T15:54:47.739+0000] {processor.py:925} INFO - DAG(s) 'example_display_name' retrieved from /home/airflow/.local/lib/python3.12/site-packages/airflow/example_dags/example_display_name.py
[2024-09-03T15:54:47.762+0000] {logging_mixin.py:190} INFO - [2024-09-03T15:54:47.762+0000] {dag.py:3211} INFO - Sync 1 DAGs
[2024-09-03T15:54:47.775+0000] {logging_mixin.py:190} INFO - [2024-09-03T15:54:47.775+0000] {dag.py:4138} INFO - Setting next_dagrun for example_display_name to None, run_after=None
[2024-09-03T15:54:47.790+0000] {processor.py:208} INFO - Processing /home/airflow/.local/lib/python3.12/site-packages/airflow/example_dags/example_display_name.py took 0.066 seconds
