[2024-09-03T15:48:40.925+0000] {processor.py:186} INFO - Started process (PID=72) to work on /home/airflow/.local/lib/python3.12/site-packages/airflow/example_dags/example_branch_operator.py
[2024-09-03T15:48:40.926+0000] {processor.py:914} INFO - Processing file /home/airflow/.local/lib/python3.12/site-packages/airflow/example_dags/example_branch_operator.py for tasks to queue
[2024-09-03T15:48:40.929+0000] {logging_mixin.py:190} INFO - [2024-09-03T15:48:40.929+0000] {dagbag.py:587} INFO - Filling up the DagBag from /home/airflow/.local/lib/python3.12/site-packages/airflow/example_dags/example_branch_operator.py
[2024-09-03T15:48:40.953+0000] {processor.py:925} INFO - DAG(s) 'example_branch_operator' retrieved from /home/airflow/.local/lib/python3.12/site-packages/airflow/example_dags/example_branch_operator.py
[2024-09-03T15:48:41.080+0000] {logging_mixin.py:190} INFO - [2024-09-03T15:48:41.079+0000] {override.py:1858} INFO - Created Permission View: can edit on DAG:example_branch_operator
[2024-09-03T15:48:41.087+0000] {logging_mixin.py:190} INFO - [2024-09-03T15:48:41.087+0000] {override.py:1858} INFO - Created Permission View: can read on DAG:example_branch_operator
[2024-09-03T15:48:41.093+0000] {logging_mixin.py:190} INFO - [2024-09-03T15:48:41.093+0000] {override.py:1858} INFO - Created Permission View: can delete on DAG:example_branch_operator
[2024-09-03T15:48:41.094+0000] {logging_mixin.py:190} INFO - [2024-09-03T15:48:41.094+0000] {dag.py:3211} INFO - Sync 1 DAGs
[2024-09-03T15:48:41.114+0000] {logging_mixin.py:190} INFO - [2024-09-03T15:48:41.113+0000] {dag.py:3234} INFO - Creating ORM DAG for example_branch_operator
[2024-09-03T15:48:41.127+0000] {logging_mixin.py:190} INFO - [2024-09-03T15:48:41.127+0000] {dag.py:4138} INFO - Setting next_dagrun for example_branch_operator to 2024-09-02 00:00:00+00:00, run_after=2024-09-03 00:00:00+00:00
[2024-09-03T15:48:41.141+0000] {processor.py:208} INFO - Processing /home/airflow/.local/lib/python3.12/site-packages/airflow/example_dags/example_branch_operator.py took 0.223 seconds
[2024-09-03T15:49:11.596+0000] {processor.py:186} INFO - Started process (PID=134) to work on /home/airflow/.local/lib/python3.12/site-packages/airflow/example_dags/example_branch_operator.py
[2024-09-03T15:49:11.596+0000] {processor.py:914} INFO - Processing file /home/airflow/.local/lib/python3.12/site-packages/airflow/example_dags/example_branch_operator.py for tasks to queue
[2024-09-03T15:49:11.598+0000] {logging_mixin.py:190} INFO - [2024-09-03T15:49:11.598+0000] {dagbag.py:587} INFO - Filling up the DagBag from /home/airflow/.local/lib/python3.12/site-packages/airflow/example_dags/example_branch_operator.py
[2024-09-03T15:49:11.609+0000] {processor.py:925} INFO - DAG(s) 'example_branch_operator' retrieved from /home/airflow/.local/lib/python3.12/site-packages/airflow/example_dags/example_branch_operator.py
[2024-09-03T15:49:11.627+0000] {logging_mixin.py:190} INFO - [2024-09-03T15:49:11.627+0000] {dag.py:3211} INFO - Sync 1 DAGs
[2024-09-03T15:49:11.641+0000] {logging_mixin.py:190} INFO - [2024-09-03T15:49:11.640+0000] {dag.py:4138} INFO - Setting next_dagrun for example_branch_operator to 2024-09-02 00:00:00+00:00, run_after=2024-09-03 00:00:00+00:00
[2024-09-03T15:49:11.651+0000] {processor.py:208} INFO - Processing /home/airflow/.local/lib/python3.12/site-packages/airflow/example_dags/example_branch_operator.py took 0.059 seconds
[2024-09-03T15:49:42.595+0000] {processor.py:186} INFO - Started process (PID=197) to work on /home/airflow/.local/lib/python3.12/site-packages/airflow/example_dags/example_branch_operator.py
[2024-09-03T15:49:42.596+0000] {processor.py:914} INFO - Processing file /home/airflow/.local/lib/python3.12/site-packages/airflow/example_dags/example_branch_operator.py for tasks to queue
[2024-09-03T15:49:42.598+0000] {logging_mixin.py:190} INFO - [2024-09-03T15:49:42.598+0000] {dagbag.py:587} INFO - Filling up the DagBag from /home/airflow/.local/lib/python3.12/site-packages/airflow/example_dags/example_branch_operator.py
[2024-09-03T15:49:42.609+0000] {processor.py:925} INFO - DAG(s) 'example_branch_operator' retrieved from /home/airflow/.local/lib/python3.12/site-packages/airflow/example_dags/example_branch_operator.py
[2024-09-03T15:49:42.627+0000] {logging_mixin.py:190} INFO - [2024-09-03T15:49:42.627+0000] {dag.py:3211} INFO - Sync 1 DAGs
[2024-09-03T15:49:42.640+0000] {logging_mixin.py:190} INFO - [2024-09-03T15:49:42.640+0000] {dag.py:4138} INFO - Setting next_dagrun for example_branch_operator to 2024-09-02 00:00:00+00:00, run_after=2024-09-03 00:00:00+00:00
[2024-09-03T15:49:42.649+0000] {processor.py:208} INFO - Processing /home/airflow/.local/lib/python3.12/site-packages/airflow/example_dags/example_branch_operator.py took 0.057 seconds
[2024-09-03T15:50:13.786+0000] {processor.py:186} INFO - Started process (PID=259) to work on /home/airflow/.local/lib/python3.12/site-packages/airflow/example_dags/example_branch_operator.py
[2024-09-03T15:50:13.787+0000] {processor.py:914} INFO - Processing file /home/airflow/.local/lib/python3.12/site-packages/airflow/example_dags/example_branch_operator.py for tasks to queue
[2024-09-03T15:50:13.788+0000] {logging_mixin.py:190} INFO - [2024-09-03T15:50:13.788+0000] {dagbag.py:587} INFO - Filling up the DagBag from /home/airflow/.local/lib/python3.12/site-packages/airflow/example_dags/example_branch_operator.py
[2024-09-03T15:50:13.800+0000] {processor.py:925} INFO - DAG(s) 'example_branch_operator' retrieved from /home/airflow/.local/lib/python3.12/site-packages/airflow/example_dags/example_branch_operator.py
[2024-09-03T15:50:13.819+0000] {logging_mixin.py:190} INFO - [2024-09-03T15:50:13.818+0000] {dag.py:3211} INFO - Sync 1 DAGs
[2024-09-03T15:50:13.836+0000] {logging_mixin.py:190} INFO - [2024-09-03T15:50:13.835+0000] {dag.py:4138} INFO - Setting next_dagrun for example_branch_operator to 2024-09-02 00:00:00+00:00, run_after=2024-09-03 00:00:00+00:00
[2024-09-03T15:50:13.847+0000] {processor.py:208} INFO - Processing /home/airflow/.local/lib/python3.12/site-packages/airflow/example_dags/example_branch_operator.py took 0.065 seconds
[2024-09-03T15:50:43.903+0000] {processor.py:186} INFO - Started process (PID=321) to work on /home/airflow/.local/lib/python3.12/site-packages/airflow/example_dags/example_branch_operator.py
[2024-09-03T15:50:43.904+0000] {processor.py:914} INFO - Processing file /home/airflow/.local/lib/python3.12/site-packages/airflow/example_dags/example_branch_operator.py for tasks to queue
[2024-09-03T15:50:43.906+0000] {logging_mixin.py:190} INFO - [2024-09-03T15:50:43.905+0000] {dagbag.py:587} INFO - Filling up the DagBag from /home/airflow/.local/lib/python3.12/site-packages/airflow/example_dags/example_branch_operator.py
[2024-09-03T15:50:43.919+0000] {processor.py:925} INFO - DAG(s) 'example_branch_operator' retrieved from /home/airflow/.local/lib/python3.12/site-packages/airflow/example_dags/example_branch_operator.py
[2024-09-03T15:50:43.941+0000] {logging_mixin.py:190} INFO - [2024-09-03T15:50:43.940+0000] {dag.py:3211} INFO - Sync 1 DAGs
[2024-09-03T15:50:43.954+0000] {logging_mixin.py:190} INFO - [2024-09-03T15:50:43.954+0000] {dag.py:4138} INFO - Setting next_dagrun for example_branch_operator to 2024-09-02 00:00:00+00:00, run_after=2024-09-03 00:00:00+00:00
[2024-09-03T15:50:43.963+0000] {processor.py:208} INFO - Processing /home/airflow/.local/lib/python3.12/site-packages/airflow/example_dags/example_branch_operator.py took 0.065 seconds
[2024-09-03T15:51:14.927+0000] {processor.py:186} INFO - Started process (PID=384) to work on /home/airflow/.local/lib/python3.12/site-packages/airflow/example_dags/example_branch_operator.py
[2024-09-03T15:51:14.928+0000] {processor.py:914} INFO - Processing file /home/airflow/.local/lib/python3.12/site-packages/airflow/example_dags/example_branch_operator.py for tasks to queue
[2024-09-03T15:51:14.929+0000] {logging_mixin.py:190} INFO - [2024-09-03T15:51:14.929+0000] {dagbag.py:587} INFO - Filling up the DagBag from /home/airflow/.local/lib/python3.12/site-packages/airflow/example_dags/example_branch_operator.py
[2024-09-03T15:51:14.940+0000] {processor.py:925} INFO - DAG(s) 'example_branch_operator' retrieved from /home/airflow/.local/lib/python3.12/site-packages/airflow/example_dags/example_branch_operator.py
[2024-09-03T15:51:14.958+0000] {logging_mixin.py:190} INFO - [2024-09-03T15:51:14.958+0000] {dag.py:3211} INFO - Sync 1 DAGs
[2024-09-03T15:51:14.970+0000] {logging_mixin.py:190} INFO - [2024-09-03T15:51:14.970+0000] {dag.py:4138} INFO - Setting next_dagrun for example_branch_operator to 2024-09-02 00:00:00+00:00, run_after=2024-09-03 00:00:00+00:00
[2024-09-03T15:51:14.978+0000] {processor.py:208} INFO - Processing /home/airflow/.local/lib/python3.12/site-packages/airflow/example_dags/example_branch_operator.py took 0.056 seconds
[2024-09-03T15:51:45.945+0000] {processor.py:186} INFO - Started process (PID=446) to work on /home/airflow/.local/lib/python3.12/site-packages/airflow/example_dags/example_branch_operator.py
[2024-09-03T15:51:45.946+0000] {processor.py:914} INFO - Processing file /home/airflow/.local/lib/python3.12/site-packages/airflow/example_dags/example_branch_operator.py for tasks to queue
[2024-09-03T15:51:45.948+0000] {logging_mixin.py:190} INFO - [2024-09-03T15:51:45.947+0000] {dagbag.py:587} INFO - Filling up the DagBag from /home/airflow/.local/lib/python3.12/site-packages/airflow/example_dags/example_branch_operator.py
[2024-09-03T15:51:45.959+0000] {processor.py:925} INFO - DAG(s) 'example_branch_operator' retrieved from /home/airflow/.local/lib/python3.12/site-packages/airflow/example_dags/example_branch_operator.py
[2024-09-03T15:51:45.977+0000] {logging_mixin.py:190} INFO - [2024-09-03T15:51:45.977+0000] {dag.py:3211} INFO - Sync 1 DAGs
[2024-09-03T15:51:45.990+0000] {logging_mixin.py:190} INFO - [2024-09-03T15:51:45.990+0000] {dag.py:4138} INFO - Setting next_dagrun for example_branch_operator to 2024-09-02 00:00:00+00:00, run_after=2024-09-03 00:00:00+00:00
[2024-09-03T15:51:45.999+0000] {processor.py:208} INFO - Processing /home/airflow/.local/lib/python3.12/site-packages/airflow/example_dags/example_branch_operator.py took 0.057 seconds
[2024-09-03T15:52:16.256+0000] {processor.py:186} INFO - Started process (PID=508) to work on /home/airflow/.local/lib/python3.12/site-packages/airflow/example_dags/example_branch_operator.py
[2024-09-03T15:52:16.257+0000] {processor.py:914} INFO - Processing file /home/airflow/.local/lib/python3.12/site-packages/airflow/example_dags/example_branch_operator.py for tasks to queue
[2024-09-03T15:52:16.258+0000] {logging_mixin.py:190} INFO - [2024-09-03T15:52:16.258+0000] {dagbag.py:587} INFO - Filling up the DagBag from /home/airflow/.local/lib/python3.12/site-packages/airflow/example_dags/example_branch_operator.py
[2024-09-03T15:52:16.269+0000] {processor.py:925} INFO - DAG(s) 'example_branch_operator' retrieved from /home/airflow/.local/lib/python3.12/site-packages/airflow/example_dags/example_branch_operator.py
[2024-09-03T15:52:16.287+0000] {logging_mixin.py:190} INFO - [2024-09-03T15:52:16.287+0000] {dag.py:3211} INFO - Sync 1 DAGs
[2024-09-03T15:52:16.299+0000] {logging_mixin.py:190} INFO - [2024-09-03T15:52:16.299+0000] {dag.py:4138} INFO - Setting next_dagrun for example_branch_operator to 2024-09-02 00:00:00+00:00, run_after=2024-09-03 00:00:00+00:00
[2024-09-03T15:52:16.307+0000] {processor.py:208} INFO - Processing /home/airflow/.local/lib/python3.12/site-packages/airflow/example_dags/example_branch_operator.py took 0.055 seconds
[2024-09-03T15:52:47.147+0000] {processor.py:186} INFO - Started process (PID=570) to work on /home/airflow/.local/lib/python3.12/site-packages/airflow/example_dags/example_branch_operator.py
[2024-09-03T15:52:47.149+0000] {processor.py:914} INFO - Processing file /home/airflow/.local/lib/python3.12/site-packages/airflow/example_dags/example_branch_operator.py for tasks to queue
[2024-09-03T15:52:47.150+0000] {logging_mixin.py:190} INFO - [2024-09-03T15:52:47.150+0000] {dagbag.py:587} INFO - Filling up the DagBag from /home/airflow/.local/lib/python3.12/site-packages/airflow/example_dags/example_branch_operator.py
[2024-09-03T15:52:47.163+0000] {processor.py:925} INFO - DAG(s) 'example_branch_operator' retrieved from /home/airflow/.local/lib/python3.12/site-packages/airflow/example_dags/example_branch_operator.py
[2024-09-03T15:52:47.186+0000] {logging_mixin.py:190} INFO - [2024-09-03T15:52:47.186+0000] {dag.py:3211} INFO - Sync 1 DAGs
[2024-09-03T15:52:47.204+0000] {logging_mixin.py:190} INFO - [2024-09-03T15:52:47.203+0000] {dag.py:4138} INFO - Setting next_dagrun for example_branch_operator to 2024-09-02 00:00:00+00:00, run_after=2024-09-03 00:00:00+00:00
[2024-09-03T15:52:47.219+0000] {processor.py:208} INFO - Processing /home/airflow/.local/lib/python3.12/site-packages/airflow/example_dags/example_branch_operator.py took 0.076 seconds
[2024-09-03T15:53:17.401+0000] {processor.py:186} INFO - Started process (PID=631) to work on /home/airflow/.local/lib/python3.12/site-packages/airflow/example_dags/example_branch_operator.py
[2024-09-03T15:53:17.403+0000] {processor.py:914} INFO - Processing file /home/airflow/.local/lib/python3.12/site-packages/airflow/example_dags/example_branch_operator.py for tasks to queue
[2024-09-03T15:53:17.404+0000] {logging_mixin.py:190} INFO - [2024-09-03T15:53:17.404+0000] {dagbag.py:587} INFO - Filling up the DagBag from /home/airflow/.local/lib/python3.12/site-packages/airflow/example_dags/example_branch_operator.py
[2024-09-03T15:53:17.415+0000] {processor.py:925} INFO - DAG(s) 'example_branch_operator' retrieved from /home/airflow/.local/lib/python3.12/site-packages/airflow/example_dags/example_branch_operator.py
[2024-09-03T15:53:17.433+0000] {logging_mixin.py:190} INFO - [2024-09-03T15:53:17.433+0000] {dag.py:3211} INFO - Sync 1 DAGs
[2024-09-03T15:53:17.445+0000] {logging_mixin.py:190} INFO - [2024-09-03T15:53:17.445+0000] {dag.py:4138} INFO - Setting next_dagrun for example_branch_operator to 2024-09-02 00:00:00+00:00, run_after=2024-09-03 00:00:00+00:00
[2024-09-03T15:53:17.453+0000] {processor.py:208} INFO - Processing /home/airflow/.local/lib/python3.12/site-packages/airflow/example_dags/example_branch_operator.py took 0.056 seconds
[2024-09-03T15:53:47.506+0000] {processor.py:186} INFO - Started process (PID=693) to work on /home/airflow/.local/lib/python3.12/site-packages/airflow/example_dags/example_branch_operator.py
[2024-09-03T15:53:47.507+0000] {processor.py:914} INFO - Processing file /home/airflow/.local/lib/python3.12/site-packages/airflow/example_dags/example_branch_operator.py for tasks to queue
[2024-09-03T15:53:47.508+0000] {logging_mixin.py:190} INFO - [2024-09-03T15:53:47.508+0000] {dagbag.py:587} INFO - Filling up the DagBag from /home/airflow/.local/lib/python3.12/site-packages/airflow/example_dags/example_branch_operator.py
[2024-09-03T15:53:47.518+0000] {processor.py:925} INFO - DAG(s) 'example_branch_operator' retrieved from /home/airflow/.local/lib/python3.12/site-packages/airflow/example_dags/example_branch_operator.py
[2024-09-03T15:53:47.535+0000] {logging_mixin.py:190} INFO - [2024-09-03T15:53:47.534+0000] {dag.py:3211} INFO - Sync 1 DAGs
[2024-09-03T15:53:47.546+0000] {logging_mixin.py:190} INFO - [2024-09-03T15:53:47.546+0000] {dag.py:4138} INFO - Setting next_dagrun for example_branch_operator to 2024-09-02 00:00:00+00:00, run_after=2024-09-03 00:00:00+00:00
[2024-09-03T15:53:47.554+0000] {processor.py:208} INFO - Processing /home/airflow/.local/lib/python3.12/site-packages/airflow/example_dags/example_branch_operator.py took 0.051 seconds
[2024-09-03T15:54:17.746+0000] {processor.py:186} INFO - Started process (PID=755) to work on /home/airflow/.local/lib/python3.12/site-packages/airflow/example_dags/example_branch_operator.py
[2024-09-03T15:54:17.747+0000] {processor.py:914} INFO - Processing file /home/airflow/.local/lib/python3.12/site-packages/airflow/example_dags/example_branch_operator.py for tasks to queue
[2024-09-03T15:54:17.748+0000] {logging_mixin.py:190} INFO - [2024-09-03T15:54:17.748+0000] {dagbag.py:587} INFO - Filling up the DagBag from /home/airflow/.local/lib/python3.12/site-packages/airflow/example_dags/example_branch_operator.py
[2024-09-03T15:54:17.758+0000] {processor.py:925} INFO - DAG(s) 'example_branch_operator' retrieved from /home/airflow/.local/lib/python3.12/site-packages/airflow/example_dags/example_branch_operator.py
[2024-09-03T15:54:17.774+0000] {logging_mixin.py:190} INFO - [2024-09-03T15:54:17.774+0000] {dag.py:3211} INFO - Sync 1 DAGs
[2024-09-03T15:54:17.785+0000] {logging_mixin.py:190} INFO - [2024-09-03T15:54:17.785+0000] {dag.py:4138} INFO - Setting next_dagrun for example_branch_operator to 2024-09-02 00:00:00+00:00, run_after=2024-09-03 00:00:00+00:00
[2024-09-03T15:54:17.793+0000] {processor.py:208} INFO - Processing /home/airflow/.local/lib/python3.12/site-packages/airflow/example_dags/example_branch_operator.py took 0.051 seconds
[2024-09-03T15:54:48.221+0000] {processor.py:186} INFO - Started process (PID=816) to work on /home/airflow/.local/lib/python3.12/site-packages/airflow/example_dags/example_branch_operator.py
[2024-09-03T15:54:48.222+0000] {processor.py:914} INFO - Processing file /home/airflow/.local/lib/python3.12/site-packages/airflow/example_dags/example_branch_operator.py for tasks to queue
[2024-09-03T15:54:48.224+0000] {logging_mixin.py:190} INFO - [2024-09-03T15:54:48.224+0000] {dagbag.py:587} INFO - Filling up the DagBag from /home/airflow/.local/lib/python3.12/site-packages/airflow/example_dags/example_branch_operator.py
[2024-09-03T15:54:48.236+0000] {processor.py:925} INFO - DAG(s) 'example_branch_operator' retrieved from /home/airflow/.local/lib/python3.12/site-packages/airflow/example_dags/example_branch_operator.py
[2024-09-03T15:54:48.257+0000] {logging_mixin.py:190} INFO - [2024-09-03T15:54:48.257+0000] {dag.py:3211} INFO - Sync 1 DAGs
[2024-09-03T15:54:48.269+0000] {logging_mixin.py:190} INFO - [2024-09-03T15:54:48.269+0000] {dag.py:4138} INFO - Setting next_dagrun for example_branch_operator to 2024-09-02 00:00:00+00:00, run_after=2024-09-03 00:00:00+00:00
[2024-09-03T15:54:48.277+0000] {processor.py:208} INFO - Processing /home/airflow/.local/lib/python3.12/site-packages/airflow/example_dags/example_branch_operator.py took 0.060 seconds
