[2024-09-03T15:48:41.433+0000] {processor.py:186} INFO - Started process (PID=76) to work on /home/airflow/.local/lib/python3.12/site-packages/airflow/example_dags/example_branch_labels.py
[2024-09-03T15:48:41.433+0000] {processor.py:914} INFO - Processing file /home/airflow/.local/lib/python3.12/site-packages/airflow/example_dags/example_branch_labels.py for tasks to queue
[2024-09-03T15:48:41.435+0000] {logging_mixin.py:190} INFO - [2024-09-03T15:48:41.435+0000] {dagbag.py:587} INFO - Filling up the DagBag from /home/airflow/.local/lib/python3.12/site-packages/airflow/example_dags/example_branch_labels.py
[2024-09-03T15:48:41.442+0000] {processor.py:925} INFO - DAG(s) 'example_branch_labels' retrieved from /home/airflow/.local/lib/python3.12/site-packages/airflow/example_dags/example_branch_labels.py
[2024-09-03T15:48:41.499+0000] {logging_mixin.py:190} INFO - [2024-09-03T15:48:41.499+0000] {override.py:1858} INFO - Created Permission View: can edit on DAG:example_branch_labels
[2024-09-03T15:48:41.505+0000] {logging_mixin.py:190} INFO - [2024-09-03T15:48:41.505+0000] {override.py:1858} INFO - Created Permission View: can read on DAG:example_branch_labels
[2024-09-03T15:48:41.511+0000] {logging_mixin.py:190} INFO - [2024-09-03T15:48:41.511+0000] {override.py:1858} INFO - Created Permission View: can delete on DAG:example_branch_labels
[2024-09-03T15:48:41.512+0000] {logging_mixin.py:190} INFO - [2024-09-03T15:48:41.512+0000] {dag.py:3211} INFO - Sync 1 DAGs
[2024-09-03T15:48:41.523+0000] {logging_mixin.py:190} INFO - [2024-09-03T15:48:41.523+0000] {dag.py:3234} INFO - Creating ORM DAG for example_branch_labels
[2024-09-03T15:48:41.531+0000] {logging_mixin.py:190} INFO - [2024-09-03T15:48:41.530+0000] {dag.py:4138} INFO - Setting next_dagrun for example_branch_labels to 2024-09-02 00:00:00+00:00, run_after=2024-09-03 00:00:00+00:00
[2024-09-03T15:48:41.539+0000] {processor.py:208} INFO - Processing /home/airflow/.local/lib/python3.12/site-packages/airflow/example_dags/example_branch_labels.py took 0.110 seconds
[2024-09-03T15:49:11.839+0000] {processor.py:186} INFO - Started process (PID=138) to work on /home/airflow/.local/lib/python3.12/site-packages/airflow/example_dags/example_branch_labels.py
[2024-09-03T15:49:11.840+0000] {processor.py:914} INFO - Processing file /home/airflow/.local/lib/python3.12/site-packages/airflow/example_dags/example_branch_labels.py for tasks to queue
[2024-09-03T15:49:11.842+0000] {logging_mixin.py:190} INFO - [2024-09-03T15:49:11.841+0000] {dagbag.py:587} INFO - Filling up the DagBag from /home/airflow/.local/lib/python3.12/site-packages/airflow/example_dags/example_branch_labels.py
[2024-09-03T15:49:11.848+0000] {processor.py:925} INFO - DAG(s) 'example_branch_labels' retrieved from /home/airflow/.local/lib/python3.12/site-packages/airflow/example_dags/example_branch_labels.py
[2024-09-03T15:49:11.864+0000] {logging_mixin.py:190} INFO - [2024-09-03T15:49:11.864+0000] {dag.py:3211} INFO - Sync 1 DAGs
[2024-09-03T15:49:11.878+0000] {logging_mixin.py:190} INFO - [2024-09-03T15:49:11.878+0000] {dag.py:4138} INFO - Setting next_dagrun for example_branch_labels to 2024-09-02 00:00:00+00:00, run_after=2024-09-03 00:00:00+00:00
[2024-09-03T15:49:11.888+0000] {processor.py:208} INFO - Processing /home/airflow/.local/lib/python3.12/site-packages/airflow/example_dags/example_branch_labels.py took 0.052 seconds
[2024-09-03T15:49:42.819+0000] {processor.py:186} INFO - Started process (PID=201) to work on /home/airflow/.local/lib/python3.12/site-packages/airflow/example_dags/example_branch_labels.py
[2024-09-03T15:49:42.820+0000] {processor.py:914} INFO - Processing file /home/airflow/.local/lib/python3.12/site-packages/airflow/example_dags/example_branch_labels.py for tasks to queue
[2024-09-03T15:49:42.821+0000] {logging_mixin.py:190} INFO - [2024-09-03T15:49:42.821+0000] {dagbag.py:587} INFO - Filling up the DagBag from /home/airflow/.local/lib/python3.12/site-packages/airflow/example_dags/example_branch_labels.py
[2024-09-03T15:49:42.829+0000] {processor.py:925} INFO - DAG(s) 'example_branch_labels' retrieved from /home/airflow/.local/lib/python3.12/site-packages/airflow/example_dags/example_branch_labels.py
[2024-09-03T15:49:42.844+0000] {logging_mixin.py:190} INFO - [2024-09-03T15:49:42.844+0000] {dag.py:3211} INFO - Sync 1 DAGs
[2024-09-03T15:49:42.857+0000] {logging_mixin.py:190} INFO - [2024-09-03T15:49:42.857+0000] {dag.py:4138} INFO - Setting next_dagrun for example_branch_labels to 2024-09-02 00:00:00+00:00, run_after=2024-09-03 00:00:00+00:00
[2024-09-03T15:49:42.865+0000] {processor.py:208} INFO - Processing /home/airflow/.local/lib/python3.12/site-packages/airflow/example_dags/example_branch_labels.py took 0.052 seconds
[2024-09-03T15:50:14.062+0000] {processor.py:186} INFO - Started process (PID=263) to work on /home/airflow/.local/lib/python3.12/site-packages/airflow/example_dags/example_branch_labels.py
[2024-09-03T15:50:14.063+0000] {processor.py:914} INFO - Processing file /home/airflow/.local/lib/python3.12/site-packages/airflow/example_dags/example_branch_labels.py for tasks to queue
[2024-09-03T15:50:14.065+0000] {logging_mixin.py:190} INFO - [2024-09-03T15:50:14.065+0000] {dagbag.py:587} INFO - Filling up the DagBag from /home/airflow/.local/lib/python3.12/site-packages/airflow/example_dags/example_branch_labels.py
[2024-09-03T15:50:14.072+0000] {processor.py:925} INFO - DAG(s) 'example_branch_labels' retrieved from /home/airflow/.local/lib/python3.12/site-packages/airflow/example_dags/example_branch_labels.py
[2024-09-03T15:50:14.088+0000] {logging_mixin.py:190} INFO - [2024-09-03T15:50:14.088+0000] {dag.py:3211} INFO - Sync 1 DAGs
[2024-09-03T15:50:14.112+0000] {logging_mixin.py:190} INFO - [2024-09-03T15:50:14.112+0000] {dag.py:4138} INFO - Setting next_dagrun for example_branch_labels to 2024-09-02 00:00:00+00:00, run_after=2024-09-03 00:00:00+00:00
[2024-09-03T15:50:14.214+0000] {processor.py:208} INFO - Processing /home/airflow/.local/lib/python3.12/site-packages/airflow/example_dags/example_branch_labels.py took 0.156 seconds
[2024-09-03T15:50:45.202+0000] {processor.py:186} INFO - Started process (PID=325) to work on /home/airflow/.local/lib/python3.12/site-packages/airflow/example_dags/example_branch_labels.py
[2024-09-03T15:50:45.203+0000] {processor.py:914} INFO - Processing file /home/airflow/.local/lib/python3.12/site-packages/airflow/example_dags/example_branch_labels.py for tasks to queue
[2024-09-03T15:50:45.205+0000] {logging_mixin.py:190} INFO - [2024-09-03T15:50:45.204+0000] {dagbag.py:587} INFO - Filling up the DagBag from /home/airflow/.local/lib/python3.12/site-packages/airflow/example_dags/example_branch_labels.py
[2024-09-03T15:50:45.210+0000] {processor.py:925} INFO - DAG(s) 'example_branch_labels' retrieved from /home/airflow/.local/lib/python3.12/site-packages/airflow/example_dags/example_branch_labels.py
[2024-09-03T15:50:45.224+0000] {logging_mixin.py:190} INFO - [2024-09-03T15:50:45.224+0000] {dag.py:3211} INFO - Sync 1 DAGs
[2024-09-03T15:50:45.235+0000] {logging_mixin.py:190} INFO - [2024-09-03T15:50:45.235+0000] {dag.py:4138} INFO - Setting next_dagrun for example_branch_labels to 2024-09-02 00:00:00+00:00, run_after=2024-09-03 00:00:00+00:00
[2024-09-03T15:50:45.243+0000] {processor.py:208} INFO - Processing /home/airflow/.local/lib/python3.12/site-packages/airflow/example_dags/example_branch_labels.py took 0.045 seconds
[2024-09-03T15:51:16.208+0000] {processor.py:186} INFO - Started process (PID=388) to work on /home/airflow/.local/lib/python3.12/site-packages/airflow/example_dags/example_branch_labels.py
[2024-09-03T15:51:16.209+0000] {processor.py:914} INFO - Processing file /home/airflow/.local/lib/python3.12/site-packages/airflow/example_dags/example_branch_labels.py for tasks to queue
[2024-09-03T15:51:16.210+0000] {logging_mixin.py:190} INFO - [2024-09-03T15:51:16.210+0000] {dagbag.py:587} INFO - Filling up the DagBag from /home/airflow/.local/lib/python3.12/site-packages/airflow/example_dags/example_branch_labels.py
[2024-09-03T15:51:16.216+0000] {processor.py:925} INFO - DAG(s) 'example_branch_labels' retrieved from /home/airflow/.local/lib/python3.12/site-packages/airflow/example_dags/example_branch_labels.py
[2024-09-03T15:51:16.230+0000] {logging_mixin.py:190} INFO - [2024-09-03T15:51:16.230+0000] {dag.py:3211} INFO - Sync 1 DAGs
[2024-09-03T15:51:16.241+0000] {logging_mixin.py:190} INFO - [2024-09-03T15:51:16.241+0000] {dag.py:4138} INFO - Setting next_dagrun for example_branch_labels to 2024-09-02 00:00:00+00:00, run_after=2024-09-03 00:00:00+00:00
[2024-09-03T15:51:16.249+0000] {processor.py:208} INFO - Processing /home/airflow/.local/lib/python3.12/site-packages/airflow/example_dags/example_branch_labels.py took 0.044 seconds
[2024-09-03T15:51:47.489+0000] {processor.py:186} INFO - Started process (PID=450) to work on /home/airflow/.local/lib/python3.12/site-packages/airflow/example_dags/example_branch_labels.py
[2024-09-03T15:51:47.490+0000] {processor.py:914} INFO - Processing file /home/airflow/.local/lib/python3.12/site-packages/airflow/example_dags/example_branch_labels.py for tasks to queue
[2024-09-03T15:51:47.492+0000] {logging_mixin.py:190} INFO - [2024-09-03T15:51:47.491+0000] {dagbag.py:587} INFO - Filling up the DagBag from /home/airflow/.local/lib/python3.12/site-packages/airflow/example_dags/example_branch_labels.py
[2024-09-03T15:51:47.498+0000] {processor.py:925} INFO - DAG(s) 'example_branch_labels' retrieved from /home/airflow/.local/lib/python3.12/site-packages/airflow/example_dags/example_branch_labels.py
[2024-09-03T15:51:47.514+0000] {logging_mixin.py:190} INFO - [2024-09-03T15:51:47.514+0000] {dag.py:3211} INFO - Sync 1 DAGs
[2024-09-03T15:51:47.532+0000] {logging_mixin.py:190} INFO - [2024-09-03T15:51:47.532+0000] {dag.py:4138} INFO - Setting next_dagrun for example_branch_labels to 2024-09-02 00:00:00+00:00, run_after=2024-09-03 00:00:00+00:00
[2024-09-03T15:51:47.544+0000] {processor.py:208} INFO - Processing /home/airflow/.local/lib/python3.12/site-packages/airflow/example_dags/example_branch_labels.py took 0.058 seconds
[2024-09-03T15:52:18.628+0000] {processor.py:186} INFO - Started process (PID=512) to work on /home/airflow/.local/lib/python3.12/site-packages/airflow/example_dags/example_branch_labels.py
[2024-09-03T15:52:18.629+0000] {processor.py:914} INFO - Processing file /home/airflow/.local/lib/python3.12/site-packages/airflow/example_dags/example_branch_labels.py for tasks to queue
[2024-09-03T15:52:18.631+0000] {logging_mixin.py:190} INFO - [2024-09-03T15:52:18.630+0000] {dagbag.py:587} INFO - Filling up the DagBag from /home/airflow/.local/lib/python3.12/site-packages/airflow/example_dags/example_branch_labels.py
[2024-09-03T15:52:18.638+0000] {processor.py:925} INFO - DAG(s) 'example_branch_labels' retrieved from /home/airflow/.local/lib/python3.12/site-packages/airflow/example_dags/example_branch_labels.py
[2024-09-03T15:52:18.654+0000] {logging_mixin.py:190} INFO - [2024-09-03T15:52:18.654+0000] {dag.py:3211} INFO - Sync 1 DAGs
[2024-09-03T15:52:18.666+0000] {logging_mixin.py:190} INFO - [2024-09-03T15:52:18.666+0000] {dag.py:4138} INFO - Setting next_dagrun for example_branch_labels to 2024-09-02 00:00:00+00:00, run_after=2024-09-03 00:00:00+00:00
[2024-09-03T15:52:18.673+0000] {processor.py:208} INFO - Processing /home/airflow/.local/lib/python3.12/site-packages/airflow/example_dags/example_branch_labels.py took 0.050 seconds
[2024-09-03T15:52:49.511+0000] {processor.py:186} INFO - Started process (PID=574) to work on /home/airflow/.local/lib/python3.12/site-packages/airflow/example_dags/example_branch_labels.py
[2024-09-03T15:52:49.513+0000] {processor.py:914} INFO - Processing file /home/airflow/.local/lib/python3.12/site-packages/airflow/example_dags/example_branch_labels.py for tasks to queue
[2024-09-03T15:52:49.516+0000] {logging_mixin.py:190} INFO - [2024-09-03T15:52:49.515+0000] {dagbag.py:587} INFO - Filling up the DagBag from /home/airflow/.local/lib/python3.12/site-packages/airflow/example_dags/example_branch_labels.py
[2024-09-03T15:52:49.523+0000] {processor.py:925} INFO - DAG(s) 'example_branch_labels' retrieved from /home/airflow/.local/lib/python3.12/site-packages/airflow/example_dags/example_branch_labels.py
[2024-09-03T15:52:49.543+0000] {logging_mixin.py:190} INFO - [2024-09-03T15:52:49.543+0000] {dag.py:3211} INFO - Sync 1 DAGs
[2024-09-03T15:52:49.560+0000] {logging_mixin.py:190} INFO - [2024-09-03T15:52:49.560+0000] {dag.py:4138} INFO - Setting next_dagrun for example_branch_labels to 2024-09-02 00:00:00+00:00, run_after=2024-09-03 00:00:00+00:00
[2024-09-03T15:52:49.569+0000] {processor.py:208} INFO - Processing /home/airflow/.local/lib/python3.12/site-packages/airflow/example_dags/example_branch_labels.py took 0.065 seconds
[2024-09-03T15:53:19.867+0000] {processor.py:186} INFO - Started process (PID=635) to work on /home/airflow/.local/lib/python3.12/site-packages/airflow/example_dags/example_branch_labels.py
[2024-09-03T15:53:19.868+0000] {processor.py:914} INFO - Processing file /home/airflow/.local/lib/python3.12/site-packages/airflow/example_dags/example_branch_labels.py for tasks to queue
[2024-09-03T15:53:19.870+0000] {logging_mixin.py:190} INFO - [2024-09-03T15:53:19.869+0000] {dagbag.py:587} INFO - Filling up the DagBag from /home/airflow/.local/lib/python3.12/site-packages/airflow/example_dags/example_branch_labels.py
[2024-09-03T15:53:19.876+0000] {processor.py:925} INFO - DAG(s) 'example_branch_labels' retrieved from /home/airflow/.local/lib/python3.12/site-packages/airflow/example_dags/example_branch_labels.py
[2024-09-03T15:53:19.892+0000] {logging_mixin.py:190} INFO - [2024-09-03T15:53:19.892+0000] {dag.py:3211} INFO - Sync 1 DAGs
[2024-09-03T15:53:19.906+0000] {logging_mixin.py:190} INFO - [2024-09-03T15:53:19.905+0000] {dag.py:4138} INFO - Setting next_dagrun for example_branch_labels to 2024-09-02 00:00:00+00:00, run_after=2024-09-03 00:00:00+00:00
[2024-09-03T15:53:19.915+0000] {processor.py:208} INFO - Processing /home/airflow/.local/lib/python3.12/site-packages/airflow/example_dags/example_branch_labels.py took 0.052 seconds
[2024-09-03T15:53:50.847+0000] {processor.py:186} INFO - Started process (PID=697) to work on /home/airflow/.local/lib/python3.12/site-packages/airflow/example_dags/example_branch_labels.py
[2024-09-03T15:53:50.848+0000] {processor.py:914} INFO - Processing file /home/airflow/.local/lib/python3.12/site-packages/airflow/example_dags/example_branch_labels.py for tasks to queue
[2024-09-03T15:53:50.850+0000] {logging_mixin.py:190} INFO - [2024-09-03T15:53:50.850+0000] {dagbag.py:587} INFO - Filling up the DagBag from /home/airflow/.local/lib/python3.12/site-packages/airflow/example_dags/example_branch_labels.py
[2024-09-03T15:53:50.856+0000] {processor.py:925} INFO - DAG(s) 'example_branch_labels' retrieved from /home/airflow/.local/lib/python3.12/site-packages/airflow/example_dags/example_branch_labels.py
[2024-09-03T15:53:50.875+0000] {logging_mixin.py:190} INFO - [2024-09-03T15:53:50.875+0000] {dag.py:3211} INFO - Sync 1 DAGs
[2024-09-03T15:53:50.891+0000] {logging_mixin.py:190} INFO - [2024-09-03T15:53:50.891+0000] {dag.py:4138} INFO - Setting next_dagrun for example_branch_labels to 2024-09-02 00:00:00+00:00, run_after=2024-09-03 00:00:00+00:00
[2024-09-03T15:53:50.899+0000] {processor.py:208} INFO - Processing /home/airflow/.local/lib/python3.12/site-packages/airflow/example_dags/example_branch_labels.py took 0.055 seconds
[2024-09-03T15:54:21.273+0000] {processor.py:186} INFO - Started process (PID=759) to work on /home/airflow/.local/lib/python3.12/site-packages/airflow/example_dags/example_branch_labels.py
[2024-09-03T15:54:21.274+0000] {processor.py:914} INFO - Processing file /home/airflow/.local/lib/python3.12/site-packages/airflow/example_dags/example_branch_labels.py for tasks to queue
[2024-09-03T15:54:21.276+0000] {logging_mixin.py:190} INFO - [2024-09-03T15:54:21.276+0000] {dagbag.py:587} INFO - Filling up the DagBag from /home/airflow/.local/lib/python3.12/site-packages/airflow/example_dags/example_branch_labels.py
[2024-09-03T15:54:21.288+0000] {processor.py:925} INFO - DAG(s) 'example_branch_labels' retrieved from /home/airflow/.local/lib/python3.12/site-packages/airflow/example_dags/example_branch_labels.py
[2024-09-03T15:54:21.321+0000] {logging_mixin.py:190} INFO - [2024-09-03T15:54:21.321+0000] {dag.py:3211} INFO - Sync 1 DAGs
[2024-09-03T15:54:21.356+0000] {logging_mixin.py:190} INFO - [2024-09-03T15:54:21.355+0000] {dag.py:4138} INFO - Setting next_dagrun for example_branch_labels to 2024-09-02 00:00:00+00:00, run_after=2024-09-03 00:00:00+00:00
[2024-09-03T15:54:21.366+0000] {processor.py:208} INFO - Processing /home/airflow/.local/lib/python3.12/site-packages/airflow/example_dags/example_branch_labels.py took 0.098 seconds
[2024-09-03T15:54:51.693+0000] {processor.py:186} INFO - Started process (PID=826) to work on /home/airflow/.local/lib/python3.12/site-packages/airflow/example_dags/example_branch_labels.py
[2024-09-03T15:54:51.694+0000] {processor.py:914} INFO - Processing file /home/airflow/.local/lib/python3.12/site-packages/airflow/example_dags/example_branch_labels.py for tasks to queue
[2024-09-03T15:54:51.696+0000] {logging_mixin.py:190} INFO - [2024-09-03T15:54:51.696+0000] {dagbag.py:587} INFO - Filling up the DagBag from /home/airflow/.local/lib/python3.12/site-packages/airflow/example_dags/example_branch_labels.py
[2024-09-03T15:54:51.702+0000] {processor.py:925} INFO - DAG(s) 'example_branch_labels' retrieved from /home/airflow/.local/lib/python3.12/site-packages/airflow/example_dags/example_branch_labels.py
[2024-09-03T15:54:51.716+0000] {logging_mixin.py:190} INFO - [2024-09-03T15:54:51.716+0000] {dag.py:3211} INFO - Sync 1 DAGs
[2024-09-03T15:54:51.728+0000] {logging_mixin.py:190} INFO - [2024-09-03T15:54:51.728+0000] {dag.py:4138} INFO - Setting next_dagrun for example_branch_labels to 2024-09-02 00:00:00+00:00, run_after=2024-09-03 00:00:00+00:00
[2024-09-03T15:54:51.736+0000] {processor.py:208} INFO - Processing /home/airflow/.local/lib/python3.12/site-packages/airflow/example_dags/example_branch_labels.py took 0.047 seconds
