[2024-09-03T15:48:41.173+0000] {processor.py:186} INFO - Started process (PID=74) to work on /home/airflow/.local/lib/python3.12/site-packages/airflow/example_dags/example_workday_timetable.py
[2024-09-03T15:48:41.176+0000] {processor.py:914} INFO - Processing file /home/airflow/.local/lib/python3.12/site-packages/airflow/example_dags/example_workday_timetable.py for tasks to queue
[2024-09-03T15:48:41.184+0000] {logging_mixin.py:190} INFO - [2024-09-03T15:48:41.183+0000] {dagbag.py:587} INFO - Filling up the DagBag from /home/airflow/.local/lib/python3.12/site-packages/airflow/example_dags/example_workday_timetable.py
[2024-09-03T15:48:41.196+0000] {processor.py:925} INFO - DAG(s) 'example_workday_timetable' retrieved from /home/airflow/.local/lib/python3.12/site-packages/airflow/example_dags/example_workday_timetable.py
[2024-09-03T15:48:41.294+0000] {logging_mixin.py:190} INFO - [2024-09-03T15:48:41.293+0000] {override.py:1858} INFO - Created Permission View: can edit on DAG:example_workday_timetable
[2024-09-03T15:48:41.304+0000] {logging_mixin.py:190} INFO - [2024-09-03T15:48:41.304+0000] {override.py:1858} INFO - Created Permission View: can read on DAG:example_workday_timetable
[2024-09-03T15:48:41.309+0000] {logging_mixin.py:190} INFO - [2024-09-03T15:48:41.309+0000] {override.py:1858} INFO - Created Permission View: can delete on DAG:example_workday_timetable
[2024-09-03T15:48:41.310+0000] {logging_mixin.py:190} INFO - [2024-09-03T15:48:41.310+0000] {dag.py:3211} INFO - Sync 1 DAGs
[2024-09-03T15:48:41.322+0000] {logging_mixin.py:190} INFO - [2024-09-03T15:48:41.322+0000] {dag.py:3234} INFO - Creating ORM DAG for example_workday_timetable
[2024-09-03T15:48:41.394+0000] {logging_mixin.py:190} INFO - [2024-09-03T15:48:41.394+0000] {dag.py:4138} INFO - Setting next_dagrun for example_workday_timetable to 2021-01-04 00:00:00+00:00, run_after=2021-01-05 00:00:00+00:00
[2024-09-03T15:48:41.408+0000] {processor.py:208} INFO - Processing /home/airflow/.local/lib/python3.12/site-packages/airflow/example_dags/example_workday_timetable.py took 0.243 seconds
[2024-09-03T15:49:11.673+0000] {processor.py:186} INFO - Started process (PID=136) to work on /home/airflow/.local/lib/python3.12/site-packages/airflow/example_dags/example_workday_timetable.py
[2024-09-03T15:49:11.674+0000] {processor.py:914} INFO - Processing file /home/airflow/.local/lib/python3.12/site-packages/airflow/example_dags/example_workday_timetable.py for tasks to queue
[2024-09-03T15:49:11.676+0000] {logging_mixin.py:190} INFO - [2024-09-03T15:49:11.675+0000] {dagbag.py:587} INFO - Filling up the DagBag from /home/airflow/.local/lib/python3.12/site-packages/airflow/example_dags/example_workday_timetable.py
[2024-09-03T15:49:11.680+0000] {processor.py:925} INFO - DAG(s) 'example_workday_timetable' retrieved from /home/airflow/.local/lib/python3.12/site-packages/airflow/example_dags/example_workday_timetable.py
[2024-09-03T15:49:11.699+0000] {logging_mixin.py:190} INFO - [2024-09-03T15:49:11.699+0000] {dag.py:3211} INFO - Sync 1 DAGs
[2024-09-03T15:49:11.766+0000] {logging_mixin.py:190} INFO - [2024-09-03T15:49:11.766+0000] {dag.py:4138} INFO - Setting next_dagrun for example_workday_timetable to 2021-01-04 00:00:00+00:00, run_after=2021-01-05 00:00:00+00:00
[2024-09-03T15:49:11.782+0000] {processor.py:208} INFO - Processing /home/airflow/.local/lib/python3.12/site-packages/airflow/example_dags/example_workday_timetable.py took 0.114 seconds
[2024-09-03T15:49:42.673+0000] {processor.py:186} INFO - Started process (PID=199) to work on /home/airflow/.local/lib/python3.12/site-packages/airflow/example_dags/example_workday_timetable.py
[2024-09-03T15:49:42.674+0000] {processor.py:914} INFO - Processing file /home/airflow/.local/lib/python3.12/site-packages/airflow/example_dags/example_workday_timetable.py for tasks to queue
[2024-09-03T15:49:42.675+0000] {logging_mixin.py:190} INFO - [2024-09-03T15:49:42.675+0000] {dagbag.py:587} INFO - Filling up the DagBag from /home/airflow/.local/lib/python3.12/site-packages/airflow/example_dags/example_workday_timetable.py
[2024-09-03T15:49:42.679+0000] {processor.py:925} INFO - DAG(s) 'example_workday_timetable' retrieved from /home/airflow/.local/lib/python3.12/site-packages/airflow/example_dags/example_workday_timetable.py
[2024-09-03T15:49:42.695+0000] {logging_mixin.py:190} INFO - [2024-09-03T15:49:42.695+0000] {dag.py:3211} INFO - Sync 1 DAGs
[2024-09-03T15:49:42.734+0000] {logging_mixin.py:190} INFO - [2024-09-03T15:49:42.734+0000] {dag.py:4138} INFO - Setting next_dagrun for example_workday_timetable to 2021-01-04 00:00:00+00:00, run_after=2021-01-05 00:00:00+00:00
[2024-09-03T15:49:42.744+0000] {processor.py:208} INFO - Processing /home/airflow/.local/lib/python3.12/site-packages/airflow/example_dags/example_workday_timetable.py took 0.076 seconds
[2024-09-03T15:50:13.867+0000] {processor.py:186} INFO - Started process (PID=261) to work on /home/airflow/.local/lib/python3.12/site-packages/airflow/example_dags/example_workday_timetable.py
[2024-09-03T15:50:13.868+0000] {processor.py:914} INFO - Processing file /home/airflow/.local/lib/python3.12/site-packages/airflow/example_dags/example_workday_timetable.py for tasks to queue
[2024-09-03T15:50:13.870+0000] {logging_mixin.py:190} INFO - [2024-09-03T15:50:13.870+0000] {dagbag.py:587} INFO - Filling up the DagBag from /home/airflow/.local/lib/python3.12/site-packages/airflow/example_dags/example_workday_timetable.py
[2024-09-03T15:50:13.874+0000] {processor.py:925} INFO - DAG(s) 'example_workday_timetable' retrieved from /home/airflow/.local/lib/python3.12/site-packages/airflow/example_dags/example_workday_timetable.py
[2024-09-03T15:50:13.889+0000] {logging_mixin.py:190} INFO - [2024-09-03T15:50:13.888+0000] {dag.py:3211} INFO - Sync 1 DAGs
[2024-09-03T15:50:13.951+0000] {logging_mixin.py:190} INFO - [2024-09-03T15:50:13.951+0000] {dag.py:4138} INFO - Setting next_dagrun for example_workday_timetable to 2021-01-04 00:00:00+00:00, run_after=2021-01-05 00:00:00+00:00
[2024-09-03T15:50:13.965+0000] {processor.py:208} INFO - Processing /home/airflow/.local/lib/python3.12/site-packages/airflow/example_dags/example_workday_timetable.py took 0.101 seconds
[2024-09-03T15:50:45.008+0000] {processor.py:186} INFO - Started process (PID=323) to work on /home/airflow/.local/lib/python3.12/site-packages/airflow/example_dags/example_workday_timetable.py
[2024-09-03T15:50:45.010+0000] {processor.py:914} INFO - Processing file /home/airflow/.local/lib/python3.12/site-packages/airflow/example_dags/example_workday_timetable.py for tasks to queue
[2024-09-03T15:50:45.013+0000] {logging_mixin.py:190} INFO - [2024-09-03T15:50:45.012+0000] {dagbag.py:587} INFO - Filling up the DagBag from /home/airflow/.local/lib/python3.12/site-packages/airflow/example_dags/example_workday_timetable.py
[2024-09-03T15:50:45.020+0000] {processor.py:925} INFO - DAG(s) 'example_workday_timetable' retrieved from /home/airflow/.local/lib/python3.12/site-packages/airflow/example_dags/example_workday_timetable.py
[2024-09-03T15:50:45.042+0000] {logging_mixin.py:190} INFO - [2024-09-03T15:50:45.042+0000] {dag.py:3211} INFO - Sync 1 DAGs
[2024-09-03T15:50:45.089+0000] {logging_mixin.py:190} INFO - [2024-09-03T15:50:45.089+0000] {dag.py:4138} INFO - Setting next_dagrun for example_workday_timetable to 2021-01-04 00:00:00+00:00, run_after=2021-01-05 00:00:00+00:00
[2024-09-03T15:50:45.100+0000] {processor.py:208} INFO - Processing /home/airflow/.local/lib/python3.12/site-packages/airflow/example_dags/example_workday_timetable.py took 0.104 seconds
[2024-09-03T15:51:16.006+0000] {processor.py:186} INFO - Started process (PID=386) to work on /home/airflow/.local/lib/python3.12/site-packages/airflow/example_dags/example_workday_timetable.py
[2024-09-03T15:51:16.007+0000] {processor.py:914} INFO - Processing file /home/airflow/.local/lib/python3.12/site-packages/airflow/example_dags/example_workday_timetable.py for tasks to queue
[2024-09-03T15:51:16.010+0000] {logging_mixin.py:190} INFO - [2024-09-03T15:51:16.010+0000] {dagbag.py:587} INFO - Filling up the DagBag from /home/airflow/.local/lib/python3.12/site-packages/airflow/example_dags/example_workday_timetable.py
[2024-09-03T15:51:16.022+0000] {processor.py:925} INFO - DAG(s) 'example_workday_timetable' retrieved from /home/airflow/.local/lib/python3.12/site-packages/airflow/example_dags/example_workday_timetable.py
[2024-09-03T15:51:16.044+0000] {logging_mixin.py:190} INFO - [2024-09-03T15:51:16.044+0000] {dag.py:3211} INFO - Sync 1 DAGs
[2024-09-03T15:51:16.101+0000] {logging_mixin.py:190} INFO - [2024-09-03T15:51:16.100+0000] {dag.py:4138} INFO - Setting next_dagrun for example_workday_timetable to 2021-01-04 00:00:00+00:00, run_after=2021-01-05 00:00:00+00:00
[2024-09-03T15:51:16.113+0000] {processor.py:208} INFO - Processing /home/airflow/.local/lib/python3.12/site-packages/airflow/example_dags/example_workday_timetable.py took 0.117 seconds
[2024-09-03T15:51:47.185+0000] {processor.py:186} INFO - Started process (PID=448) to work on /home/airflow/.local/lib/python3.12/site-packages/airflow/example_dags/example_workday_timetable.py
[2024-09-03T15:51:47.186+0000] {processor.py:914} INFO - Processing file /home/airflow/.local/lib/python3.12/site-packages/airflow/example_dags/example_workday_timetable.py for tasks to queue
[2024-09-03T15:51:47.189+0000] {logging_mixin.py:190} INFO - [2024-09-03T15:51:47.189+0000] {dagbag.py:587} INFO - Filling up the DagBag from /home/airflow/.local/lib/python3.12/site-packages/airflow/example_dags/example_workday_timetable.py
[2024-09-03T15:51:47.200+0000] {processor.py:925} INFO - DAG(s) 'example_workday_timetable' retrieved from /home/airflow/.local/lib/python3.12/site-packages/airflow/example_dags/example_workday_timetable.py
[2024-09-03T15:51:47.250+0000] {logging_mixin.py:190} INFO - [2024-09-03T15:51:47.250+0000] {dag.py:3211} INFO - Sync 1 DAGs
[2024-09-03T15:51:47.300+0000] {logging_mixin.py:190} INFO - [2024-09-03T15:51:47.299+0000] {dag.py:4138} INFO - Setting next_dagrun for example_workday_timetable to 2021-01-04 00:00:00+00:00, run_after=2021-01-05 00:00:00+00:00
[2024-09-03T15:51:47.327+0000] {processor.py:208} INFO - Processing /home/airflow/.local/lib/python3.12/site-packages/airflow/example_dags/example_workday_timetable.py took 0.150 seconds
[2024-09-03T15:52:18.397+0000] {processor.py:186} INFO - Started process (PID=510) to work on /home/airflow/.local/lib/python3.12/site-packages/airflow/example_dags/example_workday_timetable.py
[2024-09-03T15:52:18.401+0000] {processor.py:914} INFO - Processing file /home/airflow/.local/lib/python3.12/site-packages/airflow/example_dags/example_workday_timetable.py for tasks to queue
[2024-09-03T15:52:18.408+0000] {logging_mixin.py:190} INFO - [2024-09-03T15:52:18.407+0000] {dagbag.py:587} INFO - Filling up the DagBag from /home/airflow/.local/lib/python3.12/site-packages/airflow/example_dags/example_workday_timetable.py
[2024-09-03T15:52:18.424+0000] {processor.py:925} INFO - DAG(s) 'example_workday_timetable' retrieved from /home/airflow/.local/lib/python3.12/site-packages/airflow/example_dags/example_workday_timetable.py
[2024-09-03T15:52:18.451+0000] {logging_mixin.py:190} INFO - [2024-09-03T15:52:18.450+0000] {dag.py:3211} INFO - Sync 1 DAGs
[2024-09-03T15:52:18.505+0000] {logging_mixin.py:190} INFO - [2024-09-03T15:52:18.505+0000] {dag.py:4138} INFO - Setting next_dagrun for example_workday_timetable to 2021-01-04 00:00:00+00:00, run_after=2021-01-05 00:00:00+00:00
[2024-09-03T15:52:18.517+0000] {processor.py:208} INFO - Processing /home/airflow/.local/lib/python3.12/site-packages/airflow/example_dags/example_workday_timetable.py took 0.136 seconds
[2024-09-03T15:52:49.275+0000] {processor.py:186} INFO - Started process (PID=572) to work on /home/airflow/.local/lib/python3.12/site-packages/airflow/example_dags/example_workday_timetable.py
[2024-09-03T15:52:49.276+0000] {processor.py:914} INFO - Processing file /home/airflow/.local/lib/python3.12/site-packages/airflow/example_dags/example_workday_timetable.py for tasks to queue
[2024-09-03T15:52:49.279+0000] {logging_mixin.py:190} INFO - [2024-09-03T15:52:49.279+0000] {dagbag.py:587} INFO - Filling up the DagBag from /home/airflow/.local/lib/python3.12/site-packages/airflow/example_dags/example_workday_timetable.py
[2024-09-03T15:52:49.287+0000] {processor.py:925} INFO - DAG(s) 'example_workday_timetable' retrieved from /home/airflow/.local/lib/python3.12/site-packages/airflow/example_dags/example_workday_timetable.py
[2024-09-03T15:52:49.312+0000] {logging_mixin.py:190} INFO - [2024-09-03T15:52:49.312+0000] {dag.py:3211} INFO - Sync 1 DAGs
[2024-09-03T15:52:49.372+0000] {logging_mixin.py:190} INFO - [2024-09-03T15:52:49.372+0000] {dag.py:4138} INFO - Setting next_dagrun for example_workday_timetable to 2021-01-04 00:00:00+00:00, run_after=2021-01-05 00:00:00+00:00
[2024-09-03T15:52:49.387+0000] {processor.py:208} INFO - Processing /home/airflow/.local/lib/python3.12/site-packages/airflow/example_dags/example_workday_timetable.py took 0.120 seconds
[2024-09-03T15:53:19.579+0000] {processor.py:186} INFO - Started process (PID=632) to work on /home/airflow/.local/lib/python3.12/site-packages/airflow/example_dags/example_workday_timetable.py
[2024-09-03T15:53:19.583+0000] {processor.py:914} INFO - Processing file /home/airflow/.local/lib/python3.12/site-packages/airflow/example_dags/example_workday_timetable.py for tasks to queue
[2024-09-03T15:53:19.602+0000] {logging_mixin.py:190} INFO - [2024-09-03T15:53:19.601+0000] {dagbag.py:587} INFO - Filling up the DagBag from /home/airflow/.local/lib/python3.12/site-packages/airflow/example_dags/example_workday_timetable.py
[2024-09-03T15:53:19.617+0000] {processor.py:925} INFO - DAG(s) 'example_workday_timetable' retrieved from /home/airflow/.local/lib/python3.12/site-packages/airflow/example_dags/example_workday_timetable.py
[2024-09-03T15:53:19.658+0000] {logging_mixin.py:190} INFO - [2024-09-03T15:53:19.657+0000] {dag.py:3211} INFO - Sync 1 DAGs
[2024-09-03T15:53:19.723+0000] {logging_mixin.py:190} INFO - [2024-09-03T15:53:19.723+0000] {dag.py:4138} INFO - Setting next_dagrun for example_workday_timetable to 2021-01-04 00:00:00+00:00, run_after=2021-01-05 00:00:00+00:00
[2024-09-03T15:53:19.747+0000] {processor.py:208} INFO - Processing /home/airflow/.local/lib/python3.12/site-packages/airflow/example_dags/example_workday_timetable.py took 0.177 seconds
[2024-09-03T15:53:50.630+0000] {processor.py:186} INFO - Started process (PID=695) to work on /home/airflow/.local/lib/python3.12/site-packages/airflow/example_dags/example_workday_timetable.py
[2024-09-03T15:53:50.632+0000] {processor.py:914} INFO - Processing file /home/airflow/.local/lib/python3.12/site-packages/airflow/example_dags/example_workday_timetable.py for tasks to queue
[2024-09-03T15:53:50.635+0000] {logging_mixin.py:190} INFO - [2024-09-03T15:53:50.635+0000] {dagbag.py:587} INFO - Filling up the DagBag from /home/airflow/.local/lib/python3.12/site-packages/airflow/example_dags/example_workday_timetable.py
[2024-09-03T15:53:50.643+0000] {processor.py:925} INFO - DAG(s) 'example_workday_timetable' retrieved from /home/airflow/.local/lib/python3.12/site-packages/airflow/example_dags/example_workday_timetable.py
[2024-09-03T15:53:50.678+0000] {logging_mixin.py:190} INFO - [2024-09-03T15:53:50.677+0000] {dag.py:3211} INFO - Sync 1 DAGs
[2024-09-03T15:53:50.732+0000] {logging_mixin.py:190} INFO - [2024-09-03T15:53:50.732+0000] {dag.py:4138} INFO - Setting next_dagrun for example_workday_timetable to 2021-01-04 00:00:00+00:00, run_after=2021-01-05 00:00:00+00:00
[2024-09-03T15:53:50.751+0000] {processor.py:208} INFO - Processing /home/airflow/.local/lib/python3.12/site-packages/airflow/example_dags/example_workday_timetable.py took 0.130 seconds
[2024-09-03T15:54:20.852+0000] {processor.py:186} INFO - Started process (PID=756) to work on /home/airflow/.local/lib/python3.12/site-packages/airflow/example_dags/example_workday_timetable.py
[2024-09-03T15:54:20.856+0000] {processor.py:914} INFO - Processing file /home/airflow/.local/lib/python3.12/site-packages/airflow/example_dags/example_workday_timetable.py for tasks to queue
[2024-09-03T15:54:20.863+0000] {logging_mixin.py:190} INFO - [2024-09-03T15:54:20.862+0000] {dagbag.py:587} INFO - Filling up the DagBag from /home/airflow/.local/lib/python3.12/site-packages/airflow/example_dags/example_workday_timetable.py
[2024-09-03T15:54:20.885+0000] {processor.py:925} INFO - DAG(s) 'example_workday_timetable' retrieved from /home/airflow/.local/lib/python3.12/site-packages/airflow/example_dags/example_workday_timetable.py
[2024-09-03T15:54:20.924+0000] {logging_mixin.py:190} INFO - [2024-09-03T15:54:20.924+0000] {dag.py:3211} INFO - Sync 1 DAGs
[2024-09-03T15:54:21.011+0000] {logging_mixin.py:190} INFO - [2024-09-03T15:54:21.011+0000] {dag.py:4138} INFO - Setting next_dagrun for example_workday_timetable to 2021-01-04 00:00:00+00:00, run_after=2021-01-05 00:00:00+00:00
[2024-09-03T15:54:21.029+0000] {processor.py:208} INFO - Processing /home/airflow/.local/lib/python3.12/site-packages/airflow/example_dags/example_workday_timetable.py took 0.186 seconds
[2024-09-03T15:54:51.423+0000] {processor.py:186} INFO - Started process (PID=818) to work on /home/airflow/.local/lib/python3.12/site-packages/airflow/example_dags/example_workday_timetable.py
[2024-09-03T15:54:51.430+0000] {processor.py:914} INFO - Processing file /home/airflow/.local/lib/python3.12/site-packages/airflow/example_dags/example_workday_timetable.py for tasks to queue
[2024-09-03T15:54:51.436+0000] {logging_mixin.py:190} INFO - [2024-09-03T15:54:51.436+0000] {dagbag.py:587} INFO - Filling up the DagBag from /home/airflow/.local/lib/python3.12/site-packages/airflow/example_dags/example_workday_timetable.py
[2024-09-03T15:54:51.449+0000] {processor.py:925} INFO - DAG(s) 'example_workday_timetable' retrieved from /home/airflow/.local/lib/python3.12/site-packages/airflow/example_dags/example_workday_timetable.py
[2024-09-03T15:54:51.502+0000] {logging_mixin.py:190} INFO - [2024-09-03T15:54:51.502+0000] {dag.py:3211} INFO - Sync 1 DAGs
[2024-09-03T15:54:51.562+0000] {logging_mixin.py:190} INFO - [2024-09-03T15:54:51.562+0000] {dag.py:4138} INFO - Setting next_dagrun for example_workday_timetable to 2021-01-04 00:00:00+00:00, run_after=2021-01-05 00:00:00+00:00
[2024-09-03T15:54:51.574+0000] {processor.py:208} INFO - Processing /home/airflow/.local/lib/python3.12/site-packages/airflow/example_dags/example_workday_timetable.py took 0.169 seconds
