[2024-09-03T15:48:37.023+0000] {processor.py:186} INFO - Started process (PID=36) to work on /home/airflow/.local/lib/python3.12/site-packages/airflow/example_dags/example_inlet_event_extra.py
[2024-09-03T15:48:37.024+0000] {processor.py:914} INFO - Processing file /home/airflow/.local/lib/python3.12/site-packages/airflow/example_dags/example_inlet_event_extra.py for tasks to queue
[2024-09-03T15:48:37.025+0000] {logging_mixin.py:190} INFO - [2024-09-03T15:48:37.025+0000] {dagbag.py:587} INFO - Filling up the DagBag from /home/airflow/.local/lib/python3.12/site-packages/airflow/example_dags/example_inlet_event_extra.py
[2024-09-03T15:48:37.158+0000] {processor.py:925} INFO - DAG(s) 'read_dataset_event', 'read_dataset_event_from_classic' retrieved from /home/airflow/.local/lib/python3.12/site-packages/airflow/example_dags/example_inlet_event_extra.py
[2024-09-03T15:48:37.271+0000] {logging_mixin.py:190} INFO - [2024-09-03T15:48:37.270+0000] {override.py:1858} INFO - Created Permission View: can edit on DAG:read_dataset_event
[2024-09-03T15:48:37.282+0000] {logging_mixin.py:190} INFO - [2024-09-03T15:48:37.282+0000] {override.py:1858} INFO - Created Permission View: can read on DAG:read_dataset_event
[2024-09-03T15:48:37.286+0000] {logging_mixin.py:190} INFO - [2024-09-03T15:48:37.285+0000] {override.py:1858} INFO - Created Permission View: can delete on DAG:read_dataset_event
[2024-09-03T15:48:37.291+0000] {logging_mixin.py:190} INFO - [2024-09-03T15:48:37.291+0000] {override.py:1858} INFO - Created Permission View: can edit on DAG:read_dataset_event_from_classic
[2024-09-03T15:48:37.294+0000] {logging_mixin.py:190} INFO - [2024-09-03T15:48:37.294+0000] {override.py:1858} INFO - Created Permission View: can read on DAG:read_dataset_event_from_classic
[2024-09-03T15:48:37.298+0000] {logging_mixin.py:190} INFO - [2024-09-03T15:48:37.297+0000] {override.py:1858} INFO - Created Permission View: can delete on DAG:read_dataset_event_from_classic
[2024-09-03T15:48:37.298+0000] {logging_mixin.py:190} INFO - [2024-09-03T15:48:37.298+0000] {dag.py:3211} INFO - Sync 2 DAGs
[2024-09-03T15:48:37.310+0000] {logging_mixin.py:190} INFO - [2024-09-03T15:48:37.310+0000] {dag.py:3234} INFO - Creating ORM DAG for read_dataset_event_from_classic
[2024-09-03T15:48:37.311+0000] {logging_mixin.py:190} INFO - [2024-09-03T15:48:37.311+0000] {dag.py:3234} INFO - Creating ORM DAG for read_dataset_event
[2024-09-03T15:48:37.322+0000] {logging_mixin.py:190} INFO - [2024-09-03T15:48:37.322+0000] {dag.py:4138} INFO - Setting next_dagrun for read_dataset_event to 2024-09-02 00:00:00+00:00, run_after=2024-09-03 00:00:00+00:00
[2024-09-03T15:48:37.326+0000] {logging_mixin.py:190} INFO - [2024-09-03T15:48:37.326+0000] {dag.py:4138} INFO - Setting next_dagrun for read_dataset_event_from_classic to 2024-09-02 00:00:00+00:00, run_after=2024-09-03 00:00:00+00:00
[2024-09-03T15:48:37.340+0000] {processor.py:208} INFO - Processing /home/airflow/.local/lib/python3.12/site-packages/airflow/example_dags/example_inlet_event_extra.py took 0.321 seconds
[2024-09-03T15:49:08.260+0000] {processor.py:186} INFO - Started process (PID=98) to work on /home/airflow/.local/lib/python3.12/site-packages/airflow/example_dags/example_inlet_event_extra.py
[2024-09-03T15:49:08.262+0000] {processor.py:914} INFO - Processing file /home/airflow/.local/lib/python3.12/site-packages/airflow/example_dags/example_inlet_event_extra.py for tasks to queue
[2024-09-03T15:49:08.265+0000] {logging_mixin.py:190} INFO - [2024-09-03T15:49:08.265+0000] {dagbag.py:587} INFO - Filling up the DagBag from /home/airflow/.local/lib/python3.12/site-packages/airflow/example_dags/example_inlet_event_extra.py
[2024-09-03T15:49:08.354+0000] {processor.py:925} INFO - DAG(s) 'read_dataset_event_from_classic', 'read_dataset_event' retrieved from /home/airflow/.local/lib/python3.12/site-packages/airflow/example_dags/example_inlet_event_extra.py
[2024-09-03T15:49:08.369+0000] {logging_mixin.py:190} INFO - [2024-09-03T15:49:08.369+0000] {dag.py:3211} INFO - Sync 2 DAGs
[2024-09-03T15:49:08.381+0000] {logging_mixin.py:190} INFO - [2024-09-03T15:49:08.381+0000] {dag.py:4138} INFO - Setting next_dagrun for read_dataset_event to 2024-09-02 00:00:00+00:00, run_after=2024-09-03 00:00:00+00:00
[2024-09-03T15:49:08.384+0000] {logging_mixin.py:190} INFO - [2024-09-03T15:49:08.384+0000] {dag.py:4138} INFO - Setting next_dagrun for read_dataset_event_from_classic to 2024-09-02 00:00:00+00:00, run_after=2024-09-03 00:00:00+00:00
[2024-09-03T15:49:08.391+0000] {processor.py:208} INFO - Processing /home/airflow/.local/lib/python3.12/site-packages/airflow/example_dags/example_inlet_event_extra.py took 0.138 seconds
[2024-09-03T15:49:39.034+0000] {processor.py:186} INFO - Started process (PID=161) to work on /home/airflow/.local/lib/python3.12/site-packages/airflow/example_dags/example_inlet_event_extra.py
[2024-09-03T15:49:39.037+0000] {processor.py:914} INFO - Processing file /home/airflow/.local/lib/python3.12/site-packages/airflow/example_dags/example_inlet_event_extra.py for tasks to queue
[2024-09-03T15:49:39.043+0000] {logging_mixin.py:190} INFO - [2024-09-03T15:49:39.042+0000] {dagbag.py:587} INFO - Filling up the DagBag from /home/airflow/.local/lib/python3.12/site-packages/airflow/example_dags/example_inlet_event_extra.py
[2024-09-03T15:49:39.146+0000] {processor.py:925} INFO - DAG(s) 'read_dataset_event_from_classic', 'read_dataset_event' retrieved from /home/airflow/.local/lib/python3.12/site-packages/airflow/example_dags/example_inlet_event_extra.py
[2024-09-03T15:49:39.162+0000] {logging_mixin.py:190} INFO - [2024-09-03T15:49:39.162+0000] {dag.py:3211} INFO - Sync 2 DAGs
[2024-09-03T15:49:39.174+0000] {logging_mixin.py:190} INFO - [2024-09-03T15:49:39.174+0000] {dag.py:4138} INFO - Setting next_dagrun for read_dataset_event to 2024-09-02 00:00:00+00:00, run_after=2024-09-03 00:00:00+00:00
[2024-09-03T15:49:39.178+0000] {logging_mixin.py:190} INFO - [2024-09-03T15:49:39.178+0000] {dag.py:4138} INFO - Setting next_dagrun for read_dataset_event_from_classic to 2024-09-02 00:00:00+00:00, run_after=2024-09-03 00:00:00+00:00
[2024-09-03T15:49:39.186+0000] {processor.py:208} INFO - Processing /home/airflow/.local/lib/python3.12/site-packages/airflow/example_dags/example_inlet_event_extra.py took 0.162 seconds
[2024-09-03T15:50:10.018+0000] {processor.py:186} INFO - Started process (PID=223) to work on /home/airflow/.local/lib/python3.12/site-packages/airflow/example_dags/example_inlet_event_extra.py
[2024-09-03T15:50:10.021+0000] {processor.py:914} INFO - Processing file /home/airflow/.local/lib/python3.12/site-packages/airflow/example_dags/example_inlet_event_extra.py for tasks to queue
[2024-09-03T15:50:10.025+0000] {logging_mixin.py:190} INFO - [2024-09-03T15:50:10.024+0000] {dagbag.py:587} INFO - Filling up the DagBag from /home/airflow/.local/lib/python3.12/site-packages/airflow/example_dags/example_inlet_event_extra.py
[2024-09-03T15:50:10.110+0000] {processor.py:925} INFO - DAG(s) 'read_dataset_event', 'read_dataset_event_from_classic' retrieved from /home/airflow/.local/lib/python3.12/site-packages/airflow/example_dags/example_inlet_event_extra.py
[2024-09-03T15:50:10.124+0000] {logging_mixin.py:190} INFO - [2024-09-03T15:50:10.124+0000] {dag.py:3211} INFO - Sync 2 DAGs
[2024-09-03T15:50:10.137+0000] {logging_mixin.py:190} INFO - [2024-09-03T15:50:10.137+0000] {dag.py:4138} INFO - Setting next_dagrun for read_dataset_event to 2024-09-02 00:00:00+00:00, run_after=2024-09-03 00:00:00+00:00
[2024-09-03T15:50:10.139+0000] {logging_mixin.py:190} INFO - [2024-09-03T15:50:10.139+0000] {dag.py:4138} INFO - Setting next_dagrun for read_dataset_event_from_classic to 2024-09-02 00:00:00+00:00, run_after=2024-09-03 00:00:00+00:00
[2024-09-03T15:50:10.147+0000] {processor.py:208} INFO - Processing /home/airflow/.local/lib/python3.12/site-packages/airflow/example_dags/example_inlet_event_extra.py took 0.139 seconds
[2024-09-03T15:50:40.460+0000] {processor.py:186} INFO - Started process (PID=285) to work on /home/airflow/.local/lib/python3.12/site-packages/airflow/example_dags/example_inlet_event_extra.py
[2024-09-03T15:50:40.462+0000] {processor.py:914} INFO - Processing file /home/airflow/.local/lib/python3.12/site-packages/airflow/example_dags/example_inlet_event_extra.py for tasks to queue
[2024-09-03T15:50:40.466+0000] {logging_mixin.py:190} INFO - [2024-09-03T15:50:40.466+0000] {dagbag.py:587} INFO - Filling up the DagBag from /home/airflow/.local/lib/python3.12/site-packages/airflow/example_dags/example_inlet_event_extra.py
[2024-09-03T15:50:40.567+0000] {processor.py:925} INFO - DAG(s) 'read_dataset_event_from_classic', 'read_dataset_event' retrieved from /home/airflow/.local/lib/python3.12/site-packages/airflow/example_dags/example_inlet_event_extra.py
[2024-09-03T15:50:40.588+0000] {logging_mixin.py:190} INFO - [2024-09-03T15:50:40.588+0000] {dag.py:3211} INFO - Sync 2 DAGs
[2024-09-03T15:50:40.608+0000] {logging_mixin.py:190} INFO - [2024-09-03T15:50:40.608+0000] {dag.py:4138} INFO - Setting next_dagrun for read_dataset_event to 2024-09-02 00:00:00+00:00, run_after=2024-09-03 00:00:00+00:00
[2024-09-03T15:50:40.612+0000] {logging_mixin.py:190} INFO - [2024-09-03T15:50:40.612+0000] {dag.py:4138} INFO - Setting next_dagrun for read_dataset_event_from_classic to 2024-09-02 00:00:00+00:00, run_after=2024-09-03 00:00:00+00:00
[2024-09-03T15:50:40.628+0000] {processor.py:208} INFO - Processing /home/airflow/.local/lib/python3.12/site-packages/airflow/example_dags/example_inlet_event_extra.py took 0.178 seconds
[2024-09-03T15:51:11.444+0000] {processor.py:186} INFO - Started process (PID=348) to work on /home/airflow/.local/lib/python3.12/site-packages/airflow/example_dags/example_inlet_event_extra.py
[2024-09-03T15:51:11.447+0000] {processor.py:914} INFO - Processing file /home/airflow/.local/lib/python3.12/site-packages/airflow/example_dags/example_inlet_event_extra.py for tasks to queue
[2024-09-03T15:51:11.451+0000] {logging_mixin.py:190} INFO - [2024-09-03T15:51:11.450+0000] {dagbag.py:587} INFO - Filling up the DagBag from /home/airflow/.local/lib/python3.12/site-packages/airflow/example_dags/example_inlet_event_extra.py
[2024-09-03T15:51:11.551+0000] {processor.py:925} INFO - DAG(s) 'read_dataset_event_from_classic', 'read_dataset_event' retrieved from /home/airflow/.local/lib/python3.12/site-packages/airflow/example_dags/example_inlet_event_extra.py
[2024-09-03T15:51:11.571+0000] {logging_mixin.py:190} INFO - [2024-09-03T15:51:11.571+0000] {dag.py:3211} INFO - Sync 2 DAGs
[2024-09-03T15:51:11.586+0000] {logging_mixin.py:190} INFO - [2024-09-03T15:51:11.585+0000] {dag.py:4138} INFO - Setting next_dagrun for read_dataset_event to 2024-09-02 00:00:00+00:00, run_after=2024-09-03 00:00:00+00:00
[2024-09-03T15:51:11.588+0000] {logging_mixin.py:190} INFO - [2024-09-03T15:51:11.588+0000] {dag.py:4138} INFO - Setting next_dagrun for read_dataset_event_from_classic to 2024-09-02 00:00:00+00:00, run_after=2024-09-03 00:00:00+00:00
[2024-09-03T15:51:11.596+0000] {processor.py:208} INFO - Processing /home/airflow/.local/lib/python3.12/site-packages/airflow/example_dags/example_inlet_event_extra.py took 0.164 seconds
[2024-09-03T15:51:42.562+0000] {processor.py:186} INFO - Started process (PID=410) to work on /home/airflow/.local/lib/python3.12/site-packages/airflow/example_dags/example_inlet_event_extra.py
[2024-09-03T15:51:42.564+0000] {processor.py:914} INFO - Processing file /home/airflow/.local/lib/python3.12/site-packages/airflow/example_dags/example_inlet_event_extra.py for tasks to queue
[2024-09-03T15:51:42.569+0000] {logging_mixin.py:190} INFO - [2024-09-03T15:51:42.568+0000] {dagbag.py:587} INFO - Filling up the DagBag from /home/airflow/.local/lib/python3.12/site-packages/airflow/example_dags/example_inlet_event_extra.py
[2024-09-03T15:51:42.702+0000] {processor.py:925} INFO - DAG(s) 'read_dataset_event_from_classic', 'read_dataset_event' retrieved from /home/airflow/.local/lib/python3.12/site-packages/airflow/example_dags/example_inlet_event_extra.py
[2024-09-03T15:51:42.719+0000] {logging_mixin.py:190} INFO - [2024-09-03T15:51:42.718+0000] {dag.py:3211} INFO - Sync 2 DAGs
[2024-09-03T15:51:42.735+0000] {logging_mixin.py:190} INFO - [2024-09-03T15:51:42.735+0000] {dag.py:4138} INFO - Setting next_dagrun for read_dataset_event to 2024-09-02 00:00:00+00:00, run_after=2024-09-03 00:00:00+00:00
[2024-09-03T15:51:42.738+0000] {logging_mixin.py:190} INFO - [2024-09-03T15:51:42.738+0000] {dag.py:4138} INFO - Setting next_dagrun for read_dataset_event_from_classic to 2024-09-02 00:00:00+00:00, run_after=2024-09-03 00:00:00+00:00
[2024-09-03T15:51:42.746+0000] {processor.py:208} INFO - Processing /home/airflow/.local/lib/python3.12/site-packages/airflow/example_dags/example_inlet_event_extra.py took 0.204 seconds
[2024-09-03T15:52:12.791+0000] {processor.py:186} INFO - Started process (PID=472) to work on /home/airflow/.local/lib/python3.12/site-packages/airflow/example_dags/example_inlet_event_extra.py
[2024-09-03T15:52:12.794+0000] {processor.py:914} INFO - Processing file /home/airflow/.local/lib/python3.12/site-packages/airflow/example_dags/example_inlet_event_extra.py for tasks to queue
[2024-09-03T15:52:12.796+0000] {logging_mixin.py:190} INFO - [2024-09-03T15:52:12.796+0000] {dagbag.py:587} INFO - Filling up the DagBag from /home/airflow/.local/lib/python3.12/site-packages/airflow/example_dags/example_inlet_event_extra.py
[2024-09-03T15:52:12.879+0000] {processor.py:925} INFO - DAG(s) 'read_dataset_event_from_classic', 'read_dataset_event' retrieved from /home/airflow/.local/lib/python3.12/site-packages/airflow/example_dags/example_inlet_event_extra.py
[2024-09-03T15:52:12.894+0000] {logging_mixin.py:190} INFO - [2024-09-03T15:52:12.893+0000] {dag.py:3211} INFO - Sync 2 DAGs
[2024-09-03T15:52:12.906+0000] {logging_mixin.py:190} INFO - [2024-09-03T15:52:12.906+0000] {dag.py:4138} INFO - Setting next_dagrun for read_dataset_event to 2024-09-02 00:00:00+00:00, run_after=2024-09-03 00:00:00+00:00
[2024-09-03T15:52:12.909+0000] {logging_mixin.py:190} INFO - [2024-09-03T15:52:12.909+0000] {dag.py:4138} INFO - Setting next_dagrun for read_dataset_event_from_classic to 2024-09-02 00:00:00+00:00, run_after=2024-09-03 00:00:00+00:00
[2024-09-03T15:52:12.917+0000] {processor.py:208} INFO - Processing /home/airflow/.local/lib/python3.12/site-packages/airflow/example_dags/example_inlet_event_extra.py took 0.131 seconds
[2024-09-03T15:52:43.772+0000] {processor.py:186} INFO - Started process (PID=534) to work on /home/airflow/.local/lib/python3.12/site-packages/airflow/example_dags/example_inlet_event_extra.py
[2024-09-03T15:52:43.775+0000] {processor.py:914} INFO - Processing file /home/airflow/.local/lib/python3.12/site-packages/airflow/example_dags/example_inlet_event_extra.py for tasks to queue
[2024-09-03T15:52:43.778+0000] {logging_mixin.py:190} INFO - [2024-09-03T15:52:43.778+0000] {dagbag.py:587} INFO - Filling up the DagBag from /home/airflow/.local/lib/python3.12/site-packages/airflow/example_dags/example_inlet_event_extra.py
[2024-09-03T15:52:43.870+0000] {processor.py:925} INFO - DAG(s) 'read_dataset_event', 'read_dataset_event_from_classic' retrieved from /home/airflow/.local/lib/python3.12/site-packages/airflow/example_dags/example_inlet_event_extra.py
[2024-09-03T15:52:43.885+0000] {logging_mixin.py:190} INFO - [2024-09-03T15:52:43.884+0000] {dag.py:3211} INFO - Sync 2 DAGs
[2024-09-03T15:52:43.899+0000] {logging_mixin.py:190} INFO - [2024-09-03T15:52:43.899+0000] {dag.py:4138} INFO - Setting next_dagrun for read_dataset_event to 2024-09-02 00:00:00+00:00, run_after=2024-09-03 00:00:00+00:00
[2024-09-03T15:52:43.902+0000] {logging_mixin.py:190} INFO - [2024-09-03T15:52:43.902+0000] {dag.py:4138} INFO - Setting next_dagrun for read_dataset_event_from_classic to 2024-09-02 00:00:00+00:00, run_after=2024-09-03 00:00:00+00:00
[2024-09-03T15:52:43.912+0000] {processor.py:208} INFO - Processing /home/airflow/.local/lib/python3.12/site-packages/airflow/example_dags/example_inlet_event_extra.py took 0.147 seconds
[2024-09-03T15:53:14.741+0000] {processor.py:186} INFO - Started process (PID=595) to work on /home/airflow/.local/lib/python3.12/site-packages/airflow/example_dags/example_inlet_event_extra.py
[2024-09-03T15:53:14.744+0000] {processor.py:914} INFO - Processing file /home/airflow/.local/lib/python3.12/site-packages/airflow/example_dags/example_inlet_event_extra.py for tasks to queue
[2024-09-03T15:53:14.747+0000] {logging_mixin.py:190} INFO - [2024-09-03T15:53:14.746+0000] {dagbag.py:587} INFO - Filling up the DagBag from /home/airflow/.local/lib/python3.12/site-packages/airflow/example_dags/example_inlet_event_extra.py
[2024-09-03T15:53:14.842+0000] {processor.py:925} INFO - DAG(s) 'read_dataset_event_from_classic', 'read_dataset_event' retrieved from /home/airflow/.local/lib/python3.12/site-packages/airflow/example_dags/example_inlet_event_extra.py
[2024-09-03T15:53:14.858+0000] {logging_mixin.py:190} INFO - [2024-09-03T15:53:14.858+0000] {dag.py:3211} INFO - Sync 2 DAGs
[2024-09-03T15:53:14.873+0000] {logging_mixin.py:190} INFO - [2024-09-03T15:53:14.873+0000] {dag.py:4138} INFO - Setting next_dagrun for read_dataset_event to 2024-09-02 00:00:00+00:00, run_after=2024-09-03 00:00:00+00:00
[2024-09-03T15:53:14.875+0000] {logging_mixin.py:190} INFO - [2024-09-03T15:53:14.875+0000] {dag.py:4138} INFO - Setting next_dagrun for read_dataset_event_from_classic to 2024-09-02 00:00:00+00:00, run_after=2024-09-03 00:00:00+00:00
[2024-09-03T15:53:14.883+0000] {processor.py:208} INFO - Processing /home/airflow/.local/lib/python3.12/site-packages/airflow/example_dags/example_inlet_event_extra.py took 0.150 seconds
[2024-09-03T15:53:45.129+0000] {processor.py:186} INFO - Started process (PID=657) to work on /home/airflow/.local/lib/python3.12/site-packages/airflow/example_dags/example_inlet_event_extra.py
[2024-09-03T15:53:45.131+0000] {processor.py:914} INFO - Processing file /home/airflow/.local/lib/python3.12/site-packages/airflow/example_dags/example_inlet_event_extra.py for tasks to queue
[2024-09-03T15:53:45.135+0000] {logging_mixin.py:190} INFO - [2024-09-03T15:53:45.134+0000] {dagbag.py:587} INFO - Filling up the DagBag from /home/airflow/.local/lib/python3.12/site-packages/airflow/example_dags/example_inlet_event_extra.py
[2024-09-03T15:53:45.230+0000] {processor.py:925} INFO - DAG(s) 'read_dataset_event_from_classic', 'read_dataset_event' retrieved from /home/airflow/.local/lib/python3.12/site-packages/airflow/example_dags/example_inlet_event_extra.py
[2024-09-03T15:53:45.245+0000] {logging_mixin.py:190} INFO - [2024-09-03T15:53:45.245+0000] {dag.py:3211} INFO - Sync 2 DAGs
[2024-09-03T15:53:45.259+0000] {logging_mixin.py:190} INFO - [2024-09-03T15:53:45.258+0000] {dag.py:4138} INFO - Setting next_dagrun for read_dataset_event to 2024-09-02 00:00:00+00:00, run_after=2024-09-03 00:00:00+00:00
[2024-09-03T15:53:45.261+0000] {logging_mixin.py:190} INFO - [2024-09-03T15:53:45.261+0000] {dag.py:4138} INFO - Setting next_dagrun for read_dataset_event_from_classic to 2024-09-02 00:00:00+00:00, run_after=2024-09-03 00:00:00+00:00
[2024-09-03T15:53:45.272+0000] {processor.py:208} INFO - Processing /home/airflow/.local/lib/python3.12/site-packages/airflow/example_dags/example_inlet_event_extra.py took 0.155 seconds
[2024-09-03T15:54:16.201+0000] {processor.py:186} INFO - Started process (PID=719) to work on /home/airflow/.local/lib/python3.12/site-packages/airflow/example_dags/example_inlet_event_extra.py
[2024-09-03T15:54:16.204+0000] {processor.py:914} INFO - Processing file /home/airflow/.local/lib/python3.12/site-packages/airflow/example_dags/example_inlet_event_extra.py for tasks to queue
[2024-09-03T15:54:16.208+0000] {logging_mixin.py:190} INFO - [2024-09-03T15:54:16.207+0000] {dagbag.py:587} INFO - Filling up the DagBag from /home/airflow/.local/lib/python3.12/site-packages/airflow/example_dags/example_inlet_event_extra.py
[2024-09-03T15:54:16.323+0000] {processor.py:925} INFO - DAG(s) 'read_dataset_event', 'read_dataset_event_from_classic' retrieved from /home/airflow/.local/lib/python3.12/site-packages/airflow/example_dags/example_inlet_event_extra.py
[2024-09-03T15:54:16.341+0000] {logging_mixin.py:190} INFO - [2024-09-03T15:54:16.341+0000] {dag.py:3211} INFO - Sync 2 DAGs
[2024-09-03T15:54:16.357+0000] {logging_mixin.py:190} INFO - [2024-09-03T15:54:16.356+0000] {dag.py:4138} INFO - Setting next_dagrun for read_dataset_event to 2024-09-02 00:00:00+00:00, run_after=2024-09-03 00:00:00+00:00
[2024-09-03T15:54:16.360+0000] {logging_mixin.py:190} INFO - [2024-09-03T15:54:16.359+0000] {dag.py:4138} INFO - Setting next_dagrun for read_dataset_event_from_classic to 2024-09-02 00:00:00+00:00, run_after=2024-09-03 00:00:00+00:00
[2024-09-03T15:54:16.371+0000] {processor.py:208} INFO - Processing /home/airflow/.local/lib/python3.12/site-packages/airflow/example_dags/example_inlet_event_extra.py took 0.181 seconds
[2024-09-03T15:54:46.721+0000] {processor.py:186} INFO - Started process (PID=780) to work on /home/airflow/.local/lib/python3.12/site-packages/airflow/example_dags/example_inlet_event_extra.py
[2024-09-03T15:54:46.723+0000] {processor.py:914} INFO - Processing file /home/airflow/.local/lib/python3.12/site-packages/airflow/example_dags/example_inlet_event_extra.py for tasks to queue
[2024-09-03T15:54:46.728+0000] {logging_mixin.py:190} INFO - [2024-09-03T15:54:46.727+0000] {dagbag.py:587} INFO - Filling up the DagBag from /home/airflow/.local/lib/python3.12/site-packages/airflow/example_dags/example_inlet_event_extra.py
[2024-09-03T15:54:46.819+0000] {processor.py:925} INFO - DAG(s) 'read_dataset_event', 'read_dataset_event_from_classic' retrieved from /home/airflow/.local/lib/python3.12/site-packages/airflow/example_dags/example_inlet_event_extra.py
[2024-09-03T15:54:46.834+0000] {logging_mixin.py:190} INFO - [2024-09-03T15:54:46.834+0000] {dag.py:3211} INFO - Sync 2 DAGs
[2024-09-03T15:54:46.854+0000] {logging_mixin.py:190} INFO - [2024-09-03T15:54:46.853+0000] {dag.py:4138} INFO - Setting next_dagrun for read_dataset_event to 2024-09-02 00:00:00+00:00, run_after=2024-09-03 00:00:00+00:00
[2024-09-03T15:54:46.856+0000] {logging_mixin.py:190} INFO - [2024-09-03T15:54:46.856+0000] {dag.py:4138} INFO - Setting next_dagrun for read_dataset_event_from_classic to 2024-09-02 00:00:00+00:00, run_after=2024-09-03 00:00:00+00:00
[2024-09-03T15:54:46.866+0000] {processor.py:208} INFO - Processing /home/airflow/.local/lib/python3.12/site-packages/airflow/example_dags/example_inlet_event_extra.py took 0.158 seconds
