[2024-09-03T15:48:38.037+0000] {processor.py:186} INFO - Started process (PID=47) to work on /home/airflow/.local/lib/python3.12/site-packages/airflow/example_dags/example_skip_dag.py
[2024-09-03T15:48:38.037+0000] {processor.py:914} INFO - Processing file /home/airflow/.local/lib/python3.12/site-packages/airflow/example_dags/example_skip_dag.py for tasks to queue
[2024-09-03T15:48:38.039+0000] {logging_mixin.py:190} INFO - [2024-09-03T15:48:38.039+0000] {dagbag.py:587} INFO - Filling up the DagBag from /home/airflow/.local/lib/python3.12/site-packages/airflow/example_dags/example_skip_dag.py
[2024-09-03T15:48:38.046+0000] {processor.py:925} INFO - DAG(s) 'example_skip_dag' retrieved from /home/airflow/.local/lib/python3.12/site-packages/airflow/example_dags/example_skip_dag.py
[2024-09-03T15:48:38.108+0000] {logging_mixin.py:190} INFO - [2024-09-03T15:48:38.108+0000] {override.py:1858} INFO - Created Permission View: can edit on DAG:example_skip_dag
[2024-09-03T15:48:38.114+0000] {logging_mixin.py:190} INFO - [2024-09-03T15:48:38.113+0000] {override.py:1858} INFO - Created Permission View: can read on DAG:example_skip_dag
[2024-09-03T15:48:38.117+0000] {logging_mixin.py:190} INFO - [2024-09-03T15:48:38.117+0000] {override.py:1858} INFO - Created Permission View: can delete on DAG:example_skip_dag
[2024-09-03T15:48:38.117+0000] {logging_mixin.py:190} INFO - [2024-09-03T15:48:38.117+0000] {dag.py:3211} INFO - Sync 1 DAGs
[2024-09-03T15:48:38.124+0000] {logging_mixin.py:190} INFO - [2024-09-03T15:48:38.124+0000] {dag.py:3234} INFO - Creating ORM DAG for example_skip_dag
[2024-09-03T15:48:38.134+0000] {logging_mixin.py:190} INFO - [2024-09-03T15:48:38.133+0000] {dag.py:4138} INFO - Setting next_dagrun for example_skip_dag to 2024-09-02 00:00:00+00:00, run_after=2024-09-03 00:00:00+00:00
[2024-09-03T15:48:38.148+0000] {processor.py:208} INFO - Processing /home/airflow/.local/lib/python3.12/site-packages/airflow/example_dags/example_skip_dag.py took 0.115 seconds
[2024-09-03T15:49:08.639+0000] {processor.py:186} INFO - Started process (PID=109) to work on /home/airflow/.local/lib/python3.12/site-packages/airflow/example_dags/example_skip_dag.py
[2024-09-03T15:49:08.640+0000] {processor.py:914} INFO - Processing file /home/airflow/.local/lib/python3.12/site-packages/airflow/example_dags/example_skip_dag.py for tasks to queue
[2024-09-03T15:49:08.642+0000] {logging_mixin.py:190} INFO - [2024-09-03T15:49:08.642+0000] {dagbag.py:587} INFO - Filling up the DagBag from /home/airflow/.local/lib/python3.12/site-packages/airflow/example_dags/example_skip_dag.py
[2024-09-03T15:49:08.648+0000] {processor.py:925} INFO - DAG(s) 'example_skip_dag' retrieved from /home/airflow/.local/lib/python3.12/site-packages/airflow/example_dags/example_skip_dag.py
[2024-09-03T15:49:08.662+0000] {logging_mixin.py:190} INFO - [2024-09-03T15:49:08.662+0000] {dag.py:3211} INFO - Sync 1 DAGs
[2024-09-03T15:49:08.674+0000] {logging_mixin.py:190} INFO - [2024-09-03T15:49:08.674+0000] {dag.py:4138} INFO - Setting next_dagrun for example_skip_dag to 2024-09-02 00:00:00+00:00, run_after=2024-09-03 00:00:00+00:00
[2024-09-03T15:49:08.684+0000] {processor.py:208} INFO - Processing /home/airflow/.local/lib/python3.12/site-packages/airflow/example_dags/example_skip_dag.py took 0.048 seconds
[2024-09-03T15:49:39.466+0000] {processor.py:186} INFO - Started process (PID=172) to work on /home/airflow/.local/lib/python3.12/site-packages/airflow/example_dags/example_skip_dag.py
[2024-09-03T15:49:39.466+0000] {processor.py:914} INFO - Processing file /home/airflow/.local/lib/python3.12/site-packages/airflow/example_dags/example_skip_dag.py for tasks to queue
[2024-09-03T15:49:39.468+0000] {logging_mixin.py:190} INFO - [2024-09-03T15:49:39.468+0000] {dagbag.py:587} INFO - Filling up the DagBag from /home/airflow/.local/lib/python3.12/site-packages/airflow/example_dags/example_skip_dag.py
[2024-09-03T15:49:39.473+0000] {processor.py:925} INFO - DAG(s) 'example_skip_dag' retrieved from /home/airflow/.local/lib/python3.12/site-packages/airflow/example_dags/example_skip_dag.py
[2024-09-03T15:49:39.486+0000] {logging_mixin.py:190} INFO - [2024-09-03T15:49:39.486+0000] {dag.py:3211} INFO - Sync 1 DAGs
[2024-09-03T15:49:39.498+0000] {logging_mixin.py:190} INFO - [2024-09-03T15:49:39.498+0000] {dag.py:4138} INFO - Setting next_dagrun for example_skip_dag to 2024-09-02 00:00:00+00:00, run_after=2024-09-03 00:00:00+00:00
[2024-09-03T15:49:39.506+0000] {processor.py:208} INFO - Processing /home/airflow/.local/lib/python3.12/site-packages/airflow/example_dags/example_skip_dag.py took 0.044 seconds
[2024-09-03T15:50:10.482+0000] {processor.py:186} INFO - Started process (PID=234) to work on /home/airflow/.local/lib/python3.12/site-packages/airflow/example_dags/example_skip_dag.py
[2024-09-03T15:50:10.485+0000] {processor.py:914} INFO - Processing file /home/airflow/.local/lib/python3.12/site-packages/airflow/example_dags/example_skip_dag.py for tasks to queue
[2024-09-03T15:50:10.488+0000] {logging_mixin.py:190} INFO - [2024-09-03T15:50:10.487+0000] {dagbag.py:587} INFO - Filling up the DagBag from /home/airflow/.local/lib/python3.12/site-packages/airflow/example_dags/example_skip_dag.py
[2024-09-03T15:50:10.495+0000] {processor.py:925} INFO - DAG(s) 'example_skip_dag' retrieved from /home/airflow/.local/lib/python3.12/site-packages/airflow/example_dags/example_skip_dag.py
[2024-09-03T15:50:10.511+0000] {logging_mixin.py:190} INFO - [2024-09-03T15:50:10.511+0000] {dag.py:3211} INFO - Sync 1 DAGs
[2024-09-03T15:50:10.523+0000] {logging_mixin.py:190} INFO - [2024-09-03T15:50:10.523+0000] {dag.py:4138} INFO - Setting next_dagrun for example_skip_dag to 2024-09-02 00:00:00+00:00, run_after=2024-09-03 00:00:00+00:00
[2024-09-03T15:50:10.532+0000] {processor.py:208} INFO - Processing /home/airflow/.local/lib/python3.12/site-packages/airflow/example_dags/example_skip_dag.py took 0.056 seconds
[2024-09-03T15:50:40.909+0000] {processor.py:186} INFO - Started process (PID=296) to work on /home/airflow/.local/lib/python3.12/site-packages/airflow/example_dags/example_skip_dag.py
[2024-09-03T15:50:40.911+0000] {processor.py:914} INFO - Processing file /home/airflow/.local/lib/python3.12/site-packages/airflow/example_dags/example_skip_dag.py for tasks to queue
[2024-09-03T15:50:40.912+0000] {logging_mixin.py:190} INFO - [2024-09-03T15:50:40.912+0000] {dagbag.py:587} INFO - Filling up the DagBag from /home/airflow/.local/lib/python3.12/site-packages/airflow/example_dags/example_skip_dag.py
[2024-09-03T15:50:40.917+0000] {processor.py:925} INFO - DAG(s) 'example_skip_dag' retrieved from /home/airflow/.local/lib/python3.12/site-packages/airflow/example_dags/example_skip_dag.py
[2024-09-03T15:50:40.931+0000] {logging_mixin.py:190} INFO - [2024-09-03T15:50:40.931+0000] {dag.py:3211} INFO - Sync 1 DAGs
[2024-09-03T15:50:40.942+0000] {logging_mixin.py:190} INFO - [2024-09-03T15:50:40.942+0000] {dag.py:4138} INFO - Setting next_dagrun for example_skip_dag to 2024-09-02 00:00:00+00:00, run_after=2024-09-03 00:00:00+00:00
[2024-09-03T15:50:40.951+0000] {processor.py:208} INFO - Processing /home/airflow/.local/lib/python3.12/site-packages/airflow/example_dags/example_skip_dag.py took 0.046 seconds
[2024-09-03T15:51:11.861+0000] {processor.py:186} INFO - Started process (PID=359) to work on /home/airflow/.local/lib/python3.12/site-packages/airflow/example_dags/example_skip_dag.py
[2024-09-03T15:51:11.862+0000] {processor.py:914} INFO - Processing file /home/airflow/.local/lib/python3.12/site-packages/airflow/example_dags/example_skip_dag.py for tasks to queue
[2024-09-03T15:51:11.864+0000] {logging_mixin.py:190} INFO - [2024-09-03T15:51:11.864+0000] {dagbag.py:587} INFO - Filling up the DagBag from /home/airflow/.local/lib/python3.12/site-packages/airflow/example_dags/example_skip_dag.py
[2024-09-03T15:51:11.869+0000] {processor.py:925} INFO - DAG(s) 'example_skip_dag' retrieved from /home/airflow/.local/lib/python3.12/site-packages/airflow/example_dags/example_skip_dag.py
[2024-09-03T15:51:11.883+0000] {logging_mixin.py:190} INFO - [2024-09-03T15:51:11.883+0000] {dag.py:3211} INFO - Sync 1 DAGs
[2024-09-03T15:51:11.894+0000] {logging_mixin.py:190} INFO - [2024-09-03T15:51:11.894+0000] {dag.py:4138} INFO - Setting next_dagrun for example_skip_dag to 2024-09-02 00:00:00+00:00, run_after=2024-09-03 00:00:00+00:00
[2024-09-03T15:51:11.903+0000] {processor.py:208} INFO - Processing /home/airflow/.local/lib/python3.12/site-packages/airflow/example_dags/example_skip_dag.py took 0.045 seconds
[2024-09-03T15:51:42.997+0000] {processor.py:186} INFO - Started process (PID=421) to work on /home/airflow/.local/lib/python3.12/site-packages/airflow/example_dags/example_skip_dag.py
[2024-09-03T15:51:42.998+0000] {processor.py:914} INFO - Processing file /home/airflow/.local/lib/python3.12/site-packages/airflow/example_dags/example_skip_dag.py for tasks to queue
[2024-09-03T15:51:43.000+0000] {logging_mixin.py:190} INFO - [2024-09-03T15:51:43.000+0000] {dagbag.py:587} INFO - Filling up the DagBag from /home/airflow/.local/lib/python3.12/site-packages/airflow/example_dags/example_skip_dag.py
[2024-09-03T15:51:43.006+0000] {processor.py:925} INFO - DAG(s) 'example_skip_dag' retrieved from /home/airflow/.local/lib/python3.12/site-packages/airflow/example_dags/example_skip_dag.py
[2024-09-03T15:51:43.020+0000] {logging_mixin.py:190} INFO - [2024-09-03T15:51:43.020+0000] {dag.py:3211} INFO - Sync 1 DAGs
[2024-09-03T15:51:43.032+0000] {logging_mixin.py:190} INFO - [2024-09-03T15:51:43.032+0000] {dag.py:4138} INFO - Setting next_dagrun for example_skip_dag to 2024-09-02 00:00:00+00:00, run_after=2024-09-03 00:00:00+00:00
[2024-09-03T15:51:43.041+0000] {processor.py:208} INFO - Processing /home/airflow/.local/lib/python3.12/site-packages/airflow/example_dags/example_skip_dag.py took 0.049 seconds
[2024-09-03T15:52:13.224+0000] {processor.py:186} INFO - Started process (PID=483) to work on /home/airflow/.local/lib/python3.12/site-packages/airflow/example_dags/example_skip_dag.py
[2024-09-03T15:52:13.225+0000] {processor.py:914} INFO - Processing file /home/airflow/.local/lib/python3.12/site-packages/airflow/example_dags/example_skip_dag.py for tasks to queue
[2024-09-03T15:52:13.226+0000] {logging_mixin.py:190} INFO - [2024-09-03T15:52:13.226+0000] {dagbag.py:587} INFO - Filling up the DagBag from /home/airflow/.local/lib/python3.12/site-packages/airflow/example_dags/example_skip_dag.py
[2024-09-03T15:52:13.231+0000] {processor.py:925} INFO - DAG(s) 'example_skip_dag' retrieved from /home/airflow/.local/lib/python3.12/site-packages/airflow/example_dags/example_skip_dag.py
[2024-09-03T15:52:13.250+0000] {logging_mixin.py:190} INFO - [2024-09-03T15:52:13.250+0000] {dag.py:3211} INFO - Sync 1 DAGs
[2024-09-03T15:52:13.261+0000] {logging_mixin.py:190} INFO - [2024-09-03T15:52:13.261+0000] {dag.py:4138} INFO - Setting next_dagrun for example_skip_dag to 2024-09-02 00:00:00+00:00, run_after=2024-09-03 00:00:00+00:00
[2024-09-03T15:52:13.270+0000] {processor.py:208} INFO - Processing /home/airflow/.local/lib/python3.12/site-packages/airflow/example_dags/example_skip_dag.py took 0.049 seconds
[2024-09-03T15:52:44.173+0000] {processor.py:186} INFO - Started process (PID=545) to work on /home/airflow/.local/lib/python3.12/site-packages/airflow/example_dags/example_skip_dag.py
[2024-09-03T15:52:44.174+0000] {processor.py:914} INFO - Processing file /home/airflow/.local/lib/python3.12/site-packages/airflow/example_dags/example_skip_dag.py for tasks to queue
[2024-09-03T15:52:44.175+0000] {logging_mixin.py:190} INFO - [2024-09-03T15:52:44.175+0000] {dagbag.py:587} INFO - Filling up the DagBag from /home/airflow/.local/lib/python3.12/site-packages/airflow/example_dags/example_skip_dag.py
[2024-09-03T15:52:44.180+0000] {processor.py:925} INFO - DAG(s) 'example_skip_dag' retrieved from /home/airflow/.local/lib/python3.12/site-packages/airflow/example_dags/example_skip_dag.py
[2024-09-03T15:52:44.194+0000] {logging_mixin.py:190} INFO - [2024-09-03T15:52:44.194+0000] {dag.py:3211} INFO - Sync 1 DAGs
[2024-09-03T15:52:44.206+0000] {logging_mixin.py:190} INFO - [2024-09-03T15:52:44.206+0000] {dag.py:4138} INFO - Setting next_dagrun for example_skip_dag to 2024-09-02 00:00:00+00:00, run_after=2024-09-03 00:00:00+00:00
[2024-09-03T15:52:44.215+0000] {processor.py:208} INFO - Processing /home/airflow/.local/lib/python3.12/site-packages/airflow/example_dags/example_skip_dag.py took 0.046 seconds
[2024-09-03T15:53:15.155+0000] {processor.py:186} INFO - Started process (PID=606) to work on /home/airflow/.local/lib/python3.12/site-packages/airflow/example_dags/example_skip_dag.py
[2024-09-03T15:53:15.155+0000] {processor.py:914} INFO - Processing file /home/airflow/.local/lib/python3.12/site-packages/airflow/example_dags/example_skip_dag.py for tasks to queue
[2024-09-03T15:53:15.157+0000] {logging_mixin.py:190} INFO - [2024-09-03T15:53:15.157+0000] {dagbag.py:587} INFO - Filling up the DagBag from /home/airflow/.local/lib/python3.12/site-packages/airflow/example_dags/example_skip_dag.py
[2024-09-03T15:53:15.162+0000] {processor.py:925} INFO - DAG(s) 'example_skip_dag' retrieved from /home/airflow/.local/lib/python3.12/site-packages/airflow/example_dags/example_skip_dag.py
[2024-09-03T15:53:15.177+0000] {logging_mixin.py:190} INFO - [2024-09-03T15:53:15.177+0000] {dag.py:3211} INFO - Sync 1 DAGs
[2024-09-03T15:53:15.195+0000] {logging_mixin.py:190} INFO - [2024-09-03T15:53:15.195+0000] {dag.py:4138} INFO - Setting next_dagrun for example_skip_dag to 2024-09-02 00:00:00+00:00, run_after=2024-09-03 00:00:00+00:00
[2024-09-03T15:53:15.214+0000] {processor.py:208} INFO - Processing /home/airflow/.local/lib/python3.12/site-packages/airflow/example_dags/example_skip_dag.py took 0.063 seconds
[2024-09-03T15:53:45.753+0000] {processor.py:186} INFO - Started process (PID=668) to work on /home/airflow/.local/lib/python3.12/site-packages/airflow/example_dags/example_skip_dag.py
[2024-09-03T15:53:45.755+0000] {processor.py:914} INFO - Processing file /home/airflow/.local/lib/python3.12/site-packages/airflow/example_dags/example_skip_dag.py for tasks to queue
[2024-09-03T15:53:45.757+0000] {logging_mixin.py:190} INFO - [2024-09-03T15:53:45.757+0000] {dagbag.py:587} INFO - Filling up the DagBag from /home/airflow/.local/lib/python3.12/site-packages/airflow/example_dags/example_skip_dag.py
[2024-09-03T15:53:45.763+0000] {processor.py:925} INFO - DAG(s) 'example_skip_dag' retrieved from /home/airflow/.local/lib/python3.12/site-packages/airflow/example_dags/example_skip_dag.py
[2024-09-03T15:53:45.781+0000] {logging_mixin.py:190} INFO - [2024-09-03T15:53:45.781+0000] {dag.py:3211} INFO - Sync 1 DAGs
[2024-09-03T15:53:45.796+0000] {logging_mixin.py:190} INFO - [2024-09-03T15:53:45.796+0000] {dag.py:4138} INFO - Setting next_dagrun for example_skip_dag to 2024-09-02 00:00:00+00:00, run_after=2024-09-03 00:00:00+00:00
[2024-09-03T15:53:45.820+0000] {processor.py:208} INFO - Processing /home/airflow/.local/lib/python3.12/site-packages/airflow/example_dags/example_skip_dag.py took 0.070 seconds
[2024-09-03T15:54:16.688+0000] {processor.py:186} INFO - Started process (PID=730) to work on /home/airflow/.local/lib/python3.12/site-packages/airflow/example_dags/example_skip_dag.py
[2024-09-03T15:54:16.688+0000] {processor.py:914} INFO - Processing file /home/airflow/.local/lib/python3.12/site-packages/airflow/example_dags/example_skip_dag.py for tasks to queue
[2024-09-03T15:54:16.690+0000] {logging_mixin.py:190} INFO - [2024-09-03T15:54:16.690+0000] {dagbag.py:587} INFO - Filling up the DagBag from /home/airflow/.local/lib/python3.12/site-packages/airflow/example_dags/example_skip_dag.py
[2024-09-03T15:54:16.695+0000] {processor.py:925} INFO - DAG(s) 'example_skip_dag' retrieved from /home/airflow/.local/lib/python3.12/site-packages/airflow/example_dags/example_skip_dag.py
[2024-09-03T15:54:16.709+0000] {logging_mixin.py:190} INFO - [2024-09-03T15:54:16.709+0000] {dag.py:3211} INFO - Sync 1 DAGs
[2024-09-03T15:54:16.722+0000] {logging_mixin.py:190} INFO - [2024-09-03T15:54:16.722+0000] {dag.py:4138} INFO - Setting next_dagrun for example_skip_dag to 2024-09-02 00:00:00+00:00, run_after=2024-09-03 00:00:00+00:00
[2024-09-03T15:54:16.735+0000] {processor.py:208} INFO - Processing /home/airflow/.local/lib/python3.12/site-packages/airflow/example_dags/example_skip_dag.py took 0.051 seconds
[2024-09-03T15:54:47.142+0000] {processor.py:186} INFO - Started process (PID=791) to work on /home/airflow/.local/lib/python3.12/site-packages/airflow/example_dags/example_skip_dag.py
[2024-09-03T15:54:47.143+0000] {processor.py:914} INFO - Processing file /home/airflow/.local/lib/python3.12/site-packages/airflow/example_dags/example_skip_dag.py for tasks to queue
[2024-09-03T15:54:47.144+0000] {logging_mixin.py:190} INFO - [2024-09-03T15:54:47.144+0000] {dagbag.py:587} INFO - Filling up the DagBag from /home/airflow/.local/lib/python3.12/site-packages/airflow/example_dags/example_skip_dag.py
[2024-09-03T15:54:47.149+0000] {processor.py:925} INFO - DAG(s) 'example_skip_dag' retrieved from /home/airflow/.local/lib/python3.12/site-packages/airflow/example_dags/example_skip_dag.py
[2024-09-03T15:54:47.170+0000] {logging_mixin.py:190} INFO - [2024-09-03T15:54:47.169+0000] {dag.py:3211} INFO - Sync 1 DAGs
[2024-09-03T15:54:47.189+0000] {logging_mixin.py:190} INFO - [2024-09-03T15:54:47.188+0000] {dag.py:4138} INFO - Setting next_dagrun for example_skip_dag to 2024-09-02 00:00:00+00:00, run_after=2024-09-03 00:00:00+00:00
[2024-09-03T15:54:47.200+0000] {processor.py:208} INFO - Processing /home/airflow/.local/lib/python3.12/site-packages/airflow/example_dags/example_skip_dag.py took 0.062 seconds
