[2024-09-03T15:48:38.173+0000] {processor.py:186} INFO - Started process (PID=49) to work on /home/airflow/.local/lib/python3.12/site-packages/airflow/example_dags/tutorial_taskflow_api.py
[2024-09-03T15:48:38.173+0000] {processor.py:914} INFO - Processing file /home/airflow/.local/lib/python3.12/site-packages/airflow/example_dags/tutorial_taskflow_api.py for tasks to queue
[2024-09-03T15:48:38.175+0000] {logging_mixin.py:190} INFO - [2024-09-03T15:48:38.175+0000] {dagbag.py:587} INFO - Filling up the DagBag from /home/airflow/.local/lib/python3.12/site-packages/airflow/example_dags/tutorial_taskflow_api.py
[2024-09-03T15:48:38.181+0000] {processor.py:925} INFO - DAG(s) 'tutorial_taskflow_api' retrieved from /home/airflow/.local/lib/python3.12/site-packages/airflow/example_dags/tutorial_taskflow_api.py
[2024-09-03T15:48:38.263+0000] {logging_mixin.py:190} INFO - [2024-09-03T15:48:38.262+0000] {override.py:1858} INFO - Created Permission View: can edit on DAG:tutorial_taskflow_api
[2024-09-03T15:48:38.268+0000] {logging_mixin.py:190} INFO - [2024-09-03T15:48:38.268+0000] {override.py:1858} INFO - Created Permission View: can read on DAG:tutorial_taskflow_api
[2024-09-03T15:48:38.271+0000] {logging_mixin.py:190} INFO - [2024-09-03T15:48:38.271+0000] {override.py:1858} INFO - Created Permission View: can delete on DAG:tutorial_taskflow_api
[2024-09-03T15:48:38.271+0000] {logging_mixin.py:190} INFO - [2024-09-03T15:48:38.271+0000] {dag.py:3211} INFO - Sync 1 DAGs
[2024-09-03T15:48:38.280+0000] {logging_mixin.py:190} INFO - [2024-09-03T15:48:38.280+0000] {dag.py:3234} INFO - Creating ORM DAG for tutorial_taskflow_api
[2024-09-03T15:48:38.281+0000] {logging_mixin.py:190} INFO - [2024-09-03T15:48:38.281+0000] {dag.py:4138} INFO - Setting next_dagrun for tutorial_taskflow_api to None, run_after=None
[2024-09-03T15:48:38.303+0000] {processor.py:208} INFO - Processing /home/airflow/.local/lib/python3.12/site-packages/airflow/example_dags/tutorial_taskflow_api.py took 0.134 seconds
[2024-09-03T15:49:08.707+0000] {processor.py:186} INFO - Started process (PID=111) to work on /home/airflow/.local/lib/python3.12/site-packages/airflow/example_dags/tutorial_taskflow_api.py
[2024-09-03T15:49:08.708+0000] {processor.py:914} INFO - Processing file /home/airflow/.local/lib/python3.12/site-packages/airflow/example_dags/tutorial_taskflow_api.py for tasks to queue
[2024-09-03T15:49:08.710+0000] {logging_mixin.py:190} INFO - [2024-09-03T15:49:08.710+0000] {dagbag.py:587} INFO - Filling up the DagBag from /home/airflow/.local/lib/python3.12/site-packages/airflow/example_dags/tutorial_taskflow_api.py
[2024-09-03T15:49:08.717+0000] {processor.py:925} INFO - DAG(s) 'tutorial_taskflow_api' retrieved from /home/airflow/.local/lib/python3.12/site-packages/airflow/example_dags/tutorial_taskflow_api.py
[2024-09-03T15:49:08.733+0000] {logging_mixin.py:190} INFO - [2024-09-03T15:49:08.733+0000] {dag.py:3211} INFO - Sync 1 DAGs
[2024-09-03T15:49:08.741+0000] {logging_mixin.py:190} INFO - [2024-09-03T15:49:08.741+0000] {dag.py:4138} INFO - Setting next_dagrun for tutorial_taskflow_api to None, run_after=None
[2024-09-03T15:49:08.750+0000] {processor.py:208} INFO - Processing /home/airflow/.local/lib/python3.12/site-packages/airflow/example_dags/tutorial_taskflow_api.py took 0.047 seconds
[2024-09-03T15:49:39.575+0000] {processor.py:186} INFO - Started process (PID=174) to work on /home/airflow/.local/lib/python3.12/site-packages/airflow/example_dags/tutorial_taskflow_api.py
[2024-09-03T15:49:39.576+0000] {processor.py:914} INFO - Processing file /home/airflow/.local/lib/python3.12/site-packages/airflow/example_dags/tutorial_taskflow_api.py for tasks to queue
[2024-09-03T15:49:39.577+0000] {logging_mixin.py:190} INFO - [2024-09-03T15:49:39.577+0000] {dagbag.py:587} INFO - Filling up the DagBag from /home/airflow/.local/lib/python3.12/site-packages/airflow/example_dags/tutorial_taskflow_api.py
[2024-09-03T15:49:39.582+0000] {processor.py:925} INFO - DAG(s) 'tutorial_taskflow_api' retrieved from /home/airflow/.local/lib/python3.12/site-packages/airflow/example_dags/tutorial_taskflow_api.py
[2024-09-03T15:49:39.597+0000] {logging_mixin.py:190} INFO - [2024-09-03T15:49:39.597+0000] {dag.py:3211} INFO - Sync 1 DAGs
[2024-09-03T15:49:39.604+0000] {logging_mixin.py:190} INFO - [2024-09-03T15:49:39.604+0000] {dag.py:4138} INFO - Setting next_dagrun for tutorial_taskflow_api to None, run_after=None
[2024-09-03T15:49:39.613+0000] {processor.py:208} INFO - Processing /home/airflow/.local/lib/python3.12/site-packages/airflow/example_dags/tutorial_taskflow_api.py took 0.042 seconds
[2024-09-03T15:50:10.549+0000] {processor.py:186} INFO - Started process (PID=236) to work on /home/airflow/.local/lib/python3.12/site-packages/airflow/example_dags/tutorial_taskflow_api.py
[2024-09-03T15:50:10.549+0000] {processor.py:914} INFO - Processing file /home/airflow/.local/lib/python3.12/site-packages/airflow/example_dags/tutorial_taskflow_api.py for tasks to queue
[2024-09-03T15:50:10.551+0000] {logging_mixin.py:190} INFO - [2024-09-03T15:50:10.551+0000] {dagbag.py:587} INFO - Filling up the DagBag from /home/airflow/.local/lib/python3.12/site-packages/airflow/example_dags/tutorial_taskflow_api.py
[2024-09-03T15:50:10.556+0000] {processor.py:925} INFO - DAG(s) 'tutorial_taskflow_api' retrieved from /home/airflow/.local/lib/python3.12/site-packages/airflow/example_dags/tutorial_taskflow_api.py
[2024-09-03T15:50:10.570+0000] {logging_mixin.py:190} INFO - [2024-09-03T15:50:10.570+0000] {dag.py:3211} INFO - Sync 1 DAGs
[2024-09-03T15:50:10.577+0000] {logging_mixin.py:190} INFO - [2024-09-03T15:50:10.577+0000] {dag.py:4138} INFO - Setting next_dagrun for tutorial_taskflow_api to None, run_after=None
[2024-09-03T15:50:10.586+0000] {processor.py:208} INFO - Processing /home/airflow/.local/lib/python3.12/site-packages/airflow/example_dags/tutorial_taskflow_api.py took 0.041 seconds
[2024-09-03T15:50:40.970+0000] {processor.py:186} INFO - Started process (PID=298) to work on /home/airflow/.local/lib/python3.12/site-packages/airflow/example_dags/tutorial_taskflow_api.py
[2024-09-03T15:50:40.970+0000] {processor.py:914} INFO - Processing file /home/airflow/.local/lib/python3.12/site-packages/airflow/example_dags/tutorial_taskflow_api.py for tasks to queue
[2024-09-03T15:50:40.972+0000] {logging_mixin.py:190} INFO - [2024-09-03T15:50:40.972+0000] {dagbag.py:587} INFO - Filling up the DagBag from /home/airflow/.local/lib/python3.12/site-packages/airflow/example_dags/tutorial_taskflow_api.py
[2024-09-03T15:50:40.977+0000] {processor.py:925} INFO - DAG(s) 'tutorial_taskflow_api' retrieved from /home/airflow/.local/lib/python3.12/site-packages/airflow/example_dags/tutorial_taskflow_api.py
[2024-09-03T15:50:40.993+0000] {logging_mixin.py:190} INFO - [2024-09-03T15:50:40.992+0000] {dag.py:3211} INFO - Sync 1 DAGs
[2024-09-03T15:50:41.001+0000] {logging_mixin.py:190} INFO - [2024-09-03T15:50:41.001+0000] {dag.py:4138} INFO - Setting next_dagrun for tutorial_taskflow_api to None, run_after=None
[2024-09-03T15:50:41.010+0000] {processor.py:208} INFO - Processing /home/airflow/.local/lib/python3.12/site-packages/airflow/example_dags/tutorial_taskflow_api.py took 0.044 seconds
[2024-09-03T15:51:11.920+0000] {processor.py:186} INFO - Started process (PID=361) to work on /home/airflow/.local/lib/python3.12/site-packages/airflow/example_dags/tutorial_taskflow_api.py
[2024-09-03T15:51:11.921+0000] {processor.py:914} INFO - Processing file /home/airflow/.local/lib/python3.12/site-packages/airflow/example_dags/tutorial_taskflow_api.py for tasks to queue
[2024-09-03T15:51:11.922+0000] {logging_mixin.py:190} INFO - [2024-09-03T15:51:11.922+0000] {dagbag.py:587} INFO - Filling up the DagBag from /home/airflow/.local/lib/python3.12/site-packages/airflow/example_dags/tutorial_taskflow_api.py
[2024-09-03T15:51:11.927+0000] {processor.py:925} INFO - DAG(s) 'tutorial_taskflow_api' retrieved from /home/airflow/.local/lib/python3.12/site-packages/airflow/example_dags/tutorial_taskflow_api.py
[2024-09-03T15:51:11.943+0000] {logging_mixin.py:190} INFO - [2024-09-03T15:51:11.943+0000] {dag.py:3211} INFO - Sync 1 DAGs
[2024-09-03T15:51:11.950+0000] {logging_mixin.py:190} INFO - [2024-09-03T15:51:11.950+0000] {dag.py:4138} INFO - Setting next_dagrun for tutorial_taskflow_api to None, run_after=None
[2024-09-03T15:51:11.960+0000] {processor.py:208} INFO - Processing /home/airflow/.local/lib/python3.12/site-packages/airflow/example_dags/tutorial_taskflow_api.py took 0.043 seconds
[2024-09-03T15:51:43.060+0000] {processor.py:186} INFO - Started process (PID=423) to work on /home/airflow/.local/lib/python3.12/site-packages/airflow/example_dags/tutorial_taskflow_api.py
[2024-09-03T15:51:43.061+0000] {processor.py:914} INFO - Processing file /home/airflow/.local/lib/python3.12/site-packages/airflow/example_dags/tutorial_taskflow_api.py for tasks to queue
[2024-09-03T15:51:43.062+0000] {logging_mixin.py:190} INFO - [2024-09-03T15:51:43.062+0000] {dagbag.py:587} INFO - Filling up the DagBag from /home/airflow/.local/lib/python3.12/site-packages/airflow/example_dags/tutorial_taskflow_api.py
[2024-09-03T15:51:43.068+0000] {processor.py:925} INFO - DAG(s) 'tutorial_taskflow_api' retrieved from /home/airflow/.local/lib/python3.12/site-packages/airflow/example_dags/tutorial_taskflow_api.py
[2024-09-03T15:51:43.082+0000] {logging_mixin.py:190} INFO - [2024-09-03T15:51:43.081+0000] {dag.py:3211} INFO - Sync 1 DAGs
[2024-09-03T15:51:43.089+0000] {logging_mixin.py:190} INFO - [2024-09-03T15:51:43.089+0000] {dag.py:4138} INFO - Setting next_dagrun for tutorial_taskflow_api to None, run_after=None
[2024-09-03T15:51:43.098+0000] {processor.py:208} INFO - Processing /home/airflow/.local/lib/python3.12/site-packages/airflow/example_dags/tutorial_taskflow_api.py took 0.042 seconds
[2024-09-03T15:52:13.287+0000] {processor.py:186} INFO - Started process (PID=485) to work on /home/airflow/.local/lib/python3.12/site-packages/airflow/example_dags/tutorial_taskflow_api.py
[2024-09-03T15:52:13.288+0000] {processor.py:914} INFO - Processing file /home/airflow/.local/lib/python3.12/site-packages/airflow/example_dags/tutorial_taskflow_api.py for tasks to queue
[2024-09-03T15:52:13.289+0000] {logging_mixin.py:190} INFO - [2024-09-03T15:52:13.289+0000] {dagbag.py:587} INFO - Filling up the DagBag from /home/airflow/.local/lib/python3.12/site-packages/airflow/example_dags/tutorial_taskflow_api.py
[2024-09-03T15:52:13.295+0000] {processor.py:925} INFO - DAG(s) 'tutorial_taskflow_api' retrieved from /home/airflow/.local/lib/python3.12/site-packages/airflow/example_dags/tutorial_taskflow_api.py
[2024-09-03T15:52:13.309+0000] {logging_mixin.py:190} INFO - [2024-09-03T15:52:13.309+0000] {dag.py:3211} INFO - Sync 1 DAGs
[2024-09-03T15:52:13.316+0000] {logging_mixin.py:190} INFO - [2024-09-03T15:52:13.316+0000] {dag.py:4138} INFO - Setting next_dagrun for tutorial_taskflow_api to None, run_after=None
[2024-09-03T15:52:13.325+0000] {processor.py:208} INFO - Processing /home/airflow/.local/lib/python3.12/site-packages/airflow/example_dags/tutorial_taskflow_api.py took 0.042 seconds
[2024-09-03T15:52:44.234+0000] {processor.py:186} INFO - Started process (PID=547) to work on /home/airflow/.local/lib/python3.12/site-packages/airflow/example_dags/tutorial_taskflow_api.py
[2024-09-03T15:52:44.235+0000] {processor.py:914} INFO - Processing file /home/airflow/.local/lib/python3.12/site-packages/airflow/example_dags/tutorial_taskflow_api.py for tasks to queue
[2024-09-03T15:52:44.236+0000] {logging_mixin.py:190} INFO - [2024-09-03T15:52:44.236+0000] {dagbag.py:587} INFO - Filling up the DagBag from /home/airflow/.local/lib/python3.12/site-packages/airflow/example_dags/tutorial_taskflow_api.py
[2024-09-03T15:52:44.242+0000] {processor.py:925} INFO - DAG(s) 'tutorial_taskflow_api' retrieved from /home/airflow/.local/lib/python3.12/site-packages/airflow/example_dags/tutorial_taskflow_api.py
[2024-09-03T15:52:44.256+0000] {logging_mixin.py:190} INFO - [2024-09-03T15:52:44.256+0000] {dag.py:3211} INFO - Sync 1 DAGs
[2024-09-03T15:52:44.263+0000] {logging_mixin.py:190} INFO - [2024-09-03T15:52:44.263+0000] {dag.py:4138} INFO - Setting next_dagrun for tutorial_taskflow_api to None, run_after=None
[2024-09-03T15:52:44.272+0000] {processor.py:208} INFO - Processing /home/airflow/.local/lib/python3.12/site-packages/airflow/example_dags/tutorial_taskflow_api.py took 0.042 seconds
[2024-09-03T15:53:15.247+0000] {processor.py:186} INFO - Started process (PID=608) to work on /home/airflow/.local/lib/python3.12/site-packages/airflow/example_dags/tutorial_taskflow_api.py
[2024-09-03T15:53:15.248+0000] {processor.py:914} INFO - Processing file /home/airflow/.local/lib/python3.12/site-packages/airflow/example_dags/tutorial_taskflow_api.py for tasks to queue
[2024-09-03T15:53:15.251+0000] {logging_mixin.py:190} INFO - [2024-09-03T15:53:15.251+0000] {dagbag.py:587} INFO - Filling up the DagBag from /home/airflow/.local/lib/python3.12/site-packages/airflow/example_dags/tutorial_taskflow_api.py
[2024-09-03T15:53:15.257+0000] {processor.py:925} INFO - DAG(s) 'tutorial_taskflow_api' retrieved from /home/airflow/.local/lib/python3.12/site-packages/airflow/example_dags/tutorial_taskflow_api.py
[2024-09-03T15:53:15.271+0000] {logging_mixin.py:190} INFO - [2024-09-03T15:53:15.271+0000] {dag.py:3211} INFO - Sync 1 DAGs
[2024-09-03T15:53:15.279+0000] {logging_mixin.py:190} INFO - [2024-09-03T15:53:15.279+0000] {dag.py:4138} INFO - Setting next_dagrun for tutorial_taskflow_api to None, run_after=None
[2024-09-03T15:53:15.290+0000] {processor.py:208} INFO - Processing /home/airflow/.local/lib/python3.12/site-packages/airflow/example_dags/tutorial_taskflow_api.py took 0.047 seconds
[2024-09-03T15:53:45.939+0000] {processor.py:186} INFO - Started process (PID=670) to work on /home/airflow/.local/lib/python3.12/site-packages/airflow/example_dags/tutorial_taskflow_api.py
[2024-09-03T15:53:45.940+0000] {processor.py:914} INFO - Processing file /home/airflow/.local/lib/python3.12/site-packages/airflow/example_dags/tutorial_taskflow_api.py for tasks to queue
[2024-09-03T15:53:45.941+0000] {logging_mixin.py:190} INFO - [2024-09-03T15:53:45.941+0000] {dagbag.py:587} INFO - Filling up the DagBag from /home/airflow/.local/lib/python3.12/site-packages/airflow/example_dags/tutorial_taskflow_api.py
[2024-09-03T15:53:45.948+0000] {processor.py:925} INFO - DAG(s) 'tutorial_taskflow_api' retrieved from /home/airflow/.local/lib/python3.12/site-packages/airflow/example_dags/tutorial_taskflow_api.py
[2024-09-03T15:53:45.966+0000] {logging_mixin.py:190} INFO - [2024-09-03T15:53:45.966+0000] {dag.py:3211} INFO - Sync 1 DAGs
[2024-09-03T15:53:45.988+0000] {logging_mixin.py:190} INFO - [2024-09-03T15:53:45.988+0000] {dag.py:4138} INFO - Setting next_dagrun for tutorial_taskflow_api to None, run_after=None
[2024-09-03T15:53:46.001+0000] {processor.py:208} INFO - Processing /home/airflow/.local/lib/python3.12/site-packages/airflow/example_dags/tutorial_taskflow_api.py took 0.067 seconds
[2024-09-03T15:54:16.808+0000] {processor.py:186} INFO - Started process (PID=732) to work on /home/airflow/.local/lib/python3.12/site-packages/airflow/example_dags/tutorial_taskflow_api.py
[2024-09-03T15:54:16.809+0000] {processor.py:914} INFO - Processing file /home/airflow/.local/lib/python3.12/site-packages/airflow/example_dags/tutorial_taskflow_api.py for tasks to queue
[2024-09-03T15:54:16.807+0000] {logging_mixin.py:190} INFO - [2024-09-03T15:54:16.807+0000] {dagbag.py:587} INFO - Filling up the DagBag from /home/airflow/.local/lib/python3.12/site-packages/airflow/example_dags/tutorial_taskflow_api.py
[2024-09-03T15:54:16.813+0000] {processor.py:925} INFO - DAG(s) 'tutorial_taskflow_api' retrieved from /home/airflow/.local/lib/python3.12/site-packages/airflow/example_dags/tutorial_taskflow_api.py
[2024-09-03T15:54:16.826+0000] {logging_mixin.py:190} INFO - [2024-09-03T15:54:16.826+0000] {dag.py:3211} INFO - Sync 1 DAGs
[2024-09-03T15:54:16.833+0000] {logging_mixin.py:190} INFO - [2024-09-03T15:54:16.833+0000] {dag.py:4138} INFO - Setting next_dagrun for tutorial_taskflow_api to None, run_after=None
[2024-09-03T15:54:16.842+0000] {processor.py:208} INFO - Processing /home/airflow/.local/lib/python3.12/site-packages/airflow/example_dags/tutorial_taskflow_api.py took 0.042 seconds
[2024-09-03T15:54:47.219+0000] {processor.py:186} INFO - Started process (PID=793) to work on /home/airflow/.local/lib/python3.12/site-packages/airflow/example_dags/tutorial_taskflow_api.py
[2024-09-03T15:54:47.220+0000] {processor.py:914} INFO - Processing file /home/airflow/.local/lib/python3.12/site-packages/airflow/example_dags/tutorial_taskflow_api.py for tasks to queue
[2024-09-03T15:54:47.222+0000] {logging_mixin.py:190} INFO - [2024-09-03T15:54:47.221+0000] {dagbag.py:587} INFO - Filling up the DagBag from /home/airflow/.local/lib/python3.12/site-packages/airflow/example_dags/tutorial_taskflow_api.py
[2024-09-03T15:54:47.227+0000] {processor.py:925} INFO - DAG(s) 'tutorial_taskflow_api' retrieved from /home/airflow/.local/lib/python3.12/site-packages/airflow/example_dags/tutorial_taskflow_api.py
[2024-09-03T15:54:47.241+0000] {logging_mixin.py:190} INFO - [2024-09-03T15:54:47.241+0000] {dag.py:3211} INFO - Sync 1 DAGs
[2024-09-03T15:54:47.249+0000] {logging_mixin.py:190} INFO - [2024-09-03T15:54:47.249+0000] {dag.py:4138} INFO - Setting next_dagrun for tutorial_taskflow_api to None, run_after=None
[2024-09-03T15:54:47.258+0000] {processor.py:208} INFO - Processing /home/airflow/.local/lib/python3.12/site-packages/airflow/example_dags/tutorial_taskflow_api.py took 0.043 seconds
