[2024-09-03T15:48:36.685+0000] {processor.py:186} INFO - Started process (PID=32) to work on /home/airflow/.local/lib/python3.12/site-packages/airflow/example_dags/tutorial.py
[2024-09-03T15:48:36.687+0000] {processor.py:914} INFO - Processing file /home/airflow/.local/lib/python3.12/site-packages/airflow/example_dags/tutorial.py for tasks to queue
[2024-09-03T15:48:36.693+0000] {logging_mixin.py:190} INFO - [2024-09-03T15:48:36.692+0000] {dagbag.py:587} INFO - Filling up the DagBag from /home/airflow/.local/lib/python3.12/site-packages/airflow/example_dags/tutorial.py
[2024-09-03T15:48:36.702+0000] {processor.py:925} INFO - DAG(s) 'tutorial' retrieved from /home/airflow/.local/lib/python3.12/site-packages/airflow/example_dags/tutorial.py
[2024-09-03T15:48:36.801+0000] {logging_mixin.py:190} INFO - [2024-09-03T15:48:36.800+0000] {override.py:1858} INFO - Created Permission View: can edit on DAG:tutorial
[2024-09-03T15:48:36.805+0000] {logging_mixin.py:190} INFO - [2024-09-03T15:48:36.805+0000] {override.py:1858} INFO - Created Permission View: can read on DAG:tutorial
[2024-09-03T15:48:36.808+0000] {logging_mixin.py:190} INFO - [2024-09-03T15:48:36.808+0000] {override.py:1858} INFO - Created Permission View: can delete on DAG:tutorial
[2024-09-03T15:48:36.809+0000] {logging_mixin.py:190} INFO - [2024-09-03T15:48:36.809+0000] {dag.py:3211} INFO - Sync 1 DAGs
[2024-09-03T15:48:36.815+0000] {logging_mixin.py:190} INFO - [2024-09-03T15:48:36.815+0000] {dag.py:3234} INFO - Creating ORM DAG for tutorial
[2024-09-03T15:48:36.825+0000] {logging_mixin.py:190} INFO - [2024-09-03T15:48:36.824+0000] {dag.py:4138} INFO - Setting next_dagrun for tutorial to 2024-09-02 00:00:00+00:00, run_after=2024-09-03 00:00:00+00:00
[2024-09-03T15:48:36.850+0000] {processor.py:208} INFO - Processing /home/airflow/.local/lib/python3.12/site-packages/airflow/example_dags/tutorial.py took 0.191 seconds
[2024-09-03T15:49:06.991+0000] {processor.py:186} INFO - Started process (PID=94) to work on /home/airflow/.local/lib/python3.12/site-packages/airflow/example_dags/tutorial.py
[2024-09-03T15:49:06.992+0000] {processor.py:914} INFO - Processing file /home/airflow/.local/lib/python3.12/site-packages/airflow/example_dags/tutorial.py for tasks to queue
[2024-09-03T15:49:06.994+0000] {logging_mixin.py:190} INFO - [2024-09-03T15:49:06.994+0000] {dagbag.py:587} INFO - Filling up the DagBag from /home/airflow/.local/lib/python3.12/site-packages/airflow/example_dags/tutorial.py
[2024-09-03T15:49:07.002+0000] {processor.py:925} INFO - DAG(s) 'tutorial' retrieved from /home/airflow/.local/lib/python3.12/site-packages/airflow/example_dags/tutorial.py
[2024-09-03T15:49:07.018+0000] {logging_mixin.py:190} INFO - [2024-09-03T15:49:07.018+0000] {dag.py:3211} INFO - Sync 1 DAGs
[2024-09-03T15:49:07.031+0000] {logging_mixin.py:190} INFO - [2024-09-03T15:49:07.031+0000] {dag.py:4138} INFO - Setting next_dagrun for tutorial to 2024-09-02 00:00:00+00:00, run_after=2024-09-03 00:00:00+00:00
[2024-09-03T15:49:07.039+0000] {processor.py:208} INFO - Processing /home/airflow/.local/lib/python3.12/site-packages/airflow/example_dags/tutorial.py took 0.052 seconds
[2024-09-03T15:49:37.810+0000] {processor.py:186} INFO - Started process (PID=157) to work on /home/airflow/.local/lib/python3.12/site-packages/airflow/example_dags/tutorial.py
[2024-09-03T15:49:37.810+0000] {processor.py:914} INFO - Processing file /home/airflow/.local/lib/python3.12/site-packages/airflow/example_dags/tutorial.py for tasks to queue
[2024-09-03T15:49:37.812+0000] {logging_mixin.py:190} INFO - [2024-09-03T15:49:37.812+0000] {dagbag.py:587} INFO - Filling up the DagBag from /home/airflow/.local/lib/python3.12/site-packages/airflow/example_dags/tutorial.py
[2024-09-03T15:49:37.817+0000] {processor.py:925} INFO - DAG(s) 'tutorial' retrieved from /home/airflow/.local/lib/python3.12/site-packages/airflow/example_dags/tutorial.py
[2024-09-03T15:49:37.832+0000] {logging_mixin.py:190} INFO - [2024-09-03T15:49:37.832+0000] {dag.py:3211} INFO - Sync 1 DAGs
[2024-09-03T15:49:37.843+0000] {logging_mixin.py:190} INFO - [2024-09-03T15:49:37.843+0000] {dag.py:4138} INFO - Setting next_dagrun for tutorial to 2024-09-02 00:00:00+00:00, run_after=2024-09-03 00:00:00+00:00
[2024-09-03T15:49:37.852+0000] {processor.py:208} INFO - Processing /home/airflow/.local/lib/python3.12/site-packages/airflow/example_dags/tutorial.py took 0.046 seconds
[2024-09-03T15:50:08.830+0000] {processor.py:186} INFO - Started process (PID=219) to work on /home/airflow/.local/lib/python3.12/site-packages/airflow/example_dags/tutorial.py
[2024-09-03T15:50:08.831+0000] {processor.py:914} INFO - Processing file /home/airflow/.local/lib/python3.12/site-packages/airflow/example_dags/tutorial.py for tasks to queue
[2024-09-03T15:50:08.833+0000] {logging_mixin.py:190} INFO - [2024-09-03T15:50:08.833+0000] {dagbag.py:587} INFO - Filling up the DagBag from /home/airflow/.local/lib/python3.12/site-packages/airflow/example_dags/tutorial.py
[2024-09-03T15:50:08.839+0000] {processor.py:925} INFO - DAG(s) 'tutorial' retrieved from /home/airflow/.local/lib/python3.12/site-packages/airflow/example_dags/tutorial.py
[2024-09-03T15:50:08.854+0000] {logging_mixin.py:190} INFO - [2024-09-03T15:50:08.854+0000] {dag.py:3211} INFO - Sync 1 DAGs
[2024-09-03T15:50:08.866+0000] {logging_mixin.py:190} INFO - [2024-09-03T15:50:08.866+0000] {dag.py:4138} INFO - Setting next_dagrun for tutorial to 2024-09-02 00:00:00+00:00, run_after=2024-09-03 00:00:00+00:00
[2024-09-03T15:50:08.875+0000] {processor.py:208} INFO - Processing /home/airflow/.local/lib/python3.12/site-packages/airflow/example_dags/tutorial.py took 0.048 seconds
[2024-09-03T15:50:39.227+0000] {processor.py:186} INFO - Started process (PID=281) to work on /home/airflow/.local/lib/python3.12/site-packages/airflow/example_dags/tutorial.py
[2024-09-03T15:50:39.228+0000] {processor.py:914} INFO - Processing file /home/airflow/.local/lib/python3.12/site-packages/airflow/example_dags/tutorial.py for tasks to queue
[2024-09-03T15:50:39.229+0000] {logging_mixin.py:190} INFO - [2024-09-03T15:50:39.229+0000] {dagbag.py:587} INFO - Filling up the DagBag from /home/airflow/.local/lib/python3.12/site-packages/airflow/example_dags/tutorial.py
[2024-09-03T15:50:39.235+0000] {processor.py:925} INFO - DAG(s) 'tutorial' retrieved from /home/airflow/.local/lib/python3.12/site-packages/airflow/example_dags/tutorial.py
[2024-09-03T15:50:39.249+0000] {logging_mixin.py:190} INFO - [2024-09-03T15:50:39.249+0000] {dag.py:3211} INFO - Sync 1 DAGs
[2024-09-03T15:50:39.260+0000] {logging_mixin.py:190} INFO - [2024-09-03T15:50:39.260+0000] {dag.py:4138} INFO - Setting next_dagrun for tutorial to 2024-09-02 00:00:00+00:00, run_after=2024-09-03 00:00:00+00:00
[2024-09-03T15:50:39.268+0000] {processor.py:208} INFO - Processing /home/airflow/.local/lib/python3.12/site-packages/airflow/example_dags/tutorial.py took 0.045 seconds
[2024-09-03T15:51:10.218+0000] {processor.py:186} INFO - Started process (PID=344) to work on /home/airflow/.local/lib/python3.12/site-packages/airflow/example_dags/tutorial.py
[2024-09-03T15:51:10.219+0000] {processor.py:914} INFO - Processing file /home/airflow/.local/lib/python3.12/site-packages/airflow/example_dags/tutorial.py for tasks to queue
[2024-09-03T15:51:10.222+0000] {logging_mixin.py:190} INFO - [2024-09-03T15:51:10.221+0000] {dagbag.py:587} INFO - Filling up the DagBag from /home/airflow/.local/lib/python3.12/site-packages/airflow/example_dags/tutorial.py
[2024-09-03T15:51:10.229+0000] {processor.py:925} INFO - DAG(s) 'tutorial' retrieved from /home/airflow/.local/lib/python3.12/site-packages/airflow/example_dags/tutorial.py
[2024-09-03T15:51:10.247+0000] {logging_mixin.py:190} INFO - [2024-09-03T15:51:10.247+0000] {dag.py:3211} INFO - Sync 1 DAGs
[2024-09-03T15:51:10.259+0000] {logging_mixin.py:190} INFO - [2024-09-03T15:51:10.259+0000] {dag.py:4138} INFO - Setting next_dagrun for tutorial to 2024-09-02 00:00:00+00:00, run_after=2024-09-03 00:00:00+00:00
[2024-09-03T15:51:10.267+0000] {processor.py:208} INFO - Processing /home/airflow/.local/lib/python3.12/site-packages/airflow/example_dags/tutorial.py took 0.052 seconds
[2024-09-03T15:51:41.223+0000] {processor.py:186} INFO - Started process (PID=406) to work on /home/airflow/.local/lib/python3.12/site-packages/airflow/example_dags/tutorial.py
[2024-09-03T15:51:41.224+0000] {processor.py:914} INFO - Processing file /home/airflow/.local/lib/python3.12/site-packages/airflow/example_dags/tutorial.py for tasks to queue
[2024-09-03T15:51:41.227+0000] {logging_mixin.py:190} INFO - [2024-09-03T15:51:41.227+0000] {dagbag.py:587} INFO - Filling up the DagBag from /home/airflow/.local/lib/python3.12/site-packages/airflow/example_dags/tutorial.py
[2024-09-03T15:51:41.237+0000] {processor.py:925} INFO - DAG(s) 'tutorial' retrieved from /home/airflow/.local/lib/python3.12/site-packages/airflow/example_dags/tutorial.py
[2024-09-03T15:51:41.260+0000] {logging_mixin.py:190} INFO - [2024-09-03T15:51:41.260+0000] {dag.py:3211} INFO - Sync 1 DAGs
[2024-09-03T15:51:41.273+0000] {logging_mixin.py:190} INFO - [2024-09-03T15:51:41.273+0000] {dag.py:4138} INFO - Setting next_dagrun for tutorial to 2024-09-02 00:00:00+00:00, run_after=2024-09-03 00:00:00+00:00
[2024-09-03T15:51:41.282+0000] {processor.py:208} INFO - Processing /home/airflow/.local/lib/python3.12/site-packages/airflow/example_dags/tutorial.py took 0.064 seconds
[2024-09-03T15:52:11.566+0000] {processor.py:186} INFO - Started process (PID=468) to work on /home/airflow/.local/lib/python3.12/site-packages/airflow/example_dags/tutorial.py
[2024-09-03T15:52:11.567+0000] {processor.py:914} INFO - Processing file /home/airflow/.local/lib/python3.12/site-packages/airflow/example_dags/tutorial.py for tasks to queue
[2024-09-03T15:52:11.568+0000] {logging_mixin.py:190} INFO - [2024-09-03T15:52:11.568+0000] {dagbag.py:587} INFO - Filling up the DagBag from /home/airflow/.local/lib/python3.12/site-packages/airflow/example_dags/tutorial.py
[2024-09-03T15:52:11.573+0000] {processor.py:925} INFO - DAG(s) 'tutorial' retrieved from /home/airflow/.local/lib/python3.12/site-packages/airflow/example_dags/tutorial.py
[2024-09-03T15:52:11.587+0000] {logging_mixin.py:190} INFO - [2024-09-03T15:52:11.587+0000] {dag.py:3211} INFO - Sync 1 DAGs
[2024-09-03T15:52:11.598+0000] {logging_mixin.py:190} INFO - [2024-09-03T15:52:11.598+0000] {dag.py:4138} INFO - Setting next_dagrun for tutorial to 2024-09-02 00:00:00+00:00, run_after=2024-09-03 00:00:00+00:00
[2024-09-03T15:52:11.606+0000] {processor.py:208} INFO - Processing /home/airflow/.local/lib/python3.12/site-packages/airflow/example_dags/tutorial.py took 0.045 seconds
[2024-09-03T15:52:42.568+0000] {processor.py:186} INFO - Started process (PID=530) to work on /home/airflow/.local/lib/python3.12/site-packages/airflow/example_dags/tutorial.py
[2024-09-03T15:52:42.569+0000] {processor.py:914} INFO - Processing file /home/airflow/.local/lib/python3.12/site-packages/airflow/example_dags/tutorial.py for tasks to queue
[2024-09-03T15:52:42.571+0000] {logging_mixin.py:190} INFO - [2024-09-03T15:52:42.571+0000] {dagbag.py:587} INFO - Filling up the DagBag from /home/airflow/.local/lib/python3.12/site-packages/airflow/example_dags/tutorial.py
[2024-09-03T15:52:42.576+0000] {processor.py:925} INFO - DAG(s) 'tutorial' retrieved from /home/airflow/.local/lib/python3.12/site-packages/airflow/example_dags/tutorial.py
[2024-09-03T15:52:42.590+0000] {logging_mixin.py:190} INFO - [2024-09-03T15:52:42.590+0000] {dag.py:3211} INFO - Sync 1 DAGs
[2024-09-03T15:52:42.601+0000] {logging_mixin.py:190} INFO - [2024-09-03T15:52:42.601+0000] {dag.py:4138} INFO - Setting next_dagrun for tutorial to 2024-09-02 00:00:00+00:00, run_after=2024-09-03 00:00:00+00:00
[2024-09-03T15:52:42.609+0000] {processor.py:208} INFO - Processing /home/airflow/.local/lib/python3.12/site-packages/airflow/example_dags/tutorial.py took 0.044 seconds
[2024-09-03T15:53:13.564+0000] {processor.py:186} INFO - Started process (PID=591) to work on /home/airflow/.local/lib/python3.12/site-packages/airflow/example_dags/tutorial.py
[2024-09-03T15:53:13.565+0000] {processor.py:914} INFO - Processing file /home/airflow/.local/lib/python3.12/site-packages/airflow/example_dags/tutorial.py for tasks to queue
[2024-09-03T15:53:13.566+0000] {logging_mixin.py:190} INFO - [2024-09-03T15:53:13.566+0000] {dagbag.py:587} INFO - Filling up the DagBag from /home/airflow/.local/lib/python3.12/site-packages/airflow/example_dags/tutorial.py
[2024-09-03T15:53:13.572+0000] {processor.py:925} INFO - DAG(s) 'tutorial' retrieved from /home/airflow/.local/lib/python3.12/site-packages/airflow/example_dags/tutorial.py
[2024-09-03T15:53:13.587+0000] {logging_mixin.py:190} INFO - [2024-09-03T15:53:13.587+0000] {dag.py:3211} INFO - Sync 1 DAGs
[2024-09-03T15:53:13.599+0000] {logging_mixin.py:190} INFO - [2024-09-03T15:53:13.599+0000] {dag.py:4138} INFO - Setting next_dagrun for tutorial to 2024-09-02 00:00:00+00:00, run_after=2024-09-03 00:00:00+00:00
[2024-09-03T15:53:13.608+0000] {processor.py:208} INFO - Processing /home/airflow/.local/lib/python3.12/site-packages/airflow/example_dags/tutorial.py took 0.048 seconds
[2024-09-03T15:53:43.891+0000] {processor.py:186} INFO - Started process (PID=653) to work on /home/airflow/.local/lib/python3.12/site-packages/airflow/example_dags/tutorial.py
[2024-09-03T15:53:43.892+0000] {processor.py:914} INFO - Processing file /home/airflow/.local/lib/python3.12/site-packages/airflow/example_dags/tutorial.py for tasks to queue
[2024-09-03T15:53:43.893+0000] {logging_mixin.py:190} INFO - [2024-09-03T15:53:43.893+0000] {dagbag.py:587} INFO - Filling up the DagBag from /home/airflow/.local/lib/python3.12/site-packages/airflow/example_dags/tutorial.py
[2024-09-03T15:53:43.901+0000] {processor.py:925} INFO - DAG(s) 'tutorial' retrieved from /home/airflow/.local/lib/python3.12/site-packages/airflow/example_dags/tutorial.py
[2024-09-03T15:53:43.916+0000] {logging_mixin.py:190} INFO - [2024-09-03T15:53:43.916+0000] {dag.py:3211} INFO - Sync 1 DAGs
[2024-09-03T15:53:43.927+0000] {logging_mixin.py:190} INFO - [2024-09-03T15:53:43.927+0000] {dag.py:4138} INFO - Setting next_dagrun for tutorial to 2024-09-02 00:00:00+00:00, run_after=2024-09-03 00:00:00+00:00
[2024-09-03T15:53:43.936+0000] {processor.py:208} INFO - Processing /home/airflow/.local/lib/python3.12/site-packages/airflow/example_dags/tutorial.py took 0.049 seconds
[2024-09-03T15:54:14.978+0000] {processor.py:186} INFO - Started process (PID=715) to work on /home/airflow/.local/lib/python3.12/site-packages/airflow/example_dags/tutorial.py
[2024-09-03T15:54:14.979+0000] {processor.py:914} INFO - Processing file /home/airflow/.local/lib/python3.12/site-packages/airflow/example_dags/tutorial.py for tasks to queue
[2024-09-03T15:54:14.981+0000] {logging_mixin.py:190} INFO - [2024-09-03T15:54:14.981+0000] {dagbag.py:587} INFO - Filling up the DagBag from /home/airflow/.local/lib/python3.12/site-packages/airflow/example_dags/tutorial.py
[2024-09-03T15:54:14.988+0000] {processor.py:925} INFO - DAG(s) 'tutorial' retrieved from /home/airflow/.local/lib/python3.12/site-packages/airflow/example_dags/tutorial.py
[2024-09-03T15:54:15.005+0000] {logging_mixin.py:190} INFO - [2024-09-03T15:54:15.005+0000] {dag.py:3211} INFO - Sync 1 DAGs
[2024-09-03T15:54:15.019+0000] {logging_mixin.py:190} INFO - [2024-09-03T15:54:15.019+0000] {dag.py:4138} INFO - Setting next_dagrun for tutorial to 2024-09-02 00:00:00+00:00, run_after=2024-09-03 00:00:00+00:00
[2024-09-03T15:54:15.028+0000] {processor.py:208} INFO - Processing /home/airflow/.local/lib/python3.12/site-packages/airflow/example_dags/tutorial.py took 0.054 seconds
[2024-09-03T15:54:45.510+0000] {processor.py:186} INFO - Started process (PID=776) to work on /home/airflow/.local/lib/python3.12/site-packages/airflow/example_dags/tutorial.py
[2024-09-03T15:54:45.511+0000] {processor.py:914} INFO - Processing file /home/airflow/.local/lib/python3.12/site-packages/airflow/example_dags/tutorial.py for tasks to queue
[2024-09-03T15:54:45.513+0000] {logging_mixin.py:190} INFO - [2024-09-03T15:54:45.513+0000] {dagbag.py:587} INFO - Filling up the DagBag from /home/airflow/.local/lib/python3.12/site-packages/airflow/example_dags/tutorial.py
[2024-09-03T15:54:45.519+0000] {processor.py:925} INFO - DAG(s) 'tutorial' retrieved from /home/airflow/.local/lib/python3.12/site-packages/airflow/example_dags/tutorial.py
[2024-09-03T15:54:45.535+0000] {logging_mixin.py:190} INFO - [2024-09-03T15:54:45.535+0000] {dag.py:3211} INFO - Sync 1 DAGs
[2024-09-03T15:54:45.547+0000] {logging_mixin.py:190} INFO - [2024-09-03T15:54:45.547+0000] {dag.py:4138} INFO - Setting next_dagrun for tutorial to 2024-09-02 00:00:00+00:00, run_after=2024-09-03 00:00:00+00:00
[2024-09-03T15:54:45.556+0000] {processor.py:208} INFO - Processing /home/airflow/.local/lib/python3.12/site-packages/airflow/example_dags/tutorial.py took 0.051 seconds
